mode: atomic
github.com/Ashes47/braids/internal/core/model/model.go:54.49,56.28 2 5
github.com/Ashes47/braids/internal/core/model/model.go:56.28,57.53 1 16
github.com/Ashes47/braids/internal/core/model/model.go:57.53,58.12 1 7
github.com/Ashes47/braids/internal/core/model/model.go:60.3,60.19 1 9
github.com/Ashes47/braids/internal/core/model/model.go:60.19,61.12 1 3
github.com/Ashes47/braids/internal/core/model/model.go:63.3,63.18 1 6
github.com/Ashes47/braids/internal/core/model/model.go:63.18,65.4 1 3
github.com/Ashes47/braids/internal/core/model/model.go:66.3,66.24 1 6
github.com/Ashes47/braids/internal/core/model/model.go:68.2,68.19 1 5
github.com/Ashes47/braids/internal/core/model/model.go:71.54,72.29 1 12
github.com/Ashes47/braids/internal/core/model/model.go:72.29,73.16 1 14
github.com/Ashes47/braids/internal/core/model/model.go:73.16,75.4 1 5
github.com/Ashes47/braids/internal/core/model/model.go:77.2,77.14 1 7
github.com/Ashes47/braids/cmd/braids/main.go:54.13,55.52 1 0
github.com/Ashes47/braids/cmd/braids/main.go:55.52,58.3 2 0
github.com/Ashes47/braids/cmd/braids/main.go:61.44,63.20 2 16
github.com/Ashes47/braids/cmd/braids/main.go:63.20,65.3 1 0
github.com/Ashes47/braids/cmd/braids/main.go:66.2,66.17 1 16
github.com/Ashes47/braids/cmd/braids/main.go:67.13,68.31 1 1
github.com/Ashes47/braids/cmd/braids/main.go:69.15,70.33 1 3
github.com/Ashes47/braids/cmd/braids/main.go:71.16,72.34 1 8
github.com/Ashes47/braids/cmd/braids/main.go:73.15,74.33 1 1
github.com/Ashes47/braids/cmd/braids/main.go:75.17,77.19 2 0
github.com/Ashes47/braids/cmd/braids/main.go:78.30,80.19 2 2
github.com/Ashes47/braids/cmd/braids/main.go:81.10,82.70 1 1
github.com/Ashes47/braids/cmd/braids/main.go:90.67,92.6 2 8
github.com/Ashes47/braids/cmd/braids/main.go:92.6,93.40 1 16
github.com/Ashes47/braids/cmd/braids/main.go:93.40,95.4 1 0
github.com/Ashes47/braids/cmd/braids/main.go:96.3,97.21 2 16
github.com/Ashes47/braids/cmd/braids/main.go:97.21,99.4 1 8
github.com/Ashes47/braids/cmd/braids/main.go:100.3,101.18 2 8
github.com/Ashes47/braids/cmd/braids/main.go:106.34,107.42 1 0
github.com/Ashes47/braids/cmd/braids/main.go:107.42,109.3 1 0
github.com/Ashes47/braids/cmd/braids/main.go:110.2,111.16 2 0
github.com/Ashes47/braids/cmd/braids/main.go:111.16,113.3 1 0
github.com/Ashes47/braids/cmd/braids/main.go:114.2,115.48 2 0
github.com/Ashes47/braids/cmd/braids/main.go:115.48,117.3 1 0
github.com/Ashes47/braids/cmd/braids/main.go:118.2,118.44 1 0
github.com/Ashes47/braids/cmd/braids/main.go:122.47,123.18 1 11
github.com/Ashes47/braids/cmd/braids/main.go:123.18,125.3 1 11
github.com/Ashes47/braids/cmd/braids/main.go:126.2,126.20 1 0
github.com/Ashes47/braids/cmd/braids/main.go:130.53,132.16 2 10
github.com/Ashes47/braids/cmd/braids/main.go:132.16,134.3 1 0
github.com/Ashes47/braids/cmd/braids/main.go:135.2,135.25 1 10
github.com/Ashes47/braids/cmd/braids/main.go:138.48,145.39 7 1
github.com/Ashes47/braids/cmd/braids/main.go:145.39,147.3 1 0
github.com/Ashes47/braids/cmd/braids/main.go:148.2,149.16 2 1
github.com/Ashes47/braids/cmd/braids/main.go:149.16,151.3 1 0
github.com/Ashes47/braids/cmd/braids/main.go:152.2,153.16 2 1
github.com/Ashes47/braids/cmd/braids/main.go:153.16,155.3 1 0
github.com/Ashes47/braids/cmd/braids/main.go:156.2,160.13 4 1
github.com/Ashes47/braids/cmd/braids/main.go:160.13,162.3 1 1
github.com/Ashes47/braids/cmd/braids/main.go:163.2,164.16 2 0
github.com/Ashes47/braids/cmd/braids/main.go:164.16,166.3 1 0
github.com/Ashes47/braids/cmd/braids/main.go:167.2,168.18 2 0
github.com/Ashes47/braids/cmd/braids/main.go:171.50,176.39 5 3
github.com/Ashes47/braids/cmd/braids/main.go:176.39,178.3 1 0
github.com/Ashes47/braids/cmd/braids/main.go:180.2,181.15 2 3
github.com/Ashes47/braids/cmd/braids/main.go:181.15,183.54 2 0
github.com/Ashes47/braids/cmd/braids/main.go:183.54,185.4 1 0
github.com/Ashes47/braids/cmd/braids/main.go:187.2,188.16 2 3
github.com/Ashes47/braids/cmd/braids/main.go:188.16,190.3 1 0
github.com/Ashes47/braids/cmd/braids/main.go:191.2,194.16 3 3
github.com/Ashes47/braids/cmd/braids/main.go:194.16,196.3 1 0
github.com/Ashes47/braids/cmd/braids/main.go:197.2,199.18 2 3
github.com/Ashes47/braids/cmd/braids/main.go:202.51,210.16 8 8
github.com/Ashes47/braids/cmd/braids/main.go:210.16,212.3 1 0
github.com/Ashes47/braids/cmd/braids/main.go:213.2,214.36 2 8
github.com/Ashes47/braids/cmd/braids/main.go:214.36,216.3 1 1
github.com/Ashes47/braids/cmd/braids/main.go:217.2,218.16 2 7
github.com/Ashes47/braids/cmd/braids/main.go:218.16,220.3 1 1
github.com/Ashes47/braids/cmd/braids/main.go:222.2,223.16 2 6
github.com/Ashes47/braids/cmd/braids/main.go:223.16,225.3 1 0
github.com/Ashes47/braids/cmd/braids/main.go:226.2,231.16 4 6
github.com/Ashes47/braids/cmd/braids/main.go:231.16,233.3 1 0
github.com/Ashes47/braids/cmd/braids/main.go:234.2,234.20 1 6
github.com/Ashes47/braids/cmd/braids/main.go:234.20,237.3 2 1
github.com/Ashes47/braids/cmd/braids/main.go:239.2,240.25 2 5
github.com/Ashes47/braids/cmd/braids/main.go:240.25,242.92 1 7
github.com/Ashes47/braids/cmd/braids/main.go:242.92,244.4 1 0
github.com/Ashes47/braids/cmd/braids/main.go:246.2,246.35 1 5
github.com/Ashes47/braids/cmd/braids/main.go:246.35,248.3 1 0
github.com/Ashes47/braids/cmd/braids/main.go:249.2,250.18 2 5
github.com/Ashes47/braids/cmd/braids/main.go:253.50,257.39 4 1
github.com/Ashes47/braids/cmd/braids/main.go:257.39,259.3 1 0
github.com/Ashes47/braids/cmd/braids/main.go:260.2,261.16 2 1
github.com/Ashes47/braids/cmd/braids/main.go:261.16,263.3 1 0
github.com/Ashes47/braids/cmd/braids/main.go:264.2,267.16 3 1
github.com/Ashes47/braids/cmd/braids/main.go:267.16,269.3 1 0
github.com/Ashes47/braids/cmd/braids/main.go:270.2,270.21 1 1
github.com/Ashes47/braids/cmd/braids/main.go:270.21,273.3 2 0
github.com/Ashes47/braids/cmd/braids/main.go:274.2,276.26 3 1
github.com/Ashes47/braids/cmd/braids/main.go:276.26,279.3 1 1
github.com/Ashes47/braids/cmd/braids/main.go:280.2,280.25 1 1
github.com/Ashes47/braids/cmd/braids/main.go:280.25,281.48 1 2
github.com/Ashes47/braids/cmd/braids/main.go:281.48,283.4 1 0
github.com/Ashes47/braids/cmd/braids/main.go:285.2,285.35 1 1
github.com/Ashes47/braids/cmd/braids/main.go:285.35,287.3 1 0
github.com/Ashes47/braids/cmd/braids/main.go:288.2,289.18 2 1
github.com/Ashes47/braids/cmd/braids/main.go:294.53,295.32 1 9
github.com/Ashes47/braids/cmd/braids/main.go:295.32,297.3 1 6
github.com/Ashes47/braids/cmd/braids/main.go:298.2,305.44 3 3
github.com/Ashes47/braids/cmd/braids/main.go:305.44,307.17 2 4
github.com/Ashes47/braids/cmd/braids/main.go:307.17,308.12 1 0
github.com/Ashes47/braids/cmd/braids/main.go:310.3,311.10 2 4
github.com/Ashes47/braids/cmd/braids/main.go:311.10,313.4 1 1
github.com/Ashes47/braids/cmd/braids/main.go:314.3,314.27 1 3
github.com/Ashes47/braids/cmd/braids/main.go:316.2,316.19 1 2
github.com/Ashes47/braids/cmd/braids/main.go:319.36,320.23 1 7
github.com/Ashes47/braids/cmd/braids/main.go:320.23,322.3 1 7
github.com/Ashes47/braids/cmd/braids/main.go:323.2,323.26 1 0
github.com/Ashes47/braids/cmd/braids/main.go:326.36,327.49 1 7
github.com/Ashes47/braids/cmd/braids/main.go:327.49,329.3 1 5
github.com/Ashes47/braids/cmd/braids/main.go:330.2,330.23 1 2
github.com/Ashes47/braids/cmd/braids/main.go:333.32,333.58 1 1
github.com/Ashes47/braids/cmd/braids/main.go:335.31,337.2 1 7
github.com/Ashes47/braids/cmd/braids/main.go:339.39,341.17 2 23
github.com/Ashes47/braids/cmd/braids/main.go:341.17,343.3 1 21
github.com/Ashes47/braids/cmd/braids/main.go:344.2,344.12 1 2
github.com/Ashes47/braids/cmd/braids/main.go:344.12,346.3 1 0
github.com/Ashes47/braids/cmd/braids/main.go:347.2,347.32 1 2
github.com/Ashes47/braids/cmd/braids/print.go:20.39,20.64 1 16
github.com/Ashes47/braids/cmd/braids/print.go:23.48,24.18 1 82
github.com/Ashes47/braids/cmd/braids/print.go:24.18,26.3 1 0
github.com/Ashes47/braids/cmd/braids/print.go:27.2,28.16 2 82
github.com/Ashes47/braids/cmd/braids/print.go:28.16,30.3 1 0
github.com/Ashes47/braids/cmd/braids/print.go:31.2,31.15 1 82
github.com/Ashes47/braids/cmd/braids/print.go:34.51,35.18 1 12
github.com/Ashes47/braids/cmd/braids/print.go:35.18,37.3 1 12
github.com/Ashes47/braids/cmd/braids/print.go:41.31,41.47 1 12
github.com/Ashes47/braids/internal/core/index/index.go:116.40,118.16 2 5
github.com/Ashes47/braids/internal/core/index/index.go:118.16,120.3 1 0
github.com/Ashes47/braids/internal/core/index/index.go:121.2,124.4 1 5
github.com/Ashes47/braids/internal/core/index/index.go:124.4,125.44 1 10
github.com/Ashes47/braids/internal/core/index/index.go:125.44,127.4 1 0
github.com/Ashes47/braids/internal/core/index/index.go:129.2,129.36 1 5
github.com/Ashes47/braids/internal/core/index/index.go:129.36,131.3 1 0
github.com/Ashes47/braids/internal/core/index/index.go:132.2,132.28 1 5
github.com/Ashes47/braids/internal/core/index/index.go:138.32,140.74 2 5
github.com/Ashes47/braids/internal/core/index/index.go:140.74,142.3 1 0
github.com/Ashes47/braids/internal/core/index/index.go:143.2,143.30 1 5
github.com/Ashes47/braids/internal/core/index/index.go:143.30,144.45 1 5
github.com/Ashes47/braids/internal/core/index/index.go:144.45,146.4 1 0
github.com/Ashes47/braids/internal/core/index/index.go:148.2,148.43 1 5
github.com/Ashes47/braids/internal/core/index/index.go:148.43,150.3 1 0
github.com/Ashes47/braids/internal/core/index/index.go:151.2,151.89 1 5
github.com/Ashes47/braids/internal/core/index/index.go:151.89,153.3 1 0
github.com/Ashes47/braids/internal/core/index/index.go:154.2,154.12 1 5
github.com/Ashes47/braids/internal/core/index/index.go:158.32,158.56 1 5
github.com/Ashes47/braids/internal/core/index/index.go:163.80,166.16 3 6
github.com/Ashes47/braids/internal/core/index/index.go:166.16,168.3 1 0
github.com/Ashes47/braids/internal/core/index/index.go:170.2,171.16 2 6
github.com/Ashes47/braids/internal/core/index/index.go:171.16,173.3 1 0
github.com/Ashes47/braids/internal/core/index/index.go:174.2,176.98 2 6
github.com/Ashes47/braids/internal/core/index/index.go:176.98,177.54 1 18
github.com/Ashes47/braids/internal/core/index/index.go:177.54,179.4 1 0
github.com/Ashes47/braids/internal/core/index/index.go:181.2,184.16 2 6
github.com/Ashes47/braids/internal/core/index/index.go:184.16,186.3 1 0
github.com/Ashes47/braids/internal/core/index/index.go:187.2,190.16 3 6
github.com/Ashes47/braids/internal/core/index/index.go:190.16,192.3 1 0
github.com/Ashes47/braids/internal/core/index/index.go:193.2,196.16 3 6
github.com/Ashes47/braids/internal/core/index/index.go:196.16,198.3 1 0
github.com/Ashes47/braids/internal/core/index/index.go:199.2,202.29 3 6
github.com/Ashes47/braids/internal/core/index/index.go:202.29,204.62 2 13
github.com/Ashes47/braids/internal/core/index/index.go:204.62,208.58 3 20
github.com/Ashes47/braids/internal/core/index/index.go:208.58,210.5 1 0
github.com/Ashes47/braids/internal/core/index/index.go:211.4,211.30 1 20
github.com/Ashes47/braids/internal/core/index/index.go:211.30,212.40 1 30
github.com/Ashes47/braids/internal/core/index/index.go:212.40,213.14 1 5
github.com/Ashes47/braids/internal/core/index/index.go:215.5,216.71 1 25
github.com/Ashes47/braids/internal/core/index/index.go:216.71,218.6 1 0
github.com/Ashes47/braids/internal/core/index/index.go:219.5,220.16 2 25
github.com/Ashes47/braids/internal/core/index/index.go:222.4,222.14 1 20
github.com/Ashes47/braids/internal/core/index/index.go:224.3,224.17 1 13
github.com/Ashes47/braids/internal/core/index/index.go:224.17,226.4 1 0
github.com/Ashes47/braids/internal/core/index/index.go:227.3,229.48 1 13
github.com/Ashes47/braids/internal/core/index/index.go:229.48,231.4 1 0
github.com/Ashes47/braids/internal/core/index/index.go:233.2,233.36 1 6
github.com/Ashes47/braids/internal/core/index/index.go:233.36,235.3 1 0
github.com/Ashes47/braids/internal/core/index/index.go:236.2,237.19 2 6
github.com/Ashes47/braids/internal/core/index/index.go:241.70,242.37 1 5
github.com/Ashes47/braids/internal/core/index/index.go:242.37,244.3 1 1
github.com/Ashes47/braids/internal/core/index/index.go:245.2,246.16 2 4
github.com/Ashes47/braids/internal/core/index/index.go:246.16,248.3 1 4
github.com/Ashes47/braids/internal/core/index/index.go:250.2,254.18 2 4
github.com/Ashes47/braids/internal/core/index/index.go:254.18,257.3 2 1
github.com/Ashes47/braids/internal/core/index/index.go:258.2,258.22 1 4
github.com/Ashes47/braids/internal/core/index/index.go:258.22,260.29 2 1
github.com/Ashes47/braids/internal/core/index/index.go:260.29,263.4 2 1
github.com/Ashes47/braids/internal/core/index/index.go:264.3,264.72 1 1
github.com/Ashes47/braids/internal/core/index/index.go:266.2,277.16 4 4
github.com/Ashes47/braids/internal/core/index/index.go:277.16,279.3 1 0
github.com/Ashes47/braids/internal/core/index/index.go:280.2,283.18 3 4
github.com/Ashes47/braids/internal/core/index/index.go:283.18,288.56 4 6
github.com/Ashes47/braids/internal/core/index/index.go:288.56,290.4 1 0
github.com/Ashes47/braids/internal/core/index/index.go:291.3,294.25 4 6
github.com/Ashes47/braids/internal/core/index/index.go:296.2,296.35 1 4
github.com/Ashes47/braids/internal/core/index/index.go:296.35,298.3 1 0
github.com/Ashes47/braids/internal/core/index/index.go:299.2,299.18 1 4
github.com/Ashes47/braids/internal/core/index/index.go:304.67,311.16 2 1
github.com/Ashes47/braids/internal/core/index/index.go:311.16,313.3 1 0
github.com/Ashes47/braids/internal/core/index/index.go:314.2,317.18 3 1
github.com/Ashes47/braids/internal/core/index/index.go:317.18,319.68 2 2
github.com/Ashes47/braids/internal/core/index/index.go:319.68,321.4 1 0
github.com/Ashes47/braids/internal/core/index/index.go:322.3,322.23 1 2
github.com/Ashes47/braids/internal/core/index/index.go:324.2,324.35 1 1
github.com/Ashes47/braids/internal/core/index/index.go:324.35,326.3 1 0
github.com/Ashes47/braids/internal/core/index/index.go:327.2,327.17 1 1
github.com/Ashes47/braids/internal/core/index/index.go:333.81,336.16 2 0
github.com/Ashes47/braids/internal/core/index/index.go:336.16,338.3 1 0
github.com/Ashes47/braids/internal/core/index/index.go:339.2,342.18 3 0
github.com/Ashes47/braids/internal/core/index/index.go:342.18,345.47 3 0
github.com/Ashes47/braids/internal/core/index/index.go:345.47,347.4 1 0
github.com/Ashes47/braids/internal/core/index/index.go:348.3,348.50 1 0
github.com/Ashes47/braids/internal/core/index/index.go:350.2,350.35 1 0
github.com/Ashes47/braids/internal/core/index/index.go:350.35,352.3 1 0
github.com/Ashes47/braids/internal/core/index/index.go:353.2,353.17 1 0
github.com/Ashes47/braids/internal/core/index/index.go:357.65,360.16 2 2
github.com/Ashes47/braids/internal/core/index/index.go:360.16,362.3 1 0
github.com/Ashes47/braids/internal/core/index/index.go:363.2,366.18 3 2
github.com/Ashes47/braids/internal/core/index/index.go:366.18,370.68 3 4
github.com/Ashes47/braids/internal/core/index/index.go:370.68,372.4 1 0
github.com/Ashes47/braids/internal/core/index/index.go:373.3,373.18 1 4
github.com/Ashes47/braids/internal/core/index/index.go:373.18,375.4 1 0
github.com/Ashes47/braids/internal/core/index/index.go:376.3,377.27 2 4
github.com/Ashes47/braids/internal/core/index/index.go:379.2,379.35 1 2
github.com/Ashes47/braids/internal/core/index/index.go:379.35,381.3 1 0
github.com/Ashes47/braids/internal/core/index/index.go:382.2,382.19 1 2
github.com/Ashes47/braids/internal/core/index/index.go:386.36,387.16 1 13
github.com/Ashes47/braids/internal/core/index/index.go:387.16,389.3 1 13
github.com/Ashes47/braids/internal/core/index/index.go:390.2,390.17 1 0
github.com/Ashes47/braids/internal/core/index/index.go:395.30,396.36 1 11
github.com/Ashes47/braids/internal/core/index/index.go:396.36,398.3 1 3
github.com/Ashes47/braids/internal/core/index/index.go:399.2,399.38 1 8
github.com/Ashes47/braids/internal/core/index/index.go:399.38,400.12 1 10
github.com/Ashes47/braids/internal/core/index/index.go:401.27,402.15 1 1
github.com/Ashes47/braids/internal/core/index/index.go:404.3,404.36 1 9
github.com/Ashes47/braids/internal/core/index/index.go:404.36,406.4 1 0
github.com/Ashes47/braids/internal/core/index/index.go:408.2,408.14 1 7
github.com/Ashes47/braids/internal/core/index/index.go:414.34,416.17 2 11
github.com/Ashes47/braids/internal/core/index/index.go:416.17,418.3 1 4
github.com/Ashes47/braids/internal/core/index/index.go:419.2,421.27 3 7
github.com/Ashes47/braids/internal/core/index/index.go:421.27,423.3 1 8
github.com/Ashes47/braids/internal/core/index/index.go:424.2,424.34 1 7
github.com/Ashes47/braids/internal/tui/chrome.go:28.31,35.2 1 7
github.com/Ashes47/braids/internal/tui/chrome.go:37.21,44.2 1 7
github.com/Ashes47/braids/internal/tui/chrome.go:49.30,52.25 3 7
github.com/Ashes47/braids/internal/tui/chrome.go:52.25,54.3 1 28
github.com/Ashes47/braids/internal/tui/chrome.go:56.2,57.27 2 7
github.com/Ashes47/braids/internal/tui/chrome.go:57.27,59.21 2 28
github.com/Ashes47/braids/internal/tui/chrome.go:59.21,62.4 1 28
github.com/Ashes47/braids/internal/tui/chrome.go:63.3,64.20 2 28
github.com/Ashes47/braids/internal/tui/chrome.go:64.20,67.4 1 28
github.com/Ashes47/braids/internal/tui/chrome.go:68.3,68.60 1 28
github.com/Ashes47/braids/internal/tui/chrome.go:70.2,70.34 1 7
github.com/Ashes47/braids/internal/tui/chrome.go:74.36,76.20 2 7
github.com/Ashes47/braids/internal/tui/chrome.go:76.20,78.3 1 2
github.com/Ashes47/braids/internal/tui/chrome.go:79.2,79.68 1 7
github.com/Ashes47/braids/internal/tui/chrome.go:82.34,85.14 3 7
github.com/Ashes47/braids/internal/tui/chrome.go:85.14,87.3 1 0
github.com/Ashes47/braids/internal/tui/chrome.go:88.2,89.59 1 7
github.com/Ashes47/braids/internal/tui/chrome.go:92.37,94.2 1 7
github.com/Ashes47/braids/internal/tui/chrome.go:98.46,101.2 2 84
github.com/Ashes47/braids/internal/tui/chrome.go:104.36,105.17 1 7
github.com/Ashes47/braids/internal/tui/chrome.go:105.17,108.3 1 1
github.com/Ashes47/braids/internal/tui/chrome.go:109.2,109.25 1 6
github.com/Ashes47/braids/internal/tui/chrome.go:109.25,111.3 1 1
github.com/Ashes47/braids/internal/tui/chrome.go:112.2,113.44 2 5
github.com/Ashes47/braids/internal/tui/chrome.go:117.34,118.87 1 9
github.com/Ashes47/braids/internal/tui/chrome.go:118.87,120.3 1 1
github.com/Ashes47/braids/internal/tui/chrome.go:121.2,121.13 1 8
github.com/Ashes47/braids/internal/tui/map.go:71.52,85.2 5 9
github.com/Ashes47/braids/internal/tui/map.go:88.27,91.26 3 9
github.com/Ashes47/braids/internal/tui/map.go:91.26,92.28 1 19
github.com/Ashes47/braids/internal/tui/map.go:92.28,94.4 1 1
github.com/Ashes47/braids/internal/tui/map.go:95.3,96.45 2 19
github.com/Ashes47/braids/internal/tui/map.go:98.2,100.31 3 9
github.com/Ashes47/braids/internal/tui/map.go:100.31,101.27 1 14
github.com/Ashes47/braids/internal/tui/map.go:101.27,103.4 1 2
github.com/Ashes47/braids/internal/tui/map.go:108.31,108.68 1 0
github.com/Ashes47/braids/internal/tui/map.go:111.57,112.27 1 5
github.com/Ashes47/braids/internal/tui/map.go:113.30,114.44 1 0
github.com/Ashes47/braids/internal/tui/map.go:115.25,117.12 2 0
github.com/Ashes47/braids/internal/tui/map.go:118.23,119.20 1 5
github.com/Ashes47/braids/internal/tui/map.go:121.2,121.15 1 0
github.com/Ashes47/braids/internal/tui/map.go:125.32,127.2 1 0
github.com/Ashes47/braids/internal/tui/map.go:129.62,130.17 1 5
github.com/Ashes47/braids/internal/tui/map.go:130.17,132.3 1 4
github.com/Ashes47/braids/internal/tui/map.go:133.2,133.22 1 1
github.com/Ashes47/braids/internal/tui/map.go:134.21,135.21 1 0
github.com/Ashes47/braids/internal/tui/map.go:136.19,137.13 1 0
github.com/Ashes47/braids/internal/tui/map.go:138.17,139.13 1 0
github.com/Ashes47/braids/internal/tui/map.go:140.19,141.15 1 0
github.com/Ashes47/braids/internal/tui/map.go:142.18,143.32 1 0
github.com/Ashes47/braids/internal/tui/map.go:144.26,145.33 1 0
github.com/Ashes47/braids/internal/tui/map.go:146.24,147.33 1 0
github.com/Ashes47/braids/internal/tui/map.go:148.11,149.21 1 1
github.com/Ashes47/braids/internal/tui/map.go:150.13,152.12 2 0
github.com/Ashes47/braids/internal/tui/map.go:154.2,155.15 2 1
github.com/Ashes47/braids/internal/tui/map.go:158.68,159.22 1 4
github.com/Ashes47/braids/internal/tui/map.go:160.13,161.36 1 1
github.com/Ashes47/braids/internal/tui/map.go:162.15,163.22 1 0
github.com/Ashes47/braids/internal/tui/map.go:164.16,165.21 1 0
github.com/Ashes47/braids/internal/tui/map.go:166.19,167.40 1 0
github.com/Ashes47/braids/internal/tui/map.go:167.40,169.4 1 0
github.com/Ashes47/braids/internal/tui/map.go:170.10,171.37 1 3
github.com/Ashes47/braids/internal/tui/map.go:171.37,173.4 1 3
github.com/Ashes47/braids/internal/tui/map.go:175.2,177.15 3 4
github.com/Ashes47/braids/internal/tui/map.go:182.25,183.20 1 5
github.com/Ashes47/braids/internal/tui/map.go:183.20,186.3 2 1
github.com/Ashes47/braids/internal/tui/map.go:187.2,189.26 3 4
github.com/Ashes47/braids/internal/tui/map.go:189.26,192.36 3 7
github.com/Ashes47/braids/internal/tui/map.go:192.36,194.4 1 4
github.com/Ashes47/braids/internal/tui/map.go:198.25,199.32 1 45
github.com/Ashes47/braids/internal/tui/map.go:199.32,201.3 1 16
github.com/Ashes47/braids/internal/tui/map.go:202.2,202.18 1 45
github.com/Ashes47/braids/internal/tui/map.go:202.18,204.3 1 16
github.com/Ashes47/braids/internal/tui/map.go:205.2,206.25 2 45
github.com/Ashes47/braids/internal/tui/map.go:206.25,208.3 1 3
github.com/Ashes47/braids/internal/tui/map.go:209.2,209.28 1 45
github.com/Ashes47/braids/internal/tui/map.go:209.28,211.3 1 3
github.com/Ashes47/braids/internal/tui/map.go:212.2,212.18 1 45
github.com/Ashes47/braids/internal/tui/map.go:212.18,214.3 1 0
github.com/Ashes47/braids/internal/tui/map.go:218.33,220.11 2 59
github.com/Ashes47/braids/internal/tui/map.go:220.11,222.3 1 0
github.com/Ashes47/braids/internal/tui/map.go:223.2,223.10 1 59
github.com/Ashes47/braids/internal/tui/map.go:227.35,229.12 2 32
github.com/Ashes47/braids/internal/tui/map.go:229.12,231.3 1 0
github.com/Ashes47/braids/internal/tui/map.go:232.2,232.10 1 32
github.com/Ashes47/braids/internal/tui/map.go:235.32,245.25 9 7
github.com/Ashes47/braids/internal/tui/map.go:245.25,249.32 4 1
github.com/Ashes47/braids/internal/tui/map.go:249.32,251.4 1 10
github.com/Ashes47/braids/internal/tui/map.go:252.8,254.35 2 6
github.com/Ashes47/braids/internal/tui/map.go:254.35,257.4 2 11
github.com/Ashes47/braids/internal/tui/map.go:258.3,258.47 1 6
github.com/Ashes47/braids/internal/tui/map.go:258.47,260.4 1 55
github.com/Ashes47/braids/internal/tui/map.go:262.2,265.19 4 7
github.com/Ashes47/braids/internal/tui/map.go:268.38,269.20 1 2
github.com/Ashes47/braids/internal/tui/map.go:269.20,271.3 1 2
github.com/Ashes47/braids/internal/tui/map.go:272.2,272.61 1 0
github.com/Ashes47/braids/internal/tui/map.go:275.34,277.26 2 7
github.com/Ashes47/braids/internal/tui/map.go:277.26,278.25 1 13
github.com/Ashes47/braids/internal/tui/map.go:278.25,280.4 1 1
github.com/Ashes47/braids/internal/tui/map.go:282.2,282.10 1 7
github.com/Ashes47/braids/internal/tui/map.go:285.45,287.2 1 35
github.com/Ashes47/braids/internal/tui/map.go:292.55,294.14 2 11
github.com/Ashes47/braids/internal/tui/map.go:294.14,296.3 1 6
github.com/Ashes47/braids/internal/tui/map.go:297.2,297.15 1 5
github.com/Ashes47/braids/internal/tui/map.go:300.55,305.24 4 11
github.com/Ashes47/braids/internal/tui/map.go:305.24,307.3 1 1
github.com/Ashes47/braids/internal/tui/map.go:309.2,310.17 2 11
github.com/Ashes47/braids/internal/tui/map.go:310.17,312.3 1 0
github.com/Ashes47/braids/internal/tui/map.go:315.2,316.29 2 11
github.com/Ashes47/braids/internal/tui/map.go:316.29,318.3 1 2
github.com/Ashes47/braids/internal/tui/map.go:320.2,322.16 3 11
github.com/Ashes47/braids/internal/tui/map.go:322.16,324.28 2 2
github.com/Ashes47/braids/internal/tui/map.go:324.28,326.4 1 1
github.com/Ashes47/braids/internal/tui/map.go:327.3,330.30 4 2
github.com/Ashes47/braids/internal/tui/map.go:332.2,332.19 1 11
github.com/Ashes47/braids/internal/tui/map.go:332.19,337.3 4 2
github.com/Ashes47/braids/internal/tui/map.go:338.2,342.24 5 11
github.com/Ashes47/braids/internal/tui/map.go:342.24,344.3 1 1
github.com/Ashes47/braids/internal/tui/map.go:345.2,354.20 6 11
github.com/Ashes47/braids/internal/tui/map.go:354.20,356.3 1 0
github.com/Ashes47/braids/internal/tui/map.go:357.2,360.20 3 11
github.com/Ashes47/braids/internal/tui/map.go:360.20,362.3 1 1
github.com/Ashes47/braids/internal/tui/map.go:363.2,366.22 3 11
github.com/Ashes47/braids/internal/tui/map.go:370.33,372.16 2 7
github.com/Ashes47/braids/internal/tui/map.go:372.16,374.3 1 1
github.com/Ashes47/braids/internal/tui/map.go:375.2,375.19 1 7
github.com/Ashes47/braids/internal/tui/map.go:375.19,377.3 1 1
github.com/Ashes47/braids/internal/tui/map.go:378.2,382.19 3 7
github.com/Ashes47/braids/internal/tui/map.go:382.19,384.3 1 0
github.com/Ashes47/braids/internal/tui/map.go:385.2,385.88 1 7
github.com/Ashes47/braids/internal/tui/map.go:389.32,390.18 1 2
github.com/Ashes47/braids/internal/tui/map.go:390.18,392.3 1 0
github.com/Ashes47/braids/internal/tui/map.go:393.2,393.15 1 2
github.com/Ashes47/braids/internal/tui/map.go:398.46,401.69 3 10
github.com/Ashes47/braids/internal/tui/map.go:401.69,403.16 2 22
github.com/Ashes47/braids/internal/tui/map.go:403.16,405.12 2 3
github.com/Ashes47/braids/internal/tui/map.go:405.12,407.5 1 2
github.com/Ashes47/braids/internal/tui/map.go:409.3,412.16 3 22
github.com/Ashes47/braids/internal/tui/map.go:412.16,414.12 2 3
github.com/Ashes47/braids/internal/tui/map.go:414.12,416.5 1 2
github.com/Ashes47/braids/internal/tui/map.go:418.3,418.32 1 22
github.com/Ashes47/braids/internal/tui/map.go:418.32,420.4 1 3
github.com/Ashes47/braids/internal/tui/map.go:422.2,422.28 1 10
github.com/Ashes47/braids/internal/tui/map.go:422.28,424.3 1 19
github.com/Ashes47/braids/internal/tui/map.go:425.2,425.12 1 10
github.com/Ashes47/braids/internal/tui/map.go:429.33,430.9 1 15
github.com/Ashes47/braids/internal/tui/map.go:431.18,432.52 1 1
github.com/Ashes47/braids/internal/tui/map.go:433.18,434.52 1 1
github.com/Ashes47/braids/internal/tui/map.go:435.18,436.52 1 1
github.com/Ashes47/braids/internal/tui/map.go:437.10,438.32 1 12
github.com/Ashes47/braids/internal/tui/map.go:446.39,447.9 1 15
github.com/Ashes47/braids/internal/tui/map.go:448.23,449.15 1 1
github.com/Ashes47/braids/internal/tui/map.go:450.21,451.46 1 2
github.com/Ashes47/braids/internal/tui/map.go:452.24,453.44 1 10
github.com/Ashes47/braids/internal/tui/map.go:454.10,455.47 1 2
github.com/Ashes47/braids/internal/tui/map.go:460.51,462.13 2 28
github.com/Ashes47/braids/internal/tui/map.go:462.13,464.3 1 0
github.com/Ashes47/braids/internal/tui/map.go:465.2,465.48 1 28
github.com/Ashes47/braids/internal/tui/map.go:470.43,471.32 1 17
github.com/Ashes47/braids/internal/tui/map.go:471.32,473.3 1 15
github.com/Ashes47/braids/internal/tui/map.go:474.2,474.16 1 2
github.com/Ashes47/braids/internal/tui/map.go:474.16,476.3 1 0
github.com/Ashes47/braids/internal/tui/map.go:477.2,479.22 3 2
github.com/Ashes47/braids/internal/tui/map.go:479.22,481.23 2 12
github.com/Ashes47/braids/internal/tui/map.go:481.23,482.9 1 2
github.com/Ashes47/braids/internal/tui/map.go:484.3,485.12 2 10
github.com/Ashes47/braids/internal/tui/map.go:487.2,487.27 1 2
github.com/Ashes47/braids/internal/tui/map.go:490.43,491.47 1 106
github.com/Ashes47/braids/internal/tui/map.go:491.47,493.3 1 99
github.com/Ashes47/braids/internal/tui/map.go:494.2,494.10 1 7
github.com/Ashes47/braids/internal/tui/map.go:497.42,498.47 1 75
github.com/Ashes47/braids/internal/tui/map.go:498.47,500.3 1 67
github.com/Ashes47/braids/internal/tui/map.go:501.2,501.10 1 8
github.com/Ashes47/braids/internal/tui/run.go:15.68,17.16 2 0
github.com/Ashes47/braids/internal/tui/run.go:17.16,19.3 1 0
github.com/Ashes47/braids/internal/tui/run.go:20.2,20.27 1 0
github.com/Ashes47/braids/internal/tui/run.go:20.27,22.3 1 0
github.com/Ashes47/braids/internal/tui/run.go:23.2,23.94 1 0
github.com/Ashes47/braids/internal/tui/run.go:23.94,25.3 1 0
github.com/Ashes47/braids/internal/tui/run.go:26.2,26.12 1 0
github.com/Ashes47/braids/internal/tui/run.go:32.75,37.2 4 0
github.com/Ashes47/braids/internal/tui/run.go:41.74,43.16 2 0
github.com/Ashes47/braids/internal/tui/run.go:43.16,45.3 1 0
github.com/Ashes47/braids/internal/tui/run.go:46.2,47.16 2 0
github.com/Ashes47/braids/internal/tui/run.go:47.16,49.3 1 0
github.com/Ashes47/braids/internal/tui/run.go:50.2,51.16 2 0
github.com/Ashes47/braids/internal/tui/run.go:51.16,53.3 1 0
github.com/Ashes47/braids/internal/tui/run.go:54.2,54.53 1 0
github.com/Ashes47/braids/internal/tui/theme.go:36.35,37.11 1 10
github.com/Ashes47/braids/internal/tui/theme.go:37.11,39.3 1 10
github.com/Ashes47/braids/internal/tui/theme.go:40.2,40.121 1 0
github.com/Ashes47/braids/internal/tui/theme.go:68.41,70.45 2 9
github.com/Ashes47/braids/internal/tui/theme.go:70.45,70.63 1 63
github.com/Ashes47/braids/internal/tui/theme.go:72.2,101.3 8 9
github.com/Ashes47/braids/internal/core/graph/graph.go:50.104,52.26 2 4
github.com/Ashes47/braids/internal/core/graph/graph.go:52.26,54.3 1 9
github.com/Ashes47/braids/internal/core/graph/graph.go:58.2,59.55 2 4
github.com/Ashes47/braids/internal/core/graph/graph.go:59.55,61.29 2 5
github.com/Ashes47/braids/internal/core/graph/graph.go:61.29,62.12 1 0
github.com/Ashes47/braids/internal/core/graph/graph.go:64.3,67.25 4 5
github.com/Ashes47/braids/internal/core/graph/graph.go:70.2,71.15 2 4
github.com/Ashes47/braids/internal/core/graph/graph.go:76.82,78.29 2 4
github.com/Ashes47/braids/internal/core/graph/graph.go:78.29,79.35 1 24
github.com/Ashes47/braids/internal/core/graph/graph.go:79.35,81.4 1 24
github.com/Ashes47/braids/internal/core/graph/graph.go:84.2,85.34 2 4
github.com/Ashes47/braids/internal/core/graph/graph.go:85.34,86.24 1 8
github.com/Ashes47/braids/internal/core/graph/graph.go:86.24,87.40 1 24
github.com/Ashes47/braids/internal/core/graph/graph.go:87.40,89.29 2 36
github.com/Ashes47/braids/internal/core/graph/graph.go:89.29,90.14 1 6
github.com/Ashes47/braids/internal/core/graph/graph.go:92.5,92.28 1 30
github.com/Ashes47/braids/internal/core/graph/graph.go:92.28,94.6 1 26
github.com/Ashes47/braids/internal/core/graph/graph.go:95.5,97.17 3 30
github.com/Ashes47/braids/internal/core/graph/graph.go:97.17,100.6 2 5
github.com/Ashes47/braids/internal/core/graph/graph.go:101.5,103.32 3 30
github.com/Ashes47/braids/internal/core/graph/graph.go:107.2,107.14 1 4
github.com/Ashes47/braids/internal/core/graph/graph.go:112.126,113.41 1 5
github.com/Ashes47/braids/internal/core/graph/graph.go:113.41,113.68 1 0
github.com/Ashes47/braids/internal/core/graph/graph.go:114.2,114.41 1 5
github.com/Ashes47/braids/internal/core/graph/graph.go:114.41,114.68 1 5
github.com/Ashes47/braids/internal/core/graph/graph.go:116.2,119.79 2 5
github.com/Ashes47/braids/internal/core/graph/graph.go:119.79,120.34 1 4
github.com/Ashes47/braids/internal/core/graph/graph.go:120.34,122.4 1 0
github.com/Ashes47/braids/internal/core/graph/graph.go:123.3,123.18 1 4
github.com/Ashes47/braids/internal/core/graph/graph.go:127.2,129.9 3 1
github.com/Ashes47/braids/internal/core/graph/graph.go:130.31,131.18 1 0
github.com/Ashes47/braids/internal/core/graph/graph.go:132.31,133.18 1 1
github.com/Ashes47/braids/internal/core/graph/graph.go:138.2,138.9 1 0
github.com/Ashes47/braids/internal/core/graph/graph.go:139.32,140.30 1 0
github.com/Ashes47/braids/internal/core/graph/graph.go:140.30,142.4 1 0
github.com/Ashes47/braids/internal/core/graph/graph.go:143.3,143.18 1 0
github.com/Ashes47/braids/internal/core/graph/graph.go:144.35,145.18 1 0
github.com/Ashes47/braids/internal/core/graph/graph.go:146.10,147.18 1 0
github.com/Ashes47/braids/internal/core/graph/graph.go:153.57,155.2 1 2
github.com/Ashes47/braids/internal/core/graph/graph.go:159.22,160.27 1 4
github.com/Ashes47/braids/internal/core/graph/graph.go:160.27,161.43 1 9
github.com/Ashes47/braids/internal/core/graph/graph.go:161.43,164.4 2 0
github.com/Ashes47/braids/internal/core/graph/graph.go:166.2,166.27 1 4
github.com/Ashes47/braids/internal/core/graph/graph.go:166.27,167.43 1 9
github.com/Ashes47/braids/internal/core/graph/graph.go:167.43,169.4 1 4
github.com/Ashes47/braids/internal/core/graph/graph.go:169.9,171.4 1 5
github.com/Ashes47/braids/internal/core/graph/graph.go:173.2,174.27 2 4
github.com/Ashes47/braids/internal/core/graph/graph.go:174.27,176.3 1 9
github.com/Ashes47/braids/internal/core/graph/graph.go:177.2,177.28 1 4
github.com/Ashes47/braids/internal/core/graph/graph.go:177.28,179.3 1 5
github.com/Ashes47/braids/internal/core/graph/graph.go:183.42,185.72 2 4
github.com/Ashes47/braids/internal/core/graph/graph.go:185.72,186.24 1 5
github.com/Ashes47/braids/internal/core/graph/graph.go:186.24,188.4 1 0
github.com/Ashes47/braids/internal/core/graph/graph.go:189.3,189.27 1 5
github.com/Ashes47/braids/internal/core/graph/graph.go:191.2,191.14 1 4
github.com/Ashes47/braids/internal/core/graph/graph.go:194.38,196.31 2 9
github.com/Ashes47/braids/internal/core/graph/graph.go:196.31,198.3 1 4
github.com/Ashes47/braids/internal/core/graph/graph.go:203.31,204.46 1 13
github.com/Ashes47/braids/internal/core/graph/graph.go:204.46,205.58 1 1
github.com/Ashes47/braids/internal/core/graph/graph.go:205.58,207.4 1 1
github.com/Ashes47/braids/internal/core/graph/graph.go:208.3,208.45 1 0
github.com/Ashes47/braids/internal/core/graph/graph.go:213.36,216.23 3 1
github.com/Ashes47/braids/internal/core/graph/graph.go:216.23,218.32 2 3
github.com/Ashes47/braids/internal/core/graph/graph.go:218.32,220.4 1 2
github.com/Ashes47/braids/internal/core/graph/graph.go:222.2,222.28 1 1
github.com/Ashes47/braids/internal/core/graph/graph.go:222.28,224.3 1 1
github.com/Ashes47/braids/internal/core/graph/graph.go:225.2,225.12 1 1
github.com/Ashes47/braids/internal/core/store/claudecode/birthtime_darwin.go:13.44,15.9 2 6
github.com/Ashes47/braids/internal/core/store/claudecode/birthtime_darwin.go:15.9,17.3 1 0
github.com/Ashes47/braids/internal/core/store/claudecode/birthtime_darwin.go:18.2,18.63 1 6
github.com/Ashes47/braids/internal/core/store/claudecode/claudecode.go:33.31,33.61 1 5
github.com/Ashes47/braids/internal/core/store/claudecode/claudecode.go:36.36,38.16 2 0
github.com/Ashes47/braids/internal/core/store/claudecode/claudecode.go:38.16,40.3 1 0
github.com/Ashes47/braids/internal/core/store/claudecode/claudecode.go:41.2,41.56 1 0
github.com/Ashes47/braids/internal/core/store/claudecode/claudecode.go:45.32,45.55 1 6
github.com/Ashes47/braids/internal/core/store/claudecode/claudecode.go:48.52,55.2 1 0
github.com/Ashes47/braids/internal/core/store/claudecode/claudecode.go:60.67,62.16 2 5
github.com/Ashes47/braids/internal/core/store/claudecode/claudecode.go:62.16,64.3 1 0
github.com/Ashes47/braids/internal/core/store/claudecode/claudecode.go:65.2,66.35 2 5
github.com/Ashes47/braids/internal/core/store/claudecode/claudecode.go:66.35,67.23 1 5
github.com/Ashes47/braids/internal/core/store/claudecode/claudecode.go:67.23,68.12 1 0
github.com/Ashes47/braids/internal/core/store/claudecode/claudecode.go:70.3,72.17 3 5
github.com/Ashes47/braids/internal/core/store/claudecode/claudecode.go:72.17,74.4 1 0
github.com/Ashes47/braids/internal/core/store/claudecode/claudecode.go:75.3,75.29 1 5
github.com/Ashes47/braids/internal/core/store/claudecode/claudecode.go:75.29,76.36 1 7
github.com/Ashes47/braids/internal/core/store/claudecode/claudecode.go:76.36,78.5 1 0
github.com/Ashes47/braids/internal/core/store/claudecode/claudecode.go:79.4,79.59 1 7
github.com/Ashes47/braids/internal/core/store/claudecode/claudecode.go:79.59,80.13 1 1
github.com/Ashes47/braids/internal/core/store/claudecode/claudecode.go:82.4,83.18 2 6
github.com/Ashes47/braids/internal/core/store/claudecode/claudecode.go:83.18,85.5 1 0
github.com/Ashes47/braids/internal/core/store/claudecode/claudecode.go:86.4,96.49 3 6
github.com/Ashes47/braids/internal/core/store/claudecode/claudecode.go:96.49,98.5 1 6
github.com/Ashes47/braids/internal/core/store/claudecode/claudecode.go:99.4,99.31 1 6
github.com/Ashes47/braids/internal/core/store/claudecode/claudecode.go:102.2,102.19 1 5
github.com/Ashes47/braids/internal/core/store/claudecode/claudecode.go:107.90,109.16 2 4
github.com/Ashes47/braids/internal/core/store/claudecode/claudecode.go:109.16,111.3 1 0
github.com/Ashes47/braids/internal/core/store/claudecode/claudecode.go:112.2,115.16 3 4
github.com/Ashes47/braids/internal/core/store/claudecode/claudecode.go:115.16,116.35 1 13
github.com/Ashes47/braids/internal/core/store/claudecode/claudecode.go:116.35,118.4 1 0
github.com/Ashes47/braids/internal/core/store/claudecode/claudecode.go:119.3,120.56 2 13
github.com/Ashes47/braids/internal/core/store/claudecode/claudecode.go:120.56,121.12 1 1
github.com/Ashes47/braids/internal/core/store/claudecode/claudecode.go:123.3,124.10 2 12
github.com/Ashes47/braids/internal/core/store/claudecode/claudecode.go:124.10,125.12 1 4
github.com/Ashes47/braids/internal/core/store/claudecode/claudecode.go:127.3,127.36 1 8
github.com/Ashes47/braids/internal/core/store/claudecode/claudecode.go:127.36,129.4 1 1
github.com/Ashes47/braids/internal/core/store/claudecode/claudecode.go:131.2,131.33 1 3
github.com/Ashes47/braids/internal/core/store/claudecode/claudecode.go:131.33,133.3 1 0
github.com/Ashes47/braids/internal/core/store/claudecode/claudecode.go:134.2,134.12 1 3
github.com/Ashes47/braids/internal/core/store/claudecode/claudecode.go:137.44,141.2 3 10
github.com/Ashes47/braids/internal/core/store/claudecode/claudecode.go:145.38,147.21 2 6
github.com/Ashes47/braids/internal/core/store/claudecode/claudecode.go:147.21,149.3 1 0
github.com/Ashes47/braids/internal/core/store/claudecode/claudecode.go:150.2,150.28 1 6
github.com/Ashes47/braids/internal/core/store/claudecode/claudecode.go:155.45,157.16 2 6
github.com/Ashes47/braids/internal/core/store/claudecode/claudecode.go:157.16,159.3 1 0
github.com/Ashes47/braids/internal/core/store/claudecode/claudecode.go:160.2,164.16 4 6
github.com/Ashes47/braids/internal/core/store/claudecode/claudecode.go:164.16,166.26 2 18
github.com/Ashes47/braids/internal/core/store/claudecode/claudecode.go:166.26,167.12 1 14
github.com/Ashes47/braids/internal/core/store/claudecode/claudecode.go:169.3,170.50 2 4
github.com/Ashes47/braids/internal/core/store/claudecode/claudecode.go:170.50,171.12 1 0
github.com/Ashes47/braids/internal/core/store/claudecode/claudecode.go:173.3,173.10 1 4
github.com/Ashes47/braids/internal/core/store/claudecode/claudecode.go:174.28,175.26 1 1
github.com/Ashes47/braids/internal/core/store/claudecode/claudecode.go:176.24,177.18 1 2
github.com/Ashes47/braids/internal/core/store/claudecode/claudecode.go:178.26,179.23 1 1
github.com/Ashes47/braids/internal/core/store/claudecode/claudecode.go:182.2,182.33 1 6
github.com/Ashes47/braids/internal/core/store/claudecode/claudecode.go:182.33,184.3 1 0
github.com/Ashes47/braids/internal/core/store/claudecode/claudecode.go:185.2,185.46 1 6
github.com/Ashes47/braids/internal/core/store/claudecode/claudecode.go:188.37,189.31 1 18
github.com/Ashes47/braids/internal/core/store/claudecode/claudecode.go:189.31,190.30 1 33
github.com/Ashes47/braids/internal/core/store/claudecode/claudecode.go:190.30,192.4 1 4
github.com/Ashes47/braids/internal/core/store/claudecode/claudecode.go:194.2,194.14 1 14
github.com/Ashes47/braids/internal/core/store/claudecode/claudecode.go:197.43,198.25 1 6
github.com/Ashes47/braids/internal/core/store/claudecode/claudecode.go:198.25,199.14 1 15
github.com/Ashes47/braids/internal/core/store/claudecode/claudecode.go:199.14,201.4 1 3
github.com/Ashes47/braids/internal/core/store/claudecode/claudecode.go:203.2,203.11 1 3
github.com/Ashes47/braids/internal/core/store/claudecode/claudecode.go:238.64,239.50 1 12
github.com/Ashes47/braids/internal/core/store/claudecode/claudecode.go:239.50,241.3 1 4
github.com/Ashes47/braids/internal/core/store/claudecode/claudecode.go:242.2,243.16 2 8
github.com/Ashes47/braids/internal/core/store/claudecode/claudecode.go:244.14,245.24 1 6
github.com/Ashes47/braids/internal/core/store/claudecode/claudecode.go:246.19,247.29 1 2
github.com/Ashes47/braids/internal/core/store/claudecode/claudecode.go:248.10,249.32 1 0
github.com/Ashes47/braids/internal/core/store/claudecode/claudecode.go:251.2,252.21 2 8
github.com/Ashes47/braids/internal/core/store/claudecode/claudecode.go:252.21,254.3 1 0
github.com/Ashes47/braids/internal/core/store/claudecode/claudecode.go:255.2,263.9 2 8
github.com/Ashes47/braids/internal/core/store/claudecode/claudecode.go:269.35,270.25 1 8
github.com/Ashes47/braids/internal/core/store/claudecode/claudecode.go:270.25,272.3 1 4
github.com/Ashes47/braids/internal/core/store/claudecode/claudecode.go:273.2,273.32 1 4
github.com/Ashes47/braids/internal/core/store/claudecode/claudecode.go:273.32,275.3 1 1
github.com/Ashes47/braids/internal/core/store/claudecode/claudecode.go:276.2,276.11 1 3
github.com/Ashes47/braids/internal/core/store/claudecode/claudecode.go:281.51,282.19 1 8
github.com/Ashes47/braids/internal/core/store/claudecode/claudecode.go:282.19,284.3 1 0
github.com/Ashes47/braids/internal/core/store/claudecode/claudecode.go:285.2,286.51 2 8
github.com/Ashes47/braids/internal/core/store/claudecode/claudecode.go:286.51,287.36 1 4
github.com/Ashes47/braids/internal/core/store/claudecode/claudecode.go:287.36,289.4 1 0
github.com/Ashes47/braids/internal/core/store/claudecode/claudecode.go:290.3,290.58 1 4
github.com/Ashes47/braids/internal/core/store/claudecode/claudecode.go:292.2,293.53 2 4
github.com/Ashes47/braids/internal/core/store/claudecode/claudecode.go:293.53,295.3 1 0
github.com/Ashes47/braids/internal/core/store/claudecode/claudecode.go:296.2,297.27 2 4
github.com/Ashes47/braids/internal/core/store/claudecode/claudecode.go:297.27,298.30 1 6
github.com/Ashes47/braids/internal/core/store/claudecode/claudecode.go:298.30,300.4 1 6
github.com/Ashes47/braids/internal/core/store/claudecode/claudecode.go:302.2,302.14 1 4
github.com/Ashes47/braids/internal/core/store/claudecode/claudecode.go:305.44,306.16 1 6
github.com/Ashes47/braids/internal/core/store/claudecode/claudecode.go:307.14,308.38 1 2
github.com/Ashes47/braids/internal/core/store/claudecode/claudecode.go:308.38,310.4 1 0
github.com/Ashes47/braids/internal/core/store/claudecode/claudecode.go:311.3,311.62 1 2
github.com/Ashes47/braids/internal/core/store/claudecode/claudecode.go:312.18,313.42 1 1
github.com/Ashes47/braids/internal/core/store/claudecode/claudecode.go:313.42,315.4 1 0
github.com/Ashes47/braids/internal/core/store/claudecode/claudecode.go:316.3,316.70 1 1
github.com/Ashes47/braids/internal/core/store/claudecode/claudecode.go:317.18,318.88 1 1
github.com/Ashes47/braids/internal/core/store/claudecode/claudecode.go:319.21,321.17 2 2
github.com/Ashes47/braids/internal/core/store/claudecode/claudecode.go:321.17,323.4 1 0
github.com/Ashes47/braids/internal/core/store/claudecode/claudecode.go:324.3,324.66 1 2
github.com/Ashes47/braids/internal/core/store/claudecode/claudecode.go:325.10,326.29 1 0
github.com/Ashes47/braids/internal/core/store/claudecode/claudecode.go:331.42,332.19 1 2
github.com/Ashes47/braids/internal/core/store/claudecode/claudecode.go:332.19,334.3 1 0
github.com/Ashes47/braids/internal/core/store/claudecode/claudecode.go:335.2,336.51 2 2
github.com/Ashes47/braids/internal/core/store/claudecode/claudecode.go:336.51,338.3 1 1
github.com/Ashes47/braids/internal/core/store/claudecode/claudecode.go:339.2,340.53 2 1
github.com/Ashes47/braids/internal/core/store/claudecode/claudecode.go:340.53,342.3 1 0
github.com/Ashes47/braids/internal/core/store/claudecode/claudecode.go:343.2,344.29 2 1
github.com/Ashes47/braids/internal/core/store/claudecode/claudecode.go:344.29,345.21 1 1
github.com/Ashes47/braids/internal/core/store/claudecode/claudecode.go:345.21,346.12 1 0
github.com/Ashes47/braids/internal/core/store/claudecode/claudecode.go:348.3,348.18 1 1
github.com/Ashes47/braids/internal/core/store/claudecode/claudecode.go:348.18,350.4 1 0
github.com/Ashes47/braids/internal/core/store/claudecode/claudecode.go:351.3,351.26 1 1
github.com/Ashes47/braids/internal/core/store/claudecode/claudecode.go:353.2,353.19 1 1
