mode: atomic
github.com/Ashes47/braids/cmd/braids/main.go:46.13,47.52 1 0
github.com/Ashes47/braids/cmd/braids/main.go:47.52,50.3 2 0
github.com/Ashes47/braids/cmd/braids/main.go:53.46,54.20 1 16
github.com/Ashes47/braids/cmd/braids/main.go:54.20,57.3 2 1
github.com/Ashes47/braids/cmd/braids/main.go:58.2,58.17 1 15
github.com/Ashes47/braids/cmd/braids/main.go:59.15,60.33 1 3
github.com/Ashes47/braids/cmd/braids/main.go:61.16,62.34 1 8
github.com/Ashes47/braids/cmd/braids/main.go:63.15,64.33 1 1
github.com/Ashes47/braids/cmd/braids/main.go:65.17,67.13 2 0
github.com/Ashes47/braids/cmd/braids/main.go:68.30,70.13 2 2
github.com/Ashes47/braids/cmd/braids/main.go:71.10,72.70 1 1
github.com/Ashes47/braids/cmd/braids/main.go:80.67,82.6 2 8
github.com/Ashes47/braids/cmd/braids/main.go:82.6,83.40 1 16
github.com/Ashes47/braids/cmd/braids/main.go:83.40,85.4 1 0
github.com/Ashes47/braids/cmd/braids/main.go:86.3,87.21 2 16
github.com/Ashes47/braids/cmd/braids/main.go:87.21,89.4 1 8
github.com/Ashes47/braids/cmd/braids/main.go:90.3,91.18 2 8
github.com/Ashes47/braids/cmd/braids/main.go:96.34,97.42 1 0
github.com/Ashes47/braids/cmd/braids/main.go:97.42,99.3 1 0
github.com/Ashes47/braids/cmd/braids/main.go:100.2,101.16 2 0
github.com/Ashes47/braids/cmd/braids/main.go:101.16,103.3 1 0
github.com/Ashes47/braids/cmd/braids/main.go:104.2,105.48 2 0
github.com/Ashes47/braids/cmd/braids/main.go:105.48,107.3 1 0
github.com/Ashes47/braids/cmd/braids/main.go:108.2,108.44 1 0
github.com/Ashes47/braids/cmd/braids/main.go:112.53,114.16 2 10
github.com/Ashes47/braids/cmd/braids/main.go:114.16,116.42 2 0
github.com/Ashes47/braids/cmd/braids/main.go:116.42,118.4 1 0
github.com/Ashes47/braids/cmd/braids/main.go:120.2,120.25 1 10
github.com/Ashes47/braids/cmd/braids/main.go:123.51,128.39 5 3
github.com/Ashes47/braids/cmd/braids/main.go:128.39,130.3 1 0
github.com/Ashes47/braids/cmd/braids/main.go:132.2,133.15 2 3
github.com/Ashes47/braids/cmd/braids/main.go:133.15,135.54 2 0
github.com/Ashes47/braids/cmd/braids/main.go:135.54,137.4 1 0
github.com/Ashes47/braids/cmd/braids/main.go:139.2,140.16 2 3
github.com/Ashes47/braids/cmd/braids/main.go:140.16,142.3 1 0
github.com/Ashes47/braids/cmd/braids/main.go:143.2,146.16 3 3
github.com/Ashes47/braids/cmd/braids/main.go:146.16,148.3 1 0
github.com/Ashes47/braids/cmd/braids/main.go:149.2,151.12 2 3
github.com/Ashes47/braids/cmd/braids/main.go:154.52,162.16 8 8
github.com/Ashes47/braids/cmd/braids/main.go:162.16,164.3 1 0
github.com/Ashes47/braids/cmd/braids/main.go:165.2,166.36 2 8
github.com/Ashes47/braids/cmd/braids/main.go:166.36,168.3 1 1
github.com/Ashes47/braids/cmd/braids/main.go:169.2,170.16 2 7
github.com/Ashes47/braids/cmd/braids/main.go:170.16,172.3 1 1
github.com/Ashes47/braids/cmd/braids/main.go:174.2,175.16 2 6
github.com/Ashes47/braids/cmd/braids/main.go:175.16,177.3 1 0
github.com/Ashes47/braids/cmd/braids/main.go:178.2,183.16 4 6
github.com/Ashes47/braids/cmd/braids/main.go:183.16,185.3 1 0
github.com/Ashes47/braids/cmd/braids/main.go:186.2,186.20 1 6
github.com/Ashes47/braids/cmd/braids/main.go:186.20,189.3 2 1
github.com/Ashes47/braids/cmd/braids/main.go:191.2,192.25 2 5
github.com/Ashes47/braids/cmd/braids/main.go:192.25,195.3 1 7
github.com/Ashes47/braids/cmd/braids/main.go:196.2,196.35 1 5
github.com/Ashes47/braids/cmd/braids/main.go:196.35,198.3 1 0
github.com/Ashes47/braids/cmd/braids/main.go:199.2,200.12 2 5
github.com/Ashes47/braids/cmd/braids/main.go:203.51,207.39 4 1
github.com/Ashes47/braids/cmd/braids/main.go:207.39,209.3 1 0
github.com/Ashes47/braids/cmd/braids/main.go:210.2,211.16 2 1
github.com/Ashes47/braids/cmd/braids/main.go:211.16,213.3 1 0
github.com/Ashes47/braids/cmd/braids/main.go:214.2,217.16 3 1
github.com/Ashes47/braids/cmd/braids/main.go:217.16,219.3 1 0
github.com/Ashes47/braids/cmd/braids/main.go:220.2,220.21 1 1
github.com/Ashes47/braids/cmd/braids/main.go:220.21,223.3 2 0
github.com/Ashes47/braids/cmd/braids/main.go:224.2,226.26 3 1
github.com/Ashes47/braids/cmd/braids/main.go:226.26,229.3 1 1
github.com/Ashes47/braids/cmd/braids/main.go:230.2,230.35 1 1
github.com/Ashes47/braids/cmd/braids/main.go:230.35,232.3 1 0
github.com/Ashes47/braids/cmd/braids/main.go:233.2,234.12 2 1
github.com/Ashes47/braids/cmd/braids/main.go:239.53,240.32 1 9
github.com/Ashes47/braids/cmd/braids/main.go:240.32,242.3 1 6
github.com/Ashes47/braids/cmd/braids/main.go:243.2,250.44 3 3
github.com/Ashes47/braids/cmd/braids/main.go:250.44,252.17 2 4
github.com/Ashes47/braids/cmd/braids/main.go:252.17,253.12 1 0
github.com/Ashes47/braids/cmd/braids/main.go:255.3,256.10 2 4
github.com/Ashes47/braids/cmd/braids/main.go:256.10,258.4 1 1
github.com/Ashes47/braids/cmd/braids/main.go:259.3,259.27 1 3
github.com/Ashes47/braids/cmd/braids/main.go:261.2,261.19 1 2
github.com/Ashes47/braids/cmd/braids/main.go:264.36,265.23 1 7
github.com/Ashes47/braids/cmd/braids/main.go:265.23,267.3 1 7
github.com/Ashes47/braids/cmd/braids/main.go:268.2,268.26 1 0
github.com/Ashes47/braids/cmd/braids/main.go:271.36,272.49 1 7
github.com/Ashes47/braids/cmd/braids/main.go:272.49,274.3 1 5
github.com/Ashes47/braids/cmd/braids/main.go:275.2,275.23 1 2
github.com/Ashes47/braids/cmd/braids/main.go:278.32,278.58 1 1
github.com/Ashes47/braids/cmd/braids/main.go:280.31,282.2 1 7
github.com/Ashes47/braids/cmd/braids/main.go:284.39,286.17 2 23
github.com/Ashes47/braids/cmd/braids/main.go:286.17,288.3 1 21
github.com/Ashes47/braids/cmd/braids/main.go:289.2,289.12 1 2
github.com/Ashes47/braids/cmd/braids/main.go:289.12,291.3 1 0
github.com/Ashes47/braids/cmd/braids/main.go:292.2,292.32 1 2
github.com/Ashes47/braids/internal/core/index/index.go:89.40,91.16 2 3
github.com/Ashes47/braids/internal/core/index/index.go:91.16,93.3 1 0
github.com/Ashes47/braids/internal/core/index/index.go:94.2,97.4 1 3
github.com/Ashes47/braids/internal/core/index/index.go:97.4,98.44 1 6
github.com/Ashes47/braids/internal/core/index/index.go:98.44,100.4 1 0
github.com/Ashes47/braids/internal/core/index/index.go:102.2,102.43 1 3
github.com/Ashes47/braids/internal/core/index/index.go:102.43,104.3 1 0
github.com/Ashes47/braids/internal/core/index/index.go:105.2,105.28 1 3
github.com/Ashes47/braids/internal/core/index/index.go:109.32,109.56 1 3
github.com/Ashes47/braids/internal/core/index/index.go:114.80,117.16 3 4
github.com/Ashes47/braids/internal/core/index/index.go:117.16,119.3 1 0
github.com/Ashes47/braids/internal/core/index/index.go:121.2,122.16 2 4
github.com/Ashes47/braids/internal/core/index/index.go:122.16,124.3 1 0
github.com/Ashes47/braids/internal/core/index/index.go:125.2,127.74 2 4
github.com/Ashes47/braids/internal/core/index/index.go:127.74,128.54 1 8
github.com/Ashes47/braids/internal/core/index/index.go:128.54,130.4 1 0
github.com/Ashes47/braids/internal/core/index/index.go:132.2,135.16 2 4
github.com/Ashes47/braids/internal/core/index/index.go:135.16,137.3 1 0
github.com/Ashes47/braids/internal/core/index/index.go:138.2,141.16 3 4
github.com/Ashes47/braids/internal/core/index/index.go:141.16,143.3 1 0
github.com/Ashes47/braids/internal/core/index/index.go:144.2,147.29 3 4
github.com/Ashes47/braids/internal/core/index/index.go:147.29,149.62 2 8
github.com/Ashes47/braids/internal/core/index/index.go:149.62,152.30 3 12
github.com/Ashes47/braids/internal/core/index/index.go:152.30,153.40 1 20
github.com/Ashes47/braids/internal/core/index/index.go:153.40,154.14 1 4
github.com/Ashes47/braids/internal/core/index/index.go:156.5,157.71 1 16
github.com/Ashes47/braids/internal/core/index/index.go:157.71,159.6 1 0
github.com/Ashes47/braids/internal/core/index/index.go:160.5,161.16 2 16
github.com/Ashes47/braids/internal/core/index/index.go:163.4,163.14 1 12
github.com/Ashes47/braids/internal/core/index/index.go:165.3,165.17 1 8
github.com/Ashes47/braids/internal/core/index/index.go:165.17,167.4 1 0
github.com/Ashes47/braids/internal/core/index/index.go:168.3,169.92 1 8
github.com/Ashes47/braids/internal/core/index/index.go:169.92,171.4 1 0
github.com/Ashes47/braids/internal/core/index/index.go:173.2,173.36 1 4
github.com/Ashes47/braids/internal/core/index/index.go:173.36,175.3 1 0
github.com/Ashes47/braids/internal/core/index/index.go:176.2,177.19 2 4
github.com/Ashes47/braids/internal/core/index/index.go:181.70,182.37 1 5
github.com/Ashes47/braids/internal/core/index/index.go:182.37,184.3 1 1
github.com/Ashes47/braids/internal/core/index/index.go:185.2,186.16 2 4
github.com/Ashes47/braids/internal/core/index/index.go:186.16,188.3 1 4
github.com/Ashes47/braids/internal/core/index/index.go:190.2,194.18 2 4
github.com/Ashes47/braids/internal/core/index/index.go:194.18,197.3 2 1
github.com/Ashes47/braids/internal/core/index/index.go:198.2,198.22 1 4
github.com/Ashes47/braids/internal/core/index/index.go:198.22,200.29 2 1
github.com/Ashes47/braids/internal/core/index/index.go:200.29,203.4 2 1
github.com/Ashes47/braids/internal/core/index/index.go:204.3,204.72 1 1
github.com/Ashes47/braids/internal/core/index/index.go:206.2,217.16 4 4
github.com/Ashes47/braids/internal/core/index/index.go:217.16,219.3 1 0
github.com/Ashes47/braids/internal/core/index/index.go:220.2,223.18 3 4
github.com/Ashes47/braids/internal/core/index/index.go:223.18,228.56 4 6
github.com/Ashes47/braids/internal/core/index/index.go:228.56,230.4 1 0
github.com/Ashes47/braids/internal/core/index/index.go:231.3,234.25 4 6
github.com/Ashes47/braids/internal/core/index/index.go:236.2,236.35 1 4
github.com/Ashes47/braids/internal/core/index/index.go:236.35,238.3 1 0
github.com/Ashes47/braids/internal/core/index/index.go:239.2,239.18 1 4
github.com/Ashes47/braids/internal/core/index/index.go:243.65,246.16 2 1
github.com/Ashes47/braids/internal/core/index/index.go:246.16,248.3 1 0
github.com/Ashes47/braids/internal/core/index/index.go:249.2,252.18 3 1
github.com/Ashes47/braids/internal/core/index/index.go:252.18,256.58 3 2
github.com/Ashes47/braids/internal/core/index/index.go:256.58,258.4 1 0
github.com/Ashes47/braids/internal/core/index/index.go:259.3,260.27 2 2
github.com/Ashes47/braids/internal/core/index/index.go:262.2,262.35 1 1
github.com/Ashes47/braids/internal/core/index/index.go:262.35,264.3 1 0
github.com/Ashes47/braids/internal/core/index/index.go:265.2,265.19 1 1
github.com/Ashes47/braids/internal/core/index/index.go:270.30,271.36 1 11
github.com/Ashes47/braids/internal/core/index/index.go:271.36,273.3 1 3
github.com/Ashes47/braids/internal/core/index/index.go:274.2,274.38 1 8
github.com/Ashes47/braids/internal/core/index/index.go:274.38,275.12 1 10
github.com/Ashes47/braids/internal/core/index/index.go:276.27,277.15 1 1
github.com/Ashes47/braids/internal/core/index/index.go:279.3,279.36 1 9
github.com/Ashes47/braids/internal/core/index/index.go:279.36,281.4 1 0
github.com/Ashes47/braids/internal/core/index/index.go:283.2,283.14 1 7
github.com/Ashes47/braids/internal/core/index/index.go:289.34,291.17 2 11
github.com/Ashes47/braids/internal/core/index/index.go:291.17,293.3 1 4
github.com/Ashes47/braids/internal/core/index/index.go:294.2,296.27 3 7
github.com/Ashes47/braids/internal/core/index/index.go:296.27,298.3 1 8
github.com/Ashes47/braids/internal/core/index/index.go:299.2,299.34 1 7
github.com/Ashes47/braids/internal/core/store/claudecode/claudecode.go:33.31,33.61 1 5
github.com/Ashes47/braids/internal/core/store/claudecode/claudecode.go:36.36,38.16 2 0
github.com/Ashes47/braids/internal/core/store/claudecode/claudecode.go:38.16,40.3 1 0
github.com/Ashes47/braids/internal/core/store/claudecode/claudecode.go:41.2,41.56 1 0
github.com/Ashes47/braids/internal/core/store/claudecode/claudecode.go:45.32,45.55 1 6
github.com/Ashes47/braids/internal/core/store/claudecode/claudecode.go:48.52,55.2 1 0
github.com/Ashes47/braids/internal/core/store/claudecode/claudecode.go:60.67,62.16 2 5
github.com/Ashes47/braids/internal/core/store/claudecode/claudecode.go:62.16,64.3 1 0
github.com/Ashes47/braids/internal/core/store/claudecode/claudecode.go:65.2,66.35 2 5
github.com/Ashes47/braids/internal/core/store/claudecode/claudecode.go:66.35,67.23 1 5
github.com/Ashes47/braids/internal/core/store/claudecode/claudecode.go:67.23,68.12 1 0
github.com/Ashes47/braids/internal/core/store/claudecode/claudecode.go:70.3,72.17 3 5
github.com/Ashes47/braids/internal/core/store/claudecode/claudecode.go:72.17,74.4 1 0
github.com/Ashes47/braids/internal/core/store/claudecode/claudecode.go:75.3,75.29 1 5
github.com/Ashes47/braids/internal/core/store/claudecode/claudecode.go:75.29,76.36 1 7
github.com/Ashes47/braids/internal/core/store/claudecode/claudecode.go:76.36,78.5 1 0
github.com/Ashes47/braids/internal/core/store/claudecode/claudecode.go:79.4,79.59 1 7
github.com/Ashes47/braids/internal/core/store/claudecode/claudecode.go:79.59,80.13 1 1
github.com/Ashes47/braids/internal/core/store/claudecode/claudecode.go:82.4,83.18 2 6
github.com/Ashes47/braids/internal/core/store/claudecode/claudecode.go:83.18,85.5 1 0
github.com/Ashes47/braids/internal/core/store/claudecode/claudecode.go:86.4,95.49 3 6
github.com/Ashes47/braids/internal/core/store/claudecode/claudecode.go:95.49,97.5 1 6
github.com/Ashes47/braids/internal/core/store/claudecode/claudecode.go:98.4,98.31 1 6
github.com/Ashes47/braids/internal/core/store/claudecode/claudecode.go:101.2,101.19 1 5
github.com/Ashes47/braids/internal/core/store/claudecode/claudecode.go:106.90,108.16 2 4
github.com/Ashes47/braids/internal/core/store/claudecode/claudecode.go:108.16,110.3 1 0
github.com/Ashes47/braids/internal/core/store/claudecode/claudecode.go:111.2,114.16 3 4
github.com/Ashes47/braids/internal/core/store/claudecode/claudecode.go:114.16,115.35 1 13
github.com/Ashes47/braids/internal/core/store/claudecode/claudecode.go:115.35,117.4 1 0
github.com/Ashes47/braids/internal/core/store/claudecode/claudecode.go:118.3,119.56 2 13
github.com/Ashes47/braids/internal/core/store/claudecode/claudecode.go:119.56,120.12 1 1
github.com/Ashes47/braids/internal/core/store/claudecode/claudecode.go:122.3,123.10 2 12
github.com/Ashes47/braids/internal/core/store/claudecode/claudecode.go:123.10,124.12 1 4
github.com/Ashes47/braids/internal/core/store/claudecode/claudecode.go:126.3,126.36 1 8
github.com/Ashes47/braids/internal/core/store/claudecode/claudecode.go:126.36,128.4 1 1
github.com/Ashes47/braids/internal/core/store/claudecode/claudecode.go:130.2,130.33 1 3
github.com/Ashes47/braids/internal/core/store/claudecode/claudecode.go:130.33,132.3 1 0
github.com/Ashes47/braids/internal/core/store/claudecode/claudecode.go:133.2,133.12 1 3
github.com/Ashes47/braids/internal/core/store/claudecode/claudecode.go:136.44,140.2 3 10
github.com/Ashes47/braids/internal/core/store/claudecode/claudecode.go:144.38,146.21 2 6
github.com/Ashes47/braids/internal/core/store/claudecode/claudecode.go:146.21,148.3 1 0
github.com/Ashes47/braids/internal/core/store/claudecode/claudecode.go:149.2,149.28 1 6
github.com/Ashes47/braids/internal/core/store/claudecode/claudecode.go:154.45,156.16 2 6
github.com/Ashes47/braids/internal/core/store/claudecode/claudecode.go:156.16,158.3 1 0
github.com/Ashes47/braids/internal/core/store/claudecode/claudecode.go:159.2,163.16 4 6
github.com/Ashes47/braids/internal/core/store/claudecode/claudecode.go:163.16,165.26 2 18
github.com/Ashes47/braids/internal/core/store/claudecode/claudecode.go:165.26,166.12 1 14
github.com/Ashes47/braids/internal/core/store/claudecode/claudecode.go:168.3,169.50 2 4
github.com/Ashes47/braids/internal/core/store/claudecode/claudecode.go:169.50,170.12 1 0
github.com/Ashes47/braids/internal/core/store/claudecode/claudecode.go:172.3,172.10 1 4
github.com/Ashes47/braids/internal/core/store/claudecode/claudecode.go:173.28,174.26 1 1
github.com/Ashes47/braids/internal/core/store/claudecode/claudecode.go:175.24,176.18 1 2
github.com/Ashes47/braids/internal/core/store/claudecode/claudecode.go:177.26,178.23 1 1
github.com/Ashes47/braids/internal/core/store/claudecode/claudecode.go:181.2,181.33 1 6
github.com/Ashes47/braids/internal/core/store/claudecode/claudecode.go:181.33,183.3 1 0
github.com/Ashes47/braids/internal/core/store/claudecode/claudecode.go:184.2,184.46 1 6
github.com/Ashes47/braids/internal/core/store/claudecode/claudecode.go:187.37,188.31 1 18
github.com/Ashes47/braids/internal/core/store/claudecode/claudecode.go:188.31,189.30 1 33
github.com/Ashes47/braids/internal/core/store/claudecode/claudecode.go:189.30,191.4 1 4
github.com/Ashes47/braids/internal/core/store/claudecode/claudecode.go:193.2,193.14 1 14
github.com/Ashes47/braids/internal/core/store/claudecode/claudecode.go:196.43,197.25 1 6
github.com/Ashes47/braids/internal/core/store/claudecode/claudecode.go:197.25,198.14 1 15
github.com/Ashes47/braids/internal/core/store/claudecode/claudecode.go:198.14,200.4 1 3
github.com/Ashes47/braids/internal/core/store/claudecode/claudecode.go:202.2,202.11 1 3
github.com/Ashes47/braids/internal/core/store/claudecode/claudecode.go:237.64,238.50 1 12
github.com/Ashes47/braids/internal/core/store/claudecode/claudecode.go:238.50,240.3 1 4
github.com/Ashes47/braids/internal/core/store/claudecode/claudecode.go:241.2,242.16 2 8
github.com/Ashes47/braids/internal/core/store/claudecode/claudecode.go:243.14,244.24 1 6
github.com/Ashes47/braids/internal/core/store/claudecode/claudecode.go:245.19,246.29 1 2
github.com/Ashes47/braids/internal/core/store/claudecode/claudecode.go:247.10,248.32 1 0
github.com/Ashes47/braids/internal/core/store/claudecode/claudecode.go:250.2,251.21 2 8
github.com/Ashes47/braids/internal/core/store/claudecode/claudecode.go:251.21,253.3 1 0
github.com/Ashes47/braids/internal/core/store/claudecode/claudecode.go:254.2,262.9 2 8
github.com/Ashes47/braids/internal/core/store/claudecode/claudecode.go:268.35,269.25 1 8
github.com/Ashes47/braids/internal/core/store/claudecode/claudecode.go:269.25,271.3 1 4
github.com/Ashes47/braids/internal/core/store/claudecode/claudecode.go:272.2,272.32 1 4
github.com/Ashes47/braids/internal/core/store/claudecode/claudecode.go:272.32,274.3 1 1
github.com/Ashes47/braids/internal/core/store/claudecode/claudecode.go:275.2,275.11 1 3
github.com/Ashes47/braids/internal/core/store/claudecode/claudecode.go:280.51,281.19 1 8
github.com/Ashes47/braids/internal/core/store/claudecode/claudecode.go:281.19,283.3 1 0
github.com/Ashes47/braids/internal/core/store/claudecode/claudecode.go:284.2,285.51 2 8
github.com/Ashes47/braids/internal/core/store/claudecode/claudecode.go:285.51,286.36 1 4
github.com/Ashes47/braids/internal/core/store/claudecode/claudecode.go:286.36,288.4 1 0
github.com/Ashes47/braids/internal/core/store/claudecode/claudecode.go:289.3,289.58 1 4
github.com/Ashes47/braids/internal/core/store/claudecode/claudecode.go:291.2,292.53 2 4
github.com/Ashes47/braids/internal/core/store/claudecode/claudecode.go:292.53,294.3 1 0
github.com/Ashes47/braids/internal/core/store/claudecode/claudecode.go:295.2,296.27 2 4
github.com/Ashes47/braids/internal/core/store/claudecode/claudecode.go:296.27,297.30 1 6
github.com/Ashes47/braids/internal/core/store/claudecode/claudecode.go:297.30,299.4 1 6
github.com/Ashes47/braids/internal/core/store/claudecode/claudecode.go:301.2,301.14 1 4
github.com/Ashes47/braids/internal/core/store/claudecode/claudecode.go:304.44,305.16 1 6
github.com/Ashes47/braids/internal/core/store/claudecode/claudecode.go:306.14,307.38 1 2
github.com/Ashes47/braids/internal/core/store/claudecode/claudecode.go:307.38,309.4 1 0
github.com/Ashes47/braids/internal/core/store/claudecode/claudecode.go:310.3,310.62 1 2
github.com/Ashes47/braids/internal/core/store/claudecode/claudecode.go:311.18,312.42 1 1
github.com/Ashes47/braids/internal/core/store/claudecode/claudecode.go:312.42,314.4 1 0
github.com/Ashes47/braids/internal/core/store/claudecode/claudecode.go:315.3,315.70 1 1
github.com/Ashes47/braids/internal/core/store/claudecode/claudecode.go:316.18,317.88 1 1
github.com/Ashes47/braids/internal/core/store/claudecode/claudecode.go:318.21,320.17 2 2
github.com/Ashes47/braids/internal/core/store/claudecode/claudecode.go:320.17,322.4 1 0
github.com/Ashes47/braids/internal/core/store/claudecode/claudecode.go:323.3,323.66 1 2
github.com/Ashes47/braids/internal/core/store/claudecode/claudecode.go:324.10,325.29 1 0
github.com/Ashes47/braids/internal/core/store/claudecode/claudecode.go:330.42,331.19 1 2
github.com/Ashes47/braids/internal/core/store/claudecode/claudecode.go:331.19,333.3 1 0
github.com/Ashes47/braids/internal/core/store/claudecode/claudecode.go:334.2,335.51 2 2
github.com/Ashes47/braids/internal/core/store/claudecode/claudecode.go:335.51,337.3 1 1
github.com/Ashes47/braids/internal/core/store/claudecode/claudecode.go:338.2,339.53 2 1
github.com/Ashes47/braids/internal/core/store/claudecode/claudecode.go:339.53,341.3 1 0
github.com/Ashes47/braids/internal/core/store/claudecode/claudecode.go:342.2,343.29 2 1
github.com/Ashes47/braids/internal/core/store/claudecode/claudecode.go:343.29,344.21 1 1
github.com/Ashes47/braids/internal/core/store/claudecode/claudecode.go:344.21,345.12 1 0
github.com/Ashes47/braids/internal/core/store/claudecode/claudecode.go:347.3,347.18 1 1
github.com/Ashes47/braids/internal/core/store/claudecode/claudecode.go:347.18,349.4 1 0
github.com/Ashes47/braids/internal/core/store/claudecode/claudecode.go:350.3,350.26 1 1
github.com/Ashes47/braids/internal/core/store/claudecode/claudecode.go:352.2,352.19 1 1
github.com/Ashes47/braids/internal/core/model/model.go:54.49,56.28 2 5
github.com/Ashes47/braids/internal/core/model/model.go:56.28,57.53 1 16
github.com/Ashes47/braids/internal/core/model/model.go:57.53,58.12 1 7
github.com/Ashes47/braids/internal/core/model/model.go:60.3,60.19 1 9
github.com/Ashes47/braids/internal/core/model/model.go:60.19,61.12 1 3
github.com/Ashes47/braids/internal/core/model/model.go:63.3,63.18 1 6
github.com/Ashes47/braids/internal/core/model/model.go:63.18,65.4 1 3
github.com/Ashes47/braids/internal/core/model/model.go:66.3,66.24 1 6
github.com/Ashes47/braids/internal/core/model/model.go:68.2,68.19 1 5
github.com/Ashes47/braids/internal/core/model/model.go:71.54,72.29 1 12
github.com/Ashes47/braids/internal/core/model/model.go:72.29,73.16 1 14
github.com/Ashes47/braids/internal/core/model/model.go:73.16,75.4 1 5
github.com/Ashes47/braids/internal/core/model/model.go:77.2,77.14 1 7
