mode: atomic
github.com/Ashes47/braids/internal/core/watch/watch.go:33.41,35.16 2 5
github.com/Ashes47/braids/internal/core/watch/watch.go:35.16,37.3 1 0
github.com/Ashes47/braids/internal/core/watch/watch.go:38.2,43.42 2 5
github.com/Ashes47/braids/internal/core/watch/watch.go:43.42,45.3 1 0
github.com/Ashes47/braids/internal/core/watch/watch.go:46.2,47.15 2 5
github.com/Ashes47/braids/internal/core/watch/watch.go:52.45,52.65 1 6
github.com/Ashes47/braids/internal/core/watch/watch.go:55.33,56.19 1 7
github.com/Ashes47/braids/internal/core/watch/watch.go:56.19,56.36 1 5
github.com/Ashes47/braids/internal/core/watch/watch.go:57.2,57.21 1 7
github.com/Ashes47/braids/internal/core/watch/watch.go:62.48,63.39 1 5
github.com/Ashes47/braids/internal/core/watch/watch.go:63.39,65.3 1 0
github.com/Ashes47/braids/internal/core/watch/watch.go:66.2,67.16 2 5
github.com/Ashes47/braids/internal/core/watch/watch.go:67.16,69.3 1 0
github.com/Ashes47/braids/internal/core/watch/watch.go:70.2,70.28 1 5
github.com/Ashes47/braids/internal/core/watch/watch.go:70.28,71.17 1 5
github.com/Ashes47/braids/internal/core/watch/watch.go:71.17,72.12 1 0
github.com/Ashes47/braids/internal/core/watch/watch.go:76.3,76.46 1 5
github.com/Ashes47/braids/internal/core/watch/watch.go:78.2,78.12 1 5
github.com/Ashes47/braids/internal/core/watch/watch.go:81.25,83.19 2 5
github.com/Ashes47/braids/internal/core/watch/watch.go:83.19,85.3 1 0
github.com/Ashes47/braids/internal/core/watch/watch.go:86.2,88.6 2 5
github.com/Ashes47/braids/internal/core/watch/watch.go:88.6,89.10 1 33
github.com/Ashes47/braids/internal/core/watch/watch.go:90.17,91.10 1 5
github.com/Ashes47/braids/internal/core/watch/watch.go:93.35,94.11 1 24
github.com/Ashes47/braids/internal/core/watch/watch.go:94.11,96.5 1 0
github.com/Ashes47/braids/internal/core/watch/watch.go:99.4,99.55 1 24
github.com/Ashes47/braids/internal/core/watch/watch.go:99.55,101.5 1 1
github.com/Ashes47/braids/internal/core/watch/watch.go:102.4,102.27 1 24
github.com/Ashes47/braids/internal/core/watch/watch.go:102.27,103.13 1 1
github.com/Ashes47/braids/internal/core/watch/watch.go:105.4,105.16 1 23
github.com/Ashes47/braids/internal/core/watch/watch.go:105.16,107.5 1 4
github.com/Ashes47/braids/internal/core/watch/watch.go:107.10,107.28 1 19
github.com/Ashes47/braids/internal/core/watch/watch.go:107.28,108.12 1 0
github.com/Ashes47/braids/internal/core/watch/watch.go:109.20,109.20 0 0
github.com/Ashes47/braids/internal/core/watch/watch.go:110.13,110.13 0 0
github.com/Ashes47/braids/internal/core/watch/watch.go:113.4,113.23 1 23
github.com/Ashes47/braids/internal/core/watch/watch.go:115.18,117.11 2 4
github.com/Ashes47/braids/internal/core/watch/watch.go:118.33,118.33 0 4
github.com/Ashes47/braids/internal/core/watch/watch.go:119.12,119.12 0 0
github.com/Ashes47/braids/internal/core/watch/watch.go:122.22,122.22 0 0
github.com/Ashes47/braids/internal/core/watch/watch.go:130.45,131.32 1 24
github.com/Ashes47/braids/internal/core/watch/watch.go:131.32,133.3 1 0
github.com/Ashes47/braids/internal/core/watch/watch.go:134.2,134.69 1 24
github.com/Ashes47/braids/internal/core/watch/watch.go:137.30,140.2 2 7
github.com/Ashes47/braids/internal/core/model/model.go:54.49,56.28 2 5
github.com/Ashes47/braids/internal/core/model/model.go:56.28,57.53 1 16
github.com/Ashes47/braids/internal/core/model/model.go:57.53,58.12 1 7
github.com/Ashes47/braids/internal/core/model/model.go:60.3,60.19 1 9
github.com/Ashes47/braids/internal/core/model/model.go:60.19,61.12 1 3
github.com/Ashes47/braids/internal/core/model/model.go:63.3,63.18 1 6
github.com/Ashes47/braids/internal/core/model/model.go:63.18,65.4 1 3
github.com/Ashes47/braids/internal/core/model/model.go:66.3,66.24 1 6
github.com/Ashes47/braids/internal/core/model/model.go:68.2,68.19 1 5
github.com/Ashes47/braids/internal/core/model/model.go:71.54,72.29 1 12
github.com/Ashes47/braids/internal/core/model/model.go:72.29,73.16 1 14
github.com/Ashes47/braids/internal/core/model/model.go:73.16,75.4 1 5
github.com/Ashes47/braids/internal/core/model/model.go:77.2,77.14 1 7
github.com/Ashes47/braids/internal/core/origins/origins.go:26.40,29.36 3 0
github.com/Ashes47/braids/internal/core/origins/origins.go:29.36,31.3 1 0
github.com/Ashes47/braids/internal/core/origins/origins.go:32.2,32.16 1 0
github.com/Ashes47/braids/internal/core/origins/origins.go:32.16,34.3 1 0
github.com/Ashes47/braids/internal/core/origins/origins.go:35.2,35.20 1 0
github.com/Ashes47/braids/internal/core/origins/origins.go:35.20,37.3 1 0
github.com/Ashes47/braids/internal/core/origins/origins.go:38.2,38.57 1 0
github.com/Ashes47/braids/internal/core/origins/origins.go:38.57,42.3 1 0
github.com/Ashes47/braids/internal/core/origins/origins.go:43.2,43.15 1 0
github.com/Ashes47/braids/internal/core/origins/origins.go:47.47,47.67 1 0
github.com/Ashes47/braids/internal/core/origins/origins.go:51.66,54.16 3 0
github.com/Ashes47/braids/internal/core/origins/origins.go:54.16,56.3 1 0
github.com/Ashes47/braids/internal/core/origins/origins.go:57.2,57.65 1 0
github.com/Ashes47/braids/internal/core/origins/origins.go:57.65,59.3 1 0
github.com/Ashes47/braids/internal/core/origins/origins.go:60.2,61.16 2 0
github.com/Ashes47/braids/internal/core/origins/origins.go:61.16,63.3 1 0
github.com/Ashes47/braids/internal/core/origins/origins.go:64.2,66.43 2 0
github.com/Ashes47/braids/internal/core/origins/origins.go:66.43,68.3 1 0
github.com/Ashes47/braids/internal/core/origins/origins.go:69.2,69.36 1 0
github.com/Ashes47/braids/internal/core/origins/origins.go:69.36,71.3 1 0
github.com/Ashes47/braids/internal/core/origins/origins.go:72.2,72.54 1 0
github.com/Ashes47/braids/internal/core/origins/origins.go:72.54,74.3 1 0
github.com/Ashes47/braids/internal/core/origins/origins.go:75.2,75.12 1 0
github.com/Ashes47/braids/internal/core/graph/graph.go:54.138,56.26 2 29
github.com/Ashes47/braids/internal/core/graph/graph.go:56.26,58.3 1 84
github.com/Ashes47/braids/internal/core/graph/graph.go:60.2,60.95 1 29
github.com/Ashes47/braids/internal/core/graph/graph.go:60.95,64.3 3 54
github.com/Ashes47/braids/internal/core/graph/graph.go:68.2,68.38 1 29
github.com/Ashes47/braids/internal/core/graph/graph.go:68.38,70.10 2 0
github.com/Ashes47/braids/internal/core/graph/graph.go:70.10,71.12 1 0
github.com/Ashes47/braids/internal/core/graph/graph.go:73.3,73.67 1 0
github.com/Ashes47/braids/internal/core/graph/graph.go:73.67,74.12 1 0
github.com/Ashes47/braids/internal/core/graph/graph.go:76.3,77.32 2 0
github.com/Ashes47/braids/internal/core/graph/graph.go:80.2,81.15 2 29
github.com/Ashes47/braids/internal/core/graph/graph.go:98.117,100.26 2 29
github.com/Ashes47/braids/internal/core/graph/graph.go:100.26,104.40 4 80
github.com/Ashes47/braids/internal/core/graph/graph.go:104.40,106.4 1 58
github.com/Ashes47/braids/internal/core/graph/graph.go:108.2,108.13 1 29
github.com/Ashes47/braids/internal/core/graph/graph.go:112.58,113.24 1 26
github.com/Ashes47/braids/internal/core/graph/graph.go:113.24,115.3 1 1
github.com/Ashes47/braids/internal/core/graph/graph.go:116.2,117.51 2 25
github.com/Ashes47/braids/internal/core/graph/graph.go:117.51,119.3 1 25
github.com/Ashes47/braids/internal/core/graph/graph.go:120.2,120.28 1 0
github.com/Ashes47/braids/internal/core/graph/graph.go:125.82,127.29 2 29
github.com/Ashes47/braids/internal/core/graph/graph.go:127.29,128.35 1 424
github.com/Ashes47/braids/internal/core/graph/graph.go:128.35,130.4 1 424
github.com/Ashes47/braids/internal/core/graph/graph.go:133.2,134.34 2 29
github.com/Ashes47/braids/internal/core/graph/graph.go:134.34,135.24 1 108
github.com/Ashes47/braids/internal/core/graph/graph.go:135.24,136.40 1 424
github.com/Ashes47/braids/internal/core/graph/graph.go:136.40,138.29 2 836
github.com/Ashes47/braids/internal/core/graph/graph.go:138.29,139.14 1 156
github.com/Ashes47/braids/internal/core/graph/graph.go:141.5,141.28 1 680
github.com/Ashes47/braids/internal/core/graph/graph.go:141.28,143.6 1 576
github.com/Ashes47/braids/internal/core/graph/graph.go:144.5,146.17 3 680
github.com/Ashes47/braids/internal/core/graph/graph.go:146.17,149.6 2 80
github.com/Ashes47/braids/internal/core/graph/graph.go:150.5,152.32 3 680
github.com/Ashes47/braids/internal/core/graph/graph.go:156.2,156.14 1 29
github.com/Ashes47/braids/internal/core/graph/graph.go:161.126,162.41 1 80
github.com/Ashes47/braids/internal/core/graph/graph.go:162.41,162.68 1 0
github.com/Ashes47/braids/internal/core/graph/graph.go:163.2,163.41 1 80
github.com/Ashes47/braids/internal/core/graph/graph.go:163.41,163.68 1 80
github.com/Ashes47/braids/internal/core/graph/graph.go:165.2,168.79 2 80
github.com/Ashes47/braids/internal/core/graph/graph.go:168.79,169.34 1 79
github.com/Ashes47/braids/internal/core/graph/graph.go:169.34,171.4 1 0
github.com/Ashes47/braids/internal/core/graph/graph.go:172.3,172.18 1 79
github.com/Ashes47/braids/internal/core/graph/graph.go:176.2,178.9 3 1
github.com/Ashes47/braids/internal/core/graph/graph.go:179.31,180.18 1 0
github.com/Ashes47/braids/internal/core/graph/graph.go:181.31,182.18 1 1
github.com/Ashes47/braids/internal/core/graph/graph.go:187.2,187.9 1 0
github.com/Ashes47/braids/internal/core/graph/graph.go:188.32,189.30 1 0
github.com/Ashes47/braids/internal/core/graph/graph.go:189.30,191.4 1 0
github.com/Ashes47/braids/internal/core/graph/graph.go:192.3,192.18 1 0
github.com/Ashes47/braids/internal/core/graph/graph.go:193.35,194.18 1 0
github.com/Ashes47/braids/internal/core/graph/graph.go:195.10,196.18 1 0
github.com/Ashes47/braids/internal/core/graph/graph.go:202.57,204.2 1 2
github.com/Ashes47/braids/internal/core/graph/graph.go:208.22,209.27 1 29
github.com/Ashes47/braids/internal/core/graph/graph.go:209.27,210.43 1 84
github.com/Ashes47/braids/internal/core/graph/graph.go:210.43,213.4 2 0
github.com/Ashes47/braids/internal/core/graph/graph.go:215.2,215.27 1 29
github.com/Ashes47/braids/internal/core/graph/graph.go:215.27,216.43 1 84
github.com/Ashes47/braids/internal/core/graph/graph.go:216.43,218.4 1 54
github.com/Ashes47/braids/internal/core/graph/graph.go:218.9,220.4 1 30
github.com/Ashes47/braids/internal/core/graph/graph.go:222.2,223.27 2 29
github.com/Ashes47/braids/internal/core/graph/graph.go:223.27,225.3 1 84
github.com/Ashes47/braids/internal/core/graph/graph.go:226.2,226.28 1 29
github.com/Ashes47/braids/internal/core/graph/graph.go:226.28,228.3 1 30
github.com/Ashes47/braids/internal/core/graph/graph.go:232.42,234.72 2 54
github.com/Ashes47/braids/internal/core/graph/graph.go:234.72,235.24 1 55
github.com/Ashes47/braids/internal/core/graph/graph.go:235.24,237.4 1 0
github.com/Ashes47/braids/internal/core/graph/graph.go:238.3,238.27 1 55
github.com/Ashes47/braids/internal/core/graph/graph.go:240.2,240.14 1 54
github.com/Ashes47/braids/internal/core/graph/graph.go:243.38,245.31 2 84
github.com/Ashes47/braids/internal/core/graph/graph.go:245.31,247.3 1 54
github.com/Ashes47/braids/internal/core/graph/graph.go:252.31,253.46 1 113
github.com/Ashes47/braids/internal/core/graph/graph.go:253.46,254.58 1 26
github.com/Ashes47/braids/internal/core/graph/graph.go:254.58,256.4 1 26
github.com/Ashes47/braids/internal/core/graph/graph.go:257.3,257.45 1 0
github.com/Ashes47/braids/internal/core/graph/graph.go:262.36,265.23 3 1
github.com/Ashes47/braids/internal/core/graph/graph.go:265.23,267.32 2 3
github.com/Ashes47/braids/internal/core/graph/graph.go:267.32,269.4 1 2
github.com/Ashes47/braids/internal/core/graph/graph.go:271.2,271.28 1 1
github.com/Ashes47/braids/internal/core/graph/graph.go:271.28,273.3 1 1
github.com/Ashes47/braids/internal/core/graph/graph.go:274.2,274.12 1 1
github.com/Ashes47/braids/internal/core/graph/spine.go:51.47,52.20 1 6
github.com/Ashes47/braids/internal/core/graph/spine.go:52.20,54.3 1 1
github.com/Ashes47/braids/internal/core/graph/spine.go:55.2,57.25 3 5
github.com/Ashes47/braids/internal/core/graph/spine.go:57.25,60.3 2 18
github.com/Ashes47/braids/internal/core/graph/spine.go:62.2,64.25 3 5
github.com/Ashes47/braids/internal/core/graph/spine.go:64.25,66.3 1 13
github.com/Ashes47/braids/internal/core/graph/spine.go:67.2,71.18 4 5
github.com/Ashes47/braids/internal/core/graph/spine.go:71.18,72.19 1 12
github.com/Ashes47/braids/internal/core/graph/spine.go:73.10,73.10 0 8
github.com/Ashes47/braids/internal/core/graph/spine.go:74.10,80.6 2 3
github.com/Ashes47/braids/internal/core/graph/spine.go:81.11,82.38 1 1
github.com/Ashes47/braids/internal/core/graph/spine.go:84.3,84.12 1 12
github.com/Ashes47/braids/internal/core/graph/spine.go:86.2,86.25 1 5
github.com/Ashes47/braids/internal/core/graph/spine.go:86.25,88.43 2 13
github.com/Ashes47/braids/internal/core/graph/spine.go:88.43,90.12 2 6
github.com/Ashes47/braids/internal/core/graph/spine.go:92.3,100.5 2 7
github.com/Ashes47/braids/internal/core/graph/spine.go:102.2,103.12 2 5
github.com/Ashes47/braids/internal/core/graph/spine.go:112.40,114.2 1 13
github.com/Ashes47/braids/internal/core/graph/spine.go:118.95,123.68 4 5
github.com/Ashes47/braids/internal/core/graph/spine.go:123.68,126.3 2 13
github.com/Ashes47/braids/internal/core/graph/spine.go:127.2,127.57 1 5
github.com/Ashes47/braids/internal/core/graph/spine.go:127.57,129.3 1 5
github.com/Ashes47/braids/internal/core/graph/spine.go:130.2,130.17 1 5
github.com/Ashes47/braids/internal/core/graph/spine.go:134.121,136.39 2 13
github.com/Ashes47/braids/internal/core/graph/spine.go:136.39,137.20 1 11
github.com/Ashes47/braids/internal/core/graph/spine.go:137.20,138.12 1 9
github.com/Ashes47/braids/internal/core/graph/spine.go:140.3,140.34 1 2
github.com/Ashes47/braids/internal/core/graph/spine.go:142.2,143.12 2 13
github.com/Ashes47/braids/internal/core/graph/spine.go:147.89,150.29 3 5
github.com/Ashes47/braids/internal/core/graph/spine.go:150.29,151.29 1 32
github.com/Ashes47/braids/internal/core/graph/spine.go:151.29,153.4 1 14
github.com/Ashes47/braids/internal/core/graph/spine.go:154.3,156.34 3 18
github.com/Ashes47/braids/internal/core/graph/spine.go:156.34,158.4 1 14
github.com/Ashes47/braids/internal/core/graph/spine.go:159.3,160.11 2 18
github.com/Ashes47/braids/internal/core/graph/spine.go:162.2,162.25 1 5
github.com/Ashes47/braids/internal/core/graph/spine.go:162.25,164.3 1 18
github.com/Ashes47/braids/internal/core/graph/spine.go:165.2,165.14 1 5
github.com/Ashes47/braids/internal/core/graph/spine.go:169.49,171.24 2 1
github.com/Ashes47/braids/internal/core/graph/spine.go:171.24,172.44 1 3
github.com/Ashes47/braids/internal/core/graph/spine.go:172.44,174.4 1 3
github.com/Ashes47/braids/internal/core/graph/spine.go:176.2,177.30 2 1
github.com/Ashes47/braids/internal/core/graph/spine.go:177.30,179.3 1 2
github.com/Ashes47/braids/internal/core/graph/spine.go:180.2,180.40 1 1
github.com/Ashes47/braids/internal/core/graph/spine.go:180.40,181.39 1 1
github.com/Ashes47/braids/internal/core/graph/spine.go:181.39,183.4 1 1
github.com/Ashes47/braids/internal/core/graph/spine.go:184.3,184.39 1 0
github.com/Ashes47/braids/internal/core/graph/spine.go:186.2,191.3 1 1
github.com/Ashes47/braids/internal/core/graph/spine.go:194.36,195.13 1 13
github.com/Ashes47/braids/internal/core/graph/spine.go:195.13,197.3 1 10
github.com/Ashes47/braids/internal/core/graph/spine.go:198.2,200.31 3 3
github.com/Ashes47/braids/internal/core/graph/spine.go:200.31,201.33 1 15
github.com/Ashes47/braids/internal/core/graph/spine.go:201.33,202.17 1 3
github.com/Ashes47/braids/internal/core/graph/spine.go:202.17,204.5 1 3
github.com/Ashes47/braids/internal/core/graph/spine.go:205.4,205.17 1 3
github.com/Ashes47/braids/internal/core/graph/spine.go:208.2,208.12 1 3
github.com/Ashes47/braids/cmd/braids/main.go:66.13,67.52 1 0
github.com/Ashes47/braids/cmd/braids/main.go:67.52,70.3 2 0
github.com/Ashes47/braids/cmd/braids/main.go:73.44,75.20 2 16
github.com/Ashes47/braids/cmd/braids/main.go:75.20,77.3 1 0
github.com/Ashes47/braids/cmd/braids/main.go:78.2,78.17 1 16
github.com/Ashes47/braids/cmd/braids/main.go:79.13,80.31 1 1
github.com/Ashes47/braids/cmd/braids/main.go:81.15,82.33 1 3
github.com/Ashes47/braids/cmd/braids/main.go:83.16,84.34 1 8
github.com/Ashes47/braids/cmd/braids/main.go:85.15,86.33 1 1
github.com/Ashes47/braids/cmd/braids/main.go:87.16,88.34 1 0
github.com/Ashes47/braids/cmd/braids/main.go:89.17,91.19 2 0
github.com/Ashes47/braids/cmd/braids/main.go:92.30,94.19 2 2
github.com/Ashes47/braids/cmd/braids/main.go:95.10,96.70 1 1
github.com/Ashes47/braids/cmd/braids/main.go:104.67,106.6 2 8
github.com/Ashes47/braids/cmd/braids/main.go:106.6,107.40 1 16
github.com/Ashes47/braids/cmd/braids/main.go:107.40,109.4 1 0
github.com/Ashes47/braids/cmd/braids/main.go:110.3,111.21 2 16
github.com/Ashes47/braids/cmd/braids/main.go:111.21,113.4 1 8
github.com/Ashes47/braids/cmd/braids/main.go:114.3,115.18 2 8
github.com/Ashes47/braids/cmd/braids/main.go:120.34,121.42 1 0
github.com/Ashes47/braids/cmd/braids/main.go:121.42,123.3 1 0
github.com/Ashes47/braids/cmd/braids/main.go:124.2,125.16 2 0
github.com/Ashes47/braids/cmd/braids/main.go:125.16,127.3 1 0
github.com/Ashes47/braids/cmd/braids/main.go:128.2,129.48 2 0
github.com/Ashes47/braids/cmd/braids/main.go:129.48,131.3 1 0
github.com/Ashes47/braids/cmd/braids/main.go:132.2,132.44 1 0
github.com/Ashes47/braids/cmd/braids/main.go:136.47,137.18 1 11
github.com/Ashes47/braids/cmd/braids/main.go:137.18,139.3 1 11
github.com/Ashes47/braids/cmd/braids/main.go:140.2,140.20 1 0
github.com/Ashes47/braids/cmd/braids/main.go:144.53,146.16 2 10
github.com/Ashes47/braids/cmd/braids/main.go:146.16,148.3 1 0
github.com/Ashes47/braids/cmd/braids/main.go:149.2,149.25 1 10
github.com/Ashes47/braids/cmd/braids/main.go:152.48,160.39 8 1
github.com/Ashes47/braids/cmd/braids/main.go:160.39,162.3 1 0
github.com/Ashes47/braids/cmd/braids/main.go:163.2,164.16 2 1
github.com/Ashes47/braids/cmd/braids/main.go:164.16,166.3 1 0
github.com/Ashes47/braids/cmd/braids/main.go:167.2,168.16 2 1
github.com/Ashes47/braids/cmd/braids/main.go:168.16,170.3 1 0
github.com/Ashes47/braids/cmd/braids/main.go:171.2,175.16 4 1
github.com/Ashes47/braids/cmd/braids/main.go:175.16,177.3 1 0
github.com/Ashes47/braids/cmd/braids/main.go:178.2,179.16 2 1
github.com/Ashes47/braids/cmd/braids/main.go:179.16,181.3 1 0
github.com/Ashes47/braids/cmd/braids/main.go:184.2,185.13 2 1
github.com/Ashes47/braids/cmd/braids/main.go:185.13,186.44 1 1
github.com/Ashes47/braids/cmd/braids/main.go:186.44,189.4 2 1
github.com/Ashes47/braids/cmd/braids/main.go:191.2,198.54 1 1
github.com/Ashes47/braids/cmd/braids/main.go:198.54,200.4 1 0
github.com/Ashes47/braids/cmd/braids/main.go:202.70,204.4 1 0
github.com/Ashes47/braids/cmd/braids/main.go:205.42,206.64 1 0
github.com/Ashes47/braids/cmd/braids/main.go:206.64,208.5 1 0
github.com/Ashes47/braids/cmd/braids/main.go:209.4,209.48 1 0
github.com/Ashes47/braids/cmd/braids/main.go:212.2,212.13 1 1
github.com/Ashes47/braids/cmd/braids/main.go:212.13,214.3 1 1
github.com/Ashes47/braids/cmd/braids/main.go:215.2,216.16 2 0
github.com/Ashes47/braids/cmd/braids/main.go:216.16,218.3 1 0
github.com/Ashes47/braids/cmd/braids/main.go:219.2,220.18 2 0
github.com/Ashes47/braids/cmd/braids/main.go:223.50,229.39 6 3
github.com/Ashes47/braids/cmd/braids/main.go:229.39,231.3 1 0
github.com/Ashes47/braids/cmd/braids/main.go:233.2,234.15 2 3
github.com/Ashes47/braids/cmd/braids/main.go:234.15,236.54 2 0
github.com/Ashes47/braids/cmd/braids/main.go:236.54,238.4 1 0
github.com/Ashes47/braids/cmd/braids/main.go:240.2,241.16 2 3
github.com/Ashes47/braids/cmd/braids/main.go:241.16,243.3 1 0
github.com/Ashes47/braids/cmd/braids/main.go:244.2,248.11 4 3
github.com/Ashes47/braids/cmd/braids/main.go:248.11,250.3 1 0
github.com/Ashes47/braids/cmd/braids/main.go:251.2,252.16 2 3
github.com/Ashes47/braids/cmd/braids/main.go:252.16,254.3 1 0
github.com/Ashes47/braids/cmd/braids/main.go:255.2,257.18 2 3
github.com/Ashes47/braids/cmd/braids/main.go:260.51,268.16 8 8
github.com/Ashes47/braids/cmd/braids/main.go:268.16,270.3 1 0
github.com/Ashes47/braids/cmd/braids/main.go:271.2,272.36 2 8
github.com/Ashes47/braids/cmd/braids/main.go:272.36,274.3 1 1
github.com/Ashes47/braids/cmd/braids/main.go:275.2,276.16 2 7
github.com/Ashes47/braids/cmd/braids/main.go:276.16,278.3 1 1
github.com/Ashes47/braids/cmd/braids/main.go:280.2,281.16 2 6
github.com/Ashes47/braids/cmd/braids/main.go:281.16,283.3 1 0
github.com/Ashes47/braids/cmd/braids/main.go:284.2,289.16 4 6
github.com/Ashes47/braids/cmd/braids/main.go:289.16,291.3 1 0
github.com/Ashes47/braids/cmd/braids/main.go:292.2,292.20 1 6
github.com/Ashes47/braids/cmd/braids/main.go:292.20,295.3 2 1
github.com/Ashes47/braids/cmd/braids/main.go:297.2,298.25 2 5
github.com/Ashes47/braids/cmd/braids/main.go:298.25,300.92 1 7
github.com/Ashes47/braids/cmd/braids/main.go:300.92,302.4 1 0
github.com/Ashes47/braids/cmd/braids/main.go:304.2,304.35 1 5
github.com/Ashes47/braids/cmd/braids/main.go:304.35,306.3 1 0
github.com/Ashes47/braids/cmd/braids/main.go:307.2,308.18 2 5
github.com/Ashes47/braids/cmd/braids/main.go:311.51,317.39 6 0
github.com/Ashes47/braids/cmd/braids/main.go:317.39,319.3 1 0
github.com/Ashes47/braids/cmd/braids/main.go:320.2,320.32 1 0
github.com/Ashes47/braids/cmd/braids/main.go:320.32,322.3 1 0
github.com/Ashes47/braids/cmd/braids/main.go:324.2,325.16 2 0
github.com/Ashes47/braids/cmd/braids/main.go:325.16,327.3 1 0
github.com/Ashes47/braids/cmd/braids/main.go:328.2,329.16 2 0
github.com/Ashes47/braids/cmd/braids/main.go:329.16,331.3 1 0
github.com/Ashes47/braids/cmd/braids/main.go:332.2,336.16 4 0
github.com/Ashes47/braids/cmd/braids/main.go:336.16,338.3 1 0
github.com/Ashes47/braids/cmd/braids/main.go:339.2,340.16 2 0
github.com/Ashes47/braids/cmd/braids/main.go:340.16,342.3 1 0
github.com/Ashes47/braids/cmd/braids/main.go:343.2,346.18 3 0
github.com/Ashes47/braids/cmd/braids/main.go:351.135,353.16 2 0
github.com/Ashes47/braids/cmd/braids/main.go:353.16,355.3 1 0
github.com/Ashes47/braids/cmd/braids/main.go:356.2,357.16 2 0
github.com/Ashes47/braids/cmd/braids/main.go:357.16,359.3 1 0
github.com/Ashes47/braids/cmd/braids/main.go:360.2,361.25 2 0
github.com/Ashes47/braids/cmd/braids/main.go:361.25,362.20 1 0
github.com/Ashes47/braids/cmd/braids/main.go:362.20,364.9 2 0
github.com/Ashes47/braids/cmd/braids/main.go:367.2,367.18 1 0
github.com/Ashes47/braids/cmd/braids/main.go:367.18,369.3 1 0
github.com/Ashes47/braids/cmd/braids/main.go:370.2,371.16 2 0
github.com/Ashes47/braids/cmd/braids/main.go:371.16,373.3 1 0
github.com/Ashes47/braids/cmd/braids/main.go:374.2,377.16 2 0
github.com/Ashes47/braids/cmd/braids/main.go:377.16,379.3 1 0
github.com/Ashes47/braids/cmd/braids/main.go:382.2,382.99 1 0
github.com/Ashes47/braids/cmd/braids/main.go:382.99,384.3 1 0
github.com/Ashes47/braids/cmd/braids/main.go:385.2,385.23 1 0
github.com/Ashes47/braids/cmd/braids/main.go:389.40,391.2 1 1
github.com/Ashes47/braids/cmd/braids/main.go:393.35,394.16 1 0
github.com/Ashes47/braids/cmd/braids/main.go:394.16,396.3 1 0
github.com/Ashes47/braids/cmd/braids/main.go:397.2,397.40 1 0
github.com/Ashes47/braids/cmd/braids/main.go:401.89,403.16 2 0
github.com/Ashes47/braids/cmd/braids/main.go:403.16,405.3 1 0
github.com/Ashes47/braids/cmd/braids/main.go:406.2,407.22 2 0
github.com/Ashes47/braids/cmd/braids/main.go:407.22,409.3 1 0
github.com/Ashes47/braids/cmd/braids/main.go:410.2,410.21 1 0
github.com/Ashes47/braids/cmd/braids/main.go:422.71,424.39 2 1
github.com/Ashes47/braids/cmd/braids/main.go:424.39,426.3 1 1
github.com/Ashes47/braids/cmd/braids/main.go:427.2,427.35 1 0
github.com/Ashes47/braids/cmd/braids/main.go:427.35,429.17 2 0
github.com/Ashes47/braids/cmd/braids/main.go:429.17,431.4 1 0
github.com/Ashes47/braids/cmd/braids/main.go:432.3,433.17 2 0
github.com/Ashes47/braids/cmd/braids/main.go:433.17,435.4 1 0
github.com/Ashes47/braids/cmd/braids/main.go:436.3,437.16 2 0
github.com/Ashes47/braids/cmd/braids/main.go:437.16,439.4 1 0
github.com/Ashes47/braids/cmd/braids/main.go:440.3,451.40 4 0
github.com/Ashes47/braids/cmd/braids/main.go:451.40,453.4 1 0
github.com/Ashes47/braids/cmd/braids/main.go:454.3,455.13 2 0
github.com/Ashes47/braids/cmd/braids/main.go:461.89,463.16 2 0
github.com/Ashes47/braids/cmd/braids/main.go:463.16,465.3 1 0
github.com/Ashes47/braids/cmd/braids/main.go:466.2,467.26 2 0
github.com/Ashes47/braids/cmd/braids/main.go:467.26,468.35 1 0
github.com/Ashes47/braids/cmd/braids/main.go:468.35,470.4 1 0
github.com/Ashes47/braids/cmd/braids/main.go:472.2,472.20 1 0
github.com/Ashes47/braids/cmd/braids/main.go:473.9,474.77 1 0
github.com/Ashes47/braids/cmd/braids/main.go:475.9,476.23 1 0
github.com/Ashes47/braids/cmd/braids/main.go:477.10,478.106 1 0
github.com/Ashes47/braids/cmd/braids/main.go:482.50,486.39 4 1
github.com/Ashes47/braids/cmd/braids/main.go:486.39,488.3 1 0
github.com/Ashes47/braids/cmd/braids/main.go:489.2,490.16 2 1
github.com/Ashes47/braids/cmd/braids/main.go:490.16,492.3 1 0
github.com/Ashes47/braids/cmd/braids/main.go:493.2,496.16 3 1
github.com/Ashes47/braids/cmd/braids/main.go:496.16,498.3 1 0
github.com/Ashes47/braids/cmd/braids/main.go:499.2,499.21 1 1
github.com/Ashes47/braids/cmd/braids/main.go:499.21,502.3 2 0
github.com/Ashes47/braids/cmd/braids/main.go:503.2,505.26 3 1
github.com/Ashes47/braids/cmd/braids/main.go:505.26,508.3 1 1
github.com/Ashes47/braids/cmd/braids/main.go:509.2,509.25 1 1
github.com/Ashes47/braids/cmd/braids/main.go:509.25,510.48 1 2
github.com/Ashes47/braids/cmd/braids/main.go:510.48,512.4 1 0
github.com/Ashes47/braids/cmd/braids/main.go:514.2,514.35 1 1
github.com/Ashes47/braids/cmd/braids/main.go:514.35,516.3 1 0
github.com/Ashes47/braids/cmd/braids/main.go:517.2,518.18 2 1
github.com/Ashes47/braids/cmd/braids/main.go:523.53,524.32 1 9
github.com/Ashes47/braids/cmd/braids/main.go:524.32,526.3 1 6
github.com/Ashes47/braids/cmd/braids/main.go:527.2,534.44 3 3
github.com/Ashes47/braids/cmd/braids/main.go:534.44,536.17 2 4
github.com/Ashes47/braids/cmd/braids/main.go:536.17,537.12 1 0
github.com/Ashes47/braids/cmd/braids/main.go:539.3,540.10 2 4
github.com/Ashes47/braids/cmd/braids/main.go:540.10,542.4 1 1
github.com/Ashes47/braids/cmd/braids/main.go:543.3,543.27 1 3
github.com/Ashes47/braids/cmd/braids/main.go:545.2,545.19 1 2
github.com/Ashes47/braids/cmd/braids/main.go:548.36,549.23 1 7
github.com/Ashes47/braids/cmd/braids/main.go:549.23,551.3 1 7
github.com/Ashes47/braids/cmd/braids/main.go:552.2,552.26 1 0
github.com/Ashes47/braids/cmd/braids/main.go:555.36,556.49 1 7
github.com/Ashes47/braids/cmd/braids/main.go:556.49,558.3 1 5
github.com/Ashes47/braids/cmd/braids/main.go:559.2,559.23 1 2
github.com/Ashes47/braids/cmd/braids/main.go:562.32,562.58 1 1
github.com/Ashes47/braids/cmd/braids/main.go:564.31,566.2 1 7
github.com/Ashes47/braids/cmd/braids/main.go:568.39,570.17 2 23
github.com/Ashes47/braids/cmd/braids/main.go:570.17,572.3 1 21
github.com/Ashes47/braids/cmd/braids/main.go:573.2,573.12 1 2
github.com/Ashes47/braids/cmd/braids/main.go:573.12,575.3 1 0
github.com/Ashes47/braids/cmd/braids/main.go:576.2,576.32 1 2
github.com/Ashes47/braids/cmd/braids/print.go:20.39,20.64 1 16
github.com/Ashes47/braids/cmd/braids/print.go:23.48,24.18 1 82
github.com/Ashes47/braids/cmd/braids/print.go:24.18,26.3 1 0
github.com/Ashes47/braids/cmd/braids/print.go:27.2,28.16 2 82
github.com/Ashes47/braids/cmd/braids/print.go:28.16,30.3 1 0
github.com/Ashes47/braids/cmd/braids/print.go:31.2,31.15 1 82
github.com/Ashes47/braids/cmd/braids/print.go:34.51,35.18 1 12
github.com/Ashes47/braids/cmd/braids/print.go:35.18,37.3 1 12
github.com/Ashes47/braids/cmd/braids/print.go:41.31,41.47 1 12
github.com/Ashes47/braids/internal/core/index/index.go:119.40,121.16 2 9
github.com/Ashes47/braids/internal/core/index/index.go:121.16,123.3 1 0
github.com/Ashes47/braids/internal/core/index/index.go:124.2,127.4 1 9
github.com/Ashes47/braids/internal/core/index/index.go:127.4,128.44 1 18
github.com/Ashes47/braids/internal/core/index/index.go:128.44,130.4 1 0
github.com/Ashes47/braids/internal/core/index/index.go:132.2,132.36 1 9
github.com/Ashes47/braids/internal/core/index/index.go:132.36,134.3 1 0
github.com/Ashes47/braids/internal/core/index/index.go:135.2,135.28 1 9
github.com/Ashes47/braids/internal/core/index/index.go:141.32,143.74 2 9
github.com/Ashes47/braids/internal/core/index/index.go:143.74,145.3 1 0
github.com/Ashes47/braids/internal/core/index/index.go:146.2,146.30 1 9
github.com/Ashes47/braids/internal/core/index/index.go:146.30,147.45 1 9
github.com/Ashes47/braids/internal/core/index/index.go:147.45,149.4 1 0
github.com/Ashes47/braids/internal/core/index/index.go:151.2,151.43 1 9
github.com/Ashes47/braids/internal/core/index/index.go:151.43,153.3 1 0
github.com/Ashes47/braids/internal/core/index/index.go:154.2,154.89 1 9
github.com/Ashes47/braids/internal/core/index/index.go:154.89,156.3 1 0
github.com/Ashes47/braids/internal/core/index/index.go:157.2,157.12 1 9
github.com/Ashes47/braids/internal/core/index/index.go:161.32,161.56 1 9
github.com/Ashes47/braids/internal/core/index/index.go:166.80,169.16 3 6
github.com/Ashes47/braids/internal/core/index/index.go:169.16,171.3 1 0
github.com/Ashes47/braids/internal/core/index/index.go:173.2,174.16 2 6
github.com/Ashes47/braids/internal/core/index/index.go:174.16,176.3 1 0
github.com/Ashes47/braids/internal/core/index/index.go:177.2,179.98 2 6
github.com/Ashes47/braids/internal/core/index/index.go:179.98,180.54 1 18
github.com/Ashes47/braids/internal/core/index/index.go:180.54,182.4 1 0
github.com/Ashes47/braids/internal/core/index/index.go:184.2,187.16 2 6
github.com/Ashes47/braids/internal/core/index/index.go:187.16,189.3 1 0
github.com/Ashes47/braids/internal/core/index/index.go:190.2,193.16 3 6
github.com/Ashes47/braids/internal/core/index/index.go:193.16,195.3 1 0
github.com/Ashes47/braids/internal/core/index/index.go:196.2,200.16 3 6
github.com/Ashes47/braids/internal/core/index/index.go:200.16,202.3 1 0
github.com/Ashes47/braids/internal/core/index/index.go:203.2,206.29 3 6
github.com/Ashes47/braids/internal/core/index/index.go:206.29,209.62 3 13
github.com/Ashes47/braids/internal/core/index/index.go:209.62,213.84 3 20
github.com/Ashes47/braids/internal/core/index/index.go:213.84,215.5 1 0
github.com/Ashes47/braids/internal/core/index/index.go:216.4,216.30 1 20
github.com/Ashes47/braids/internal/core/index/index.go:216.30,217.40 1 30
github.com/Ashes47/braids/internal/core/index/index.go:217.40,218.14 1 5
github.com/Ashes47/braids/internal/core/index/index.go:220.5,221.71 1 25
github.com/Ashes47/braids/internal/core/index/index.go:221.71,223.6 1 0
github.com/Ashes47/braids/internal/core/index/index.go:224.5,225.16 2 25
github.com/Ashes47/braids/internal/core/index/index.go:227.4,227.14 1 20
github.com/Ashes47/braids/internal/core/index/index.go:229.3,229.17 1 13
github.com/Ashes47/braids/internal/core/index/index.go:229.17,231.4 1 0
github.com/Ashes47/braids/internal/core/index/index.go:232.3,234.48 1 13
github.com/Ashes47/braids/internal/core/index/index.go:234.48,236.4 1 0
github.com/Ashes47/braids/internal/core/index/index.go:238.2,238.36 1 6
github.com/Ashes47/braids/internal/core/index/index.go:238.36,240.3 1 0
github.com/Ashes47/braids/internal/core/index/index.go:241.2,242.19 2 6
github.com/Ashes47/braids/internal/core/index/index.go:251.77,254.16 3 9
github.com/Ashes47/braids/internal/core/index/index.go:254.16,256.3 1 0
github.com/Ashes47/braids/internal/core/index/index.go:257.2,258.16 2 9
github.com/Ashes47/braids/internal/core/index/index.go:258.16,260.3 1 0
github.com/Ashes47/braids/internal/core/index/index.go:261.2,262.26 2 9
github.com/Ashes47/braids/internal/core/index/index.go:262.26,264.3 1 10
github.com/Ashes47/braids/internal/core/index/index.go:266.2,267.16 2 9
github.com/Ashes47/braids/internal/core/index/index.go:267.16,269.3 1 0
github.com/Ashes47/braids/internal/core/index/index.go:270.2,274.29 4 9
github.com/Ashes47/braids/internal/core/index/index.go:274.29,278.107 2 18
github.com/Ashes47/braids/internal/core/index/index.go:278.107,281.12 3 8
github.com/Ashes47/braids/internal/core/index/index.go:283.3,284.17 2 10
github.com/Ashes47/braids/internal/core/index/index.go:284.17,286.4 1 0
github.com/Ashes47/braids/internal/core/index/index.go:287.3,288.23 2 10
github.com/Ashes47/braids/internal/core/index/index.go:290.2,290.25 1 9
github.com/Ashes47/braids/internal/core/index/index.go:290.25,291.16 1 10
github.com/Ashes47/braids/internal/core/index/index.go:291.16,292.50 1 1
github.com/Ashes47/braids/internal/core/index/index.go:292.50,294.5 1 0
github.com/Ashes47/braids/internal/core/index/index.go:297.2,297.36 1 9
github.com/Ashes47/braids/internal/core/index/index.go:297.36,299.3 1 0
github.com/Ashes47/braids/internal/core/index/index.go:300.2,301.19 2 9
github.com/Ashes47/braids/internal/core/index/index.go:306.80,308.9 2 23
github.com/Ashes47/braids/internal/core/index/index.go:308.9,310.3 1 23
github.com/Ashes47/braids/internal/core/index/index.go:311.2,312.16 2 0
github.com/Ashes47/braids/internal/core/index/index.go:312.16,314.3 1 0
github.com/Ashes47/braids/internal/core/index/index.go:315.2,315.17 1 0
github.com/Ashes47/braids/internal/core/index/index.go:318.71,323.4 1 11
github.com/Ashes47/braids/internal/core/index/index.go:323.4,324.62 1 33
github.com/Ashes47/braids/internal/core/index/index.go:324.62,326.4 1 0
github.com/Ashes47/braids/internal/core/index/index.go:328.2,328.12 1 11
github.com/Ashes47/braids/internal/core/index/index.go:332.115,333.53 1 10
github.com/Ashes47/braids/internal/core/index/index.go:333.53,335.3 1 0
github.com/Ashes47/braids/internal/core/index/index.go:336.2,339.16 3 10
github.com/Ashes47/braids/internal/core/index/index.go:339.16,341.3 1 0
github.com/Ashes47/braids/internal/core/index/index.go:342.2,346.16 3 10
github.com/Ashes47/braids/internal/core/index/index.go:346.16,348.3 1 0
github.com/Ashes47/braids/internal/core/index/index.go:349.2,351.60 2 10
github.com/Ashes47/braids/internal/core/index/index.go:351.60,354.83 2 14
github.com/Ashes47/braids/internal/core/index/index.go:354.83,356.4 1 0
github.com/Ashes47/braids/internal/core/index/index.go:357.3,357.29 1 14
github.com/Ashes47/braids/internal/core/index/index.go:357.29,358.39 1 22
github.com/Ashes47/braids/internal/core/index/index.go:358.39,359.13 1 4
github.com/Ashes47/braids/internal/core/index/index.go:361.4,362.70 1 18
github.com/Ashes47/braids/internal/core/index/index.go:362.70,364.5 1 0
github.com/Ashes47/braids/internal/core/index/index.go:365.4,365.11 1 18
github.com/Ashes47/braids/internal/core/index/index.go:367.3,367.13 1 14
github.com/Ashes47/braids/internal/core/index/index.go:369.2,369.16 1 10
github.com/Ashes47/braids/internal/core/index/index.go:369.16,371.3 1 0
github.com/Ashes47/braids/internal/core/index/index.go:372.2,376.86 1 10
github.com/Ashes47/braids/internal/core/index/index.go:376.86,378.3 1 0
github.com/Ashes47/braids/internal/core/index/index.go:379.2,379.25 1 10
github.com/Ashes47/braids/internal/core/index/index.go:383.70,384.37 1 7
github.com/Ashes47/braids/internal/core/index/index.go:384.37,386.3 1 1
github.com/Ashes47/braids/internal/core/index/index.go:387.2,388.16 2 6
github.com/Ashes47/braids/internal/core/index/index.go:388.16,390.3 1 6
github.com/Ashes47/braids/internal/core/index/index.go:392.2,396.18 2 6
github.com/Ashes47/braids/internal/core/index/index.go:396.18,399.3 2 1
github.com/Ashes47/braids/internal/core/index/index.go:400.2,400.22 1 6
github.com/Ashes47/braids/internal/core/index/index.go:400.22,402.29 2 1
github.com/Ashes47/braids/internal/core/index/index.go:402.29,405.4 2 1
github.com/Ashes47/braids/internal/core/index/index.go:406.3,406.72 1 1
github.com/Ashes47/braids/internal/core/index/index.go:408.2,419.16 4 6
github.com/Ashes47/braids/internal/core/index/index.go:419.16,421.3 1 0
github.com/Ashes47/braids/internal/core/index/index.go:422.2,425.18 3 6
github.com/Ashes47/braids/internal/core/index/index.go:425.18,430.56 4 8
github.com/Ashes47/braids/internal/core/index/index.go:430.56,432.4 1 0
github.com/Ashes47/braids/internal/core/index/index.go:433.3,436.25 4 8
github.com/Ashes47/braids/internal/core/index/index.go:438.2,438.35 1 6
github.com/Ashes47/braids/internal/core/index/index.go:438.35,440.3 1 0
github.com/Ashes47/braids/internal/core/index/index.go:441.2,441.18 1 6
github.com/Ashes47/braids/internal/core/index/index.go:457.89,461.16 2 0
github.com/Ashes47/braids/internal/core/index/index.go:461.16,463.3 1 0
github.com/Ashes47/braids/internal/core/index/index.go:464.2,467.18 3 0
github.com/Ashes47/braids/internal/core/index/index.go:467.18,471.97 4 0
github.com/Ashes47/braids/internal/core/index/index.go:471.97,473.4 1 0
github.com/Ashes47/braids/internal/core/index/index.go:474.3,476.23 3 0
github.com/Ashes47/braids/internal/core/index/index.go:478.2,478.35 1 0
github.com/Ashes47/braids/internal/core/index/index.go:478.35,480.3 1 0
github.com/Ashes47/braids/internal/core/index/index.go:481.2,481.17 1 0
github.com/Ashes47/braids/internal/core/index/index.go:490.40,492.35 2 34
github.com/Ashes47/braids/internal/core/index/index.go:492.35,494.3 1 0
github.com/Ashes47/braids/internal/core/index/index.go:495.2,496.28 2 34
github.com/Ashes47/braids/internal/core/index/index.go:496.28,498.3 1 0
github.com/Ashes47/braids/internal/core/index/index.go:499.2,499.13 1 34
github.com/Ashes47/braids/internal/core/index/index.go:503.38,506.28 3 34
github.com/Ashes47/braids/internal/core/index/index.go:506.28,507.66 1 52
github.com/Ashes47/braids/internal/core/index/index.go:507.66,508.12 1 43
github.com/Ashes47/braids/internal/core/index/index.go:510.3,511.32 2 9
github.com/Ashes47/braids/internal/core/index/index.go:513.2,513.33 1 34
github.com/Ashes47/braids/internal/core/index/index.go:518.67,525.16 2 1
github.com/Ashes47/braids/internal/core/index/index.go:525.16,527.3 1 0
github.com/Ashes47/braids/internal/core/index/index.go:528.2,531.18 3 1
github.com/Ashes47/braids/internal/core/index/index.go:531.18,533.68 2 2
github.com/Ashes47/braids/internal/core/index/index.go:533.68,535.4 1 0
github.com/Ashes47/braids/internal/core/index/index.go:536.3,536.23 1 2
github.com/Ashes47/braids/internal/core/index/index.go:538.2,538.35 1 1
github.com/Ashes47/braids/internal/core/index/index.go:538.35,540.3 1 0
github.com/Ashes47/braids/internal/core/index/index.go:541.2,541.17 1 1
github.com/Ashes47/braids/internal/core/index/index.go:547.81,550.16 2 0
github.com/Ashes47/braids/internal/core/index/index.go:550.16,552.3 1 0
github.com/Ashes47/braids/internal/core/index/index.go:553.2,556.18 3 0
github.com/Ashes47/braids/internal/core/index/index.go:556.18,559.47 3 0
github.com/Ashes47/braids/internal/core/index/index.go:559.47,561.4 1 0
github.com/Ashes47/braids/internal/core/index/index.go:562.3,562.50 1 0
github.com/Ashes47/braids/internal/core/index/index.go:564.2,564.35 1 0
github.com/Ashes47/braids/internal/core/index/index.go:564.35,566.3 1 0
github.com/Ashes47/braids/internal/core/index/index.go:567.2,567.17 1 0
github.com/Ashes47/braids/internal/core/index/index.go:571.65,574.16 2 12
github.com/Ashes47/braids/internal/core/index/index.go:574.16,576.3 1 0
github.com/Ashes47/braids/internal/core/index/index.go:577.2,580.18 3 12
github.com/Ashes47/braids/internal/core/index/index.go:580.18,584.68 3 15
github.com/Ashes47/braids/internal/core/index/index.go:584.68,586.4 1 0
github.com/Ashes47/braids/internal/core/index/index.go:587.3,587.18 1 15
github.com/Ashes47/braids/internal/core/index/index.go:587.18,589.4 1 0
github.com/Ashes47/braids/internal/core/index/index.go:590.3,591.27 2 15
github.com/Ashes47/braids/internal/core/index/index.go:593.2,593.35 1 12
github.com/Ashes47/braids/internal/core/index/index.go:593.35,595.3 1 0
github.com/Ashes47/braids/internal/core/index/index.go:596.2,596.19 1 12
github.com/Ashes47/braids/internal/core/index/index.go:600.36,601.16 1 23
github.com/Ashes47/braids/internal/core/index/index.go:601.16,603.3 1 23
github.com/Ashes47/braids/internal/core/index/index.go:604.2,604.17 1 0
github.com/Ashes47/braids/internal/core/index/index.go:609.30,610.36 1 13
github.com/Ashes47/braids/internal/core/index/index.go:610.36,612.3 1 3
github.com/Ashes47/braids/internal/core/index/index.go:613.2,613.38 1 10
github.com/Ashes47/braids/internal/core/index/index.go:613.38,614.12 1 13
github.com/Ashes47/braids/internal/core/index/index.go:615.27,616.15 1 1
github.com/Ashes47/braids/internal/core/index/index.go:618.3,618.36 1 12
github.com/Ashes47/braids/internal/core/index/index.go:618.36,620.4 1 0
github.com/Ashes47/braids/internal/core/index/index.go:622.2,622.14 1 9
github.com/Ashes47/braids/internal/core/index/index.go:628.34,630.17 2 13
github.com/Ashes47/braids/internal/core/index/index.go:630.17,632.3 1 4
github.com/Ashes47/braids/internal/core/index/index.go:633.2,635.27 3 9
github.com/Ashes47/braids/internal/core/index/index.go:635.27,637.3 1 11
github.com/Ashes47/braids/internal/core/index/index.go:638.2,638.34 1 9
github.com/Ashes47/braids/internal/core/store/claudecode/birthtime_darwin.go:13.44,15.9 2 20
github.com/Ashes47/braids/internal/core/store/claudecode/birthtime_darwin.go:15.9,17.3 1 0
github.com/Ashes47/braids/internal/core/store/claudecode/birthtime_darwin.go:18.2,18.63 1 20
github.com/Ashes47/braids/internal/core/store/claudecode/branch.go:29.91,30.25 1 6
github.com/Ashes47/braids/internal/core/store/claudecode/branch.go:30.25,32.3 1 1
github.com/Ashes47/braids/internal/core/store/claudecode/branch.go:33.2,34.16 2 5
github.com/Ashes47/braids/internal/core/store/claudecode/branch.go:34.16,36.3 1 0
github.com/Ashes47/braids/internal/core/store/claudecode/branch.go:37.2,38.16 2 5
github.com/Ashes47/braids/internal/core/store/claudecode/branch.go:38.16,40.3 1 1
github.com/Ashes47/braids/internal/core/store/claudecode/branch.go:42.2,43.16 2 4
github.com/Ashes47/braids/internal/core/store/claudecode/branch.go:43.16,45.3 1 0
github.com/Ashes47/braids/internal/core/store/claudecode/branch.go:46.2,47.72 2 4
github.com/Ashes47/braids/internal/core/store/claudecode/branch.go:47.72,49.3 1 0
github.com/Ashes47/braids/internal/core/store/claudecode/branch.go:51.2,52.16 2 4
github.com/Ashes47/braids/internal/core/store/claudecode/branch.go:52.16,54.3 1 0
github.com/Ashes47/braids/internal/core/store/claudecode/branch.go:55.2,64.8 1 4
github.com/Ashes47/braids/internal/core/store/claudecode/branch.go:74.45,76.16 2 5
github.com/Ashes47/braids/internal/core/store/claudecode/branch.go:76.16,78.3 1 0
github.com/Ashes47/braids/internal/core/store/claudecode/branch.go:79.2,83.16 4 5
github.com/Ashes47/braids/internal/core/store/claudecode/branch.go:83.16,86.49 3 30
github.com/Ashes47/braids/internal/core/store/claudecode/branch.go:86.49,88.12 2 0
github.com/Ashes47/braids/internal/core/store/claudecode/branch.go:90.3,90.72 1 30
github.com/Ashes47/braids/internal/core/store/claudecode/branch.go:92.2,92.33 1 5
github.com/Ashes47/braids/internal/core/store/claudecode/branch.go:92.33,94.3 1 0
github.com/Ashes47/braids/internal/core/store/claudecode/branch.go:95.2,95.17 1 5
github.com/Ashes47/braids/internal/core/store/claudecode/branch.go:101.69,104.26 3 5
github.com/Ashes47/braids/internal/core/store/claudecode/branch.go:104.26,105.19 1 30
github.com/Ashes47/braids/internal/core/store/claudecode/branch.go:105.19,106.12 1 5
github.com/Ashes47/braids/internal/core/store/claudecode/branch.go:108.3,109.23 2 25
github.com/Ashes47/braids/internal/core/store/claudecode/branch.go:109.23,111.4 1 4
github.com/Ashes47/braids/internal/core/store/claudecode/branch.go:113.2,113.12 1 5
github.com/Ashes47/braids/internal/core/store/claudecode/branch.go:113.12,115.3 1 1
github.com/Ashes47/braids/internal/core/store/claudecode/branch.go:117.2,118.65 2 4
github.com/Ashes47/braids/internal/core/store/claudecode/branch.go:118.65,120.3 1 11
github.com/Ashes47/braids/internal/core/store/claudecode/branch.go:121.2,121.18 1 4
github.com/Ashes47/braids/internal/core/store/claudecode/branch.go:124.126,126.16 2 4
github.com/Ashes47/braids/internal/core/store/claudecode/branch.go:126.16,128.3 1 0
github.com/Ashes47/braids/internal/core/store/claudecode/branch.go:129.2,132.29 3 4
github.com/Ashes47/braids/internal/core/store/claudecode/branch.go:132.29,134.17 2 6
github.com/Ashes47/braids/internal/core/store/claudecode/branch.go:134.17,136.4 1 0
github.com/Ashes47/braids/internal/core/store/claudecode/branch.go:137.3,138.13 2 6
github.com/Ashes47/braids/internal/core/store/claudecode/branch.go:141.2,141.21 1 4
github.com/Ashes47/braids/internal/core/store/claudecode/branch.go:141.21,142.21 1 4
github.com/Ashes47/braids/internal/core/store/claudecode/branch.go:142.21,145.19 1 2
github.com/Ashes47/braids/internal/core/store/claudecode/branch.go:145.19,147.5 1 0
github.com/Ashes47/braids/internal/core/store/claudecode/branch.go:149.3,149.27 1 4
github.com/Ashes47/braids/internal/core/store/claudecode/branch.go:149.27,150.36 1 24
github.com/Ashes47/braids/internal/core/store/claudecode/branch.go:150.36,152.5 1 0
github.com/Ashes47/braids/internal/core/store/claudecode/branch.go:153.4,153.37 1 24
github.com/Ashes47/braids/internal/core/store/claudecode/branch.go:153.37,154.13 1 13
github.com/Ashes47/braids/internal/core/store/claudecode/branch.go:156.4,157.18 2 11
github.com/Ashes47/braids/internal/core/store/claudecode/branch.go:157.18,159.5 1 0
github.com/Ashes47/braids/internal/core/store/claudecode/branch.go:160.4,160.64 1 11
github.com/Ashes47/braids/internal/core/store/claudecode/branch.go:160.64,162.5 1 0
github.com/Ashes47/braids/internal/core/store/claudecode/branch.go:165.3,167.5 1 4
github.com/Ashes47/braids/internal/core/store/claudecode/branch.go:169.2,169.16 1 4
github.com/Ashes47/braids/internal/core/store/claudecode/branch.go:169.16,171.3 1 0
github.com/Ashes47/braids/internal/core/store/claudecode/branch.go:172.2,172.36 1 4
github.com/Ashes47/braids/internal/core/store/claudecode/branch.go:172.36,174.3 1 0
github.com/Ashes47/braids/internal/core/store/claudecode/branch.go:175.2,175.49 1 4
github.com/Ashes47/braids/internal/core/store/claudecode/branch.go:175.49,177.3 1 0
github.com/Ashes47/braids/internal/core/store/claudecode/branch.go:178.2,178.12 1 4
github.com/Ashes47/braids/internal/core/store/claudecode/branch.go:182.57,184.9 2 11
github.com/Ashes47/braids/internal/core/store/claudecode/branch.go:184.9,187.3 1 0
github.com/Ashes47/braids/internal/core/store/claudecode/branch.go:188.2,189.16 2 11
github.com/Ashes47/braids/internal/core/store/claudecode/branch.go:189.16,191.3 1 0
github.com/Ashes47/braids/internal/core/store/claudecode/branch.go:192.2,192.58 1 11
github.com/Ashes47/braids/internal/core/store/claudecode/branch.go:192.58,193.31 1 22
github.com/Ashes47/braids/internal/core/store/claudecode/branch.go:193.31,195.4 1 11
github.com/Ashes47/braids/internal/core/store/claudecode/branch.go:197.2,198.16 2 11
github.com/Ashes47/braids/internal/core/store/claudecode/branch.go:198.16,200.3 1 0
github.com/Ashes47/braids/internal/core/store/claudecode/branch.go:201.2,201.17 1 11
github.com/Ashes47/braids/internal/core/store/claudecode/branch.go:206.66,208.53 2 11
github.com/Ashes47/braids/internal/core/store/claudecode/branch.go:208.53,210.3 1 0
github.com/Ashes47/braids/internal/core/store/claudecode/branch.go:211.2,211.21 1 11
github.com/Ashes47/braids/internal/core/store/claudecode/branch.go:215.37,217.43 2 4
github.com/Ashes47/braids/internal/core/store/claudecode/branch.go:217.43,219.3 1 0
github.com/Ashes47/braids/internal/core/store/claudecode/branch.go:220.2,223.85 4 4
github.com/Ashes47/braids/internal/core/store/claudecode/branch.go:226.30,227.18 1 1
github.com/Ashes47/braids/internal/core/store/claudecode/branch.go:227.18,229.3 1 1
github.com/Ashes47/braids/internal/core/store/claudecode/branch.go:230.2,230.15 1 0
github.com/Ashes47/braids/internal/core/store/claudecode/claudecode.go:33.31,33.61 1 11
github.com/Ashes47/braids/internal/core/store/claudecode/claudecode.go:36.36,38.16 2 0
github.com/Ashes47/braids/internal/core/store/claudecode/claudecode.go:38.16,40.3 1 0
github.com/Ashes47/braids/internal/core/store/claudecode/claudecode.go:41.2,41.56 1 0
github.com/Ashes47/braids/internal/core/store/claudecode/claudecode.go:45.32,45.55 1 20
github.com/Ashes47/braids/internal/core/store/claudecode/claudecode.go:48.52,56.2 1 0
github.com/Ashes47/braids/internal/core/store/claudecode/claudecode.go:65.67,67.16 2 13
github.com/Ashes47/braids/internal/core/store/claudecode/claudecode.go:67.16,69.3 1 0
github.com/Ashes47/braids/internal/core/store/claudecode/claudecode.go:70.2,71.35 2 13
github.com/Ashes47/braids/internal/core/store/claudecode/claudecode.go:71.35,72.23 1 13
github.com/Ashes47/braids/internal/core/store/claudecode/claudecode.go:72.23,73.12 1 0
github.com/Ashes47/braids/internal/core/store/claudecode/claudecode.go:75.3,77.17 3 13
github.com/Ashes47/braids/internal/core/store/claudecode/claudecode.go:77.17,79.4 1 0
github.com/Ashes47/braids/internal/core/store/claudecode/claudecode.go:80.3,80.29 1 13
github.com/Ashes47/braids/internal/core/store/claudecode/claudecode.go:80.29,81.36 1 17
github.com/Ashes47/braids/internal/core/store/claudecode/claudecode.go:81.36,83.5 1 0
github.com/Ashes47/braids/internal/core/store/claudecode/claudecode.go:84.4,84.59 1 17
github.com/Ashes47/braids/internal/core/store/claudecode/claudecode.go:84.59,85.13 1 1
github.com/Ashes47/braids/internal/core/store/claudecode/claudecode.go:87.4,88.18 2 16
github.com/Ashes47/braids/internal/core/store/claudecode/claudecode.go:88.18,90.5 1 0
github.com/Ashes47/braids/internal/core/store/claudecode/claudecode.go:91.4,101.31 3 16
github.com/Ashes47/braids/internal/core/store/claudecode/claudecode.go:104.2,104.19 1 13
github.com/Ashes47/braids/internal/core/store/claudecode/claudecode.go:110.81,112.16 2 3
github.com/Ashes47/braids/internal/core/store/claudecode/claudecode.go:112.16,114.3 1 0
github.com/Ashes47/braids/internal/core/store/claudecode/claudecode.go:115.2,116.18 2 3
github.com/Ashes47/braids/internal/core/store/claudecode/claudecode.go:121.90,123.16 2 7
github.com/Ashes47/braids/internal/core/store/claudecode/claudecode.go:123.16,125.3 1 0
github.com/Ashes47/braids/internal/core/store/claudecode/claudecode.go:126.2,136.16 4 7
github.com/Ashes47/braids/internal/core/store/claudecode/claudecode.go:136.16,137.35 1 26
github.com/Ashes47/braids/internal/core/store/claudecode/claudecode.go:137.35,139.4 1 0
github.com/Ashes47/braids/internal/core/store/claudecode/claudecode.go:140.3,141.56 2 26
github.com/Ashes47/braids/internal/core/store/claudecode/claudecode.go:141.56,142.12 1 1
github.com/Ashes47/braids/internal/core/store/claudecode/claudecode.go:144.3,144.19 1 25
github.com/Ashes47/braids/internal/core/store/claudecode/claudecode.go:144.19,145.12 1 4
github.com/Ashes47/braids/internal/core/store/claudecode/claudecode.go:147.3,149.10 3 21
github.com/Ashes47/braids/internal/core/store/claudecode/claudecode.go:149.10,151.12 2 7
github.com/Ashes47/braids/internal/core/store/claudecode/claudecode.go:153.3,155.36 3 14
github.com/Ashes47/braids/internal/core/store/claudecode/claudecode.go:155.36,157.4 1 1
github.com/Ashes47/braids/internal/core/store/claudecode/claudecode.go:159.2,159.33 1 6
github.com/Ashes47/braids/internal/core/store/claudecode/claudecode.go:159.33,161.3 1 0
github.com/Ashes47/braids/internal/core/store/claudecode/claudecode.go:162.2,162.12 1 6
github.com/Ashes47/braids/internal/core/store/claudecode/claudecode.go:165.44,169.2 3 15
github.com/Ashes47/braids/internal/core/store/claudecode/claudecode.go:173.38,175.21 2 16
github.com/Ashes47/braids/internal/core/store/claudecode/claudecode.go:175.21,177.3 1 0
github.com/Ashes47/braids/internal/core/store/claudecode/claudecode.go:178.2,178.28 1 16
github.com/Ashes47/braids/internal/core/store/claudecode/claudecode.go:186.59,188.16 2 3
github.com/Ashes47/braids/internal/core/store/claudecode/claudecode.go:188.16,190.3 1 0
github.com/Ashes47/braids/internal/core/store/claudecode/claudecode.go:191.2,195.16 4 3
github.com/Ashes47/braids/internal/core/store/claudecode/claudecode.go:195.16,197.57 2 9
github.com/Ashes47/braids/internal/core/store/claudecode/claudecode.go:197.57,201.39 2 1
github.com/Ashes47/braids/internal/core/store/claudecode/claudecode.go:201.39,203.5 1 1
github.com/Ashes47/braids/internal/core/store/claudecode/claudecode.go:205.3,205.26 1 9
github.com/Ashes47/braids/internal/core/store/claudecode/claudecode.go:205.26,206.12 1 5
github.com/Ashes47/braids/internal/core/store/claudecode/claudecode.go:208.3,209.50 2 4
github.com/Ashes47/braids/internal/core/store/claudecode/claudecode.go:209.50,210.12 1 0
github.com/Ashes47/braids/internal/core/store/claudecode/claudecode.go:212.3,212.10 1 4
github.com/Ashes47/braids/internal/core/store/claudecode/claudecode.go:213.28,214.26 1 2
github.com/Ashes47/braids/internal/core/store/claudecode/claudecode.go:215.24,216.18 1 1
github.com/Ashes47/braids/internal/core/store/claudecode/claudecode.go:217.26,218.23 1 1
github.com/Ashes47/braids/internal/core/store/claudecode/claudecode.go:221.2,221.33 1 3
github.com/Ashes47/braids/internal/core/store/claudecode/claudecode.go:221.33,223.3 1 0
github.com/Ashes47/braids/internal/core/store/claudecode/claudecode.go:224.2,224.51 1 3
github.com/Ashes47/braids/internal/core/store/claudecode/claudecode.go:227.37,228.31 1 9
github.com/Ashes47/braids/internal/core/store/claudecode/claudecode.go:228.31,229.30 1 15
github.com/Ashes47/braids/internal/core/store/claudecode/claudecode.go:229.30,231.4 1 4
github.com/Ashes47/braids/internal/core/store/claudecode/claudecode.go:233.2,233.14 1 5
github.com/Ashes47/braids/internal/core/store/claudecode/claudecode.go:236.43,237.25 1 3
github.com/Ashes47/braids/internal/core/store/claudecode/claudecode.go:237.25,238.14 1 5
github.com/Ashes47/braids/internal/core/store/claudecode/claudecode.go:238.14,240.4 1 3
github.com/Ashes47/braids/internal/core/store/claudecode/claudecode.go:242.2,242.11 1 0
github.com/Ashes47/braids/internal/core/store/claudecode/claudecode.go:277.64,278.50 1 21
github.com/Ashes47/braids/internal/core/store/claudecode/claudecode.go:278.50,280.3 1 7
github.com/Ashes47/braids/internal/core/store/claudecode/claudecode.go:281.2,282.16 2 14
github.com/Ashes47/braids/internal/core/store/claudecode/claudecode.go:283.14,284.24 1 10
github.com/Ashes47/braids/internal/core/store/claudecode/claudecode.go:285.19,286.29 1 4
github.com/Ashes47/braids/internal/core/store/claudecode/claudecode.go:287.10,288.32 1 0
github.com/Ashes47/braids/internal/core/store/claudecode/claudecode.go:290.2,291.21 2 14
github.com/Ashes47/braids/internal/core/store/claudecode/claudecode.go:291.21,293.3 1 0
github.com/Ashes47/braids/internal/core/store/claudecode/claudecode.go:294.2,301.9 2 14
github.com/Ashes47/braids/internal/core/store/claudecode/claudecode.go:308.35,309.25 1 51
github.com/Ashes47/braids/internal/core/store/claudecode/claudecode.go:309.25,311.3 1 31
github.com/Ashes47/braids/internal/core/store/claudecode/claudecode.go:312.2,312.32 1 20
github.com/Ashes47/braids/internal/core/store/claudecode/claudecode.go:312.32,314.3 1 2
github.com/Ashes47/braids/internal/core/store/claudecode/claudecode.go:315.2,315.11 1 18
github.com/Ashes47/braids/internal/core/store/claudecode/claudecode.go:320.51,321.19 1 14
github.com/Ashes47/braids/internal/core/store/claudecode/claudecode.go:321.19,323.3 1 0
github.com/Ashes47/braids/internal/core/store/claudecode/claudecode.go:324.2,325.51 2 14
github.com/Ashes47/braids/internal/core/store/claudecode/claudecode.go:325.51,326.36 1 8
github.com/Ashes47/braids/internal/core/store/claudecode/claudecode.go:326.36,328.4 1 0
github.com/Ashes47/braids/internal/core/store/claudecode/claudecode.go:329.3,329.58 1 8
github.com/Ashes47/braids/internal/core/store/claudecode/claudecode.go:331.2,332.53 2 6
github.com/Ashes47/braids/internal/core/store/claudecode/claudecode.go:332.53,334.3 1 0
github.com/Ashes47/braids/internal/core/store/claudecode/claudecode.go:335.2,336.27 2 6
github.com/Ashes47/braids/internal/core/store/claudecode/claudecode.go:336.27,337.30 1 8
github.com/Ashes47/braids/internal/core/store/claudecode/claudecode.go:337.30,339.4 1 8
github.com/Ashes47/braids/internal/core/store/claudecode/claudecode.go:341.2,341.14 1 6
github.com/Ashes47/braids/internal/core/store/claudecode/claudecode.go:344.44,345.16 1 8
github.com/Ashes47/braids/internal/core/store/claudecode/claudecode.go:346.14,347.38 1 4
github.com/Ashes47/braids/internal/core/store/claudecode/claudecode.go:347.38,349.4 1 0
github.com/Ashes47/braids/internal/core/store/claudecode/claudecode.go:350.3,350.62 1 4
github.com/Ashes47/braids/internal/core/store/claudecode/claudecode.go:351.18,352.42 1 1
github.com/Ashes47/braids/internal/core/store/claudecode/claudecode.go:352.42,354.4 1 0
github.com/Ashes47/braids/internal/core/store/claudecode/claudecode.go:355.3,355.70 1 1
github.com/Ashes47/braids/internal/core/store/claudecode/claudecode.go:356.18,357.88 1 1
github.com/Ashes47/braids/internal/core/store/claudecode/claudecode.go:358.21,360.17 2 2
github.com/Ashes47/braids/internal/core/store/claudecode/claudecode.go:360.17,362.4 1 0
github.com/Ashes47/braids/internal/core/store/claudecode/claudecode.go:363.3,363.66 1 2
github.com/Ashes47/braids/internal/core/store/claudecode/claudecode.go:364.10,365.29 1 0
github.com/Ashes47/braids/internal/core/store/claudecode/claudecode.go:370.42,371.19 1 2
github.com/Ashes47/braids/internal/core/store/claudecode/claudecode.go:371.19,373.3 1 0
github.com/Ashes47/braids/internal/core/store/claudecode/claudecode.go:374.2,375.51 2 2
github.com/Ashes47/braids/internal/core/store/claudecode/claudecode.go:375.51,377.3 1 1
github.com/Ashes47/braids/internal/core/store/claudecode/claudecode.go:378.2,379.53 2 1
github.com/Ashes47/braids/internal/core/store/claudecode/claudecode.go:379.53,381.3 1 0
github.com/Ashes47/braids/internal/core/store/claudecode/claudecode.go:382.2,383.29 2 1
github.com/Ashes47/braids/internal/core/store/claudecode/claudecode.go:383.29,384.21 1 1
github.com/Ashes47/braids/internal/core/store/claudecode/claudecode.go:384.21,385.12 1 0
github.com/Ashes47/braids/internal/core/store/claudecode/claudecode.go:387.3,387.18 1 1
github.com/Ashes47/braids/internal/core/store/claudecode/claudecode.go:387.18,389.4 1 0
github.com/Ashes47/braids/internal/core/store/claudecode/claudecode.go:390.3,390.26 1 1
github.com/Ashes47/braids/internal/core/store/claudecode/claudecode.go:392.2,392.19 1 1
github.com/Ashes47/braids/internal/tui/chrome.go:28.31,30.22 2 16
github.com/Ashes47/braids/internal/tui/chrome.go:30.22,32.3 1 3
github.com/Ashes47/braids/internal/tui/chrome.go:33.2,38.3 1 16
github.com/Ashes47/braids/internal/tui/chrome.go:41.21,47.2 1 16
github.com/Ashes47/braids/internal/tui/chrome.go:50.30,50.73 1 16
github.com/Ashes47/braids/internal/tui/chrome.go:55.61,57.25 2 30
github.com/Ashes47/braids/internal/tui/chrome.go:57.25,59.3 1 180
github.com/Ashes47/braids/internal/tui/chrome.go:60.2,61.26 2 30
github.com/Ashes47/braids/internal/tui/chrome.go:61.26,63.3 1 120
github.com/Ashes47/braids/internal/tui/chrome.go:66.2,67.22 2 30
github.com/Ashes47/braids/internal/tui/chrome.go:67.22,69.3 1 0
github.com/Ashes47/braids/internal/tui/chrome.go:71.2,72.27 2 30
github.com/Ashes47/braids/internal/tui/chrome.go:72.27,74.21 2 120
github.com/Ashes47/braids/internal/tui/chrome.go:74.21,77.4 1 120
github.com/Ashes47/braids/internal/tui/chrome.go:78.3,79.15 2 120
github.com/Ashes47/braids/internal/tui/chrome.go:79.15,81.4 1 90
github.com/Ashes47/braids/internal/tui/chrome.go:82.3,82.60 1 120
github.com/Ashes47/braids/internal/tui/chrome.go:84.2,84.34 1 30
github.com/Ashes47/braids/internal/tui/chrome.go:87.59,88.20 1 180
github.com/Ashes47/braids/internal/tui/chrome.go:88.20,90.3 1 0
github.com/Ashes47/braids/internal/tui/chrome.go:91.2,92.64 1 180
github.com/Ashes47/braids/internal/tui/chrome.go:96.36,98.19 2 16
github.com/Ashes47/braids/internal/tui/chrome.go:98.19,100.3 1 2
github.com/Ashes47/braids/internal/tui/chrome.go:101.2,101.68 1 16
github.com/Ashes47/braids/internal/tui/chrome.go:104.34,104.77 1 16
github.com/Ashes47/braids/internal/tui/chrome.go:106.51,109.14 3 30
github.com/Ashes47/braids/internal/tui/chrome.go:109.14,111.3 1 0
github.com/Ashes47/braids/internal/tui/chrome.go:112.2,113.59 1 30
github.com/Ashes47/braids/internal/tui/chrome.go:116.37,118.2 1 30
github.com/Ashes47/braids/internal/tui/chrome.go:122.46,125.2 2 360
github.com/Ashes47/braids/internal/tui/chrome.go:128.36,129.21 1 16
github.com/Ashes47/braids/internal/tui/chrome.go:129.21,131.3 1 1
github.com/Ashes47/braids/internal/tui/chrome.go:132.2,132.20 1 15
github.com/Ashes47/braids/internal/tui/chrome.go:132.20,134.3 1 4
github.com/Ashes47/braids/internal/tui/chrome.go:135.2,135.25 1 11
github.com/Ashes47/braids/internal/tui/chrome.go:135.25,137.3 1 1
github.com/Ashes47/braids/internal/tui/chrome.go:138.2,138.69 1 10
github.com/Ashes47/braids/internal/tui/chrome.go:142.56,143.12 1 4
github.com/Ashes47/braids/internal/tui/chrome.go:143.12,145.3 1 2
github.com/Ashes47/braids/internal/tui/chrome.go:146.2,146.22 1 2
github.com/Ashes47/braids/internal/tui/chrome.go:150.49,153.2 1 2
github.com/Ashes47/braids/internal/tui/chrome.go:156.34,157.87 1 18
github.com/Ashes47/braids/internal/tui/chrome.go:157.87,159.3 1 1
github.com/Ashes47/braids/internal/tui/chrome.go:160.2,160.13 1 17
github.com/Ashes47/braids/internal/tui/filter.go:18.42,19.9 1 67
github.com/Ashes47/braids/internal/tui/filter.go:20.18,21.10 1 11
github.com/Ashes47/braids/internal/tui/filter.go:22.17,24.15 2 4
github.com/Ashes47/braids/internal/tui/filter.go:25.21,26.15 1 1
github.com/Ashes47/braids/internal/tui/filter.go:27.11,28.16 1 6
github.com/Ashes47/braids/internal/tui/filter.go:30.3,30.14 1 5
github.com/Ashes47/braids/internal/tui/filter.go:32.32,34.14 2 2
github.com/Ashes47/braids/internal/tui/filter.go:36.29,38.14 2 9
github.com/Ashes47/braids/internal/tui/filter.go:40.16,41.19 1 24
github.com/Ashes47/braids/internal/tui/filter.go:43.2,43.14 1 21
github.com/Ashes47/braids/internal/tui/filter.go:48.43,49.9 1 26
github.com/Ashes47/braids/internal/tui/filter.go:50.24,51.38 1 2
github.com/Ashes47/braids/internal/tui/filter.go:51.38,53.4 1 2
github.com/Ashes47/braids/internal/tui/filter.go:54.3,54.14 1 2
github.com/Ashes47/braids/internal/tui/filter.go:55.20,57.14 2 0
github.com/Ashes47/braids/internal/tui/filter.go:58.27,60.14 2 24
github.com/Ashes47/braids/internal/tui/filter.go:62.2,62.14 1 0
github.com/Ashes47/braids/internal/tui/filter.go:66.32,66.55 1 85
github.com/Ashes47/braids/internal/tui/filter.go:69.52,70.18 1 62
github.com/Ashes47/braids/internal/tui/filter.go:70.18,72.3 1 1
github.com/Ashes47/braids/internal/tui/filter.go:73.2,73.77 1 61
github.com/Ashes47/braids/internal/tui/filter.go:77.37,78.13 1 4
github.com/Ashes47/braids/internal/tui/filter.go:78.13,80.3 1 0
github.com/Ashes47/braids/internal/tui/filter.go:81.2,81.21 1 4
github.com/Ashes47/braids/internal/tui/map.go:116.52,136.2 5 34
github.com/Ashes47/braids/internal/tui/map.go:140.45,142.31 2 2
github.com/Ashes47/braids/internal/tui/map.go:142.31,144.3 1 2
github.com/Ashes47/braids/internal/tui/map.go:145.2,148.30 4 2
github.com/Ashes47/braids/internal/tui/map.go:148.30,149.33 1 3
github.com/Ashes47/braids/internal/tui/map.go:149.33,151.9 2 2
github.com/Ashes47/braids/internal/tui/map.go:154.2,156.20 2 2
github.com/Ashes47/braids/internal/tui/map.go:156.20,157.46 1 0
github.com/Ashes47/braids/internal/tui/map.go:157.46,162.4 4 0
github.com/Ashes47/braids/internal/tui/map.go:164.2,164.10 1 2
github.com/Ashes47/braids/internal/tui/map.go:168.27,171.26 3 36
github.com/Ashes47/braids/internal/tui/map.go:171.26,172.28 1 49
github.com/Ashes47/braids/internal/tui/map.go:172.28,174.4 1 1
github.com/Ashes47/braids/internal/tui/map.go:175.3,176.45 2 49
github.com/Ashes47/braids/internal/tui/map.go:178.2,180.31 3 36
github.com/Ashes47/braids/internal/tui/map.go:180.31,181.27 1 44
github.com/Ashes47/braids/internal/tui/map.go:181.27,183.4 1 2
github.com/Ashes47/braids/internal/tui/map.go:189.31,190.22 1 1
github.com/Ashes47/braids/internal/tui/map.go:190.22,192.3 1 1
github.com/Ashes47/braids/internal/tui/map.go:193.2,193.70 1 0
github.com/Ashes47/braids/internal/tui/map.go:198.46,199.24 1 3
github.com/Ashes47/braids/internal/tui/map.go:199.24,200.25 1 0
github.com/Ashes47/braids/internal/tui/map.go:200.25,202.4 1 0
github.com/Ashes47/braids/internal/tui/map.go:203.3,203.22 1 0
github.com/Ashes47/braids/internal/tui/map.go:208.57,209.27 1 18
github.com/Ashes47/braids/internal/tui/map.go:210.30,211.44 1 0
github.com/Ashes47/braids/internal/tui/map.go:212.25,215.17 3 0
github.com/Ashes47/braids/internal/tui/map.go:216.18,217.45 1 3
github.com/Ashes47/braids/internal/tui/map.go:218.23,219.20 1 15
github.com/Ashes47/braids/internal/tui/map.go:221.2,221.15 1 0
github.com/Ashes47/braids/internal/tui/map.go:227.32,228.22 1 3
github.com/Ashes47/braids/internal/tui/map.go:228.22,230.3 1 0
github.com/Ashes47/braids/internal/tui/map.go:231.2,232.16 2 3
github.com/Ashes47/braids/internal/tui/map.go:232.16,234.3 1 1
github.com/Ashes47/braids/internal/tui/map.go:235.2,235.24 1 2
github.com/Ashes47/braids/internal/tui/map.go:239.32,240.43 1 2
github.com/Ashes47/braids/internal/tui/map.go:240.43,242.3 1 1
github.com/Ashes47/braids/internal/tui/map.go:243.2,243.55 1 1
github.com/Ashes47/braids/internal/tui/map.go:249.36,250.11 1 15
github.com/Ashes47/braids/internal/tui/map.go:251.32,252.17 1 0
github.com/Ashes47/braids/internal/tui/map.go:253.16,254.17 1 0
github.com/Ashes47/braids/internal/tui/map.go:256.2,256.10 1 15
github.com/Ashes47/braids/internal/tui/map.go:259.62,261.53 2 15
github.com/Ashes47/braids/internal/tui/map.go:261.53,263.3 1 2
github.com/Ashes47/braids/internal/tui/map.go:264.2,264.25 1 13
github.com/Ashes47/braids/internal/tui/map.go:264.25,266.3 1 3
github.com/Ashes47/braids/internal/tui/map.go:267.2,267.23 1 10
github.com/Ashes47/braids/internal/tui/map.go:267.23,271.3 3 5
github.com/Ashes47/braids/internal/tui/map.go:272.2,272.13 1 5
github.com/Ashes47/braids/internal/tui/map.go:273.29,274.28 1 1
github.com/Ashes47/braids/internal/tui/map.go:275.11,276.24 1 1
github.com/Ashes47/braids/internal/tui/map.go:277.11,278.26 1 3
github.com/Ashes47/braids/internal/tui/map.go:279.19,280.13 1 0
github.com/Ashes47/braids/internal/tui/map.go:281.17,282.13 1 0
github.com/Ashes47/braids/internal/tui/map.go:283.19,284.15 1 0
github.com/Ashes47/braids/internal/tui/map.go:285.18,286.32 1 0
github.com/Ashes47/braids/internal/tui/map.go:287.26,288.33 1 0
github.com/Ashes47/braids/internal/tui/map.go:289.24,290.33 1 0
github.com/Ashes47/braids/internal/tui/map.go:292.2,293.15 2 0
github.com/Ashes47/braids/internal/tui/map.go:297.46,298.43 1 6
github.com/Ashes47/braids/internal/tui/map.go:298.43,300.3 1 1
github.com/Ashes47/braids/internal/tui/map.go:301.2,301.31 1 5
github.com/Ashes47/braids/internal/tui/map.go:301.31,303.3 1 5
github.com/Ashes47/braids/internal/tui/map.go:304.2,304.18 1 0
github.com/Ashes47/braids/internal/tui/map.go:309.50,311.31 2 3
github.com/Ashes47/braids/internal/tui/map.go:311.31,313.3 1 0
github.com/Ashes47/braids/internal/tui/map.go:314.2,315.16 2 3
github.com/Ashes47/braids/internal/tui/map.go:315.16,317.3 1 0
github.com/Ashes47/braids/internal/tui/map.go:318.2,318.75 1 3
github.com/Ashes47/braids/internal/tui/map.go:322.52,324.9 2 3
github.com/Ashes47/braids/internal/tui/map.go:324.9,326.3 1 0
github.com/Ashes47/braids/internal/tui/map.go:327.2,327.20 1 3
github.com/Ashes47/braids/internal/tui/map.go:327.20,331.3 2 1
github.com/Ashes47/braids/internal/tui/map.go:332.2,332.38 1 2
github.com/Ashes47/braids/internal/tui/map.go:332.38,334.3 1 1
github.com/Ashes47/braids/internal/tui/map.go:335.2,335.73 1 1
github.com/Ashes47/braids/internal/tui/map.go:339.59,340.43 1 6
github.com/Ashes47/braids/internal/tui/map.go:340.43,343.3 2 1
github.com/Ashes47/braids/internal/tui/map.go:344.2,345.10 2 5
github.com/Ashes47/braids/internal/tui/map.go:350.31,351.43 1 3
github.com/Ashes47/braids/internal/tui/map.go:351.43,353.3 1 2
github.com/Ashes47/braids/internal/tui/map.go:354.2,354.24 1 1
github.com/Ashes47/braids/internal/tui/map.go:359.25,360.20 1 8
github.com/Ashes47/braids/internal/tui/map.go:360.20,363.3 2 4
github.com/Ashes47/braids/internal/tui/map.go:364.2,365.26 2 4
github.com/Ashes47/braids/internal/tui/map.go:365.26,367.63 2 7
github.com/Ashes47/braids/internal/tui/map.go:367.63,369.4 1 4
github.com/Ashes47/braids/internal/tui/map.go:373.25,374.32 1 47
github.com/Ashes47/braids/internal/tui/map.go:374.32,376.3 1 16
github.com/Ashes47/braids/internal/tui/map.go:377.2,377.18 1 47
github.com/Ashes47/braids/internal/tui/map.go:377.18,379.3 1 16
github.com/Ashes47/braids/internal/tui/map.go:380.2,381.25 2 47
github.com/Ashes47/braids/internal/tui/map.go:381.25,383.3 1 3
github.com/Ashes47/braids/internal/tui/map.go:384.2,384.28 1 47
github.com/Ashes47/braids/internal/tui/map.go:384.28,386.3 1 3
github.com/Ashes47/braids/internal/tui/map.go:387.2,387.18 1 47
github.com/Ashes47/braids/internal/tui/map.go:387.18,389.3 1 0
github.com/Ashes47/braids/internal/tui/map.go:393.33,395.11 2 164
github.com/Ashes47/braids/internal/tui/map.go:395.11,397.3 1 0
github.com/Ashes47/braids/internal/tui/map.go:398.2,398.10 1 164
github.com/Ashes47/braids/internal/tui/map.go:402.35,404.12 2 150
github.com/Ashes47/braids/internal/tui/map.go:404.12,406.3 1 0
github.com/Ashes47/braids/internal/tui/map.go:407.2,407.10 1 150
github.com/Ashes47/braids/internal/tui/map.go:410.32,420.25 9 16
github.com/Ashes47/braids/internal/tui/map.go:420.25,424.32 4 1
github.com/Ashes47/braids/internal/tui/map.go:424.32,426.4 1 10
github.com/Ashes47/braids/internal/tui/map.go:427.8,429.35 2 15
github.com/Ashes47/braids/internal/tui/map.go:429.35,432.4 2 21
github.com/Ashes47/braids/internal/tui/map.go:433.3,433.47 1 15
github.com/Ashes47/braids/internal/tui/map.go:433.47,435.4 1 144
github.com/Ashes47/braids/internal/tui/map.go:437.2,440.19 4 16
github.com/Ashes47/braids/internal/tui/map.go:443.38,444.19 1 2
github.com/Ashes47/braids/internal/tui/map.go:444.19,446.3 1 2
github.com/Ashes47/braids/internal/tui/map.go:447.2,447.61 1 0
github.com/Ashes47/braids/internal/tui/map.go:450.34,452.26 2 16
github.com/Ashes47/braids/internal/tui/map.go:452.26,453.25 1 23
github.com/Ashes47/braids/internal/tui/map.go:453.25,455.4 1 2
github.com/Ashes47/braids/internal/tui/map.go:457.2,457.10 1 16
github.com/Ashes47/braids/internal/tui/map.go:460.45,462.2 1 65
github.com/Ashes47/braids/internal/tui/map.go:467.55,469.14 2 21
github.com/Ashes47/braids/internal/tui/map.go:469.14,471.3 1 15
github.com/Ashes47/braids/internal/tui/map.go:472.2,472.15 1 6
github.com/Ashes47/braids/internal/tui/map.go:475.55,480.24 4 21
github.com/Ashes47/braids/internal/tui/map.go:480.24,482.3 1 2
github.com/Ashes47/braids/internal/tui/map.go:484.2,485.17 2 21
github.com/Ashes47/braids/internal/tui/map.go:485.17,487.3 1 0
github.com/Ashes47/braids/internal/tui/map.go:490.2,491.29 2 21
github.com/Ashes47/braids/internal/tui/map.go:491.29,493.3 1 2
github.com/Ashes47/braids/internal/tui/map.go:495.2,497.16 3 21
github.com/Ashes47/braids/internal/tui/map.go:497.16,499.28 2 2
github.com/Ashes47/braids/internal/tui/map.go:499.28,501.4 1 1
github.com/Ashes47/braids/internal/tui/map.go:502.3,505.30 4 2
github.com/Ashes47/braids/internal/tui/map.go:507.2,507.19 1 21
github.com/Ashes47/braids/internal/tui/map.go:507.19,512.3 4 2
github.com/Ashes47/braids/internal/tui/map.go:513.2,517.24 5 21
github.com/Ashes47/braids/internal/tui/map.go:517.24,519.3 1 2
github.com/Ashes47/braids/internal/tui/map.go:520.2,529.20 6 21
github.com/Ashes47/braids/internal/tui/map.go:529.20,531.3 1 0
github.com/Ashes47/braids/internal/tui/map.go:532.2,535.20 3 21
github.com/Ashes47/braids/internal/tui/map.go:535.20,537.3 1 1
github.com/Ashes47/braids/internal/tui/map.go:538.2,541.22 3 21
github.com/Ashes47/braids/internal/tui/map.go:545.33,547.16 2 16
github.com/Ashes47/braids/internal/tui/map.go:547.16,549.3 1 1
github.com/Ashes47/braids/internal/tui/map.go:550.2,550.19 1 16
github.com/Ashes47/braids/internal/tui/map.go:550.19,552.3 1 1
github.com/Ashes47/braids/internal/tui/map.go:553.2,557.19 3 16
github.com/Ashes47/braids/internal/tui/map.go:557.19,559.3 1 0
github.com/Ashes47/braids/internal/tui/map.go:560.2,560.88 1 16
github.com/Ashes47/braids/internal/tui/map.go:564.32,565.18 1 18
github.com/Ashes47/braids/internal/tui/map.go:565.18,567.3 1 0
github.com/Ashes47/braids/internal/tui/map.go:568.2,568.15 1 18
github.com/Ashes47/braids/internal/tui/map.go:573.46,576.69 3 37
github.com/Ashes47/braids/internal/tui/map.go:576.69,578.16 2 52
github.com/Ashes47/braids/internal/tui/map.go:578.16,580.12 2 3
github.com/Ashes47/braids/internal/tui/map.go:580.12,582.5 1 2
github.com/Ashes47/braids/internal/tui/map.go:584.3,587.16 3 52
github.com/Ashes47/braids/internal/tui/map.go:587.16,589.12 2 3
github.com/Ashes47/braids/internal/tui/map.go:589.12,591.5 1 2
github.com/Ashes47/braids/internal/tui/map.go:593.3,593.32 1 52
github.com/Ashes47/braids/internal/tui/map.go:593.32,595.4 1 3
github.com/Ashes47/braids/internal/tui/map.go:597.2,597.28 1 37
github.com/Ashes47/braids/internal/tui/map.go:597.28,599.3 1 49
github.com/Ashes47/braids/internal/tui/map.go:600.2,600.12 1 37
github.com/Ashes47/braids/internal/tui/map.go:606.33,607.9 1 25
github.com/Ashes47/braids/internal/tui/map.go:608.18,609.52 1 1
github.com/Ashes47/braids/internal/tui/map.go:610.18,611.52 1 1
github.com/Ashes47/braids/internal/tui/map.go:612.18,613.52 1 1
github.com/Ashes47/braids/internal/tui/map.go:614.10,615.32 1 22
github.com/Ashes47/braids/internal/tui/map.go:623.39,624.9 1 25
github.com/Ashes47/braids/internal/tui/map.go:625.23,626.15 1 1
github.com/Ashes47/braids/internal/tui/map.go:627.21,628.46 1 3
github.com/Ashes47/braids/internal/tui/map.go:629.24,630.44 1 19
github.com/Ashes47/braids/internal/tui/map.go:631.10,632.47 1 2
github.com/Ashes47/braids/internal/tui/map.go:637.51,639.13 2 120
github.com/Ashes47/braids/internal/tui/map.go:639.13,641.3 1 0
github.com/Ashes47/braids/internal/tui/map.go:642.2,642.48 1 120
github.com/Ashes47/braids/internal/tui/map.go:647.43,648.32 1 84
github.com/Ashes47/braids/internal/tui/map.go:648.32,650.3 1 82
github.com/Ashes47/braids/internal/tui/map.go:651.2,651.16 1 2
github.com/Ashes47/braids/internal/tui/map.go:651.16,653.3 1 0
github.com/Ashes47/braids/internal/tui/map.go:654.2,656.22 3 2
github.com/Ashes47/braids/internal/tui/map.go:656.22,658.23 2 12
github.com/Ashes47/braids/internal/tui/map.go:658.23,659.9 1 2
github.com/Ashes47/braids/internal/tui/map.go:661.3,662.12 2 10
github.com/Ashes47/braids/internal/tui/map.go:664.2,664.27 1 2
github.com/Ashes47/braids/internal/tui/map.go:667.43,668.47 1 615
github.com/Ashes47/braids/internal/tui/map.go:668.47,670.3 1 557
github.com/Ashes47/braids/internal/tui/map.go:671.2,671.10 1 58
github.com/Ashes47/braids/internal/tui/map.go:674.42,675.47 1 241
github.com/Ashes47/braids/internal/tui/map.go:675.47,677.3 1 223
github.com/Ashes47/braids/internal/tui/map.go:678.2,678.10 1 18
github.com/Ashes47/braids/internal/tui/run.go:17.68,18.27 1 0
github.com/Ashes47/braids/internal/tui/run.go:18.27,20.3 1 0
github.com/Ashes47/braids/internal/tui/run.go:21.2,22.16 2 0
github.com/Ashes47/braids/internal/tui/run.go:22.16,24.3 1 0
github.com/Ashes47/braids/internal/tui/run.go:25.2,25.27 1 0
github.com/Ashes47/braids/internal/tui/run.go:25.27,27.3 1 0
github.com/Ashes47/braids/internal/tui/run.go:28.2,28.94 1 0
github.com/Ashes47/braids/internal/tui/run.go:28.94,30.3 1 0
github.com/Ashes47/braids/internal/tui/run.go:31.2,31.12 1 0
github.com/Ashes47/braids/internal/tui/run.go:37.90,41.18 4 0
github.com/Ashes47/braids/internal/tui/run.go:41.18,43.3 1 0
github.com/Ashes47/braids/internal/tui/run.go:44.2,44.30 1 0
github.com/Ashes47/braids/internal/tui/run.go:44.30,45.48 1 0
github.com/Ashes47/braids/internal/tui/run.go:45.48,47.9 2 0
github.com/Ashes47/braids/internal/tui/run.go:50.2,51.20 2 0
github.com/Ashes47/braids/internal/tui/run.go:51.20,53.3 1 0
github.com/Ashes47/braids/internal/tui/run.go:54.2,54.24 1 0
github.com/Ashes47/braids/internal/tui/run.go:58.94,59.54 1 0
github.com/Ashes47/braids/internal/tui/run.go:59.54,61.17 2 0
github.com/Ashes47/braids/internal/tui/run.go:61.17,63.4 1 0
github.com/Ashes47/braids/internal/tui/run.go:64.3,64.32 1 0
github.com/Ashes47/braids/internal/tui/run.go:70.108,72.16 2 0
github.com/Ashes47/braids/internal/tui/run.go:72.16,74.3 1 0
github.com/Ashes47/braids/internal/tui/run.go:75.2,76.16 2 0
github.com/Ashes47/braids/internal/tui/run.go:76.16,78.3 1 0
github.com/Ashes47/braids/internal/tui/run.go:79.2,80.16 2 0
github.com/Ashes47/braids/internal/tui/run.go:80.16,82.3 1 0
github.com/Ashes47/braids/internal/tui/run.go:83.2,83.63 1 0
github.com/Ashes47/braids/internal/tui/spineview.go:44.30,46.49 2 18
github.com/Ashes47/braids/internal/tui/spineview.go:46.49,46.101 1 0
github.com/Ashes47/braids/internal/tui/spineview.go:48.2,50.33 3 18
github.com/Ashes47/braids/internal/tui/spineview.go:50.33,51.61 1 60
github.com/Ashes47/braids/internal/tui/spineview.go:51.61,54.4 2 3
github.com/Ashes47/braids/internal/tui/spineview.go:56.2,56.29 1 18
github.com/Ashes47/braids/internal/tui/spineview.go:56.29,59.3 2 60
github.com/Ashes47/braids/internal/tui/spineview.go:60.2,60.37 1 18
github.com/Ashes47/braids/internal/tui/spineview.go:60.37,62.3 1 0
github.com/Ashes47/braids/internal/tui/spineview.go:63.2,63.11 1 18
github.com/Ashes47/braids/internal/tui/spineview.go:67.41,68.48 1 8
github.com/Ashes47/braids/internal/tui/spineview.go:68.48,70.3 1 0
github.com/Ashes47/braids/internal/tui/spineview.go:71.2,71.28 1 8
github.com/Ashes47/braids/internal/tui/spineview.go:74.46,75.14 1 32
github.com/Ashes47/braids/internal/tui/spineview.go:75.14,77.3 1 0
github.com/Ashes47/braids/internal/tui/spineview.go:78.2,78.19 1 32
github.com/Ashes47/braids/internal/tui/spineview.go:83.30,84.20 1 37
github.com/Ashes47/braids/internal/tui/spineview.go:84.20,87.3 2 24
github.com/Ashes47/braids/internal/tui/spineview.go:88.2,89.27 2 13
github.com/Ashes47/braids/internal/tui/spineview.go:89.27,90.37 1 52
github.com/Ashes47/braids/internal/tui/spineview.go:90.37,92.4 1 14
github.com/Ashes47/braids/internal/tui/spineview.go:96.37,97.19 1 52
github.com/Ashes47/braids/internal/tui/spineview.go:97.19,99.3 1 0
github.com/Ashes47/braids/internal/tui/spineview.go:100.2,101.90 1 52
github.com/Ashes47/braids/internal/tui/spineview.go:106.34,107.47 1 17
github.com/Ashes47/braids/internal/tui/spineview.go:107.47,109.3 1 0
github.com/Ashes47/braids/internal/tui/spineview.go:110.2,110.52 1 17
github.com/Ashes47/braids/internal/tui/spineview.go:115.57,116.24 1 18
github.com/Ashes47/braids/internal/tui/spineview.go:116.24,118.3 1 0
github.com/Ashes47/braids/internal/tui/spineview.go:119.2,122.28 4 18
github.com/Ashes47/braids/internal/tui/spineview.go:122.28,124.3 1 1
github.com/Ashes47/braids/internal/tui/spineview.go:125.2,127.10 3 18
github.com/Ashes47/braids/internal/tui/spineview.go:131.35,132.30 1 4
github.com/Ashes47/braids/internal/tui/spineview.go:132.30,136.3 3 1
github.com/Ashes47/braids/internal/tui/spineview.go:137.2,139.10 3 3
github.com/Ashes47/braids/internal/tui/spineview.go:142.54,144.21 2 37
github.com/Ashes47/braids/internal/tui/spineview.go:144.21,146.3 1 4
github.com/Ashes47/braids/internal/tui/spineview.go:147.2,147.23 1 33
github.com/Ashes47/braids/internal/tui/spineview.go:147.23,151.3 3 18
github.com/Ashes47/braids/internal/tui/spineview.go:152.2,152.13 1 15
github.com/Ashes47/braids/internal/tui/spineview.go:153.39,154.29 1 4
github.com/Ashes47/braids/internal/tui/spineview.go:155.29,157.22 2 1
github.com/Ashes47/braids/internal/tui/spineview.go:157.22,160.4 2 0
github.com/Ashes47/braids/internal/tui/spineview.go:161.3,161.41 1 1
github.com/Ashes47/braids/internal/tui/spineview.go:162.19,163.13 1 3
github.com/Ashes47/braids/internal/tui/spineview.go:164.17,165.13 1 1
github.com/Ashes47/braids/internal/tui/spineview.go:166.19,167.15 1 0
github.com/Ashes47/braids/internal/tui/spineview.go:168.18,169.32 1 0
github.com/Ashes47/braids/internal/tui/spineview.go:170.26,171.33 1 0
github.com/Ashes47/braids/internal/tui/spineview.go:172.24,173.33 1 0
github.com/Ashes47/braids/internal/tui/spineview.go:174.11,175.30 1 5
github.com/Ashes47/braids/internal/tui/spineview.go:176.11,178.30 2 1
github.com/Ashes47/braids/internal/tui/spineview.go:179.11,181.30 2 0
github.com/Ashes47/braids/internal/tui/spineview.go:182.11,183.50 1 0
github.com/Ashes47/braids/internal/tui/spineview.go:184.11,185.51 1 0
github.com/Ashes47/braids/internal/tui/spineview.go:187.2,188.15 2 4
github.com/Ashes47/braids/internal/tui/spineview.go:191.30,193.14 2 22
github.com/Ashes47/braids/internal/tui/spineview.go:193.14,195.3 1 0
github.com/Ashes47/braids/internal/tui/spineview.go:196.2,196.32 1 22
github.com/Ashes47/braids/internal/tui/spineview.go:196.32,198.3 1 0
github.com/Ashes47/braids/internal/tui/spineview.go:199.2,199.18 1 22
github.com/Ashes47/braids/internal/tui/spineview.go:199.18,201.3 1 0
github.com/Ashes47/braids/internal/tui/spineview.go:202.2,203.25 2 22
github.com/Ashes47/braids/internal/tui/spineview.go:203.25,205.3 1 0
github.com/Ashes47/braids/internal/tui/spineview.go:206.2,206.28 1 22
github.com/Ashes47/braids/internal/tui/spineview.go:206.28,208.3 1 0
github.com/Ashes47/braids/internal/tui/spineview.go:209.2,209.18 1 22
github.com/Ashes47/braids/internal/tui/spineview.go:209.18,211.3 1 0
github.com/Ashes47/braids/internal/tui/spineview.go:214.37,225.9 10 14
github.com/Ashes47/braids/internal/tui/spineview.go:226.20,229.32 3 1
github.com/Ashes47/braids/internal/tui/spineview.go:229.32,231.4 1 10
github.com/Ashes47/braids/internal/tui/spineview.go:232.27,235.32 3 3
github.com/Ashes47/braids/internal/tui/spineview.go:235.32,237.4 1 30
github.com/Ashes47/braids/internal/tui/spineview.go:238.10,241.61 3 10
github.com/Ashes47/braids/internal/tui/spineview.go:241.61,247.66 4 39
github.com/Ashes47/braids/internal/tui/spineview.go:247.66,251.5 3 0
github.com/Ashes47/braids/internal/tui/spineview.go:253.3,253.36 1 10
github.com/Ashes47/braids/internal/tui/spineview.go:253.36,255.4 1 71
github.com/Ashes47/braids/internal/tui/spineview.go:257.2,260.19 4 14
github.com/Ashes47/braids/internal/tui/spineview.go:264.36,272.15 6 0
github.com/Ashes47/braids/internal/tui/spineview.go:272.15,274.3 1 0
github.com/Ashes47/braids/internal/tui/spineview.go:275.2,278.29 1 0
github.com/Ashes47/braids/internal/tui/spineview.go:283.37,285.9 2 14
github.com/Ashes47/braids/internal/tui/spineview.go:286.23,287.32 1 1
github.com/Ashes47/braids/internal/tui/spineview.go:288.22,290.15 2 6
github.com/Ashes47/braids/internal/tui/spineview.go:290.15,292.4 1 4
github.com/Ashes47/braids/internal/tui/spineview.go:293.3,293.38 1 6
github.com/Ashes47/braids/internal/tui/spineview.go:294.10,295.47 1 7
github.com/Ashes47/braids/internal/tui/spineview.go:299.43,300.25 1 3
github.com/Ashes47/braids/internal/tui/spineview.go:300.25,302.3 1 1
github.com/Ashes47/braids/internal/tui/spineview.go:303.2,303.41 1 2
github.com/Ashes47/braids/internal/tui/spineview.go:306.36,308.16 2 14
github.com/Ashes47/braids/internal/tui/spineview.go:308.16,310.3 1 0
github.com/Ashes47/braids/internal/tui/spineview.go:311.2,312.25 2 14
github.com/Ashes47/braids/internal/tui/spineview.go:312.25,314.3 1 2
github.com/Ashes47/braids/internal/tui/spineview.go:315.2,315.88 1 14
github.com/Ashes47/braids/internal/tui/spineview.go:319.35,321.35 2 14
github.com/Ashes47/braids/internal/tui/spineview.go:321.35,322.30 1 44
github.com/Ashes47/braids/internal/tui/spineview.go:322.30,325.4 2 11
github.com/Ashes47/braids/internal/tui/spineview.go:327.2,339.34 4 14
github.com/Ashes47/braids/internal/tui/spineview.go:348.48,349.9 1 18
github.com/Ashes47/braids/internal/tui/spineview.go:350.32,351.16 1 4
github.com/Ashes47/braids/internal/tui/spineview.go:352.19,353.43 1 10
github.com/Ashes47/braids/internal/tui/spineview.go:354.17,355.46 1 1
github.com/Ashes47/braids/internal/tui/spineview.go:356.10,357.68 1 3
github.com/Ashes47/braids/internal/tui/spineview.go:361.38,364.19 3 14
github.com/Ashes47/braids/internal/tui/spineview.go:364.19,366.3 1 0
github.com/Ashes47/braids/internal/tui/spineview.go:367.2,367.103 1 14
github.com/Ashes47/braids/internal/tui/spineview.go:376.66,378.21 2 39
github.com/Ashes47/braids/internal/tui/spineview.go:378.21,380.3 1 2
github.com/Ashes47/braids/internal/tui/spineview.go:380.8,382.3 1 37
github.com/Ashes47/braids/internal/tui/spineview.go:383.2,383.14 1 39
github.com/Ashes47/braids/internal/tui/spineview.go:383.14,385.3 1 10
github.com/Ashes47/braids/internal/tui/spineview.go:386.2,386.15 1 29
github.com/Ashes47/braids/internal/tui/spineview.go:391.64,394.16 3 2
github.com/Ashes47/braids/internal/tui/spineview.go:394.16,396.3 1 0
github.com/Ashes47/braids/internal/tui/spineview.go:397.2,401.19 4 2
github.com/Ashes47/braids/internal/tui/spineview.go:401.19,403.3 1 0
github.com/Ashes47/braids/internal/tui/spineview.go:404.2,409.22 4 2
github.com/Ashes47/braids/internal/tui/spineview.go:412.71,416.37 3 37
github.com/Ashes47/braids/internal/tui/spineview.go:416.37,418.3 1 10
github.com/Ashes47/braids/internal/tui/spineview.go:419.2,423.19 3 37
github.com/Ashes47/braids/internal/tui/spineview.go:423.19,425.3 1 0
github.com/Ashes47/braids/internal/tui/spineview.go:427.2,429.18 3 37
github.com/Ashes47/braids/internal/tui/spineview.go:430.20,432.59 2 9
github.com/Ashes47/braids/internal/tui/spineview.go:433.10,436.33 3 28
github.com/Ashes47/braids/internal/tui/spineview.go:436.33,438.4 1 19
github.com/Ashes47/braids/internal/tui/spineview.go:439.3,440.58 2 28
github.com/Ashes47/braids/internal/tui/spineview.go:440.58,443.4 2 0
github.com/Ashes47/braids/internal/tui/spineview.go:445.2,455.22 6 37
github.com/Ashes47/braids/internal/tui/spineview.go:459.36,461.44 2 5
github.com/Ashes47/braids/internal/tui/spineview.go:461.44,464.3 2 1
github.com/Ashes47/braids/internal/tui/spineview.go:465.2,466.21 2 4
github.com/Ashes47/braids/internal/tui/spineview.go:466.21,469.3 2 1
github.com/Ashes47/braids/internal/tui/spineview.go:470.2,471.30 2 3
github.com/Ashes47/braids/internal/tui/spineview.go:471.30,474.3 2 1
github.com/Ashes47/braids/internal/tui/spineview.go:475.2,477.10 3 2
github.com/Ashes47/braids/internal/tui/spineview.go:480.44,482.13 2 4
github.com/Ashes47/braids/internal/tui/spineview.go:483.13,484.27 1 0
github.com/Ashes47/braids/internal/tui/spineview.go:485.15,486.26 1 2
github.com/Ashes47/braids/internal/tui/spineview.go:487.10,488.21 1 2
github.com/Ashes47/braids/internal/tui/spineview.go:490.2,490.10 1 2
github.com/Ashes47/braids/internal/tui/spineview.go:496.37,503.16 6 2
github.com/Ashes47/braids/internal/tui/spineview.go:503.16,506.3 2 1
github.com/Ashes47/braids/internal/tui/spineview.go:507.2,508.22 2 1
github.com/Ashes47/braids/internal/tui/spineview.go:508.22,510.17 2 0
github.com/Ashes47/braids/internal/tui/spineview.go:510.17,513.4 2 0
github.com/Ashes47/braids/internal/tui/spineview.go:514.3,514.22 1 0
github.com/Ashes47/braids/internal/tui/spineview.go:516.2,517.10 2 1
github.com/Ashes47/braids/internal/tui/spineview.go:522.44,525.26 3 6
github.com/Ashes47/braids/internal/tui/spineview.go:525.26,527.33 2 23
github.com/Ashes47/braids/internal/tui/spineview.go:527.33,528.12 1 14
github.com/Ashes47/braids/internal/tui/spineview.go:530.3,531.20 2 9
github.com/Ashes47/braids/internal/tui/spineview.go:531.20,532.9 1 1
github.com/Ashes47/braids/internal/tui/spineview.go:535.2,535.19 1 6
github.com/Ashes47/braids/internal/tui/spineview.go:535.19,537.3 1 2
github.com/Ashes47/braids/internal/tui/spineview.go:538.2,538.31 1 4
github.com/Ashes47/braids/internal/tui/spineview.go:554.56,555.34 1 6
github.com/Ashes47/braids/internal/tui/spineview.go:555.34,557.63 2 8
github.com/Ashes47/braids/internal/tui/spineview.go:557.63,559.4 1 5
github.com/Ashes47/braids/internal/tui/spineview.go:561.2,561.13 1 1
github.com/Ashes47/braids/internal/tui/spineview.go:565.42,567.30 2 61
github.com/Ashes47/braids/internal/tui/spineview.go:567.30,568.22 1 44
github.com/Ashes47/braids/internal/tui/spineview.go:568.22,569.9 1 0
github.com/Ashes47/braids/internal/tui/spineview.go:571.3,571.63 1 44
github.com/Ashes47/braids/internal/tui/spineview.go:573.2,573.36 1 61
github.com/Ashes47/braids/internal/tui/spineview.go:576.31,576.78 1 37
github.com/Ashes47/braids/internal/tui/theme.go:37.35,38.11 1 35
github.com/Ashes47/braids/internal/tui/theme.go:38.11,40.3 1 35
github.com/Ashes47/braids/internal/tui/theme.go:41.2,41.133 1 0
github.com/Ashes47/braids/internal/tui/theme.go:69.41,71.45 2 34
github.com/Ashes47/braids/internal/tui/theme.go:71.45,71.63 1 238
github.com/Ashes47/braids/internal/tui/theme.go:73.2,102.3 8 34
