mode: atomic
github.com/Ashes47/braids/internal/core/model/model.go:58.49,60.28 2 5
github.com/Ashes47/braids/internal/core/model/model.go:60.28,61.53 1 16
github.com/Ashes47/braids/internal/core/model/model.go:61.53,62.12 1 7
github.com/Ashes47/braids/internal/core/model/model.go:64.3,64.19 1 9
github.com/Ashes47/braids/internal/core/model/model.go:64.19,65.12 1 3
github.com/Ashes47/braids/internal/core/model/model.go:67.3,67.18 1 6
github.com/Ashes47/braids/internal/core/model/model.go:67.18,69.4 1 3
github.com/Ashes47/braids/internal/core/model/model.go:70.3,70.24 1 6
github.com/Ashes47/braids/internal/core/model/model.go:72.2,72.19 1 5
github.com/Ashes47/braids/internal/core/model/model.go:75.54,76.29 1 12
github.com/Ashes47/braids/internal/core/model/model.go:76.29,77.16 1 14
github.com/Ashes47/braids/internal/core/model/model.go:77.16,79.4 1 5
github.com/Ashes47/braids/internal/core/model/model.go:81.2,81.14 1 7
github.com/Ashes47/braids/internal/launch/launch.go:29.57,30.72 1 7
github.com/Ashes47/braids/internal/launch/launch.go:30.72,32.3 1 3
github.com/Ashes47/braids/internal/launch/launch.go:33.2,33.23 1 4
github.com/Ashes47/braids/internal/launch/launch.go:33.23,35.3 1 1
github.com/Ashes47/braids/internal/launch/launch.go:36.2,36.40 1 3
github.com/Ashes47/braids/internal/launch/launch.go:36.40,38.3 1 1
github.com/Ashes47/braids/internal/launch/launch.go:39.2,39.16 1 2
github.com/Ashes47/braids/internal/launch/launch.go:44.65,46.15 2 0
github.com/Ashes47/braids/internal/launch/launch.go:46.15,48.3 1 0
github.com/Ashes47/braids/internal/launch/launch.go:49.2,49.16 1 0
github.com/Ashes47/braids/internal/launch/launch.go:49.16,51.3 1 0
github.com/Ashes47/braids/internal/launch/launch.go:52.2,52.51 1 0
github.com/Ashes47/braids/internal/launch/launch.go:58.63,60.2 1 0
github.com/Ashes47/braids/internal/launch/launch.go:63.46,65.15 2 1
github.com/Ashes47/braids/internal/launch/launch.go:65.15,67.3 1 1
github.com/Ashes47/braids/internal/launch/launch.go:68.2,81.10 1 1
github.com/Ashes47/braids/internal/launch/launch.go:86.45,87.68 1 3
github.com/Ashes47/braids/internal/launch/launch.go:87.68,94.3 2 2
github.com/Ashes47/braids/internal/launch/launch.go:99.69,105.9 5 2
github.com/Ashes47/braids/internal/launch/launch.go:106.54,109.13 1 0
github.com/Ashes47/braids/internal/launch/launch.go:110.18,111.64 1 1
github.com/Ashes47/braids/internal/launch/launch.go:111.64,113.4 1 1
github.com/Ashes47/braids/internal/launch/launch.go:114.3,114.41 1 0
github.com/Ashes47/braids/internal/launch/launch.go:116.2,116.12 1 1
github.com/Ashes47/braids/internal/launch/launch.go:119.33,120.45 1 1
github.com/Ashes47/braids/internal/launch/launch.go:120.45,122.3 1 0
github.com/Ashes47/braids/internal/launch/launch.go:123.2,123.10 1 1
github.com/Ashes47/braids/internal/launch/launch.go:127.40,129.2 1 2
github.com/Ashes47/braids/internal/launch/launch.go:132.34,134.2 1 1
github.com/Ashes47/braids/internal/launch/launch.go:137.29,137.54 1 0
github.com/Ashes47/braids/internal/core/watch/watch.go:33.41,35.16 2 5
github.com/Ashes47/braids/internal/core/watch/watch.go:35.16,37.3 1 0
github.com/Ashes47/braids/internal/core/watch/watch.go:38.2,43.42 2 5
github.com/Ashes47/braids/internal/core/watch/watch.go:43.42,45.3 1 0
github.com/Ashes47/braids/internal/core/watch/watch.go:46.2,47.15 2 5
github.com/Ashes47/braids/internal/core/watch/watch.go:52.45,52.65 1 6
github.com/Ashes47/braids/internal/core/watch/watch.go:55.33,56.19 1 7
github.com/Ashes47/braids/internal/core/watch/watch.go:56.19,56.36 1 5
github.com/Ashes47/braids/internal/core/watch/watch.go:57.2,57.21 1 7
github.com/Ashes47/braids/internal/core/watch/watch.go:62.48,63.39 1 5
github.com/Ashes47/braids/internal/core/watch/watch.go:63.39,65.3 1 0
github.com/Ashes47/braids/internal/core/watch/watch.go:66.2,67.16 2 5
github.com/Ashes47/braids/internal/core/watch/watch.go:67.16,69.3 1 0
github.com/Ashes47/braids/internal/core/watch/watch.go:70.2,70.28 1 5
github.com/Ashes47/braids/internal/core/watch/watch.go:70.28,71.17 1 5
github.com/Ashes47/braids/internal/core/watch/watch.go:71.17,72.12 1 0
github.com/Ashes47/braids/internal/core/watch/watch.go:76.3,76.46 1 5
github.com/Ashes47/braids/internal/core/watch/watch.go:78.2,78.12 1 5
github.com/Ashes47/braids/internal/core/watch/watch.go:81.25,83.19 2 5
github.com/Ashes47/braids/internal/core/watch/watch.go:83.19,85.3 1 0
github.com/Ashes47/braids/internal/core/watch/watch.go:86.2,88.6 2 5
github.com/Ashes47/braids/internal/core/watch/watch.go:88.6,89.10 1 33
github.com/Ashes47/braids/internal/core/watch/watch.go:90.17,91.10 1 5
github.com/Ashes47/braids/internal/core/watch/watch.go:93.35,94.11 1 24
github.com/Ashes47/braids/internal/core/watch/watch.go:94.11,96.5 1 0
github.com/Ashes47/braids/internal/core/watch/watch.go:99.4,99.55 1 24
github.com/Ashes47/braids/internal/core/watch/watch.go:99.55,101.5 1 1
github.com/Ashes47/braids/internal/core/watch/watch.go:102.4,102.27 1 24
github.com/Ashes47/braids/internal/core/watch/watch.go:102.27,103.13 1 1
github.com/Ashes47/braids/internal/core/watch/watch.go:105.4,105.16 1 23
github.com/Ashes47/braids/internal/core/watch/watch.go:105.16,107.5 1 4
github.com/Ashes47/braids/internal/core/watch/watch.go:107.10,107.28 1 19
github.com/Ashes47/braids/internal/core/watch/watch.go:107.28,108.12 1 0
github.com/Ashes47/braids/internal/core/watch/watch.go:109.20,109.20 0 0
github.com/Ashes47/braids/internal/core/watch/watch.go:110.13,110.13 0 0
github.com/Ashes47/braids/internal/core/watch/watch.go:113.4,113.23 1 23
github.com/Ashes47/braids/internal/core/watch/watch.go:115.18,117.11 2 4
github.com/Ashes47/braids/internal/core/watch/watch.go:118.33,118.33 0 4
github.com/Ashes47/braids/internal/core/watch/watch.go:119.12,119.12 0 0
github.com/Ashes47/braids/internal/core/watch/watch.go:122.22,122.22 0 0
github.com/Ashes47/braids/internal/core/watch/watch.go:130.45,131.32 1 24
github.com/Ashes47/braids/internal/core/watch/watch.go:131.32,133.3 1 0
github.com/Ashes47/braids/internal/core/watch/watch.go:134.2,134.69 1 24
github.com/Ashes47/braids/internal/core/watch/watch.go:137.30,140.2 2 7
github.com/Ashes47/braids/internal/core/store/claudecode/birthtime_darwin.go:13.44,15.9 2 27
github.com/Ashes47/braids/internal/core/store/claudecode/birthtime_darwin.go:15.9,17.3 1 0
github.com/Ashes47/braids/internal/core/store/claudecode/birthtime_darwin.go:18.2,18.63 1 27
github.com/Ashes47/braids/internal/core/store/claudecode/branch.go:29.91,30.25 1 6
github.com/Ashes47/braids/internal/core/store/claudecode/branch.go:30.25,32.3 1 1
github.com/Ashes47/braids/internal/core/store/claudecode/branch.go:33.2,34.16 2 5
github.com/Ashes47/braids/internal/core/store/claudecode/branch.go:34.16,36.3 1 0
github.com/Ashes47/braids/internal/core/store/claudecode/branch.go:37.2,38.16 2 5
github.com/Ashes47/braids/internal/core/store/claudecode/branch.go:38.16,40.3 1 1
github.com/Ashes47/braids/internal/core/store/claudecode/branch.go:42.2,43.16 2 4
github.com/Ashes47/braids/internal/core/store/claudecode/branch.go:43.16,45.3 1 0
github.com/Ashes47/braids/internal/core/store/claudecode/branch.go:46.2,47.72 2 4
github.com/Ashes47/braids/internal/core/store/claudecode/branch.go:47.72,49.3 1 0
github.com/Ashes47/braids/internal/core/store/claudecode/branch.go:51.2,52.16 2 4
github.com/Ashes47/braids/internal/core/store/claudecode/branch.go:52.16,54.3 1 0
github.com/Ashes47/braids/internal/core/store/claudecode/branch.go:55.2,64.8 1 4
github.com/Ashes47/braids/internal/core/store/claudecode/branch.go:74.45,76.16 2 6
github.com/Ashes47/braids/internal/core/store/claudecode/branch.go:76.16,78.3 1 0
github.com/Ashes47/braids/internal/core/store/claudecode/branch.go:79.2,83.16 4 6
github.com/Ashes47/braids/internal/core/store/claudecode/branch.go:83.16,86.49 3 32
github.com/Ashes47/braids/internal/core/store/claudecode/branch.go:86.49,88.12 2 0
github.com/Ashes47/braids/internal/core/store/claudecode/branch.go:90.3,90.72 1 32
github.com/Ashes47/braids/internal/core/store/claudecode/branch.go:92.2,92.33 1 6
github.com/Ashes47/braids/internal/core/store/claudecode/branch.go:92.33,94.3 1 0
github.com/Ashes47/braids/internal/core/store/claudecode/branch.go:95.2,95.17 1 6
github.com/Ashes47/braids/internal/core/store/claudecode/branch.go:101.69,104.26 3 5
github.com/Ashes47/braids/internal/core/store/claudecode/branch.go:104.26,105.19 1 30
github.com/Ashes47/braids/internal/core/store/claudecode/branch.go:105.19,106.12 1 5
github.com/Ashes47/braids/internal/core/store/claudecode/branch.go:108.3,109.23 2 25
github.com/Ashes47/braids/internal/core/store/claudecode/branch.go:109.23,111.4 1 4
github.com/Ashes47/braids/internal/core/store/claudecode/branch.go:113.2,113.12 1 5
github.com/Ashes47/braids/internal/core/store/claudecode/branch.go:113.12,115.3 1 1
github.com/Ashes47/braids/internal/core/store/claudecode/branch.go:117.2,118.65 2 4
github.com/Ashes47/braids/internal/core/store/claudecode/branch.go:118.65,120.3 1 11
github.com/Ashes47/braids/internal/core/store/claudecode/branch.go:121.2,121.18 1 4
github.com/Ashes47/braids/internal/core/store/claudecode/branch.go:124.126,126.16 2 4
github.com/Ashes47/braids/internal/core/store/claudecode/branch.go:126.16,128.3 1 0
github.com/Ashes47/braids/internal/core/store/claudecode/branch.go:129.2,132.29 3 4
github.com/Ashes47/braids/internal/core/store/claudecode/branch.go:132.29,134.17 2 6
github.com/Ashes47/braids/internal/core/store/claudecode/branch.go:134.17,136.4 1 0
github.com/Ashes47/braids/internal/core/store/claudecode/branch.go:137.3,138.13 2 6
github.com/Ashes47/braids/internal/core/store/claudecode/branch.go:141.2,141.21 1 4
github.com/Ashes47/braids/internal/core/store/claudecode/branch.go:141.21,142.21 1 4
github.com/Ashes47/braids/internal/core/store/claudecode/branch.go:142.21,145.19 1 2
github.com/Ashes47/braids/internal/core/store/claudecode/branch.go:145.19,147.5 1 0
github.com/Ashes47/braids/internal/core/store/claudecode/branch.go:149.3,149.27 1 4
github.com/Ashes47/braids/internal/core/store/claudecode/branch.go:149.27,150.36 1 24
github.com/Ashes47/braids/internal/core/store/claudecode/branch.go:150.36,152.5 1 0
github.com/Ashes47/braids/internal/core/store/claudecode/branch.go:153.4,153.37 1 24
github.com/Ashes47/braids/internal/core/store/claudecode/branch.go:153.37,154.13 1 13
github.com/Ashes47/braids/internal/core/store/claudecode/branch.go:156.4,157.18 2 11
github.com/Ashes47/braids/internal/core/store/claudecode/branch.go:157.18,159.5 1 0
github.com/Ashes47/braids/internal/core/store/claudecode/branch.go:160.4,160.64 1 11
github.com/Ashes47/braids/internal/core/store/claudecode/branch.go:160.64,162.5 1 0
github.com/Ashes47/braids/internal/core/store/claudecode/branch.go:165.3,167.5 1 4
github.com/Ashes47/braids/internal/core/store/claudecode/branch.go:169.2,169.16 1 4
github.com/Ashes47/braids/internal/core/store/claudecode/branch.go:169.16,171.3 1 0
github.com/Ashes47/braids/internal/core/store/claudecode/branch.go:172.2,172.36 1 4
github.com/Ashes47/braids/internal/core/store/claudecode/branch.go:172.36,174.3 1 0
github.com/Ashes47/braids/internal/core/store/claudecode/branch.go:175.2,175.49 1 4
github.com/Ashes47/braids/internal/core/store/claudecode/branch.go:175.49,177.3 1 0
github.com/Ashes47/braids/internal/core/store/claudecode/branch.go:178.2,178.12 1 4
github.com/Ashes47/braids/internal/core/store/claudecode/branch.go:182.57,184.9 2 11
github.com/Ashes47/braids/internal/core/store/claudecode/branch.go:184.9,187.3 1 0
github.com/Ashes47/braids/internal/core/store/claudecode/branch.go:188.2,189.16 2 11
github.com/Ashes47/braids/internal/core/store/claudecode/branch.go:189.16,191.3 1 0
github.com/Ashes47/braids/internal/core/store/claudecode/branch.go:192.2,192.58 1 11
github.com/Ashes47/braids/internal/core/store/claudecode/branch.go:192.58,193.31 1 22
github.com/Ashes47/braids/internal/core/store/claudecode/branch.go:193.31,195.4 1 11
github.com/Ashes47/braids/internal/core/store/claudecode/branch.go:197.2,198.16 2 11
github.com/Ashes47/braids/internal/core/store/claudecode/branch.go:198.16,200.3 1 0
github.com/Ashes47/braids/internal/core/store/claudecode/branch.go:201.2,201.17 1 11
github.com/Ashes47/braids/internal/core/store/claudecode/branch.go:206.66,208.53 2 13
github.com/Ashes47/braids/internal/core/store/claudecode/branch.go:208.53,210.3 1 0
github.com/Ashes47/braids/internal/core/store/claudecode/branch.go:211.2,211.21 1 13
github.com/Ashes47/braids/internal/core/store/claudecode/branch.go:215.37,217.43 2 5
github.com/Ashes47/braids/internal/core/store/claudecode/branch.go:217.43,219.3 1 0
github.com/Ashes47/braids/internal/core/store/claudecode/branch.go:220.2,223.85 4 5
github.com/Ashes47/braids/internal/core/store/claudecode/branch.go:226.30,227.18 1 1
github.com/Ashes47/braids/internal/core/store/claudecode/branch.go:227.18,229.3 1 1
github.com/Ashes47/braids/internal/core/store/claudecode/branch.go:230.2,230.15 1 0
github.com/Ashes47/braids/internal/core/store/claudecode/branch.go:247.89,248.22 1 2
github.com/Ashes47/braids/internal/core/store/claudecode/branch.go:248.22,250.3 1 1
github.com/Ashes47/braids/internal/core/store/claudecode/branch.go:251.2,252.16 2 1
github.com/Ashes47/braids/internal/core/store/claudecode/branch.go:252.16,254.3 1 0
github.com/Ashes47/braids/internal/core/store/claudecode/branch.go:255.2,256.16 2 1
github.com/Ashes47/braids/internal/core/store/claudecode/branch.go:256.16,258.3 1 0
github.com/Ashes47/braids/internal/core/store/claudecode/branch.go:262.2,266.70 4 1
github.com/Ashes47/braids/internal/core/store/claudecode/branch.go:266.70,268.3 1 0
github.com/Ashes47/braids/internal/core/store/claudecode/branch.go:269.2,270.16 2 1
github.com/Ashes47/braids/internal/core/store/claudecode/branch.go:270.16,272.3 1 0
github.com/Ashes47/braids/internal/core/store/claudecode/branch.go:273.2,281.8 1 1
github.com/Ashes47/braids/internal/core/store/claudecode/branch.go:284.49,285.9 1 1
github.com/Ashes47/braids/internal/core/store/claudecode/branch.go:286.44,287.40 1 1
github.com/Ashes47/braids/internal/core/store/claudecode/branch.go:288.24,289.20 1 0
github.com/Ashes47/braids/internal/core/store/claudecode/branch.go:290.24,291.20 1 0
github.com/Ashes47/braids/internal/core/store/claudecode/branch.go:292.10,293.26 1 0
github.com/Ashes47/braids/internal/core/store/claudecode/branch.go:297.88,299.16 2 1
github.com/Ashes47/braids/internal/core/store/claudecode/branch.go:299.16,301.3 1 0
github.com/Ashes47/braids/internal/core/store/claudecode/branch.go:302.2,305.21 3 1
github.com/Ashes47/braids/internal/core/store/claudecode/branch.go:305.21,309.17 2 1
github.com/Ashes47/braids/internal/core/store/claudecode/branch.go:309.17,311.4 1 0
github.com/Ashes47/braids/internal/core/store/claudecode/branch.go:312.3,312.60 1 1
github.com/Ashes47/braids/internal/core/store/claudecode/branch.go:312.60,314.4 1 0
github.com/Ashes47/braids/internal/core/store/claudecode/branch.go:315.3,316.27 2 1
github.com/Ashes47/braids/internal/core/store/claudecode/branch.go:316.27,317.36 1 2
github.com/Ashes47/braids/internal/core/store/claudecode/branch.go:317.36,319.5 1 0
github.com/Ashes47/braids/internal/core/store/claudecode/branch.go:320.4,321.18 2 2
github.com/Ashes47/braids/internal/core/store/claudecode/branch.go:321.18,323.5 1 0
github.com/Ashes47/braids/internal/core/store/claudecode/branch.go:324.4,324.64 1 2
github.com/Ashes47/braids/internal/core/store/claudecode/branch.go:324.64,326.5 1 0
github.com/Ashes47/braids/internal/core/store/claudecode/branch.go:327.4,327.20 1 2
github.com/Ashes47/braids/internal/core/store/claudecode/branch.go:327.20,329.5 1 2
github.com/Ashes47/braids/internal/core/store/claudecode/branch.go:331.3,331.17 1 1
github.com/Ashes47/braids/internal/core/store/claudecode/branch.go:331.17,333.4 1 0
github.com/Ashes47/braids/internal/core/store/claudecode/branch.go:334.3,337.17 2 1
github.com/Ashes47/braids/internal/core/store/claudecode/branch.go:337.17,339.4 1 0
github.com/Ashes47/braids/internal/core/store/claudecode/branch.go:340.3,341.13 2 1
github.com/Ashes47/braids/internal/core/store/claudecode/branch.go:343.2,343.16 1 1
github.com/Ashes47/braids/internal/core/store/claudecode/branch.go:343.16,345.3 1 0
github.com/Ashes47/braids/internal/core/store/claudecode/branch.go:346.2,346.36 1 1
github.com/Ashes47/braids/internal/core/store/claudecode/branch.go:346.36,348.3 1 0
github.com/Ashes47/braids/internal/core/store/claudecode/branch.go:349.2,349.49 1 1
github.com/Ashes47/braids/internal/core/store/claudecode/branch.go:349.49,351.3 1 0
github.com/Ashes47/braids/internal/core/store/claudecode/branch.go:352.2,352.12 1 1
github.com/Ashes47/braids/internal/core/store/claudecode/branch.go:356.60,358.9 2 2
github.com/Ashes47/braids/internal/core/store/claudecode/branch.go:358.9,360.3 1 0
github.com/Ashes47/braids/internal/core/store/claudecode/branch.go:361.2,364.16 4 2
github.com/Ashes47/braids/internal/core/store/claudecode/branch.go:364.16,366.3 1 0
github.com/Ashes47/braids/internal/core/store/claudecode/branch.go:367.2,367.58 1 2
github.com/Ashes47/braids/internal/core/store/claudecode/branch.go:367.58,368.41 1 4
github.com/Ashes47/braids/internal/core/store/claudecode/branch.go:368.41,370.4 1 2
github.com/Ashes47/braids/internal/core/store/claudecode/branch.go:372.2,373.16 2 2
github.com/Ashes47/braids/internal/core/store/claudecode/branch.go:373.16,375.3 1 0
github.com/Ashes47/braids/internal/core/store/claudecode/branch.go:376.2,376.17 1 2
github.com/Ashes47/braids/internal/core/store/claudecode/claudecode.go:33.31,33.61 1 15
github.com/Ashes47/braids/internal/core/store/claudecode/claudecode.go:36.36,38.16 2 0
github.com/Ashes47/braids/internal/core/store/claudecode/claudecode.go:38.16,40.3 1 0
github.com/Ashes47/braids/internal/core/store/claudecode/claudecode.go:41.2,41.56 1 0
github.com/Ashes47/braids/internal/core/store/claudecode/claudecode.go:45.32,45.55 1 27
github.com/Ashes47/braids/internal/core/store/claudecode/claudecode.go:48.52,56.2 1 0
github.com/Ashes47/braids/internal/core/store/claudecode/claudecode.go:65.67,67.16 2 18
github.com/Ashes47/braids/internal/core/store/claudecode/claudecode.go:67.16,69.3 1 0
github.com/Ashes47/braids/internal/core/store/claudecode/claudecode.go:70.2,71.35 2 18
github.com/Ashes47/braids/internal/core/store/claudecode/claudecode.go:71.35,72.23 1 18
github.com/Ashes47/braids/internal/core/store/claudecode/claudecode.go:72.23,73.12 1 0
github.com/Ashes47/braids/internal/core/store/claudecode/claudecode.go:75.3,77.17 3 18
github.com/Ashes47/braids/internal/core/store/claudecode/claudecode.go:77.17,79.4 1 0
github.com/Ashes47/braids/internal/core/store/claudecode/claudecode.go:80.3,80.29 1 18
github.com/Ashes47/braids/internal/core/store/claudecode/claudecode.go:80.29,81.36 1 27
github.com/Ashes47/braids/internal/core/store/claudecode/claudecode.go:81.36,83.5 1 0
github.com/Ashes47/braids/internal/core/store/claudecode/claudecode.go:84.4,84.59 1 27
github.com/Ashes47/braids/internal/core/store/claudecode/claudecode.go:84.59,85.13 1 5
github.com/Ashes47/braids/internal/core/store/claudecode/claudecode.go:87.4,88.18 2 22
github.com/Ashes47/braids/internal/core/store/claudecode/claudecode.go:88.18,90.5 1 0
github.com/Ashes47/braids/internal/core/store/claudecode/claudecode.go:91.4,101.31 3 22
github.com/Ashes47/braids/internal/core/store/claudecode/claudecode.go:104.2,104.19 1 18
github.com/Ashes47/braids/internal/core/store/claudecode/claudecode.go:110.81,112.16 2 3
github.com/Ashes47/braids/internal/core/store/claudecode/claudecode.go:112.16,114.3 1 0
github.com/Ashes47/braids/internal/core/store/claudecode/claudecode.go:115.2,116.18 2 3
github.com/Ashes47/braids/internal/core/store/claudecode/claudecode.go:121.90,123.16 2 8
github.com/Ashes47/braids/internal/core/store/claudecode/claudecode.go:123.16,125.3 1 0
github.com/Ashes47/braids/internal/core/store/claudecode/claudecode.go:126.2,136.16 4 8
github.com/Ashes47/braids/internal/core/store/claudecode/claudecode.go:136.16,137.35 1 30
github.com/Ashes47/braids/internal/core/store/claudecode/claudecode.go:137.35,139.4 1 0
github.com/Ashes47/braids/internal/core/store/claudecode/claudecode.go:140.3,141.56 2 30
github.com/Ashes47/braids/internal/core/store/claudecode/claudecode.go:141.56,142.12 1 1
github.com/Ashes47/braids/internal/core/store/claudecode/claudecode.go:144.3,144.19 1 29
github.com/Ashes47/braids/internal/core/store/claudecode/claudecode.go:144.19,145.12 1 6
github.com/Ashes47/braids/internal/core/store/claudecode/claudecode.go:147.3,149.10 3 23
github.com/Ashes47/braids/internal/core/store/claudecode/claudecode.go:149.10,151.12 2 7
github.com/Ashes47/braids/internal/core/store/claudecode/claudecode.go:153.3,155.36 3 16
github.com/Ashes47/braids/internal/core/store/claudecode/claudecode.go:155.36,157.4 1 1
github.com/Ashes47/braids/internal/core/store/claudecode/claudecode.go:159.2,159.33 1 7
github.com/Ashes47/braids/internal/core/store/claudecode/claudecode.go:159.33,161.3 1 0
github.com/Ashes47/braids/internal/core/store/claudecode/claudecode.go:162.2,162.12 1 7
github.com/Ashes47/braids/internal/core/store/claudecode/claudecode.go:165.44,169.2 3 20
github.com/Ashes47/braids/internal/core/store/claudecode/claudecode.go:173.38,175.21 2 22
github.com/Ashes47/braids/internal/core/store/claudecode/claudecode.go:175.21,177.3 1 0
github.com/Ashes47/braids/internal/core/store/claudecode/claudecode.go:178.2,178.28 1 22
github.com/Ashes47/braids/internal/core/store/claudecode/claudecode.go:186.59,188.16 2 3
github.com/Ashes47/braids/internal/core/store/claudecode/claudecode.go:188.16,190.3 1 0
github.com/Ashes47/braids/internal/core/store/claudecode/claudecode.go:191.2,195.16 4 3
github.com/Ashes47/braids/internal/core/store/claudecode/claudecode.go:195.16,197.57 2 9
github.com/Ashes47/braids/internal/core/store/claudecode/claudecode.go:197.57,201.39 2 1
github.com/Ashes47/braids/internal/core/store/claudecode/claudecode.go:201.39,203.5 1 1
github.com/Ashes47/braids/internal/core/store/claudecode/claudecode.go:205.3,205.26 1 9
github.com/Ashes47/braids/internal/core/store/claudecode/claudecode.go:205.26,206.12 1 5
github.com/Ashes47/braids/internal/core/store/claudecode/claudecode.go:208.3,209.50 2 4
github.com/Ashes47/braids/internal/core/store/claudecode/claudecode.go:209.50,210.12 1 0
github.com/Ashes47/braids/internal/core/store/claudecode/claudecode.go:212.3,212.10 1 4
github.com/Ashes47/braids/internal/core/store/claudecode/claudecode.go:213.28,214.26 1 2
github.com/Ashes47/braids/internal/core/store/claudecode/claudecode.go:215.24,216.18 1 1
github.com/Ashes47/braids/internal/core/store/claudecode/claudecode.go:217.26,218.23 1 1
github.com/Ashes47/braids/internal/core/store/claudecode/claudecode.go:221.2,221.33 1 3
github.com/Ashes47/braids/internal/core/store/claudecode/claudecode.go:221.33,223.3 1 0
github.com/Ashes47/braids/internal/core/store/claudecode/claudecode.go:224.2,224.51 1 3
github.com/Ashes47/braids/internal/core/store/claudecode/claudecode.go:227.37,228.31 1 9
github.com/Ashes47/braids/internal/core/store/claudecode/claudecode.go:228.31,229.30 1 15
github.com/Ashes47/braids/internal/core/store/claudecode/claudecode.go:229.30,231.4 1 4
github.com/Ashes47/braids/internal/core/store/claudecode/claudecode.go:233.2,233.14 1 5
github.com/Ashes47/braids/internal/core/store/claudecode/claudecode.go:236.43,237.25 1 3
github.com/Ashes47/braids/internal/core/store/claudecode/claudecode.go:237.25,238.14 1 5
github.com/Ashes47/braids/internal/core/store/claudecode/claudecode.go:238.14,240.4 1 3
github.com/Ashes47/braids/internal/core/store/claudecode/claudecode.go:242.2,242.11 1 0
github.com/Ashes47/braids/internal/core/store/claudecode/claudecode.go:279.64,280.50 1 29
github.com/Ashes47/braids/internal/core/store/claudecode/claudecode.go:280.50,282.3 1 7
github.com/Ashes47/braids/internal/core/store/claudecode/claudecode.go:283.2,284.16 2 22
github.com/Ashes47/braids/internal/core/store/claudecode/claudecode.go:285.14,286.24 1 14
github.com/Ashes47/braids/internal/core/store/claudecode/claudecode.go:287.19,288.29 1 8
github.com/Ashes47/braids/internal/core/store/claudecode/claudecode.go:289.10,290.32 1 0
github.com/Ashes47/braids/internal/core/store/claudecode/claudecode.go:292.2,293.21 2 22
github.com/Ashes47/braids/internal/core/store/claudecode/claudecode.go:293.21,295.3 1 0
github.com/Ashes47/braids/internal/core/store/claudecode/claudecode.go:296.2,303.9 2 22
github.com/Ashes47/braids/internal/core/store/claudecode/claudecode.go:310.35,311.25 1 55
github.com/Ashes47/braids/internal/core/store/claudecode/claudecode.go:311.25,313.3 1 33
github.com/Ashes47/braids/internal/core/store/claudecode/claudecode.go:314.2,314.32 1 22
github.com/Ashes47/braids/internal/core/store/claudecode/claudecode.go:314.32,316.3 1 2
github.com/Ashes47/braids/internal/core/store/claudecode/claudecode.go:317.2,317.11 1 20
github.com/Ashes47/braids/internal/core/store/claudecode/claudecode.go:322.51,323.19 1 22
github.com/Ashes47/braids/internal/core/store/claudecode/claudecode.go:323.19,325.3 1 0
github.com/Ashes47/braids/internal/core/store/claudecode/claudecode.go:326.2,327.51 2 22
github.com/Ashes47/braids/internal/core/store/claudecode/claudecode.go:327.51,328.36 1 12
github.com/Ashes47/braids/internal/core/store/claudecode/claudecode.go:328.36,330.4 1 0
github.com/Ashes47/braids/internal/core/store/claudecode/claudecode.go:331.3,331.58 1 12
github.com/Ashes47/braids/internal/core/store/claudecode/claudecode.go:333.2,334.53 2 10
github.com/Ashes47/braids/internal/core/store/claudecode/claudecode.go:334.53,336.3 1 0
github.com/Ashes47/braids/internal/core/store/claudecode/claudecode.go:337.2,338.27 2 10
github.com/Ashes47/braids/internal/core/store/claudecode/claudecode.go:338.27,339.30 1 12
github.com/Ashes47/braids/internal/core/store/claudecode/claudecode.go:339.30,341.4 1 12
github.com/Ashes47/braids/internal/core/store/claudecode/claudecode.go:343.2,343.14 1 10
github.com/Ashes47/braids/internal/core/store/claudecode/claudecode.go:346.44,347.16 1 12
github.com/Ashes47/braids/internal/core/store/claudecode/claudecode.go:348.14,349.38 1 8
github.com/Ashes47/braids/internal/core/store/claudecode/claudecode.go:349.38,351.4 1 0
github.com/Ashes47/braids/internal/core/store/claudecode/claudecode.go:352.3,352.62 1 8
github.com/Ashes47/braids/internal/core/store/claudecode/claudecode.go:353.18,354.42 1 1
github.com/Ashes47/braids/internal/core/store/claudecode/claudecode.go:354.42,356.4 1 0
github.com/Ashes47/braids/internal/core/store/claudecode/claudecode.go:357.3,357.70 1 1
github.com/Ashes47/braids/internal/core/store/claudecode/claudecode.go:358.18,359.98 1 1
github.com/Ashes47/braids/internal/core/store/claudecode/claudecode.go:360.21,362.17 2 2
github.com/Ashes47/braids/internal/core/store/claudecode/claudecode.go:362.17,364.4 1 0
github.com/Ashes47/braids/internal/core/store/claudecode/claudecode.go:365.3,365.83 1 2
github.com/Ashes47/braids/internal/core/store/claudecode/claudecode.go:366.10,367.29 1 0
github.com/Ashes47/braids/internal/core/store/claudecode/claudecode.go:372.42,373.19 1 2
github.com/Ashes47/braids/internal/core/store/claudecode/claudecode.go:373.19,375.3 1 0
github.com/Ashes47/braids/internal/core/store/claudecode/claudecode.go:376.2,377.51 2 2
github.com/Ashes47/braids/internal/core/store/claudecode/claudecode.go:377.51,379.3 1 1
github.com/Ashes47/braids/internal/core/store/claudecode/claudecode.go:380.2,381.53 2 1
github.com/Ashes47/braids/internal/core/store/claudecode/claudecode.go:381.53,383.3 1 0
github.com/Ashes47/braids/internal/core/store/claudecode/claudecode.go:384.2,385.29 2 1
github.com/Ashes47/braids/internal/core/store/claudecode/claudecode.go:385.29,386.21 1 1
github.com/Ashes47/braids/internal/core/store/claudecode/claudecode.go:386.21,387.12 1 0
github.com/Ashes47/braids/internal/core/store/claudecode/claudecode.go:389.3,389.18 1 1
github.com/Ashes47/braids/internal/core/store/claudecode/claudecode.go:389.18,391.4 1 0
github.com/Ashes47/braids/internal/core/store/claudecode/claudecode.go:392.3,392.26 1 1
github.com/Ashes47/braids/internal/core/store/claudecode/claudecode.go:394.2,394.19 1 1
github.com/Ashes47/braids/internal/core/store/claudecode/subagents.go:29.92,32.36 3 4
github.com/Ashes47/braids/internal/core/store/claudecode/subagents.go:32.36,34.3 1 1
github.com/Ashes47/braids/internal/core/store/claudecode/subagents.go:35.2,35.16 1 3
github.com/Ashes47/braids/internal/core/store/claudecode/subagents.go:35.16,37.3 1 0
github.com/Ashes47/braids/internal/core/store/claudecode/subagents.go:39.2,40.28 2 3
github.com/Ashes47/braids/internal/core/store/claudecode/subagents.go:40.28,41.35 1 6
github.com/Ashes47/braids/internal/core/store/claudecode/subagents.go:41.35,43.4 1 0
github.com/Ashes47/braids/internal/core/store/claudecode/subagents.go:44.3,45.54 2 6
github.com/Ashes47/braids/internal/core/store/claudecode/subagents.go:45.54,46.12 1 3
github.com/Ashes47/braids/internal/core/store/claudecode/subagents.go:48.3,52.85 4 3
github.com/Ashes47/braids/internal/core/store/claudecode/subagents.go:52.85,55.4 2 3
github.com/Ashes47/braids/internal/core/store/claudecode/subagents.go:56.3,57.27 2 3
github.com/Ashes47/braids/internal/core/store/claudecode/subagents.go:59.2,59.17 1 3
github.com/Ashes47/braids/internal/core/store/claudecode/subagents.go:62.58,64.16 2 3
github.com/Ashes47/braids/internal/core/store/claudecode/subagents.go:64.16,66.3 1 0
github.com/Ashes47/braids/internal/core/store/claudecode/subagents.go:67.2,68.52 2 3
github.com/Ashes47/braids/internal/core/store/claudecode/subagents.go:68.52,70.3 1 0
github.com/Ashes47/braids/internal/core/store/claudecode/subagents.go:71.2,71.18 1 3
github.com/Ashes47/braids/internal/core/store/claudecode/subagents.go:76.37,78.16 2 3
github.com/Ashes47/braids/internal/core/store/claudecode/subagents.go:78.16,80.3 1 0
github.com/Ashes47/braids/internal/core/store/claudecode/subagents.go:81.2,85.16 4 3
github.com/Ashes47/braids/internal/core/store/claudecode/subagents.go:85.16,87.44 2 6
github.com/Ashes47/braids/internal/core/store/claudecode/subagents.go:87.44,88.12 1 0
github.com/Ashes47/braids/internal/core/store/claudecode/subagents.go:90.3,90.35 1 6
github.com/Ashes47/braids/internal/core/store/claudecode/subagents.go:90.35,92.4 1 6
github.com/Ashes47/braids/internal/core/store/claudecode/subagents.go:94.2,94.10 1 3
github.com/Ashes47/braids/internal/core/index/index.go:136.40,138.16 2 12
github.com/Ashes47/braids/internal/core/index/index.go:138.16,140.3 1 0
github.com/Ashes47/braids/internal/core/index/index.go:141.2,148.4 1 12
github.com/Ashes47/braids/internal/core/index/index.go:148.4,149.44 1 36
github.com/Ashes47/braids/internal/core/index/index.go:149.44,151.4 1 0
github.com/Ashes47/braids/internal/core/index/index.go:153.2,153.36 1 12
github.com/Ashes47/braids/internal/core/index/index.go:153.36,155.3 1 0
github.com/Ashes47/braids/internal/core/index/index.go:156.2,156.28 1 12
github.com/Ashes47/braids/internal/core/index/index.go:162.32,164.74 2 12
github.com/Ashes47/braids/internal/core/index/index.go:164.74,166.3 1 0
github.com/Ashes47/braids/internal/core/index/index.go:167.2,167.30 1 12
github.com/Ashes47/braids/internal/core/index/index.go:167.30,168.45 1 12
github.com/Ashes47/braids/internal/core/index/index.go:168.45,170.4 1 0
github.com/Ashes47/braids/internal/core/index/index.go:172.2,172.43 1 12
github.com/Ashes47/braids/internal/core/index/index.go:172.43,174.3 1 0
github.com/Ashes47/braids/internal/core/index/index.go:175.2,175.89 1 12
github.com/Ashes47/braids/internal/core/index/index.go:175.89,177.3 1 0
github.com/Ashes47/braids/internal/core/index/index.go:178.2,178.12 1 12
github.com/Ashes47/braids/internal/core/index/index.go:182.32,182.56 1 12
github.com/Ashes47/braids/internal/core/index/index.go:187.80,190.16 3 8
github.com/Ashes47/braids/internal/core/index/index.go:190.16,192.3 1 0
github.com/Ashes47/braids/internal/core/index/index.go:194.2,195.16 2 8
github.com/Ashes47/braids/internal/core/index/index.go:195.16,197.3 1 0
github.com/Ashes47/braids/internal/core/index/index.go:198.2,203.4 2 8
github.com/Ashes47/braids/internal/core/index/index.go:203.4,204.54 1 32
github.com/Ashes47/braids/internal/core/index/index.go:204.54,206.4 1 0
github.com/Ashes47/braids/internal/core/index/index.go:209.2,210.29 2 8
github.com/Ashes47/braids/internal/core/index/index.go:210.29,212.17 2 17
github.com/Ashes47/braids/internal/core/index/index.go:212.17,214.4 1 0
github.com/Ashes47/braids/internal/core/index/index.go:215.3,216.23 2 17
github.com/Ashes47/braids/internal/core/index/index.go:218.2,218.36 1 8
github.com/Ashes47/braids/internal/core/index/index.go:218.36,220.3 1 0
github.com/Ashes47/braids/internal/core/index/index.go:221.2,222.19 2 8
github.com/Ashes47/braids/internal/core/index/index.go:231.77,234.16 3 11
github.com/Ashes47/braids/internal/core/index/index.go:234.16,236.3 1 0
github.com/Ashes47/braids/internal/core/index/index.go:237.2,238.16 2 11
github.com/Ashes47/braids/internal/core/index/index.go:238.16,240.3 1 0
github.com/Ashes47/braids/internal/core/index/index.go:241.2,242.26 2 11
github.com/Ashes47/braids/internal/core/index/index.go:242.26,244.3 1 12
github.com/Ashes47/braids/internal/core/index/index.go:246.2,247.16 2 11
github.com/Ashes47/braids/internal/core/index/index.go:247.16,249.3 1 0
github.com/Ashes47/braids/internal/core/index/index.go:250.2,254.29 4 11
github.com/Ashes47/braids/internal/core/index/index.go:254.29,258.107 2 22
github.com/Ashes47/braids/internal/core/index/index.go:258.107,261.12 3 9
github.com/Ashes47/braids/internal/core/index/index.go:263.3,264.17 2 13
github.com/Ashes47/braids/internal/core/index/index.go:264.17,266.4 1 0
github.com/Ashes47/braids/internal/core/index/index.go:267.3,268.23 2 13
github.com/Ashes47/braids/internal/core/index/index.go:270.2,270.25 1 11
github.com/Ashes47/braids/internal/core/index/index.go:270.25,271.16 1 12
github.com/Ashes47/braids/internal/core/index/index.go:271.16,272.50 1 1
github.com/Ashes47/braids/internal/core/index/index.go:272.50,274.5 1 0
github.com/Ashes47/braids/internal/core/index/index.go:277.2,277.36 1 11
github.com/Ashes47/braids/internal/core/index/index.go:277.36,279.3 1 0
github.com/Ashes47/braids/internal/core/index/index.go:280.2,281.19 2 11
github.com/Ashes47/braids/internal/core/index/index.go:286.80,288.9 2 30
github.com/Ashes47/braids/internal/core/index/index.go:288.9,290.3 1 30
github.com/Ashes47/braids/internal/core/index/index.go:291.2,292.16 2 0
github.com/Ashes47/braids/internal/core/index/index.go:292.16,294.3 1 0
github.com/Ashes47/braids/internal/core/index/index.go:295.2,295.17 1 0
github.com/Ashes47/braids/internal/core/index/index.go:298.71,304.4 1 31
github.com/Ashes47/braids/internal/core/index/index.go:304.4,305.62 1 124
github.com/Ashes47/braids/internal/core/index/index.go:305.62,307.4 1 0
github.com/Ashes47/braids/internal/core/index/index.go:309.2,309.12 1 31
github.com/Ashes47/braids/internal/core/index/index.go:313.115,315.53 2 30
github.com/Ashes47/braids/internal/core/index/index.go:315.53,317.3 1 0
github.com/Ashes47/braids/internal/core/index/index.go:318.2,321.16 3 30
github.com/Ashes47/braids/internal/core/index/index.go:321.16,323.3 1 0
github.com/Ashes47/braids/internal/core/index/index.go:324.2,328.16 3 30
github.com/Ashes47/braids/internal/core/index/index.go:328.16,330.3 1 0
github.com/Ashes47/braids/internal/core/index/index.go:331.2,336.60 3 30
github.com/Ashes47/braids/internal/core/index/index.go:336.60,339.29 3 45
github.com/Ashes47/braids/internal/core/index/index.go:339.29,340.49 1 71
github.com/Ashes47/braids/internal/core/index/index.go:340.49,342.5 1 3
github.com/Ashes47/braids/internal/core/index/index.go:344.3,345.83 1 45
github.com/Ashes47/braids/internal/core/index/index.go:345.83,347.4 1 0
github.com/Ashes47/braids/internal/core/index/index.go:348.3,348.29 1 45
github.com/Ashes47/braids/internal/core/index/index.go:348.29,349.39 1 71
github.com/Ashes47/braids/internal/core/index/index.go:349.39,350.13 1 13
github.com/Ashes47/braids/internal/core/index/index.go:352.4,353.70 1 58
github.com/Ashes47/braids/internal/core/index/index.go:353.70,355.5 1 0
github.com/Ashes47/braids/internal/core/index/index.go:356.4,356.11 1 58
github.com/Ashes47/braids/internal/core/index/index.go:358.3,358.13 1 45
github.com/Ashes47/braids/internal/core/index/index.go:360.2,360.16 1 30
github.com/Ashes47/braids/internal/core/index/index.go:360.16,362.3 1 0
github.com/Ashes47/braids/internal/core/index/index.go:363.2,368.79 1 30
github.com/Ashes47/braids/internal/core/index/index.go:368.79,370.3 1 0
github.com/Ashes47/braids/internal/core/index/index.go:371.2,371.70 1 30
github.com/Ashes47/braids/internal/core/index/index.go:371.70,373.3 1 0
github.com/Ashes47/braids/internal/core/index/index.go:374.2,374.25 1 30
github.com/Ashes47/braids/internal/core/index/index.go:379.121,381.9 2 30
github.com/Ashes47/braids/internal/core/index/index.go:381.9,383.3 1 0
github.com/Ashes47/braids/internal/core/index/index.go:384.2,385.9 2 30
github.com/Ashes47/braids/internal/core/index/index.go:385.9,387.3 1 0
github.com/Ashes47/braids/internal/core/index/index.go:388.2,388.27 1 30
github.com/Ashes47/braids/internal/core/index/index.go:388.27,393.40 1 3
github.com/Ashes47/braids/internal/core/index/index.go:393.40,395.4 1 0
github.com/Ashes47/braids/internal/core/index/index.go:397.2,397.12 1 30
github.com/Ashes47/braids/internal/core/index/index.go:402.107,404.16 2 30
github.com/Ashes47/braids/internal/core/index/index.go:404.16,406.3 1 0
github.com/Ashes47/braids/internal/core/index/index.go:407.2,407.21 1 30
github.com/Ashes47/braids/internal/core/index/index.go:417.91,421.16 2 3
github.com/Ashes47/braids/internal/core/index/index.go:421.16,423.3 1 0
github.com/Ashes47/braids/internal/core/index/index.go:424.2,427.18 3 3
github.com/Ashes47/braids/internal/core/index/index.go:427.18,430.52 2 2
github.com/Ashes47/braids/internal/core/index/index.go:430.52,432.4 1 0
github.com/Ashes47/braids/internal/core/index/index.go:433.3,433.23 1 2
github.com/Ashes47/braids/internal/core/index/index.go:435.2,435.35 1 3
github.com/Ashes47/braids/internal/core/index/index.go:435.35,437.3 1 0
github.com/Ashes47/braids/internal/core/index/index.go:438.2,438.17 1 3
github.com/Ashes47/braids/internal/core/index/index.go:442.70,443.37 1 8
github.com/Ashes47/braids/internal/core/index/index.go:443.37,445.3 1 1
github.com/Ashes47/braids/internal/core/index/index.go:446.2,447.16 2 7
github.com/Ashes47/braids/internal/core/index/index.go:447.16,449.3 1 7
github.com/Ashes47/braids/internal/core/index/index.go:451.2,455.18 2 7
github.com/Ashes47/braids/internal/core/index/index.go:455.18,458.3 2 2
github.com/Ashes47/braids/internal/core/index/index.go:459.2,459.22 1 7
github.com/Ashes47/braids/internal/core/index/index.go:459.22,461.29 2 1
github.com/Ashes47/braids/internal/core/index/index.go:461.29,464.4 2 1
github.com/Ashes47/braids/internal/core/index/index.go:465.3,465.72 1 1
github.com/Ashes47/braids/internal/core/index/index.go:467.2,480.16 4 7
github.com/Ashes47/braids/internal/core/index/index.go:480.16,482.3 1 0
github.com/Ashes47/braids/internal/core/index/index.go:483.2,486.18 3 7
github.com/Ashes47/braids/internal/core/index/index.go:486.18,491.56 4 9
github.com/Ashes47/braids/internal/core/index/index.go:491.56,493.4 1 0
github.com/Ashes47/braids/internal/core/index/index.go:494.3,497.25 4 9
github.com/Ashes47/braids/internal/core/index/index.go:499.2,499.35 1 7
github.com/Ashes47/braids/internal/core/index/index.go:499.35,501.3 1 0
github.com/Ashes47/braids/internal/core/index/index.go:502.2,502.18 1 7
github.com/Ashes47/braids/internal/core/index/index.go:518.89,522.16 2 0
github.com/Ashes47/braids/internal/core/index/index.go:522.16,524.3 1 0
github.com/Ashes47/braids/internal/core/index/index.go:525.2,528.18 3 0
github.com/Ashes47/braids/internal/core/index/index.go:528.18,532.97 4 0
github.com/Ashes47/braids/internal/core/index/index.go:532.97,534.4 1 0
github.com/Ashes47/braids/internal/core/index/index.go:535.3,537.23 3 0
github.com/Ashes47/braids/internal/core/index/index.go:539.2,539.35 1 0
github.com/Ashes47/braids/internal/core/index/index.go:539.35,541.3 1 0
github.com/Ashes47/braids/internal/core/index/index.go:542.2,542.17 1 0
github.com/Ashes47/braids/internal/core/index/index.go:551.40,553.35 2 45
github.com/Ashes47/braids/internal/core/index/index.go:553.35,555.3 1 0
github.com/Ashes47/braids/internal/core/index/index.go:556.2,557.28 2 45
github.com/Ashes47/braids/internal/core/index/index.go:557.28,559.3 1 0
github.com/Ashes47/braids/internal/core/index/index.go:560.2,560.13 1 45
github.com/Ashes47/braids/internal/core/index/index.go:564.38,567.28 3 45
github.com/Ashes47/braids/internal/core/index/index.go:567.28,568.66 1 71
github.com/Ashes47/braids/internal/core/index/index.go:568.66,569.12 1 58
github.com/Ashes47/braids/internal/core/index/index.go:571.3,572.32 2 13
github.com/Ashes47/braids/internal/core/index/index.go:574.2,574.33 1 45
github.com/Ashes47/braids/internal/core/index/index.go:579.67,586.16 2 1
github.com/Ashes47/braids/internal/core/index/index.go:586.16,588.3 1 0
github.com/Ashes47/braids/internal/core/index/index.go:589.2,592.18 3 1
github.com/Ashes47/braids/internal/core/index/index.go:592.18,594.68 2 2
github.com/Ashes47/braids/internal/core/index/index.go:594.68,596.4 1 0
github.com/Ashes47/braids/internal/core/index/index.go:597.3,597.23 1 2
github.com/Ashes47/braids/internal/core/index/index.go:599.2,599.35 1 1
github.com/Ashes47/braids/internal/core/index/index.go:599.35,601.3 1 0
github.com/Ashes47/braids/internal/core/index/index.go:602.2,602.17 1 1
github.com/Ashes47/braids/internal/core/index/index.go:608.81,611.16 2 0
github.com/Ashes47/braids/internal/core/index/index.go:611.16,613.3 1 0
github.com/Ashes47/braids/internal/core/index/index.go:614.2,617.18 3 0
github.com/Ashes47/braids/internal/core/index/index.go:617.18,620.47 3 0
github.com/Ashes47/braids/internal/core/index/index.go:620.47,622.4 1 0
github.com/Ashes47/braids/internal/core/index/index.go:623.3,623.50 1 0
github.com/Ashes47/braids/internal/core/index/index.go:625.2,625.35 1 0
github.com/Ashes47/braids/internal/core/index/index.go:625.35,627.3 1 0
github.com/Ashes47/braids/internal/core/index/index.go:628.2,628.17 1 0
github.com/Ashes47/braids/internal/core/index/index.go:632.65,635.16 2 14
github.com/Ashes47/braids/internal/core/index/index.go:635.16,637.3 1 0
github.com/Ashes47/braids/internal/core/index/index.go:638.2,641.18 3 14
github.com/Ashes47/braids/internal/core/index/index.go:641.18,647.90 5 17
github.com/Ashes47/braids/internal/core/index/index.go:647.90,649.4 1 0
github.com/Ashes47/braids/internal/core/index/index.go:650.3,650.18 1 17
github.com/Ashes47/braids/internal/core/index/index.go:650.18,652.4 1 0
github.com/Ashes47/braids/internal/core/index/index.go:653.3,655.27 3 17
github.com/Ashes47/braids/internal/core/index/index.go:657.2,657.35 1 14
github.com/Ashes47/braids/internal/core/index/index.go:657.35,659.3 1 0
github.com/Ashes47/braids/internal/core/index/index.go:660.2,660.19 1 14
github.com/Ashes47/braids/internal/core/index/index.go:665.49,667.28 2 45
github.com/Ashes47/braids/internal/core/index/index.go:667.28,668.34 1 71
github.com/Ashes47/braids/internal/core/index/index.go:668.34,670.4 1 13
github.com/Ashes47/braids/internal/core/index/index.go:672.2,672.64 1 45
github.com/Ashes47/braids/internal/core/index/index.go:675.28,676.7 1 30
github.com/Ashes47/braids/internal/core/index/index.go:676.7,678.3 1 13
github.com/Ashes47/braids/internal/core/index/index.go:679.2,679.10 1 17
github.com/Ashes47/braids/internal/core/index/index.go:683.36,684.16 1 30
github.com/Ashes47/braids/internal/core/index/index.go:684.16,686.3 1 30
github.com/Ashes47/braids/internal/core/index/index.go:687.2,687.17 1 0
github.com/Ashes47/braids/internal/core/index/index.go:692.30,693.36 1 14
github.com/Ashes47/braids/internal/core/index/index.go:693.36,695.3 1 3
github.com/Ashes47/braids/internal/core/index/index.go:696.2,696.38 1 11
github.com/Ashes47/braids/internal/core/index/index.go:696.38,697.12 1 14
github.com/Ashes47/braids/internal/core/index/index.go:698.27,699.15 1 1
github.com/Ashes47/braids/internal/core/index/index.go:701.3,701.36 1 13
github.com/Ashes47/braids/internal/core/index/index.go:701.36,703.4 1 0
github.com/Ashes47/braids/internal/core/index/index.go:705.2,705.14 1 10
github.com/Ashes47/braids/internal/core/index/index.go:711.34,713.17 2 14
github.com/Ashes47/braids/internal/core/index/index.go:713.17,715.3 1 4
github.com/Ashes47/braids/internal/core/index/index.go:716.2,718.27 3 10
github.com/Ashes47/braids/internal/core/index/index.go:718.27,720.3 1 12
github.com/Ashes47/braids/internal/core/index/index.go:721.2,721.34 1 10
github.com/Ashes47/braids/internal/core/graph/graph.go:54.138,56.26 2 29
github.com/Ashes47/braids/internal/core/graph/graph.go:56.26,58.3 1 84
github.com/Ashes47/braids/internal/core/graph/graph.go:60.2,60.95 1 29
github.com/Ashes47/braids/internal/core/graph/graph.go:60.95,64.3 3 54
github.com/Ashes47/braids/internal/core/graph/graph.go:68.2,68.38 1 29
github.com/Ashes47/braids/internal/core/graph/graph.go:68.38,70.10 2 0
github.com/Ashes47/braids/internal/core/graph/graph.go:70.10,71.12 1 0
github.com/Ashes47/braids/internal/core/graph/graph.go:73.3,73.67 1 0
github.com/Ashes47/braids/internal/core/graph/graph.go:73.67,74.12 1 0
github.com/Ashes47/braids/internal/core/graph/graph.go:76.3,77.32 2 0
github.com/Ashes47/braids/internal/core/graph/graph.go:80.2,81.15 2 29
github.com/Ashes47/braids/internal/core/graph/graph.go:98.117,100.26 2 29
github.com/Ashes47/braids/internal/core/graph/graph.go:100.26,104.40 4 80
github.com/Ashes47/braids/internal/core/graph/graph.go:104.40,106.4 1 60
github.com/Ashes47/braids/internal/core/graph/graph.go:108.2,108.13 1 29
github.com/Ashes47/braids/internal/core/graph/graph.go:112.58,113.24 1 26
github.com/Ashes47/braids/internal/core/graph/graph.go:113.24,115.3 1 1
github.com/Ashes47/braids/internal/core/graph/graph.go:116.2,117.51 2 25
github.com/Ashes47/braids/internal/core/graph/graph.go:117.51,119.3 1 25
github.com/Ashes47/braids/internal/core/graph/graph.go:120.2,120.28 1 0
github.com/Ashes47/braids/internal/core/graph/graph.go:125.82,127.29 2 29
github.com/Ashes47/braids/internal/core/graph/graph.go:127.29,128.35 1 424
github.com/Ashes47/braids/internal/core/graph/graph.go:128.35,130.4 1 424
github.com/Ashes47/braids/internal/core/graph/graph.go:133.2,134.34 2 29
github.com/Ashes47/braids/internal/core/graph/graph.go:134.34,135.24 1 108
github.com/Ashes47/braids/internal/core/graph/graph.go:135.24,136.40 1 424
github.com/Ashes47/braids/internal/core/graph/graph.go:136.40,138.29 2 836
github.com/Ashes47/braids/internal/core/graph/graph.go:138.29,139.14 1 156
github.com/Ashes47/braids/internal/core/graph/graph.go:141.5,141.28 1 680
github.com/Ashes47/braids/internal/core/graph/graph.go:141.28,143.6 1 576
github.com/Ashes47/braids/internal/core/graph/graph.go:144.5,146.17 3 680
github.com/Ashes47/braids/internal/core/graph/graph.go:146.17,149.6 2 80
github.com/Ashes47/braids/internal/core/graph/graph.go:150.5,152.32 3 680
github.com/Ashes47/braids/internal/core/graph/graph.go:156.2,156.14 1 29
github.com/Ashes47/braids/internal/core/graph/graph.go:161.126,162.41 1 80
github.com/Ashes47/braids/internal/core/graph/graph.go:162.41,162.68 1 0
github.com/Ashes47/braids/internal/core/graph/graph.go:163.2,163.41 1 80
github.com/Ashes47/braids/internal/core/graph/graph.go:163.41,163.68 1 80
github.com/Ashes47/braids/internal/core/graph/graph.go:165.2,168.79 2 80
github.com/Ashes47/braids/internal/core/graph/graph.go:168.79,169.34 1 79
github.com/Ashes47/braids/internal/core/graph/graph.go:169.34,171.4 1 0
github.com/Ashes47/braids/internal/core/graph/graph.go:172.3,172.18 1 79
github.com/Ashes47/braids/internal/core/graph/graph.go:176.2,178.9 3 1
github.com/Ashes47/braids/internal/core/graph/graph.go:179.31,180.18 1 0
github.com/Ashes47/braids/internal/core/graph/graph.go:181.31,182.18 1 1
github.com/Ashes47/braids/internal/core/graph/graph.go:187.2,187.9 1 0
github.com/Ashes47/braids/internal/core/graph/graph.go:188.32,189.30 1 0
github.com/Ashes47/braids/internal/core/graph/graph.go:189.30,191.4 1 0
github.com/Ashes47/braids/internal/core/graph/graph.go:192.3,192.18 1 0
github.com/Ashes47/braids/internal/core/graph/graph.go:193.35,194.18 1 0
github.com/Ashes47/braids/internal/core/graph/graph.go:195.10,196.18 1 0
github.com/Ashes47/braids/internal/core/graph/graph.go:202.57,204.2 1 2
github.com/Ashes47/braids/internal/core/graph/graph.go:208.22,209.27 1 29
github.com/Ashes47/braids/internal/core/graph/graph.go:209.27,210.43 1 84
github.com/Ashes47/braids/internal/core/graph/graph.go:210.43,213.4 2 0
github.com/Ashes47/braids/internal/core/graph/graph.go:215.2,215.27 1 29
github.com/Ashes47/braids/internal/core/graph/graph.go:215.27,216.43 1 84
github.com/Ashes47/braids/internal/core/graph/graph.go:216.43,218.4 1 54
github.com/Ashes47/braids/internal/core/graph/graph.go:218.9,220.4 1 30
github.com/Ashes47/braids/internal/core/graph/graph.go:222.2,223.27 2 29
github.com/Ashes47/braids/internal/core/graph/graph.go:223.27,225.3 1 84
github.com/Ashes47/braids/internal/core/graph/graph.go:226.2,226.28 1 29
github.com/Ashes47/braids/internal/core/graph/graph.go:226.28,228.3 1 30
github.com/Ashes47/braids/internal/core/graph/graph.go:232.42,234.72 2 54
github.com/Ashes47/braids/internal/core/graph/graph.go:234.72,235.24 1 55
github.com/Ashes47/braids/internal/core/graph/graph.go:235.24,237.4 1 0
github.com/Ashes47/braids/internal/core/graph/graph.go:238.3,238.27 1 55
github.com/Ashes47/braids/internal/core/graph/graph.go:240.2,240.14 1 54
github.com/Ashes47/braids/internal/core/graph/graph.go:243.38,245.31 2 84
github.com/Ashes47/braids/internal/core/graph/graph.go:245.31,247.3 1 54
github.com/Ashes47/braids/internal/core/graph/graph.go:252.31,253.46 1 113
github.com/Ashes47/braids/internal/core/graph/graph.go:253.46,254.58 1 26
github.com/Ashes47/braids/internal/core/graph/graph.go:254.58,256.4 1 26
github.com/Ashes47/braids/internal/core/graph/graph.go:257.3,257.45 1 0
github.com/Ashes47/braids/internal/core/graph/graph.go:262.36,265.23 3 1
github.com/Ashes47/braids/internal/core/graph/graph.go:265.23,267.32 2 3
github.com/Ashes47/braids/internal/core/graph/graph.go:267.32,269.4 1 2
github.com/Ashes47/braids/internal/core/graph/graph.go:271.2,271.28 1 1
github.com/Ashes47/braids/internal/core/graph/graph.go:271.28,273.3 1 1
github.com/Ashes47/braids/internal/core/graph/graph.go:274.2,274.12 1 1
github.com/Ashes47/braids/internal/core/graph/spine.go:51.47,52.20 1 6
github.com/Ashes47/braids/internal/core/graph/spine.go:52.20,54.3 1 1
github.com/Ashes47/braids/internal/core/graph/spine.go:55.2,57.25 3 5
github.com/Ashes47/braids/internal/core/graph/spine.go:57.25,60.3 2 18
github.com/Ashes47/braids/internal/core/graph/spine.go:62.2,64.25 3 5
github.com/Ashes47/braids/internal/core/graph/spine.go:64.25,66.3 1 13
github.com/Ashes47/braids/internal/core/graph/spine.go:67.2,71.18 4 5
github.com/Ashes47/braids/internal/core/graph/spine.go:71.18,72.19 1 12
github.com/Ashes47/braids/internal/core/graph/spine.go:73.10,73.10 0 8
github.com/Ashes47/braids/internal/core/graph/spine.go:74.10,80.6 2 3
github.com/Ashes47/braids/internal/core/graph/spine.go:81.11,82.38 1 1
github.com/Ashes47/braids/internal/core/graph/spine.go:84.3,84.12 1 12
github.com/Ashes47/braids/internal/core/graph/spine.go:86.2,86.25 1 5
github.com/Ashes47/braids/internal/core/graph/spine.go:86.25,88.43 2 13
github.com/Ashes47/braids/internal/core/graph/spine.go:88.43,90.12 2 6
github.com/Ashes47/braids/internal/core/graph/spine.go:92.3,100.5 2 7
github.com/Ashes47/braids/internal/core/graph/spine.go:102.2,103.12 2 5
github.com/Ashes47/braids/internal/core/graph/spine.go:112.40,114.2 1 13
github.com/Ashes47/braids/internal/core/graph/spine.go:118.95,123.68 4 5
github.com/Ashes47/braids/internal/core/graph/spine.go:123.68,126.3 2 13
github.com/Ashes47/braids/internal/core/graph/spine.go:127.2,127.57 1 5
github.com/Ashes47/braids/internal/core/graph/spine.go:127.57,129.3 1 5
github.com/Ashes47/braids/internal/core/graph/spine.go:130.2,130.17 1 5
github.com/Ashes47/braids/internal/core/graph/spine.go:134.121,136.39 2 13
github.com/Ashes47/braids/internal/core/graph/spine.go:136.39,137.20 1 11
github.com/Ashes47/braids/internal/core/graph/spine.go:137.20,138.12 1 9
github.com/Ashes47/braids/internal/core/graph/spine.go:140.3,140.34 1 2
github.com/Ashes47/braids/internal/core/graph/spine.go:142.2,143.12 2 13
github.com/Ashes47/braids/internal/core/graph/spine.go:147.89,150.29 3 5
github.com/Ashes47/braids/internal/core/graph/spine.go:150.29,151.29 1 32
github.com/Ashes47/braids/internal/core/graph/spine.go:151.29,153.4 1 14
github.com/Ashes47/braids/internal/core/graph/spine.go:154.3,156.34 3 18
github.com/Ashes47/braids/internal/core/graph/spine.go:156.34,158.4 1 14
github.com/Ashes47/braids/internal/core/graph/spine.go:159.3,160.11 2 18
github.com/Ashes47/braids/internal/core/graph/spine.go:162.2,162.25 1 5
github.com/Ashes47/braids/internal/core/graph/spine.go:162.25,164.3 1 18
github.com/Ashes47/braids/internal/core/graph/spine.go:165.2,165.14 1 5
github.com/Ashes47/braids/internal/core/graph/spine.go:169.49,171.24 2 1
github.com/Ashes47/braids/internal/core/graph/spine.go:171.24,172.44 1 3
github.com/Ashes47/braids/internal/core/graph/spine.go:172.44,174.4 1 3
github.com/Ashes47/braids/internal/core/graph/spine.go:176.2,177.30 2 1
github.com/Ashes47/braids/internal/core/graph/spine.go:177.30,179.3 1 2
github.com/Ashes47/braids/internal/core/graph/spine.go:180.2,180.40 1 1
github.com/Ashes47/braids/internal/core/graph/spine.go:180.40,181.39 1 1
github.com/Ashes47/braids/internal/core/graph/spine.go:181.39,183.4 1 1
github.com/Ashes47/braids/internal/core/graph/spine.go:184.3,184.39 1 0
github.com/Ashes47/braids/internal/core/graph/spine.go:186.2,191.3 1 1
github.com/Ashes47/braids/internal/core/graph/spine.go:194.36,195.13 1 13
github.com/Ashes47/braids/internal/core/graph/spine.go:195.13,197.3 1 10
github.com/Ashes47/braids/internal/core/graph/spine.go:198.2,200.31 3 3
github.com/Ashes47/braids/internal/core/graph/spine.go:200.31,201.33 1 15
github.com/Ashes47/braids/internal/core/graph/spine.go:201.33,202.17 1 3
github.com/Ashes47/braids/internal/core/graph/spine.go:202.17,204.5 1 3
github.com/Ashes47/braids/internal/core/graph/spine.go:205.4,205.17 1 3
github.com/Ashes47/braids/internal/core/graph/spine.go:208.2,208.12 1 3
github.com/Ashes47/braids/internal/core/origins/origins.go:26.40,29.36 3 0
github.com/Ashes47/braids/internal/core/origins/origins.go:29.36,31.3 1 0
github.com/Ashes47/braids/internal/core/origins/origins.go:32.2,32.16 1 0
github.com/Ashes47/braids/internal/core/origins/origins.go:32.16,34.3 1 0
github.com/Ashes47/braids/internal/core/origins/origins.go:35.2,35.20 1 0
github.com/Ashes47/braids/internal/core/origins/origins.go:35.20,37.3 1 0
github.com/Ashes47/braids/internal/core/origins/origins.go:38.2,38.57 1 0
github.com/Ashes47/braids/internal/core/origins/origins.go:38.57,42.3 1 0
github.com/Ashes47/braids/internal/core/origins/origins.go:43.2,43.15 1 0
github.com/Ashes47/braids/internal/core/origins/origins.go:47.47,47.67 1 0
github.com/Ashes47/braids/internal/core/origins/origins.go:51.66,54.16 3 0
github.com/Ashes47/braids/internal/core/origins/origins.go:54.16,56.3 1 0
github.com/Ashes47/braids/internal/core/origins/origins.go:57.2,57.65 1 0
github.com/Ashes47/braids/internal/core/origins/origins.go:57.65,59.3 1 0
github.com/Ashes47/braids/internal/core/origins/origins.go:60.2,61.16 2 0
github.com/Ashes47/braids/internal/core/origins/origins.go:61.16,63.3 1 0
github.com/Ashes47/braids/internal/core/origins/origins.go:64.2,66.43 2 0
github.com/Ashes47/braids/internal/core/origins/origins.go:66.43,68.3 1 0
github.com/Ashes47/braids/internal/core/origins/origins.go:69.2,69.36 1 0
github.com/Ashes47/braids/internal/core/origins/origins.go:69.36,71.3 1 0
github.com/Ashes47/braids/internal/core/origins/origins.go:72.2,72.54 1 0
github.com/Ashes47/braids/internal/core/origins/origins.go:72.54,74.3 1 0
github.com/Ashes47/braids/internal/core/origins/origins.go:75.2,75.12 1 0
github.com/Ashes47/braids/cmd/braids/main.go:69.13,70.52 1 0
github.com/Ashes47/braids/cmd/braids/main.go:70.52,73.3 2 0
github.com/Ashes47/braids/cmd/braids/main.go:76.44,78.20 2 16
github.com/Ashes47/braids/cmd/braids/main.go:78.20,80.3 1 0
github.com/Ashes47/braids/cmd/braids/main.go:81.2,81.17 1 16
github.com/Ashes47/braids/cmd/braids/main.go:82.13,83.31 1 1
github.com/Ashes47/braids/cmd/braids/main.go:84.15,85.33 1 3
github.com/Ashes47/braids/cmd/braids/main.go:86.16,87.34 1 8
github.com/Ashes47/braids/cmd/braids/main.go:88.15,89.33 1 1
github.com/Ashes47/braids/cmd/braids/main.go:90.16,91.34 1 0
github.com/Ashes47/braids/cmd/braids/main.go:92.17,93.35 1 0
github.com/Ashes47/braids/cmd/braids/main.go:94.16,95.34 1 0
github.com/Ashes47/braids/cmd/braids/main.go:96.17,98.19 2 0
github.com/Ashes47/braids/cmd/braids/main.go:99.30,101.19 2 2
github.com/Ashes47/braids/cmd/braids/main.go:102.10,103.70 1 1
github.com/Ashes47/braids/cmd/braids/main.go:111.67,113.6 2 8
github.com/Ashes47/braids/cmd/braids/main.go:113.6,114.40 1 16
github.com/Ashes47/braids/cmd/braids/main.go:114.40,116.4 1 0
github.com/Ashes47/braids/cmd/braids/main.go:117.3,118.21 2 16
github.com/Ashes47/braids/cmd/braids/main.go:118.21,120.4 1 8
github.com/Ashes47/braids/cmd/braids/main.go:121.3,122.18 2 8
github.com/Ashes47/braids/cmd/braids/main.go:127.34,128.42 1 0
github.com/Ashes47/braids/cmd/braids/main.go:128.42,130.3 1 0
github.com/Ashes47/braids/cmd/braids/main.go:131.2,132.16 2 0
github.com/Ashes47/braids/cmd/braids/main.go:132.16,134.3 1 0
github.com/Ashes47/braids/cmd/braids/main.go:135.2,136.48 2 0
github.com/Ashes47/braids/cmd/braids/main.go:136.48,138.3 1 0
github.com/Ashes47/braids/cmd/braids/main.go:139.2,139.44 1 0
github.com/Ashes47/braids/cmd/braids/main.go:143.47,144.18 1 11
github.com/Ashes47/braids/cmd/braids/main.go:144.18,146.3 1 11
github.com/Ashes47/braids/cmd/braids/main.go:147.2,147.20 1 0
github.com/Ashes47/braids/cmd/braids/main.go:151.53,153.16 2 10
github.com/Ashes47/braids/cmd/braids/main.go:153.16,155.3 1 0
github.com/Ashes47/braids/cmd/braids/main.go:156.2,156.25 1 10
github.com/Ashes47/braids/cmd/braids/main.go:159.48,168.39 9 1
github.com/Ashes47/braids/cmd/braids/main.go:168.39,170.3 1 0
github.com/Ashes47/braids/cmd/braids/main.go:171.2,172.16 2 1
github.com/Ashes47/braids/cmd/braids/main.go:172.16,174.3 1 0
github.com/Ashes47/braids/cmd/braids/main.go:175.2,176.16 2 1
github.com/Ashes47/braids/cmd/braids/main.go:176.16,178.3 1 0
github.com/Ashes47/braids/cmd/braids/main.go:179.2,183.16 4 1
github.com/Ashes47/braids/cmd/braids/main.go:183.16,185.3 1 0
github.com/Ashes47/braids/cmd/braids/main.go:186.2,187.16 2 1
github.com/Ashes47/braids/cmd/braids/main.go:187.16,189.3 1 0
github.com/Ashes47/braids/cmd/braids/main.go:192.2,193.13 2 1
github.com/Ashes47/braids/cmd/braids/main.go:193.13,194.44 1 1
github.com/Ashes47/braids/cmd/braids/main.go:194.44,197.4 2 1
github.com/Ashes47/braids/cmd/braids/main.go:199.2,205.67 2 1
github.com/Ashes47/braids/cmd/braids/main.go:205.67,207.4 1 0
github.com/Ashes47/braids/cmd/braids/main.go:208.57,210.4 1 0
github.com/Ashes47/braids/cmd/braids/main.go:213.54,215.4 1 0
github.com/Ashes47/braids/cmd/braids/main.go:218.58,220.4 1 0
github.com/Ashes47/braids/cmd/braids/main.go:221.70,223.4 1 0
github.com/Ashes47/braids/cmd/braids/main.go:224.42,225.64 1 0
github.com/Ashes47/braids/cmd/braids/main.go:225.64,227.5 1 0
github.com/Ashes47/braids/cmd/braids/main.go:228.4,228.48 1 0
github.com/Ashes47/braids/cmd/braids/main.go:231.2,231.13 1 1
github.com/Ashes47/braids/cmd/braids/main.go:231.13,233.3 1 1
github.com/Ashes47/braids/cmd/braids/main.go:234.2,235.16 2 0
github.com/Ashes47/braids/cmd/braids/main.go:235.16,237.3 1 0
github.com/Ashes47/braids/cmd/braids/main.go:238.2,239.18 2 0
github.com/Ashes47/braids/cmd/braids/main.go:242.50,248.39 6 3
github.com/Ashes47/braids/cmd/braids/main.go:248.39,250.3 1 0
github.com/Ashes47/braids/cmd/braids/main.go:252.2,253.15 2 3
github.com/Ashes47/braids/cmd/braids/main.go:253.15,255.54 2 0
github.com/Ashes47/braids/cmd/braids/main.go:255.54,257.4 1 0
github.com/Ashes47/braids/cmd/braids/main.go:259.2,260.16 2 3
github.com/Ashes47/braids/cmd/braids/main.go:260.16,262.3 1 0
github.com/Ashes47/braids/cmd/braids/main.go:263.2,267.11 4 3
github.com/Ashes47/braids/cmd/braids/main.go:267.11,269.3 1 0
github.com/Ashes47/braids/cmd/braids/main.go:270.2,271.16 2 3
github.com/Ashes47/braids/cmd/braids/main.go:271.16,273.3 1 0
github.com/Ashes47/braids/cmd/braids/main.go:274.2,276.18 2 3
github.com/Ashes47/braids/cmd/braids/main.go:279.51,287.16 8 8
github.com/Ashes47/braids/cmd/braids/main.go:287.16,289.3 1 0
github.com/Ashes47/braids/cmd/braids/main.go:290.2,291.36 2 8
github.com/Ashes47/braids/cmd/braids/main.go:291.36,293.3 1 1
github.com/Ashes47/braids/cmd/braids/main.go:294.2,295.16 2 7
github.com/Ashes47/braids/cmd/braids/main.go:295.16,297.3 1 1
github.com/Ashes47/braids/cmd/braids/main.go:299.2,300.16 2 6
github.com/Ashes47/braids/cmd/braids/main.go:300.16,302.3 1 0
github.com/Ashes47/braids/cmd/braids/main.go:303.2,308.16 4 6
github.com/Ashes47/braids/cmd/braids/main.go:308.16,310.3 1 0
github.com/Ashes47/braids/cmd/braids/main.go:311.2,311.20 1 6
github.com/Ashes47/braids/cmd/braids/main.go:311.20,314.3 2 1
github.com/Ashes47/braids/cmd/braids/main.go:316.2,317.25 2 5
github.com/Ashes47/braids/cmd/braids/main.go:317.25,319.92 1 7
github.com/Ashes47/braids/cmd/braids/main.go:319.92,321.4 1 0
github.com/Ashes47/braids/cmd/braids/main.go:323.2,323.35 1 5
github.com/Ashes47/braids/cmd/braids/main.go:323.35,325.3 1 0
github.com/Ashes47/braids/cmd/braids/main.go:326.2,327.18 2 5
github.com/Ashes47/braids/cmd/braids/main.go:330.51,336.39 6 0
github.com/Ashes47/braids/cmd/braids/main.go:336.39,338.3 1 0
github.com/Ashes47/braids/cmd/braids/main.go:339.2,339.32 1 0
github.com/Ashes47/braids/cmd/braids/main.go:339.32,341.3 1 0
github.com/Ashes47/braids/cmd/braids/main.go:343.2,344.16 2 0
github.com/Ashes47/braids/cmd/braids/main.go:344.16,346.3 1 0
github.com/Ashes47/braids/cmd/braids/main.go:347.2,348.16 2 0
github.com/Ashes47/braids/cmd/braids/main.go:348.16,350.3 1 0
github.com/Ashes47/braids/cmd/braids/main.go:351.2,355.16 4 0
github.com/Ashes47/braids/cmd/braids/main.go:355.16,357.3 1 0
github.com/Ashes47/braids/cmd/braids/main.go:358.2,359.16 2 0
github.com/Ashes47/braids/cmd/braids/main.go:359.16,361.3 1 0
github.com/Ashes47/braids/cmd/braids/main.go:362.2,365.18 3 0
github.com/Ashes47/braids/cmd/braids/main.go:370.135,372.16 2 0
github.com/Ashes47/braids/cmd/braids/main.go:372.16,374.3 1 0
github.com/Ashes47/braids/cmd/braids/main.go:375.2,376.16 2 0
github.com/Ashes47/braids/cmd/braids/main.go:376.16,378.3 1 0
github.com/Ashes47/braids/cmd/braids/main.go:379.2,380.25 2 0
github.com/Ashes47/braids/cmd/braids/main.go:380.25,381.20 1 0
github.com/Ashes47/braids/cmd/braids/main.go:381.20,383.9 2 0
github.com/Ashes47/braids/cmd/braids/main.go:386.2,386.18 1 0
github.com/Ashes47/braids/cmd/braids/main.go:386.18,388.3 1 0
github.com/Ashes47/braids/cmd/braids/main.go:389.2,390.16 2 0
github.com/Ashes47/braids/cmd/braids/main.go:390.16,392.3 1 0
github.com/Ashes47/braids/cmd/braids/main.go:393.2,396.16 2 0
github.com/Ashes47/braids/cmd/braids/main.go:396.16,398.3 1 0
github.com/Ashes47/braids/cmd/braids/main.go:401.2,401.99 1 0
github.com/Ashes47/braids/cmd/braids/main.go:401.99,403.3 1 0
github.com/Ashes47/braids/cmd/braids/main.go:404.2,404.23 1 0
github.com/Ashes47/braids/cmd/braids/main.go:408.40,410.2 1 1
github.com/Ashes47/braids/cmd/braids/main.go:412.35,413.16 1 0
github.com/Ashes47/braids/cmd/braids/main.go:413.16,415.3 1 0
github.com/Ashes47/braids/cmd/braids/main.go:416.2,416.40 1 0
github.com/Ashes47/braids/cmd/braids/main.go:419.52,424.39 5 0
github.com/Ashes47/braids/cmd/braids/main.go:424.39,426.3 1 0
github.com/Ashes47/braids/cmd/braids/main.go:427.2,427.20 1 0
github.com/Ashes47/braids/cmd/braids/main.go:427.20,429.3 1 0
github.com/Ashes47/braids/cmd/braids/main.go:430.2,431.16 2 0
github.com/Ashes47/braids/cmd/braids/main.go:431.16,433.3 1 0
github.com/Ashes47/braids/cmd/braids/main.go:434.2,435.16 2 0
github.com/Ashes47/braids/cmd/braids/main.go:435.16,437.3 1 0
github.com/Ashes47/braids/cmd/braids/main.go:438.2,442.16 4 0
github.com/Ashes47/braids/cmd/braids/main.go:442.16,444.3 1 0
github.com/Ashes47/braids/cmd/braids/main.go:445.2,446.16 2 0
github.com/Ashes47/braids/cmd/braids/main.go:446.16,448.3 1 0
github.com/Ashes47/braids/cmd/braids/main.go:449.2,450.16 2 0
github.com/Ashes47/braids/cmd/braids/main.go:450.16,452.3 1 0
github.com/Ashes47/braids/cmd/braids/main.go:453.2,454.16 2 0
github.com/Ashes47/braids/cmd/braids/main.go:454.16,456.3 1 0
github.com/Ashes47/braids/cmd/braids/main.go:457.2,458.16 2 0
github.com/Ashes47/braids/cmd/braids/main.go:458.16,460.3 1 0
github.com/Ashes47/braids/cmd/braids/main.go:461.2,463.18 2 0
github.com/Ashes47/braids/cmd/braids/main.go:467.83,468.22 1 0
github.com/Ashes47/braids/cmd/braids/main.go:468.22,470.3 1 0
github.com/Ashes47/braids/cmd/braids/main.go:471.2,471.15 1 0
github.com/Ashes47/braids/cmd/braids/main.go:471.15,472.23 1 0
github.com/Ashes47/braids/cmd/braids/main.go:472.23,474.4 1 0
github.com/Ashes47/braids/cmd/braids/main.go:475.3,475.104 1 0
github.com/Ashes47/braids/cmd/braids/main.go:477.2,478.27 2 0
github.com/Ashes47/braids/cmd/braids/main.go:478.27,479.35 1 0
github.com/Ashes47/braids/cmd/braids/main.go:479.35,481.4 1 0
github.com/Ashes47/braids/cmd/braids/main.go:483.2,483.20 1 0
github.com/Ashes47/braids/cmd/braids/main.go:484.9,485.76 1 0
github.com/Ashes47/braids/cmd/braids/main.go:486.9,487.23 1 0
github.com/Ashes47/braids/cmd/braids/main.go:488.10,489.85 1 0
github.com/Ashes47/braids/cmd/braids/main.go:493.51,497.39 4 0
github.com/Ashes47/braids/cmd/braids/main.go:497.39,499.3 1 0
github.com/Ashes47/braids/cmd/braids/main.go:500.2,500.20 1 0
github.com/Ashes47/braids/cmd/braids/main.go:500.20,502.3 1 0
github.com/Ashes47/braids/cmd/braids/main.go:503.2,504.16 2 0
github.com/Ashes47/braids/cmd/braids/main.go:504.16,506.3 1 0
github.com/Ashes47/braids/cmd/braids/main.go:507.2,511.16 4 0
github.com/Ashes47/braids/cmd/braids/main.go:511.16,513.3 1 0
github.com/Ashes47/braids/cmd/braids/main.go:514.2,515.16 2 0
github.com/Ashes47/braids/cmd/braids/main.go:515.16,517.3 1 0
github.com/Ashes47/braids/cmd/braids/main.go:518.2,518.22 1 0
github.com/Ashes47/braids/cmd/braids/main.go:518.22,521.3 2 0
github.com/Ashes47/braids/cmd/braids/main.go:522.2,524.27 3 0
github.com/Ashes47/braids/cmd/braids/main.go:524.27,527.3 1 0
github.com/Ashes47/braids/cmd/braids/main.go:528.2,528.25 1 0
github.com/Ashes47/braids/cmd/braids/main.go:528.25,529.48 1 0
github.com/Ashes47/braids/cmd/braids/main.go:529.48,531.4 1 0
github.com/Ashes47/braids/cmd/braids/main.go:533.2,533.35 1 0
github.com/Ashes47/braids/cmd/braids/main.go:533.35,535.3 1 0
github.com/Ashes47/braids/cmd/braids/main.go:536.2,536.18 1 0
github.com/Ashes47/braids/cmd/braids/main.go:541.124,543.16 2 0
github.com/Ashes47/braids/cmd/braids/main.go:543.16,545.3 1 0
github.com/Ashes47/braids/cmd/braids/main.go:546.2,546.27 1 0
github.com/Ashes47/braids/cmd/braids/main.go:546.27,547.22 1 0
github.com/Ashes47/braids/cmd/braids/main.go:547.22,548.12 1 0
github.com/Ashes47/braids/cmd/braids/main.go:550.3,551.17 2 0
github.com/Ashes47/braids/cmd/braids/main.go:551.17,553.4 1 0
github.com/Ashes47/braids/cmd/braids/main.go:554.3,555.17 2 0
github.com/Ashes47/braids/cmd/braids/main.go:555.17,557.4 1 0
github.com/Ashes47/braids/cmd/braids/main.go:561.3,561.104 1 0
github.com/Ashes47/braids/cmd/braids/main.go:561.104,563.4 1 0
github.com/Ashes47/braids/cmd/braids/main.go:564.3,564.22 1 0
github.com/Ashes47/braids/cmd/braids/main.go:566.2,566.82 1 0
github.com/Ashes47/braids/cmd/braids/main.go:570.89,572.16 2 0
github.com/Ashes47/braids/cmd/braids/main.go:572.16,574.3 1 0
github.com/Ashes47/braids/cmd/braids/main.go:575.2,576.22 2 0
github.com/Ashes47/braids/cmd/braids/main.go:576.22,578.3 1 0
github.com/Ashes47/braids/cmd/braids/main.go:579.2,579.21 1 0
github.com/Ashes47/braids/cmd/braids/main.go:584.81,586.17 2 1
github.com/Ashes47/braids/cmd/braids/main.go:586.17,588.3 1 1
github.com/Ashes47/braids/cmd/braids/main.go:589.2,589.35 1 0
github.com/Ashes47/braids/cmd/braids/main.go:589.35,591.17 2 0
github.com/Ashes47/braids/cmd/braids/main.go:591.17,593.4 1 0
github.com/Ashes47/braids/cmd/braids/main.go:594.3,595.17 2 0
github.com/Ashes47/braids/cmd/braids/main.go:595.17,597.4 1 0
github.com/Ashes47/braids/cmd/braids/main.go:598.3,599.16 2 0
github.com/Ashes47/braids/cmd/braids/main.go:599.16,601.4 1 0
github.com/Ashes47/braids/cmd/braids/main.go:602.3,603.17 2 0
github.com/Ashes47/braids/cmd/braids/main.go:603.17,605.4 1 0
github.com/Ashes47/braids/cmd/braids/main.go:606.3,606.39 1 0
github.com/Ashes47/braids/cmd/braids/main.go:612.89,614.16 2 0
github.com/Ashes47/braids/cmd/braids/main.go:614.16,616.3 1 0
github.com/Ashes47/braids/cmd/braids/main.go:617.2,618.26 2 0
github.com/Ashes47/braids/cmd/braids/main.go:618.26,619.35 1 0
github.com/Ashes47/braids/cmd/braids/main.go:619.35,621.4 1 0
github.com/Ashes47/braids/cmd/braids/main.go:623.2,623.20 1 0
github.com/Ashes47/braids/cmd/braids/main.go:624.9,625.77 1 0
github.com/Ashes47/braids/cmd/braids/main.go:626.9,627.23 1 0
github.com/Ashes47/braids/cmd/braids/main.go:628.10,629.106 1 0
github.com/Ashes47/braids/cmd/braids/main.go:633.50,637.39 4 1
github.com/Ashes47/braids/cmd/braids/main.go:637.39,639.3 1 0
github.com/Ashes47/braids/cmd/braids/main.go:640.2,641.16 2 1
github.com/Ashes47/braids/cmd/braids/main.go:641.16,643.3 1 0
github.com/Ashes47/braids/cmd/braids/main.go:644.2,647.16 3 1
github.com/Ashes47/braids/cmd/braids/main.go:647.16,649.3 1 0
github.com/Ashes47/braids/cmd/braids/main.go:650.2,650.21 1 1
github.com/Ashes47/braids/cmd/braids/main.go:650.21,653.3 2 0
github.com/Ashes47/braids/cmd/braids/main.go:654.2,656.26 3 1
github.com/Ashes47/braids/cmd/braids/main.go:656.26,659.3 1 1
github.com/Ashes47/braids/cmd/braids/main.go:660.2,660.25 1 1
github.com/Ashes47/braids/cmd/braids/main.go:660.25,661.48 1 2
github.com/Ashes47/braids/cmd/braids/main.go:661.48,663.4 1 0
github.com/Ashes47/braids/cmd/braids/main.go:665.2,665.35 1 1
github.com/Ashes47/braids/cmd/braids/main.go:665.35,667.3 1 0
github.com/Ashes47/braids/cmd/braids/main.go:668.2,669.18 2 1
github.com/Ashes47/braids/cmd/braids/main.go:674.53,675.32 1 9
github.com/Ashes47/braids/cmd/braids/main.go:675.32,677.3 1 6
github.com/Ashes47/braids/cmd/braids/main.go:678.2,685.44 3 3
github.com/Ashes47/braids/cmd/braids/main.go:685.44,687.17 2 4
github.com/Ashes47/braids/cmd/braids/main.go:687.17,688.12 1 0
github.com/Ashes47/braids/cmd/braids/main.go:690.3,691.10 2 4
github.com/Ashes47/braids/cmd/braids/main.go:691.10,693.4 1 1
github.com/Ashes47/braids/cmd/braids/main.go:694.3,694.27 1 3
github.com/Ashes47/braids/cmd/braids/main.go:696.2,696.19 1 2
github.com/Ashes47/braids/cmd/braids/main.go:699.36,700.23 1 7
github.com/Ashes47/braids/cmd/braids/main.go:700.23,702.3 1 7
github.com/Ashes47/braids/cmd/braids/main.go:703.2,703.26 1 0
github.com/Ashes47/braids/cmd/braids/main.go:706.36,707.49 1 7
github.com/Ashes47/braids/cmd/braids/main.go:707.49,709.3 1 5
github.com/Ashes47/braids/cmd/braids/main.go:710.2,710.23 1 2
github.com/Ashes47/braids/cmd/braids/main.go:713.32,713.58 1 1
github.com/Ashes47/braids/cmd/braids/main.go:715.31,717.2 1 7
github.com/Ashes47/braids/cmd/braids/main.go:719.39,721.17 2 23
github.com/Ashes47/braids/cmd/braids/main.go:721.17,723.3 1 21
github.com/Ashes47/braids/cmd/braids/main.go:724.2,724.12 1 2
github.com/Ashes47/braids/cmd/braids/main.go:724.12,726.3 1 0
github.com/Ashes47/braids/cmd/braids/main.go:727.2,727.32 1 2
github.com/Ashes47/braids/cmd/braids/print.go:20.39,20.64 1 16
github.com/Ashes47/braids/cmd/braids/print.go:23.48,24.18 1 82
github.com/Ashes47/braids/cmd/braids/print.go:24.18,26.3 1 0
github.com/Ashes47/braids/cmd/braids/print.go:27.2,28.16 2 82
github.com/Ashes47/braids/cmd/braids/print.go:28.16,30.3 1 0
github.com/Ashes47/braids/cmd/braids/print.go:31.2,31.15 1 82
github.com/Ashes47/braids/cmd/braids/print.go:34.51,35.18 1 12
github.com/Ashes47/braids/cmd/braids/print.go:35.18,37.3 1 12
github.com/Ashes47/braids/cmd/braids/print.go:41.31,41.47 1 12
github.com/Ashes47/braids/internal/tui/chrome.go:28.31,30.22 2 17
github.com/Ashes47/braids/internal/tui/chrome.go:30.22,32.3 1 3
github.com/Ashes47/braids/internal/tui/chrome.go:33.2,38.3 1 17
github.com/Ashes47/braids/internal/tui/chrome.go:41.21,47.2 1 17
github.com/Ashes47/braids/internal/tui/chrome.go:50.30,50.73 1 17
github.com/Ashes47/braids/internal/tui/chrome.go:55.61,57.25 2 36
github.com/Ashes47/braids/internal/tui/chrome.go:57.25,59.3 1 238
github.com/Ashes47/braids/internal/tui/chrome.go:60.2,61.26 2 36
github.com/Ashes47/braids/internal/tui/chrome.go:61.26,63.3 1 144
github.com/Ashes47/braids/internal/tui/chrome.go:66.2,67.22 2 36
github.com/Ashes47/braids/internal/tui/chrome.go:67.22,69.3 1 0
github.com/Ashes47/braids/internal/tui/chrome.go:71.2,72.27 2 36
github.com/Ashes47/braids/internal/tui/chrome.go:72.27,74.21 2 144
github.com/Ashes47/braids/internal/tui/chrome.go:74.21,77.4 1 144
github.com/Ashes47/braids/internal/tui/chrome.go:78.3,79.15 2 144
github.com/Ashes47/braids/internal/tui/chrome.go:79.15,81.4 1 119
github.com/Ashes47/braids/internal/tui/chrome.go:82.3,82.60 1 144
github.com/Ashes47/braids/internal/tui/chrome.go:84.2,84.34 1 36
github.com/Ashes47/braids/internal/tui/chrome.go:87.59,88.20 1 238
github.com/Ashes47/braids/internal/tui/chrome.go:88.20,90.3 1 0
github.com/Ashes47/braids/internal/tui/chrome.go:91.2,92.64 1 238
github.com/Ashes47/braids/internal/tui/chrome.go:96.36,98.19 2 17
github.com/Ashes47/braids/internal/tui/chrome.go:98.19,100.3 1 2
github.com/Ashes47/braids/internal/tui/chrome.go:101.2,101.68 1 17
github.com/Ashes47/braids/internal/tui/chrome.go:104.34,104.77 1 17
github.com/Ashes47/braids/internal/tui/chrome.go:106.51,109.14 3 36
github.com/Ashes47/braids/internal/tui/chrome.go:109.14,111.3 1 0
github.com/Ashes47/braids/internal/tui/chrome.go:112.2,113.59 1 36
github.com/Ashes47/braids/internal/tui/chrome.go:116.37,118.2 1 36
github.com/Ashes47/braids/internal/tui/chrome.go:122.46,125.2 2 432
github.com/Ashes47/braids/internal/tui/chrome.go:128.36,129.21 1 17
github.com/Ashes47/braids/internal/tui/chrome.go:129.21,131.3 1 1
github.com/Ashes47/braids/internal/tui/chrome.go:132.2,132.20 1 16
github.com/Ashes47/braids/internal/tui/chrome.go:132.20,134.3 1 4
github.com/Ashes47/braids/internal/tui/chrome.go:135.2,135.25 1 12
github.com/Ashes47/braids/internal/tui/chrome.go:135.25,137.3 1 1
github.com/Ashes47/braids/internal/tui/chrome.go:138.2,138.69 1 11
github.com/Ashes47/braids/internal/tui/chrome.go:142.56,143.12 1 4
github.com/Ashes47/braids/internal/tui/chrome.go:143.12,145.3 1 2
github.com/Ashes47/braids/internal/tui/chrome.go:146.2,146.22 1 2
github.com/Ashes47/braids/internal/tui/chrome.go:150.49,153.2 1 2
github.com/Ashes47/braids/internal/tui/chrome.go:156.34,157.87 1 19
github.com/Ashes47/braids/internal/tui/chrome.go:157.87,159.3 1 1
github.com/Ashes47/braids/internal/tui/chrome.go:160.2,160.13 1 18
github.com/Ashes47/braids/internal/tui/filter.go:18.42,19.9 1 89
github.com/Ashes47/braids/internal/tui/filter.go:20.18,21.10 1 13
github.com/Ashes47/braids/internal/tui/filter.go:22.17,24.15 2 6
github.com/Ashes47/braids/internal/tui/filter.go:25.21,26.15 1 1
github.com/Ashes47/braids/internal/tui/filter.go:27.11,28.16 1 6
github.com/Ashes47/braids/internal/tui/filter.go:30.3,30.14 1 7
github.com/Ashes47/braids/internal/tui/filter.go:32.32,34.14 2 2
github.com/Ashes47/braids/internal/tui/filter.go:36.29,38.14 2 9
github.com/Ashes47/braids/internal/tui/filter.go:40.16,41.19 1 35
github.com/Ashes47/braids/internal/tui/filter.go:43.2,43.14 1 30
github.com/Ashes47/braids/internal/tui/filter.go:48.43,49.9 1 48
github.com/Ashes47/braids/internal/tui/filter.go:50.24,51.38 1 2
github.com/Ashes47/braids/internal/tui/filter.go:51.38,53.4 1 2
github.com/Ashes47/braids/internal/tui/filter.go:54.3,54.14 1 2
github.com/Ashes47/braids/internal/tui/filter.go:55.20,57.14 2 0
github.com/Ashes47/braids/internal/tui/filter.go:58.27,60.14 2 46
github.com/Ashes47/braids/internal/tui/filter.go:62.2,62.14 1 0
github.com/Ashes47/braids/internal/tui/filter.go:67.42,69.2 1 3
github.com/Ashes47/braids/internal/tui/filter.go:72.32,72.55 1 109
github.com/Ashes47/braids/internal/tui/filter.go:75.52,76.18 1 98
github.com/Ashes47/braids/internal/tui/filter.go:76.18,78.3 1 1
github.com/Ashes47/braids/internal/tui/filter.go:79.2,79.77 1 97
github.com/Ashes47/braids/internal/tui/filter.go:83.37,84.13 1 4
github.com/Ashes47/braids/internal/tui/filter.go:84.13,86.3 1 0
github.com/Ashes47/braids/internal/tui/filter.go:87.2,87.21 1 4
github.com/Ashes47/braids/internal/tui/map.go:132.52,156.2 5 54
github.com/Ashes47/braids/internal/tui/map.go:160.45,162.31 2 2
github.com/Ashes47/braids/internal/tui/map.go:162.31,164.3 1 2
github.com/Ashes47/braids/internal/tui/map.go:165.2,168.30 4 2
github.com/Ashes47/braids/internal/tui/map.go:168.30,169.33 1 3
github.com/Ashes47/braids/internal/tui/map.go:169.33,171.9 2 2
github.com/Ashes47/braids/internal/tui/map.go:174.2,176.20 2 2
github.com/Ashes47/braids/internal/tui/map.go:176.20,177.46 1 0
github.com/Ashes47/braids/internal/tui/map.go:177.46,182.4 4 0
github.com/Ashes47/braids/internal/tui/map.go:184.2,184.10 1 2
github.com/Ashes47/braids/internal/tui/map.go:188.27,191.26 3 56
github.com/Ashes47/braids/internal/tui/map.go:191.26,192.28 1 90
github.com/Ashes47/braids/internal/tui/map.go:192.28,194.4 1 1
github.com/Ashes47/braids/internal/tui/map.go:195.3,196.45 2 90
github.com/Ashes47/braids/internal/tui/map.go:198.2,200.31 3 56
github.com/Ashes47/braids/internal/tui/map.go:200.31,201.27 1 85
github.com/Ashes47/braids/internal/tui/map.go:201.27,203.4 1 2
github.com/Ashes47/braids/internal/tui/map.go:209.31,210.22 1 1
github.com/Ashes47/braids/internal/tui/map.go:210.22,212.3 1 1
github.com/Ashes47/braids/internal/tui/map.go:213.2,213.70 1 0
github.com/Ashes47/braids/internal/tui/map.go:218.46,219.24 1 3
github.com/Ashes47/braids/internal/tui/map.go:219.24,220.25 1 0
github.com/Ashes47/braids/internal/tui/map.go:220.25,222.4 1 0
github.com/Ashes47/braids/internal/tui/map.go:223.3,223.22 1 0
github.com/Ashes47/braids/internal/tui/map.go:228.57,229.27 1 38
github.com/Ashes47/braids/internal/tui/map.go:230.30,231.44 1 0
github.com/Ashes47/braids/internal/tui/map.go:232.25,235.17 3 0
github.com/Ashes47/braids/internal/tui/map.go:236.20,237.36 1 4
github.com/Ashes47/braids/internal/tui/map.go:238.18,239.45 1 3
github.com/Ashes47/braids/internal/tui/map.go:240.23,241.20 1 31
github.com/Ashes47/braids/internal/tui/map.go:243.2,243.15 1 0
github.com/Ashes47/braids/internal/tui/map.go:248.42,249.9 1 4
github.com/Ashes47/braids/internal/tui/map.go:250.47,253.18 3 1
github.com/Ashes47/braids/internal/tui/map.go:254.70,255.29 1 1
github.com/Ashes47/braids/internal/tui/map.go:256.70,259.17 3 0
github.com/Ashes47/braids/internal/tui/map.go:260.23,263.12 3 1
github.com/Ashes47/braids/internal/tui/map.go:265.2,265.10 1 4
github.com/Ashes47/braids/internal/tui/map.go:271.32,272.22 1 3
github.com/Ashes47/braids/internal/tui/map.go:272.22,274.3 1 0
github.com/Ashes47/braids/internal/tui/map.go:275.2,276.16 2 3
github.com/Ashes47/braids/internal/tui/map.go:276.16,278.3 1 1
github.com/Ashes47/braids/internal/tui/map.go:279.2,279.24 1 2
github.com/Ashes47/braids/internal/tui/map.go:283.32,284.9 1 2
github.com/Ashes47/braids/internal/tui/map.go:285.47,286.62 1 0
[...]
github.com/Ashes47/braids/internal/tui/searchview.go:111.2,111.28 1 14
github.com/Ashes47/braids/internal/tui/searchview.go:111.28,113.3 1 0
github.com/Ashes47/braids/internal/tui/searchview.go:114.2,114.18 1 14
github.com/Ashes47/braids/internal/tui/searchview.go:114.18,116.3 1 0
github.com/Ashes47/braids/internal/tui/searchview.go:122.34,124.29 2 2
github.com/Ashes47/braids/internal/tui/searchview.go:124.29,126.3 1 0
github.com/Ashes47/braids/internal/tui/searchview.go:127.2,128.26 2 2
github.com/Ashes47/braids/internal/tui/searchview.go:128.26,129.35 1 2
github.com/Ashes47/braids/internal/tui/searchview.go:129.35,130.12 1 0
github.com/Ashes47/braids/internal/tui/searchview.go:132.3,140.11 9 2
github.com/Ashes47/braids/internal/tui/searchview.go:142.2,143.10 2 0
github.com/Ashes47/braids/internal/tui/searchview.go:148.50,150.25 2 2
github.com/Ashes47/braids/internal/tui/searchview.go:150.25,151.20 1 7
github.com/Ashes47/braids/internal/tui/searchview.go:151.20,152.12 1 0
github.com/Ashes47/braids/internal/tui/searchview.go:154.3,154.23 1 7
github.com/Ashes47/braids/internal/tui/searchview.go:154.23,156.12 2 5
github.com/Ashes47/braids/internal/tui/searchview.go:158.3,158.8 1 2
github.com/Ashes47/braids/internal/tui/searchview.go:160.2,160.13 1 2
github.com/Ashes47/braids/internal/tui/searchview.go:163.38,174.9 10 4
github.com/Ashes47/braids/internal/tui/searchview.go:175.20,178.32 3 1
github.com/Ashes47/braids/internal/tui/searchview.go:178.32,180.4 1 10
github.com/Ashes47/braids/internal/tui/searchview.go:181.24,184.32 3 2
github.com/Ashes47/braids/internal/tui/searchview.go:184.32,186.4 1 20
github.com/Ashes47/braids/internal/tui/searchview.go:187.10,189.35 2 1
github.com/Ashes47/braids/internal/tui/searchview.go:189.35,192.4 2 2
github.com/Ashes47/braids/internal/tui/searchview.go:193.3,193.47 1 1
github.com/Ashes47/braids/internal/tui/searchview.go:193.47,195.4 1 9
github.com/Ashes47/braids/internal/tui/searchview.go:197.2,202.19 4 4
github.com/Ashes47/braids/internal/tui/searchview.go:205.37,206.50 1 2
github.com/Ashes47/braids/internal/tui/searchview.go:206.50,208.3 1 1
github.com/Ashes47/braids/internal/tui/searchview.go:209.2,209.63 1 1
github.com/Ashes47/braids/internal/tui/searchview.go:212.37,214.26 2 4
github.com/Ashes47/braids/internal/tui/searchview.go:214.26,216.3 1 0
github.com/Ashes47/braids/internal/tui/searchview.go:217.2,217.65 1 4
github.com/Ashes47/braids/internal/tui/searchview.go:220.36,223.19 3 4
github.com/Ashes47/braids/internal/tui/searchview.go:223.19,225.3 1 3
github.com/Ashes47/braids/internal/tui/searchview.go:226.2,227.19 2 4
github.com/Ashes47/braids/internal/tui/searchview.go:227.19,229.3 1 0
github.com/Ashes47/braids/internal/tui/searchview.go:230.2,240.34 3 4
github.com/Ashes47/braids/internal/tui/searchview.go:244.30,245.32 1 4
github.com/Ashes47/braids/internal/tui/searchview.go:245.32,247.3 1 1
github.com/Ashes47/braids/internal/tui/searchview.go:248.2,248.10 1 3
github.com/Ashes47/braids/internal/tui/searchview.go:251.39,254.19 2 4
github.com/Ashes47/braids/internal/tui/searchview.go:254.19,256.3 1 0
github.com/Ashes47/braids/internal/tui/searchview.go:257.2,259.32 1 4
github.com/Ashes47/braids/internal/tui/searchview.go:262.63,264.16 2 2
github.com/Ashes47/braids/internal/tui/searchview.go:264.16,266.3 1 0
github.com/Ashes47/braids/internal/tui/searchview.go:267.2,268.20 2 2
github.com/Ashes47/braids/internal/tui/searchview.go:268.20,270.3 1 1
github.com/Ashes47/braids/internal/tui/searchview.go:271.2,272.22 2 2
github.com/Ashes47/braids/internal/tui/searchview.go:272.22,274.3 1 0
github.com/Ashes47/braids/internal/tui/searchview.go:276.2,282.14 6 2
github.com/Ashes47/braids/internal/tui/searchview.go:282.14,284.3 1 1
github.com/Ashes47/braids/internal/tui/searchview.go:285.2,288.33 1 1
github.com/Ashes47/braids/internal/tui/spineview.go:46.30,48.49 2 25
github.com/Ashes47/braids/internal/tui/spineview.go:48.49,48.101 1 0
github.com/Ashes47/braids/internal/tui/spineview.go:49.2,50.47 2 25
github.com/Ashes47/braids/internal/tui/spineview.go:50.47,50.99 1 0
github.com/Ashes47/braids/internal/tui/spineview.go:52.2,54.28 3 25
github.com/Ashes47/braids/internal/tui/spineview.go:54.28,55.61 1 110
github.com/Ashes47/braids/internal/tui/spineview.go:55.61,59.4 3 0
github.com/Ashes47/braids/internal/tui/spineview.go:60.3,60.61 1 110
github.com/Ashes47/braids/internal/tui/spineview.go:60.61,63.4 2 3
github.com/Ashes47/braids/internal/tui/spineview.go:65.2,65.29 1 25
github.com/Ashes47/braids/internal/tui/spineview.go:65.29,68.3 2 85
github.com/Ashes47/braids/internal/tui/spineview.go:69.2,70.11 2 25
github.com/Ashes47/braids/internal/tui/spineview.go:74.41,75.48 1 9
github.com/Ashes47/braids/internal/tui/spineview.go:75.48,77.3 1 0
github.com/Ashes47/braids/internal/tui/spineview.go:78.2,78.28 1 9
github.com/Ashes47/braids/internal/tui/spineview.go:81.46,82.14 1 40
github.com/Ashes47/braids/internal/tui/spineview.go:82.14,84.3 1 0
github.com/Ashes47/braids/internal/tui/spineview.go:85.2,85.19 1 40
github.com/Ashes47/braids/internal/tui/spineview.go:95.30,97.9 2 49
github.com/Ashes47/braids/internal/tui/spineview.go:98.22,99.21 1 32
github.com/Ashes47/braids/internal/tui/spineview.go:100.10,102.28 2 17
github.com/Ashes47/braids/internal/tui/spineview.go:102.28,103.38 1 68
github.com/Ashes47/braids/internal/tui/spineview.go:103.38,105.5 1 18
github.com/Ashes47/braids/internal/tui/spineview.go:108.2,108.17 1 49
github.com/Ashes47/braids/internal/tui/spineview.go:112.43,113.48 1 49
github.com/Ashes47/braids/internal/tui/spineview.go:113.48,115.3 1 25
github.com/Ashes47/braids/internal/tui/spineview.go:116.2,116.36 1 24
github.com/Ashes47/braids/internal/tui/spineview.go:120.42,122.15 2 49
github.com/Ashes47/braids/internal/tui/spineview.go:122.15,124.3 1 25
github.com/Ashes47/braids/internal/tui/spineview.go:125.2,125.30 1 24
github.com/Ashes47/braids/internal/tui/spineview.go:125.30,126.23 1 33
github.com/Ashes47/braids/internal/tui/spineview.go:126.23,129.4 2 19
github.com/Ashes47/braids/internal/tui/spineview.go:133.32,134.20 1 57
github.com/Ashes47/braids/internal/tui/spineview.go:134.20,136.3 1 0
github.com/Ashes47/braids/internal/tui/spineview.go:137.2,137.19 1 57
github.com/Ashes47/braids/internal/tui/spineview.go:137.19,139.3 1 0
github.com/Ashes47/braids/internal/tui/spineview.go:140.2,140.42 1 57
github.com/Ashes47/braids/internal/tui/spineview.go:143.37,144.20 1 68
github.com/Ashes47/braids/internal/tui/spineview.go:144.20,146.3 1 0
github.com/Ashes47/braids/internal/tui/spineview.go:147.2,147.19 1 68
github.com/Ashes47/braids/internal/tui/spineview.go:147.19,149.3 1 0
github.com/Ashes47/braids/internal/tui/spineview.go:150.2,151.90 1 68
github.com/Ashes47/braids/internal/tui/spineview.go:156.34,157.47 1 22
github.com/Ashes47/braids/internal/tui/spineview.go:157.47,159.3 1 0
github.com/Ashes47/braids/internal/tui/spineview.go:160.2,160.52 1 22
github.com/Ashes47/braids/internal/tui/spineview.go:165.57,166.24 1 25
github.com/Ashes47/braids/internal/tui/spineview.go:166.24,168.3 1 0
github.com/Ashes47/braids/internal/tui/spineview.go:169.2,171.25 3 25
github.com/Ashes47/braids/internal/tui/spineview.go:171.25,172.67 1 0
github.com/Ashes47/braids/internal/tui/spineview.go:172.67,174.4 1 0
github.com/Ashes47/braids/internal/tui/spineview.go:176.2,177.28 2 25
github.com/Ashes47/braids/internal/tui/spineview.go:177.28,179.3 1 1
github.com/Ashes47/braids/internal/tui/spineview.go:180.2,182.10 3 25
github.com/Ashes47/braids/internal/tui/spineview.go:186.35,187.30 1 5
github.com/Ashes47/braids/internal/tui/spineview.go:187.30,191.3 3 1
github.com/Ashes47/braids/internal/tui/spineview.go:192.2,194.10 3 4
github.com/Ashes47/braids/internal/tui/spineview.go:197.54,199.21 2 46
github.com/Ashes47/braids/internal/tui/spineview.go:199.21,201.3 1 4
github.com/Ashes47/braids/internal/tui/spineview.go:202.2,202.23 1 42
github.com/Ashes47/braids/internal/tui/spineview.go:202.23,206.3 3 23
github.com/Ashes47/braids/internal/tui/spineview.go:207.2,207.13 1 19
github.com/Ashes47/braids/internal/tui/spineview.go:208.39,209.29 1 4
github.com/Ashes47/braids/internal/tui/spineview.go:210.11,211.31 1 0
github.com/Ashes47/braids/internal/tui/spineview.go:212.29,214.23 2 1
github.com/Ashes47/braids/internal/tui/spineview.go:214.23,217.4 2 0
github.com/Ashes47/braids/internal/tui/spineview.go:218.3,218.22 1 1
github.com/Ashes47/braids/internal/tui/spineview.go:218.22,221.4 2 0
github.com/Ashes47/braids/internal/tui/spineview.go:222.3,222.41 1 1
github.com/Ashes47/braids/internal/tui/spineview.go:223.19,224.47 1 4
github.com/Ashes47/braids/internal/tui/spineview.go:225.17,226.48 1 2
github.com/Ashes47/braids/internal/tui/spineview.go:227.19,228.15 1 0
github.com/Ashes47/braids/internal/tui/spineview.go:229.18,230.32 1 0
github.com/Ashes47/braids/internal/tui/spineview.go:231.26,232.33 1 0
github.com/Ashes47/braids/internal/tui/spineview.go:233.24,234.33 1 0
github.com/Ashes47/braids/internal/tui/spineview.go:235.11,236.25 1 1
github.com/Ashes47/braids/internal/tui/spineview.go:237.11,238.30 1 6
github.com/Ashes47/braids/internal/tui/spineview.go:239.11,241.30 2 1
github.com/Ashes47/braids/internal/tui/spineview.go:242.11,244.30 2 0
github.com/Ashes47/braids/internal/tui/spineview.go:245.11,246.48 1 0
github.com/Ashes47/braids/internal/tui/spineview.go:247.11,248.49 1 0
github.com/Ashes47/braids/internal/tui/spineview.go:250.2,251.15 2 7
github.com/Ashes47/braids/internal/tui/spineview.go:254.30,256.14 2 32
github.com/Ashes47/braids/internal/tui/spineview.go:256.14,258.3 1 0
github.com/Ashes47/braids/internal/tui/spineview.go:259.2,259.32 1 32
github.com/Ashes47/braids/internal/tui/spineview.go:259.32,261.3 1 0
github.com/Ashes47/braids/internal/tui/spineview.go:262.2,262.18 1 32
github.com/Ashes47/braids/internal/tui/spineview.go:262.18,264.3 1 0
github.com/Ashes47/braids/internal/tui/spineview.go:265.2,266.25 2 32
github.com/Ashes47/braids/internal/tui/spineview.go:266.25,268.3 1 0
github.com/Ashes47/braids/internal/tui/spineview.go:269.2,269.28 1 32
github.com/Ashes47/braids/internal/tui/spineview.go:269.28,271.3 1 0
github.com/Ashes47/braids/internal/tui/spineview.go:272.2,272.18 1 32
github.com/Ashes47/braids/internal/tui/spineview.go:272.18,274.3 1 0
github.com/Ashes47/braids/internal/tui/spineview.go:277.37,288.9 10 15
github.com/Ashes47/braids/internal/tui/spineview.go:289.20,292.32 3 1
github.com/Ashes47/braids/internal/tui/spineview.go:292.32,294.4 1 10
github.com/Ashes47/braids/internal/tui/spineview.go:295.27,298.32 3 3
github.com/Ashes47/braids/internal/tui/spineview.go:298.32,300.4 1 30
github.com/Ashes47/braids/internal/tui/spineview.go:301.10,304.61 3 11
github.com/Ashes47/braids/internal/tui/spineview.go:304.61,310.66 4 43
github.com/Ashes47/braids/internal/tui/spineview.go:310.66,314.5 3 0
github.com/Ashes47/braids/internal/tui/spineview.go:316.3,316.36 1 11
github.com/Ashes47/braids/internal/tui/spineview.go:316.36,318.4 1 78
github.com/Ashes47/braids/internal/tui/spineview.go:320.2,323.19 4 15
github.com/Ashes47/braids/internal/tui/spineview.go:327.36,335.15 6 0
github.com/Ashes47/braids/internal/tui/spineview.go:335.15,337.3 1 0
github.com/Ashes47/braids/internal/tui/spineview.go:338.2,341.29 1 0
github.com/Ashes47/braids/internal/tui/spineview.go:346.37,348.9 2 15
github.com/Ashes47/braids/internal/tui/spineview.go:349.23,350.32 1 1
github.com/Ashes47/braids/internal/tui/spineview.go:351.22,353.15 2 7
github.com/Ashes47/braids/internal/tui/spineview.go:353.15,355.4 1 4
github.com/Ashes47/braids/internal/tui/spineview.go:356.3,356.38 1 7
github.com/Ashes47/braids/internal/tui/spineview.go:357.10,358.47 1 7
github.com/Ashes47/braids/internal/tui/spineview.go:362.43,363.25 1 3
github.com/Ashes47/braids/internal/tui/spineview.go:363.25,365.3 1 1
github.com/Ashes47/braids/internal/tui/spineview.go:366.2,366.41 1 2
github.com/Ashes47/braids/internal/tui/spineview.go:369.36,371.16 2 15
github.com/Ashes47/braids/internal/tui/spineview.go:371.16,373.3 1 0
github.com/Ashes47/braids/internal/tui/spineview.go:374.2,375.25 2 15
github.com/Ashes47/braids/internal/tui/spineview.go:375.25,377.3 1 2
github.com/Ashes47/braids/internal/tui/spineview.go:378.2,378.88 1 15
github.com/Ashes47/braids/internal/tui/spineview.go:382.35,384.35 2 15
github.com/Ashes47/braids/internal/tui/spineview.go:384.35,385.30 1 48
github.com/Ashes47/braids/internal/tui/spineview.go:385.30,388.4 2 11
github.com/Ashes47/braids/internal/tui/spineview.go:390.2,404.34 5 15
github.com/Ashes47/braids/internal/tui/spineview.go:413.48,414.9 1 19
github.com/Ashes47/braids/internal/tui/spineview.go:415.32,416.16 1 5
github.com/Ashes47/braids/internal/tui/spineview.go:417.19,418.43 1 10
github.com/Ashes47/braids/internal/tui/spineview.go:419.17,420.46 1 1
github.com/Ashes47/braids/internal/tui/spineview.go:421.10,422.68 1 3
github.com/Ashes47/braids/internal/tui/spineview.go:426.38,429.19 3 15
github.com/Ashes47/braids/internal/tui/spineview.go:429.19,431.3 1 0
github.com/Ashes47/braids/internal/tui/spineview.go:432.2,432.103 1 15
github.com/Ashes47/braids/internal/tui/spineview.go:441.66,443.9 2 43
github.com/Ashes47/braids/internal/tui/spineview.go:444.24,445.42 1 0
github.com/Ashes47/braids/internal/tui/spineview.go:446.23,447.40 1 2
github.com/Ashes47/braids/internal/tui/spineview.go:448.10,449.42 1 41
github.com/Ashes47/braids/internal/tui/spineview.go:451.2,451.14 1 43
github.com/Ashes47/braids/internal/tui/spineview.go:451.14,453.3 1 11
github.com/Ashes47/braids/internal/tui/spineview.go:454.2,454.15 1 32
github.com/Ashes47/braids/internal/tui/spineview.go:459.72,465.18 5 0
github.com/Ashes47/braids/internal/tui/spineview.go:465.18,467.3 1 0
github.com/Ashes47/braids/internal/tui/spineview.go:468.2,469.19 2 0
github.com/Ashes47/braids/internal/tui/spineview.go:469.19,471.3 1 0
github.com/Ashes47/braids/internal/tui/spineview.go:472.2,477.22 4 0
github.com/Ashes47/braids/internal/tui/spineview.go:482.64,485.16 3 2
github.com/Ashes47/braids/internal/tui/spineview.go:485.16,487.3 1 0
github.com/Ashes47/braids/internal/tui/spineview.go:488.2,492.19 4 2
github.com/Ashes47/braids/internal/tui/spineview.go:492.19,494.3 1 0
github.com/Ashes47/braids/internal/tui/spineview.go:495.2,500.22 4 2
github.com/Ashes47/braids/internal/tui/spineview.go:503.71,507.37 3 41
github.com/Ashes47/braids/internal/tui/spineview.go:507.37,509.3 1 10
github.com/Ashes47/braids/internal/tui/spineview.go:510.2,514.19 3 41
github.com/Ashes47/braids/internal/tui/spineview.go:514.19,516.3 1 0
github.com/Ashes47/braids/internal/tui/spineview.go:518.2,520.18 3 41
github.com/Ashes47/braids/internal/tui/spineview.go:521.20,523.59 2 10
github.com/Ashes47/braids/internal/tui/spineview.go:524.10,527.33 3 31
github.com/Ashes47/braids/internal/tui/spineview.go:527.33,529.4 1 21
github.com/Ashes47/braids/internal/tui/spineview.go:530.3,531.58 2 31
github.com/Ashes47/braids/internal/tui/spineview.go:531.58,534.4 2 0
github.com/Ashes47/braids/internal/tui/spineview.go:536.2,546.22 6 41
github.com/Ashes47/braids/internal/tui/spineview.go:550.36,552.44 2 6
github.com/Ashes47/braids/internal/tui/spineview.go:552.44,555.3 2 1
github.com/Ashes47/braids/internal/tui/spineview.go:556.2,557.21 2 5
github.com/Ashes47/braids/internal/tui/spineview.go:557.21,560.3 2 1
github.com/Ashes47/braids/internal/tui/spineview.go:561.2,562.30 2 4
github.com/Ashes47/braids/internal/tui/spineview.go:562.30,565.3 2 1
github.com/Ashes47/braids/internal/tui/spineview.go:566.2,568.10 3 3
github.com/Ashes47/braids/internal/tui/spineview.go:571.44,573.13 2 4
github.com/Ashes47/braids/internal/tui/spineview.go:574.13,575.27 1 0
github.com/Ashes47/braids/internal/tui/spineview.go:576.15,577.26 1 2
github.com/Ashes47/braids/internal/tui/spineview.go:578.10,579.21 1 2
github.com/Ashes47/braids/internal/tui/spineview.go:581.2,581.10 1 2
github.com/Ashes47/braids/internal/tui/spineview.go:587.37,594.16 6 2
github.com/Ashes47/braids/internal/tui/spineview.go:594.16,597.3 2 1
github.com/Ashes47/braids/internal/tui/spineview.go:598.2,599.22 2 1
github.com/Ashes47/braids/internal/tui/spineview.go:599.22,601.17 2 0
github.com/Ashes47/braids/internal/tui/spineview.go:601.17,604.4 2 0
github.com/Ashes47/braids/internal/tui/spineview.go:605.3,605.22 1 0
github.com/Ashes47/braids/internal/tui/spineview.go:607.2,608.10 2 1
github.com/Ashes47/braids/internal/tui/spineview.go:613.44,616.26 3 7
github.com/Ashes47/braids/internal/tui/spineview.go:616.26,618.33 2 25
github.com/Ashes47/braids/internal/tui/spineview.go:618.33,619.12 1 14
github.com/Ashes47/braids/internal/tui/spineview.go:621.3,622.20 2 11
github.com/Ashes47/braids/internal/tui/spineview.go:622.20,623.9 1 1
github.com/Ashes47/braids/internal/tui/spineview.go:626.2,626.19 1 7
github.com/Ashes47/braids/internal/tui/spineview.go:626.19,628.3 1 2
github.com/Ashes47/braids/internal/tui/spineview.go:629.2,629.31 1 5
github.com/Ashes47/braids/internal/tui/spineview.go:643.37,646.22 3 0
github.com/Ashes47/braids/internal/tui/spineview.go:646.22,649.3 2 0
github.com/Ashes47/braids/internal/tui/spineview.go:650.2,650.22 1 0
github.com/Ashes47/braids/internal/tui/spineview.go:650.22,653.3 2 0
github.com/Ashes47/braids/internal/tui/spineview.go:654.2,655.16 2 0
github.com/Ashes47/braids/internal/tui/spineview.go:655.16,658.3 2 0
github.com/Ashes47/braids/internal/tui/spineview.go:659.2,660.22 2 0
github.com/Ashes47/braids/internal/tui/spineview.go:660.22,662.24 2 0
github.com/Ashes47/braids/internal/tui/spineview.go:662.24,665.4 2 0
github.com/Ashes47/braids/internal/tui/spineview.go:666.3,666.22 1 0
github.com/Ashes47/braids/internal/tui/spineview.go:668.2,669.10 2 0
github.com/Ashes47/braids/internal/tui/spineview.go:676.54,677.34 1 10
github.com/Ashes47/braids/internal/tui/spineview.go:677.34,679.23 2 14
github.com/Ashes47/braids/internal/tui/spineview.go:679.23,681.4 1 9
github.com/Ashes47/braids/internal/tui/spineview.go:683.2,683.13 1 1
github.com/Ashes47/braids/internal/tui/spineview.go:686.30,688.2 1 14
github.com/Ashes47/braids/internal/tui/spineview.go:691.42,693.30 2 78
github.com/Ashes47/braids/internal/tui/spineview.go:693.30,694.22 1 44
github.com/Ashes47/braids/internal/tui/spineview.go:694.22,695.9 1 0
github.com/Ashes47/braids/internal/tui/spineview.go:697.3,697.63 1 44
github.com/Ashes47/braids/internal/tui/spineview.go:699.2,699.36 1 78
github.com/Ashes47/braids/internal/tui/spineview.go:702.31,702.78 1 43
github.com/Ashes47/braids/internal/tui/state.go:47.60,48.9 1 70
github.com/Ashes47/braids/internal/tui/state.go:49.58,50.20 1 45
github.com/Ashes47/braids/internal/tui/state.go:51.89,52.23 1 2
github.com/Ashes47/braids/internal/tui/state.go:53.48,54.25 1 2
github.com/Ashes47/braids/internal/tui/state.go:55.78,56.22 1 6
github.com/Ashes47/braids/internal/tui/state.go:57.37,58.22 1 2
github.com/Ashes47/braids/internal/tui/state.go:59.10,60.23 1 13
github.com/Ashes47/braids/internal/tui/state.go:65.55,66.28 1 39
github.com/Ashes47/braids/internal/tui/state.go:67.21,68.45 1 9
github.com/Ashes47/braids/internal/tui/state.go:69.37,71.14 1 2
github.com/Ashes47/braids/internal/tui/state.go:72.10,73.15 1 28
github.com/Ashes47/braids/internal/tui/state.go:79.78,80.15 1 48
github.com/Ashes47/braids/internal/tui/state.go:81.35,82.23 1 2
github.com/Ashes47/braids/internal/tui/state.go:83.37,84.24 1 0
github.com/Ashes47/braids/internal/tui/state.go:85.21,86.46 1 4
github.com/Ashes47/braids/internal/tui/state.go:86.46,88.4 1 2
github.com/Ashes47/braids/internal/tui/state.go:89.3,89.23 1 2
github.com/Ashes47/braids/internal/tui/state.go:90.10,91.23 1 42
github.com/Ashes47/braids/internal/tui/theme.go:38.35,39.11 1 55
github.com/Ashes47/braids/internal/tui/theme.go:39.11,41.3 1 55
github.com/Ashes47/braids/internal/tui/theme.go:42.2,42.147 1 0
github.com/Ashes47/braids/internal/tui/theme.go:70.41,72.45 2 54
github.com/Ashes47/braids/internal/tui/theme.go:72.45,72.63 1 378
github.com/Ashes47/braids/internal/tui/theme.go:74.2,103.3 8 54
