mode: atomic
github.com/Ashes47/braids/internal/core/sidecar/sidecar.go:27.50,30.54 3 5
github.com/Ashes47/braids/internal/core/sidecar/sidecar.go:30.54,32.3 1 2
github.com/Ashes47/braids/internal/core/sidecar/sidecar.go:33.2,33.16 1 3
github.com/Ashes47/braids/internal/core/sidecar/sidecar.go:33.16,35.3 1 0
github.com/Ashes47/braids/internal/core/sidecar/sidecar.go:36.2,36.57 1 3
github.com/Ashes47/braids/internal/core/sidecar/sidecar.go:36.57,40.3 1 1
github.com/Ashes47/braids/internal/core/sidecar/sidecar.go:41.2,41.15 1 3
github.com/Ashes47/braids/internal/core/sidecar/sidecar.go:45.39,45.59 1 2
github.com/Ashes47/braids/internal/core/sidecar/sidecar.go:48.46,51.2 2 1
github.com/Ashes47/braids/internal/core/sidecar/sidecar.go:54.41,57.2 2 2
github.com/Ashes47/braids/internal/core/sidecar/sidecar.go:61.51,64.2 2 2
github.com/Ashes47/braids/internal/core/sidecar/sidecar.go:67.45,70.2 2 1
github.com/Ashes47/braids/internal/core/sidecar/sidecar.go:72.34,74.16 2 3
github.com/Ashes47/braids/internal/core/sidecar/sidecar.go:74.16,76.3 1 0
github.com/Ashes47/braids/internal/core/sidecar/sidecar.go:77.2,77.65 1 3
github.com/Ashes47/braids/internal/core/sidecar/sidecar.go:77.65,79.3 1 0
github.com/Ashes47/braids/internal/core/sidecar/sidecar.go:80.2,81.16 2 3
github.com/Ashes47/braids/internal/core/sidecar/sidecar.go:81.16,83.3 1 0
github.com/Ashes47/braids/internal/core/sidecar/sidecar.go:84.2,86.43 2 3
github.com/Ashes47/braids/internal/core/sidecar/sidecar.go:86.43,88.3 1 0
github.com/Ashes47/braids/internal/core/sidecar/sidecar.go:89.2,89.36 1 3
github.com/Ashes47/braids/internal/core/sidecar/sidecar.go:89.36,91.3 1 0
github.com/Ashes47/braids/internal/core/sidecar/sidecar.go:92.2,92.54 1 3
github.com/Ashes47/braids/internal/core/sidecar/sidecar.go:92.54,94.3 1 0
github.com/Ashes47/braids/internal/core/sidecar/sidecar.go:95.2,95.12 1 3
github.com/Ashes47/braids/internal/launch/launch.go:29.57,30.72 1 7
github.com/Ashes47/braids/internal/launch/launch.go:30.72,32.3 1 3
github.com/Ashes47/braids/internal/launch/launch.go:33.2,33.23 1 4
github.com/Ashes47/braids/internal/launch/launch.go:33.23,35.3 1 1
github.com/Ashes47/braids/internal/launch/launch.go:36.2,36.40 1 3
github.com/Ashes47/braids/internal/launch/launch.go:36.40,38.3 1 1
github.com/Ashes47/braids/internal/launch/launch.go:39.2,39.16 1 2
github.com/Ashes47/braids/internal/launch/launch.go:44.65,46.15 2 0
github.com/Ashes47/braids/internal/launch/launch.go:46.15,48.3 1 0
github.com/Ashes47/braids/internal/launch/launch.go:49.2,49.16 1 0
github.com/Ashes47/braids/internal/launch/launch.go:49.16,51.3 1 0
github.com/Ashes47/braids/internal/launch/launch.go:52.2,52.51 1 0
github.com/Ashes47/braids/internal/launch/launch.go:58.63,60.2 1 0
github.com/Ashes47/braids/internal/launch/launch.go:63.46,65.15 2 1
github.com/Ashes47/braids/internal/launch/launch.go:65.15,67.3 1 1
github.com/Ashes47/braids/internal/launch/launch.go:68.2,81.10 1 1
github.com/Ashes47/braids/internal/launch/launch.go:86.45,87.68 1 3
github.com/Ashes47/braids/internal/launch/launch.go:87.68,94.3 2 2
github.com/Ashes47/braids/internal/launch/launch.go:99.69,105.9 5 2
github.com/Ashes47/braids/internal/launch/launch.go:106.54,109.13 1 0
github.com/Ashes47/braids/internal/launch/launch.go:110.18,111.64 1 1
github.com/Ashes47/braids/internal/launch/launch.go:111.64,113.4 1 1
github.com/Ashes47/braids/internal/launch/launch.go:114.3,114.41 1 0
github.com/Ashes47/braids/internal/launch/launch.go:116.2,116.12 1 1
github.com/Ashes47/braids/internal/launch/launch.go:119.33,120.45 1 1
github.com/Ashes47/braids/internal/launch/launch.go:120.45,122.3 1 0
github.com/Ashes47/braids/internal/launch/launch.go:123.2,123.10 1 1
github.com/Ashes47/braids/internal/launch/launch.go:127.40,129.2 1 2
github.com/Ashes47/braids/internal/launch/launch.go:132.34,134.2 1 1
github.com/Ashes47/braids/internal/launch/launch.go:137.29,137.54 1 0
github.com/Ashes47/braids/internal/core/watch/watch.go:33.41,35.16 2 5
github.com/Ashes47/braids/internal/core/watch/watch.go:35.16,37.3 1 0
github.com/Ashes47/braids/internal/core/watch/watch.go:38.2,43.42 2 5
github.com/Ashes47/braids/internal/core/watch/watch.go:43.42,45.3 1 0
github.com/Ashes47/braids/internal/core/watch/watch.go:46.2,47.15 2 5
github.com/Ashes47/braids/internal/core/watch/watch.go:52.45,52.65 1 6
github.com/Ashes47/braids/internal/core/watch/watch.go:55.33,56.19 1 7
github.com/Ashes47/braids/internal/core/watch/watch.go:56.19,56.36 1 5
github.com/Ashes47/braids/internal/core/watch/watch.go:57.2,57.21 1 7
github.com/Ashes47/braids/internal/core/watch/watch.go:62.48,63.39 1 5
github.com/Ashes47/braids/internal/core/watch/watch.go:63.39,65.3 1 0
github.com/Ashes47/braids/internal/core/watch/watch.go:66.2,67.16 2 5
github.com/Ashes47/braids/internal/core/watch/watch.go:67.16,69.3 1 0
github.com/Ashes47/braids/internal/core/watch/watch.go:70.2,70.28 1 5
github.com/Ashes47/braids/internal/core/watch/watch.go:70.28,71.17 1 5
github.com/Ashes47/braids/internal/core/watch/watch.go:71.17,72.12 1 0
github.com/Ashes47/braids/internal/core/watch/watch.go:76.3,76.46 1 5
github.com/Ashes47/braids/internal/core/watch/watch.go:78.2,78.12 1 5
github.com/Ashes47/braids/internal/core/watch/watch.go:81.25,83.19 2 5
github.com/Ashes47/braids/internal/core/watch/watch.go:83.19,85.3 1 0
github.com/Ashes47/braids/internal/core/watch/watch.go:86.2,88.6 2 5
github.com/Ashes47/braids/internal/core/watch/watch.go:88.6,89.10 1 33
github.com/Ashes47/braids/internal/core/watch/watch.go:90.17,91.10 1 5
github.com/Ashes47/braids/internal/core/watch/watch.go:93.35,94.11 1 24
github.com/Ashes47/braids/internal/core/watch/watch.go:94.11,96.5 1 0
github.com/Ashes47/braids/internal/core/watch/watch.go:99.4,99.55 1 24
github.com/Ashes47/braids/internal/core/watch/watch.go:99.55,101.5 1 1
github.com/Ashes47/braids/internal/core/watch/watch.go:102.4,102.27 1 24
github.com/Ashes47/braids/internal/core/watch/watch.go:102.27,103.13 1 1
github.com/Ashes47/braids/internal/core/watch/watch.go:105.4,105.16 1 23
github.com/Ashes47/braids/internal/core/watch/watch.go:105.16,107.5 1 4
github.com/Ashes47/braids/internal/core/watch/watch.go:107.10,107.28 1 19
github.com/Ashes47/braids/internal/core/watch/watch.go:107.28,108.12 1 0
github.com/Ashes47/braids/internal/core/watch/watch.go:109.20,109.20 0 0
github.com/Ashes47/braids/internal/core/watch/watch.go:110.13,110.13 0 0
github.com/Ashes47/braids/internal/core/watch/watch.go:113.4,113.23 1 23
github.com/Ashes47/braids/internal/core/watch/watch.go:115.18,117.11 2 4
github.com/Ashes47/braids/internal/core/watch/watch.go:118.33,118.33 0 4
github.com/Ashes47/braids/internal/core/watch/watch.go:119.12,119.12 0 0
github.com/Ashes47/braids/internal/core/watch/watch.go:122.22,122.22 0 0
github.com/Ashes47/braids/internal/core/watch/watch.go:130.45,131.32 1 24
github.com/Ashes47/braids/internal/core/watch/watch.go:131.32,133.3 1 0
github.com/Ashes47/braids/internal/core/watch/watch.go:134.2,134.69 1 24
github.com/Ashes47/braids/internal/core/watch/watch.go:137.30,140.2 2 7
github.com/Ashes47/braids/internal/core/trash/trash.go:45.36,45.66 1 3
github.com/Ashes47/braids/internal/core/trash/trash.go:51.27,51.52 1 8
github.com/Ashes47/braids/internal/core/trash/trash.go:55.68,62.49 3 8
github.com/Ashes47/braids/internal/core/trash/trash.go:62.49,64.3 1 0
github.com/Ashes47/braids/internal/core/trash/trash.go:66.2,66.29 1 8
github.com/Ashes47/braids/internal/core/trash/trash.go:66.29,68.37 2 11
github.com/Ashes47/braids/internal/core/trash/trash.go:68.37,69.12 1 2
github.com/Ashes47/braids/internal/core/trash/trash.go:71.3,71.17 1 9
github.com/Ashes47/braids/internal/core/trash/trash.go:71.17,73.4 1 0
github.com/Ashes47/braids/internal/core/trash/trash.go:74.3,75.45 2 9
github.com/Ashes47/braids/internal/core/trash/trash.go:75.45,79.4 1 0
github.com/Ashes47/braids/internal/core/trash/trash.go:80.3,81.34 2 9
github.com/Ashes47/braids/internal/core/trash/trash.go:83.2,83.27 1 8
github.com/Ashes47/braids/internal/core/trash/trash.go:83.27,85.3 1 1
github.com/Ashes47/braids/internal/core/trash/trash.go:86.2,86.51 1 7
github.com/Ashes47/braids/internal/core/trash/trash.go:86.51,88.3 1 0
github.com/Ashes47/braids/internal/core/trash/trash.go:89.2,89.19 1 7
github.com/Ashes47/braids/internal/core/trash/trash.go:93.39,95.36 2 7
github.com/Ashes47/braids/internal/core/trash/trash.go:95.36,97.3 1 0
github.com/Ashes47/braids/internal/core/trash/trash.go:98.2,98.16 1 7
github.com/Ashes47/braids/internal/core/trash/trash.go:98.16,100.3 1 0
github.com/Ashes47/braids/internal/core/trash/trash.go:101.2,102.25 2 7
github.com/Ashes47/braids/internal/core/trash/trash.go:102.25,103.17 1 5
github.com/Ashes47/braids/internal/core/trash/trash.go:103.17,104.12 1 0
github.com/Ashes47/braids/internal/core/trash/trash.go:106.3,107.17 2 5
github.com/Ashes47/braids/internal/core/trash/trash.go:107.17,108.12 1 0
github.com/Ashes47/braids/internal/core/trash/trash.go:110.3,110.27 1 5
github.com/Ashes47/braids/internal/core/trash/trash.go:112.2,112.38 1 7
github.com/Ashes47/braids/internal/core/trash/trash.go:112.38,112.75 1 1
github.com/Ashes47/braids/internal/core/trash/trash.go:113.2,113.17 1 7
github.com/Ashes47/braids/internal/core/trash/trash.go:117.38,118.63 1 2
github.com/Ashes47/braids/internal/core/trash/trash.go:118.63,120.3 1 0
github.com/Ashes47/braids/internal/core/trash/trash.go:121.2,121.12 1 2
github.com/Ashes47/braids/internal/core/trash/trash.go:126.57,128.16 2 2
github.com/Ashes47/braids/internal/core/trash/trash.go:128.16,130.3 1 0
github.com/Ashes47/braids/internal/core/trash/trash.go:131.2,133.28 3 2
github.com/Ashes47/braids/internal/core/trash/trash.go:133.28,134.30 1 2
github.com/Ashes47/braids/internal/core/trash/trash.go:134.30,135.12 1 1
github.com/Ashes47/braids/internal/core/trash/trash.go:137.3,137.39 1 1
github.com/Ashes47/braids/internal/core/trash/trash.go:137.39,139.4 1 0
github.com/Ashes47/braids/internal/core/trash/trash.go:140.3,141.19 2 1
github.com/Ashes47/braids/internal/core/trash/trash.go:143.2,143.25 1 2
github.com/Ashes47/braids/internal/core/trash/trash.go:146.51,148.16 2 7
github.com/Ashes47/braids/internal/core/trash/trash.go:148.16,150.3 1 0
github.com/Ashes47/braids/internal/core/trash/trash.go:151.2,151.80 1 7
github.com/Ashes47/braids/internal/core/trash/trash.go:151.80,153.3 1 0
github.com/Ashes47/braids/internal/core/trash/trash.go:154.2,154.12 1 7
github.com/Ashes47/braids/internal/core/trash/trash.go:157.46,159.16 2 7
github.com/Ashes47/braids/internal/core/trash/trash.go:159.16,161.3 1 1
github.com/Ashes47/braids/internal/core/trash/trash.go:162.2,163.53 2 6
github.com/Ashes47/braids/internal/core/trash/trash.go:163.53,165.3 1 0
github.com/Ashes47/braids/internal/core/trash/trash.go:166.2,166.19 1 6
github.com/Ashes47/braids/internal/core/trash/trash.go:170.42,172.35 2 2
github.com/Ashes47/braids/internal/core/trash/trash.go:172.35,173.69 1 4
github.com/Ashes47/braids/internal/core/trash/trash.go:173.69,175.12 2 0
github.com/Ashes47/braids/internal/core/trash/trash.go:177.3,177.55 1 4
github.com/Ashes47/braids/internal/core/trash/trash.go:177.55,179.4 1 0
github.com/Ashes47/braids/internal/core/trash/trash.go:181.2,181.23 1 2
github.com/Ashes47/braids/internal/core/trash/trash.go:181.23,183.3 1 0
github.com/Ashes47/braids/internal/core/trash/trash.go:184.2,184.53 1 2
github.com/Ashes47/braids/internal/core/trash/trash.go:188.53,190.16 2 2
github.com/Ashes47/braids/internal/core/trash/trash.go:190.16,192.3 1 1
github.com/Ashes47/braids/internal/core/trash/trash.go:193.2,193.32 1 1
github.com/Ashes47/braids/internal/core/trash/trash.go:197.50,198.19 1 9
github.com/Ashes47/braids/internal/core/trash/trash.go:198.19,200.3 1 7
github.com/Ashes47/braids/internal/core/trash/trash.go:201.2,202.76 2 2
github.com/Ashes47/braids/internal/core/trash/trash.go:202.76,203.30 1 6
github.com/Ashes47/braids/internal/core/trash/trash.go:203.30,205.4 1 4
github.com/Ashes47/braids/internal/core/trash/trash.go:206.3,206.38 1 2
github.com/Ashes47/braids/internal/core/trash/trash.go:206.38,208.4 1 2
github.com/Ashes47/braids/internal/core/trash/trash.go:209.3,209.13 1 2
github.com/Ashes47/braids/internal/core/trash/trash.go:211.2,211.14 1 2
github.com/Ashes47/braids/internal/core/store/store.go:82.38,84.2 1 0
github.com/Ashes47/braids/internal/core/store/claudecode/birthtime_darwin.go:13.44,15.9 2 48
github.com/Ashes47/braids/internal/core/store/claudecode/birthtime_darwin.go:15.9,17.3 1 0
github.com/Ashes47/braids/internal/core/store/claudecode/birthtime_darwin.go:18.2,18.63 1 48
github.com/Ashes47/braids/internal/core/store/claudecode/branch.go:29.91,30.25 1 6
github.com/Ashes47/braids/internal/core/store/claudecode/branch.go:30.25,32.3 1 1
github.com/Ashes47/braids/internal/core/store/claudecode/branch.go:33.2,34.16 2 5
github.com/Ashes47/braids/internal/core/store/claudecode/branch.go:34.16,36.3 1 0
github.com/Ashes47/braids/internal/core/store/claudecode/branch.go:37.2,38.16 2 5
github.com/Ashes47/braids/internal/core/store/claudecode/branch.go:38.16,40.3 1 1
github.com/Ashes47/braids/internal/core/store/claudecode/branch.go:42.2,43.16 2 4
github.com/Ashes47/braids/internal/core/store/claudecode/branch.go:43.16,45.3 1 0
github.com/Ashes47/braids/internal/core/store/claudecode/branch.go:46.2,47.72 2 4
github.com/Ashes47/braids/internal/core/store/claudecode/branch.go:47.72,49.3 1 0
github.com/Ashes47/braids/internal/core/store/claudecode/branch.go:51.2,52.16 2 4
github.com/Ashes47/braids/internal/core/store/claudecode/branch.go:52.16,54.3 1 0
github.com/Ashes47/braids/internal/core/store/claudecode/branch.go:55.2,64.8 1 4
github.com/Ashes47/braids/internal/core/store/claudecode/branch.go:74.45,76.16 2 24
github.com/Ashes47/braids/internal/core/store/claudecode/branch.go:76.16,78.3 1 0
github.com/Ashes47/braids/internal/core/store/claudecode/branch.go:79.2,83.16 4 24
github.com/Ashes47/braids/internal/core/store/claudecode/branch.go:83.16,86.49 3 97
github.com/Ashes47/braids/internal/core/store/claudecode/branch.go:86.49,88.12 2 0
github.com/Ashes47/braids/internal/core/store/claudecode/branch.go:90.3,90.72 1 97
github.com/Ashes47/braids/internal/core/store/claudecode/branch.go:92.2,92.33 1 24
github.com/Ashes47/braids/internal/core/store/claudecode/branch.go:92.33,94.3 1 0
github.com/Ashes47/braids/internal/core/store/claudecode/branch.go:95.2,95.17 1 24
github.com/Ashes47/braids/internal/core/store/claudecode/branch.go:101.69,104.26 3 5
github.com/Ashes47/braids/internal/core/store/claudecode/branch.go:104.26,105.19 1 30
github.com/Ashes47/braids/internal/core/store/claudecode/branch.go:105.19,106.12 1 5
github.com/Ashes47/braids/internal/core/store/claudecode/branch.go:108.3,109.23 2 25
github.com/Ashes47/braids/internal/core/store/claudecode/branch.go:109.23,111.4 1 4
github.com/Ashes47/braids/internal/core/store/claudecode/branch.go:113.2,113.12 1 5
github.com/Ashes47/braids/internal/core/store/claudecode/branch.go:113.12,115.3 1 1
github.com/Ashes47/braids/internal/core/store/claudecode/branch.go:117.2,118.65 2 4
github.com/Ashes47/braids/internal/core/store/claudecode/branch.go:118.65,120.3 1 11
github.com/Ashes47/braids/internal/core/store/claudecode/branch.go:121.2,121.18 1 4
github.com/Ashes47/braids/internal/core/store/claudecode/branch.go:124.126,126.16 2 4
github.com/Ashes47/braids/internal/core/store/claudecode/branch.go:126.16,128.3 1 0
github.com/Ashes47/braids/internal/core/store/claudecode/branch.go:129.2,132.29 3 4
github.com/Ashes47/braids/internal/core/store/claudecode/branch.go:132.29,134.17 2 6
github.com/Ashes47/braids/internal/core/store/claudecode/branch.go:134.17,136.4 1 0
github.com/Ashes47/braids/internal/core/store/claudecode/branch.go:137.3,138.13 2 6
github.com/Ashes47/braids/internal/core/store/claudecode/branch.go:141.2,141.21 1 4
github.com/Ashes47/braids/internal/core/store/claudecode/branch.go:141.21,142.21 1 4
github.com/Ashes47/braids/internal/core/store/claudecode/branch.go:142.21,145.19 1 2
github.com/Ashes47/braids/internal/core/store/claudecode/branch.go:145.19,147.5 1 0
github.com/Ashes47/braids/internal/core/store/claudecode/branch.go:149.3,149.27 1 4
github.com/Ashes47/braids/internal/core/store/claudecode/branch.go:149.27,150.36 1 24
github.com/Ashes47/braids/internal/core/store/claudecode/branch.go:150.36,152.5 1 0
github.com/Ashes47/braids/internal/core/store/claudecode/branch.go:153.4,153.37 1 24
github.com/Ashes47/braids/internal/core/store/claudecode/branch.go:153.37,154.13 1 13
github.com/Ashes47/braids/internal/core/store/claudecode/branch.go:156.4,157.18 2 11
github.com/Ashes47/braids/internal/core/store/claudecode/branch.go:157.18,159.5 1 0
github.com/Ashes47/braids/internal/core/store/claudecode/branch.go:160.4,160.64 1 11
github.com/Ashes47/braids/internal/core/store/claudecode/branch.go:160.64,162.5 1 0
github.com/Ashes47/braids/internal/core/store/claudecode/branch.go:165.3,167.5 1 4
github.com/Ashes47/braids/internal/core/store/claudecode/branch.go:169.2,169.16 1 4
github.com/Ashes47/braids/internal/core/store/claudecode/branch.go:169.16,171.3 1 0
github.com/Ashes47/braids/internal/core/store/claudecode/branch.go:172.2,172.36 1 4
github.com/Ashes47/braids/internal/core/store/claudecode/branch.go:172.36,174.3 1 0
github.com/Ashes47/braids/internal/core/store/claudecode/branch.go:175.2,175.49 1 4
github.com/Ashes47/braids/internal/core/store/claudecode/branch.go:175.49,177.3 1 0
github.com/Ashes47/braids/internal/core/store/claudecode/branch.go:178.2,178.12 1 4
github.com/Ashes47/braids/internal/core/store/claudecode/branch.go:182.57,184.9 2 25
github.com/Ashes47/braids/internal/core/store/claudecode/branch.go:184.9,187.3 1 0
github.com/Ashes47/braids/internal/core/store/claudecode/branch.go:188.2,189.16 2 25
github.com/Ashes47/braids/internal/core/store/claudecode/branch.go:189.16,191.3 1 0
github.com/Ashes47/braids/internal/core/store/claudecode/branch.go:192.2,192.58 1 25
github.com/Ashes47/braids/internal/core/store/claudecode/branch.go:192.58,193.31 1 50
github.com/Ashes47/braids/internal/core/store/claudecode/branch.go:193.31,195.4 1 25
github.com/Ashes47/braids/internal/core/store/claudecode/branch.go:197.2,198.16 2 25
github.com/Ashes47/braids/internal/core/store/claudecode/branch.go:198.16,200.3 1 0
github.com/Ashes47/braids/internal/core/store/claudecode/branch.go:201.2,201.17 1 25
github.com/Ashes47/braids/internal/core/store/claudecode/branch.go:206.66,208.53 2 34
github.com/Ashes47/braids/internal/core/store/claudecode/branch.go:208.53,210.3 1 0
github.com/Ashes47/braids/internal/core/store/claudecode/branch.go:211.2,211.21 1 34
github.com/Ashes47/braids/internal/core/store/claudecode/branch.go:215.37,217.43 2 16
github.com/Ashes47/braids/internal/core/store/claudecode/branch.go:217.43,219.3 1 0
github.com/Ashes47/braids/internal/core/store/claudecode/branch.go:220.2,223.85 4 16
github.com/Ashes47/braids/internal/core/store/claudecode/branch.go:226.30,227.18 1 1
github.com/Ashes47/braids/internal/core/store/claudecode/branch.go:227.18,229.3 1 1
github.com/Ashes47/braids/internal/core/store/claudecode/branch.go:230.2,230.15 1 0
github.com/Ashes47/braids/internal/core/store/claudecode/branch.go:247.89,248.22 1 2
github.com/Ashes47/braids/internal/core/store/claudecode/branch.go:248.22,250.3 1 1
github.com/Ashes47/braids/internal/core/store/claudecode/branch.go:251.2,252.16 2 1
github.com/Ashes47/braids/internal/core/store/claudecode/branch.go:252.16,254.3 1 0
github.com/Ashes47/braids/internal/core/store/claudecode/branch.go:255.2,256.16 2 1
github.com/Ashes47/braids/internal/core/store/claudecode/branch.go:256.16,258.3 1 0
github.com/Ashes47/braids/internal/core/store/claudecode/branch.go:262.2,266.70 4 1
github.com/Ashes47/braids/internal/core/store/claudecode/branch.go:266.70,268.3 1 0
github.com/Ashes47/braids/internal/core/store/claudecode/branch.go:269.2,270.16 2 1
github.com/Ashes47/braids/internal/core/store/claudecode/branch.go:270.16,272.3 1 0
github.com/Ashes47/braids/internal/core/store/claudecode/branch.go:273.2,281.8 1 1
github.com/Ashes47/braids/internal/core/store/claudecode/branch.go:284.49,285.9 1 1
github.com/Ashes47/braids/internal/core/store/claudecode/branch.go:286.44,287.40 1 1
github.com/Ashes47/braids/internal/core/store/claudecode/branch.go:288.24,289.20 1 0
github.com/Ashes47/braids/internal/core/store/claudecode/branch.go:290.24,291.20 1 0
github.com/Ashes47/braids/internal/core/store/claudecode/branch.go:292.10,293.26 1 0
github.com/Ashes47/braids/internal/core/store/claudecode/branch.go:297.88,299.16 2 1
github.com/Ashes47/braids/internal/core/store/claudecode/branch.go:299.16,301.3 1 0
github.com/Ashes47/braids/internal/core/store/claudecode/branch.go:302.2,305.21 3 1
github.com/Ashes47/braids/internal/core/store/claudecode/branch.go:305.21,309.17 2 1
github.com/Ashes47/braids/internal/core/store/claudecode/branch.go:309.17,311.4 1 0
github.com/Ashes47/braids/internal/core/store/claudecode/branch.go:312.3,312.60 1 1
github.com/Ashes47/braids/internal/core/store/claudecode/branch.go:312.60,314.4 1 0
github.com/Ashes47/braids/internal/core/store/claudecode/branch.go:315.3,316.27 2 1
github.com/Ashes47/braids/internal/core/store/claudecode/branch.go:316.27,317.36 1 2
github.com/Ashes47/braids/internal/core/store/claudecode/branch.go:317.36,319.5 1 0
github.com/Ashes47/braids/internal/core/store/claudecode/branch.go:320.4,321.18 2 2
github.com/Ashes47/braids/internal/core/store/claudecode/branch.go:321.18,323.5 1 0
github.com/Ashes47/braids/internal/core/store/claudecode/branch.go:324.4,324.64 1 2
github.com/Ashes47/braids/internal/core/store/claudecode/branch.go:324.64,326.5 1 0
github.com/Ashes47/braids/internal/core/store/claudecode/branch.go:327.4,327.20 1 2
github.com/Ashes47/braids/internal/core/store/claudecode/branch.go:327.20,329.5 1 2
github.com/Ashes47/braids/internal/core/store/claudecode/branch.go:331.3,331.17 1 1
github.com/Ashes47/braids/internal/core/store/claudecode/branch.go:331.17,333.4 1 0
github.com/Ashes47/braids/internal/core/store/claudecode/branch.go:334.3,337.17 2 1
github.com/Ashes47/braids/internal/core/store/claudecode/branch.go:337.17,339.4 1 0
github.com/Ashes47/braids/internal/core/store/claudecode/branch.go:340.3,341.13 2 1
github.com/Ashes47/braids/internal/core/store/claudecode/branch.go:343.2,343.16 1 1
github.com/Ashes47/braids/internal/core/store/claudecode/branch.go:343.16,345.3 1 0
github.com/Ashes47/braids/internal/core/store/claudecode/branch.go:346.2,346.36 1 1
github.com/Ashes47/braids/internal/core/store/claudecode/branch.go:346.36,348.3 1 0
github.com/Ashes47/braids/internal/core/store/claudecode/branch.go:349.2,349.49 1 1
github.com/Ashes47/braids/internal/core/store/claudecode/branch.go:349.49,351.3 1 0
github.com/Ashes47/braids/internal/core/store/claudecode/branch.go:352.2,352.12 1 1
github.com/Ashes47/braids/internal/core/store/claudecode/branch.go:356.60,358.9 2 2
github.com/Ashes47/braids/internal/core/store/claudecode/branch.go:358.9,360.3 1 0
github.com/Ashes47/braids/internal/core/store/claudecode/branch.go:361.2,364.16 4 2
github.com/Ashes47/braids/internal/core/store/claudecode/branch.go:364.16,366.3 1 0
github.com/Ashes47/braids/internal/core/store/claudecode/branch.go:367.2,367.58 1 2
github.com/Ashes47/braids/internal/core/store/claudecode/branch.go:367.58,368.41 1 4
github.com/Ashes47/braids/internal/core/store/claudecode/branch.go:368.41,370.4 1 2
github.com/Ashes47/braids/internal/core/store/claudecode/branch.go:372.2,373.16 2 2
github.com/Ashes47/braids/internal/core/store/claudecode/branch.go:373.16,375.3 1 0
github.com/Ashes47/braids/internal/core/store/claudecode/branch.go:376.2,376.17 1 2
github.com/Ashes47/braids/internal/core/store/claudecode/claudecode.go:37.31,37.61 1 22
github.com/Ashes47/braids/internal/core/store/claudecode/claudecode.go:40.36,42.16 2 0
github.com/Ashes47/braids/internal/core/store/claudecode/claudecode.go:42.16,44.3 1 0
github.com/Ashes47/braids/internal/core/store/claudecode/claudecode.go:45.2,45.56 1 0
github.com/Ashes47/braids/internal/core/store/claudecode/claudecode.go:49.32,49.55 1 48
github.com/Ashes47/braids/internal/core/store/claudecode/claudecode.go:52.52,60.2 1 0
github.com/Ashes47/braids/internal/core/store/claudecode/claudecode.go:69.67,71.16 2 26
github.com/Ashes47/braids/internal/core/store/claudecode/claudecode.go:71.16,73.3 1 0
github.com/Ashes47/braids/internal/core/store/claudecode/claudecode.go:74.2,75.35 2 26
github.com/Ashes47/braids/internal/core/store/claudecode/claudecode.go:75.35,76.23 1 26
github.com/Ashes47/braids/internal/core/store/claudecode/claudecode.go:76.23,77.12 1 0
github.com/Ashes47/braids/internal/core/store/claudecode/claudecode.go:79.3,81.17 3 26
github.com/Ashes47/braids/internal/core/store/claudecode/claudecode.go:81.17,83.4 1 0
github.com/Ashes47/braids/internal/core/store/claudecode/claudecode.go:84.3,84.29 1 26
github.com/Ashes47/braids/internal/core/store/claudecode/claudecode.go:84.29,85.36 1 44
github.com/Ashes47/braids/internal/core/store/claudecode/claudecode.go:85.36,87.5 1 0
github.com/Ashes47/braids/internal/core/store/claudecode/claudecode.go:88.4,88.59 1 44
github.com/Ashes47/braids/internal/core/store/claudecode/claudecode.go:88.59,89.13 1 5
github.com/Ashes47/braids/internal/core/store/claudecode/claudecode.go:91.4,92.18 2 39
github.com/Ashes47/braids/internal/core/store/claudecode/claudecode.go:92.18,94.5 1 0
github.com/Ashes47/braids/internal/core/store/claudecode/claudecode.go:95.4,105.31 3 39
github.com/Ashes47/braids/internal/core/store/claudecode/claudecode.go:108.2,108.19 1 26
github.com/Ashes47/braids/internal/core/store/claudecode/claudecode.go:114.81,116.16 2 4
github.com/Ashes47/braids/internal/core/store/claudecode/claudecode.go:116.16,118.3 1 0
github.com/Ashes47/braids/internal/core/store/claudecode/claudecode.go:119.2,121.18 3 4
github.com/Ashes47/braids/internal/core/store/claudecode/claudecode.go:130.70,133.30 1 4
github.com/Ashes47/braids/internal/core/store/claudecode/claudecode.go:133.30,135.3 1 2
github.com/Ashes47/braids/internal/core/store/claudecode/claudecode.go:136.2,138.33 3 2
github.com/Ashes47/braids/internal/core/store/claudecode/claudecode.go:138.33,140.3 1 2
github.com/Ashes47/braids/internal/core/store/claudecode/claudecode.go:141.2,141.78 1 0
github.com/Ashes47/braids/internal/core/store/claudecode/claudecode.go:141.78,142.30 1 0
github.com/Ashes47/braids/internal/core/store/claudecode/claudecode.go:142.30,144.4 1 0
github.com/Ashes47/braids/internal/core/store/claudecode/claudecode.go:145.3,145.38 1 0
github.com/Ashes47/braids/internal/core/store/claudecode/claudecode.go:145.38,147.4 1 0
github.com/Ashes47/braids/internal/core/store/claudecode/claudecode.go:148.3,148.13 1 0
github.com/Ashes47/braids/internal/core/store/claudecode/claudecode.go:150.2,150.30 1 0
github.com/Ashes47/braids/internal/core/store/claudecode/claudecode.go:150.30,152.3 1 0
github.com/Ashes47/braids/internal/core/store/claudecode/claudecode.go:153.2,153.20 1 0
github.com/Ashes47/braids/internal/core/store/claudecode/claudecode.go:158.90,160.16 2 9
github.com/Ashes47/braids/internal/core/store/claudecode/claudecode.go:160.16,162.3 1 0
github.com/Ashes47/braids/internal/core/store/claudecode/claudecode.go:163.2,177.16 5 9
github.com/Ashes47/braids/internal/core/store/claudecode/claudecode.go:177.16,178.35 1 38
github.com/Ashes47/braids/internal/core/store/claudecode/claudecode.go:178.35,180.4 1 0
github.com/Ashes47/braids/internal/core/store/claudecode/claudecode.go:181.3,182.56 2 38
github.com/Ashes47/braids/internal/core/store/claudecode/claudecode.go:182.56,183.12 1 1
github.com/Ashes47/braids/internal/core/store/claudecode/claudecode.go:185.3,185.36 1 37
github.com/Ashes47/braids/internal/core/store/claudecode/claudecode.go:185.36,187.4 1 0
github.com/Ashes47/braids/internal/core/store/claudecode/claudecode.go:188.3,188.19 1 37
github.com/Ashes47/braids/internal/core/store/claudecode/claudecode.go:188.19,189.12 1 8
github.com/Ashes47/braids/internal/core/store/claudecode/claudecode.go:191.3,193.10 3 29
github.com/Ashes47/braids/internal/core/store/claudecode/claudecode.go:193.10,195.12 2 7
github.com/Ashes47/braids/internal/core/store/claudecode/claudecode.go:197.3,200.36 4 22
github.com/Ashes47/braids/internal/core/store/claudecode/claudecode.go:200.36,202.4 1 1
github.com/Ashes47/braids/internal/core/store/claudecode/claudecode.go:204.2,204.33 1 8
github.com/Ashes47/braids/internal/core/store/claudecode/claudecode.go:204.33,206.3 1 0
github.com/Ashes47/braids/internal/core/store/claudecode/claudecode.go:207.2,207.12 1 8
github.com/Ashes47/braids/internal/core/store/claudecode/claudecode.go:210.44,214.2 3 40
github.com/Ashes47/braids/internal/core/store/claudecode/claudecode.go:218.38,220.21 2 39
github.com/Ashes47/braids/internal/core/store/claudecode/claudecode.go:220.21,222.3 1 0
github.com/Ashes47/braids/internal/core/store/claudecode/claudecode.go:223.2,223.28 1 39
github.com/Ashes47/braids/internal/core/store/claudecode/claudecode.go:231.59,233.16 2 4
github.com/Ashes47/braids/internal/core/store/claudecode/claudecode.go:233.16,235.3 1 0
github.com/Ashes47/braids/internal/core/store/claudecode/claudecode.go:236.2,240.16 4 4
github.com/Ashes47/braids/internal/core/store/claudecode/claudecode.go:240.16,242.57 2 14
github.com/Ashes47/braids/internal/core/store/claudecode/claudecode.go:242.57,246.39 2 1
github.com/Ashes47/braids/internal/core/store/claudecode/claudecode.go:246.39,248.5 1 1
github.com/Ashes47/braids/internal/core/store/claudecode/claudecode.go:250.3,250.26 1 14
github.com/Ashes47/braids/internal/core/store/claudecode/claudecode.go:250.26,251.12 1 9
github.com/Ashes47/braids/internal/core/store/claudecode/claudecode.go:253.3,254.50 2 5
github.com/Ashes47/braids/internal/core/store/claudecode/claudecode.go:254.50,255.12 1 0
github.com/Ashes47/braids/internal/core/store/claudecode/claudecode.go:257.3,257.10 1 5
github.com/Ashes47/braids/internal/core/store/claudecode/claudecode.go:258.28,259.26 1 3
github.com/Ashes47/braids/internal/core/store/claudecode/claudecode.go:260.24,261.18 1 1
github.com/Ashes47/braids/internal/core/store/claudecode/claudecode.go:262.26,263.23 1 1
github.com/Ashes47/braids/internal/core/store/claudecode/claudecode.go:266.2,266.33 1 4
github.com/Ashes47/braids/internal/core/store/claudecode/claudecode.go:266.33,268.3 1 0
github.com/Ashes47/braids/internal/core/store/claudecode/claudecode.go:269.2,269.51 1 4
github.com/Ashes47/braids/internal/core/store/claudecode/claudecode.go:272.37,273.31 1 14
github.com/Ashes47/braids/internal/core/store/claudecode/claudecode.go:273.31,274.30 1 24
github.com/Ashes47/braids/internal/core/store/claudecode/claudecode.go:274.30,276.4 1 5
github.com/Ashes47/braids/internal/core/store/claudecode/claudecode.go:278.2,278.14 1 9
github.com/Ashes47/braids/internal/core/store/claudecode/claudecode.go:281.43,282.25 1 4
github.com/Ashes47/braids/internal/core/store/claudecode/claudecode.go:282.25,283.14 1 6
github.com/Ashes47/braids/internal/core/store/claudecode/claudecode.go:283.14,285.4 1 4
github.com/Ashes47/braids/internal/core/store/claudecode/claudecode.go:287.2,287.11 1 0
github.com/Ashes47/braids/internal/core/store/claudecode/claudecode.go:335.64,336.50 1 54
github.com/Ashes47/braids/internal/core/store/claudecode/claudecode.go:336.50,338.3 1 7
github.com/Ashes47/braids/internal/core/store/claudecode/claudecode.go:339.2,340.16 2 47
github.com/Ashes47/braids/internal/core/store/claudecode/claudecode.go:341.14,342.24 1 27
github.com/Ashes47/braids/internal/core/store/claudecode/claudecode.go:343.19,344.29 1 20
github.com/Ashes47/braids/internal/core/store/claudecode/claudecode.go:345.10,346.32 1 0
github.com/Ashes47/braids/internal/core/store/claudecode/claudecode.go:348.2,349.21 2 47
github.com/Ashes47/braids/internal/core/store/claudecode/claudecode.go:349.21,351.3 1 0
github.com/Ashes47/braids/internal/core/store/claudecode/claudecode.go:352.2,359.9 2 47
github.com/Ashes47/braids/internal/core/store/claudecode/claudecode.go:364.48,365.65 1 37
github.com/Ashes47/braids/internal/core/store/claudecode/claudecode.go:365.65,367.3 1 37
github.com/Ashes47/braids/internal/core/store/claudecode/claudecode.go:368.2,375.3 2 0
github.com/Ashes47/braids/internal/core/store/claudecode/claudecode.go:382.35,383.25 1 126
github.com/Ashes47/braids/internal/core/store/claudecode/claudecode.go:383.25,385.3 1 82
github.com/Ashes47/braids/internal/core/store/claudecode/claudecode.go:386.2,386.32 1 44
github.com/Ashes47/braids/internal/core/store/claudecode/claudecode.go:386.32,388.3 1 2
github.com/Ashes47/braids/internal/core/store/claudecode/claudecode.go:389.2,389.11 1 42
github.com/Ashes47/braids/internal/core/store/claudecode/claudecode.go:394.51,395.19 1 47
github.com/Ashes47/braids/internal/core/store/claudecode/claudecode.go:395.19,397.3 1 0
github.com/Ashes47/braids/internal/core/store/claudecode/claudecode.go:398.2,399.51 2 47
github.com/Ashes47/braids/internal/core/store/claudecode/claudecode.go:399.51,400.36 1 25
github.com/Ashes47/braids/internal/core/store/claudecode/claudecode.go:400.36,402.4 1 0
github.com/Ashes47/braids/internal/core/store/claudecode/claudecode.go:403.3,403.58 1 25
github.com/Ashes47/braids/internal/core/store/claudecode/claudecode.go:405.2,406.53 2 22
github.com/Ashes47/braids/internal/core/store/claudecode/claudecode.go:406.53,408.3 1 0
github.com/Ashes47/braids/internal/core/store/claudecode/claudecode.go:409.2,410.27 2 22
github.com/Ashes47/braids/internal/core/store/claudecode/claudecode.go:410.27,411.30 1 24
github.com/Ashes47/braids/internal/core/store/claudecode/claudecode.go:411.30,413.4 1 24
github.com/Ashes47/braids/internal/core/store/claudecode/claudecode.go:415.2,415.14 1 22
github.com/Ashes47/braids/internal/core/store/claudecode/claudecode.go:418.44,419.16 1 24
github.com/Ashes47/braids/internal/core/store/claudecode/claudecode.go:420.14,421.38 1 20
github.com/Ashes47/braids/internal/core/store/claudecode/claudecode.go:421.38,423.4 1 0
github.com/Ashes47/braids/internal/core/store/claudecode/claudecode.go:424.3,424.62 1 20
github.com/Ashes47/braids/internal/core/store/claudecode/claudecode.go:425.18,426.42 1 1
github.com/Ashes47/braids/internal/core/store/claudecode/claudecode.go:426.42,428.4 1 0
github.com/Ashes47/braids/internal/core/store/claudecode/claudecode.go:429.3,429.70 1 1
github.com/Ashes47/braids/internal/core/store/claudecode/claudecode.go:430.18,431.98 1 1
github.com/Ashes47/braids/internal/core/store/claudecode/claudecode.go:432.21,434.17 2 2
github.com/Ashes47/braids/internal/core/store/claudecode/claudecode.go:434.17,436.4 1 0
github.com/Ashes47/braids/internal/core/store/claudecode/claudecode.go:437.3,437.103 1 2
github.com/Ashes47/braids/internal/core/store/claudecode/claudecode.go:438.10,439.29 1 0
github.com/Ashes47/braids/internal/core/store/claudecode/claudecode.go:444.42,445.19 1 2
github.com/Ashes47/braids/internal/core/store/claudecode/claudecode.go:445.19,447.3 1 0
github.com/Ashes47/braids/internal/core/store/claudecode/claudecode.go:448.2,449.51 2 2
github.com/Ashes47/braids/internal/core/store/claudecode/claudecode.go:449.51,451.3 1 1
github.com/Ashes47/braids/internal/core/store/claudecode/claudecode.go:452.2,453.53 2 1
github.com/Ashes47/braids/internal/core/store/claudecode/claudecode.go:453.53,455.3 1 0
github.com/Ashes47/braids/internal/core/store/claudecode/claudecode.go:456.2,457.29 2 1
github.com/Ashes47/braids/internal/core/store/claudecode/claudecode.go:457.29,458.21 1 1
github.com/Ashes47/braids/internal/core/store/claudecode/claudecode.go:458.21,459.12 1 0
github.com/Ashes47/braids/internal/core/store/claudecode/claudecode.go:461.3,461.18 1 1
github.com/Ashes47/braids/internal/core/store/claudecode/claudecode.go:461.18,463.4 1 0
github.com/Ashes47/braids/internal/core/store/claudecode/claudecode.go:464.3,464.26 1 1
github.com/Ashes47/braids/internal/core/store/claudecode/claudecode.go:466.2,466.19 1 1
github.com/Ashes47/braids/internal/core/store/claudecode/merge.go:16.96,18.16 2 3
github.com/Ashes47/braids/internal/core/store/claudecode/merge.go:18.16,20.3 1 0
github.com/Ashes47/braids/internal/core/store/claudecode/merge.go:21.2,29.8 3 3
github.com/Ashes47/braids/internal/core/store/claudecode/merge.go:42.89,44.16 2 8
github.com/Ashes47/braids/internal/core/store/claudecode/merge.go:44.16,46.3 1 2
github.com/Ashes47/braids/internal/core/store/claudecode/merge.go:47.2,48.22 2 6
github.com/Ashes47/braids/internal/core/store/claudecode/merge.go:48.22,50.3 1 1
github.com/Ashes47/braids/internal/core/store/claudecode/merge.go:54.2,54.62 1 5
github.com/Ashes47/braids/internal/core/store/claudecode/merge.go:54.62,58.3 1 1
github.com/Ashes47/braids/internal/core/store/claudecode/merge.go:60.2,61.16 2 4
github.com/Ashes47/braids/internal/core/store/claudecode/merge.go:61.16,63.3 1 0
github.com/Ashes47/braids/internal/core/store/claudecode/merge.go:64.2,65.78 2 4
github.com/Ashes47/braids/internal/core/store/claudecode/merge.go:65.78,67.3 1 0
github.com/Ashes47/braids/internal/core/store/claudecode/merge.go:68.2,69.16 2 4
github.com/Ashes47/braids/internal/core/store/claudecode/merge.go:69.16,71.3 1 0
github.com/Ashes47/braids/internal/core/store/claudecode/merge.go:72.2,82.8 1 4
github.com/Ashes47/braids/internal/core/store/claudecode/merge.go:86.37,87.22 1 1
github.com/Ashes47/braids/internal/core/store/claudecode/merge.go:87.22,89.3 1 1
github.com/Ashes47/braids/internal/core/store/claudecode/merge.go:90.2,90.22 1 0
github.com/Ashes47/braids/internal/core/store/claudecode/merge.go:90.22,92.3 1 0
github.com/Ashes47/braids/internal/core/store/claudecode/merge.go:93.2,93.16 1 0
github.com/Ashes47/braids/internal/core/store/claudecode/merge.go:96.74,97.52 1 11
github.com/Ashes47/braids/internal/core/store/claudecode/merge.go:97.52,99.3 1 1
github.com/Ashes47/braids/internal/core/store/claudecode/merge.go:100.2,100.36 1 10
github.com/Ashes47/braids/internal/core/store/claudecode/merge.go:100.36,102.3 1 1
github.com/Ashes47/braids/internal/core/store/claudecode/merge.go:103.2,103.54 1 9
github.com/Ashes47/braids/internal/core/store/claudecode/merge.go:103.54,105.3 1 0
github.com/Ashes47/braids/internal/core/store/claudecode/merge.go:106.2,106.62 1 9
github.com/Ashes47/braids/internal/core/store/claudecode/merge.go:106.62,108.3 1 0
github.com/Ashes47/braids/internal/core/store/claudecode/merge.go:109.2,109.28 1 9
github.com/Ashes47/braids/internal/core/store/claudecode/merge.go:114.59,116.25 2 17
github.com/Ashes47/braids/internal/core/store/claudecode/merge.go:116.25,117.19 1 61
github.com/Ashes47/braids/internal/core/store/claudecode/merge.go:117.19,119.4 1 58
github.com/Ashes47/braids/internal/core/store/claudecode/merge.go:121.2,121.29 1 17
github.com/Ashes47/braids/internal/core/store/claudecode/merge.go:121.29,122.10 1 61
github.com/Ashes47/braids/internal/core/store/claudecode/merge.go:123.21,124.12 1 3
github.com/Ashes47/braids/internal/core/store/claudecode/merge.go:125.23,126.30 1 34
github.com/Ashes47/braids/internal/core/store/claudecode/merge.go:127.11,128.30 1 24
github.com/Ashes47/braids/internal/core/store/claudecode/merge.go:131.2,131.23 1 17
github.com/Ashes47/braids/internal/core/store/claudecode/merge.go:136.35,138.26 2 9
github.com/Ashes47/braids/internal/core/store/claudecode/merge.go:138.26,140.39 2 19
github.com/Ashes47/braids/internal/core/store/claudecode/merge.go:140.39,141.12 1 0
github.com/Ashes47/braids/internal/core/store/claudecode/merge.go:143.3,143.35 1 19
github.com/Ashes47/braids/internal/core/store/claudecode/merge.go:143.35,145.4 1 19
github.com/Ashes47/braids/internal/core/store/claudecode/merge.go:147.2,147.10 1 9
github.com/Ashes47/braids/internal/core/store/claudecode/merge.go:150.92,152.16 2 4
github.com/Ashes47/braids/internal/core/store/claudecode/merge.go:152.16,154.3 1 0
github.com/Ashes47/braids/internal/core/store/claudecode/merge.go:155.2,158.21 3 4
github.com/Ashes47/braids/internal/core/store/claudecode/merge.go:158.21,159.17 1 4
github.com/Ashes47/braids/internal/core/store/claudecode/merge.go:159.17,163.18 2 3
github.com/Ashes47/braids/internal/core/store/claudecode/merge.go:163.18,165.5 1 0
github.com/Ashes47/braids/internal/core/store/claudecode/merge.go:166.4,166.61 1 3
github.com/Ashes47/braids/internal/core/store/claudecode/merge.go:166.61,168.5 1 0
github.com/Ashes47/braids/internal/core/store/claudecode/merge.go:171.3,172.26 2 4
github.com/Ashes47/braids/internal/core/store/claudecode/merge.go:172.26,173.36 1 16
github.com/Ashes47/braids/internal/core/store/claudecode/merge.go:173.36,175.5 1 0
github.com/Ashes47/braids/internal/core/store/claudecode/merge.go:181.4,181.20 1 16
github.com/Ashes47/braids/internal/core/store/claudecode/merge.go:181.20,182.13 1 2
github.com/Ashes47/braids/internal/core/store/claudecode/merge.go:184.4,185.18 2 14
github.com/Ashes47/braids/internal/core/store/claudecode/merge.go:185.18,187.5 1 0
github.com/Ashes47/braids/internal/core/store/claudecode/merge.go:188.4,188.64 1 14
github.com/Ashes47/braids/internal/core/store/claudecode/merge.go:188.64,190.5 1 0
github.com/Ashes47/braids/internal/core/store/claudecode/merge.go:191.4,191.20 1 14
github.com/Ashes47/braids/internal/core/store/claudecode/merge.go:191.20,193.5 1 14
github.com/Ashes47/braids/internal/core/store/claudecode/merge.go:195.3,195.17 1 4
github.com/Ashes47/braids/internal/core/store/claudecode/merge.go:195.17,197.4 1 0
github.com/Ashes47/braids/internal/core/store/claudecode/merge.go:201.3,202.28 2 4
github.com/Ashes47/braids/internal/core/store/claudecode/merge.go:202.28,203.36 1 7
github.com/Ashes47/braids/internal/core/store/claudecode/merge.go:203.36,205.5 1 0
github.com/Ashes47/braids/internal/core/store/claudecode/merge.go:206.4,207.18 2 7
github.com/Ashes47/braids/internal/core/store/claudecode/merge.go:207.18,209.5 1 0
github.com/Ashes47/braids/internal/core/store/claudecode/merge.go:210.4,213.43 3 7
github.com/Ashes47/braids/internal/core/store/claudecode/merge.go:213.43,215.5 1 3
github.com/Ashes47/braids/internal/core/store/claudecode/merge.go:216.4,217.18 2 7
github.com/Ashes47/braids/internal/core/store/claudecode/merge.go:217.18,219.5 1 0
github.com/Ashes47/braids/internal/core/store/claudecode/merge.go:220.4,220.64 1 7
github.com/Ashes47/braids/internal/core/store/claudecode/merge.go:220.64,222.5 1 0
github.com/Ashes47/braids/internal/core/store/claudecode/merge.go:223.4,223.16 1 7
github.com/Ashes47/braids/internal/core/store/claudecode/merge.go:226.3,229.17 2 4
github.com/Ashes47/braids/internal/core/store/claudecode/merge.go:229.17,231.4 1 0
github.com/Ashes47/braids/internal/core/store/claudecode/merge.go:232.3,233.13 2 4
github.com/Ashes47/braids/internal/core/store/claudecode/merge.go:235.2,235.16 1 4
github.com/Ashes47/braids/internal/core/store/claudecode/merge.go:235.16,237.3 1 0
github.com/Ashes47/braids/internal/core/store/claudecode/merge.go:238.2,238.36 1 4
github.com/Ashes47/braids/internal/core/store/claudecode/merge.go:238.36,240.3 1 0
github.com/Ashes47/braids/internal/core/store/claudecode/merge.go:241.2,241.49 1 4
github.com/Ashes47/braids/internal/core/store/claudecode/merge.go:241.49,243.3 1 0
github.com/Ashes47/braids/internal/core/store/claudecode/merge.go:244.2,244.12 1 4
github.com/Ashes47/braids/internal/core/store/claudecode/merge.go:248.74,250.9 2 7
github.com/Ashes47/braids/internal/core/store/claudecode/merge.go:250.9,252.3 1 0
github.com/Ashes47/braids/internal/core/store/claudecode/merge.go:253.2,256.4 1 7
github.com/Ashes47/braids/internal/core/store/claudecode/merge.go:256.4,257.26 1 28
github.com/Ashes47/braids/internal/core/store/claudecode/merge.go:257.26,258.43 1 7
github.com/Ashes47/braids/internal/core/store/claudecode/merge.go:258.43,259.13 1 7
github.com/Ashes47/braids/internal/core/store/claudecode/merge.go:262.3,263.17 2 21
github.com/Ashes47/braids/internal/core/store/claudecode/merge.go:263.17,265.4 1 0
github.com/Ashes47/braids/internal/core/store/claudecode/merge.go:266.3,266.24 1 21
github.com/Ashes47/braids/internal/core/store/claudecode/merge.go:270.2,273.16 3 7
github.com/Ashes47/braids/internal/core/store/claudecode/merge.go:273.16,275.3 1 0
github.com/Ashes47/braids/internal/core/store/claudecode/merge.go:276.2,276.17 1 7
github.com/Ashes47/braids/internal/core/store/claudecode/subagents.go:29.92,32.36 3 4
github.com/Ashes47/braids/internal/core/store/claudecode/subagents.go:32.36,34.3 1 1
github.com/Ashes47/braids/internal/core/store/claudecode/subagents.go:35.2,35.16 1 3
github.com/Ashes47/braids/internal/core/store/claudecode/subagents.go:35.16,37.3 1 0
github.com/Ashes47/braids/internal/core/store/claudecode/subagents.go:39.2,40.28 2 3
github.com/Ashes47/braids/internal/core/store/claudecode/subagents.go:40.28,41.35 1 6
github.com/Ashes47/braids/internal/core/store/claudecode/subagents.go:41.35,43.4 1 0
github.com/Ashes47/braids/internal/core/store/claudecode/subagents.go:44.3,45.54 2 6
github.com/Ashes47/braids/internal/core/store/claudecode/subagents.go:45.54,46.12 1 3
github.com/Ashes47/braids/internal/core/store/claudecode/subagents.go:48.3,52.85 4 3
github.com/Ashes47/braids/internal/core/store/claudecode/subagents.go:52.85,55.4 2 3
github.com/Ashes47/braids/internal/core/store/claudecode/subagents.go:56.3,57.27 2 3
github.com/Ashes47/braids/internal/core/store/claudecode/subagents.go:59.2,59.17 1 3
github.com/Ashes47/braids/internal/core/store/claudecode/subagents.go:62.58,64.16 2 3
github.com/Ashes47/braids/internal/core/store/claudecode/subagents.go:64.16,66.3 1 0
github.com/Ashes47/braids/internal/core/store/claudecode/subagents.go:67.2,68.52 2 3
github.com/Ashes47/braids/internal/core/store/claudecode/subagents.go:68.52,70.3 1 0
github.com/Ashes47/braids/internal/core/store/claudecode/subagents.go:71.2,71.18 1 3
github.com/Ashes47/braids/internal/core/store/claudecode/subagents.go:76.37,78.16 2 3
github.com/Ashes47/braids/internal/core/store/claudecode/subagents.go:78.16,80.3 1 0
github.com/Ashes47/braids/internal/core/store/claudecode/subagents.go:81.2,85.16 4 3
github.com/Ashes47/braids/internal/core/store/claudecode/subagents.go:85.16,87.44 2 6
github.com/Ashes47/braids/internal/core/store/claudecode/subagents.go:87.44,88.12 1 0
github.com/Ashes47/braids/internal/core/store/claudecode/subagents.go:90.3,90.35 1 6
github.com/Ashes47/braids/internal/core/store/claudecode/subagents.go:90.35,92.4 1 6
github.com/Ashes47/braids/internal/core/store/claudecode/subagents.go:94.2,94.10 1 3
github.com/Ashes47/braids/cmd/braids/main.go:73.13,74.52 1 0
github.com/Ashes47/braids/cmd/braids/main.go:74.52,77.3 2 0
github.com/Ashes47/braids/cmd/braids/main.go:80.44,82.20 2 16
github.com/Ashes47/braids/cmd/braids/main.go:82.20,84.3 1 0
github.com/Ashes47/braids/cmd/braids/main.go:85.2,85.17 1 16
github.com/Ashes47/braids/cmd/braids/main.go:86.13,87.31 1 1
github.com/Ashes47/braids/cmd/braids/main.go:88.15,89.33 1 3
github.com/Ashes47/braids/cmd/braids/main.go:90.16,91.34 1 8
github.com/Ashes47/braids/cmd/braids/main.go:92.15,93.33 1 1
github.com/Ashes47/braids/cmd/braids/main.go:94.16,95.34 1 0
github.com/Ashes47/braids/cmd/braids/main.go:96.17,97.35 1 0
github.com/Ashes47/braids/cmd/braids/main.go:98.15,99.33 1 0
github.com/Ashes47/braids/cmd/braids/main.go:100.16,101.34 1 0
github.com/Ashes47/braids/cmd/braids/main.go:102.17,104.19 2 0
github.com/Ashes47/braids/cmd/braids/main.go:105.30,107.19 2 2
github.com/Ashes47/braids/cmd/braids/main.go:108.10,109.70 1 1
github.com/Ashes47/braids/cmd/braids/main.go:117.67,119.6 2 8
github.com/Ashes47/braids/cmd/braids/main.go:119.6,120.40 1 16
github.com/Ashes47/braids/cmd/braids/main.go:120.40,122.4 1 0
github.com/Ashes47/braids/cmd/braids/main.go:123.3,124.21 2 16
github.com/Ashes47/braids/cmd/braids/main.go:124.21,126.4 1 8
github.com/Ashes47/braids/cmd/braids/main.go:127.3,128.18 2 8
github.com/Ashes47/braids/cmd/braids/main.go:133.34,134.42 1 0
github.com/Ashes47/braids/cmd/braids/main.go:134.42,136.3 1 0
github.com/Ashes47/braids/cmd/braids/main.go:137.2,138.16 2 0
github.com/Ashes47/braids/cmd/braids/main.go:138.16,140.3 1 0
github.com/Ashes47/braids/cmd/braids/main.go:141.2,142.48 2 0
github.com/Ashes47/braids/cmd/braids/main.go:142.48,144.3 1 0
github.com/Ashes47/braids/cmd/braids/main.go:145.2,145.44 1 0
github.com/Ashes47/braids/cmd/braids/main.go:149.47,150.18 1 11
github.com/Ashes47/braids/cmd/braids/main.go:150.18,152.3 1 11
github.com/Ashes47/braids/cmd/braids/main.go:153.2,153.20 1 0
github.com/Ashes47/braids/cmd/braids/main.go:157.53,159.16 2 10
github.com/Ashes47/braids/cmd/braids/main.go:159.16,161.3 1 0
github.com/Ashes47/braids/cmd/braids/main.go:162.2,162.25 1 10
github.com/Ashes47/braids/cmd/braids/main.go:165.48,174.39 9 1
github.com/Ashes47/braids/cmd/braids/main.go:174.39,176.3 1 0
github.com/Ashes47/braids/cmd/braids/main.go:177.2,178.16 2 1
github.com/Ashes47/braids/cmd/braids/main.go:178.16,180.3 1 0
github.com/Ashes47/braids/cmd/braids/main.go:181.2,182.16 2 1
github.com/Ashes47/braids/cmd/braids/main.go:182.16,184.3 1 0
github.com/Ashes47/braids/cmd/braids/main.go:185.2,189.16 4 1
github.com/Ashes47/braids/cmd/braids/main.go:189.16,191.3 1 0
github.com/Ashes47/braids/cmd/braids/main.go:192.2,193.16 2 1
github.com/Ashes47/braids/cmd/braids/main.go:193.16,195.3 1 0
github.com/Ashes47/braids/cmd/braids/main.go:198.2,199.13 2 1
github.com/Ashes47/braids/cmd/braids/main.go:199.13,200.44 1 1
github.com/Ashes47/braids/cmd/braids/main.go:200.44,203.4 2 1
github.com/Ashes47/braids/cmd/braids/main.go:205.2,206.16 2 1
github.com/Ashes47/braids/cmd/braids/main.go:206.16,208.3 1 0
github.com/Ashes47/braids/cmd/braids/main.go:209.2,210.16 2 1
github.com/Ashes47/braids/cmd/braids/main.go:210.16,212.3 1 0
github.com/Ashes47/braids/cmd/braids/main.go:213.2,214.16 2 1
github.com/Ashes47/braids/cmd/braids/main.go:214.16,216.3 1 0
github.com/Ashes47/braids/cmd/braids/main.go:217.2,224.60 3 1
github.com/Ashes47/braids/cmd/braids/main.go:224.60,226.18 2 0
github.com/Ashes47/braids/cmd/braids/main.go:226.18,228.5 1 0
github.com/Ashes47/braids/cmd/braids/main.go:229.4,230.54 2 0
github.com/Ashes47/braids/cmd/braids/main.go:232.60,234.18 2 0
github.com/Ashes47/braids/cmd/braids/main.go:234.18,236.5 1 0
github.com/Ashes47/braids/cmd/braids/main.go:237.4,238.18 2 0
github.com/Ashes47/braids/cmd/braids/main.go:238.18,240.5 1 0
github.com/Ashes47/braids/cmd/braids/main.go:241.4,241.23 1 0
github.com/Ashes47/braids/cmd/braids/main.go:243.42,245.18 2 0
github.com/Ashes47/braids/cmd/braids/main.go:245.18,247.5 1 0
github.com/Ashes47/braids/cmd/braids/main.go:248.4,248.31 1 0
github.com/Ashes47/braids/cmd/braids/main.go:250.71,252.4 1 0
github.com/Ashes47/braids/cmd/braids/main.go:253.67,255.4 1 0
github.com/Ashes47/braids/cmd/braids/main.go:256.57,258.4 1 0
github.com/Ashes47/braids/cmd/braids/main.go:259.73,261.4 1 0
github.com/Ashes47/braids/cmd/braids/main.go:266.43,267.18 1 0
github.com/Ashes47/braids/cmd/braids/main.go:267.18,269.5 1 0
github.com/Ashes47/braids/cmd/braids/main.go:270.4,270.34 1 0
github.com/Ashes47/braids/cmd/braids/main.go:272.53,273.16 1 0
github.com/Ashes47/braids/cmd/braids/main.go:273.16,275.5 1 0
github.com/Ashes47/braids/cmd/braids/main.go:276.4,276.31 1 0
github.com/Ashes47/braids/cmd/braids/main.go:278.46,280.4 1 0
github.com/Ashes47/braids/cmd/braids/main.go:281.50,283.4 1 0
github.com/Ashes47/braids/cmd/braids/main.go:284.42,286.55 1 0
github.com/Ashes47/braids/cmd/braids/main.go:286.55,288.5 1 0
github.com/Ashes47/braids/cmd/braids/main.go:289.4,289.21 1 0
github.com/Ashes47/braids/cmd/braids/main.go:291.34,294.4 2 0
github.com/Ashes47/braids/cmd/braids/main.go:296.54,298.4 1 0
github.com/Ashes47/braids/cmd/braids/main.go:301.58,303.4 1 0
github.com/Ashes47/braids/cmd/braids/main.go:304.86,306.18 2 0
github.com/Ashes47/braids/cmd/braids/main.go:306.18,308.5 1 0
github.com/Ashes47/braids/cmd/braids/main.go:309.4,309.17 1 0
github.com/Ashes47/braids/cmd/braids/main.go:309.17,312.56 1 0
github.com/Ashes47/braids/cmd/braids/main.go:312.56,314.6 1 0
github.com/Ashes47/braids/cmd/braids/main.go:316.4,316.18 1 0
github.com/Ashes47/braids/cmd/braids/main.go:318.42,319.64 1 0
github.com/Ashes47/braids/cmd/braids/main.go:319.64,321.5 1 0
github.com/Ashes47/braids/cmd/braids/main.go:322.4,322.61 1 0
github.com/Ashes47/braids/cmd/braids/main.go:325.2,325.13 1 1
github.com/Ashes47/braids/cmd/braids/main.go:325.13,327.3 1 1
github.com/Ashes47/braids/cmd/braids/main.go:328.2,329.16 2 0
github.com/Ashes47/braids/cmd/braids/main.go:329.16,331.3 1 0
github.com/Ashes47/braids/cmd/braids/main.go:332.2,333.18 2 0
github.com/Ashes47/braids/cmd/braids/main.go:336.50,342.39 6 3
github.com/Ashes47/braids/cmd/braids/main.go:342.39,344.3 1 0
github.com/Ashes47/braids/cmd/braids/main.go:346.2,347.15 2 3
github.com/Ashes47/braids/cmd/braids/main.go:347.15,349.54 2 0
github.com/Ashes47/braids/cmd/braids/main.go:349.54,351.4 1 0
github.com/Ashes47/braids/cmd/braids/main.go:353.2,354.16 2 3
github.com/Ashes47/braids/cmd/braids/main.go:354.16,356.3 1 0
github.com/Ashes47/braids/cmd/braids/main.go:357.2,361.11 4 3
github.com/Ashes47/braids/cmd/braids/main.go:361.11,363.3 1 0
github.com/Ashes47/braids/cmd/braids/main.go:364.2,365.16 2 3
github.com/Ashes47/braids/cmd/braids/main.go:365.16,367.3 1 0
github.com/Ashes47/braids/cmd/braids/main.go:368.2,370.18 2 3
github.com/Ashes47/braids/cmd/braids/main.go:373.51,381.16 8 8
github.com/Ashes47/braids/cmd/braids/main.go:381.16,383.3 1 0
github.com/Ashes47/braids/cmd/braids/main.go:384.2,385.36 2 8
github.com/Ashes47/braids/cmd/braids/main.go:385.36,387.3 1 1
github.com/Ashes47/braids/cmd/braids/main.go:388.2,389.16 2 7
github.com/Ashes47/braids/cmd/braids/main.go:389.16,391.3 1 1
github.com/Ashes47/braids/cmd/braids/main.go:393.2,394.16 2 6
github.com/Ashes47/braids/cmd/braids/main.go:394.16,396.3 1 0
github.com/Ashes47/braids/cmd/braids/main.go:397.2,402.16 4 6
github.com/Ashes47/braids/cmd/braids/main.go:402.16,404.3 1 0
github.com/Ashes47/braids/cmd/braids/main.go:405.2,405.20 1 6
github.com/Ashes47/braids/cmd/braids/main.go:405.20,408.3 2 1
github.com/Ashes47/braids/cmd/braids/main.go:410.2,411.25 2 5
github.com/Ashes47/braids/cmd/braids/main.go:411.25,413.92 1 7
github.com/Ashes47/braids/cmd/braids/main.go:413.92,415.4 1 0
github.com/Ashes47/braids/cmd/braids/main.go:417.2,417.35 1 5
github.com/Ashes47/braids/cmd/braids/main.go:417.35,419.3 1 0
github.com/Ashes47/braids/cmd/braids/main.go:420.2,421.18 2 5
github.com/Ashes47/braids/cmd/braids/main.go:424.51,431.39 7 0
github.com/Ashes47/braids/cmd/braids/main.go:431.39,433.3 1 0
github.com/Ashes47/braids/cmd/braids/main.go:434.2,434.32 1 0
github.com/Ashes47/braids/cmd/braids/main.go:434.32,436.3 1 0
github.com/Ashes47/braids/cmd/braids/main.go:438.2,439.16 2 0
github.com/Ashes47/braids/cmd/braids/main.go:439.16,441.3 1 0
github.com/Ashes47/braids/cmd/braids/main.go:442.2,443.16 2 0
github.com/Ashes47/braids/cmd/braids/main.go:443.16,445.3 1 0
github.com/Ashes47/braids/cmd/braids/main.go:446.2,450.16 4 0
github.com/Ashes47/braids/cmd/braids/main.go:450.16,452.3 1 0
github.com/Ashes47/braids/cmd/braids/main.go:453.2,454.16 2 0
github.com/Ashes47/braids/cmd/braids/main.go:454.16,456.3 1 0
github.com/Ashes47/braids/cmd/braids/main.go:460.2,460.16 1 0
github.com/Ashes47/braids/cmd/braids/main.go:460.16,462.17 2 0
github.com/Ashes47/braids/cmd/braids/main.go:462.17,464.4 1 0
github.com/Ashes47/braids/cmd/braids/main.go:465.3,465.48 1 0
github.com/Ashes47/braids/cmd/braids/main.go:465.48,467.4 1 0
github.com/Ashes47/braids/cmd/braids/main.go:469.2,470.16 2 0
github.com/Ashes47/braids/cmd/braids/main.go:470.16,472.3 1 0
github.com/Ashes47/braids/cmd/braids/main.go:473.2,473.16 1 0
github.com/Ashes47/braids/cmd/braids/main.go:473.16,474.57 1 0
github.com/Ashes47/braids/cmd/braids/main.go:474.57,476.4 1 0
github.com/Ashes47/braids/cmd/braids/main.go:479.2,480.16 2 0
github.com/Ashes47/braids/cmd/braids/main.go:480.16,482.3 1 0
github.com/Ashes47/braids/cmd/braids/main.go:483.2,483.62 1 0
github.com/Ashes47/braids/cmd/braids/main.go:483.62,485.3 1 0
github.com/Ashes47/braids/cmd/braids/main.go:486.2,487.16 2 0
github.com/Ashes47/braids/cmd/braids/main.go:487.16,489.3 1 0
github.com/Ashes47/braids/cmd/braids/main.go:490.2,493.18 3 0
github.com/Ashes47/braids/cmd/braids/main.go:498.149,500.16 2 0
github.com/Ashes47/braids/cmd/braids/main.go:500.16,502.3 1 0
github.com/Ashes47/braids/cmd/braids/main.go:503.2,504.16 2 0
github.com/Ashes47/braids/cmd/braids/main.go:504.16,506.3 1 0
github.com/Ashes47/braids/cmd/braids/main.go:507.2,508.25 2 0
github.com/Ashes47/braids/cmd/braids/main.go:508.25,509.20 1 0
github.com/Ashes47/braids/cmd/braids/main.go:509.20,511.9 2 0
github.com/Ashes47/braids/cmd/braids/main.go:514.2,514.18 1 0
github.com/Ashes47/braids/cmd/braids/main.go:514.18,516.3 1 0
github.com/Ashes47/braids/cmd/braids/main.go:517.2,518.16 2 0
github.com/Ashes47/braids/cmd/braids/main.go:518.16,520.3 1 0
github.com/Ashes47/braids/cmd/braids/main.go:521.2,524.16 2 0
github.com/Ashes47/braids/cmd/braids/main.go:524.16,526.3 1 0
github.com/Ashes47/braids/cmd/braids/main.go:529.2,529.96 1 0
github.com/Ashes47/braids/cmd/braids/main.go:529.96,531.3 1 0
github.com/Ashes47/braids/cmd/braids/main.go:532.2,532.23 1 0
github.com/Ashes47/braids/cmd/braids/main.go:536.46,538.2 1 4
github.com/Ashes47/braids/cmd/braids/main.go:541.44,542.15 1 0
github.com/Ashes47/braids/cmd/braids/main.go:542.15,544.3 1 0
github.com/Ashes47/braids/cmd/braids/main.go:545.2,545.18 1 0
github.com/Ashes47/braids/cmd/braids/main.go:548.52,553.39 5 0
github.com/Ashes47/braids/cmd/braids/main.go:553.39,555.3 1 0
github.com/Ashes47/braids/cmd/braids/main.go:556.2,556.20 1 0
github.com/Ashes47/braids/cmd/braids/main.go:556.20,558.3 1 0
github.com/Ashes47/braids/cmd/braids/main.go:559.2,560.16 2 0
github.com/Ashes47/braids/cmd/braids/main.go:560.16,562.3 1 0
github.com/Ashes47/braids/cmd/braids/main.go:563.2,564.16 2 0
github.com/Ashes47/braids/cmd/braids/main.go:564.16,566.3 1 0
github.com/Ashes47/braids/cmd/braids/main.go:567.2,571.16 4 0
github.com/Ashes47/braids/cmd/braids/main.go:571.16,573.3 1 0
github.com/Ashes47/braids/cmd/braids/main.go:574.2,575.16 2 0
github.com/Ashes47/braids/cmd/braids/main.go:575.16,577.3 1 0
github.com/Ashes47/braids/cmd/braids/main.go:578.2,579.16 2 0
github.com/Ashes47/braids/cmd/braids/main.go:579.16,581.3 1 0
github.com/Ashes47/braids/cmd/braids/main.go:582.2,583.16 2 0
github.com/Ashes47/braids/cmd/braids/main.go:583.16,585.3 1 0
github.com/Ashes47/braids/cmd/braids/main.go:586.2,587.16 2 0
github.com/Ashes47/braids/cmd/braids/main.go:587.16,589.3 1 0
github.com/Ashes47/braids/cmd/braids/main.go:590.2,592.18 2 0
github.com/Ashes47/braids/cmd/braids/main.go:596.83,597.22 1 0
github.com/Ashes47/braids/cmd/braids/main.go:597.22,599.3 1 0
github.com/Ashes47/braids/cmd/braids/main.go:600.2,600.15 1 0
github.com/Ashes47/braids/cmd/braids/main.go:600.15,601.23 1 0
github.com/Ashes47/braids/cmd/braids/main.go:601.23,603.4 1 0
github.com/Ashes47/braids/cmd/braids/main.go:604.3,604.104 1 0
github.com/Ashes47/braids/cmd/braids/main.go:606.2,607.27 2 0
github.com/Ashes47/braids/cmd/braids/main.go:607.27,608.35 1 0
github.com/Ashes47/braids/cmd/braids/main.go:608.35,610.4 1 0
github.com/Ashes47/braids/cmd/braids/main.go:612.2,612.20 1 0
github.com/Ashes47/braids/cmd/braids/main.go:613.9,614.76 1 0
github.com/Ashes47/braids/cmd/braids/main.go:615.9,616.23 1 0
github.com/Ashes47/braids/cmd/braids/main.go:617.10,618.85 1 0
github.com/Ashes47/braids/cmd/braids/main.go:622.51,626.39 4 0
github.com/Ashes47/braids/cmd/braids/main.go:626.39,628.3 1 0
github.com/Ashes47/braids/cmd/braids/main.go:629.2,629.20 1 0
github.com/Ashes47/braids/cmd/braids/main.go:629.20,631.3 1 0
github.com/Ashes47/braids/cmd/braids/main.go:632.2,633.16 2 0
github.com/Ashes47/braids/cmd/braids/main.go:633.16,635.3 1 0
github.com/Ashes47/braids/cmd/braids/main.go:636.2,640.16 4 0
github.com/Ashes47/braids/cmd/braids/main.go:640.16,642.3 1 0
github.com/Ashes47/braids/cmd/braids/main.go:643.2,644.16 2 0
github.com/Ashes47/braids/cmd/braids/main.go:644.16,646.3 1 0
github.com/Ashes47/braids/cmd/braids/main.go:647.2,647.22 1 0
github.com/Ashes47/braids/cmd/braids/main.go:647.22,650.3 2 0
github.com/Ashes47/braids/cmd/braids/main.go:651.2,653.27 3 0
github.com/Ashes47/braids/cmd/braids/main.go:653.27,656.3 1 0
github.com/Ashes47/braids/cmd/braids/main.go:657.2,657.25 1 0
github.com/Ashes47/braids/cmd/braids/main.go:657.25,658.48 1 0
github.com/Ashes47/braids/cmd/braids/main.go:658.48,660.4 1 0
github.com/Ashes47/braids/cmd/braids/main.go:662.2,662.35 1 0
github.com/Ashes47/braids/cmd/braids/main.go:662.35,664.3 1 0
github.com/Ashes47/braids/cmd/braids/main.go:665.2,665.18 1 0
github.com/Ashes47/braids/cmd/braids/main.go:668.50,675.39 7 0
github.com/Ashes47/braids/cmd/braids/main.go:675.39,677.3 1 0
github.com/Ashes47/braids/cmd/braids/main.go:678.2,678.38 1 0
github.com/Ashes47/braids/cmd/braids/main.go:678.38,680.3 1 0
github.com/Ashes47/braids/cmd/braids/main.go:681.2,682.16 2 0
github.com/Ashes47/braids/cmd/braids/main.go:682.16,684.3 1 0
github.com/Ashes47/braids/cmd/braids/main.go:685.2,686.16 2 0
github.com/Ashes47/braids/cmd/braids/main.go:686.16,688.3 1 0
github.com/Ashes47/braids/cmd/braids/main.go:689.2,693.16 4 0
github.com/Ashes47/braids/cmd/braids/main.go:693.16,695.3 1 0
github.com/Ashes47/braids/cmd/braids/main.go:696.2,697.16 2 0
github.com/Ashes47/braids/cmd/braids/main.go:697.16,699.3 1 0
github.com/Ashes47/braids/cmd/braids/main.go:700.2,704.16 4 0
github.com/Ashes47/braids/cmd/braids/main.go:704.16,706.3 1 0
github.com/Ashes47/braids/cmd/braids/main.go:707.2,710.24 2 0
github.com/Ashes47/braids/cmd/braids/main.go:710.24,712.3 1 0
github.com/Ashes47/braids/cmd/braids/main.go:713.2,713.10 1 0
github.com/Ashes47/braids/cmd/braids/main.go:713.10,715.3 1 0
github.com/Ashes47/braids/cmd/braids/main.go:717.2,718.16 2 0
github.com/Ashes47/braids/cmd/braids/main.go:718.16,720.3 1 0
github.com/Ashes47/braids/cmd/braids/main.go:721.2,721.45 1 0
github.com/Ashes47/braids/cmd/braids/main.go:721.45,723.3 1 0
github.com/Ashes47/braids/cmd/braids/main.go:724.2,725.18 2 0
github.com/Ashes47/braids/cmd/braids/main.go:729.114,731.16 2 0
github.com/Ashes47/braids/cmd/braids/main.go:731.16,733.3 1 0
github.com/Ashes47/braids/cmd/braids/main.go:734.2,734.85 1 0
github.com/Ashes47/braids/cmd/braids/main.go:738.106,740.16 2 0
github.com/Ashes47/braids/cmd/braids/main.go:740.16,742.3 1 0
github.com/Ashes47/braids/cmd/braids/main.go:743.2,744.16 2 0
github.com/Ashes47/braids/cmd/braids/main.go:744.16,746.3 1 0
github.com/Ashes47/braids/cmd/braids/main.go:747.2,747.27 1 0
github.com/Ashes47/braids/cmd/braids/main.go:751.30,752.13 1 0
github.com/Ashes47/braids/cmd/braids/main.go:752.13,754.3 1 0
github.com/Ashes47/braids/cmd/braids/main.go:755.2,755.10 1 0
github.com/Ashes47/braids/cmd/braids/main.go:760.110,762.16 2 0
github.com/Ashes47/braids/cmd/braids/main.go:762.16,764.3 1 0
github.com/Ashes47/braids/cmd/braids/main.go:765.2,765.27 1 0
github.com/Ashes47/braids/cmd/braids/main.go:765.27,766.22 1 0
github.com/Ashes47/braids/cmd/braids/main.go:766.22,767.12 1 0
github.com/Ashes47/braids/cmd/braids/main.go:769.3,771.17 2 0
github.com/Ashes47/braids/cmd/braids/main.go:771.17,773.4 1 0
github.com/Ashes47/braids/cmd/braids/main.go:774.3,774.32 1 0
github.com/Ashes47/braids/cmd/braids/main.go:776.2,776.83 1 0
github.com/Ashes47/braids/cmd/braids/main.go:781.138,783.16 2 0
github.com/Ashes47/braids/cmd/braids/main.go:783.16,785.3 1 0
github.com/Ashes47/braids/cmd/braids/main.go:786.2,786.27 1 0
github.com/Ashes47/braids/cmd/braids/main.go:786.27,787.22 1 0
github.com/Ashes47/braids/cmd/braids/main.go:787.22,788.12 1 0
github.com/Ashes47/braids/cmd/braids/main.go:790.3,791.17 2 0
github.com/Ashes47/braids/cmd/braids/main.go:791.17,793.4 1 0
github.com/Ashes47/braids/cmd/braids/main.go:794.3,795.17 2 0
github.com/Ashes47/braids/cmd/braids/main.go:795.17,797.4 1 0
github.com/Ashes47/braids/cmd/braids/main.go:801.3,801.101 1 0
github.com/Ashes47/braids/cmd/braids/main.go:801.101,803.4 1 0
github.com/Ashes47/braids/cmd/braids/main.go:804.3,804.22 1 0
github.com/Ashes47/braids/cmd/braids/main.go:806.2,806.82 1 0
github.com/Ashes47/braids/cmd/braids/main.go:812.102,814.16 2 0
github.com/Ashes47/braids/cmd/braids/main.go:814.16,816.3 1 0
github.com/Ashes47/braids/cmd/braids/main.go:817.2,818.17 2 0
github.com/Ashes47/braids/cmd/braids/main.go:818.17,820.3 1 0
github.com/Ashes47/braids/cmd/braids/main.go:821.2,825.16 2 0
github.com/Ashes47/braids/cmd/braids/main.go:825.16,827.3 1 0
github.com/Ashes47/braids/cmd/braids/main.go:828.2,828.27 1 0
github.com/Ashes47/braids/cmd/braids/main.go:828.27,830.3 1 0
github.com/Ashes47/braids/cmd/braids/main.go:831.2,831.25 1 0
github.com/Ashes47/braids/cmd/braids/main.go:836.102,838.16 2 0
github.com/Ashes47/braids/cmd/braids/main.go:838.16,840.3 1 0
github.com/Ashes47/braids/cmd/braids/main.go:841.2,841.29 1 0
github.com/Ashes47/braids/cmd/braids/main.go:841.29,843.3 1 0
github.com/Ashes47/braids/cmd/braids/main.go:844.2,845.17 2 0
github.com/Ashes47/braids/cmd/braids/main.go:845.17,847.3 1 0
github.com/Ashes47/braids/cmd/braids/main.go:848.2,849.16 2 0
github.com/Ashes47/braids/cmd/braids/main.go:849.16,851.3 1 0
github.com/Ashes47/braids/cmd/braids/main.go:852.2,852.27 1 0
github.com/Ashes47/braids/cmd/braids/main.go:852.27,854.3 1 0
github.com/Ashes47/braids/cmd/braids/main.go:855.2,855.25 1 0
github.com/Ashes47/braids/cmd/braids/main.go:865.35,866.15 1 2
github.com/Ashes47/braids/cmd/braids/main.go:866.15,868.3 1 1
github.com/Ashes47/braids/cmd/braids/main.go:869.2,870.50 2 1
github.com/Ashes47/braids/cmd/braids/main.go:870.50,873.3 2 1
github.com/Ashes47/braids/cmd/braids/main.go:874.2,874.12 1 0
github.com/Ashes47/braids/cmd/braids/main.go:877.119,879.16 2 0
github.com/Ashes47/braids/cmd/braids/main.go:879.16,881.3 1 0
github.com/Ashes47/braids/cmd/braids/main.go:882.2,883.22 2 0
github.com/Ashes47/braids/cmd/braids/main.go:883.22,885.3 1 0
github.com/Ashes47/braids/cmd/braids/main.go:891.2,891.89 1 0
github.com/Ashes47/braids/cmd/braids/main.go:891.89,893.3 1 0
github.com/Ashes47/braids/cmd/braids/main.go:894.2,894.21 1 0
github.com/Ashes47/braids/cmd/braids/main.go:898.41,900.42 2 6
github.com/Ashes47/braids/cmd/braids/main.go:900.42,901.10 1 62
github.com/Ashes47/braids/cmd/braids/main.go:902.51,903.24 1 46
github.com/Ashes47/braids/cmd/braids/main.go:904.47,905.26 1 7
github.com/Ashes47/braids/cmd/braids/main.go:908.2,909.19 2 6
github.com/Ashes47/braids/cmd/braids/main.go:909.19,911.3 1 4
github.com/Ashes47/braids/cmd/braids/main.go:914.2,914.32 1 2
github.com/Ashes47/braids/cmd/braids/main.go:914.32,916.3 1 2
github.com/Ashes47/braids/cmd/braids/main.go:917.2,917.17 1 0
github.com/Ashes47/braids/cmd/braids/main.go:925.111,927.17 2 1
github.com/Ashes47/braids/cmd/braids/main.go:927.17,929.3 1 1
github.com/Ashes47/braids/cmd/braids/main.go:930.2,930.35 1 0
github.com/Ashes47/braids/cmd/braids/main.go:930.35,932.17 2 0
github.com/Ashes47/braids/cmd/braids/main.go:932.17,934.4 1 0
github.com/Ashes47/braids/cmd/braids/main.go:935.3,936.17 2 0
github.com/Ashes47/braids/cmd/braids/main.go:936.17,938.4 1 0
github.com/Ashes47/braids/cmd/braids/main.go:939.3,940.16 2 0
github.com/Ashes47/braids/cmd/braids/main.go:940.16,942.4 1 0
github.com/Ashes47/braids/cmd/braids/main.go:943.3,944.17 2 0
github.com/Ashes47/braids/cmd/braids/main.go:944.17,946.4 1 0
github.com/Ashes47/braids/cmd/braids/main.go:947.3,947.39 1 0
github.com/Ashes47/braids/cmd/braids/main.go:953.89,955.16 2 0
github.com/Ashes47/braids/cmd/braids/main.go:955.16,957.3 1 0
github.com/Ashes47/braids/cmd/braids/main.go:958.2,959.26 2 0
github.com/Ashes47/braids/cmd/braids/main.go:959.26,960.35 1 0
github.com/Ashes47/braids/cmd/braids/main.go:960.35,962.4 1 0
github.com/Ashes47/braids/cmd/braids/main.go:964.2,964.20 1 0
github.com/Ashes47/braids/cmd/braids/main.go:965.9,966.77 1 0
github.com/Ashes47/braids/cmd/braids/main.go:967.9,968.23 1 0
github.com/Ashes47/braids/cmd/braids/main.go:969.10,970.106 1 0
github.com/Ashes47/braids/cmd/braids/main.go:974.50,978.39 4 1
github.com/Ashes47/braids/cmd/braids/main.go:978.39,980.3 1 0
github.com/Ashes47/braids/cmd/braids/main.go:981.2,982.16 2 1
github.com/Ashes47/braids/cmd/braids/main.go:982.16,984.3 1 0
github.com/Ashes47/braids/cmd/braids/main.go:985.2,988.16 3 1
github.com/Ashes47/braids/cmd/braids/main.go:988.16,990.3 1 0
github.com/Ashes47/braids/cmd/braids/main.go:991.2,991.21 1 1
github.com/Ashes47/braids/cmd/braids/main.go:991.21,994.3 2 0
github.com/Ashes47/braids/cmd/braids/main.go:995.2,997.26 3 1
github.com/Ashes47/braids/cmd/braids/main.go:997.26,1000.3 1 1
github.com/Ashes47/braids/cmd/braids/main.go:1001.2,1001.25 1 1
github.com/Ashes47/braids/cmd/braids/main.go:1001.25,1002.48 1 2
github.com/Ashes47/braids/cmd/braids/main.go:1002.48,1004.4 1 0
github.com/Ashes47/braids/cmd/braids/main.go:1006.2,1006.35 1 1
github.com/Ashes47/braids/cmd/braids/main.go:1006.35,1008.3 1 0
github.com/Ashes47/braids/cmd/braids/main.go:1009.2,1010.18 2 1
github.com/Ashes47/braids/cmd/braids/main.go:1015.53,1016.32 1 9
github.com/Ashes47/braids/cmd/braids/main.go:1016.32,1018.3 1 6
github.com/Ashes47/braids/cmd/braids/main.go:1019.2,1026.44 3 3
github.com/Ashes47/braids/cmd/braids/main.go:1026.44,1028.17 2 4
github.com/Ashes47/braids/cmd/braids/main.go:1028.17,1029.12 1 0
github.com/Ashes47/braids/cmd/braids/main.go:1031.3,1032.10 2 4
github.com/Ashes47/braids/cmd/braids/main.go:1032.10,1034.4 1 1
github.com/Ashes47/braids/cmd/braids/main.go:1035.3,1035.27 1 3
github.com/Ashes47/braids/cmd/braids/main.go:1037.2,1037.19 1 2
github.com/Ashes47/braids/cmd/braids/main.go:1040.36,1041.23 1 7
github.com/Ashes47/braids/cmd/braids/main.go:1041.23,1043.3 1 7
github.com/Ashes47/braids/cmd/braids/main.go:1044.2,1044.26 1 0
github.com/Ashes47/braids/cmd/braids/main.go:1047.36,1048.49 1 7
github.com/Ashes47/braids/cmd/braids/main.go:1048.49,1050.3 1 5
github.com/Ashes47/braids/cmd/braids/main.go:1051.2,1051.23 1 2
github.com/Ashes47/braids/cmd/braids/main.go:1054.32,1054.58 1 1
github.com/Ashes47/braids/cmd/braids/main.go:1056.31,1058.2 1 7
github.com/Ashes47/braids/cmd/braids/main.go:1060.39,1062.17 2 23
github.com/Ashes47/braids/cmd/braids/main.go:1062.17,1064.3 1 21
github.com/Ashes47/braids/cmd/braids/main.go:1065.2,1065.12 1 2
github.com/Ashes47/braids/cmd/braids/main.go:1065.12,1067.3 1 0
github.com/Ashes47/braids/cmd/braids/main.go:1068.2,1068.32 1 2
github.com/Ashes47/braids/cmd/braids/print.go:20.39,20.64 1 16
github.com/Ashes47/braids/cmd/braids/print.go:23.48,24.18 1 82
github.com/Ashes47/braids/cmd/braids/print.go:24.18,26.3 1 0
github.com/Ashes47/braids/cmd/braids/print.go:27.2,28.16 2 82
github.com/Ashes47/braids/cmd/braids/print.go:28.16,30.3 1 0
github.com/Ashes47/braids/cmd/braids/print.go:31.2,31.15 1 82
github.com/Ashes47/braids/cmd/braids/print.go:34.51,35.18 1 12
github.com/Ashes47/braids/cmd/braids/print.go:35.18,37.3 1 12
github.com/Ashes47/braids/cmd/braids/print.go:41.31,41.47 1 12
github.com/Ashes47/braids/internal/core/model/model.go:47.32,48.28 1 0
github.com/Ashes47/braids/internal/core/model/model.go:48.28,49.16 1 0
github.com/Ashes47/braids/internal/core/model/model.go:49.16,51.4 1 0
github.com/Ashes47/braids/internal/core/model/model.go:53.2,53.14 1 0
github.com/Ashes47/braids/internal/core/model/model.go:88.49,90.28 2 5
github.com/Ashes47/braids/internal/core/model/model.go:90.28,91.53 1 16
github.com/Ashes47/braids/internal/core/model/model.go:91.53,92.12 1 7
github.com/Ashes47/braids/internal/core/model/model.go:94.3,94.19 1 9
github.com/Ashes47/braids/internal/core/model/model.go:94.19,95.12 1 3
github.com/Ashes47/braids/internal/core/model/model.go:97.3,97.18 1 6
github.com/Ashes47/braids/internal/core/model/model.go:97.18,99.4 1 3
github.com/Ashes47/braids/internal/core/model/model.go:100.3,100.24 1 6
github.com/Ashes47/braids/internal/core/model/model.go:102.2,102.19 1 5
github.com/Ashes47/braids/internal/core/model/model.go:105.54,106.29 1 12
github.com/Ashes47/braids/internal/core/model/model.go:106.29,107.16 1 14
github.com/Ashes47/braids/internal/core/model/model.go:107.16,109.4 1 5
github.com/Ashes47/braids/internal/core/model/model.go:111.2,111.14 1 7
github.com/Ashes47/braids/internal/core/graph/graph.go:54.138,56.26 2 32
github.com/Ashes47/braids/internal/core/graph/graph.go:56.26,58.3 1 91
github.com/Ashes47/braids/internal/core/graph/graph.go:60.2,60.95 1 32
github.com/Ashes47/braids/internal/core/graph/graph.go:60.95,64.3 3 57
github.com/Ashes47/braids/internal/core/graph/graph.go:68.2,68.38 1 32
github.com/Ashes47/braids/internal/core/graph/graph.go:68.38,70.10 2 6
github.com/Ashes47/braids/internal/core/graph/graph.go:70.10,71.12 1 2
github.com/Ashes47/braids/internal/core/graph/graph.go:73.3,74.13 2 4
github.com/Ashes47/braids/internal/core/graph/graph.go:74.13,75.12 1 0
github.com/Ashes47/braids/internal/core/graph/graph.go:77.3,78.25 2 4
github.com/Ashes47/braids/internal/core/graph/graph.go:81.2,82.15 2 32
github.com/Ashes47/braids/internal/core/graph/graph.go:99.117,101.26 2 32
github.com/Ashes47/braids/internal/core/graph/graph.go:101.26,105.40 4 84
github.com/Ashes47/braids/internal/core/graph/graph.go:105.40,107.4 1 62
github.com/Ashes47/braids/internal/core/graph/graph.go:109.2,109.13 1 32
github.com/Ashes47/braids/internal/core/graph/graph.go:113.58,114.24 1 27
github.com/Ashes47/braids/internal/core/graph/graph.go:114.24,116.3 1 1
github.com/Ashes47/braids/internal/core/graph/graph.go:117.2,118.51 2 26
github.com/Ashes47/braids/internal/core/graph/graph.go:118.51,120.3 1 26
github.com/Ashes47/braids/internal/core/graph/graph.go:121.2,121.28 1 0
github.com/Ashes47/braids/internal/core/graph/graph.go:132.158,135.36 3 4
github.com/Ashes47/braids/internal/core/graph/graph.go:135.36,136.33 1 6
github.com/Ashes47/braids/internal/core/graph/graph.go:136.33,138.4 1 4
github.com/Ashes47/braids/internal/core/graph/graph.go:139.3,141.10 3 2
github.com/Ashes47/braids/internal/core/graph/graph.go:141.10,143.4 1 0
github.com/Ashes47/braids/internal/core/graph/graph.go:146.3,147.21 2 2
github.com/Ashes47/braids/internal/core/graph/graph.go:149.2,149.21 1 0
github.com/Ashes47/braids/internal/core/graph/graph.go:154.82,156.29 2 32
github.com/Ashes47/braids/internal/core/graph/graph.go:156.29,157.35 1 460
github.com/Ashes47/braids/internal/core/graph/graph.go:157.35,159.4 1 454
github.com/Ashes47/braids/internal/core/graph/graph.go:162.2,163.34 2 32
github.com/Ashes47/braids/internal/core/graph/graph.go:163.34,164.24 1 114
github.com/Ashes47/braids/internal/core/graph/graph.go:164.24,165.40 1 454
github.com/Ashes47/braids/internal/core/graph/graph.go:165.40,167.29 2 899
github.com/Ashes47/braids/internal/core/graph/graph.go:167.29,168.14 1 171
github.com/Ashes47/braids/internal/core/graph/graph.go:170.5,170.28 1 728
github.com/Ashes47/braids/internal/core/graph/graph.go:170.28,172.6 1 618
github.com/Ashes47/braids/internal/core/graph/graph.go:173.5,175.17 3 728
github.com/Ashes47/braids/internal/core/graph/graph.go:175.17,178.6 2 84
github.com/Ashes47/braids/internal/core/graph/graph.go:179.5,181.32 3 728
github.com/Ashes47/braids/internal/core/graph/graph.go:185.2,185.14 1 32
github.com/Ashes47/braids/internal/core/graph/graph.go:190.126,191.41 1 84
github.com/Ashes47/braids/internal/core/graph/graph.go:191.41,191.68 1 0
github.com/Ashes47/braids/internal/core/graph/graph.go:192.2,192.41 1 84
github.com/Ashes47/braids/internal/core/graph/graph.go:192.41,192.68 1 84
github.com/Ashes47/braids/internal/core/graph/graph.go:194.2,197.79 2 84
github.com/Ashes47/braids/internal/core/graph/graph.go:197.79,198.34 1 83
github.com/Ashes47/braids/internal/core/graph/graph.go:198.34,200.4 1 0
github.com/Ashes47/braids/internal/core/graph/graph.go:201.3,201.18 1 83
github.com/Ashes47/braids/internal/core/graph/graph.go:205.2,207.9 3 1
github.com/Ashes47/braids/internal/core/graph/graph.go:208.31,209.18 1 0
github.com/Ashes47/braids/internal/core/graph/graph.go:210.31,211.18 1 1
github.com/Ashes47/braids/internal/core/graph/graph.go:216.2,216.9 1 0
github.com/Ashes47/braids/internal/core/graph/graph.go:217.32,218.30 1 0
github.com/Ashes47/braids/internal/core/graph/graph.go:218.30,220.4 1 0
github.com/Ashes47/braids/internal/core/graph/graph.go:221.3,221.18 1 0
github.com/Ashes47/braids/internal/core/graph/graph.go:222.35,223.18 1 0
github.com/Ashes47/braids/internal/core/graph/graph.go:224.10,225.18 1 0
github.com/Ashes47/braids/internal/core/graph/graph.go:231.57,233.2 1 2
github.com/Ashes47/braids/internal/core/graph/graph.go:237.22,238.27 1 32
github.com/Ashes47/braids/internal/core/graph/graph.go:238.27,239.43 1 91
github.com/Ashes47/braids/internal/core/graph/graph.go:239.43,242.4 2 0
github.com/Ashes47/braids/internal/core/graph/graph.go:244.2,244.27 1 32
github.com/Ashes47/braids/internal/core/graph/graph.go:244.27,245.43 1 91
github.com/Ashes47/braids/internal/core/graph/graph.go:245.43,247.4 1 58
github.com/Ashes47/braids/internal/core/graph/graph.go:247.9,249.4 1 33
github.com/Ashes47/braids/internal/core/graph/graph.go:251.2,252.27 2 32
github.com/Ashes47/braids/internal/core/graph/graph.go:252.27,254.3 1 91
github.com/Ashes47/braids/internal/core/graph/graph.go:255.2,255.28 1 32
github.com/Ashes47/braids/internal/core/graph/graph.go:255.28,257.3 1 33
github.com/Ashes47/braids/internal/core/graph/graph.go:261.42,263.72 2 58
github.com/Ashes47/braids/internal/core/graph/graph.go:263.72,264.24 1 60
github.com/Ashes47/braids/internal/core/graph/graph.go:264.24,266.4 1 0
github.com/Ashes47/braids/internal/core/graph/graph.go:267.3,267.27 1 60
github.com/Ashes47/braids/internal/core/graph/graph.go:269.2,269.14 1 58
github.com/Ashes47/braids/internal/core/graph/graph.go:272.38,274.31 2 91
github.com/Ashes47/braids/internal/core/graph/graph.go:274.31,276.3 1 58
github.com/Ashes47/braids/internal/core/graph/graph.go:281.31,282.46 1 123
github.com/Ashes47/braids/internal/core/graph/graph.go:282.46,283.58 1 26
github.com/Ashes47/braids/internal/core/graph/graph.go:283.58,285.4 1 26
github.com/Ashes47/braids/internal/core/graph/graph.go:286.3,286.45 1 0
github.com/Ashes47/braids/internal/core/graph/graph.go:291.36,294.23 3 1
github.com/Ashes47/braids/internal/core/graph/graph.go:294.23,296.32 2 3
github.com/Ashes47/braids/internal/core/graph/graph.go:296.32,298.4 1 2
github.com/Ashes47/braids/internal/core/graph/graph.go:300.2,300.28 1 1
github.com/Ashes47/braids/internal/core/graph/graph.go:300.28,302.3 1 1
github.com/Ashes47/braids/internal/core/graph/graph.go:303.2,303.12 1 1
github.com/Ashes47/braids/internal/core/graph/spine.go:54.47,55.20 1 8
github.com/Ashes47/braids/internal/core/graph/spine.go:55.20,57.3 1 1
github.com/Ashes47/braids/internal/core/graph/spine.go:58.2,60.25 3 7
github.com/Ashes47/braids/internal/core/graph/spine.go:60.25,63.3 2 30
github.com/Ashes47/braids/internal/core/graph/spine.go:65.2,67.25 3 7
github.com/Ashes47/braids/internal/core/graph/spine.go:67.25,69.3 1 25
github.com/Ashes47/braids/internal/core/graph/spine.go:70.2,74.18 4 7
github.com/Ashes47/braids/internal/core/graph/spine.go:74.18,75.19 1 17
github.com/Ashes47/braids/internal/core/graph/spine.go:76.10,76.10 0 10
github.com/Ashes47/braids/internal/core/graph/spine.go:77.10,83.6 2 4
github.com/Ashes47/braids/internal/core/graph/spine.go:84.11,85.38 1 3
github.com/Ashes47/braids/internal/core/graph/spine.go:87.3,87.12 1 17
github.com/Ashes47/braids/internal/core/graph/spine.go:89.2,89.25 1 7
github.com/Ashes47/braids/internal/core/graph/spine.go:89.25,91.43 2 25
github.com/Ashes47/braids/internal/core/graph/spine.go:91.43,93.12 2 15
github.com/Ashes47/braids/internal/core/graph/spine.go:95.3,104.5 2 10
github.com/Ashes47/braids/internal/core/graph/spine.go:106.2,107.12 2 7
github.com/Ashes47/braids/internal/core/graph/spine.go:120.40,121.14 1 25
github.com/Ashes47/braids/internal/core/graph/spine.go:121.14,123.3 1 1
github.com/Ashes47/braids/internal/core/graph/spine.go:124.2,124.52 1 24
[...]
github.com/Ashes47/braids/internal/tui/spineview.go:176.2,176.42 1 57
github.com/Ashes47/braids/internal/tui/spineview.go:179.37,180.19 1 68
github.com/Ashes47/braids/internal/tui/spineview.go:180.19,182.3 1 0
github.com/Ashes47/braids/internal/tui/spineview.go:183.2,183.20 1 68
github.com/Ashes47/braids/internal/tui/spineview.go:183.20,185.3 1 0
github.com/Ashes47/braids/internal/tui/spineview.go:186.2,186.19 1 68
github.com/Ashes47/braids/internal/tui/spineview.go:186.19,188.3 1 0
github.com/Ashes47/braids/internal/tui/spineview.go:189.2,190.90 1 68
github.com/Ashes47/braids/internal/tui/spineview.go:195.34,196.47 1 36
github.com/Ashes47/braids/internal/tui/spineview.go:196.47,198.3 1 0
github.com/Ashes47/braids/internal/tui/spineview.go:199.2,199.52 1 36
github.com/Ashes47/braids/internal/tui/spineview.go:204.57,205.24 1 39
github.com/Ashes47/braids/internal/tui/spineview.go:205.24,207.3 1 0
github.com/Ashes47/braids/internal/tui/spineview.go:208.2,210.25 3 39
github.com/Ashes47/braids/internal/tui/spineview.go:210.25,211.67 1 3
github.com/Ashes47/braids/internal/tui/spineview.go:211.67,213.4 1 3
github.com/Ashes47/braids/internal/tui/spineview.go:215.2,215.24 1 39
github.com/Ashes47/braids/internal/tui/spineview.go:215.24,216.63 1 2
github.com/Ashes47/braids/internal/tui/spineview.go:216.63,218.4 1 2
github.com/Ashes47/braids/internal/tui/spineview.go:220.2,221.28 2 39
github.com/Ashes47/braids/internal/tui/spineview.go:221.28,223.3 1 1
github.com/Ashes47/braids/internal/tui/spineview.go:224.2,226.10 3 39
github.com/Ashes47/braids/internal/tui/spineview.go:230.35,231.30 1 6
github.com/Ashes47/braids/internal/tui/spineview.go:231.30,235.3 3 2
github.com/Ashes47/braids/internal/tui/spineview.go:236.2,238.10 3 4
github.com/Ashes47/braids/internal/tui/spineview.go:241.54,243.21 2 79
github.com/Ashes47/braids/internal/tui/spineview.go:243.21,245.3 1 10
github.com/Ashes47/braids/internal/tui/spineview.go:246.2,246.23 1 69
github.com/Ashes47/braids/internal/tui/spineview.go:246.23,250.3 3 23
github.com/Ashes47/braids/internal/tui/spineview.go:251.2,251.13 1 46
github.com/Ashes47/braids/internal/tui/spineview.go:252.39,253.23 1 6
github.com/Ashes47/braids/internal/tui/spineview.go:253.23,256.4 2 1
github.com/Ashes47/braids/internal/tui/spineview.go:257.3,257.29 1 5
github.com/Ashes47/braids/internal/tui/spineview.go:258.11,259.28 1 4
github.com/Ashes47/braids/internal/tui/spineview.go:260.11,261.31 1 1
github.com/Ashes47/braids/internal/tui/spineview.go:262.29,263.23 1 5
github.com/Ashes47/braids/internal/tui/spineview.go:263.23,265.4 1 1
github.com/Ashes47/braids/internal/tui/spineview.go:266.3,267.23 2 4
github.com/Ashes47/braids/internal/tui/spineview.go:267.23,269.4 1 3
github.com/Ashes47/braids/internal/tui/spineview.go:270.3,270.22 1 1
github.com/Ashes47/braids/internal/tui/spineview.go:270.22,273.4 2 0
github.com/Ashes47/braids/internal/tui/spineview.go:274.3,274.41 1 1
github.com/Ashes47/braids/internal/tui/spineview.go:275.19,276.47 1 10
github.com/Ashes47/braids/internal/tui/spineview.go:277.17,278.48 1 2
github.com/Ashes47/braids/internal/tui/spineview.go:279.19,280.15 1 0
github.com/Ashes47/braids/internal/tui/spineview.go:281.18,282.32 1 0
github.com/Ashes47/braids/internal/tui/spineview.go:283.26,284.33 1 0
github.com/Ashes47/braids/internal/tui/spineview.go:285.24,286.33 1 0
github.com/Ashes47/braids/internal/tui/spineview.go:287.11,288.25 1 1
github.com/Ashes47/braids/internal/tui/spineview.go:289.11,290.30 1 12
github.com/Ashes47/braids/internal/tui/spineview.go:291.11,292.32 1 0
github.com/Ashes47/braids/internal/tui/spineview.go:293.11,295.16 2 1
github.com/Ashes47/braids/internal/tui/spineview.go:296.11,298.30 2 2
github.com/Ashes47/braids/internal/tui/spineview.go:299.11,301.30 2 0
github.com/Ashes47/braids/internal/tui/spineview.go:302.11,303.48 1 2
github.com/Ashes47/braids/internal/tui/spineview.go:304.11,305.49 1 0
github.com/Ashes47/braids/internal/tui/spineview.go:307.2,308.15 2 15
github.com/Ashes47/braids/internal/tui/spineview.go:311.30,313.14 2 43
github.com/Ashes47/braids/internal/tui/spineview.go:313.14,315.3 1 0
github.com/Ashes47/braids/internal/tui/spineview.go:316.2,316.32 1 43
github.com/Ashes47/braids/internal/tui/spineview.go:316.32,318.3 1 0
github.com/Ashes47/braids/internal/tui/spineview.go:319.2,319.18 1 43
github.com/Ashes47/braids/internal/tui/spineview.go:319.18,321.3 1 0
github.com/Ashes47/braids/internal/tui/spineview.go:322.2,323.25 2 43
github.com/Ashes47/braids/internal/tui/spineview.go:323.25,325.3 1 0
github.com/Ashes47/braids/internal/tui/spineview.go:326.2,326.28 1 43
github.com/Ashes47/braids/internal/tui/spineview.go:326.28,328.3 1 0
github.com/Ashes47/braids/internal/tui/spineview.go:329.2,329.18 1 43
github.com/Ashes47/braids/internal/tui/spineview.go:329.18,331.3 1 0
github.com/Ashes47/braids/internal/tui/spineview.go:334.37,345.9 10 31
github.com/Ashes47/braids/internal/tui/spineview.go:346.20,349.32 3 1
github.com/Ashes47/braids/internal/tui/spineview.go:349.32,351.4 1 7
github.com/Ashes47/braids/internal/tui/spineview.go:352.27,355.32 3 4
github.com/Ashes47/braids/internal/tui/spineview.go:355.32,357.4 1 28
github.com/Ashes47/braids/internal/tui/spineview.go:358.10,361.61 3 26
github.com/Ashes47/braids/internal/tui/spineview.go:361.61,367.66 4 96
github.com/Ashes47/braids/internal/tui/spineview.go:367.66,371.5 3 3
github.com/Ashes47/braids/internal/tui/spineview.go:373.3,373.36 1 26
github.com/Ashes47/braids/internal/tui/spineview.go:373.36,375.4 1 110
github.com/Ashes47/braids/internal/tui/spineview.go:377.2,380.19 4 31
github.com/Ashes47/braids/internal/tui/spineview.go:384.36,392.15 6 3
github.com/Ashes47/braids/internal/tui/spineview.go:392.15,394.3 1 1
github.com/Ashes47/braids/internal/tui/spineview.go:395.2,396.17 2 3
github.com/Ashes47/braids/internal/tui/spineview.go:396.17,399.3 1 1
github.com/Ashes47/braids/internal/tui/spineview.go:400.2,403.29 1 3
github.com/Ashes47/braids/internal/tui/spineview.go:408.37,410.9 2 31
github.com/Ashes47/braids/internal/tui/spineview.go:411.23,412.32 1 1
github.com/Ashes47/braids/internal/tui/spineview.go:413.22,415.15 2 17
github.com/Ashes47/braids/internal/tui/spineview.go:415.15,417.4 1 10
github.com/Ashes47/braids/internal/tui/spineview.go:418.3,418.38 1 17
github.com/Ashes47/braids/internal/tui/spineview.go:419.10,420.47 1 13
github.com/Ashes47/braids/internal/tui/spineview.go:424.43,425.25 1 4
github.com/Ashes47/braids/internal/tui/spineview.go:425.25,427.3 1 1
github.com/Ashes47/braids/internal/tui/spineview.go:428.2,428.41 1 3
github.com/Ashes47/braids/internal/tui/spineview.go:431.36,433.16 2 31
github.com/Ashes47/braids/internal/tui/spineview.go:433.16,435.3 1 0
github.com/Ashes47/braids/internal/tui/spineview.go:436.2,437.25 2 31
github.com/Ashes47/braids/internal/tui/spineview.go:437.25,439.3 1 2
github.com/Ashes47/braids/internal/tui/spineview.go:440.2,440.88 1 31
github.com/Ashes47/braids/internal/tui/spineview.go:444.35,446.2 1 31
github.com/Ashes47/braids/internal/tui/spineview.go:448.36,450.35 2 261
github.com/Ashes47/braids/internal/tui/spineview.go:450.35,451.30 1 923
github.com/Ashes47/braids/internal/tui/spineview.go:451.30,454.4 2 191
github.com/Ashes47/braids/internal/tui/spineview.go:456.2,459.27 4 261
github.com/Ashes47/braids/internal/tui/spineview.go:459.27,461.3 1 24
github.com/Ashes47/braids/internal/tui/spineview.go:462.2,468.14 2 261
github.com/Ashes47/braids/internal/tui/spineview.go:476.36,488.2 3 261
github.com/Ashes47/braids/internal/tui/spineview.go:492.38,502.2 2 261
github.com/Ashes47/braids/internal/tui/spineview.go:510.48,511.9 1 265
github.com/Ashes47/braids/internal/tui/spineview.go:512.32,513.16 1 71
github.com/Ashes47/braids/internal/tui/spineview.go:514.19,515.43 1 133
github.com/Ashes47/braids/internal/tui/spineview.go:516.17,517.46 1 1
github.com/Ashes47/braids/internal/tui/spineview.go:518.10,519.68 1 60
github.com/Ashes47/braids/internal/tui/spineview.go:523.38,526.19 3 31
github.com/Ashes47/braids/internal/tui/spineview.go:526.19,528.3 1 0
github.com/Ashes47/braids/internal/tui/spineview.go:529.2,529.103 1 31
github.com/Ashes47/braids/internal/tui/spineview.go:538.66,540.9 2 96
github.com/Ashes47/braids/internal/tui/spineview.go:541.23,542.40 1 1
github.com/Ashes47/braids/internal/tui/spineview.go:543.24,544.42 1 0
github.com/Ashes47/braids/internal/tui/spineview.go:545.23,546.40 1 6
github.com/Ashes47/braids/internal/tui/spineview.go:547.10,548.42 1 89
github.com/Ashes47/braids/internal/tui/spineview.go:550.2,550.14 1 96
github.com/Ashes47/braids/internal/tui/spineview.go:550.14,552.3 1 26
github.com/Ashes47/braids/internal/tui/spineview.go:553.2,553.15 1 70
github.com/Ashes47/braids/internal/tui/spineview.go:560.73,566.14 4 1
github.com/Ashes47/braids/internal/tui/spineview.go:566.14,568.3 1 0
github.com/Ashes47/braids/internal/tui/spineview.go:569.2,573.22 3 1
github.com/Ashes47/braids/internal/tui/spineview.go:577.27,579.17 2 9
github.com/Ashes47/braids/internal/tui/spineview.go:579.17,581.3 1 3
github.com/Ashes47/braids/internal/tui/spineview.go:582.2,583.30 2 6
github.com/Ashes47/braids/internal/tui/spineview.go:583.30,584.33 1 36
github.com/Ashes47/braids/internal/tui/spineview.go:584.33,586.4 1 8
github.com/Ashes47/braids/internal/tui/spineview.go:587.3,587.23 1 36
github.com/Ashes47/braids/internal/tui/spineview.go:589.2,589.20 1 6
github.com/Ashes47/braids/internal/tui/spineview.go:594.72,600.18 5 0
github.com/Ashes47/braids/internal/tui/spineview.go:600.18,602.3 1 0
github.com/Ashes47/braids/internal/tui/spineview.go:603.2,604.19 2 0
github.com/Ashes47/braids/internal/tui/spineview.go:604.19,606.3 1 0
github.com/Ashes47/braids/internal/tui/spineview.go:607.2,612.22 4 0
github.com/Ashes47/braids/internal/tui/spineview.go:617.64,620.16 3 6
github.com/Ashes47/braids/internal/tui/spineview.go:620.16,622.3 1 0
github.com/Ashes47/braids/internal/tui/spineview.go:623.2,627.19 4 6
github.com/Ashes47/braids/internal/tui/spineview.go:627.19,629.3 1 0
github.com/Ashes47/braids/internal/tui/spineview.go:630.2,635.22 4 6
github.com/Ashes47/braids/internal/tui/spineview.go:638.71,642.37 3 89
github.com/Ashes47/braids/internal/tui/spineview.go:642.37,644.3 1 19
github.com/Ashes47/braids/internal/tui/spineview.go:645.2,649.19 3 89
github.com/Ashes47/braids/internal/tui/spineview.go:649.19,651.3 1 0
github.com/Ashes47/braids/internal/tui/spineview.go:653.2,655.18 3 89
github.com/Ashes47/braids/internal/tui/spineview.go:656.20,658.59 2 21
github.com/Ashes47/braids/internal/tui/spineview.go:659.10,662.33 3 68
github.com/Ashes47/braids/internal/tui/spineview.go:662.33,664.4 1 45
github.com/Ashes47/braids/internal/tui/spineview.go:665.3,665.17 1 68
github.com/Ashes47/braids/internal/tui/spineview.go:665.17,667.4 1 1
github.com/Ashes47/braids/internal/tui/spineview.go:668.3,669.58 2 68
github.com/Ashes47/braids/internal/tui/spineview.go:669.58,672.4 2 0
github.com/Ashes47/braids/internal/tui/spineview.go:674.2,684.22 6 89
github.com/Ashes47/braids/internal/tui/spineview.go:688.36,692.21 2 12
github.com/Ashes47/braids/internal/tui/spineview.go:692.21,695.3 2 1
github.com/Ashes47/braids/internal/tui/spineview.go:696.2,696.44 1 11
github.com/Ashes47/braids/internal/tui/spineview.go:696.44,699.3 2 1
github.com/Ashes47/braids/internal/tui/spineview.go:700.2,701.21 2 10
github.com/Ashes47/braids/internal/tui/spineview.go:701.21,704.51 1 1
github.com/Ashes47/braids/internal/tui/spineview.go:704.51,709.4 4 1
github.com/Ashes47/braids/internal/tui/spineview.go:710.3,711.11 2 0
github.com/Ashes47/braids/internal/tui/spineview.go:713.2,713.21 1 9
github.com/Ashes47/braids/internal/tui/spineview.go:713.21,716.3 2 1
github.com/Ashes47/braids/internal/tui/spineview.go:717.2,718.30 2 8
github.com/Ashes47/braids/internal/tui/spineview.go:718.30,721.3 2 1
github.com/Ashes47/braids/internal/tui/spineview.go:722.2,724.10 3 7
github.com/Ashes47/braids/internal/tui/spineview.go:727.44,729.13 2 10
github.com/Ashes47/braids/internal/tui/spineview.go:730.13,731.27 1 0
github.com/Ashes47/braids/internal/tui/spineview.go:732.15,733.26 1 4
github.com/Ashes47/braids/internal/tui/spineview.go:734.13,735.30 1 4
github.com/Ashes47/braids/internal/tui/spineview.go:736.10,737.21 1 2
github.com/Ashes47/braids/internal/tui/spineview.go:739.2,739.10 1 2
github.com/Ashes47/braids/internal/tui/spineview.go:745.37,755.16 8 4
github.com/Ashes47/braids/internal/tui/spineview.go:755.16,758.3 2 1
github.com/Ashes47/braids/internal/tui/spineview.go:759.2,760.22 2 3
github.com/Ashes47/braids/internal/tui/spineview.go:760.22,762.17 2 0
github.com/Ashes47/braids/internal/tui/spineview.go:762.17,765.4 2 0
github.com/Ashes47/braids/internal/tui/spineview.go:766.3,766.22 1 0
github.com/Ashes47/braids/internal/tui/spineview.go:768.2,769.10 2 3
github.com/Ashes47/braids/internal/tui/spineview.go:775.41,777.17 2 4
github.com/Ashes47/braids/internal/tui/spineview.go:777.17,781.3 3 1
github.com/Ashes47/braids/internal/tui/spineview.go:782.2,782.26 1 3
github.com/Ashes47/braids/internal/tui/spineview.go:782.26,783.50 1 2
github.com/Ashes47/braids/internal/tui/spineview.go:783.50,786.4 2 1
github.com/Ashes47/braids/internal/tui/spineview.go:788.2,790.10 3 2
github.com/Ashes47/braids/internal/tui/spineview.go:795.40,796.15 1 6
github.com/Ashes47/braids/internal/tui/spineview.go:796.15,798.3 1 2
github.com/Ashes47/braids/internal/tui/spineview.go:799.2,799.18 1 4
github.com/Ashes47/braids/internal/tui/spineview.go:804.44,807.26 3 11
github.com/Ashes47/braids/internal/tui/spineview.go:807.26,809.33 2 45
github.com/Ashes47/braids/internal/tui/spineview.go:809.33,810.12 1 26
github.com/Ashes47/braids/internal/tui/spineview.go:812.3,813.20 2 19
github.com/Ashes47/braids/internal/tui/spineview.go:813.20,814.9 1 1
github.com/Ashes47/braids/internal/tui/spineview.go:817.2,817.19 1 11
github.com/Ashes47/braids/internal/tui/spineview.go:817.19,819.3 1 2
github.com/Ashes47/braids/internal/tui/spineview.go:820.2,820.31 1 9
github.com/Ashes47/braids/internal/tui/spineview.go:835.54,836.29 1 3
github.com/Ashes47/braids/internal/tui/spineview.go:836.29,839.3 2 0
github.com/Ashes47/braids/internal/tui/spineview.go:840.2,851.10 11 3
github.com/Ashes47/braids/internal/tui/spineview.go:855.48,856.9 1 3
github.com/Ashes47/braids/internal/tui/spineview.go:857.36,858.32 1 3
github.com/Ashes47/braids/internal/tui/spineview.go:859.20,860.16 1 0
github.com/Ashes47/braids/internal/tui/spineview.go:861.10,862.16 1 0
github.com/Ashes47/braids/internal/tui/spineview.go:872.34,875.21 3 4
github.com/Ashes47/braids/internal/tui/spineview.go:875.21,878.3 2 1
github.com/Ashes47/braids/internal/tui/spineview.go:879.2,879.46 1 3
github.com/Ashes47/braids/internal/tui/spineview.go:879.46,882.3 2 0
github.com/Ashes47/braids/internal/tui/spineview.go:883.2,884.16 2 3
github.com/Ashes47/braids/internal/tui/spineview.go:884.16,887.3 2 0
github.com/Ashes47/braids/internal/tui/spineview.go:891.2,891.15 1 3
github.com/Ashes47/braids/internal/tui/spineview.go:891.15,896.3 2 1
github.com/Ashes47/braids/internal/tui/spineview.go:897.2,897.18 1 2
github.com/Ashes47/braids/internal/tui/spineview.go:897.18,901.3 2 0
github.com/Ashes47/braids/internal/tui/spineview.go:902.2,906.10 3 2
github.com/Ashes47/braids/internal/tui/spineview.go:909.36,916.16 6 1
github.com/Ashes47/braids/internal/tui/spineview.go:916.16,919.3 2 0
github.com/Ashes47/braids/internal/tui/spineview.go:920.2,921.22 2 1
github.com/Ashes47/braids/internal/tui/spineview.go:921.22,922.59 1 0
github.com/Ashes47/braids/internal/tui/spineview.go:922.59,924.4 1 0
github.com/Ashes47/braids/internal/tui/spineview.go:926.2,927.10 2 1
github.com/Ashes47/braids/internal/tui/spineview.go:931.39,932.24 1 4
github.com/Ashes47/braids/internal/tui/spineview.go:932.24,934.3 1 4
github.com/Ashes47/braids/internal/tui/spineview.go:935.2,935.27 1 0
github.com/Ashes47/braids/internal/tui/spineview.go:940.37,943.21 3 1
github.com/Ashes47/braids/internal/tui/spineview.go:943.21,945.3 1 1
github.com/Ashes47/braids/internal/tui/spineview.go:945.8,945.49 1 0
github.com/Ashes47/braids/internal/tui/spineview.go:945.49,947.3 1 0
github.com/Ashes47/braids/internal/tui/spineview.go:948.2,948.19 1 1
github.com/Ashes47/braids/internal/tui/spineview.go:948.19,951.3 2 0
github.com/Ashes47/braids/internal/tui/spineview.go:952.2,952.22 1 1
github.com/Ashes47/braids/internal/tui/spineview.go:952.22,955.3 2 0
github.com/Ashes47/braids/internal/tui/spineview.go:956.2,957.16 2 1
github.com/Ashes47/braids/internal/tui/spineview.go:957.16,960.3 2 0
github.com/Ashes47/braids/internal/tui/spineview.go:961.2,962.22 2 1
github.com/Ashes47/braids/internal/tui/spineview.go:962.22,964.24 2 0
github.com/Ashes47/braids/internal/tui/spineview.go:964.24,967.4 2 0
github.com/Ashes47/braids/internal/tui/spineview.go:968.3,968.22 1 0
github.com/Ashes47/braids/internal/tui/spineview.go:970.2,971.10 2 1
github.com/Ashes47/braids/internal/tui/spineview.go:976.64,979.27 3 1
github.com/Ashes47/braids/internal/tui/spineview.go:979.27,980.75 1 5
github.com/Ashes47/braids/internal/tui/spineview.go:980.75,981.12 1 2
github.com/Ashes47/braids/internal/tui/spineview.go:983.3,983.28 1 3
github.com/Ashes47/braids/internal/tui/spineview.go:985.2,985.20 1 1
github.com/Ashes47/braids/internal/tui/spineview.go:989.47,990.30 1 1
github.com/Ashes47/braids/internal/tui/spineview.go:990.30,991.75 1 3
github.com/Ashes47/braids/internal/tui/spineview.go:991.75,993.4 1 1
github.com/Ashes47/braids/internal/tui/spineview.go:995.2,995.17 1 0
github.com/Ashes47/braids/internal/tui/spineview.go:1002.54,1003.34 1 13
github.com/Ashes47/braids/internal/tui/spineview.go:1003.34,1005.23 2 20
github.com/Ashes47/braids/internal/tui/spineview.go:1005.23,1007.4 1 12
github.com/Ashes47/braids/internal/tui/spineview.go:1009.2,1009.13 1 1
github.com/Ashes47/braids/internal/tui/spineview.go:1012.30,1015.2 1 20
github.com/Ashes47/braids/internal/tui/spineview.go:1018.42,1020.22 2 89
github.com/Ashes47/braids/internal/tui/spineview.go:1020.22,1022.3 1 1
github.com/Ashes47/braids/internal/tui/spineview.go:1023.2,1023.30 1 89
github.com/Ashes47/braids/internal/tui/spineview.go:1023.30,1024.22 1 63
github.com/Ashes47/braids/internal/tui/spineview.go:1024.22,1025.9 1 0
github.com/Ashes47/braids/internal/tui/spineview.go:1027.3,1027.63 1 63
github.com/Ashes47/braids/internal/tui/spineview.go:1029.2,1029.36 1 89
github.com/Ashes47/braids/internal/tui/spineview.go:1032.31,1032.78 1 91
github.com/Ashes47/braids/internal/tui/state.go:47.60,48.9 1 674
github.com/Ashes47/braids/internal/tui/state.go:49.58,50.20 1 595
github.com/Ashes47/braids/internal/tui/state.go:51.89,52.23 1 2
github.com/Ashes47/braids/internal/tui/state.go:53.48,54.25 1 2
github.com/Ashes47/braids/internal/tui/state.go:55.78,56.22 1 20
github.com/Ashes47/braids/internal/tui/state.go:57.37,58.22 1 2
github.com/Ashes47/braids/internal/tui/state.go:59.10,60.23 1 53
github.com/Ashes47/braids/internal/tui/state.go:65.55,66.28 1 611
github.com/Ashes47/braids/internal/tui/state.go:67.21,68.45 1 43
github.com/Ashes47/braids/internal/tui/state.go:69.37,71.14 1 2
github.com/Ashes47/braids/internal/tui/state.go:72.10,73.15 1 566
github.com/Ashes47/braids/internal/tui/state.go:79.78,80.15 1 104
github.com/Ashes47/braids/internal/tui/state.go:81.35,82.23 1 5
github.com/Ashes47/braids/internal/tui/state.go:83.37,84.24 1 0
github.com/Ashes47/braids/internal/tui/state.go:85.21,86.46 1 12
github.com/Ashes47/braids/internal/tui/state.go:86.46,88.4 1 8
github.com/Ashes47/braids/internal/tui/state.go:89.3,89.23 1 4
github.com/Ashes47/braids/internal/tui/state.go:90.10,91.23 1 87
github.com/Ashes47/braids/internal/tui/theme.go:40.35,41.11 1 91
github.com/Ashes47/braids/internal/tui/theme.go:41.11,43.3 1 91
github.com/Ashes47/braids/internal/tui/theme.go:44.2,44.175 1 0
github.com/Ashes47/braids/internal/tui/theme.go:72.41,74.45 2 90
github.com/Ashes47/braids/internal/tui/theme.go:74.45,74.63 1 630
github.com/Ashes47/braids/internal/tui/theme.go:76.2,105.3 8 90
