mode: atomic
github.com/Ashes47/braids/internal/core/sidecar/sidecar.go:27.50,30.54 3 5
github.com/Ashes47/braids/internal/core/sidecar/sidecar.go:30.54,32.3 1 2
github.com/Ashes47/braids/internal/core/sidecar/sidecar.go:33.2,33.16 1 3
github.com/Ashes47/braids/internal/core/sidecar/sidecar.go:33.16,35.3 1 0
github.com/Ashes47/braids/internal/core/sidecar/sidecar.go:36.2,36.57 1 3
github.com/Ashes47/braids/internal/core/sidecar/sidecar.go:36.57,40.3 1 1
github.com/Ashes47/braids/internal/core/sidecar/sidecar.go:41.2,41.15 1 3
github.com/Ashes47/braids/internal/core/sidecar/sidecar.go:45.39,45.59 1 2
github.com/Ashes47/braids/internal/core/sidecar/sidecar.go:48.46,51.2 2 1
github.com/Ashes47/braids/internal/core/sidecar/sidecar.go:54.41,57.2 2 2
github.com/Ashes47/braids/internal/core/sidecar/sidecar.go:61.51,64.2 2 2
github.com/Ashes47/braids/internal/core/sidecar/sidecar.go:67.45,70.2 2 1
github.com/Ashes47/braids/internal/core/sidecar/sidecar.go:72.34,74.16 2 3
github.com/Ashes47/braids/internal/core/sidecar/sidecar.go:74.16,76.3 1 0
github.com/Ashes47/braids/internal/core/sidecar/sidecar.go:77.2,77.65 1 3
github.com/Ashes47/braids/internal/core/sidecar/sidecar.go:77.65,79.3 1 0
github.com/Ashes47/braids/internal/core/sidecar/sidecar.go:80.2,81.16 2 3
github.com/Ashes47/braids/internal/core/sidecar/sidecar.go:81.16,83.3 1 0
github.com/Ashes47/braids/internal/core/sidecar/sidecar.go:84.2,86.43 2 3
github.com/Ashes47/braids/internal/core/sidecar/sidecar.go:86.43,88.3 1 0
github.com/Ashes47/braids/internal/core/sidecar/sidecar.go:89.2,89.36 1 3
github.com/Ashes47/braids/internal/core/sidecar/sidecar.go:89.36,91.3 1 0
github.com/Ashes47/braids/internal/core/sidecar/sidecar.go:92.2,92.54 1 3
github.com/Ashes47/braids/internal/core/sidecar/sidecar.go:92.54,94.3 1 0
github.com/Ashes47/braids/internal/core/sidecar/sidecar.go:95.2,95.12 1 3
github.com/Ashes47/braids/internal/launch/launch.go:29.57,30.72 1 7
github.com/Ashes47/braids/internal/launch/launch.go:30.72,32.3 1 3
github.com/Ashes47/braids/internal/launch/launch.go:33.2,33.23 1 4
github.com/Ashes47/braids/internal/launch/launch.go:33.23,35.3 1 1
github.com/Ashes47/braids/internal/launch/launch.go:36.2,36.40 1 3
github.com/Ashes47/braids/internal/launch/launch.go:36.40,38.3 1 1
github.com/Ashes47/braids/internal/launch/launch.go:39.2,39.16 1 2
github.com/Ashes47/braids/internal/launch/launch.go:44.65,46.15 2 0
github.com/Ashes47/braids/internal/launch/launch.go:46.15,48.3 1 0
github.com/Ashes47/braids/internal/launch/launch.go:49.2,49.16 1 0
github.com/Ashes47/braids/internal/launch/launch.go:49.16,51.3 1 0
github.com/Ashes47/braids/internal/launch/launch.go:52.2,52.51 1 0
github.com/Ashes47/braids/internal/launch/launch.go:58.63,60.2 1 0
github.com/Ashes47/braids/internal/launch/launch.go:63.46,65.15 2 1
github.com/Ashes47/braids/internal/launch/launch.go:65.15,67.3 1 1
github.com/Ashes47/braids/internal/launch/launch.go:68.2,81.10 1 1
github.com/Ashes47/braids/internal/launch/launch.go:86.45,87.68 1 3
github.com/Ashes47/braids/internal/launch/launch.go:87.68,94.3 2 2
github.com/Ashes47/braids/internal/launch/launch.go:99.69,105.9 5 2
github.com/Ashes47/braids/internal/launch/launch.go:106.54,109.13 1 0
github.com/Ashes47/braids/internal/launch/launch.go:110.18,111.64 1 1
github.com/Ashes47/braids/internal/launch/launch.go:111.64,113.4 1 1
github.com/Ashes47/braids/internal/launch/launch.go:114.3,114.41 1 0
github.com/Ashes47/braids/internal/launch/launch.go:116.2,116.12 1 1
github.com/Ashes47/braids/internal/launch/launch.go:119.33,120.45 1 1
github.com/Ashes47/braids/internal/launch/launch.go:120.45,122.3 1 0
github.com/Ashes47/braids/internal/launch/launch.go:123.2,123.10 1 1
github.com/Ashes47/braids/internal/launch/launch.go:127.40,129.2 1 2
github.com/Ashes47/braids/internal/launch/launch.go:132.34,134.2 1 1
github.com/Ashes47/braids/internal/launch/launch.go:137.29,137.54 1 0
github.com/Ashes47/braids/internal/core/watch/watch.go:33.41,35.16 2 5
github.com/Ashes47/braids/internal/core/watch/watch.go:35.16,37.3 1 0
github.com/Ashes47/braids/internal/core/watch/watch.go:38.2,43.42 2 5
github.com/Ashes47/braids/internal/core/watch/watch.go:43.42,45.3 1 0
github.com/Ashes47/braids/internal/core/watch/watch.go:46.2,47.15 2 5
github.com/Ashes47/braids/internal/core/watch/watch.go:52.45,52.65 1 6
github.com/Ashes47/braids/internal/core/watch/watch.go:55.33,56.19 1 7
github.com/Ashes47/braids/internal/core/watch/watch.go:56.19,56.36 1 5
github.com/Ashes47/braids/internal/core/watch/watch.go:57.2,57.21 1 7
github.com/Ashes47/braids/internal/core/watch/watch.go:62.48,63.39 1 5
github.com/Ashes47/braids/internal/core/watch/watch.go:63.39,65.3 1 0
github.com/Ashes47/braids/internal/core/watch/watch.go:66.2,67.16 2 5
github.com/Ashes47/braids/internal/core/watch/watch.go:67.16,69.3 1 0
github.com/Ashes47/braids/internal/core/watch/watch.go:70.2,70.28 1 5
github.com/Ashes47/braids/internal/core/watch/watch.go:70.28,71.17 1 5
github.com/Ashes47/braids/internal/core/watch/watch.go:71.17,72.12 1 0
github.com/Ashes47/braids/internal/core/watch/watch.go:76.3,76.46 1 5
github.com/Ashes47/braids/internal/core/watch/watch.go:78.2,78.12 1 5
github.com/Ashes47/braids/internal/core/watch/watch.go:81.25,83.19 2 5
github.com/Ashes47/braids/internal/core/watch/watch.go:83.19,85.3 1 0
github.com/Ashes47/braids/internal/core/watch/watch.go:86.2,88.6 2 5
github.com/Ashes47/braids/internal/core/watch/watch.go:88.6,89.10 1 33
github.com/Ashes47/braids/internal/core/watch/watch.go:90.17,91.10 1 5
github.com/Ashes47/braids/internal/core/watch/watch.go:93.35,94.11 1 24
github.com/Ashes47/braids/internal/core/watch/watch.go:94.11,96.5 1 0
github.com/Ashes47/braids/internal/core/watch/watch.go:99.4,99.55 1 24
github.com/Ashes47/braids/internal/core/watch/watch.go:99.55,101.5 1 1
github.com/Ashes47/braids/internal/core/watch/watch.go:102.4,102.27 1 24
github.com/Ashes47/braids/internal/core/watch/watch.go:102.27,103.13 1 1
github.com/Ashes47/braids/internal/core/watch/watch.go:105.4,105.16 1 23
github.com/Ashes47/braids/internal/core/watch/watch.go:105.16,107.5 1 4
github.com/Ashes47/braids/internal/core/watch/watch.go:107.10,107.28 1 19
github.com/Ashes47/braids/internal/core/watch/watch.go:107.28,108.12 1 0
github.com/Ashes47/braids/internal/core/watch/watch.go:109.20,109.20 0 0
github.com/Ashes47/braids/internal/core/watch/watch.go:110.13,110.13 0 0
github.com/Ashes47/braids/internal/core/watch/watch.go:113.4,113.23 1 23
github.com/Ashes47/braids/internal/core/watch/watch.go:115.18,117.11 2 4
github.com/Ashes47/braids/internal/core/watch/watch.go:118.33,118.33 0 4
github.com/Ashes47/braids/internal/core/watch/watch.go:119.12,119.12 0 0
github.com/Ashes47/braids/internal/core/watch/watch.go:122.22,122.22 0 0
github.com/Ashes47/braids/internal/core/watch/watch.go:130.45,131.32 1 24
github.com/Ashes47/braids/internal/core/watch/watch.go:131.32,133.3 1 0
github.com/Ashes47/braids/internal/core/watch/watch.go:134.2,134.69 1 24
github.com/Ashes47/braids/internal/core/watch/watch.go:137.30,140.2 2 7
github.com/Ashes47/braids/internal/core/trash/trash.go:45.36,45.66 1 3
github.com/Ashes47/braids/internal/core/trash/trash.go:51.27,51.52 1 8
github.com/Ashes47/braids/internal/core/trash/trash.go:55.68,62.49 3 8
github.com/Ashes47/braids/internal/core/trash/trash.go:62.49,64.3 1 0
github.com/Ashes47/braids/internal/core/trash/trash.go:66.2,66.29 1 8
github.com/Ashes47/braids/internal/core/trash/trash.go:66.29,68.37 2 11
github.com/Ashes47/braids/internal/core/trash/trash.go:68.37,69.12 1 2
github.com/Ashes47/braids/internal/core/trash/trash.go:71.3,71.17 1 9
github.com/Ashes47/braids/internal/core/trash/trash.go:71.17,73.4 1 0
github.com/Ashes47/braids/internal/core/trash/trash.go:74.3,75.45 2 9
github.com/Ashes47/braids/internal/core/trash/trash.go:75.45,79.4 1 0
github.com/Ashes47/braids/internal/core/trash/trash.go:80.3,81.34 2 9
github.com/Ashes47/braids/internal/core/trash/trash.go:83.2,83.27 1 8
github.com/Ashes47/braids/internal/core/trash/trash.go:83.27,85.3 1 1
github.com/Ashes47/braids/internal/core/trash/trash.go:86.2,86.51 1 7
github.com/Ashes47/braids/internal/core/trash/trash.go:86.51,88.3 1 0
github.com/Ashes47/braids/internal/core/trash/trash.go:89.2,89.19 1 7
github.com/Ashes47/braids/internal/core/trash/trash.go:93.39,95.36 2 7
github.com/Ashes47/braids/internal/core/trash/trash.go:95.36,97.3 1 0
github.com/Ashes47/braids/internal/core/trash/trash.go:98.2,98.16 1 7
github.com/Ashes47/braids/internal/core/trash/trash.go:98.16,100.3 1 0
github.com/Ashes47/braids/internal/core/trash/trash.go:101.2,102.25 2 7
github.com/Ashes47/braids/internal/core/trash/trash.go:102.25,103.17 1 5
github.com/Ashes47/braids/internal/core/trash/trash.go:103.17,104.12 1 0
github.com/Ashes47/braids/internal/core/trash/trash.go:106.3,107.17 2 5
github.com/Ashes47/braids/internal/core/trash/trash.go:107.17,108.12 1 0
github.com/Ashes47/braids/internal/core/trash/trash.go:110.3,110.27 1 5
github.com/Ashes47/braids/internal/core/trash/trash.go:112.2,112.38 1 7
github.com/Ashes47/braids/internal/core/trash/trash.go:112.38,112.75 1 1
github.com/Ashes47/braids/internal/core/trash/trash.go:113.2,113.17 1 7
github.com/Ashes47/braids/internal/core/trash/trash.go:117.38,118.63 1 2
github.com/Ashes47/braids/internal/core/trash/trash.go:118.63,120.3 1 0
github.com/Ashes47/braids/internal/core/trash/trash.go:121.2,121.12 1 2
github.com/Ashes47/braids/internal/core/trash/trash.go:126.57,128.16 2 2
github.com/Ashes47/braids/internal/core/trash/trash.go:128.16,130.3 1 0
github.com/Ashes47/braids/internal/core/trash/trash.go:131.2,133.28 3 2
github.com/Ashes47/braids/internal/core/trash/trash.go:133.28,134.30 1 2
github.com/Ashes47/braids/internal/core/trash/trash.go:134.30,135.12 1 1
github.com/Ashes47/braids/internal/core/trash/trash.go:137.3,137.39 1 1
github.com/Ashes47/braids/internal/core/trash/trash.go:137.39,139.4 1 0
github.com/Ashes47/braids/internal/core/trash/trash.go:140.3,141.19 2 1
github.com/Ashes47/braids/internal/core/trash/trash.go:143.2,143.25 1 2
github.com/Ashes47/braids/internal/core/trash/trash.go:146.51,148.16 2 7
github.com/Ashes47/braids/internal/core/trash/trash.go:148.16,150.3 1 0
github.com/Ashes47/braids/internal/core/trash/trash.go:151.2,151.80 1 7
github.com/Ashes47/braids/internal/core/trash/trash.go:151.80,153.3 1 0
github.com/Ashes47/braids/internal/core/trash/trash.go:154.2,154.12 1 7
github.com/Ashes47/braids/internal/core/trash/trash.go:157.46,159.16 2 7
github.com/Ashes47/braids/internal/core/trash/trash.go:159.16,161.3 1 1
github.com/Ashes47/braids/internal/core/trash/trash.go:162.2,163.53 2 6
github.com/Ashes47/braids/internal/core/trash/trash.go:163.53,165.3 1 0
github.com/Ashes47/braids/internal/core/trash/trash.go:166.2,166.19 1 6
github.com/Ashes47/braids/internal/core/trash/trash.go:170.42,172.35 2 2
github.com/Ashes47/braids/internal/core/trash/trash.go:172.35,173.69 1 4
github.com/Ashes47/braids/internal/core/trash/trash.go:173.69,175.12 2 0
github.com/Ashes47/braids/internal/core/trash/trash.go:177.3,177.55 1 4
github.com/Ashes47/braids/internal/core/trash/trash.go:177.55,179.4 1 0
github.com/Ashes47/braids/internal/core/trash/trash.go:181.2,181.23 1 2
github.com/Ashes47/braids/internal/core/trash/trash.go:181.23,183.3 1 0
github.com/Ashes47/braids/internal/core/trash/trash.go:184.2,184.53 1 2
github.com/Ashes47/braids/internal/core/trash/trash.go:188.53,190.16 2 2
github.com/Ashes47/braids/internal/core/trash/trash.go:190.16,192.3 1 1
github.com/Ashes47/braids/internal/core/trash/trash.go:193.2,193.32 1 1
github.com/Ashes47/braids/internal/core/trash/trash.go:197.50,198.19 1 9
github.com/Ashes47/braids/internal/core/trash/trash.go:198.19,200.3 1 7
github.com/Ashes47/braids/internal/core/trash/trash.go:201.2,202.76 2 2
github.com/Ashes47/braids/internal/core/trash/trash.go:202.76,203.30 1 6
github.com/Ashes47/braids/internal/core/trash/trash.go:203.30,205.4 1 4
github.com/Ashes47/braids/internal/core/trash/trash.go:206.3,206.38 1 2
github.com/Ashes47/braids/internal/core/trash/trash.go:206.38,208.4 1 2
github.com/Ashes47/braids/internal/core/trash/trash.go:209.3,209.13 1 2
github.com/Ashes47/braids/internal/core/trash/trash.go:211.2,211.14 1 2
github.com/Ashes47/braids/internal/core/store/claudecode/birthtime_darwin.go:13.44,15.9 2 27
github.com/Ashes47/braids/internal/core/store/claudecode/birthtime_darwin.go:15.9,17.3 1 0
github.com/Ashes47/braids/internal/core/store/claudecode/birthtime_darwin.go:18.2,18.63 1 27
github.com/Ashes47/braids/internal/core/store/claudecode/branch.go:29.91,30.25 1 6
github.com/Ashes47/braids/internal/core/store/claudecode/branch.go:30.25,32.3 1 1
github.com/Ashes47/braids/internal/core/store/claudecode/branch.go:33.2,34.16 2 5
github.com/Ashes47/braids/internal/core/store/claudecode/branch.go:34.16,36.3 1 0
github.com/Ashes47/braids/internal/core/store/claudecode/branch.go:37.2,38.16 2 5
github.com/Ashes47/braids/internal/core/store/claudecode/branch.go:38.16,40.3 1 1
github.com/Ashes47/braids/internal/core/store/claudecode/branch.go:42.2,43.16 2 4
github.com/Ashes47/braids/internal/core/store/claudecode/branch.go:43.16,45.3 1 0
github.com/Ashes47/braids/internal/core/store/claudecode/branch.go:46.2,47.72 2 4
github.com/Ashes47/braids/internal/core/store/claudecode/branch.go:47.72,49.3 1 0
github.com/Ashes47/braids/internal/core/store/claudecode/branch.go:51.2,52.16 2 4
github.com/Ashes47/braids/internal/core/store/claudecode/branch.go:52.16,54.3 1 0
github.com/Ashes47/braids/internal/core/store/claudecode/branch.go:55.2,64.8 1 4
github.com/Ashes47/braids/internal/core/store/claudecode/branch.go:74.45,76.16 2 6
github.com/Ashes47/braids/internal/core/store/claudecode/branch.go:76.16,78.3 1 0
github.com/Ashes47/braids/internal/core/store/claudecode/branch.go:79.2,83.16 4 6
github.com/Ashes47/braids/internal/core/store/claudecode/branch.go:83.16,86.49 3 32
github.com/Ashes47/braids/internal/core/store/claudecode/branch.go:86.49,88.12 2 0
github.com/Ashes47/braids/internal/core/store/claudecode/branch.go:90.3,90.72 1 32
github.com/Ashes47/braids/internal/core/store/claudecode/branch.go:92.2,92.33 1 6
github.com/Ashes47/braids/internal/core/store/claudecode/branch.go:92.33,94.3 1 0
github.com/Ashes47/braids/internal/core/store/claudecode/branch.go:95.2,95.17 1 6
github.com/Ashes47/braids/internal/core/store/claudecode/branch.go:101.69,104.26 3 5
github.com/Ashes47/braids/internal/core/store/claudecode/branch.go:104.26,105.19 1 30
github.com/Ashes47/braids/internal/core/store/claudecode/branch.go:105.19,106.12 1 5
github.com/Ashes47/braids/internal/core/store/claudecode/branch.go:108.3,109.23 2 25
github.com/Ashes47/braids/internal/core/store/claudecode/branch.go:109.23,111.4 1 4
github.com/Ashes47/braids/internal/core/store/claudecode/branch.go:113.2,113.12 1 5
github.com/Ashes47/braids/internal/core/store/claudecode/branch.go:113.12,115.3 1 1
github.com/Ashes47/braids/internal/core/store/claudecode/branch.go:117.2,118.65 2 4
github.com/Ashes47/braids/internal/core/store/claudecode/branch.go:118.65,120.3 1 11
github.com/Ashes47/braids/internal/core/store/claudecode/branch.go:121.2,121.18 1 4
github.com/Ashes47/braids/internal/core/store/claudecode/branch.go:124.126,126.16 2 4
github.com/Ashes47/braids/internal/core/store/claudecode/branch.go:126.16,128.3 1 0
github.com/Ashes47/braids/internal/core/store/claudecode/branch.go:129.2,132.29 3 4
github.com/Ashes47/braids/internal/core/store/claudecode/branch.go:132.29,134.17 2 6
github.com/Ashes47/braids/internal/core/store/claudecode/branch.go:134.17,136.4 1 0
github.com/Ashes47/braids/internal/core/store/claudecode/branch.go:137.3,138.13 2 6
github.com/Ashes47/braids/internal/core/store/claudecode/branch.go:141.2,141.21 1 4
github.com/Ashes47/braids/internal/core/store/claudecode/branch.go:141.21,142.21 1 4
github.com/Ashes47/braids/internal/core/store/claudecode/branch.go:142.21,145.19 1 2
github.com/Ashes47/braids/internal/core/store/claudecode/branch.go:145.19,147.5 1 0
github.com/Ashes47/braids/internal/core/store/claudecode/branch.go:149.3,149.27 1 4
github.com/Ashes47/braids/internal/core/store/claudecode/branch.go:149.27,150.36 1 24
github.com/Ashes47/braids/internal/core/store/claudecode/branch.go:150.36,152.5 1 0
github.com/Ashes47/braids/internal/core/store/claudecode/branch.go:153.4,153.37 1 24
github.com/Ashes47/braids/internal/core/store/claudecode/branch.go:153.37,154.13 1 13
github.com/Ashes47/braids/internal/core/store/claudecode/branch.go:156.4,157.18 2 11
github.com/Ashes47/braids/internal/core/store/claudecode/branch.go:157.18,159.5 1 0
github.com/Ashes47/braids/internal/core/store/claudecode/branch.go:160.4,160.64 1 11
github.com/Ashes47/braids/internal/core/store/claudecode/branch.go:160.64,162.5 1 0
github.com/Ashes47/braids/internal/core/store/claudecode/branch.go:165.3,167.5 1 4
github.com/Ashes47/braids/internal/core/store/claudecode/branch.go:169.2,169.16 1 4
github.com/Ashes47/braids/internal/core/store/claudecode/branch.go:169.16,171.3 1 0
github.com/Ashes47/braids/internal/core/store/claudecode/branch.go:172.2,172.36 1 4
github.com/Ashes47/braids/internal/core/store/claudecode/branch.go:172.36,174.3 1 0
github.com/Ashes47/braids/internal/core/store/claudecode/branch.go:175.2,175.49 1 4
github.com/Ashes47/braids/internal/core/store/claudecode/branch.go:175.49,177.3 1 0
github.com/Ashes47/braids/internal/core/store/claudecode/branch.go:178.2,178.12 1 4
github.com/Ashes47/braids/internal/core/store/claudecode/branch.go:182.57,184.9 2 11
github.com/Ashes47/braids/internal/core/store/claudecode/branch.go:184.9,187.3 1 0
github.com/Ashes47/braids/internal/core/store/claudecode/branch.go:188.2,189.16 2 11
github.com/Ashes47/braids/internal/core/store/claudecode/branch.go:189.16,191.3 1 0
github.com/Ashes47/braids/internal/core/store/claudecode/branch.go:192.2,192.58 1 11
github.com/Ashes47/braids/internal/core/store/claudecode/branch.go:192.58,193.31 1 22
github.com/Ashes47/braids/internal/core/store/claudecode/branch.go:193.31,195.4 1 11
github.com/Ashes47/braids/internal/core/store/claudecode/branch.go:197.2,198.16 2 11
github.com/Ashes47/braids/internal/core/store/claudecode/branch.go:198.16,200.3 1 0
github.com/Ashes47/braids/internal/core/store/claudecode/branch.go:201.2,201.17 1 11
github.com/Ashes47/braids/internal/core/store/claudecode/branch.go:206.66,208.53 2 13
github.com/Ashes47/braids/internal/core/store/claudecode/branch.go:208.53,210.3 1 0
github.com/Ashes47/braids/internal/core/store/claudecode/branch.go:211.2,211.21 1 13
github.com/Ashes47/braids/internal/core/store/claudecode/branch.go:215.37,217.43 2 5
github.com/Ashes47/braids/internal/core/store/claudecode/branch.go:217.43,219.3 1 0
github.com/Ashes47/braids/internal/core/store/claudecode/branch.go:220.2,223.85 4 5
github.com/Ashes47/braids/internal/core/store/claudecode/branch.go:226.30,227.18 1 1
github.com/Ashes47/braids/internal/core/store/claudecode/branch.go:227.18,229.3 1 1
github.com/Ashes47/braids/internal/core/store/claudecode/branch.go:230.2,230.15 1 0
github.com/Ashes47/braids/internal/core/store/claudecode/branch.go:247.89,248.22 1 2
github.com/Ashes47/braids/internal/core/store/claudecode/branch.go:248.22,250.3 1 1
github.com/Ashes47/braids/internal/core/store/claudecode/branch.go:251.2,252.16 2 1
github.com/Ashes47/braids/internal/core/store/claudecode/branch.go:252.16,254.3 1 0
github.com/Ashes47/braids/internal/core/store/claudecode/branch.go:255.2,256.16 2 1
github.com/Ashes47/braids/internal/core/store/claudecode/branch.go:256.16,258.3 1 0
github.com/Ashes47/braids/internal/core/store/claudecode/branch.go:262.2,266.70 4 1
github.com/Ashes47/braids/internal/core/store/claudecode/branch.go:266.70,268.3 1 0
github.com/Ashes47/braids/internal/core/store/claudecode/branch.go:269.2,270.16 2 1
github.com/Ashes47/braids/internal/core/store/claudecode/branch.go:270.16,272.3 1 0
github.com/Ashes47/braids/internal/core/store/claudecode/branch.go:273.2,281.8 1 1
github.com/Ashes47/braids/internal/core/store/claudecode/branch.go:284.49,285.9 1 1
github.com/Ashes47/braids/internal/core/store/claudecode/branch.go:286.44,287.40 1 1
github.com/Ashes47/braids/internal/core/store/claudecode/branch.go:288.24,289.20 1 0
github.com/Ashes47/braids/internal/core/store/claudecode/branch.go:290.24,291.20 1 0
github.com/Ashes47/braids/internal/core/store/claudecode/branch.go:292.10,293.26 1 0
github.com/Ashes47/braids/internal/core/store/claudecode/branch.go:297.88,299.16 2 1
github.com/Ashes47/braids/internal/core/store/claudecode/branch.go:299.16,301.3 1 0
github.com/Ashes47/braids/internal/core/store/claudecode/branch.go:302.2,305.21 3 1
github.com/Ashes47/braids/internal/core/store/claudecode/branch.go:305.21,309.17 2 1
github.com/Ashes47/braids/internal/core/store/claudecode/branch.go:309.17,311.4 1 0
github.com/Ashes47/braids/internal/core/store/claudecode/branch.go:312.3,312.60 1 1
github.com/Ashes47/braids/internal/core/store/claudecode/branch.go:312.60,314.4 1 0
github.com/Ashes47/braids/internal/core/store/claudecode/branch.go:315.3,316.27 2 1
github.com/Ashes47/braids/internal/core/store/claudecode/branch.go:316.27,317.36 1 2
github.com/Ashes47/braids/internal/core/store/claudecode/branch.go:317.36,319.5 1 0
github.com/Ashes47/braids/internal/core/store/claudecode/branch.go:320.4,321.18 2 2
github.com/Ashes47/braids/internal/core/store/claudecode/branch.go:321.18,323.5 1 0
github.com/Ashes47/braids/internal/core/store/claudecode/branch.go:324.4,324.64 1 2
github.com/Ashes47/braids/internal/core/store/claudecode/branch.go:324.64,326.5 1 0
github.com/Ashes47/braids/internal/core/store/claudecode/branch.go:327.4,327.20 1 2
github.com/Ashes47/braids/internal/core/store/claudecode/branch.go:327.20,329.5 1 2
github.com/Ashes47/braids/internal/core/store/claudecode/branch.go:331.3,331.17 1 1
github.com/Ashes47/braids/internal/core/store/claudecode/branch.go:331.17,333.4 1 0
github.com/Ashes47/braids/internal/core/store/claudecode/branch.go:334.3,337.17 2 1
github.com/Ashes47/braids/internal/core/store/claudecode/branch.go:337.17,339.4 1 0
github.com/Ashes47/braids/internal/core/store/claudecode/branch.go:340.3,341.13 2 1
github.com/Ashes47/braids/internal/core/store/claudecode/branch.go:343.2,343.16 1 1
github.com/Ashes47/braids/internal/core/store/claudecode/branch.go:343.16,345.3 1 0
github.com/Ashes47/braids/internal/core/store/claudecode/branch.go:346.2,346.36 1 1
github.com/Ashes47/braids/internal/core/store/claudecode/branch.go:346.36,348.3 1 0
github.com/Ashes47/braids/internal/core/store/claudecode/branch.go:349.2,349.49 1 1
github.com/Ashes47/braids/internal/core/store/claudecode/branch.go:349.49,351.3 1 0
github.com/Ashes47/braids/internal/core/store/claudecode/branch.go:352.2,352.12 1 1
github.com/Ashes47/braids/internal/core/store/claudecode/branch.go:356.60,358.9 2 2
github.com/Ashes47/braids/internal/core/store/claudecode/branch.go:358.9,360.3 1 0
github.com/Ashes47/braids/internal/core/store/claudecode/branch.go:361.2,364.16 4 2
github.com/Ashes47/braids/internal/core/store/claudecode/branch.go:364.16,366.3 1 0
github.com/Ashes47/braids/internal/core/store/claudecode/branch.go:367.2,367.58 1 2
github.com/Ashes47/braids/internal/core/store/claudecode/branch.go:367.58,368.41 1 4
github.com/Ashes47/braids/internal/core/store/claudecode/branch.go:368.41,370.4 1 2
github.com/Ashes47/braids/internal/core/store/claudecode/branch.go:372.2,373.16 2 2
github.com/Ashes47/braids/internal/core/store/claudecode/branch.go:373.16,375.3 1 0
github.com/Ashes47/braids/internal/core/store/claudecode/branch.go:376.2,376.17 1 2
github.com/Ashes47/braids/internal/core/store/claudecode/claudecode.go:37.31,37.61 1 15
github.com/Ashes47/braids/internal/core/store/claudecode/claudecode.go:40.36,42.16 2 0
github.com/Ashes47/braids/internal/core/store/claudecode/claudecode.go:42.16,44.3 1 0
github.com/Ashes47/braids/internal/core/store/claudecode/claudecode.go:45.2,45.56 1 0
github.com/Ashes47/braids/internal/core/store/claudecode/claudecode.go:49.32,49.55 1 27
github.com/Ashes47/braids/internal/core/store/claudecode/claudecode.go:52.52,60.2 1 0
github.com/Ashes47/braids/internal/core/store/claudecode/claudecode.go:69.67,71.16 2 18
github.com/Ashes47/braids/internal/core/store/claudecode/claudecode.go:71.16,73.3 1 0
github.com/Ashes47/braids/internal/core/store/claudecode/claudecode.go:74.2,75.35 2 18
github.com/Ashes47/braids/internal/core/store/claudecode/claudecode.go:75.35,76.23 1 18
github.com/Ashes47/braids/internal/core/store/claudecode/claudecode.go:76.23,77.12 1 0
github.com/Ashes47/braids/internal/core/store/claudecode/claudecode.go:79.3,81.17 3 18
github.com/Ashes47/braids/internal/core/store/claudecode/claudecode.go:81.17,83.4 1 0
github.com/Ashes47/braids/internal/core/store/claudecode/claudecode.go:84.3,84.29 1 18
github.com/Ashes47/braids/internal/core/store/claudecode/claudecode.go:84.29,85.36 1 27
github.com/Ashes47/braids/internal/core/store/claudecode/claudecode.go:85.36,87.5 1 0
github.com/Ashes47/braids/internal/core/store/claudecode/claudecode.go:88.4,88.59 1 27
github.com/Ashes47/braids/internal/core/store/claudecode/claudecode.go:88.59,89.13 1 5
github.com/Ashes47/braids/internal/core/store/claudecode/claudecode.go:91.4,92.18 2 22
github.com/Ashes47/braids/internal/core/store/claudecode/claudecode.go:92.18,94.5 1 0
github.com/Ashes47/braids/internal/core/store/claudecode/claudecode.go:95.4,105.31 3 22
github.com/Ashes47/braids/internal/core/store/claudecode/claudecode.go:108.2,108.19 1 18
github.com/Ashes47/braids/internal/core/store/claudecode/claudecode.go:114.81,116.16 2 3
github.com/Ashes47/braids/internal/core/store/claudecode/claudecode.go:116.16,118.3 1 0
github.com/Ashes47/braids/internal/core/store/claudecode/claudecode.go:119.2,121.18 3 3
github.com/Ashes47/braids/internal/core/store/claudecode/claudecode.go:130.70,133.30 1 3
github.com/Ashes47/braids/internal/core/store/claudecode/claudecode.go:133.30,135.3 1 2
github.com/Ashes47/braids/internal/core/store/claudecode/claudecode.go:136.2,138.33 3 1
github.com/Ashes47/braids/internal/core/store/claudecode/claudecode.go:138.33,140.3 1 1
github.com/Ashes47/braids/internal/core/store/claudecode/claudecode.go:141.2,141.78 1 0
github.com/Ashes47/braids/internal/core/store/claudecode/claudecode.go:141.78,142.30 1 0
github.com/Ashes47/braids/internal/core/store/claudecode/claudecode.go:142.30,144.4 1 0
github.com/Ashes47/braids/internal/core/store/claudecode/claudecode.go:145.3,145.38 1 0
github.com/Ashes47/braids/internal/core/store/claudecode/claudecode.go:145.38,147.4 1 0
github.com/Ashes47/braids/internal/core/store/claudecode/claudecode.go:148.3,148.13 1 0
github.com/Ashes47/braids/internal/core/store/claudecode/claudecode.go:150.2,150.30 1 0
github.com/Ashes47/braids/internal/core/store/claudecode/claudecode.go:150.30,152.3 1 0
github.com/Ashes47/braids/internal/core/store/claudecode/claudecode.go:153.2,153.20 1 0
github.com/Ashes47/braids/internal/core/store/claudecode/claudecode.go:158.90,160.16 2 8
github.com/Ashes47/braids/internal/core/store/claudecode/claudecode.go:160.16,162.3 1 0
github.com/Ashes47/braids/internal/core/store/claudecode/claudecode.go:163.2,177.16 5 8
github.com/Ashes47/braids/internal/core/store/claudecode/claudecode.go:177.16,178.35 1 30
github.com/Ashes47/braids/internal/core/store/claudecode/claudecode.go:178.35,180.4 1 0
github.com/Ashes47/braids/internal/core/store/claudecode/claudecode.go:181.3,182.56 2 30
github.com/Ashes47/braids/internal/core/store/claudecode/claudecode.go:182.56,183.12 1 1
github.com/Ashes47/braids/internal/core/store/claudecode/claudecode.go:185.3,185.36 1 29
github.com/Ashes47/braids/internal/core/store/claudecode/claudecode.go:185.36,187.4 1 0
github.com/Ashes47/braids/internal/core/store/claudecode/claudecode.go:188.3,188.19 1 29
github.com/Ashes47/braids/internal/core/store/claudecode/claudecode.go:188.19,189.12 1 6
github.com/Ashes47/braids/internal/core/store/claudecode/claudecode.go:191.3,193.10 3 23
github.com/Ashes47/braids/internal/core/store/claudecode/claudecode.go:193.10,195.12 2 7
github.com/Ashes47/braids/internal/core/store/claudecode/claudecode.go:197.3,200.36 4 16
github.com/Ashes47/braids/internal/core/store/claudecode/claudecode.go:200.36,202.4 1 1
github.com/Ashes47/braids/internal/core/store/claudecode/claudecode.go:204.2,204.33 1 7
github.com/Ashes47/braids/internal/core/store/claudecode/claudecode.go:204.33,206.3 1 0
github.com/Ashes47/braids/internal/core/store/claudecode/claudecode.go:207.2,207.12 1 7
github.com/Ashes47/braids/internal/core/store/claudecode/claudecode.go:210.44,214.2 3 20
github.com/Ashes47/braids/internal/core/store/claudecode/claudecode.go:218.38,220.21 2 22
github.com/Ashes47/braids/internal/core/store/claudecode/claudecode.go:220.21,222.3 1 0
github.com/Ashes47/braids/internal/core/store/claudecode/claudecode.go:223.2,223.28 1 22
github.com/Ashes47/braids/internal/core/store/claudecode/claudecode.go:231.59,233.16 2 3
github.com/Ashes47/braids/internal/core/store/claudecode/claudecode.go:233.16,235.3 1 0
github.com/Ashes47/braids/internal/core/store/claudecode/claudecode.go:236.2,240.16 4 3
github.com/Ashes47/braids/internal/core/store/claudecode/claudecode.go:240.16,242.57 2 9
github.com/Ashes47/braids/internal/core/store/claudecode/claudecode.go:242.57,246.39 2 1
github.com/Ashes47/braids/internal/core/store/claudecode/claudecode.go:246.39,248.5 1 1
github.com/Ashes47/braids/internal/core/store/claudecode/claudecode.go:250.3,250.26 1 9
github.com/Ashes47/braids/internal/core/store/claudecode/claudecode.go:250.26,251.12 1 5
github.com/Ashes47/braids/internal/core/store/claudecode/claudecode.go:253.3,254.50 2 4
github.com/Ashes47/braids/internal/core/store/claudecode/claudecode.go:254.50,255.12 1 0
github.com/Ashes47/braids/internal/core/store/claudecode/claudecode.go:257.3,257.10 1 4
github.com/Ashes47/braids/internal/core/store/claudecode/claudecode.go:258.28,259.26 1 2
github.com/Ashes47/braids/internal/core/store/claudecode/claudecode.go:260.24,261.18 1 1
github.com/Ashes47/braids/internal/core/store/claudecode/claudecode.go:262.26,263.23 1 1
github.com/Ashes47/braids/internal/core/store/claudecode/claudecode.go:266.2,266.33 1 3
github.com/Ashes47/braids/internal/core/store/claudecode/claudecode.go:266.33,268.3 1 0
github.com/Ashes47/braids/internal/core/store/claudecode/claudecode.go:269.2,269.51 1 3
github.com/Ashes47/braids/internal/core/store/claudecode/claudecode.go:272.37,273.31 1 9
github.com/Ashes47/braids/internal/core/store/claudecode/claudecode.go:273.31,274.30 1 15
github.com/Ashes47/braids/internal/core/store/claudecode/claudecode.go:274.30,276.4 1 4
github.com/Ashes47/braids/internal/core/store/claudecode/claudecode.go:278.2,278.14 1 5
github.com/Ashes47/braids/internal/core/store/claudecode/claudecode.go:281.43,282.25 1 3
github.com/Ashes47/braids/internal/core/store/claudecode/claudecode.go:282.25,283.14 1 5
github.com/Ashes47/braids/internal/core/store/claudecode/claudecode.go:283.14,285.4 1 3
github.com/Ashes47/braids/internal/core/store/claudecode/claudecode.go:287.2,287.11 1 0
github.com/Ashes47/braids/internal/core/store/claudecode/claudecode.go:334.64,335.50 1 29
github.com/Ashes47/braids/internal/core/store/claudecode/claudecode.go:335.50,337.3 1 7
github.com/Ashes47/braids/internal/core/store/claudecode/claudecode.go:338.2,339.16 2 22
github.com/Ashes47/braids/internal/core/store/claudecode/claudecode.go:340.14,341.24 1 14
github.com/Ashes47/braids/internal/core/store/claudecode/claudecode.go:342.19,343.29 1 8
github.com/Ashes47/braids/internal/core/store/claudecode/claudecode.go:344.10,345.32 1 0
github.com/Ashes47/braids/internal/core/store/claudecode/claudecode.go:347.2,348.21 2 22
github.com/Ashes47/braids/internal/core/store/claudecode/claudecode.go:348.21,350.3 1 0
github.com/Ashes47/braids/internal/core/store/claudecode/claudecode.go:351.2,358.9 2 22
github.com/Ashes47/braids/internal/core/store/claudecode/claudecode.go:363.48,364.65 1 29
github.com/Ashes47/braids/internal/core/store/claudecode/claudecode.go:364.65,366.3 1 29
github.com/Ashes47/braids/internal/core/store/claudecode/claudecode.go:367.2,374.3 2 0
github.com/Ashes47/braids/internal/core/store/claudecode/claudecode.go:381.35,382.25 1 55
github.com/Ashes47/braids/internal/core/store/claudecode/claudecode.go:382.25,384.3 1 33
github.com/Ashes47/braids/internal/core/store/claudecode/claudecode.go:385.2,385.32 1 22
github.com/Ashes47/braids/internal/core/store/claudecode/claudecode.go:385.32,387.3 1 2
github.com/Ashes47/braids/internal/core/store/claudecode/claudecode.go:388.2,388.11 1 20
github.com/Ashes47/braids/internal/core/store/claudecode/claudecode.go:393.51,394.19 1 22
github.com/Ashes47/braids/internal/core/store/claudecode/claudecode.go:394.19,396.3 1 0
github.com/Ashes47/braids/internal/core/store/claudecode/claudecode.go:397.2,398.51 2 22
github.com/Ashes47/braids/internal/core/store/claudecode/claudecode.go:398.51,399.36 1 12
github.com/Ashes47/braids/internal/core/store/claudecode/claudecode.go:399.36,401.4 1 0
github.com/Ashes47/braids/internal/core/store/claudecode/claudecode.go:402.3,402.58 1 12
github.com/Ashes47/braids/internal/core/store/claudecode/claudecode.go:404.2,405.53 2 10
github.com/Ashes47/braids/internal/core/store/claudecode/claudecode.go:405.53,407.3 1 0
github.com/Ashes47/braids/internal/core/store/claudecode/claudecode.go:408.2,409.27 2 10
github.com/Ashes47/braids/internal/core/store/claudecode/claudecode.go:409.27,410.30 1 12
github.com/Ashes47/braids/internal/core/store/claudecode/claudecode.go:410.30,412.4 1 12
github.com/Ashes47/braids/internal/core/store/claudecode/claudecode.go:414.2,414.14 1 10
github.com/Ashes47/braids/internal/core/store/claudecode/claudecode.go:417.44,418.16 1 12
github.com/Ashes47/braids/internal/core/store/claudecode/claudecode.go:419.14,420.38 1 8
github.com/Ashes47/braids/internal/core/store/claudecode/claudecode.go:420.38,422.4 1 0
github.com/Ashes47/braids/internal/core/store/claudecode/claudecode.go:423.3,423.62 1 8
github.com/Ashes47/braids/internal/core/store/claudecode/claudecode.go:424.18,425.42 1 1
github.com/Ashes47/braids/internal/core/store/claudecode/claudecode.go:425.42,427.4 1 0
github.com/Ashes47/braids/internal/core/store/claudecode/claudecode.go:428.3,428.70 1 1
github.com/Ashes47/braids/internal/core/store/claudecode/claudecode.go:429.18,430.98 1 1
github.com/Ashes47/braids/internal/core/store/claudecode/claudecode.go:431.21,433.17 2 2
github.com/Ashes47/braids/internal/core/store/claudecode/claudecode.go:433.17,435.4 1 0
github.com/Ashes47/braids/internal/core/store/claudecode/claudecode.go:436.3,436.83 1 2
github.com/Ashes47/braids/internal/core/store/claudecode/claudecode.go:437.10,438.29 1 0
github.com/Ashes47/braids/internal/core/store/claudecode/claudecode.go:443.42,444.19 1 2
github.com/Ashes47/braids/internal/core/store/claudecode/claudecode.go:444.19,446.3 1 0
github.com/Ashes47/braids/internal/core/store/claudecode/claudecode.go:447.2,448.51 2 2
github.com/Ashes47/braids/internal/core/store/claudecode/claudecode.go:448.51,450.3 1 1
github.com/Ashes47/braids/internal/core/store/claudecode/claudecode.go:451.2,452.53 2 1
github.com/Ashes47/braids/internal/core/store/claudecode/claudecode.go:452.53,454.3 1 0
github.com/Ashes47/braids/internal/core/store/claudecode/claudecode.go:455.2,456.29 2 1
github.com/Ashes47/braids/internal/core/store/claudecode/claudecode.go:456.29,457.21 1 1
github.com/Ashes47/braids/internal/core/store/claudecode/claudecode.go:457.21,458.12 1 0
github.com/Ashes47/braids/internal/core/store/claudecode/claudecode.go:460.3,460.18 1 1
github.com/Ashes47/braids/internal/core/store/claudecode/claudecode.go:460.18,462.4 1 0
github.com/Ashes47/braids/internal/core/store/claudecode/claudecode.go:463.3,463.26 1 1
github.com/Ashes47/braids/internal/core/store/claudecode/claudecode.go:465.2,465.19 1 1
github.com/Ashes47/braids/internal/core/store/claudecode/subagents.go:29.92,32.36 3 4
github.com/Ashes47/braids/internal/core/store/claudecode/subagents.go:32.36,34.3 1 1
github.com/Ashes47/braids/internal/core/store/claudecode/subagents.go:35.2,35.16 1 3
github.com/Ashes47/braids/internal/core/store/claudecode/subagents.go:35.16,37.3 1 0
github.com/Ashes47/braids/internal/core/store/claudecode/subagents.go:39.2,40.28 2 3
github.com/Ashes47/braids/internal/core/store/claudecode/subagents.go:40.28,41.35 1 6
github.com/Ashes47/braids/internal/core/store/claudecode/subagents.go:41.35,43.4 1 0
github.com/Ashes47/braids/internal/core/store/claudecode/subagents.go:44.3,45.54 2 6
github.com/Ashes47/braids/internal/core/store/claudecode/subagents.go:45.54,46.12 1 3
github.com/Ashes47/braids/internal/core/store/claudecode/subagents.go:48.3,52.85 4 3
github.com/Ashes47/braids/internal/core/store/claudecode/subagents.go:52.85,55.4 2 3
github.com/Ashes47/braids/internal/core/store/claudecode/subagents.go:56.3,57.27 2 3
github.com/Ashes47/braids/internal/core/store/claudecode/subagents.go:59.2,59.17 1 3
github.com/Ashes47/braids/internal/core/store/claudecode/subagents.go:62.58,64.16 2 3
github.com/Ashes47/braids/internal/core/store/claudecode/subagents.go:64.16,66.3 1 0
github.com/Ashes47/braids/internal/core/store/claudecode/subagents.go:67.2,68.52 2 3
github.com/Ashes47/braids/internal/core/store/claudecode/subagents.go:68.52,70.3 1 0
github.com/Ashes47/braids/internal/core/store/claudecode/subagents.go:71.2,71.18 1 3
github.com/Ashes47/braids/internal/core/store/claudecode/subagents.go:76.37,78.16 2 3
github.com/Ashes47/braids/internal/core/store/claudecode/subagents.go:78.16,80.3 1 0
github.com/Ashes47/braids/internal/core/store/claudecode/subagents.go:81.2,85.16 4 3
github.com/Ashes47/braids/internal/core/store/claudecode/subagents.go:85.16,87.44 2 6
github.com/Ashes47/braids/internal/core/store/claudecode/subagents.go:87.44,88.12 1 0
github.com/Ashes47/braids/internal/core/store/claudecode/subagents.go:90.3,90.35 1 6
github.com/Ashes47/braids/internal/core/store/claudecode/subagents.go:90.35,92.4 1 6
github.com/Ashes47/braids/internal/core/store/claudecode/subagents.go:94.2,94.10 1 3
github.com/Ashes47/braids/internal/core/graph/graph.go:54.138,56.26 2 32
github.com/Ashes47/braids/internal/core/graph/graph.go:56.26,58.3 1 91
github.com/Ashes47/braids/internal/core/graph/graph.go:60.2,60.95 1 32
github.com/Ashes47/braids/internal/core/graph/graph.go:60.95,64.3 3 57
github.com/Ashes47/braids/internal/core/graph/graph.go:68.2,68.38 1 32
github.com/Ashes47/braids/internal/core/graph/graph.go:68.38,70.10 2 6
github.com/Ashes47/braids/internal/core/graph/graph.go:70.10,71.12 1 2
github.com/Ashes47/braids/internal/core/graph/graph.go:73.3,74.13 2 4
github.com/Ashes47/braids/internal/core/graph/graph.go:74.13,75.12 1 0
github.com/Ashes47/braids/internal/core/graph/graph.go:77.3,78.25 2 4
github.com/Ashes47/braids/internal/core/graph/graph.go:81.2,82.15 2 32
github.com/Ashes47/braids/internal/core/graph/graph.go:99.117,101.26 2 32
github.com/Ashes47/braids/internal/core/graph/graph.go:101.26,105.40 4 84
github.com/Ashes47/braids/internal/core/graph/graph.go:105.40,107.4 1 62
github.com/Ashes47/braids/internal/core/graph/graph.go:109.2,109.13 1 32
github.com/Ashes47/braids/internal/core/graph/graph.go:113.58,114.24 1 27
github.com/Ashes47/braids/internal/core/graph/graph.go:114.24,116.3 1 1
github.com/Ashes47/braids/internal/core/graph/graph.go:117.2,118.51 2 26
github.com/Ashes47/braids/internal/core/graph/graph.go:118.51,120.3 1 26
github.com/Ashes47/braids/internal/core/graph/graph.go:121.2,121.28 1 0
github.com/Ashes47/braids/internal/core/graph/graph.go:132.158,135.36 3 4
github.com/Ashes47/braids/internal/core/graph/graph.go:135.36,136.33 1 6
github.com/Ashes47/braids/internal/core/graph/graph.go:136.33,138.4 1 4
github.com/Ashes47/braids/internal/core/graph/graph.go:139.3,141.10 3 2
github.com/Ashes47/braids/internal/core/graph/graph.go:141.10,143.4 1 0
github.com/Ashes47/braids/internal/core/graph/graph.go:146.3,147.21 2 2
github.com/Ashes47/braids/internal/core/graph/graph.go:149.2,149.21 1 0
github.com/Ashes47/braids/internal/core/graph/graph.go:154.82,156.29 2 32
github.com/Ashes47/braids/internal/core/graph/graph.go:156.29,157.35 1 460
github.com/Ashes47/braids/internal/core/graph/graph.go:157.35,159.4 1 454
github.com/Ashes47/braids/internal/core/graph/graph.go:162.2,163.34 2 32
github.com/Ashes47/braids/internal/core/graph/graph.go:163.34,164.24 1 114
github.com/Ashes47/braids/internal/core/graph/graph.go:164.24,165.40 1 454
github.com/Ashes47/braids/internal/core/graph/graph.go:165.40,167.29 2 899
github.com/Ashes47/braids/internal/core/graph/graph.go:167.29,168.14 1 171
github.com/Ashes47/braids/internal/core/graph/graph.go:170.5,170.28 1 728
github.com/Ashes47/braids/internal/core/graph/graph.go:170.28,172.6 1 618
github.com/Ashes47/braids/internal/core/graph/graph.go:173.5,175.17 3 728
github.com/Ashes47/braids/internal/core/graph/graph.go:175.17,178.6 2 84
github.com/Ashes47/braids/internal/core/graph/graph.go:179.5,181.32 3 728
github.com/Ashes47/braids/internal/core/graph/graph.go:185.2,185.14 1 32
github.com/Ashes47/braids/internal/core/graph/graph.go:190.126,191.41 1 84
github.com/Ashes47/braids/internal/core/graph/graph.go:191.41,191.68 1 0
github.com/Ashes47/braids/internal/core/graph/graph.go:192.2,192.41 1 84
github.com/Ashes47/braids/internal/core/graph/graph.go:192.41,192.68 1 84
github.com/Ashes47/braids/internal/core/graph/graph.go:194.2,197.79 2 84
github.com/Ashes47/braids/internal/core/graph/graph.go:197.79,198.34 1 83
github.com/Ashes47/braids/internal/core/graph/graph.go:198.34,200.4 1 0
github.com/Ashes47/braids/internal/core/graph/graph.go:201.3,201.18 1 83
github.com/Ashes47/braids/internal/core/graph/graph.go:205.2,207.9 3 1
github.com/Ashes47/braids/internal/core/graph/graph.go:208.31,209.18 1 0
github.com/Ashes47/braids/internal/core/graph/graph.go:210.31,211.18 1 1
github.com/Ashes47/braids/internal/core/graph/graph.go:216.2,216.9 1 0
github.com/Ashes47/braids/internal/core/graph/graph.go:217.32,218.30 1 0
github.com/Ashes47/braids/internal/core/graph/graph.go:218.30,220.4 1 0
github.com/Ashes47/braids/internal/core/graph/graph.go:221.3,221.18 1 0
github.com/Ashes47/braids/internal/core/graph/graph.go:222.35,223.18 1 0
github.com/Ashes47/braids/internal/core/graph/graph.go:224.10,225.18 1 0
github.com/Ashes47/braids/internal/core/graph/graph.go:231.57,233.2 1 2
github.com/Ashes47/braids/internal/core/graph/graph.go:237.22,238.27 1 32
github.com/Ashes47/braids/internal/core/graph/graph.go:238.27,239.43 1 91
github.com/Ashes47/braids/internal/core/graph/graph.go:239.43,242.4 2 0
github.com/Ashes47/braids/internal/core/graph/graph.go:244.2,244.27 1 32
github.com/Ashes47/braids/internal/core/graph/graph.go:244.27,245.43 1 91
github.com/Ashes47/braids/internal/core/graph/graph.go:245.43,247.4 1 58
github.com/Ashes47/braids/internal/core/graph/graph.go:247.9,249.4 1 33
github.com/Ashes47/braids/internal/core/graph/graph.go:251.2,252.27 2 32
github.com/Ashes47/braids/internal/core/graph/graph.go:252.27,254.3 1 91
github.com/Ashes47/braids/internal/core/graph/graph.go:255.2,255.28 1 32
github.com/Ashes47/braids/internal/core/graph/graph.go:255.28,257.3 1 33
github.com/Ashes47/braids/internal/core/graph/graph.go:261.42,263.72 2 58
github.com/Ashes47/braids/internal/core/graph/graph.go:263.72,264.24 1 60
github.com/Ashes47/braids/internal/core/graph/graph.go:264.24,266.4 1 0
github.com/Ashes47/braids/internal/core/graph/graph.go:267.3,267.27 1 60
github.com/Ashes47/braids/internal/core/graph/graph.go:269.2,269.14 1 58
github.com/Ashes47/braids/internal/core/graph/graph.go:272.38,274.31 2 91
github.com/Ashes47/braids/internal/core/graph/graph.go:274.31,276.3 1 58
github.com/Ashes47/braids/internal/core/graph/graph.go:281.31,282.46 1 123
github.com/Ashes47/braids/internal/core/graph/graph.go:282.46,283.58 1 26
github.com/Ashes47/braids/internal/core/graph/graph.go:283.58,285.4 1 26
github.com/Ashes47/braids/internal/core/graph/graph.go:286.3,286.45 1 0
github.com/Ashes47/braids/internal/core/graph/graph.go:291.36,294.23 3 1
github.com/Ashes47/braids/internal/core/graph/graph.go:294.23,296.32 2 3
github.com/Ashes47/braids/internal/core/graph/graph.go:296.32,298.4 1 2
github.com/Ashes47/braids/internal/core/graph/graph.go:300.2,300.28 1 1
github.com/Ashes47/braids/internal/core/graph/graph.go:300.28,302.3 1 1
github.com/Ashes47/braids/internal/core/graph/graph.go:303.2,303.12 1 1
github.com/Ashes47/braids/internal/core/graph/spine.go:51.47,52.20 1 6
github.com/Ashes47/braids/internal/core/graph/spine.go:52.20,54.3 1 1
github.com/Ashes47/braids/internal/core/graph/spine.go:55.2,57.25 3 5
github.com/Ashes47/braids/internal/core/graph/spine.go:57.25,60.3 2 18
github.com/Ashes47/braids/internal/core/graph/spine.go:62.2,64.25 3 5
github.com/Ashes47/braids/internal/core/graph/spine.go:64.25,66.3 1 13
github.com/Ashes47/braids/internal/core/graph/spine.go:67.2,71.18 4 5
github.com/Ashes47/braids/internal/core/graph/spine.go:71.18,72.19 1 12
github.com/Ashes47/braids/internal/core/graph/spine.go:73.10,73.10 0 8
github.com/Ashes47/braids/internal/core/graph/spine.go:74.10,80.6 2 3
github.com/Ashes47/braids/internal/core/graph/spine.go:81.11,82.38 1 1
github.com/Ashes47/braids/internal/core/graph/spine.go:84.3,84.12 1 12
github.com/Ashes47/braids/internal/core/graph/spine.go:86.2,86.25 1 5
github.com/Ashes47/braids/internal/core/graph/spine.go:86.25,88.43 2 13
github.com/Ashes47/braids/internal/core/graph/spine.go:88.43,90.12 2 6
github.com/Ashes47/braids/internal/core/graph/spine.go:92.3,100.5 2 7
github.com/Ashes47/braids/internal/core/graph/spine.go:102.2,103.12 2 5
github.com/Ashes47/braids/internal/core/graph/spine.go:112.40,114.2 1 13
github.com/Ashes47/braids/internal/core/graph/spine.go:118.95,123.68 4 5
github.com/Ashes47/braids/internal/core/graph/spine.go:123.68,126.3 2 13
github.com/Ashes47/braids/internal/core/graph/spine.go:127.2,127.57 1 5
github.com/Ashes47/braids/internal/core/graph/spine.go:127.57,129.3 1 5
github.com/Ashes47/braids/internal/core/graph/spine.go:130.2,130.17 1 5
github.com/Ashes47/braids/internal/core/graph/spine.go:134.121,136.39 2 13
github.com/Ashes47/braids/internal/core/graph/spine.go:136.39,137.20 1 11
github.com/Ashes47/braids/internal/core/graph/spine.go:137.20,138.12 1 9
github.com/Ashes47/braids/internal/core/graph/spine.go:140.3,140.34 1 2
github.com/Ashes47/braids/internal/core/graph/spine.go:142.2,143.12 2 13
github.com/Ashes47/braids/internal/core/graph/spine.go:147.89,150.29 3 5
github.com/Ashes47/braids/internal/core/graph/spine.go:150.29,151.29 1 32
github.com/Ashes47/braids/internal/core/graph/spine.go:151.29,153.4 1 14
github.com/Ashes47/braids/internal/core/graph/spine.go:154.3,156.34 3 18
github.com/Ashes47/braids/internal/core/graph/spine.go:156.34,158.4 1 14
github.com/Ashes47/braids/internal/core/graph/spine.go:159.3,160.11 2 18
github.com/Ashes47/braids/internal/core/graph/spine.go:162.2,162.25 1 5
github.com/Ashes47/braids/internal/core/graph/spine.go:162.25,164.3 1 18
github.com/Ashes47/braids/internal/core/graph/spine.go:165.2,165.14 1 5
github.com/Ashes47/braids/internal/core/graph/spine.go:169.49,171.24 2 1
github.com/Ashes47/braids/internal/core/graph/spine.go:171.24,172.44 1 3
github.com/Ashes47/braids/internal/core/graph/spine.go:172.44,174.4 1 3
github.com/Ashes47/braids/internal/core/graph/spine.go:176.2,177.30 2 1
github.com/Ashes47/braids/internal/core/graph/spine.go:177.30,179.3 1 2
github.com/Ashes47/braids/internal/core/graph/spine.go:180.2,180.40 1 1
github.com/Ashes47/braids/internal/core/graph/spine.go:180.40,181.39 1 1
github.com/Ashes47/braids/internal/core/graph/spine.go:181.39,183.4 1 1
github.com/Ashes47/braids/internal/core/graph/spine.go:184.3,184.39 1 0
github.com/Ashes47/braids/internal/core/graph/spine.go:186.2,191.3 1 1
github.com/Ashes47/braids/internal/core/graph/spine.go:194.36,195.13 1 13
github.com/Ashes47/braids/internal/core/graph/spine.go:195.13,197.3 1 10
github.com/Ashes47/braids/internal/core/graph/spine.go:198.2,200.31 3 3
github.com/Ashes47/braids/internal/core/graph/spine.go:200.31,201.33 1 15
github.com/Ashes47/braids/internal/core/graph/spine.go:201.33,202.17 1 3
github.com/Ashes47/braids/internal/core/graph/spine.go:202.17,204.5 1 3
github.com/Ashes47/braids/internal/core/graph/spine.go:205.4,205.17 1 3
github.com/Ashes47/braids/internal/core/graph/spine.go:208.2,208.12 1 3
github.com/Ashes47/braids/internal/core/index/index.go:149.40,151.16 2 12
github.com/Ashes47/braids/internal/core/index/index.go:151.16,153.3 1 0
github.com/Ashes47/braids/internal/core/index/index.go:154.2,161.4 1 12
github.com/Ashes47/braids/internal/core/index/index.go:161.4,162.44 1 36
github.com/Ashes47/braids/internal/core/index/index.go:162.44,164.4 1 0
github.com/Ashes47/braids/internal/core/index/index.go:166.2,166.36 1 12
github.com/Ashes47/braids/internal/core/index/index.go:166.36,168.3 1 0
github.com/Ashes47/braids/internal/core/index/index.go:169.2,169.28 1 12
github.com/Ashes47/braids/internal/core/index/index.go:175.32,177.74 2 12
github.com/Ashes47/braids/internal/core/index/index.go:177.74,179.3 1 0
github.com/Ashes47/braids/internal/core/index/index.go:180.2,180.30 1 12
github.com/Ashes47/braids/internal/core/index/index.go:180.30,181.45 1 12
github.com/Ashes47/braids/internal/core/index/index.go:181.45,183.4 1 0
github.com/Ashes47/braids/internal/core/index/index.go:185.2,185.43 1 12
github.com/Ashes47/braids/internal/core/index/index.go:185.43,187.3 1 0
github.com/Ashes47/braids/internal/core/index/index.go:188.2,188.89 1 12
github.com/Ashes47/braids/internal/core/index/index.go:188.89,190.3 1 0
github.com/Ashes47/braids/internal/core/index/index.go:191.2,191.12 1 12
github.com/Ashes47/braids/internal/core/index/index.go:195.32,195.56 1 12
github.com/Ashes47/braids/internal/core/index/index.go:200.80,203.16 3 8
github.com/Ashes47/braids/internal/core/index/index.go:203.16,205.3 1 0
github.com/Ashes47/braids/internal/core/index/index.go:207.2,208.16 2 8
github.com/Ashes47/braids/internal/core/index/index.go:208.16,210.3 1 0
github.com/Ashes47/braids/internal/core/index/index.go:211.2,216.4 2 8
github.com/Ashes47/braids/internal/core/index/index.go:216.4,217.54 1 40
github.com/Ashes47/braids/internal/core/index/index.go:217.54,219.4 1 0
github.com/Ashes47/braids/internal/core/index/index.go:222.2,223.29 2 8
github.com/Ashes47/braids/internal/core/index/index.go:223.29,225.17 2 17
github.com/Ashes47/braids/internal/core/index/index.go:225.17,227.4 1 0
github.com/Ashes47/braids/internal/core/index/index.go:228.3,229.23 2 17
github.com/Ashes47/braids/internal/core/index/index.go:231.2,231.36 1 8
github.com/Ashes47/braids/internal/core/index/index.go:231.36,233.3 1 0
github.com/Ashes47/braids/internal/core/index/index.go:234.2,235.19 2 8
github.com/Ashes47/braids/internal/core/index/index.go:244.77,247.16 3 11
github.com/Ashes47/braids/internal/core/index/index.go:247.16,249.3 1 0
github.com/Ashes47/braids/internal/core/index/index.go:250.2,251.16 2 11
github.com/Ashes47/braids/internal/core/index/index.go:251.16,253.3 1 0
github.com/Ashes47/braids/internal/core/index/index.go:254.2,255.26 2 11
github.com/Ashes47/braids/internal/core/index/index.go:255.26,257.3 1 12
github.com/Ashes47/braids/internal/core/index/index.go:259.2,260.16 2 11
github.com/Ashes47/braids/internal/core/index/index.go:260.16,262.3 1 0
github.com/Ashes47/braids/internal/core/index/index.go:263.2,267.29 4 11
github.com/Ashes47/braids/internal/core/index/index.go:267.29,271.107 2 22
github.com/Ashes47/braids/internal/core/index/index.go:271.107,274.12 3 9
github.com/Ashes47/braids/internal/core/index/index.go:276.3,277.17 2 13
github.com/Ashes47/braids/internal/core/index/index.go:277.17,279.4 1 0
github.com/Ashes47/braids/internal/core/index/index.go:280.3,281.23 2 13
github.com/Ashes47/braids/internal/core/index/index.go:283.2,283.25 1 11
github.com/Ashes47/braids/internal/core/index/index.go:283.25,284.16 1 12
github.com/Ashes47/braids/internal/core/index/index.go:284.16,285.50 1 1
github.com/Ashes47/braids/internal/core/index/index.go:285.50,287.5 1 0
github.com/Ashes47/braids/internal/core/index/index.go:290.2,290.36 1 11
github.com/Ashes47/braids/internal/core/index/index.go:290.36,292.3 1 0
github.com/Ashes47/braids/internal/core/index/index.go:293.2,294.19 2 11
github.com/Ashes47/braids/internal/core/index/index.go:299.80,301.9 2 30
github.com/Ashes47/braids/internal/core/index/index.go:301.9,303.3 1 30
github.com/Ashes47/braids/internal/core/index/index.go:304.2,305.16 2 0
github.com/Ashes47/braids/internal/core/index/index.go:305.16,307.3 1 0
github.com/Ashes47/braids/internal/core/index/index.go:308.2,308.17 1 0
github.com/Ashes47/braids/internal/core/index/index.go:311.71,318.4 1 31
github.com/Ashes47/braids/internal/core/index/index.go:318.4,319.62 1 155
github.com/Ashes47/braids/internal/core/index/index.go:319.62,321.4 1 0
github.com/Ashes47/braids/internal/core/index/index.go:323.2,323.12 1 31
github.com/Ashes47/braids/internal/core/index/index.go:327.115,329.53 2 30
github.com/Ashes47/braids/internal/core/index/index.go:329.53,331.3 1 0
github.com/Ashes47/braids/internal/core/index/index.go:332.2,335.16 3 30
github.com/Ashes47/braids/internal/core/index/index.go:335.16,337.3 1 0
github.com/Ashes47/braids/internal/core/index/index.go:338.2,342.16 3 30
github.com/Ashes47/braids/internal/core/index/index.go:342.16,344.3 1 0
github.com/Ashes47/braids/internal/core/index/index.go:345.2,349.16 3 30
github.com/Ashes47/braids/internal/core/index/index.go:349.16,351.3 1 0
github.com/Ashes47/braids/internal/core/index/index.go:352.2,357.60 3 30
github.com/Ashes47/braids/internal/core/index/index.go:357.60,360.29 3 45
github.com/Ashes47/braids/internal/core/index/index.go:360.29,361.49 1 71
github.com/Ashes47/braids/internal/core/index/index.go:361.49,363.5 1 3
github.com/Ashes47/braids/internal/core/index/index.go:365.3,365.34 1 45
github.com/Ashes47/braids/internal/core/index/index.go:365.34,367.82 1 0
github.com/Ashes47/braids/internal/core/index/index.go:367.82,369.5 1 0
github.com/Ashes47/braids/internal/core/index/index.go:371.3,372.83 1 45
github.com/Ashes47/braids/internal/core/index/index.go:372.83,374.4 1 0
github.com/Ashes47/braids/internal/core/index/index.go:375.3,375.29 1 45
github.com/Ashes47/braids/internal/core/index/index.go:375.29,376.39 1 71
github.com/Ashes47/braids/internal/core/index/index.go:376.39,377.13 1 13
github.com/Ashes47/braids/internal/core/index/index.go:379.4,380.70 1 58
github.com/Ashes47/braids/internal/core/index/index.go:380.70,382.5 1 0
github.com/Ashes47/braids/internal/core/index/index.go:383.4,383.11 1 58
github.com/Ashes47/braids/internal/core/index/index.go:385.3,385.13 1 45
github.com/Ashes47/braids/internal/core/index/index.go:387.2,387.16 1 30
github.com/Ashes47/braids/internal/core/index/index.go:387.16,389.3 1 0
github.com/Ashes47/braids/internal/core/index/index.go:390.2,396.54 1 30
github.com/Ashes47/braids/internal/core/index/index.go:396.54,398.3 1 0
github.com/Ashes47/braids/internal/core/index/index.go:399.2,399.70 1 30
github.com/Ashes47/braids/internal/core/index/index.go:399.70,401.3 1 0
github.com/Ashes47/braids/internal/core/index/index.go:402.2,402.25 1 30
github.com/Ashes47/braids/internal/core/index/index.go:407.121,409.9 2 30
github.com/Ashes47/braids/internal/core/index/index.go:409.9,411.3 1 0
github.com/Ashes47/braids/internal/core/index/index.go:412.2,413.9 2 30
github.com/Ashes47/braids/internal/core/index/index.go:413.9,415.3 1 0
github.com/Ashes47/braids/internal/core/index/index.go:416.2,416.27 1 30
github.com/Ashes47/braids/internal/core/index/index.go:416.27,421.40 1 3
github.com/Ashes47/braids/internal/core/index/index.go:421.40,423.4 1 0
github.com/Ashes47/braids/internal/core/index/index.go:425.2,425.12 1 30
github.com/Ashes47/braids/internal/core/index/index.go:430.107,432.16 2 30
github.com/Ashes47/braids/internal/core/index/index.go:432.16,434.3 1 0
github.com/Ashes47/braids/internal/core/index/index.go:435.2,435.21 1 30
github.com/Ashes47/braids/internal/core/index/index.go:445.95,449.16 2 0
github.com/Ashes47/braids/internal/core/index/index.go:449.16,451.3 1 0
github.com/Ashes47/braids/internal/core/index/index.go:452.2,455.18 3 0
github.com/Ashes47/braids/internal/core/index/index.go:455.18,458.101 3 0
github.com/Ashes47/braids/internal/core/index/index.go:458.101,460.4 1 0
github.com/Ashes47/braids/internal/core/index/index.go:461.3,462.23 2 0
github.com/Ashes47/braids/internal/core/index/index.go:464.2,464.35 1 0
github.com/Ashes47/braids/internal/core/index/index.go:464.35,466.3 1 0
github.com/Ashes47/braids/internal/core/index/index.go:467.2,467.17 1 0
github.com/Ashes47/braids/internal/core/index/index.go:479.93,481.61 2 0
github.com/Ashes47/braids/internal/core/index/index.go:481.61,492.3 2 0
github.com/Ashes47/braids/internal/core/index/index.go:493.2,493.16 1 0
github.com/Ashes47/braids/internal/core/index/index.go:493.16,495.3 1 0
github.com/Ashes47/braids/internal/core/index/index.go:496.2,496.18 1 0
github.com/Ashes47/braids/internal/core/index/index.go:500.91,504.16 2 3
github.com/Ashes47/braids/internal/core/index/index.go:504.16,506.3 1 0
github.com/Ashes47/braids/internal/core/index/index.go:507.2,510.18 3 3
github.com/Ashes47/braids/internal/core/index/index.go:510.18,513.52 2 2
github.com/Ashes47/braids/internal/core/index/index.go:513.52,515.4 1 0
github.com/Ashes47/braids/internal/core/index/index.go:516.3,516.23 1 2
github.com/Ashes47/braids/internal/core/index/index.go:518.2,518.35 1 3
github.com/Ashes47/braids/internal/core/index/index.go:518.35,520.3 1 0
github.com/Ashes47/braids/internal/core/index/index.go:521.2,521.17 1 3
github.com/Ashes47/braids/internal/core/index/index.go:525.70,526.37 1 8
github.com/Ashes47/braids/internal/core/index/index.go:526.37,528.3 1 1
github.com/Ashes47/braids/internal/core/index/index.go:529.2,530.16 2 7
github.com/Ashes47/braids/internal/core/index/index.go:530.16,532.3 1 7
github.com/Ashes47/braids/internal/core/index/index.go:534.2,538.18 2 7
github.com/Ashes47/braids/internal/core/index/index.go:538.18,541.3 2 2
github.com/Ashes47/braids/internal/core/index/index.go:542.2,542.22 1 7
github.com/Ashes47/braids/internal/core/index/index.go:542.22,544.29 2 1
github.com/Ashes47/braids/internal/core/index/index.go:544.29,547.4 2 1
github.com/Ashes47/braids/internal/core/index/index.go:548.3,548.72 1 1
github.com/Ashes47/braids/internal/core/index/index.go:550.2,563.16 4 7
github.com/Ashes47/braids/internal/core/index/index.go:563.16,565.3 1 0
github.com/Ashes47/braids/internal/core/index/index.go:566.2,569.18 3 7
github.com/Ashes47/braids/internal/core/index/index.go:569.18,574.56 4 9
github.com/Ashes47/braids/internal/core/index/index.go:574.56,576.4 1 0
github.com/Ashes47/braids/internal/core/index/index.go:577.3,580.25 4 9
github.com/Ashes47/braids/internal/core/index/index.go:582.2,582.35 1 7
github.com/Ashes47/braids/internal/core/index/index.go:582.35,584.3 1 0
github.com/Ashes47/braids/internal/core/index/index.go:585.2,585.18 1 7
github.com/Ashes47/braids/internal/core/index/index.go:601.89,605.16 2 0
github.com/Ashes47/braids/internal/core/index/index.go:605.16,607.3 1 0
github.com/Ashes47/braids/internal/core/index/index.go:608.2,611.18 3 0
github.com/Ashes47/braids/internal/core/index/index.go:611.18,615.97 4 0
github.com/Ashes47/braids/internal/core/index/index.go:615.97,617.4 1 0
github.com/Ashes47/braids/internal/core/index/index.go:618.3,620.23 3 0
github.com/Ashes47/braids/internal/core/index/index.go:622.2,622.35 1 0
github.com/Ashes47/braids/internal/core/index/index.go:622.35,624.3 1 0
github.com/Ashes47/braids/internal/core/index/index.go:625.2,625.17 1 0
github.com/Ashes47/braids/internal/core/index/index.go:634.40,636.35 2 45
github.com/Ashes47/braids/internal/core/index/index.go:636.35,638.3 1 0
github.com/Ashes47/braids/internal/core/index/index.go:639.2,640.28 2 45
github.com/Ashes47/braids/internal/core/index/index.go:640.28,642.3 1 0
github.com/Ashes47/braids/internal/core/index/index.go:643.2,643.13 1 45
github.com/Ashes47/braids/internal/core/index/index.go:647.38,650.28 3 45
github.com/Ashes47/braids/internal/core/index/index.go:650.28,651.66 1 71
github.com/Ashes47/braids/internal/core/index/index.go:651.66,652.12 1 58
github.com/Ashes47/braids/internal/core/index/index.go:654.3,655.32 2 13
github.com/Ashes47/braids/internal/core/index/index.go:657.2,657.33 1 45
github.com/Ashes47/braids/internal/core/index/index.go:662.67,669.16 2 1
github.com/Ashes47/braids/internal/core/index/index.go:669.16,671.3 1 0
github.com/Ashes47/braids/internal/core/index/index.go:672.2,675.18 3 1
github.com/Ashes47/braids/internal/core/index/index.go:675.18,677.68 2 2
github.com/Ashes47/braids/internal/core/index/index.go:677.68,679.4 1 0
github.com/Ashes47/braids/internal/core/index/index.go:680.3,680.23 1 2
github.com/Ashes47/braids/internal/core/index/index.go:682.2,682.35 1 1
github.com/Ashes47/braids/internal/core/index/index.go:682.35,684.3 1 0
github.com/Ashes47/braids/internal/core/index/index.go:685.2,685.17 1 1
github.com/Ashes47/braids/internal/core/index/index.go:691.81,694.16 2 0
github.com/Ashes47/braids/internal/core/index/index.go:694.16,696.3 1 0
github.com/Ashes47/braids/internal/core/index/index.go:697.2,700.18 3 0
github.com/Ashes47/braids/internal/core/index/index.go:700.18,703.47 3 0
github.com/Ashes47/braids/internal/core/index/index.go:703.47,705.4 1 0
github.com/Ashes47/braids/internal/core/index/index.go:706.3,706.50 1 0
github.com/Ashes47/braids/internal/core/index/index.go:708.2,708.35 1 0
github.com/Ashes47/braids/internal/core/index/index.go:708.35,710.3 1 0
github.com/Ashes47/braids/internal/core/index/index.go:711.2,711.17 1 0
github.com/Ashes47/braids/internal/core/index/index.go:715.65,718.16 2 14
github.com/Ashes47/braids/internal/core/index/index.go:718.16,720.3 1 0
github.com/Ashes47/braids/internal/core/index/index.go:721.2,724.18 3 14
github.com/Ashes47/braids/internal/core/index/index.go:724.18,731.51 5 17
github.com/Ashes47/braids/internal/core/index/index.go:731.51,733.4 1 0
github.com/Ashes47/braids/internal/core/index/index.go:734.3,734.18 1 17
github.com/Ashes47/braids/internal/core/index/index.go:734.18,736.4 1 0
github.com/Ashes47/braids/internal/core/index/index.go:737.3,739.27 3 17
github.com/Ashes47/braids/internal/core/index/index.go:741.2,741.35 1 14
github.com/Ashes47/braids/internal/core/index/index.go:741.35,743.3 1 0
github.com/Ashes47/braids/internal/core/index/index.go:744.2,744.19 1 14
github.com/Ashes47/braids/internal/core/index/index.go:749.49,751.28 2 45
github.com/Ashes47/braids/internal/core/index/index.go:751.28,752.34 1 71
github.com/Ashes47/braids/internal/core/index/index.go:752.34,754.4 1 13
github.com/Ashes47/braids/internal/core/index/index.go:756.2,756.64 1 45
github.com/Ashes47/braids/internal/core/index/index.go:759.28,760.7 1 30
github.com/Ashes47/braids/internal/core/index/index.go:760.7,762.3 1 13
github.com/Ashes47/braids/internal/core/index/index.go:763.2,763.10 1 17
github.com/Ashes47/braids/internal/core/index/index.go:767.36,768.16 1 30
github.com/Ashes47/braids/internal/core/index/index.go:768.16,770.3 1 30
github.com/Ashes47/braids/internal/core/index/index.go:771.2,771.17 1 0
github.com/Ashes47/braids/internal/core/index/index.go:776.30,777.36 1 14
github.com/Ashes47/braids/internal/core/index/index.go:777.36,779.3 1 3
github.com/Ashes47/braids/internal/core/index/index.go:780.2,780.38 1 11
github.com/Ashes47/braids/internal/core/index/index.go:780.38,781.12 1 14
github.com/Ashes47/braids/internal/core/index/index.go:782.27,783.15 1 1
github.com/Ashes47/braids/internal/core/index/index.go:785.3,785.36 1 13
github.com/Ashes47/braids/internal/core/index/index.go:785.36,787.4 1 0
github.com/Ashes47/braids/internal/core/index/index.go:789.2,789.14 1 10
github.com/Ashes47/braids/internal/core/index/index.go:795.34,797.17 2 14
github.com/Ashes47/braids/internal/core/index/index.go:797.17,799.3 1 4
github.com/Ashes47/braids/internal/core/index/index.go:800.2,802.27 3 10
github.com/Ashes47/braids/internal/core/index/index.go:802.27,804.3 1 12
github.com/Ashes47/braids/internal/core/index/index.go:805.2,805.34 1 10
github.com/Ashes47/braids/internal/core/model/model.go:76.49,78.28 2 5
github.com/Ashes47/braids/internal/core/model/model.go:78.28,79.53 1 16
github.com/Ashes47/braids/internal/core/model/model.go:79.53,80.12 1 7
github.com/Ashes47/braids/internal/core/model/model.go:82.3,82.19 1 9
github.com/Ashes47/braids/internal/core/model/model.go:82.19,83.12 1 3
github.com/Ashes47/braids/internal/core/model/model.go:85.3,85.18 1 6
github.com/Ashes47/braids/internal/core/model/model.go:85.18,87.4 1 3
github.com/Ashes47/braids/internal/core/model/model.go:88.3,88.24 1 6
github.com/Ashes47/braids/internal/core/model/model.go:90.2,90.19 1 5
github.com/Ashes47/braids/internal/core/model/model.go:93.54,94.29 1 12
github.com/Ashes47/braids/internal/core/model/model.go:94.29,95.16 1 14
github.com/Ashes47/braids/internal/core/model/model.go:95.16,97.4 1 5
github.com/Ashes47/braids/internal/core/model/model.go:99.2,99.14 1 7
github.com/Ashes47/braids/cmd/braids/main.go:72.13,73.52 1 0
github.com/Ashes47/braids/cmd/braids/main.go:73.52,76.3 2 0
github.com/Ashes47/braids/cmd/braids/main.go:79.44,81.20 2 16
github.com/Ashes47/braids/cmd/braids/main.go:81.20,83.3 1 0
github.com/Ashes47/braids/cmd/braids/main.go:84.2,84.17 1 16
github.com/Ashes47/braids/cmd/braids/main.go:85.13,86.31 1 1
github.com/Ashes47/braids/cmd/braids/main.go:87.15,88.33 1 3
github.com/Ashes47/braids/cmd/braids/main.go:89.16,90.34 1 8
github.com/Ashes47/braids/cmd/braids/main.go:91.15,92.33 1 1
github.com/Ashes47/braids/cmd/braids/main.go:93.16,94.34 1 0
github.com/Ashes47/braids/cmd/braids/main.go:95.17,96.35 1 0
github.com/Ashes47/braids/cmd/braids/main.go:97.16,98.34 1 0
github.com/Ashes47/braids/cmd/braids/main.go:99.17,101.19 2 0
github.com/Ashes47/braids/cmd/braids/main.go:102.30,104.19 2 2
github.com/Ashes47/braids/cmd/braids/main.go:105.10,106.70 1 1
github.com/Ashes47/braids/cmd/braids/main.go:114.67,116.6 2 8
github.com/Ashes47/braids/cmd/braids/main.go:116.6,117.40 1 16
github.com/Ashes47/braids/cmd/braids/main.go:117.40,119.4 1 0
github.com/Ashes47/braids/cmd/braids/main.go:120.3,121.21 2 16
github.com/Ashes47/braids/cmd/braids/main.go:121.21,123.4 1 8
github.com/Ashes47/braids/cmd/braids/main.go:124.3,125.18 2 8
github.com/Ashes47/braids/cmd/braids/main.go:130.34,131.42 1 0
github.com/Ashes47/braids/cmd/braids/main.go:131.42,133.3 1 0
github.com/Ashes47/braids/cmd/braids/main.go:134.2,135.16 2 0
github.com/Ashes47/braids/cmd/braids/main.go:135.16,137.3 1 0
github.com/Ashes47/braids/cmd/braids/main.go:138.2,139.48 2 0
github.com/Ashes47/braids/cmd/braids/main.go:139.48,141.3 1 0
github.com/Ashes47/braids/cmd/braids/main.go:142.2,142.44 1 0
github.com/Ashes47/braids/cmd/braids/main.go:146.47,147.18 1 11
github.com/Ashes47/braids/cmd/braids/main.go:147.18,149.3 1 11
github.com/Ashes47/braids/cmd/braids/main.go:150.2,150.20 1 0
github.com/Ashes47/braids/cmd/braids/main.go:154.53,156.16 2 10
github.com/Ashes47/braids/cmd/braids/main.go:156.16,158.3 1 0
github.com/Ashes47/braids/cmd/braids/main.go:159.2,159.25 1 10
github.com/Ashes47/braids/cmd/braids/main.go:162.48,171.39 9 1
github.com/Ashes47/braids/cmd/braids/main.go:171.39,173.3 1 0
github.com/Ashes47/braids/cmd/braids/main.go:174.2,175.16 2 1
github.com/Ashes47/braids/cmd/braids/main.go:175.16,177.3 1 0
github.com/Ashes47/braids/cmd/braids/main.go:178.2,179.16 2 1
github.com/Ashes47/braids/cmd/braids/main.go:179.16,181.3 1 0
github.com/Ashes47/braids/cmd/braids/main.go:182.2,186.16 4 1
github.com/Ashes47/braids/cmd/braids/main.go:186.16,188.3 1 0
github.com/Ashes47/braids/cmd/braids/main.go:189.2,190.16 2 1
github.com/Ashes47/braids/cmd/braids/main.go:190.16,192.3 1 0
github.com/Ashes47/braids/cmd/braids/main.go:195.2,196.13 2 1
github.com/Ashes47/braids/cmd/braids/main.go:196.13,197.44 1 1
github.com/Ashes47/braids/cmd/braids/main.go:197.44,200.4 2 1
github.com/Ashes47/braids/cmd/braids/main.go:202.2,203.16 2 1
github.com/Ashes47/braids/cmd/braids/main.go:203.16,205.3 1 0
github.com/Ashes47/braids/cmd/braids/main.go:206.2,207.16 2 1
github.com/Ashes47/braids/cmd/braids/main.go:207.16,209.3 1 0
github.com/Ashes47/braids/cmd/braids/main.go:210.2,211.16 2 1
github.com/Ashes47/braids/cmd/braids/main.go:211.16,213.3 1 0
github.com/Ashes47/braids/cmd/braids/main.go:214.2,221.42 3 1
github.com/Ashes47/braids/cmd/braids/main.go:221.42,223.18 2 0
github.com/Ashes47/braids/cmd/braids/main.go:223.18,225.5 1 0
github.com/Ashes47/braids/cmd/braids/main.go:226.4,226.31 1 0
github.com/Ashes47/braids/cmd/braids/main.go:228.71,230.4 1 0
github.com/Ashes47/braids/cmd/braids/main.go:231.67,233.4 1 0
github.com/Ashes47/braids/cmd/braids/main.go:234.57,236.4 1 0
github.com/Ashes47/braids/cmd/braids/main.go:237.73,239.4 1 0
github.com/Ashes47/braids/cmd/braids/main.go:244.43,245.18 1 0
github.com/Ashes47/braids/cmd/braids/main.go:245.18,247.5 1 0
github.com/Ashes47/braids/cmd/braids/main.go:248.4,248.34 1 0
github.com/Ashes47/braids/cmd/braids/main.go:250.53,251.16 1 0
github.com/Ashes47/braids/cmd/braids/main.go:251.16,253.5 1 0
github.com/Ashes47/braids/cmd/braids/main.go:254.4,254.31 1 0
github.com/Ashes47/braids/cmd/braids/main.go:256.46,258.4 1 0
github.com/Ashes47/braids/cmd/braids/main.go:259.50,261.4 1 0
github.com/Ashes47/braids/cmd/braids/main.go:262.42,264.55 1 0
github.com/Ashes47/braids/cmd/braids/main.go:264.55,266.5 1 0
github.com/Ashes47/braids/cmd/braids/main.go:267.4,267.21 1 0
github.com/Ashes47/braids/cmd/braids/main.go:269.34,272.4 2 0
github.com/Ashes47/braids/cmd/braids/main.go:274.54,276.4 1 0
github.com/Ashes47/braids/cmd/braids/main.go:279.58,281.4 1 0
github.com/Ashes47/braids/cmd/braids/main.go:282.86,284.18 2 0
github.com/Ashes47/braids/cmd/braids/main.go:284.18,286.5 1 0
github.com/Ashes47/braids/cmd/braids/main.go:287.4,287.17 1 0
github.com/Ashes47/braids/cmd/braids/main.go:287.17,290.56 1 0
github.com/Ashes47/braids/cmd/braids/main.go:290.56,292.6 1 0
github.com/Ashes47/braids/cmd/braids/main.go:294.4,294.18 1 0
github.com/Ashes47/braids/cmd/braids/main.go:296.42,297.64 1 0
github.com/Ashes47/braids/cmd/braids/main.go:297.64,299.5 1 0
github.com/Ashes47/braids/cmd/braids/main.go:300.4,300.61 1 0
github.com/Ashes47/braids/cmd/braids/main.go:303.2,303.13 1 1
github.com/Ashes47/braids/cmd/braids/main.go:303.13,305.3 1 1
github.com/Ashes47/braids/cmd/braids/main.go:306.2,307.16 2 0
github.com/Ashes47/braids/cmd/braids/main.go:307.16,309.3 1 0
github.com/Ashes47/braids/cmd/braids/main.go:310.2,311.18 2 0
github.com/Ashes47/braids/cmd/braids/main.go:314.50,320.39 6 3
github.com/Ashes47/braids/cmd/braids/main.go:320.39,322.3 1 0
github.com/Ashes47/braids/cmd/braids/main.go:324.2,325.15 2 3
github.com/Ashes47/braids/cmd/braids/main.go:325.15,327.54 2 0
github.com/Ashes47/braids/cmd/braids/main.go:327.54,329.4 1 0
github.com/Ashes47/braids/cmd/braids/main.go:331.2,332.16 2 3
github.com/Ashes47/braids/cmd/braids/main.go:332.16,334.3 1 0
github.com/Ashes47/braids/cmd/braids/main.go:335.2,339.11 4 3
github.com/Ashes47/braids/cmd/braids/main.go:339.11,341.3 1 0
github.com/Ashes47/braids/cmd/braids/main.go:342.2,343.16 2 3
github.com/Ashes47/braids/cmd/braids/main.go:343.16,345.3 1 0
github.com/Ashes47/braids/cmd/braids/main.go:346.2,348.18 2 3
github.com/Ashes47/braids/cmd/braids/main.go:351.51,359.16 8 8
github.com/Ashes47/braids/cmd/braids/main.go:359.16,361.3 1 0
github.com/Ashes47/braids/cmd/braids/main.go:362.2,363.36 2 8
github.com/Ashes47/braids/cmd/braids/main.go:363.36,365.3 1 1
github.com/Ashes47/braids/cmd/braids/main.go:366.2,367.16 2 7
github.com/Ashes47/braids/cmd/braids/main.go:367.16,369.3 1 1
github.com/Ashes47/braids/cmd/braids/main.go:371.2,372.16 2 6
github.com/Ashes47/braids/cmd/braids/main.go:372.16,374.3 1 0
github.com/Ashes47/braids/cmd/braids/main.go:375.2,380.16 4 6
github.com/Ashes47/braids/cmd/braids/main.go:380.16,382.3 1 0
github.com/Ashes47/braids/cmd/braids/main.go:383.2,383.20 1 6
github.com/Ashes47/braids/cmd/braids/main.go:383.20,386.3 2 1
github.com/Ashes47/braids/cmd/braids/main.go:388.2,389.25 2 5
github.com/Ashes47/braids/cmd/braids/main.go:389.25,391.92 1 7
github.com/Ashes47/braids/cmd/braids/main.go:391.92,393.4 1 0
github.com/Ashes47/braids/cmd/braids/main.go:395.2,395.35 1 5
github.com/Ashes47/braids/cmd/braids/main.go:395.35,397.3 1 0
github.com/Ashes47/braids/cmd/braids/main.go:398.2,399.18 2 5
github.com/Ashes47/braids/cmd/braids/main.go:402.51,409.39 7 0
github.com/Ashes47/braids/cmd/braids/main.go:409.39,411.3 1 0
github.com/Ashes47/braids/cmd/braids/main.go:412.2,412.32 1 0
github.com/Ashes47/braids/cmd/braids/main.go:412.32,414.3 1 0
github.com/Ashes47/braids/cmd/braids/main.go:416.2,417.16 2 0
github.com/Ashes47/braids/cmd/braids/main.go:417.16,419.3 1 0
github.com/Ashes47/braids/cmd/braids/main.go:420.2,421.16 2 0
github.com/Ashes47/braids/cmd/braids/main.go:421.16,423.3 1 0
github.com/Ashes47/braids/cmd/braids/main.go:424.2,428.16 4 0
github.com/Ashes47/braids/cmd/braids/main.go:428.16,430.3 1 0
github.com/Ashes47/braids/cmd/braids/main.go:431.2,432.16 2 0
github.com/Ashes47/braids/cmd/braids/main.go:432.16,434.3 1 0
github.com/Ashes47/braids/cmd/braids/main.go:438.2,438.16 1 0
github.com/Ashes47/braids/cmd/braids/main.go:438.16,440.17 2 0
github.com/Ashes47/braids/cmd/braids/main.go:440.17,442.4 1 0
github.com/Ashes47/braids/cmd/braids/main.go:443.3,443.48 1 0
github.com/Ashes47/braids/cmd/braids/main.go:443.48,445.4 1 0
github.com/Ashes47/braids/cmd/braids/main.go:447.2,448.16 2 0
github.com/Ashes47/braids/cmd/braids/main.go:448.16,450.3 1 0
github.com/Ashes47/braids/cmd/braids/main.go:451.2,451.16 1 0
github.com/Ashes47/braids/cmd/braids/main.go:451.16,452.57 1 0
github.com/Ashes47/braids/cmd/braids/main.go:452.57,454.4 1 0
github.com/Ashes47/braids/cmd/braids/main.go:457.2,458.16 2 0
github.com/Ashes47/braids/cmd/braids/main.go:458.16,460.3 1 0
github.com/Ashes47/braids/cmd/braids/main.go:461.2,461.62 1 0
github.com/Ashes47/braids/cmd/braids/main.go:461.62,463.3 1 0
github.com/Ashes47/braids/cmd/braids/main.go:464.2,465.16 2 0
github.com/Ashes47/braids/cmd/braids/main.go:465.16,467.3 1 0
github.com/Ashes47/braids/cmd/braids/main.go:468.2,471.18 3 0
github.com/Ashes47/braids/cmd/braids/main.go:476.149,478.16 2 0
github.com/Ashes47/braids/cmd/braids/main.go:478.16,480.3 1 0
github.com/Ashes47/braids/cmd/braids/main.go:481.2,482.16 2 0
github.com/Ashes47/braids/cmd/braids/main.go:482.16,484.3 1 0
github.com/Ashes47/braids/cmd/braids/main.go:485.2,486.25 2 0
github.com/Ashes47/braids/cmd/braids/main.go:486.25,487.20 1 0
github.com/Ashes47/braids/cmd/braids/main.go:487.20,489.9 2 0
github.com/Ashes47/braids/cmd/braids/main.go:492.2,492.18 1 0
github.com/Ashes47/braids/cmd/braids/main.go:492.18,494.3 1 0
github.com/Ashes47/braids/cmd/braids/main.go:495.2,496.16 2 0
github.com/Ashes47/braids/cmd/braids/main.go:496.16,498.3 1 0
github.com/Ashes47/braids/cmd/braids/main.go:499.2,502.16 2 0
github.com/Ashes47/braids/cmd/braids/main.go:502.16,504.3 1 0
github.com/Ashes47/braids/cmd/braids/main.go:507.2,507.96 1 0
github.com/Ashes47/braids/cmd/braids/main.go:507.96,509.3 1 0
github.com/Ashes47/braids/cmd/braids/main.go:510.2,510.23 1 0
github.com/Ashes47/braids/cmd/braids/main.go:514.46,516.2 1 4
github.com/Ashes47/braids/cmd/braids/main.go:519.44,520.15 1 0
github.com/Ashes47/braids/cmd/braids/main.go:520.15,522.3 1 0
github.com/Ashes47/braids/cmd/braids/main.go:523.2,523.18 1 0
github.com/Ashes47/braids/cmd/braids/main.go:526.52,531.39 5 0
github.com/Ashes47/braids/cmd/braids/main.go:531.39,533.3 1 0
github.com/Ashes47/braids/cmd/braids/main.go:534.2,534.20 1 0
github.com/Ashes47/braids/cmd/braids/main.go:534.20,536.3 1 0
github.com/Ashes47/braids/cmd/braids/main.go:537.2,538.16 2 0
github.com/Ashes47/braids/cmd/braids/main.go:538.16,540.3 1 0
github.com/Ashes47/braids/cmd/braids/main.go:541.2,542.16 2 0
github.com/Ashes47/braids/cmd/braids/main.go:542.16,544.3 1 0
github.com/Ashes47/braids/cmd/braids/main.go:545.2,549.16 4 0
github.com/Ashes47/braids/cmd/braids/main.go:549.16,551.3 1 0
github.com/Ashes47/braids/cmd/braids/main.go:552.2,553.16 2 0
github.com/Ashes47/braids/cmd/braids/main.go:553.16,555.3 1 0
github.com/Ashes47/braids/cmd/braids/main.go:556.2,557.16 2 0
github.com/Ashes47/braids/cmd/braids/main.go:557.16,559.3 1 0
github.com/Ashes47/braids/cmd/braids/main.go:560.2,561.16 2 0
github.com/Ashes47/braids/cmd/braids/main.go:561.16,563.3 1 0
github.com/Ashes47/braids/cmd/braids/main.go:564.2,565.16 2 0
github.com/Ashes47/braids/cmd/braids/main.go:565.16,567.3 1 0
github.com/Ashes47/braids/cmd/braids/main.go:568.2,570.18 2 0
github.com/Ashes47/braids/cmd/braids/main.go:574.83,575.22 1 0
github.com/Ashes47/braids/cmd/braids/main.go:575.22,577.3 1 0
github.com/Ashes47/braids/cmd/braids/main.go:578.2,578.15 1 0
github.com/Ashes47/braids/cmd/braids/main.go:578.15,579.23 1 0
github.com/Ashes47/braids/cmd/braids/main.go:579.23,581.4 1 0
github.com/Ashes47/braids/cmd/braids/main.go:582.3,582.104 1 0
github.com/Ashes47/braids/cmd/braids/main.go:584.2,585.27 2 0
github.com/Ashes47/braids/cmd/braids/main.go:585.27,586.35 1 0
github.com/Ashes47/braids/cmd/braids/main.go:586.35,588.4 1 0
github.com/Ashes47/braids/cmd/braids/main.go:590.2,590.20 1 0
github.com/Ashes47/braids/cmd/braids/main.go:591.9,592.76 1 0
github.com/Ashes47/braids/cmd/braids/main.go:593.9,594.23 1 0
github.com/Ashes47/braids/cmd/braids/main.go:595.10,596.85 1 0
github.com/Ashes47/braids/cmd/braids/main.go:600.51,604.39 4 0
github.com/Ashes47/braids/cmd/braids/main.go:604.39,606.3 1 0
github.com/Ashes47/braids/cmd/braids/main.go:607.2,607.20 1 0
github.com/Ashes47/braids/cmd/braids/main.go:607.20,609.3 1 0
github.com/Ashes47/braids/cmd/braids/main.go:610.2,611.16 2 0
github.com/Ashes47/braids/cmd/braids/main.go:611.16,613.3 1 0
github.com/Ashes47/braids/cmd/braids/main.go:614.2,618.16 4 0
github.com/Ashes47/braids/cmd/braids/main.go:618.16,620.3 1 0
github.com/Ashes47/braids/cmd/braids/main.go:621.2,622.16 2 0
github.com/Ashes47/braids/cmd/braids/main.go:622.16,624.3 1 0
github.com/Ashes47/braids/cmd/braids/main.go:625.2,625.22 1 0
github.com/Ashes47/braids/cmd/braids/main.go:625.22,628.3 2 0
github.com/Ashes47/braids/cmd/braids/main.go:629.2,631.27 3 0
github.com/Ashes47/braids/cmd/braids/main.go:631.27,634.3 1 0
github.com/Ashes47/braids/cmd/braids/main.go:635.2,635.25 1 0
github.com/Ashes47/braids/cmd/braids/main.go:635.25,636.48 1 0
github.com/Ashes47/braids/cmd/braids/main.go:636.48,638.4 1 0
github.com/Ashes47/braids/cmd/braids/main.go:640.2,640.35 1 0
github.com/Ashes47/braids/cmd/braids/main.go:640.35,642.3 1 0
github.com/Ashes47/braids/cmd/braids/main.go:643.2,643.18 1 0
github.com/Ashes47/braids/cmd/braids/main.go:648.110,650.16 2 0
github.com/Ashes47/braids/cmd/braids/main.go:650.16,652.3 1 0
github.com/Ashes47/braids/cmd/braids/main.go:653.2,653.27 1 0
github.com/Ashes47/braids/cmd/braids/main.go:653.27,654.22 1 0
github.com/Ashes47/braids/cmd/braids/main.go:654.22,655.12 1 0
github.com/Ashes47/braids/cmd/braids/main.go:657.3,659.17 2 0
github.com/Ashes47/braids/cmd/braids/main.go:659.17,661.4 1 0
github.com/Ashes47/braids/cmd/braids/main.go:662.3,662.32 1 0
github.com/Ashes47/braids/cmd/braids/main.go:664.2,664.83 1 0
github.com/Ashes47/braids/cmd/braids/main.go:669.138,671.16 2 0
github.com/Ashes47/braids/cmd/braids/main.go:671.16,673.3 1 0
github.com/Ashes47/braids/cmd/braids/main.go:674.2,674.27 1 0
github.com/Ashes47/braids/cmd/braids/main.go:674.27,675.22 1 0
github.com/Ashes47/braids/cmd/braids/main.go:675.22,676.12 1 0
github.com/Ashes47/braids/cmd/braids/main.go:678.3,679.17 2 0
github.com/Ashes47/braids/cmd/braids/main.go:679.17,681.4 1 0
github.com/Ashes47/braids/cmd/braids/main.go:682.3,683.17 2 0
github.com/Ashes47/braids/cmd/braids/main.go:683.17,685.4 1 0
github.com/Ashes47/braids/cmd/braids/main.go:689.3,689.101 1 0
[...]
github.com/Ashes47/braids/internal/tui/spineview.go:90.2,90.29 1 37
github.com/Ashes47/braids/internal/tui/spineview.go:90.29,94.3 3 125
github.com/Ashes47/braids/internal/tui/spineview.go:95.2,98.11 4 37
github.com/Ashes47/braids/internal/tui/spineview.go:102.41,103.48 1 23
github.com/Ashes47/braids/internal/tui/spineview.go:103.48,105.3 1 0
github.com/Ashes47/braids/internal/tui/spineview.go:106.2,106.28 1 23
github.com/Ashes47/braids/internal/tui/spineview.go:109.46,110.14 1 251
github.com/Ashes47/braids/internal/tui/spineview.go:110.14,112.3 1 30
github.com/Ashes47/braids/internal/tui/spineview.go:113.2,113.19 1 221
github.com/Ashes47/braids/internal/tui/spineview.go:123.30,125.9 2 61
github.com/Ashes47/braids/internal/tui/spineview.go:126.22,127.21 1 44
github.com/Ashes47/braids/internal/tui/spineview.go:128.10,130.28 2 17
github.com/Ashes47/braids/internal/tui/spineview.go:130.28,131.38 1 68
github.com/Ashes47/braids/internal/tui/spineview.go:131.38,133.5 1 18
github.com/Ashes47/braids/internal/tui/spineview.go:136.2,136.25 1 61
github.com/Ashes47/braids/internal/tui/spineview.go:140.43,141.48 1 61
github.com/Ashes47/braids/internal/tui/spineview.go:141.48,143.3 1 37
github.com/Ashes47/braids/internal/tui/spineview.go:144.2,144.36 1 24
github.com/Ashes47/braids/internal/tui/spineview.go:149.51,150.15 1 61
github.com/Ashes47/braids/internal/tui/spineview.go:150.15,151.31 1 24
github.com/Ashes47/braids/internal/tui/spineview.go:151.31,152.24 1 33
github.com/Ashes47/braids/internal/tui/spineview.go:152.24,155.5 2 19
github.com/Ashes47/braids/internal/tui/spineview.go:158.2,158.57 1 42
github.com/Ashes47/braids/internal/tui/spineview.go:161.32,162.19 1 57
github.com/Ashes47/braids/internal/tui/spineview.go:162.19,164.3 1 0
github.com/Ashes47/braids/internal/tui/spineview.go:165.2,165.20 1 57
github.com/Ashes47/braids/internal/tui/spineview.go:165.20,167.3 1 0
github.com/Ashes47/braids/internal/tui/spineview.go:168.2,168.19 1 57
github.com/Ashes47/braids/internal/tui/spineview.go:168.19,170.3 1 0
github.com/Ashes47/braids/internal/tui/spineview.go:171.2,171.42 1 57
github.com/Ashes47/braids/internal/tui/spineview.go:174.37,175.19 1 68
github.com/Ashes47/braids/internal/tui/spineview.go:175.19,177.3 1 0
github.com/Ashes47/braids/internal/tui/spineview.go:178.2,178.20 1 68
github.com/Ashes47/braids/internal/tui/spineview.go:178.20,180.3 1 0
github.com/Ashes47/braids/internal/tui/spineview.go:181.2,181.19 1 68
github.com/Ashes47/braids/internal/tui/spineview.go:181.19,183.3 1 0
github.com/Ashes47/braids/internal/tui/spineview.go:184.2,185.90 1 68
github.com/Ashes47/braids/internal/tui/spineview.go:190.34,191.47 1 31
github.com/Ashes47/braids/internal/tui/spineview.go:191.47,193.3 1 0
github.com/Ashes47/braids/internal/tui/spineview.go:194.2,194.52 1 31
github.com/Ashes47/braids/internal/tui/spineview.go:199.57,200.24 1 34
github.com/Ashes47/braids/internal/tui/spineview.go:200.24,202.3 1 0
github.com/Ashes47/braids/internal/tui/spineview.go:203.2,205.25 3 34
github.com/Ashes47/braids/internal/tui/spineview.go:205.25,206.67 1 3
github.com/Ashes47/braids/internal/tui/spineview.go:206.67,208.4 1 3
github.com/Ashes47/braids/internal/tui/spineview.go:210.2,210.24 1 34
github.com/Ashes47/braids/internal/tui/spineview.go:210.24,211.63 1 2
github.com/Ashes47/braids/internal/tui/spineview.go:211.63,213.4 1 2
github.com/Ashes47/braids/internal/tui/spineview.go:215.2,216.28 2 34
github.com/Ashes47/braids/internal/tui/spineview.go:216.28,218.3 1 1
github.com/Ashes47/braids/internal/tui/spineview.go:219.2,221.10 3 34
github.com/Ashes47/braids/internal/tui/spineview.go:225.35,226.30 1 6
github.com/Ashes47/braids/internal/tui/spineview.go:226.30,230.3 3 2
github.com/Ashes47/braids/internal/tui/spineview.go:231.2,233.10 3 4
github.com/Ashes47/braids/internal/tui/spineview.go:236.54,238.21 2 69
github.com/Ashes47/braids/internal/tui/spineview.go:238.21,240.3 1 10
github.com/Ashes47/braids/internal/tui/spineview.go:241.2,241.23 1 59
github.com/Ashes47/braids/internal/tui/spineview.go:241.23,245.3 3 23
github.com/Ashes47/braids/internal/tui/spineview.go:246.2,246.13 1 36
github.com/Ashes47/braids/internal/tui/spineview.go:247.39,248.29 1 5
github.com/Ashes47/braids/internal/tui/spineview.go:249.11,250.31 1 1
github.com/Ashes47/braids/internal/tui/spineview.go:251.29,253.23 2 4
github.com/Ashes47/braids/internal/tui/spineview.go:253.23,255.4 1 3
github.com/Ashes47/braids/internal/tui/spineview.go:256.3,256.22 1 1
github.com/Ashes47/braids/internal/tui/spineview.go:256.22,259.4 2 0
github.com/Ashes47/braids/internal/tui/spineview.go:260.3,260.41 1 1
github.com/Ashes47/braids/internal/tui/spineview.go:261.19,262.47 1 7
github.com/Ashes47/braids/internal/tui/spineview.go:263.17,264.48 1 2
github.com/Ashes47/braids/internal/tui/spineview.go:265.19,266.15 1 0
github.com/Ashes47/braids/internal/tui/spineview.go:267.18,268.32 1 0
github.com/Ashes47/braids/internal/tui/spineview.go:269.26,270.33 1 0
github.com/Ashes47/braids/internal/tui/spineview.go:271.24,272.33 1 0
github.com/Ashes47/braids/internal/tui/spineview.go:273.11,274.25 1 1
github.com/Ashes47/braids/internal/tui/spineview.go:275.11,276.30 1 12
github.com/Ashes47/braids/internal/tui/spineview.go:277.11,278.32 1 0
github.com/Ashes47/braids/internal/tui/spineview.go:279.11,281.16 2 1
github.com/Ashes47/braids/internal/tui/spineview.go:282.11,284.30 2 2
github.com/Ashes47/braids/internal/tui/spineview.go:285.11,287.30 2 0
github.com/Ashes47/braids/internal/tui/spineview.go:288.11,289.48 1 1
github.com/Ashes47/braids/internal/tui/spineview.go:290.11,291.49 1 0
github.com/Ashes47/braids/internal/tui/spineview.go:293.2,294.15 2 11
github.com/Ashes47/braids/internal/tui/spineview.go:297.30,299.14 2 39
github.com/Ashes47/braids/internal/tui/spineview.go:299.14,301.3 1 0
github.com/Ashes47/braids/internal/tui/spineview.go:302.2,302.32 1 39
github.com/Ashes47/braids/internal/tui/spineview.go:302.32,304.3 1 0
github.com/Ashes47/braids/internal/tui/spineview.go:305.2,305.18 1 39
github.com/Ashes47/braids/internal/tui/spineview.go:305.18,307.3 1 0
github.com/Ashes47/braids/internal/tui/spineview.go:308.2,309.25 2 39
github.com/Ashes47/braids/internal/tui/spineview.go:309.25,311.3 1 0
github.com/Ashes47/braids/internal/tui/spineview.go:312.2,312.28 1 39
github.com/Ashes47/braids/internal/tui/spineview.go:312.28,314.3 1 0
github.com/Ashes47/braids/internal/tui/spineview.go:315.2,315.18 1 39
github.com/Ashes47/braids/internal/tui/spineview.go:315.18,317.3 1 0
github.com/Ashes47/braids/internal/tui/spineview.go:320.37,331.9 10 26
github.com/Ashes47/braids/internal/tui/spineview.go:332.20,335.32 3 1
github.com/Ashes47/braids/internal/tui/spineview.go:335.32,337.4 1 8
github.com/Ashes47/braids/internal/tui/spineview.go:338.27,341.32 3 4
github.com/Ashes47/braids/internal/tui/spineview.go:341.32,343.4 1 32
github.com/Ashes47/braids/internal/tui/spineview.go:344.10,347.61 3 21
github.com/Ashes47/braids/internal/tui/spineview.go:347.61,353.66 4 73
github.com/Ashes47/braids/internal/tui/spineview.go:353.66,357.5 3 3
github.com/Ashes47/braids/internal/tui/spineview.go:359.3,359.36 1 21
github.com/Ashes47/braids/internal/tui/spineview.go:359.36,361.4 1 111
github.com/Ashes47/braids/internal/tui/spineview.go:363.2,366.19 4 26
github.com/Ashes47/braids/internal/tui/spineview.go:370.36,378.15 6 3
github.com/Ashes47/braids/internal/tui/spineview.go:378.15,380.3 1 1
github.com/Ashes47/braids/internal/tui/spineview.go:381.2,382.17 2 3
github.com/Ashes47/braids/internal/tui/spineview.go:382.17,385.3 1 1
github.com/Ashes47/braids/internal/tui/spineview.go:386.2,389.29 1 3
github.com/Ashes47/braids/internal/tui/spineview.go:394.37,396.9 2 26
github.com/Ashes47/braids/internal/tui/spineview.go:397.23,398.32 1 1
github.com/Ashes47/braids/internal/tui/spineview.go:399.22,401.15 2 13
github.com/Ashes47/braids/internal/tui/spineview.go:401.15,403.4 1 8
github.com/Ashes47/braids/internal/tui/spineview.go:404.3,404.38 1 13
github.com/Ashes47/braids/internal/tui/spineview.go:405.10,406.47 1 12
github.com/Ashes47/braids/internal/tui/spineview.go:410.43,411.25 1 4
github.com/Ashes47/braids/internal/tui/spineview.go:411.25,413.3 1 1
github.com/Ashes47/braids/internal/tui/spineview.go:414.2,414.41 1 3
github.com/Ashes47/braids/internal/tui/spineview.go:417.36,419.16 2 26
github.com/Ashes47/braids/internal/tui/spineview.go:419.16,421.3 1 0
github.com/Ashes47/braids/internal/tui/spineview.go:422.2,423.25 2 26
github.com/Ashes47/braids/internal/tui/spineview.go:423.25,425.3 1 2
github.com/Ashes47/braids/internal/tui/spineview.go:426.2,426.88 1 26
github.com/Ashes47/braids/internal/tui/spineview.go:430.35,432.2 1 26
github.com/Ashes47/braids/internal/tui/spineview.go:434.36,436.35 2 214
github.com/Ashes47/braids/internal/tui/spineview.go:436.35,437.30 1 743
github.com/Ashes47/braids/internal/tui/spineview.go:437.30,440.4 2 152
github.com/Ashes47/braids/internal/tui/spineview.go:442.2,445.27 4 214
github.com/Ashes47/braids/internal/tui/spineview.go:445.27,447.3 1 24
github.com/Ashes47/braids/internal/tui/spineview.go:448.2,454.14 2 214
github.com/Ashes47/braids/internal/tui/spineview.go:458.26,467.2 1 214
github.com/Ashes47/braids/internal/tui/spineview.go:471.38,480.2 2 214
github.com/Ashes47/braids/internal/tui/spineview.go:488.48,489.9 1 218
github.com/Ashes47/braids/internal/tui/spineview.go:490.32,491.16 1 63
github.com/Ashes47/braids/internal/tui/spineview.go:492.19,493.43 1 133
github.com/Ashes47/braids/internal/tui/spineview.go:494.17,495.46 1 1
github.com/Ashes47/braids/internal/tui/spineview.go:496.10,497.68 1 21
github.com/Ashes47/braids/internal/tui/spineview.go:501.38,504.19 3 26
github.com/Ashes47/braids/internal/tui/spineview.go:504.19,506.3 1 0
github.com/Ashes47/braids/internal/tui/spineview.go:507.2,507.103 1 26
github.com/Ashes47/braids/internal/tui/spineview.go:516.66,518.9 2 73
github.com/Ashes47/braids/internal/tui/spineview.go:519.23,520.40 1 1
github.com/Ashes47/braids/internal/tui/spineview.go:521.24,522.42 1 0
github.com/Ashes47/braids/internal/tui/spineview.go:523.23,524.40 1 2
github.com/Ashes47/braids/internal/tui/spineview.go:525.10,526.42 1 70
github.com/Ashes47/braids/internal/tui/spineview.go:528.2,528.14 1 73
github.com/Ashes47/braids/internal/tui/spineview.go:528.14,530.3 1 21
github.com/Ashes47/braids/internal/tui/spineview.go:531.2,531.15 1 52
github.com/Ashes47/braids/internal/tui/spineview.go:538.73,544.14 4 1
github.com/Ashes47/braids/internal/tui/spineview.go:544.14,546.3 1 0
github.com/Ashes47/braids/internal/tui/spineview.go:547.2,551.22 3 1
github.com/Ashes47/braids/internal/tui/spineview.go:555.27,557.17 2 9
github.com/Ashes47/braids/internal/tui/spineview.go:557.17,559.3 1 3
github.com/Ashes47/braids/internal/tui/spineview.go:560.2,561.30 2 6
github.com/Ashes47/braids/internal/tui/spineview.go:561.30,562.33 1 36
github.com/Ashes47/braids/internal/tui/spineview.go:562.33,564.4 1 8
github.com/Ashes47/braids/internal/tui/spineview.go:565.3,565.23 1 36
github.com/Ashes47/braids/internal/tui/spineview.go:567.2,567.20 1 6
github.com/Ashes47/braids/internal/tui/spineview.go:572.72,578.18 5 0
github.com/Ashes47/braids/internal/tui/spineview.go:578.18,580.3 1 0
github.com/Ashes47/braids/internal/tui/spineview.go:581.2,582.19 2 0
github.com/Ashes47/braids/internal/tui/spineview.go:582.19,584.3 1 0
github.com/Ashes47/braids/internal/tui/spineview.go:585.2,590.22 4 0
github.com/Ashes47/braids/internal/tui/spineview.go:595.64,598.16 3 2
github.com/Ashes47/braids/internal/tui/spineview.go:598.16,600.3 1 0
github.com/Ashes47/braids/internal/tui/spineview.go:601.2,605.19 4 2
github.com/Ashes47/braids/internal/tui/spineview.go:605.19,607.3 1 0
github.com/Ashes47/braids/internal/tui/spineview.go:608.2,613.22 4 2
github.com/Ashes47/braids/internal/tui/spineview.go:616.71,620.37 3 70
github.com/Ashes47/braids/internal/tui/spineview.go:620.37,622.3 1 15
github.com/Ashes47/braids/internal/tui/spineview.go:623.2,627.19 3 70
github.com/Ashes47/braids/internal/tui/spineview.go:627.19,629.3 1 0
github.com/Ashes47/braids/internal/tui/spineview.go:631.2,633.18 3 70
github.com/Ashes47/braids/internal/tui/spineview.go:634.20,636.59 2 16
github.com/Ashes47/braids/internal/tui/spineview.go:637.10,640.33 3 54
github.com/Ashes47/braids/internal/tui/spineview.go:640.33,642.4 1 35
github.com/Ashes47/braids/internal/tui/spineview.go:643.3,644.58 2 54
github.com/Ashes47/braids/internal/tui/spineview.go:644.58,647.4 2 0
github.com/Ashes47/braids/internal/tui/spineview.go:649.2,659.22 6 70
github.com/Ashes47/braids/internal/tui/spineview.go:663.36,667.21 2 12
github.com/Ashes47/braids/internal/tui/spineview.go:667.21,670.3 2 1
github.com/Ashes47/braids/internal/tui/spineview.go:671.2,671.44 1 11
github.com/Ashes47/braids/internal/tui/spineview.go:671.44,674.3 2 1
github.com/Ashes47/braids/internal/tui/spineview.go:675.2,676.21 2 10
github.com/Ashes47/braids/internal/tui/spineview.go:676.21,679.51 1 1
github.com/Ashes47/braids/internal/tui/spineview.go:679.51,684.4 4 1
github.com/Ashes47/braids/internal/tui/spineview.go:685.3,686.11 2 0
github.com/Ashes47/braids/internal/tui/spineview.go:688.2,688.21 1 9
github.com/Ashes47/braids/internal/tui/spineview.go:688.21,691.3 2 1
github.com/Ashes47/braids/internal/tui/spineview.go:692.2,693.30 2 8
github.com/Ashes47/braids/internal/tui/spineview.go:693.30,696.3 2 1
github.com/Ashes47/braids/internal/tui/spineview.go:697.2,699.10 3 7
github.com/Ashes47/braids/internal/tui/spineview.go:702.44,704.13 2 10
github.com/Ashes47/braids/internal/tui/spineview.go:705.13,706.27 1 0
github.com/Ashes47/braids/internal/tui/spineview.go:707.15,708.26 1 4
github.com/Ashes47/braids/internal/tui/spineview.go:709.13,710.30 1 4
github.com/Ashes47/braids/internal/tui/spineview.go:711.10,712.21 1 2
github.com/Ashes47/braids/internal/tui/spineview.go:714.2,714.10 1 2
github.com/Ashes47/braids/internal/tui/spineview.go:720.37,730.16 8 4
github.com/Ashes47/braids/internal/tui/spineview.go:730.16,733.3 2 1
github.com/Ashes47/braids/internal/tui/spineview.go:734.2,735.22 2 3
github.com/Ashes47/braids/internal/tui/spineview.go:735.22,737.17 2 0
github.com/Ashes47/braids/internal/tui/spineview.go:737.17,740.4 2 0
github.com/Ashes47/braids/internal/tui/spineview.go:741.3,741.22 1 0
github.com/Ashes47/braids/internal/tui/spineview.go:743.2,744.10 2 3
github.com/Ashes47/braids/internal/tui/spineview.go:750.41,752.17 2 4
github.com/Ashes47/braids/internal/tui/spineview.go:752.17,756.3 3 1
github.com/Ashes47/braids/internal/tui/spineview.go:757.2,757.26 1 3
github.com/Ashes47/braids/internal/tui/spineview.go:757.26,758.50 1 2
github.com/Ashes47/braids/internal/tui/spineview.go:758.50,761.4 2 1
github.com/Ashes47/braids/internal/tui/spineview.go:763.2,765.10 3 2
github.com/Ashes47/braids/internal/tui/spineview.go:770.40,771.15 1 6
github.com/Ashes47/braids/internal/tui/spineview.go:771.15,773.3 1 2
github.com/Ashes47/braids/internal/tui/spineview.go:774.2,774.18 1 4
github.com/Ashes47/braids/internal/tui/spineview.go:779.44,782.26 3 11
github.com/Ashes47/braids/internal/tui/spineview.go:782.26,784.33 2 45
github.com/Ashes47/braids/internal/tui/spineview.go:784.33,785.12 1 26
github.com/Ashes47/braids/internal/tui/spineview.go:787.3,788.20 2 19
github.com/Ashes47/braids/internal/tui/spineview.go:788.20,789.9 1 1
github.com/Ashes47/braids/internal/tui/spineview.go:792.2,792.19 1 11
github.com/Ashes47/braids/internal/tui/spineview.go:792.19,794.3 1 2
github.com/Ashes47/braids/internal/tui/spineview.go:795.2,795.31 1 9
github.com/Ashes47/braids/internal/tui/spineview.go:810.54,811.29 1 3
github.com/Ashes47/braids/internal/tui/spineview.go:811.29,814.3 2 0
github.com/Ashes47/braids/internal/tui/spineview.go:815.2,826.10 11 3
github.com/Ashes47/braids/internal/tui/spineview.go:830.48,831.9 1 3
github.com/Ashes47/braids/internal/tui/spineview.go:832.36,833.32 1 3
github.com/Ashes47/braids/internal/tui/spineview.go:834.20,835.16 1 0
github.com/Ashes47/braids/internal/tui/spineview.go:836.10,837.16 1 0
github.com/Ashes47/braids/internal/tui/spineview.go:843.37,846.21 3 1
github.com/Ashes47/braids/internal/tui/spineview.go:846.21,848.3 1 1
github.com/Ashes47/braids/internal/tui/spineview.go:848.8,848.49 1 0
github.com/Ashes47/braids/internal/tui/spineview.go:848.49,850.3 1 0
github.com/Ashes47/braids/internal/tui/spineview.go:851.2,851.19 1 1
github.com/Ashes47/braids/internal/tui/spineview.go:851.19,854.3 2 0
github.com/Ashes47/braids/internal/tui/spineview.go:855.2,855.22 1 1
github.com/Ashes47/braids/internal/tui/spineview.go:855.22,858.3 2 0
github.com/Ashes47/braids/internal/tui/spineview.go:859.2,860.16 2 1
github.com/Ashes47/braids/internal/tui/spineview.go:860.16,863.3 2 0
github.com/Ashes47/braids/internal/tui/spineview.go:864.2,865.22 2 1
github.com/Ashes47/braids/internal/tui/spineview.go:865.22,867.24 2 0
github.com/Ashes47/braids/internal/tui/spineview.go:867.24,870.4 2 0
github.com/Ashes47/braids/internal/tui/spineview.go:871.3,871.22 1 0
github.com/Ashes47/braids/internal/tui/spineview.go:873.2,874.10 2 1
github.com/Ashes47/braids/internal/tui/spineview.go:879.64,882.27 3 1
github.com/Ashes47/braids/internal/tui/spineview.go:882.27,883.75 1 5
github.com/Ashes47/braids/internal/tui/spineview.go:883.75,884.12 1 2
github.com/Ashes47/braids/internal/tui/spineview.go:886.3,886.28 1 3
github.com/Ashes47/braids/internal/tui/spineview.go:888.2,888.20 1 1
github.com/Ashes47/braids/internal/tui/spineview.go:892.47,893.30 1 1
github.com/Ashes47/braids/internal/tui/spineview.go:893.30,894.75 1 3
github.com/Ashes47/braids/internal/tui/spineview.go:894.75,896.4 1 1
github.com/Ashes47/braids/internal/tui/spineview.go:898.2,898.17 1 0
github.com/Ashes47/braids/internal/tui/spineview.go:905.54,906.34 1 12
github.com/Ashes47/braids/internal/tui/spineview.go:906.34,908.23 2 18
github.com/Ashes47/braids/internal/tui/spineview.go:908.23,910.4 1 11
github.com/Ashes47/braids/internal/tui/spineview.go:912.2,912.13 1 1
github.com/Ashes47/braids/internal/tui/spineview.go:915.30,917.2 1 18
github.com/Ashes47/braids/internal/tui/spineview.go:920.42,922.30 2 84
github.com/Ashes47/braids/internal/tui/spineview.go:922.30,923.22 1 54
github.com/Ashes47/braids/internal/tui/spineview.go:923.22,924.9 1 0
github.com/Ashes47/braids/internal/tui/spineview.go:926.3,926.63 1 54
github.com/Ashes47/braids/internal/tui/spineview.go:928.2,928.36 1 84
github.com/Ashes47/braids/internal/tui/spineview.go:931.31,931.78 1 72
github.com/Ashes47/braids/internal/tui/state.go:47.60,48.9 1 674
github.com/Ashes47/braids/internal/tui/state.go:49.58,50.20 1 595
github.com/Ashes47/braids/internal/tui/state.go:51.89,52.23 1 2
github.com/Ashes47/braids/internal/tui/state.go:53.48,54.25 1 2
github.com/Ashes47/braids/internal/tui/state.go:55.78,56.22 1 20
github.com/Ashes47/braids/internal/tui/state.go:57.37,58.22 1 2
github.com/Ashes47/braids/internal/tui/state.go:59.10,60.23 1 53
github.com/Ashes47/braids/internal/tui/state.go:65.55,66.28 1 611
github.com/Ashes47/braids/internal/tui/state.go:67.21,68.45 1 43
github.com/Ashes47/braids/internal/tui/state.go:69.37,71.14 1 2
github.com/Ashes47/braids/internal/tui/state.go:72.10,73.15 1 566
github.com/Ashes47/braids/internal/tui/state.go:79.78,80.15 1 104
github.com/Ashes47/braids/internal/tui/state.go:81.35,82.23 1 5
github.com/Ashes47/braids/internal/tui/state.go:83.37,84.24 1 0
github.com/Ashes47/braids/internal/tui/state.go:85.21,86.46 1 12
github.com/Ashes47/braids/internal/tui/state.go:86.46,88.4 1 8
github.com/Ashes47/braids/internal/tui/state.go:89.3,89.23 1 4
github.com/Ashes47/braids/internal/tui/state.go:90.10,91.23 1 87
github.com/Ashes47/braids/internal/tui/theme.go:39.35,40.11 1 86
github.com/Ashes47/braids/internal/tui/theme.go:40.11,42.3 1 86
github.com/Ashes47/braids/internal/tui/theme.go:43.2,43.160 1 0
github.com/Ashes47/braids/internal/tui/theme.go:71.41,73.45 2 85
github.com/Ashes47/braids/internal/tui/theme.go:73.45,73.63 1 595
github.com/Ashes47/braids/internal/tui/theme.go:75.2,104.3 8 85
