mode: atomic
github.com/Ashes47/braids/internal/core/model/model.go:54.49,56.28 2 5
github.com/Ashes47/braids/internal/core/model/model.go:56.28,57.53 1 16
github.com/Ashes47/braids/internal/core/model/model.go:57.53,58.12 1 7
github.com/Ashes47/braids/internal/core/model/model.go:60.3,60.19 1 9
github.com/Ashes47/braids/internal/core/model/model.go:60.19,61.12 1 3
github.com/Ashes47/braids/internal/core/model/model.go:63.3,63.18 1 6
github.com/Ashes47/braids/internal/core/model/model.go:63.18,65.4 1 3
github.com/Ashes47/braids/internal/core/model/model.go:66.3,66.24 1 6
github.com/Ashes47/braids/internal/core/model/model.go:68.2,68.19 1 5
github.com/Ashes47/braids/internal/core/model/model.go:71.54,72.29 1 12
github.com/Ashes47/braids/internal/core/model/model.go:72.29,73.16 1 14
github.com/Ashes47/braids/internal/core/model/model.go:73.16,75.4 1 5
github.com/Ashes47/braids/internal/core/model/model.go:77.2,77.14 1 7
github.com/Ashes47/braids/internal/core/store/claudecode/claudecode.go:33.31,33.61 1 5
github.com/Ashes47/braids/internal/core/store/claudecode/claudecode.go:36.36,38.16 2 0
github.com/Ashes47/braids/internal/core/store/claudecode/claudecode.go:38.16,40.3 1 0
github.com/Ashes47/braids/internal/core/store/claudecode/claudecode.go:41.2,41.56 1 0
github.com/Ashes47/braids/internal/core/store/claudecode/claudecode.go:45.32,45.55 1 6
github.com/Ashes47/braids/internal/core/store/claudecode/claudecode.go:48.52,55.2 1 0
github.com/Ashes47/braids/internal/core/store/claudecode/claudecode.go:60.67,62.16 2 5
github.com/Ashes47/braids/internal/core/store/claudecode/claudecode.go:62.16,64.3 1 0
github.com/Ashes47/braids/internal/core/store/claudecode/claudecode.go:65.2,66.35 2 5
github.com/Ashes47/braids/internal/core/store/claudecode/claudecode.go:66.35,67.23 1 5
github.com/Ashes47/braids/internal/core/store/claudecode/claudecode.go:67.23,68.12 1 0
github.com/Ashes47/braids/internal/core/store/claudecode/claudecode.go:70.3,72.17 3 5
github.com/Ashes47/braids/internal/core/store/claudecode/claudecode.go:72.17,74.4 1 0
github.com/Ashes47/braids/internal/core/store/claudecode/claudecode.go:75.3,75.29 1 5
github.com/Ashes47/braids/internal/core/store/claudecode/claudecode.go:75.29,76.36 1 7
github.com/Ashes47/braids/internal/core/store/claudecode/claudecode.go:76.36,78.5 1 0
github.com/Ashes47/braids/internal/core/store/claudecode/claudecode.go:79.4,79.59 1 7
github.com/Ashes47/braids/internal/core/store/claudecode/claudecode.go:79.59,80.13 1 1
github.com/Ashes47/braids/internal/core/store/claudecode/claudecode.go:82.4,83.18 2 6
github.com/Ashes47/braids/internal/core/store/claudecode/claudecode.go:83.18,85.5 1 0
github.com/Ashes47/braids/internal/core/store/claudecode/claudecode.go:86.4,95.49 3 6
github.com/Ashes47/braids/internal/core/store/claudecode/claudecode.go:95.49,97.5 1 6
github.com/Ashes47/braids/internal/core/store/claudecode/claudecode.go:98.4,98.31 1 6
github.com/Ashes47/braids/internal/core/store/claudecode/claudecode.go:101.2,101.19 1 5
github.com/Ashes47/braids/internal/core/store/claudecode/claudecode.go:106.90,108.16 2 4
github.com/Ashes47/braids/internal/core/store/claudecode/claudecode.go:108.16,110.3 1 0
github.com/Ashes47/braids/internal/core/store/claudecode/claudecode.go:111.2,114.16 3 4
github.com/Ashes47/braids/internal/core/store/claudecode/claudecode.go:114.16,115.35 1 13
github.com/Ashes47/braids/internal/core/store/claudecode/claudecode.go:115.35,117.4 1 0
github.com/Ashes47/braids/internal/core/store/claudecode/claudecode.go:118.3,119.56 2 13
github.com/Ashes47/braids/internal/core/store/claudecode/claudecode.go:119.56,120.12 1 1
github.com/Ashes47/braids/internal/core/store/claudecode/claudecode.go:122.3,123.10 2 12
github.com/Ashes47/braids/internal/core/store/claudecode/claudecode.go:123.10,124.12 1 4
github.com/Ashes47/braids/internal/core/store/claudecode/claudecode.go:126.3,126.36 1 8
github.com/Ashes47/braids/internal/core/store/claudecode/claudecode.go:126.36,128.4 1 1
github.com/Ashes47/braids/internal/core/store/claudecode/claudecode.go:130.2,130.33 1 3
github.com/Ashes47/braids/internal/core/store/claudecode/claudecode.go:130.33,132.3 1 0
github.com/Ashes47/braids/internal/core/store/claudecode/claudecode.go:133.2,133.12 1 3
github.com/Ashes47/braids/internal/core/store/claudecode/claudecode.go:136.44,140.2 3 10
github.com/Ashes47/braids/internal/core/store/claudecode/claudecode.go:144.38,146.21 2 6
github.com/Ashes47/braids/internal/core/store/claudecode/claudecode.go:146.21,148.3 1 0
github.com/Ashes47/braids/internal/core/store/claudecode/claudecode.go:149.2,149.28 1 6
github.com/Ashes47/braids/internal/core/store/claudecode/claudecode.go:154.45,156.16 2 6
github.com/Ashes47/braids/internal/core/store/claudecode/claudecode.go:156.16,158.3 1 0
github.com/Ashes47/braids/internal/core/store/claudecode/claudecode.go:159.2,163.16 4 6
github.com/Ashes47/braids/internal/core/store/claudecode/claudecode.go:163.16,165.26 2 18
github.com/Ashes47/braids/internal/core/store/claudecode/claudecode.go:165.26,166.12 1 14
github.com/Ashes47/braids/internal/core/store/claudecode/claudecode.go:168.3,169.50 2 4
github.com/Ashes47/braids/internal/core/store/claudecode/claudecode.go:169.50,170.12 1 0
github.com/Ashes47/braids/internal/core/store/claudecode/claudecode.go:172.3,172.10 1 4
github.com/Ashes47/braids/internal/core/store/claudecode/claudecode.go:173.28,174.26 1 1
github.com/Ashes47/braids/internal/core/store/claudecode/claudecode.go:175.24,176.18 1 2
github.com/Ashes47/braids/internal/core/store/claudecode/claudecode.go:177.26,178.23 1 1
github.com/Ashes47/braids/internal/core/store/claudecode/claudecode.go:181.2,181.33 1 6
github.com/Ashes47/braids/internal/core/store/claudecode/claudecode.go:181.33,183.3 1 0
github.com/Ashes47/braids/internal/core/store/claudecode/claudecode.go:184.2,184.46 1 6
github.com/Ashes47/braids/internal/core/store/claudecode/claudecode.go:187.37,188.31 1 18
github.com/Ashes47/braids/internal/core/store/claudecode/claudecode.go:188.31,189.30 1 33
github.com/Ashes47/braids/internal/core/store/claudecode/claudecode.go:189.30,191.4 1 4
github.com/Ashes47/braids/internal/core/store/claudecode/claudecode.go:193.2,193.14 1 14
github.com/Ashes47/braids/internal/core/store/claudecode/claudecode.go:196.43,197.25 1 6
github.com/Ashes47/braids/internal/core/store/claudecode/claudecode.go:197.25,198.14 1 15
github.com/Ashes47/braids/internal/core/store/claudecode/claudecode.go:198.14,200.4 1 3
github.com/Ashes47/braids/internal/core/store/claudecode/claudecode.go:202.2,202.11 1 3
github.com/Ashes47/braids/internal/core/store/claudecode/claudecode.go:237.64,238.50 1 12
github.com/Ashes47/braids/internal/core/store/claudecode/claudecode.go:238.50,240.3 1 4
github.com/Ashes47/braids/internal/core/store/claudecode/claudecode.go:241.2,242.16 2 8
github.com/Ashes47/braids/internal/core/store/claudecode/claudecode.go:243.14,244.24 1 6
github.com/Ashes47/braids/internal/core/store/claudecode/claudecode.go:245.19,246.29 1 2
github.com/Ashes47/braids/internal/core/store/claudecode/claudecode.go:247.10,248.32 1 0
github.com/Ashes47/braids/internal/core/store/claudecode/claudecode.go:250.2,251.21 2 8
github.com/Ashes47/braids/internal/core/store/claudecode/claudecode.go:251.21,253.3 1 0
github.com/Ashes47/braids/internal/core/store/claudecode/claudecode.go:254.2,262.9 2 8
github.com/Ashes47/braids/internal/core/store/claudecode/claudecode.go:268.35,269.25 1 8
github.com/Ashes47/braids/internal/core/store/claudecode/claudecode.go:269.25,271.3 1 4
github.com/Ashes47/braids/internal/core/store/claudecode/claudecode.go:272.2,272.32 1 4
github.com/Ashes47/braids/internal/core/store/claudecode/claudecode.go:272.32,274.3 1 1
github.com/Ashes47/braids/internal/core/store/claudecode/claudecode.go:275.2,275.11 1 3
github.com/Ashes47/braids/internal/core/store/claudecode/claudecode.go:280.51,281.19 1 8
github.com/Ashes47/braids/internal/core/store/claudecode/claudecode.go:281.19,283.3 1 0
github.com/Ashes47/braids/internal/core/store/claudecode/claudecode.go:284.2,285.51 2 8
github.com/Ashes47/braids/internal/core/store/claudecode/claudecode.go:285.51,286.36 1 4
github.com/Ashes47/braids/internal/core/store/claudecode/claudecode.go:286.36,288.4 1 0
github.com/Ashes47/braids/internal/core/store/claudecode/claudecode.go:289.3,289.58 1 4
github.com/Ashes47/braids/internal/core/store/claudecode/claudecode.go:291.2,292.53 2 4
github.com/Ashes47/braids/internal/core/store/claudecode/claudecode.go:292.53,294.3 1 0
github.com/Ashes47/braids/internal/core/store/claudecode/claudecode.go:295.2,296.27 2 4
github.com/Ashes47/braids/internal/core/store/claudecode/claudecode.go:296.27,297.30 1 6
github.com/Ashes47/braids/internal/core/store/claudecode/claudecode.go:297.30,299.4 1 6
github.com/Ashes47/braids/internal/core/store/claudecode/claudecode.go:301.2,301.14 1 4
github.com/Ashes47/braids/internal/core/store/claudecode/claudecode.go:304.44,305.16 1 6
github.com/Ashes47/braids/internal/core/store/claudecode/claudecode.go:306.14,307.38 1 2
github.com/Ashes47/braids/internal/core/store/claudecode/claudecode.go:307.38,309.4 1 0
github.com/Ashes47/braids/internal/core/store/claudecode/claudecode.go:310.3,310.62 1 2
github.com/Ashes47/braids/internal/core/store/claudecode/claudecode.go:311.18,312.42 1 1
github.com/Ashes47/braids/internal/core/store/claudecode/claudecode.go:312.42,314.4 1 0
github.com/Ashes47/braids/internal/core/store/claudecode/claudecode.go:315.3,315.70 1 1
github.com/Ashes47/braids/internal/core/store/claudecode/claudecode.go:316.18,317.88 1 1
github.com/Ashes47/braids/internal/core/store/claudecode/claudecode.go:318.21,320.17 2 2
github.com/Ashes47/braids/internal/core/store/claudecode/claudecode.go:320.17,322.4 1 0
github.com/Ashes47/braids/internal/core/store/claudecode/claudecode.go:323.3,323.66 1 2
github.com/Ashes47/braids/internal/core/store/claudecode/claudecode.go:324.10,325.29 1 0
github.com/Ashes47/braids/internal/core/store/claudecode/claudecode.go:330.42,331.19 1 2
github.com/Ashes47/braids/internal/core/store/claudecode/claudecode.go:331.19,333.3 1 0
github.com/Ashes47/braids/internal/core/store/claudecode/claudecode.go:334.2,335.51 2 2
github.com/Ashes47/braids/internal/core/store/claudecode/claudecode.go:335.51,337.3 1 1
github.com/Ashes47/braids/internal/core/store/claudecode/claudecode.go:338.2,339.53 2 1
github.com/Ashes47/braids/internal/core/store/claudecode/claudecode.go:339.53,341.3 1 0
github.com/Ashes47/braids/internal/core/store/claudecode/claudecode.go:342.2,343.29 2 1
github.com/Ashes47/braids/internal/core/store/claudecode/claudecode.go:343.29,344.21 1 1
github.com/Ashes47/braids/internal/core/store/claudecode/claudecode.go:344.21,345.12 1 0
github.com/Ashes47/braids/internal/core/store/claudecode/claudecode.go:347.3,347.18 1 1
github.com/Ashes47/braids/internal/core/store/claudecode/claudecode.go:347.18,349.4 1 0
github.com/Ashes47/braids/internal/core/store/claudecode/claudecode.go:350.3,350.26 1 1
github.com/Ashes47/braids/internal/core/store/claudecode/claudecode.go:352.2,352.19 1 1
github.com/Ashes47/braids/internal/tui/map.go:58.50,70.2 5 8
github.com/Ashes47/braids/internal/tui/map.go:73.27,76.26 3 8
github.com/Ashes47/braids/internal/tui/map.go:76.26,77.28 1 18
github.com/Ashes47/braids/internal/tui/map.go:77.28,79.4 1 1
github.com/Ashes47/braids/internal/tui/map.go:80.3,81.45 2 18
github.com/Ashes47/braids/internal/tui/map.go:83.2,85.31 3 8
github.com/Ashes47/braids/internal/tui/map.go:85.31,86.27 1 13
github.com/Ashes47/braids/internal/tui/map.go:86.27,88.4 1 2
github.com/Ashes47/braids/internal/tui/map.go:93.31,93.68 1 0
github.com/Ashes47/braids/internal/tui/map.go:96.57,97.27 1 5
github.com/Ashes47/braids/internal/tui/map.go:98.30,99.44 1 0
github.com/Ashes47/braids/internal/tui/map.go:100.25,102.12 2 0
github.com/Ashes47/braids/internal/tui/map.go:103.23,104.20 1 5
github.com/Ashes47/braids/internal/tui/map.go:106.2,106.15 1 0
github.com/Ashes47/braids/internal/tui/map.go:110.32,112.2 1 0
github.com/Ashes47/braids/internal/tui/map.go:114.62,115.17 1 5
github.com/Ashes47/braids/internal/tui/map.go:115.17,117.3 1 4
github.com/Ashes47/braids/internal/tui/map.go:118.2,118.22 1 1
github.com/Ashes47/braids/internal/tui/map.go:119.21,120.21 1 0
github.com/Ashes47/braids/internal/tui/map.go:121.19,122.13 1 0
github.com/Ashes47/braids/internal/tui/map.go:123.17,124.13 1 0
github.com/Ashes47/braids/internal/tui/map.go:125.19,126.15 1 0
github.com/Ashes47/braids/internal/tui/map.go:127.18,128.32 1 0
github.com/Ashes47/braids/internal/tui/map.go:129.26,130.33 1 0
github.com/Ashes47/braids/internal/tui/map.go:131.24,132.33 1 0
github.com/Ashes47/braids/internal/tui/map.go:133.11,134.21 1 1
github.com/Ashes47/braids/internal/tui/map.go:135.13,137.12 2 0
github.com/Ashes47/braids/internal/tui/map.go:139.2,140.15 2 1
github.com/Ashes47/braids/internal/tui/map.go:143.68,144.22 1 4
github.com/Ashes47/braids/internal/tui/map.go:145.13,146.36 1 1
github.com/Ashes47/braids/internal/tui/map.go:147.15,148.22 1 0
github.com/Ashes47/braids/internal/tui/map.go:149.16,150.21 1 0
github.com/Ashes47/braids/internal/tui/map.go:151.19,152.40 1 0
github.com/Ashes47/braids/internal/tui/map.go:152.40,154.4 1 0
github.com/Ashes47/braids/internal/tui/map.go:155.10,156.37 1 3
github.com/Ashes47/braids/internal/tui/map.go:156.37,158.4 1 3
github.com/Ashes47/braids/internal/tui/map.go:160.2,162.15 3 4
github.com/Ashes47/braids/internal/tui/map.go:167.25,168.20 1 5
github.com/Ashes47/braids/internal/tui/map.go:168.20,171.3 2 1
github.com/Ashes47/braids/internal/tui/map.go:172.2,174.26 3 4
github.com/Ashes47/braids/internal/tui/map.go:174.26,177.36 3 7
github.com/Ashes47/braids/internal/tui/map.go:177.36,179.4 1 4
github.com/Ashes47/braids/internal/tui/map.go:183.25,184.32 1 45
github.com/Ashes47/braids/internal/tui/map.go:184.32,186.3 1 16
github.com/Ashes47/braids/internal/tui/map.go:187.2,187.18 1 45
github.com/Ashes47/braids/internal/tui/map.go:187.18,189.3 1 16
github.com/Ashes47/braids/internal/tui/map.go:190.2,191.25 2 45
github.com/Ashes47/braids/internal/tui/map.go:191.25,193.3 1 3
github.com/Ashes47/braids/internal/tui/map.go:194.2,194.28 1 45
github.com/Ashes47/braids/internal/tui/map.go:194.28,196.3 1 3
github.com/Ashes47/braids/internal/tui/map.go:197.2,197.18 1 45
github.com/Ashes47/braids/internal/tui/map.go:197.18,199.3 1 0
github.com/Ashes47/braids/internal/tui/map.go:203.33,205.11 2 142
github.com/Ashes47/braids/internal/tui/map.go:205.11,207.3 1 0
github.com/Ashes47/braids/internal/tui/map.go:208.2,208.10 1 142
github.com/Ashes47/braids/internal/tui/map.go:211.32,218.25 6 6
github.com/Ashes47/braids/internal/tui/map.go:218.25,220.39 2 1
github.com/Ashes47/braids/internal/tui/map.go:220.39,222.4 1 15
github.com/Ashes47/braids/internal/tui/map.go:223.8,225.35 2 5
github.com/Ashes47/braids/internal/tui/map.go:225.35,228.4 2 10
github.com/Ashes47/braids/internal/tui/map.go:229.3,229.52 1 5
github.com/Ashes47/braids/internal/tui/map.go:229.52,231.4 1 70
github.com/Ashes47/braids/internal/tui/map.go:233.2,234.19 2 6
github.com/Ashes47/braids/internal/tui/map.go:237.38,238.20 1 1
github.com/Ashes47/braids/internal/tui/map.go:238.20,240.3 1 1
github.com/Ashes47/braids/internal/tui/map.go:241.2,241.61 1 0
github.com/Ashes47/braids/internal/tui/map.go:244.32,248.9 3 6
github.com/Ashes47/braids/internal/tui/map.go:249.19,250.56 1 1
github.com/Ashes47/braids/internal/tui/map.go:251.22,252.45 1 1
github.com/Ashes47/braids/internal/tui/map.go:254.2,254.45 1 6
github.com/Ashes47/braids/internal/tui/map.go:257.32,260.17 3 6
github.com/Ashes47/braids/internal/tui/map.go:260.17,262.3 1 1
github.com/Ashes47/braids/internal/tui/map.go:263.2,264.77 1 5
github.com/Ashes47/braids/internal/tui/map.go:267.34,269.26 2 6
github.com/Ashes47/braids/internal/tui/map.go:269.26,270.25 1 12
github.com/Ashes47/braids/internal/tui/map.go:270.25,272.4 1 1
github.com/Ashes47/braids/internal/tui/map.go:274.2,274.10 1 6
github.com/Ashes47/braids/internal/tui/map.go:277.45,279.2 1 22
github.com/Ashes47/braids/internal/tui/map.go:284.55,286.14 2 10
github.com/Ashes47/braids/internal/tui/map.go:286.14,288.3 1 5
github.com/Ashes47/braids/internal/tui/map.go:289.2,289.15 1 5
github.com/Ashes47/braids/internal/tui/map.go:292.55,297.24 4 10
github.com/Ashes47/braids/internal/tui/map.go:297.24,299.3 1 1
github.com/Ashes47/braids/internal/tui/map.go:301.2,302.17 2 10
github.com/Ashes47/braids/internal/tui/map.go:302.17,304.3 1 0
github.com/Ashes47/braids/internal/tui/map.go:307.2,308.29 2 10
github.com/Ashes47/braids/internal/tui/map.go:308.29,310.3 1 2
github.com/Ashes47/braids/internal/tui/map.go:312.2,314.16 3 10
github.com/Ashes47/braids/internal/tui/map.go:314.16,316.28 2 2
github.com/Ashes47/braids/internal/tui/map.go:316.28,318.4 1 1
github.com/Ashes47/braids/internal/tui/map.go:319.3,322.30 4 2
github.com/Ashes47/braids/internal/tui/map.go:324.2,324.19 1 10
github.com/Ashes47/braids/internal/tui/map.go:324.19,329.3 4 2
github.com/Ashes47/braids/internal/tui/map.go:330.2,339.20 7 10
github.com/Ashes47/braids/internal/tui/map.go:339.20,341.3 1 0
github.com/Ashes47/braids/internal/tui/map.go:342.2,345.20 3 10
github.com/Ashes47/braids/internal/tui/map.go:345.20,347.3 1 1
github.com/Ashes47/braids/internal/tui/map.go:348.2,351.22 3 10
github.com/Ashes47/braids/internal/tui/map.go:355.33,357.16 2 6
github.com/Ashes47/braids/internal/tui/map.go:357.16,359.3 1 1
github.com/Ashes47/braids/internal/tui/map.go:360.2,360.19 1 6
github.com/Ashes47/braids/internal/tui/map.go:360.19,362.3 1 1
github.com/Ashes47/braids/internal/tui/map.go:363.2,366.19 3 6
github.com/Ashes47/braids/internal/tui/map.go:366.19,368.3 1 0
github.com/Ashes47/braids/internal/tui/map.go:369.2,369.89 1 6
github.com/Ashes47/braids/internal/tui/map.go:373.32,374.18 1 2
github.com/Ashes47/braids/internal/tui/map.go:374.18,376.3 1 0
github.com/Ashes47/braids/internal/tui/map.go:377.2,377.15 1 2
github.com/Ashes47/braids/internal/tui/map.go:382.46,385.69 3 9
github.com/Ashes47/braids/internal/tui/map.go:385.69,387.16 2 21
github.com/Ashes47/braids/internal/tui/map.go:387.16,389.12 2 3
github.com/Ashes47/braids/internal/tui/map.go:389.12,391.5 1 2
github.com/Ashes47/braids/internal/tui/map.go:393.3,396.16 3 21
github.com/Ashes47/braids/internal/tui/map.go:396.16,398.12 2 3
github.com/Ashes47/braids/internal/tui/map.go:398.12,400.5 1 2
github.com/Ashes47/braids/internal/tui/map.go:402.3,402.32 1 21
github.com/Ashes47/braids/internal/tui/map.go:402.32,404.4 1 3
github.com/Ashes47/braids/internal/tui/map.go:406.2,406.28 1 9
github.com/Ashes47/braids/internal/tui/map.go:406.28,408.3 1 18
github.com/Ashes47/braids/internal/tui/map.go:409.2,409.12 1 9
github.com/Ashes47/braids/internal/tui/map.go:413.39,414.9 1 14
github.com/Ashes47/braids/internal/tui/map.go:415.23,416.15 1 1
github.com/Ashes47/braids/internal/tui/map.go:417.21,418.46 1 2
github.com/Ashes47/braids/internal/tui/map.go:419.24,420.44 1 9
github.com/Ashes47/braids/internal/tui/map.go:421.10,422.47 1 2
github.com/Ashes47/braids/internal/tui/map.go:427.51,429.13 2 6
github.com/Ashes47/braids/internal/tui/map.go:429.13,431.3 1 0
github.com/Ashes47/braids/internal/tui/map.go:432.2,432.48 1 6
github.com/Ashes47/braids/internal/tui/map.go:437.43,438.32 1 16
github.com/Ashes47/braids/internal/tui/map.go:438.32,440.3 1 14
github.com/Ashes47/braids/internal/tui/map.go:441.2,441.16 1 2
github.com/Ashes47/braids/internal/tui/map.go:441.16,443.3 1 0
github.com/Ashes47/braids/internal/tui/map.go:444.2,446.22 3 2
github.com/Ashes47/braids/internal/tui/map.go:446.22,448.23 2 12
github.com/Ashes47/braids/internal/tui/map.go:448.23,449.9 1 2
github.com/Ashes47/braids/internal/tui/map.go:451.3,452.12 2 10
github.com/Ashes47/braids/internal/tui/map.go:454.2,454.27 1 2
github.com/Ashes47/braids/internal/tui/map.go:457.43,458.47 1 19
github.com/Ashes47/braids/internal/tui/map.go:458.47,460.3 1 19
github.com/Ashes47/braids/internal/tui/map.go:461.2,461.10 1 0
github.com/Ashes47/braids/internal/tui/map.go:464.42,465.47 1 35
github.com/Ashes47/braids/internal/tui/map.go:465.47,467.3 1 35
github.com/Ashes47/braids/internal/tui/map.go:468.2,468.10 1 0
github.com/Ashes47/braids/internal/tui/run.go:15.66,17.16 2 0
github.com/Ashes47/braids/internal/tui/run.go:17.16,19.3 1 0
github.com/Ashes47/braids/internal/tui/run.go:20.2,20.27 1 0
github.com/Ashes47/braids/internal/tui/run.go:20.27,22.3 1 0
github.com/Ashes47/braids/internal/tui/run.go:23.2,23.95 1 0
github.com/Ashes47/braids/internal/tui/run.go:23.95,25.3 1 0
github.com/Ashes47/braids/internal/tui/run.go:26.2,26.12 1 0
github.com/Ashes47/braids/internal/tui/run.go:31.74,33.16 2 0
github.com/Ashes47/braids/internal/tui/run.go:33.16,35.3 1 0
github.com/Ashes47/braids/internal/tui/run.go:36.2,37.16 2 0
github.com/Ashes47/braids/internal/tui/run.go:37.16,39.3 1 0
github.com/Ashes47/braids/internal/tui/run.go:40.2,41.16 2 0
github.com/Ashes47/braids/internal/tui/run.go:41.16,43.3 1 0
github.com/Ashes47/braids/internal/tui/run.go:44.2,44.53 1 0
github.com/Ashes47/braids/internal/tui/theme.go:36.35,37.11 1 9
github.com/Ashes47/braids/internal/tui/theme.go:37.11,39.3 1 9
github.com/Ashes47/braids/internal/tui/theme.go:40.2,40.121 1 0
github.com/Ashes47/braids/internal/tui/theme.go:64.41,66.45 2 8
github.com/Ashes47/braids/internal/tui/theme.go:66.45,66.63 1 56
github.com/Ashes47/braids/internal/tui/theme.go:68.2,93.3 8 8
github.com/Ashes47/braids/cmd/braids/main.go:52.13,53.52 1 0
github.com/Ashes47/braids/cmd/braids/main.go:53.52,56.3 2 0
github.com/Ashes47/braids/cmd/braids/main.go:59.44,61.20 2 16
github.com/Ashes47/braids/cmd/braids/main.go:61.20,63.3 1 0
github.com/Ashes47/braids/cmd/braids/main.go:64.2,64.17 1 16
github.com/Ashes47/braids/cmd/braids/main.go:65.13,66.26 1 1
github.com/Ashes47/braids/cmd/braids/main.go:67.15,68.33 1 3
github.com/Ashes47/braids/cmd/braids/main.go:69.16,70.34 1 8
github.com/Ashes47/braids/cmd/braids/main.go:71.15,72.33 1 1
github.com/Ashes47/braids/cmd/braids/main.go:73.17,75.19 2 0
github.com/Ashes47/braids/cmd/braids/main.go:76.30,78.19 2 2
github.com/Ashes47/braids/cmd/braids/main.go:79.10,80.70 1 1
github.com/Ashes47/braids/cmd/braids/main.go:88.67,90.6 2 8
github.com/Ashes47/braids/cmd/braids/main.go:90.6,91.40 1 16
github.com/Ashes47/braids/cmd/braids/main.go:91.40,93.4 1 0
github.com/Ashes47/braids/cmd/braids/main.go:94.3,95.21 2 16
github.com/Ashes47/braids/cmd/braids/main.go:95.21,97.4 1 8
github.com/Ashes47/braids/cmd/braids/main.go:98.3,99.18 2 8
github.com/Ashes47/braids/cmd/braids/main.go:104.34,105.42 1 0
github.com/Ashes47/braids/cmd/braids/main.go:105.42,107.3 1 0
github.com/Ashes47/braids/cmd/braids/main.go:108.2,109.16 2 0
github.com/Ashes47/braids/cmd/braids/main.go:109.16,111.3 1 0
github.com/Ashes47/braids/cmd/braids/main.go:112.2,113.48 2 0
github.com/Ashes47/braids/cmd/braids/main.go:113.48,115.3 1 0
github.com/Ashes47/braids/cmd/braids/main.go:116.2,116.44 1 0
github.com/Ashes47/braids/cmd/braids/main.go:120.53,122.16 2 11
github.com/Ashes47/braids/cmd/braids/main.go:122.16,124.42 2 0
github.com/Ashes47/braids/cmd/braids/main.go:124.42,126.4 1 0
github.com/Ashes47/braids/cmd/braids/main.go:128.2,128.25 1 11
github.com/Ashes47/braids/cmd/braids/main.go:131.34,135.39 4 1
github.com/Ashes47/braids/cmd/braids/main.go:135.39,137.3 1 0
github.com/Ashes47/braids/cmd/braids/main.go:138.2,139.16 2 1
github.com/Ashes47/braids/cmd/braids/main.go:139.16,141.3 1 0
github.com/Ashes47/braids/cmd/braids/main.go:142.2,144.50 2 1
github.com/Ashes47/braids/cmd/braids/main.go:147.50,152.39 5 3
github.com/Ashes47/braids/cmd/braids/main.go:152.39,154.3 1 0
github.com/Ashes47/braids/cmd/braids/main.go:156.2,157.15 2 3
github.com/Ashes47/braids/cmd/braids/main.go:157.15,159.54 2 0
github.com/Ashes47/braids/cmd/braids/main.go:159.54,161.4 1 0
github.com/Ashes47/braids/cmd/braids/main.go:163.2,164.16 2 3
github.com/Ashes47/braids/cmd/braids/main.go:164.16,166.3 1 0
github.com/Ashes47/braids/cmd/braids/main.go:167.2,170.16 3 3
github.com/Ashes47/braids/cmd/braids/main.go:170.16,172.3 1 0
github.com/Ashes47/braids/cmd/braids/main.go:173.2,175.18 2 3
github.com/Ashes47/braids/cmd/braids/main.go:178.51,186.16 8 8
github.com/Ashes47/braids/cmd/braids/main.go:186.16,188.3 1 0
github.com/Ashes47/braids/cmd/braids/main.go:189.2,190.36 2 8
github.com/Ashes47/braids/cmd/braids/main.go:190.36,192.3 1 1
github.com/Ashes47/braids/cmd/braids/main.go:193.2,194.16 2 7
github.com/Ashes47/braids/cmd/braids/main.go:194.16,196.3 1 1
github.com/Ashes47/braids/cmd/braids/main.go:198.2,199.16 2 6
github.com/Ashes47/braids/cmd/braids/main.go:199.16,201.3 1 0
github.com/Ashes47/braids/cmd/braids/main.go:202.2,207.16 4 6
github.com/Ashes47/braids/cmd/braids/main.go:207.16,209.3 1 0
github.com/Ashes47/braids/cmd/braids/main.go:210.2,210.20 1 6
github.com/Ashes47/braids/cmd/braids/main.go:210.20,213.3 2 1
github.com/Ashes47/braids/cmd/braids/main.go:215.2,216.25 2 5
github.com/Ashes47/braids/cmd/braids/main.go:216.25,218.92 1 7
github.com/Ashes47/braids/cmd/braids/main.go:218.92,220.4 1 0
github.com/Ashes47/braids/cmd/braids/main.go:222.2,222.35 1 5
github.com/Ashes47/braids/cmd/braids/main.go:222.35,224.3 1 0
github.com/Ashes47/braids/cmd/braids/main.go:225.2,226.18 2 5
github.com/Ashes47/braids/cmd/braids/main.go:229.50,233.39 4 1
github.com/Ashes47/braids/cmd/braids/main.go:233.39,235.3 1 0
github.com/Ashes47/braids/cmd/braids/main.go:236.2,237.16 2 1
github.com/Ashes47/braids/cmd/braids/main.go:237.16,239.3 1 0
github.com/Ashes47/braids/cmd/braids/main.go:240.2,243.16 3 1
github.com/Ashes47/braids/cmd/braids/main.go:243.16,245.3 1 0
github.com/Ashes47/braids/cmd/braids/main.go:246.2,246.21 1 1
github.com/Ashes47/braids/cmd/braids/main.go:246.21,249.3 2 0
github.com/Ashes47/braids/cmd/braids/main.go:250.2,252.26 3 1
github.com/Ashes47/braids/cmd/braids/main.go:252.26,255.3 1 1
github.com/Ashes47/braids/cmd/braids/main.go:256.2,256.25 1 1
github.com/Ashes47/braids/cmd/braids/main.go:256.25,257.48 1 2
github.com/Ashes47/braids/cmd/braids/main.go:257.48,259.4 1 0
github.com/Ashes47/braids/cmd/braids/main.go:261.2,261.35 1 1
github.com/Ashes47/braids/cmd/braids/main.go:261.35,263.3 1 0
github.com/Ashes47/braids/cmd/braids/main.go:264.2,265.18 2 1
github.com/Ashes47/braids/cmd/braids/main.go:270.53,271.32 1 9
github.com/Ashes47/braids/cmd/braids/main.go:271.32,273.3 1 6
github.com/Ashes47/braids/cmd/braids/main.go:274.2,281.44 3 3
github.com/Ashes47/braids/cmd/braids/main.go:281.44,283.17 2 4
github.com/Ashes47/braids/cmd/braids/main.go:283.17,284.12 1 0
github.com/Ashes47/braids/cmd/braids/main.go:286.3,287.10 2 4
github.com/Ashes47/braids/cmd/braids/main.go:287.10,289.4 1 1
github.com/Ashes47/braids/cmd/braids/main.go:290.3,290.27 1 3
github.com/Ashes47/braids/cmd/braids/main.go:292.2,292.19 1 2
github.com/Ashes47/braids/cmd/braids/main.go:295.36,296.23 1 7
github.com/Ashes47/braids/cmd/braids/main.go:296.23,298.3 1 7
github.com/Ashes47/braids/cmd/braids/main.go:299.2,299.26 1 0
github.com/Ashes47/braids/cmd/braids/main.go:302.36,303.49 1 7
github.com/Ashes47/braids/cmd/braids/main.go:303.49,305.3 1 5
github.com/Ashes47/braids/cmd/braids/main.go:306.2,306.23 1 2
github.com/Ashes47/braids/cmd/braids/main.go:309.32,309.58 1 1
github.com/Ashes47/braids/cmd/braids/main.go:311.31,313.2 1 7
github.com/Ashes47/braids/cmd/braids/main.go:315.39,317.17 2 23
github.com/Ashes47/braids/cmd/braids/main.go:317.17,319.3 1 21
github.com/Ashes47/braids/cmd/braids/main.go:320.2,320.12 1 2
github.com/Ashes47/braids/cmd/braids/main.go:320.12,322.3 1 0
github.com/Ashes47/braids/cmd/braids/main.go:323.2,323.32 1 2
github.com/Ashes47/braids/cmd/braids/print.go:20.39,20.64 1 16
github.com/Ashes47/braids/cmd/braids/print.go:23.48,24.18 1 82
github.com/Ashes47/braids/cmd/braids/print.go:24.18,26.3 1 0
github.com/Ashes47/braids/cmd/braids/print.go:27.2,28.16 2 82
github.com/Ashes47/braids/cmd/braids/print.go:28.16,30.3 1 0
github.com/Ashes47/braids/cmd/braids/print.go:31.2,31.15 1 82
github.com/Ashes47/braids/cmd/braids/print.go:34.51,35.18 1 12
github.com/Ashes47/braids/cmd/braids/print.go:35.18,37.3 1 12
github.com/Ashes47/braids/cmd/braids/print.go:41.31,41.47 1 12
github.com/Ashes47/braids/internal/core/graph/graph.go:47.104,49.26 2 4
github.com/Ashes47/braids/internal/core/graph/graph.go:49.26,51.3 1 9
github.com/Ashes47/braids/internal/core/graph/graph.go:55.2,56.55 2 4
github.com/Ashes47/braids/internal/core/graph/graph.go:56.55,58.29 2 5
github.com/Ashes47/braids/internal/core/graph/graph.go:58.29,59.12 1 0
github.com/Ashes47/braids/internal/core/graph/graph.go:61.3,64.25 4 5
github.com/Ashes47/braids/internal/core/graph/graph.go:67.2,68.15 2 4
github.com/Ashes47/braids/internal/core/graph/graph.go:73.82,75.29 2 4
github.com/Ashes47/braids/internal/core/graph/graph.go:75.29,76.35 1 24
github.com/Ashes47/braids/internal/core/graph/graph.go:76.35,78.4 1 24
github.com/Ashes47/braids/internal/core/graph/graph.go:81.2,82.34 2 4
github.com/Ashes47/braids/internal/core/graph/graph.go:82.34,83.24 1 8
github.com/Ashes47/braids/internal/core/graph/graph.go:83.24,84.40 1 24
github.com/Ashes47/braids/internal/core/graph/graph.go:84.40,86.29 2 36
github.com/Ashes47/braids/internal/core/graph/graph.go:86.29,87.14 1 6
github.com/Ashes47/braids/internal/core/graph/graph.go:89.5,89.28 1 30
github.com/Ashes47/braids/internal/core/graph/graph.go:89.28,91.6 1 26
github.com/Ashes47/braids/internal/core/graph/graph.go:92.5,94.17 3 30
github.com/Ashes47/braids/internal/core/graph/graph.go:94.17,97.6 2 5
github.com/Ashes47/braids/internal/core/graph/graph.go:98.5,100.32 3 30
github.com/Ashes47/braids/internal/core/graph/graph.go:104.2,104.14 1 4
github.com/Ashes47/braids/internal/core/graph/graph.go:109.102,113.9 3 5
github.com/Ashes47/braids/internal/core/graph/graph.go:114.19,115.26 1 0
github.com/Ashes47/braids/internal/core/graph/graph.go:116.19,117.26 1 1
github.com/Ashes47/braids/internal/core/graph/graph.go:118.49,119.26 1 4
github.com/Ashes47/braids/internal/core/graph/graph.go:120.10,121.26 1 0
github.com/Ashes47/braids/internal/core/graph/graph.go:127.72,128.49 1 10
github.com/Ashes47/braids/internal/core/graph/graph.go:128.49,130.3 1 1
github.com/Ashes47/braids/internal/core/graph/graph.go:131.2,131.34 1 9
github.com/Ashes47/braids/internal/core/graph/graph.go:136.22,137.27 1 4
github.com/Ashes47/braids/internal/core/graph/graph.go:137.27,138.43 1 9
github.com/Ashes47/braids/internal/core/graph/graph.go:138.43,141.4 2 0
github.com/Ashes47/braids/internal/core/graph/graph.go:143.2,143.27 1 4
github.com/Ashes47/braids/internal/core/graph/graph.go:143.27,144.43 1 9
github.com/Ashes47/braids/internal/core/graph/graph.go:144.43,146.4 1 4
github.com/Ashes47/braids/internal/core/graph/graph.go:146.9,148.4 1 5
github.com/Ashes47/braids/internal/core/graph/graph.go:150.2,151.27 2 4
github.com/Ashes47/braids/internal/core/graph/graph.go:151.27,153.3 1 9
github.com/Ashes47/braids/internal/core/graph/graph.go:154.2,154.28 1 4
github.com/Ashes47/braids/internal/core/graph/graph.go:154.28,156.3 1 5
github.com/Ashes47/braids/internal/core/graph/graph.go:160.42,162.72 2 4
github.com/Ashes47/braids/internal/core/graph/graph.go:162.72,163.24 1 5
github.com/Ashes47/braids/internal/core/graph/graph.go:163.24,165.4 1 0
github.com/Ashes47/braids/internal/core/graph/graph.go:166.3,166.27 1 5
github.com/Ashes47/braids/internal/core/graph/graph.go:168.2,168.14 1 4
github.com/Ashes47/braids/internal/core/graph/graph.go:171.38,173.31 2 9
github.com/Ashes47/braids/internal/core/graph/graph.go:173.31,175.3 1 4
github.com/Ashes47/braids/internal/core/graph/graph.go:180.31,181.46 1 13
github.com/Ashes47/braids/internal/core/graph/graph.go:181.46,182.58 1 1
github.com/Ashes47/braids/internal/core/graph/graph.go:182.58,184.4 1 1
github.com/Ashes47/braids/internal/core/graph/graph.go:185.3,185.45 1 0
github.com/Ashes47/braids/internal/core/graph/graph.go:190.36,193.23 3 1
github.com/Ashes47/braids/internal/core/graph/graph.go:193.23,195.32 2 3
github.com/Ashes47/braids/internal/core/graph/graph.go:195.32,197.4 1 2
github.com/Ashes47/braids/internal/core/graph/graph.go:199.2,199.28 1 1
github.com/Ashes47/braids/internal/core/graph/graph.go:199.28,201.3 1 1
github.com/Ashes47/braids/internal/core/graph/graph.go:202.2,202.12 1 1
github.com/Ashes47/braids/internal/core/index/index.go:105.40,107.16 2 4
github.com/Ashes47/braids/internal/core/index/index.go:107.16,109.3 1 0
github.com/Ashes47/braids/internal/core/index/index.go:110.2,113.4 1 4
github.com/Ashes47/braids/internal/core/index/index.go:113.4,114.44 1 8
github.com/Ashes47/braids/internal/core/index/index.go:114.44,116.4 1 0
github.com/Ashes47/braids/internal/core/index/index.go:118.2,118.43 1 4
github.com/Ashes47/braids/internal/core/index/index.go:118.43,120.3 1 0
github.com/Ashes47/braids/internal/core/index/index.go:121.2,121.28 1 4
github.com/Ashes47/braids/internal/core/index/index.go:125.32,125.56 1 4
github.com/Ashes47/braids/internal/core/index/index.go:130.80,133.16 3 5
github.com/Ashes47/braids/internal/core/index/index.go:133.16,135.3 1 0
github.com/Ashes47/braids/internal/core/index/index.go:137.2,138.16 2 5
github.com/Ashes47/braids/internal/core/index/index.go:138.16,140.3 1 0
github.com/Ashes47/braids/internal/core/index/index.go:141.2,143.98 2 5
github.com/Ashes47/braids/internal/core/index/index.go:143.98,144.54 1 15
github.com/Ashes47/braids/internal/core/index/index.go:144.54,146.4 1 0
github.com/Ashes47/braids/internal/core/index/index.go:148.2,151.16 2 5
github.com/Ashes47/braids/internal/core/index/index.go:151.16,153.3 1 0
github.com/Ashes47/braids/internal/core/index/index.go:154.2,157.16 3 5
github.com/Ashes47/braids/internal/core/index/index.go:157.16,159.3 1 0
github.com/Ashes47/braids/internal/core/index/index.go:160.2,163.16 3 5
github.com/Ashes47/braids/internal/core/index/index.go:163.16,165.3 1 0
github.com/Ashes47/braids/internal/core/index/index.go:166.2,169.29 3 5
github.com/Ashes47/braids/internal/core/index/index.go:169.29,171.62 2 11
github.com/Ashes47/braids/internal/core/index/index.go:171.62,175.58 3 17
github.com/Ashes47/braids/internal/core/index/index.go:175.58,177.5 1 0
github.com/Ashes47/braids/internal/core/index/index.go:178.4,178.30 1 17
github.com/Ashes47/braids/internal/core/index/index.go:178.30,179.40 1 25
github.com/Ashes47/braids/internal/core/index/index.go:179.40,180.14 1 4
github.com/Ashes47/braids/internal/core/index/index.go:182.5,183.71 1 21
github.com/Ashes47/braids/internal/core/index/index.go:183.71,185.6 1 0
github.com/Ashes47/braids/internal/core/index/index.go:186.5,187.16 2 21
github.com/Ashes47/braids/internal/core/index/index.go:189.4,189.14 1 17
github.com/Ashes47/braids/internal/core/index/index.go:191.3,191.17 1 11
github.com/Ashes47/braids/internal/core/index/index.go:191.17,193.4 1 0
github.com/Ashes47/braids/internal/core/index/index.go:194.3,195.92 1 11
github.com/Ashes47/braids/internal/core/index/index.go:195.92,197.4 1 0
github.com/Ashes47/braids/internal/core/index/index.go:199.2,199.36 1 5
github.com/Ashes47/braids/internal/core/index/index.go:199.36,201.3 1 0
github.com/Ashes47/braids/internal/core/index/index.go:202.2,203.19 2 5
github.com/Ashes47/braids/internal/core/index/index.go:207.70,208.37 1 5
github.com/Ashes47/braids/internal/core/index/index.go:208.37,210.3 1 1
github.com/Ashes47/braids/internal/core/index/index.go:211.2,212.16 2 4
github.com/Ashes47/braids/internal/core/index/index.go:212.16,214.3 1 4
github.com/Ashes47/braids/internal/core/index/index.go:216.2,220.18 2 4
github.com/Ashes47/braids/internal/core/index/index.go:220.18,223.3 2 1
github.com/Ashes47/braids/internal/core/index/index.go:224.2,224.22 1 4
github.com/Ashes47/braids/internal/core/index/index.go:224.22,226.29 2 1
github.com/Ashes47/braids/internal/core/index/index.go:226.29,229.4 2 1
github.com/Ashes47/braids/internal/core/index/index.go:230.3,230.72 1 1
github.com/Ashes47/braids/internal/core/index/index.go:232.2,243.16 4 4
github.com/Ashes47/braids/internal/core/index/index.go:243.16,245.3 1 0
github.com/Ashes47/braids/internal/core/index/index.go:246.2,249.18 3 4
github.com/Ashes47/braids/internal/core/index/index.go:249.18,254.56 4 6
github.com/Ashes47/braids/internal/core/index/index.go:254.56,256.4 1 0
github.com/Ashes47/braids/internal/core/index/index.go:257.3,260.25 4 6
github.com/Ashes47/braids/internal/core/index/index.go:262.2,262.35 1 4
github.com/Ashes47/braids/internal/core/index/index.go:262.35,264.3 1 0
github.com/Ashes47/braids/internal/core/index/index.go:265.2,265.18 1 4
github.com/Ashes47/braids/internal/core/index/index.go:270.67,277.16 2 1
github.com/Ashes47/braids/internal/core/index/index.go:277.16,279.3 1 0
github.com/Ashes47/braids/internal/core/index/index.go:280.2,283.18 3 1
github.com/Ashes47/braids/internal/core/index/index.go:283.18,285.68 2 2
github.com/Ashes47/braids/internal/core/index/index.go:285.68,287.4 1 0
github.com/Ashes47/braids/internal/core/index/index.go:288.3,288.23 1 2
github.com/Ashes47/braids/internal/core/index/index.go:290.2,290.35 1 1
github.com/Ashes47/braids/internal/core/index/index.go:290.35,292.3 1 0
github.com/Ashes47/braids/internal/core/index/index.go:293.2,293.17 1 1
github.com/Ashes47/braids/internal/core/index/index.go:299.81,302.16 2 0
github.com/Ashes47/braids/internal/core/index/index.go:302.16,304.3 1 0
github.com/Ashes47/braids/internal/core/index/index.go:305.2,308.18 3 0
github.com/Ashes47/braids/internal/core/index/index.go:308.18,311.47 3 0
github.com/Ashes47/braids/internal/core/index/index.go:311.47,313.4 1 0
github.com/Ashes47/braids/internal/core/index/index.go:314.3,314.50 1 0
github.com/Ashes47/braids/internal/core/index/index.go:316.2,316.35 1 0
github.com/Ashes47/braids/internal/core/index/index.go:316.35,318.3 1 0
github.com/Ashes47/braids/internal/core/index/index.go:319.2,319.17 1 0
github.com/Ashes47/braids/internal/core/index/index.go:323.65,326.16 2 1
github.com/Ashes47/braids/internal/core/index/index.go:326.16,328.3 1 0
github.com/Ashes47/braids/internal/core/index/index.go:329.2,332.18 3 1
github.com/Ashes47/braids/internal/core/index/index.go:332.18,336.58 3 2
github.com/Ashes47/braids/internal/core/index/index.go:336.58,338.4 1 0
github.com/Ashes47/braids/internal/core/index/index.go:339.3,340.27 2 2
github.com/Ashes47/braids/internal/core/index/index.go:342.2,342.35 1 1
github.com/Ashes47/braids/internal/core/index/index.go:342.35,344.3 1 0
github.com/Ashes47/braids/internal/core/index/index.go:345.2,345.19 1 1
github.com/Ashes47/braids/internal/core/index/index.go:350.30,351.36 1 11
github.com/Ashes47/braids/internal/core/index/index.go:351.36,353.3 1 3
github.com/Ashes47/braids/internal/core/index/index.go:354.2,354.38 1 8
github.com/Ashes47/braids/internal/core/index/index.go:354.38,355.12 1 10
github.com/Ashes47/braids/internal/core/index/index.go:356.27,357.15 1 1
github.com/Ashes47/braids/internal/core/index/index.go:359.3,359.36 1 9
github.com/Ashes47/braids/internal/core/index/index.go:359.36,361.4 1 0
github.com/Ashes47/braids/internal/core/index/index.go:363.2,363.14 1 7
github.com/Ashes47/braids/internal/core/index/index.go:369.34,371.17 2 11
github.com/Ashes47/braids/internal/core/index/index.go:371.17,373.3 1 4
github.com/Ashes47/braids/internal/core/index/index.go:374.2,376.27 3 7
github.com/Ashes47/braids/internal/core/index/index.go:376.27,378.3 1 8
github.com/Ashes47/braids/internal/core/index/index.go:379.2,379.34 1 7
