mode: atomic
github.com/Ashes47/braids/internal/core/sidecar/sidecar.go:27.50,30.54 3 5
github.com/Ashes47/braids/internal/core/sidecar/sidecar.go:30.54,32.3 1 2
github.com/Ashes47/braids/internal/core/sidecar/sidecar.go:33.2,33.16 1 3
github.com/Ashes47/braids/internal/core/sidecar/sidecar.go:33.16,35.3 1 0
github.com/Ashes47/braids/internal/core/sidecar/sidecar.go:36.2,36.57 1 3
github.com/Ashes47/braids/internal/core/sidecar/sidecar.go:36.57,40.3 1 1
github.com/Ashes47/braids/internal/core/sidecar/sidecar.go:41.2,41.15 1 3
github.com/Ashes47/braids/internal/core/sidecar/sidecar.go:45.39,45.59 1 2
github.com/Ashes47/braids/internal/core/sidecar/sidecar.go:48.46,51.2 2 1
github.com/Ashes47/braids/internal/core/sidecar/sidecar.go:54.41,57.2 2 2
github.com/Ashes47/braids/internal/core/sidecar/sidecar.go:61.51,64.2 2 2
github.com/Ashes47/braids/internal/core/sidecar/sidecar.go:67.45,70.2 2 1
github.com/Ashes47/braids/internal/core/sidecar/sidecar.go:72.34,74.16 2 3
github.com/Ashes47/braids/internal/core/sidecar/sidecar.go:74.16,76.3 1 0
github.com/Ashes47/braids/internal/core/sidecar/sidecar.go:77.2,77.65 1 3
github.com/Ashes47/braids/internal/core/sidecar/sidecar.go:77.65,79.3 1 0
github.com/Ashes47/braids/internal/core/sidecar/sidecar.go:80.2,81.16 2 3
github.com/Ashes47/braids/internal/core/sidecar/sidecar.go:81.16,83.3 1 0
github.com/Ashes47/braids/internal/core/sidecar/sidecar.go:84.2,86.43 2 3
github.com/Ashes47/braids/internal/core/sidecar/sidecar.go:86.43,88.3 1 0
github.com/Ashes47/braids/internal/core/sidecar/sidecar.go:89.2,89.36 1 3
github.com/Ashes47/braids/internal/core/sidecar/sidecar.go:89.36,91.3 1 0
github.com/Ashes47/braids/internal/core/sidecar/sidecar.go:92.2,92.54 1 3
github.com/Ashes47/braids/internal/core/sidecar/sidecar.go:92.54,94.3 1 0
github.com/Ashes47/braids/internal/core/sidecar/sidecar.go:95.2,95.12 1 3
github.com/Ashes47/braids/internal/launch/launch.go:29.57,30.72 1 7
github.com/Ashes47/braids/internal/launch/launch.go:30.72,32.3 1 3
github.com/Ashes47/braids/internal/launch/launch.go:33.2,33.23 1 4
github.com/Ashes47/braids/internal/launch/launch.go:33.23,35.3 1 1
github.com/Ashes47/braids/internal/launch/launch.go:36.2,36.40 1 3
github.com/Ashes47/braids/internal/launch/launch.go:36.40,38.3 1 1
github.com/Ashes47/braids/internal/launch/launch.go:39.2,39.16 1 2
github.com/Ashes47/braids/internal/launch/launch.go:44.65,46.15 2 0
github.com/Ashes47/braids/internal/launch/launch.go:46.15,48.3 1 0
github.com/Ashes47/braids/internal/launch/launch.go:49.2,49.16 1 0
github.com/Ashes47/braids/internal/launch/launch.go:49.16,51.3 1 0
github.com/Ashes47/braids/internal/launch/launch.go:52.2,52.51 1 0
github.com/Ashes47/braids/internal/launch/launch.go:58.63,60.2 1 0
github.com/Ashes47/braids/internal/launch/launch.go:63.46,65.15 2 1
github.com/Ashes47/braids/internal/launch/launch.go:65.15,67.3 1 1
github.com/Ashes47/braids/internal/launch/launch.go:68.2,81.10 1 1
github.com/Ashes47/braids/internal/launch/launch.go:86.45,87.68 1 3
github.com/Ashes47/braids/internal/launch/launch.go:87.68,94.3 2 2
github.com/Ashes47/braids/internal/launch/launch.go:99.69,105.9 5 2
github.com/Ashes47/braids/internal/launch/launch.go:106.54,109.13 1 0
github.com/Ashes47/braids/internal/launch/launch.go:110.18,111.64 1 1
github.com/Ashes47/braids/internal/launch/launch.go:111.64,113.4 1 1
github.com/Ashes47/braids/internal/launch/launch.go:114.3,114.41 1 0
github.com/Ashes47/braids/internal/launch/launch.go:116.2,116.12 1 1
github.com/Ashes47/braids/internal/launch/launch.go:119.33,120.45 1 1
github.com/Ashes47/braids/internal/launch/launch.go:120.45,122.3 1 0
github.com/Ashes47/braids/internal/launch/launch.go:123.2,123.10 1 1
github.com/Ashes47/braids/internal/launch/launch.go:127.40,129.2 1 2
github.com/Ashes47/braids/internal/launch/launch.go:132.34,134.2 1 1
github.com/Ashes47/braids/internal/launch/launch.go:137.29,137.54 1 0
github.com/Ashes47/braids/internal/core/watch/watch.go:33.41,35.16 2 5
github.com/Ashes47/braids/internal/core/watch/watch.go:35.16,37.3 1 0
github.com/Ashes47/braids/internal/core/watch/watch.go:38.2,43.42 2 5
github.com/Ashes47/braids/internal/core/watch/watch.go:43.42,45.3 1 0
github.com/Ashes47/braids/internal/core/watch/watch.go:46.2,47.15 2 5
github.com/Ashes47/braids/internal/core/watch/watch.go:52.45,52.65 1 6
github.com/Ashes47/braids/internal/core/watch/watch.go:55.33,56.19 1 7
github.com/Ashes47/braids/internal/core/watch/watch.go:56.19,56.36 1 5
github.com/Ashes47/braids/internal/core/watch/watch.go:57.2,57.21 1 7
github.com/Ashes47/braids/internal/core/watch/watch.go:62.48,63.39 1 5
github.com/Ashes47/braids/internal/core/watch/watch.go:63.39,65.3 1 0
github.com/Ashes47/braids/internal/core/watch/watch.go:66.2,67.16 2 5
github.com/Ashes47/braids/internal/core/watch/watch.go:67.16,69.3 1 0
github.com/Ashes47/braids/internal/core/watch/watch.go:70.2,70.28 1 5
github.com/Ashes47/braids/internal/core/watch/watch.go:70.28,71.17 1 5
github.com/Ashes47/braids/internal/core/watch/watch.go:71.17,72.12 1 0
github.com/Ashes47/braids/internal/core/watch/watch.go:76.3,76.46 1 5
github.com/Ashes47/braids/internal/core/watch/watch.go:78.2,78.12 1 5
github.com/Ashes47/braids/internal/core/watch/watch.go:81.25,83.19 2 5
github.com/Ashes47/braids/internal/core/watch/watch.go:83.19,85.3 1 0
github.com/Ashes47/braids/internal/core/watch/watch.go:86.2,88.6 2 5
github.com/Ashes47/braids/internal/core/watch/watch.go:88.6,89.10 1 33
github.com/Ashes47/braids/internal/core/watch/watch.go:90.17,91.10 1 5
github.com/Ashes47/braids/internal/core/watch/watch.go:93.35,94.11 1 24
github.com/Ashes47/braids/internal/core/watch/watch.go:94.11,96.5 1 0
github.com/Ashes47/braids/internal/core/watch/watch.go:99.4,99.55 1 24
github.com/Ashes47/braids/internal/core/watch/watch.go:99.55,101.5 1 1
github.com/Ashes47/braids/internal/core/watch/watch.go:102.4,102.27 1 24
github.com/Ashes47/braids/internal/core/watch/watch.go:102.27,103.13 1 1
github.com/Ashes47/braids/internal/core/watch/watch.go:105.4,105.16 1 23
github.com/Ashes47/braids/internal/core/watch/watch.go:105.16,107.5 1 4
github.com/Ashes47/braids/internal/core/watch/watch.go:107.10,107.28 1 19
github.com/Ashes47/braids/internal/core/watch/watch.go:107.28,108.12 1 0
github.com/Ashes47/braids/internal/core/watch/watch.go:109.20,109.20 0 0
github.com/Ashes47/braids/internal/core/watch/watch.go:110.13,110.13 0 0
github.com/Ashes47/braids/internal/core/watch/watch.go:113.4,113.23 1 23
github.com/Ashes47/braids/internal/core/watch/watch.go:115.18,117.11 2 4
github.com/Ashes47/braids/internal/core/watch/watch.go:118.33,118.33 0 4
github.com/Ashes47/braids/internal/core/watch/watch.go:119.12,119.12 0 0
github.com/Ashes47/braids/internal/core/watch/watch.go:122.22,122.22 0 0
github.com/Ashes47/braids/internal/core/watch/watch.go:130.45,131.32 1 24
github.com/Ashes47/braids/internal/core/watch/watch.go:131.32,133.3 1 0
github.com/Ashes47/braids/internal/core/watch/watch.go:134.2,134.69 1 24
github.com/Ashes47/braids/internal/core/watch/watch.go:137.30,140.2 2 7
github.com/Ashes47/braids/internal/core/trash/trash.go:45.36,45.66 1 3
github.com/Ashes47/braids/internal/core/trash/trash.go:51.27,51.52 1 8
github.com/Ashes47/braids/internal/core/trash/trash.go:55.68,62.49 3 8
github.com/Ashes47/braids/internal/core/trash/trash.go:62.49,64.3 1 0
github.com/Ashes47/braids/internal/core/trash/trash.go:66.2,66.29 1 8
github.com/Ashes47/braids/internal/core/trash/trash.go:66.29,68.37 2 11
github.com/Ashes47/braids/internal/core/trash/trash.go:68.37,69.12 1 2
github.com/Ashes47/braids/internal/core/trash/trash.go:71.3,71.17 1 9
github.com/Ashes47/braids/internal/core/trash/trash.go:71.17,73.4 1 0
github.com/Ashes47/braids/internal/core/trash/trash.go:74.3,75.45 2 9
github.com/Ashes47/braids/internal/core/trash/trash.go:75.45,79.4 1 0
github.com/Ashes47/braids/internal/core/trash/trash.go:80.3,81.34 2 9
github.com/Ashes47/braids/internal/core/trash/trash.go:83.2,83.27 1 8
github.com/Ashes47/braids/internal/core/trash/trash.go:83.27,85.3 1 1
github.com/Ashes47/braids/internal/core/trash/trash.go:86.2,86.51 1 7
github.com/Ashes47/braids/internal/core/trash/trash.go:86.51,88.3 1 0
github.com/Ashes47/braids/internal/core/trash/trash.go:89.2,89.19 1 7
github.com/Ashes47/braids/internal/core/trash/trash.go:93.39,95.36 2 7
github.com/Ashes47/braids/internal/core/trash/trash.go:95.36,97.3 1 0
github.com/Ashes47/braids/internal/core/trash/trash.go:98.2,98.16 1 7
github.com/Ashes47/braids/internal/core/trash/trash.go:98.16,100.3 1 0
github.com/Ashes47/braids/internal/core/trash/trash.go:101.2,102.25 2 7
github.com/Ashes47/braids/internal/core/trash/trash.go:102.25,103.17 1 5
github.com/Ashes47/braids/internal/core/trash/trash.go:103.17,104.12 1 0
github.com/Ashes47/braids/internal/core/trash/trash.go:106.3,107.17 2 5
github.com/Ashes47/braids/internal/core/trash/trash.go:107.17,108.12 1 0
github.com/Ashes47/braids/internal/core/trash/trash.go:110.3,110.27 1 5
github.com/Ashes47/braids/internal/core/trash/trash.go:112.2,112.38 1 7
github.com/Ashes47/braids/internal/core/trash/trash.go:112.38,112.75 1 1
github.com/Ashes47/braids/internal/core/trash/trash.go:113.2,113.17 1 7
github.com/Ashes47/braids/internal/core/trash/trash.go:117.38,118.63 1 2
github.com/Ashes47/braids/internal/core/trash/trash.go:118.63,120.3 1 0
github.com/Ashes47/braids/internal/core/trash/trash.go:121.2,121.12 1 2
github.com/Ashes47/braids/internal/core/trash/trash.go:126.57,128.16 2 2
github.com/Ashes47/braids/internal/core/trash/trash.go:128.16,130.3 1 0
github.com/Ashes47/braids/internal/core/trash/trash.go:131.2,133.28 3 2
github.com/Ashes47/braids/internal/core/trash/trash.go:133.28,134.30 1 2
github.com/Ashes47/braids/internal/core/trash/trash.go:134.30,135.12 1 1
github.com/Ashes47/braids/internal/core/trash/trash.go:137.3,137.39 1 1
github.com/Ashes47/braids/internal/core/trash/trash.go:137.39,139.4 1 0
github.com/Ashes47/braids/internal/core/trash/trash.go:140.3,141.19 2 1
github.com/Ashes47/braids/internal/core/trash/trash.go:143.2,143.25 1 2
github.com/Ashes47/braids/internal/core/trash/trash.go:146.51,148.16 2 7
github.com/Ashes47/braids/internal/core/trash/trash.go:148.16,150.3 1 0
github.com/Ashes47/braids/internal/core/trash/trash.go:151.2,151.80 1 7
github.com/Ashes47/braids/internal/core/trash/trash.go:151.80,153.3 1 0
github.com/Ashes47/braids/internal/core/trash/trash.go:154.2,154.12 1 7
github.com/Ashes47/braids/internal/core/trash/trash.go:157.46,159.16 2 7
github.com/Ashes47/braids/internal/core/trash/trash.go:159.16,161.3 1 1
github.com/Ashes47/braids/internal/core/trash/trash.go:162.2,163.53 2 6
github.com/Ashes47/braids/internal/core/trash/trash.go:163.53,165.3 1 0
github.com/Ashes47/braids/internal/core/trash/trash.go:166.2,166.19 1 6
github.com/Ashes47/braids/internal/core/trash/trash.go:170.42,172.35 2 2
github.com/Ashes47/braids/internal/core/trash/trash.go:172.35,173.69 1 4
github.com/Ashes47/braids/internal/core/trash/trash.go:173.69,175.12 2 0
github.com/Ashes47/braids/internal/core/trash/trash.go:177.3,177.55 1 4
github.com/Ashes47/braids/internal/core/trash/trash.go:177.55,179.4 1 0
github.com/Ashes47/braids/internal/core/trash/trash.go:181.2,181.23 1 2
github.com/Ashes47/braids/internal/core/trash/trash.go:181.23,183.3 1 0
github.com/Ashes47/braids/internal/core/trash/trash.go:184.2,184.53 1 2
github.com/Ashes47/braids/internal/core/trash/trash.go:188.53,190.16 2 2
github.com/Ashes47/braids/internal/core/trash/trash.go:190.16,192.3 1 1
github.com/Ashes47/braids/internal/core/trash/trash.go:193.2,193.32 1 1
github.com/Ashes47/braids/internal/core/trash/trash.go:197.50,198.19 1 9
github.com/Ashes47/braids/internal/core/trash/trash.go:198.19,200.3 1 7
github.com/Ashes47/braids/internal/core/trash/trash.go:201.2,202.76 2 2
github.com/Ashes47/braids/internal/core/trash/trash.go:202.76,203.30 1 6
github.com/Ashes47/braids/internal/core/trash/trash.go:203.30,205.4 1 4
github.com/Ashes47/braids/internal/core/trash/trash.go:206.3,206.38 1 2
github.com/Ashes47/braids/internal/core/trash/trash.go:206.38,208.4 1 2
github.com/Ashes47/braids/internal/core/trash/trash.go:209.3,209.13 1 2
github.com/Ashes47/braids/internal/core/trash/trash.go:211.2,211.14 1 2
github.com/Ashes47/braids/internal/core/index/index.go:149.40,151.16 2 12
github.com/Ashes47/braids/internal/core/index/index.go:151.16,153.3 1 0
github.com/Ashes47/braids/internal/core/index/index.go:154.2,161.4 1 12
github.com/Ashes47/braids/internal/core/index/index.go:161.4,162.44 1 36
github.com/Ashes47/braids/internal/core/index/index.go:162.44,164.4 1 0
github.com/Ashes47/braids/internal/core/index/index.go:166.2,166.36 1 12
github.com/Ashes47/braids/internal/core/index/index.go:166.36,168.3 1 0
github.com/Ashes47/braids/internal/core/index/index.go:169.2,169.28 1 12
github.com/Ashes47/braids/internal/core/index/index.go:175.32,177.74 2 12
github.com/Ashes47/braids/internal/core/index/index.go:177.74,179.3 1 0
github.com/Ashes47/braids/internal/core/index/index.go:180.2,180.30 1 12
github.com/Ashes47/braids/internal/core/index/index.go:180.30,181.45 1 12
github.com/Ashes47/braids/internal/core/index/index.go:181.45,183.4 1 0
github.com/Ashes47/braids/internal/core/index/index.go:185.2,185.43 1 12
github.com/Ashes47/braids/internal/core/index/index.go:185.43,187.3 1 0
github.com/Ashes47/braids/internal/core/index/index.go:188.2,188.89 1 12
github.com/Ashes47/braids/internal/core/index/index.go:188.89,190.3 1 0
github.com/Ashes47/braids/internal/core/index/index.go:191.2,191.12 1 12
github.com/Ashes47/braids/internal/core/index/index.go:195.32,195.56 1 12
github.com/Ashes47/braids/internal/core/index/index.go:200.80,203.16 3 8
github.com/Ashes47/braids/internal/core/index/index.go:203.16,205.3 1 0
github.com/Ashes47/braids/internal/core/index/index.go:207.2,208.16 2 8
github.com/Ashes47/braids/internal/core/index/index.go:208.16,210.3 1 0
github.com/Ashes47/braids/internal/core/index/index.go:211.2,216.4 2 8
github.com/Ashes47/braids/internal/core/index/index.go:216.4,217.54 1 40
github.com/Ashes47/braids/internal/core/index/index.go:217.54,219.4 1 0
github.com/Ashes47/braids/internal/core/index/index.go:222.2,223.29 2 8
github.com/Ashes47/braids/internal/core/index/index.go:223.29,225.17 2 17
github.com/Ashes47/braids/internal/core/index/index.go:225.17,227.4 1 0
github.com/Ashes47/braids/internal/core/index/index.go:228.3,229.23 2 17
github.com/Ashes47/braids/internal/core/index/index.go:231.2,231.36 1 8
github.com/Ashes47/braids/internal/core/index/index.go:231.36,233.3 1 0
github.com/Ashes47/braids/internal/core/index/index.go:234.2,235.19 2 8
github.com/Ashes47/braids/internal/core/index/index.go:244.77,247.16 3 11
github.com/Ashes47/braids/internal/core/index/index.go:247.16,249.3 1 0
github.com/Ashes47/braids/internal/core/index/index.go:250.2,251.16 2 11
github.com/Ashes47/braids/internal/core/index/index.go:251.16,253.3 1 0
github.com/Ashes47/braids/internal/core/index/index.go:254.2,255.26 2 11
github.com/Ashes47/braids/internal/core/index/index.go:255.26,257.3 1 12
github.com/Ashes47/braids/internal/core/index/index.go:259.2,260.16 2 11
github.com/Ashes47/braids/internal/core/index/index.go:260.16,262.3 1 0
github.com/Ashes47/braids/internal/core/index/index.go:263.2,267.29 4 11
github.com/Ashes47/braids/internal/core/index/index.go:267.29,271.107 2 22
github.com/Ashes47/braids/internal/core/index/index.go:271.107,274.12 3 9
github.com/Ashes47/braids/internal/core/index/index.go:276.3,277.17 2 13
github.com/Ashes47/braids/internal/core/index/index.go:277.17,279.4 1 0
github.com/Ashes47/braids/internal/core/index/index.go:280.3,281.23 2 13
github.com/Ashes47/braids/internal/core/index/index.go:283.2,283.25 1 11
github.com/Ashes47/braids/internal/core/index/index.go:283.25,284.16 1 12
github.com/Ashes47/braids/internal/core/index/index.go:284.16,285.50 1 1
github.com/Ashes47/braids/internal/core/index/index.go:285.50,287.5 1 0
github.com/Ashes47/braids/internal/core/index/index.go:290.2,290.36 1 11
github.com/Ashes47/braids/internal/core/index/index.go:290.36,292.3 1 0
github.com/Ashes47/braids/internal/core/index/index.go:293.2,294.19 2 11
github.com/Ashes47/braids/internal/core/index/index.go:299.80,301.9 2 30
github.com/Ashes47/braids/internal/core/index/index.go:301.9,303.3 1 30
github.com/Ashes47/braids/internal/core/index/index.go:304.2,305.16 2 0
github.com/Ashes47/braids/internal/core/index/index.go:305.16,307.3 1 0
github.com/Ashes47/braids/internal/core/index/index.go:308.2,308.17 1 0
github.com/Ashes47/braids/internal/core/index/index.go:311.71,318.4 1 31
github.com/Ashes47/braids/internal/core/index/index.go:318.4,319.62 1 155
github.com/Ashes47/braids/internal/core/index/index.go:319.62,321.4 1 0
github.com/Ashes47/braids/internal/core/index/index.go:323.2,323.12 1 31
github.com/Ashes47/braids/internal/core/index/index.go:327.115,329.53 2 30
github.com/Ashes47/braids/internal/core/index/index.go:329.53,331.3 1 0
github.com/Ashes47/braids/internal/core/index/index.go:332.2,335.16 3 30
github.com/Ashes47/braids/internal/core/index/index.go:335.16,337.3 1 0
github.com/Ashes47/braids/internal/core/index/index.go:338.2,342.16 3 30
github.com/Ashes47/braids/internal/core/index/index.go:342.16,344.3 1 0
github.com/Ashes47/braids/internal/core/index/index.go:345.2,349.16 3 30
github.com/Ashes47/braids/internal/core/index/index.go:349.16,351.3 1 0
github.com/Ashes47/braids/internal/core/index/index.go:352.2,357.60 3 30
github.com/Ashes47/braids/internal/core/index/index.go:357.60,360.29 3 45
github.com/Ashes47/braids/internal/core/index/index.go:360.29,361.49 1 71
github.com/Ashes47/braids/internal/core/index/index.go:361.49,363.5 1 3
github.com/Ashes47/braids/internal/core/index/index.go:365.3,365.34 1 45
github.com/Ashes47/braids/internal/core/index/index.go:365.34,367.82 1 0
github.com/Ashes47/braids/internal/core/index/index.go:367.82,369.5 1 0
github.com/Ashes47/braids/internal/core/index/index.go:371.3,372.83 1 45
github.com/Ashes47/braids/internal/core/index/index.go:372.83,374.4 1 0
github.com/Ashes47/braids/internal/core/index/index.go:375.3,375.29 1 45
github.com/Ashes47/braids/internal/core/index/index.go:375.29,376.39 1 71
github.com/Ashes47/braids/internal/core/index/index.go:376.39,377.13 1 13
github.com/Ashes47/braids/internal/core/index/index.go:379.4,380.70 1 58
github.com/Ashes47/braids/internal/core/index/index.go:380.70,382.5 1 0
github.com/Ashes47/braids/internal/core/index/index.go:383.4,383.11 1 58
github.com/Ashes47/braids/internal/core/index/index.go:385.3,385.13 1 45
github.com/Ashes47/braids/internal/core/index/index.go:387.2,387.16 1 30
github.com/Ashes47/braids/internal/core/index/index.go:387.16,389.3 1 0
github.com/Ashes47/braids/internal/core/index/index.go:390.2,396.54 1 30
github.com/Ashes47/braids/internal/core/index/index.go:396.54,398.3 1 0
github.com/Ashes47/braids/internal/core/index/index.go:399.2,399.70 1 30
github.com/Ashes47/braids/internal/core/index/index.go:399.70,401.3 1 0
github.com/Ashes47/braids/internal/core/index/index.go:402.2,402.25 1 30
github.com/Ashes47/braids/internal/core/index/index.go:407.121,409.9 2 30
github.com/Ashes47/braids/internal/core/index/index.go:409.9,411.3 1 0
github.com/Ashes47/braids/internal/core/index/index.go:412.2,413.9 2 30
github.com/Ashes47/braids/internal/core/index/index.go:413.9,415.3 1 0
github.com/Ashes47/braids/internal/core/index/index.go:416.2,416.27 1 30
github.com/Ashes47/braids/internal/core/index/index.go:416.27,421.40 1 3
github.com/Ashes47/braids/internal/core/index/index.go:421.40,423.4 1 0
github.com/Ashes47/braids/internal/core/index/index.go:425.2,425.12 1 30
github.com/Ashes47/braids/internal/core/index/index.go:430.107,432.16 2 30
github.com/Ashes47/braids/internal/core/index/index.go:432.16,434.3 1 0
github.com/Ashes47/braids/internal/core/index/index.go:435.2,435.21 1 30
github.com/Ashes47/braids/internal/core/index/index.go:445.95,449.16 2 0
github.com/Ashes47/braids/internal/core/index/index.go:449.16,451.3 1 0
github.com/Ashes47/braids/internal/core/index/index.go:452.2,455.18 3 0
github.com/Ashes47/braids/internal/core/index/index.go:455.18,458.101 3 0
github.com/Ashes47/braids/internal/core/index/index.go:458.101,460.4 1 0
github.com/Ashes47/braids/internal/core/index/index.go:461.3,462.23 2 0
github.com/Ashes47/braids/internal/core/index/index.go:464.2,464.35 1 0
github.com/Ashes47/braids/internal/core/index/index.go:464.35,466.3 1 0
github.com/Ashes47/braids/internal/core/index/index.go:467.2,467.17 1 0
github.com/Ashes47/braids/internal/core/index/index.go:479.93,481.61 2 0
github.com/Ashes47/braids/internal/core/index/index.go:481.61,492.3 2 0
github.com/Ashes47/braids/internal/core/index/index.go:493.2,493.16 1 0
github.com/Ashes47/braids/internal/core/index/index.go:493.16,495.3 1 0
github.com/Ashes47/braids/internal/core/index/index.go:496.2,496.18 1 0
github.com/Ashes47/braids/internal/core/index/index.go:500.91,504.16 2 3
github.com/Ashes47/braids/internal/core/index/index.go:504.16,506.3 1 0
github.com/Ashes47/braids/internal/core/index/index.go:507.2,510.18 3 3
github.com/Ashes47/braids/internal/core/index/index.go:510.18,513.52 2 2
github.com/Ashes47/braids/internal/core/index/index.go:513.52,515.4 1 0
github.com/Ashes47/braids/internal/core/index/index.go:516.3,516.23 1 2
github.com/Ashes47/braids/internal/core/index/index.go:518.2,518.35 1 3
github.com/Ashes47/braids/internal/core/index/index.go:518.35,520.3 1 0
github.com/Ashes47/braids/internal/core/index/index.go:521.2,521.17 1 3
github.com/Ashes47/braids/internal/core/index/index.go:525.70,526.37 1 8
github.com/Ashes47/braids/internal/core/index/index.go:526.37,528.3 1 1
github.com/Ashes47/braids/internal/core/index/index.go:529.2,530.16 2 7
github.com/Ashes47/braids/internal/core/index/index.go:530.16,532.3 1 7
github.com/Ashes47/braids/internal/core/index/index.go:534.2,538.18 2 7
github.com/Ashes47/braids/internal/core/index/index.go:538.18,541.3 2 2
github.com/Ashes47/braids/internal/core/index/index.go:542.2,542.22 1 7
github.com/Ashes47/braids/internal/core/index/index.go:542.22,544.29 2 1
github.com/Ashes47/braids/internal/core/index/index.go:544.29,547.4 2 1
github.com/Ashes47/braids/internal/core/index/index.go:548.3,548.72 1 1
github.com/Ashes47/braids/internal/core/index/index.go:550.2,563.16 4 7
github.com/Ashes47/braids/internal/core/index/index.go:563.16,565.3 1 0
github.com/Ashes47/braids/internal/core/index/index.go:566.2,569.18 3 7
github.com/Ashes47/braids/internal/core/index/index.go:569.18,574.56 4 9
github.com/Ashes47/braids/internal/core/index/index.go:574.56,576.4 1 0
github.com/Ashes47/braids/internal/core/index/index.go:577.3,580.25 4 9
github.com/Ashes47/braids/internal/core/index/index.go:582.2,582.35 1 7
github.com/Ashes47/braids/internal/core/index/index.go:582.35,584.3 1 0
github.com/Ashes47/braids/internal/core/index/index.go:585.2,585.18 1 7
github.com/Ashes47/braids/internal/core/index/index.go:601.89,605.16 2 0
github.com/Ashes47/braids/internal/core/index/index.go:605.16,607.3 1 0
github.com/Ashes47/braids/internal/core/index/index.go:608.2,611.18 3 0
github.com/Ashes47/braids/internal/core/index/index.go:611.18,615.97 4 0
github.com/Ashes47/braids/internal/core/index/index.go:615.97,617.4 1 0
github.com/Ashes47/braids/internal/core/index/index.go:618.3,620.23 3 0
github.com/Ashes47/braids/internal/core/index/index.go:622.2,622.35 1 0
github.com/Ashes47/braids/internal/core/index/index.go:622.35,624.3 1 0
github.com/Ashes47/braids/internal/core/index/index.go:625.2,625.17 1 0
github.com/Ashes47/braids/internal/core/index/index.go:634.40,636.35 2 45
github.com/Ashes47/braids/internal/core/index/index.go:636.35,638.3 1 0
github.com/Ashes47/braids/internal/core/index/index.go:639.2,640.28 2 45
github.com/Ashes47/braids/internal/core/index/index.go:640.28,642.3 1 0
github.com/Ashes47/braids/internal/core/index/index.go:643.2,643.13 1 45
github.com/Ashes47/braids/internal/core/index/index.go:647.38,650.28 3 45
github.com/Ashes47/braids/internal/core/index/index.go:650.28,651.66 1 71
github.com/Ashes47/braids/internal/core/index/index.go:651.66,652.12 1 58
github.com/Ashes47/braids/internal/core/index/index.go:654.3,655.32 2 13
github.com/Ashes47/braids/internal/core/index/index.go:657.2,657.33 1 45
github.com/Ashes47/braids/internal/core/index/index.go:662.67,669.16 2 1
github.com/Ashes47/braids/internal/core/index/index.go:669.16,671.3 1 0
github.com/Ashes47/braids/internal/core/index/index.go:672.2,675.18 3 1
github.com/Ashes47/braids/internal/core/index/index.go:675.18,677.68 2 2
github.com/Ashes47/braids/internal/core/index/index.go:677.68,679.4 1 0
github.com/Ashes47/braids/internal/core/index/index.go:680.3,680.23 1 2
github.com/Ashes47/braids/internal/core/index/index.go:682.2,682.35 1 1
github.com/Ashes47/braids/internal/core/index/index.go:682.35,684.3 1 0
github.com/Ashes47/braids/internal/core/index/index.go:685.2,685.17 1 1
github.com/Ashes47/braids/internal/core/index/index.go:691.81,694.16 2 0
github.com/Ashes47/braids/internal/core/index/index.go:694.16,696.3 1 0
github.com/Ashes47/braids/internal/core/index/index.go:697.2,700.18 3 0
github.com/Ashes47/braids/internal/core/index/index.go:700.18,703.47 3 0
github.com/Ashes47/braids/internal/core/index/index.go:703.47,705.4 1 0
github.com/Ashes47/braids/internal/core/index/index.go:706.3,706.50 1 0
github.com/Ashes47/braids/internal/core/index/index.go:708.2,708.35 1 0
github.com/Ashes47/braids/internal/core/index/index.go:708.35,710.3 1 0
github.com/Ashes47/braids/internal/core/index/index.go:711.2,711.17 1 0
github.com/Ashes47/braids/internal/core/index/index.go:715.65,718.16 2 14
github.com/Ashes47/braids/internal/core/index/index.go:718.16,720.3 1 0
github.com/Ashes47/braids/internal/core/index/index.go:721.2,724.18 3 14
github.com/Ashes47/braids/internal/core/index/index.go:724.18,731.51 5 17
github.com/Ashes47/braids/internal/core/index/index.go:731.51,733.4 1 0
github.com/Ashes47/braids/internal/core/index/index.go:734.3,734.18 1 17
github.com/Ashes47/braids/internal/core/index/index.go:734.18,736.4 1 0
github.com/Ashes47/braids/internal/core/index/index.go:737.3,739.27 3 17
github.com/Ashes47/braids/internal/core/index/index.go:741.2,741.35 1 14
github.com/Ashes47/braids/internal/core/index/index.go:741.35,743.3 1 0
github.com/Ashes47/braids/internal/core/index/index.go:744.2,744.19 1 14
github.com/Ashes47/braids/internal/core/index/index.go:749.49,751.28 2 45
github.com/Ashes47/braids/internal/core/index/index.go:751.28,752.34 1 71
github.com/Ashes47/braids/internal/core/index/index.go:752.34,754.4 1 13
github.com/Ashes47/braids/internal/core/index/index.go:756.2,756.64 1 45
github.com/Ashes47/braids/internal/core/index/index.go:759.28,760.7 1 30
github.com/Ashes47/braids/internal/core/index/index.go:760.7,762.3 1 13
github.com/Ashes47/braids/internal/core/index/index.go:763.2,763.10 1 17
github.com/Ashes47/braids/internal/core/index/index.go:767.36,768.16 1 30
github.com/Ashes47/braids/internal/core/index/index.go:768.16,770.3 1 30
github.com/Ashes47/braids/internal/core/index/index.go:771.2,771.17 1 0
github.com/Ashes47/braids/internal/core/index/index.go:776.30,777.36 1 14
github.com/Ashes47/braids/internal/core/index/index.go:777.36,779.3 1 3
github.com/Ashes47/braids/internal/core/index/index.go:780.2,780.38 1 11
github.com/Ashes47/braids/internal/core/index/index.go:780.38,781.12 1 14
github.com/Ashes47/braids/internal/core/index/index.go:782.27,783.15 1 1
github.com/Ashes47/braids/internal/core/index/index.go:785.3,785.36 1 13
github.com/Ashes47/braids/internal/core/index/index.go:785.36,787.4 1 0
github.com/Ashes47/braids/internal/core/index/index.go:789.2,789.14 1 10
github.com/Ashes47/braids/internal/core/index/index.go:795.34,797.17 2 14
github.com/Ashes47/braids/internal/core/index/index.go:797.17,799.3 1 4
github.com/Ashes47/braids/internal/core/index/index.go:800.2,802.27 3 10
github.com/Ashes47/braids/internal/core/index/index.go:802.27,804.3 1 12
github.com/Ashes47/braids/internal/core/index/index.go:805.2,805.34 1 10
github.com/Ashes47/braids/internal/core/graph/graph.go:54.138,56.26 2 32
github.com/Ashes47/braids/internal/core/graph/graph.go:56.26,58.3 1 91
github.com/Ashes47/braids/internal/core/graph/graph.go:60.2,60.95 1 32
github.com/Ashes47/braids/internal/core/graph/graph.go:60.95,64.3 3 57
github.com/Ashes47/braids/internal/core/graph/graph.go:68.2,68.38 1 32
github.com/Ashes47/braids/internal/core/graph/graph.go:68.38,70.10 2 6
github.com/Ashes47/braids/internal/core/graph/graph.go:70.10,71.12 1 2
github.com/Ashes47/braids/internal/core/graph/graph.go:73.3,74.13 2 4
github.com/Ashes47/braids/internal/core/graph/graph.go:74.13,75.12 1 0
github.com/Ashes47/braids/internal/core/graph/graph.go:77.3,78.25 2 4
github.com/Ashes47/braids/internal/core/graph/graph.go:81.2,82.15 2 32
github.com/Ashes47/braids/internal/core/graph/graph.go:99.117,101.26 2 32
github.com/Ashes47/braids/internal/core/graph/graph.go:101.26,105.40 4 84
github.com/Ashes47/braids/internal/core/graph/graph.go:105.40,107.4 1 62
github.com/Ashes47/braids/internal/core/graph/graph.go:109.2,109.13 1 32
github.com/Ashes47/braids/internal/core/graph/graph.go:113.58,114.24 1 27
github.com/Ashes47/braids/internal/core/graph/graph.go:114.24,116.3 1 1
github.com/Ashes47/braids/internal/core/graph/graph.go:117.2,118.51 2 26
github.com/Ashes47/braids/internal/core/graph/graph.go:118.51,120.3 1 26
github.com/Ashes47/braids/internal/core/graph/graph.go:121.2,121.28 1 0
github.com/Ashes47/braids/internal/core/graph/graph.go:132.158,135.36 3 4
github.com/Ashes47/braids/internal/core/graph/graph.go:135.36,136.33 1 6
github.com/Ashes47/braids/internal/core/graph/graph.go:136.33,138.4 1 4
github.com/Ashes47/braids/internal/core/graph/graph.go:139.3,141.10 3 2
github.com/Ashes47/braids/internal/core/graph/graph.go:141.10,143.4 1 0
github.com/Ashes47/braids/internal/core/graph/graph.go:146.3,147.21 2 2
github.com/Ashes47/braids/internal/core/graph/graph.go:149.2,149.21 1 0
github.com/Ashes47/braids/internal/core/graph/graph.go:154.82,156.29 2 32
github.com/Ashes47/braids/internal/core/graph/graph.go:156.29,157.35 1 460
github.com/Ashes47/braids/internal/core/graph/graph.go:157.35,159.4 1 454
github.com/Ashes47/braids/internal/core/graph/graph.go:162.2,163.34 2 32
github.com/Ashes47/braids/internal/core/graph/graph.go:163.34,164.24 1 114
github.com/Ashes47/braids/internal/core/graph/graph.go:164.24,165.40 1 454
github.com/Ashes47/braids/internal/core/graph/graph.go:165.40,167.29 2 899
github.com/Ashes47/braids/internal/core/graph/graph.go:167.29,168.14 1 171
github.com/Ashes47/braids/internal/core/graph/graph.go:170.5,170.28 1 728
github.com/Ashes47/braids/internal/core/graph/graph.go:170.28,172.6 1 618
github.com/Ashes47/braids/internal/core/graph/graph.go:173.5,175.17 3 728
github.com/Ashes47/braids/internal/core/graph/graph.go:175.17,178.6 2 84
github.com/Ashes47/braids/internal/core/graph/graph.go:179.5,181.32 3 728
github.com/Ashes47/braids/internal/core/graph/graph.go:185.2,185.14 1 32
github.com/Ashes47/braids/internal/core/graph/graph.go:190.126,191.41 1 84
github.com/Ashes47/braids/internal/core/graph/graph.go:191.41,191.68 1 0
github.com/Ashes47/braids/internal/core/graph/graph.go:192.2,192.41 1 84
github.com/Ashes47/braids/internal/core/graph/graph.go:192.41,192.68 1 84
github.com/Ashes47/braids/internal/core/graph/graph.go:194.2,197.79 2 84
github.com/Ashes47/braids/internal/core/graph/graph.go:197.79,198.34 1 83
github.com/Ashes47/braids/internal/core/graph/graph.go:198.34,200.4 1 0
github.com/Ashes47/braids/internal/core/graph/graph.go:201.3,201.18 1 83
github.com/Ashes47/braids/internal/core/graph/graph.go:205.2,207.9 3 1
github.com/Ashes47/braids/internal/core/graph/graph.go:208.31,209.18 1 0
github.com/Ashes47/braids/internal/core/graph/graph.go:210.31,211.18 1 1
github.com/Ashes47/braids/internal/core/graph/graph.go:216.2,216.9 1 0
github.com/Ashes47/braids/internal/core/graph/graph.go:217.32,218.30 1 0
github.com/Ashes47/braids/internal/core/graph/graph.go:218.30,220.4 1 0
github.com/Ashes47/braids/internal/core/graph/graph.go:221.3,221.18 1 0
github.com/Ashes47/braids/internal/core/graph/graph.go:222.35,223.18 1 0
github.com/Ashes47/braids/internal/core/graph/graph.go:224.10,225.18 1 0
github.com/Ashes47/braids/internal/core/graph/graph.go:231.57,233.2 1 2
github.com/Ashes47/braids/internal/core/graph/graph.go:237.22,238.27 1 32
github.com/Ashes47/braids/internal/core/graph/graph.go:238.27,239.43 1 91
github.com/Ashes47/braids/internal/core/graph/graph.go:239.43,242.4 2 0
github.com/Ashes47/braids/internal/core/graph/graph.go:244.2,244.27 1 32
github.com/Ashes47/braids/internal/core/graph/graph.go:244.27,245.43 1 91
github.com/Ashes47/braids/internal/core/graph/graph.go:245.43,247.4 1 58
github.com/Ashes47/braids/internal/core/graph/graph.go:247.9,249.4 1 33
github.com/Ashes47/braids/internal/core/graph/graph.go:251.2,252.27 2 32
github.com/Ashes47/braids/internal/core/graph/graph.go:252.27,254.3 1 91
github.com/Ashes47/braids/internal/core/graph/graph.go:255.2,255.28 1 32
github.com/Ashes47/braids/internal/core/graph/graph.go:255.28,257.3 1 33
github.com/Ashes47/braids/internal/core/graph/graph.go:261.42,263.72 2 58
github.com/Ashes47/braids/internal/core/graph/graph.go:263.72,264.24 1 60
github.com/Ashes47/braids/internal/core/graph/graph.go:264.24,266.4 1 0
github.com/Ashes47/braids/internal/core/graph/graph.go:267.3,267.27 1 60
github.com/Ashes47/braids/internal/core/graph/graph.go:269.2,269.14 1 58
github.com/Ashes47/braids/internal/core/graph/graph.go:272.38,274.31 2 91
github.com/Ashes47/braids/internal/core/graph/graph.go:274.31,276.3 1 58
github.com/Ashes47/braids/internal/core/graph/graph.go:281.31,282.46 1 123
github.com/Ashes47/braids/internal/core/graph/graph.go:282.46,283.58 1 26
github.com/Ashes47/braids/internal/core/graph/graph.go:283.58,285.4 1 26
github.com/Ashes47/braids/internal/core/graph/graph.go:286.3,286.45 1 0
github.com/Ashes47/braids/internal/core/graph/graph.go:291.36,294.23 3 1
github.com/Ashes47/braids/internal/core/graph/graph.go:294.23,296.32 2 3
github.com/Ashes47/braids/internal/core/graph/graph.go:296.32,298.4 1 2
github.com/Ashes47/braids/internal/core/graph/graph.go:300.2,300.28 1 1
github.com/Ashes47/braids/internal/core/graph/graph.go:300.28,302.3 1 1
github.com/Ashes47/braids/internal/core/graph/graph.go:303.2,303.12 1 1
github.com/Ashes47/braids/internal/core/graph/spine.go:51.47,52.20 1 6
github.com/Ashes47/braids/internal/core/graph/spine.go:52.20,54.3 1 1
github.com/Ashes47/braids/internal/core/graph/spine.go:55.2,57.25 3 5
github.com/Ashes47/braids/internal/core/graph/spine.go:57.25,60.3 2 18
github.com/Ashes47/braids/internal/core/graph/spine.go:62.2,64.25 3 5
github.com/Ashes47/braids/internal/core/graph/spine.go:64.25,66.3 1 13
github.com/Ashes47/braids/internal/core/graph/spine.go:67.2,71.18 4 5
github.com/Ashes47/braids/internal/core/graph/spine.go:71.18,72.19 1 12
github.com/Ashes47/braids/internal/core/graph/spine.go:73.10,73.10 0 8
github.com/Ashes47/braids/internal/core/graph/spine.go:74.10,80.6 2 3
github.com/Ashes47/braids/internal/core/graph/spine.go:81.11,82.38 1 1
github.com/Ashes47/braids/internal/core/graph/spine.go:84.3,84.12 1 12
github.com/Ashes47/braids/internal/core/graph/spine.go:86.2,86.25 1 5
github.com/Ashes47/braids/internal/core/graph/spine.go:86.25,88.43 2 13
github.com/Ashes47/braids/internal/core/graph/spine.go:88.43,90.12 2 6
github.com/Ashes47/braids/internal/core/graph/spine.go:92.3,100.5 2 7
github.com/Ashes47/braids/internal/core/graph/spine.go:102.2,103.12 2 5
github.com/Ashes47/braids/internal/core/graph/spine.go:112.40,114.2 1 13
github.com/Ashes47/braids/internal/core/graph/spine.go:118.95,123.68 4 5
github.com/Ashes47/braids/internal/core/graph/spine.go:123.68,126.3 2 13
github.com/Ashes47/braids/internal/core/graph/spine.go:127.2,127.57 1 5
github.com/Ashes47/braids/internal/core/graph/spine.go:127.57,129.3 1 5
github.com/Ashes47/braids/internal/core/graph/spine.go:130.2,130.17 1 5
github.com/Ashes47/braids/internal/core/graph/spine.go:134.121,136.39 2 13
github.com/Ashes47/braids/internal/core/graph/spine.go:136.39,137.20 1 11
github.com/Ashes47/braids/internal/core/graph/spine.go:137.20,138.12 1 9
github.com/Ashes47/braids/internal/core/graph/spine.go:140.3,140.34 1 2
github.com/Ashes47/braids/internal/core/graph/spine.go:142.2,143.12 2 13
github.com/Ashes47/braids/internal/core/graph/spine.go:147.89,150.29 3 5
github.com/Ashes47/braids/internal/core/graph/spine.go:150.29,151.29 1 32
github.com/Ashes47/braids/internal/core/graph/spine.go:151.29,153.4 1 14
github.com/Ashes47/braids/internal/core/graph/spine.go:154.3,156.34 3 18
github.com/Ashes47/braids/internal/core/graph/spine.go:156.34,158.4 1 14
github.com/Ashes47/braids/internal/core/graph/spine.go:159.3,160.11 2 18
github.com/Ashes47/braids/internal/core/graph/spine.go:162.2,162.25 1 5
github.com/Ashes47/braids/internal/core/graph/spine.go:162.25,164.3 1 18
github.com/Ashes47/braids/internal/core/graph/spine.go:165.2,165.14 1 5
github.com/Ashes47/braids/internal/core/graph/spine.go:169.49,171.24 2 1
github.com/Ashes47/braids/internal/core/graph/spine.go:171.24,172.44 1 3
github.com/Ashes47/braids/internal/core/graph/spine.go:172.44,174.4 1 3
github.com/Ashes47/braids/internal/core/graph/spine.go:176.2,177.30 2 1
github.com/Ashes47/braids/internal/core/graph/spine.go:177.30,179.3 1 2
github.com/Ashes47/braids/internal/core/graph/spine.go:180.2,180.40 1 1
github.com/Ashes47/braids/internal/core/graph/spine.go:180.40,181.39 1 1
github.com/Ashes47/braids/internal/core/graph/spine.go:181.39,183.4 1 1
github.com/Ashes47/braids/internal/core/graph/spine.go:184.3,184.39 1 0
github.com/Ashes47/braids/internal/core/graph/spine.go:186.2,191.3 1 1
github.com/Ashes47/braids/internal/core/graph/spine.go:194.36,195.13 1 13
github.com/Ashes47/braids/internal/core/graph/spine.go:195.13,197.3 1 10
github.com/Ashes47/braids/internal/core/graph/spine.go:198.2,200.31 3 3
github.com/Ashes47/braids/internal/core/graph/spine.go:200.31,201.33 1 15
github.com/Ashes47/braids/internal/core/graph/spine.go:201.33,202.17 1 3
github.com/Ashes47/braids/internal/core/graph/spine.go:202.17,204.5 1 3
github.com/Ashes47/braids/internal/core/graph/spine.go:205.4,205.17 1 3
github.com/Ashes47/braids/internal/core/graph/spine.go:208.2,208.12 1 3
github.com/Ashes47/braids/internal/tui/binview.go:35.32,36.22 1 4
github.com/Ashes47/braids/internal/tui/binview.go:36.22,38.3 1 0
github.com/Ashes47/braids/internal/tui/binview.go:39.2,43.10 5 4
github.com/Ashes47/braids/internal/tui/binview.go:46.41,48.13 2 4
github.com/Ashes47/braids/internal/tui/binview.go:49.39,51.14 2 1
github.com/Ashes47/braids/internal/tui/binview.go:52.19,53.47 1 1
github.com/Ashes47/braids/internal/tui/binview.go:54.17,55.48 1 0
github.com/Ashes47/braids/internal/tui/binview.go:56.19,57.15 1 0
github.com/Ashes47/braids/internal/tui/binview.go:58.18,59.32 1 0
github.com/Ashes47/braids/internal/tui/binview.go:60.20,61.28 1 1
github.com/Ashes47/braids/internal/tui/binview.go:62.11,63.26 1 1
github.com/Ashes47/braids/internal/tui/binview.go:65.2,66.10 2 2
github.com/Ashes47/braids/internal/tui/binview.go:69.28,71.14 2 4
github.com/Ashes47/braids/internal/tui/binview.go:71.14,73.3 1 1
github.com/Ashes47/braids/internal/tui/binview.go:74.2,76.25 3 3
github.com/Ashes47/braids/internal/tui/binview.go:76.25,78.3 1 0
github.com/Ashes47/braids/internal/tui/binview.go:79.2,79.28 1 3
github.com/Ashes47/braids/internal/tui/binview.go:79.28,81.3 1 0
github.com/Ashes47/braids/internal/tui/binview.go:82.2,82.29 1 3
github.com/Ashes47/braids/internal/tui/binview.go:85.39,87.54 2 1
github.com/Ashes47/braids/internal/tui/binview.go:87.54,89.3 1 0
github.com/Ashes47/braids/internal/tui/binview.go:90.2,91.46 2 1
github.com/Ashes47/braids/internal/tui/binview.go:91.46,94.3 2 0
github.com/Ashes47/braids/internal/tui/binview.go:95.2,99.10 5 1
github.com/Ashes47/braids/internal/tui/binview.go:102.37,104.52 2 1
github.com/Ashes47/braids/internal/tui/binview.go:104.52,106.3 1 0
github.com/Ashes47/braids/internal/tui/binview.go:107.2,108.44 2 1
github.com/Ashes47/braids/internal/tui/binview.go:108.44,111.3 2 0
github.com/Ashes47/braids/internal/tui/binview.go:112.2,115.10 4 1
github.com/Ashes47/braids/internal/tui/binview.go:118.61,120.28 2 2
github.com/Ashes47/braids/internal/tui/binview.go:120.28,121.17 1 6
github.com/Ashes47/braids/internal/tui/binview.go:121.17,123.4 1 4
github.com/Ashes47/braids/internal/tui/binview.go:125.2,125.12 1 2
github.com/Ashes47/braids/internal/tui/binview.go:128.35,139.9 10 5
github.com/Ashes47/braids/internal/tui/binview.go:140.20,142.40 2 0
github.com/Ashes47/braids/internal/tui/binview.go:143.27,145.40 2 1
github.com/Ashes47/braids/internal/tui/binview.go:146.10,148.35 2 4
github.com/Ashes47/braids/internal/tui/binview.go:148.35,150.4 1 10
github.com/Ashes47/braids/internal/tui/binview.go:151.3,151.53 1 4
github.com/Ashes47/braids/internal/tui/binview.go:153.2,155.20 3 5
github.com/Ashes47/braids/internal/tui/binview.go:155.20,157.3 1 2
github.com/Ashes47/braids/internal/tui/binview.go:158.2,158.21 1 5
github.com/Ashes47/braids/internal/tui/binview.go:161.64,162.14 1 5
github.com/Ashes47/braids/internal/tui/binview.go:162.14,164.3 1 44
github.com/Ashes47/braids/internal/tui/binview.go:167.34,170.34 3 22
github.com/Ashes47/braids/internal/tui/binview.go:170.34,172.3 1 47
github.com/Ashes47/braids/internal/tui/binview.go:173.2,173.36 1 22
github.com/Ashes47/braids/internal/tui/binview.go:173.36,175.3 1 19
github.com/Ashes47/braids/internal/tui/binview.go:176.2,181.3 1 22
github.com/Ashes47/braids/internal/tui/binview.go:184.24,189.2 1 22
github.com/Ashes47/braids/internal/tui/binview.go:191.33,191.87 1 5
github.com/Ashes47/braids/internal/tui/binview.go:193.36,198.2 2 5
github.com/Ashes47/braids/internal/tui/binview.go:200.35,202.2 1 25
github.com/Ashes47/braids/internal/tui/binview.go:204.70,211.14 6 10
github.com/Ashes47/braids/internal/tui/binview.go:211.14,213.3 1 4
github.com/Ashes47/braids/internal/tui/binview.go:214.2,215.73 1 6
github.com/Ashes47/braids/internal/tui/binview.go:219.56,221.15 2 29
github.com/Ashes47/braids/internal/tui/binview.go:221.15,223.3 1 0
github.com/Ashes47/braids/internal/tui/binview.go:224.2,224.31 1 29
github.com/Ashes47/braids/internal/tui/binview.go:229.62,230.49 1 6
github.com/Ashes47/braids/internal/tui/binview.go:230.49,232.3 1 3
github.com/Ashes47/braids/internal/tui/binview.go:233.2,233.22 1 3
github.com/Ashes47/braids/internal/tui/chrome.go:17.35,17.69 1 426
github.com/Ashes47/braids/internal/tui/chrome.go:41.31,43.22 2 294
github.com/Ashes47/braids/internal/tui/chrome.go:43.22,45.3 1 18
github.com/Ashes47/braids/internal/tui/chrome.go:46.2,51.3 1 294
github.com/Ashes47/braids/internal/tui/chrome.go:54.21,67.2 1 296
github.com/Ashes47/braids/internal/tui/chrome.go:70.30,70.88 1 42
github.com/Ashes47/braids/internal/tui/chrome.go:73.36,82.2 2 295
github.com/Ashes47/braids/internal/tui/chrome.go:86.38,88.29 2 42
github.com/Ashes47/braids/internal/tui/chrome.go:88.29,89.35 1 4
github.com/Ashes47/braids/internal/tui/chrome.go:89.35,91.4 1 4
github.com/Ashes47/braids/internal/tui/chrome.go:93.2,93.9 1 42
github.com/Ashes47/braids/internal/tui/chrome.go:94.36,95.56 1 1
github.com/Ashes47/braids/internal/tui/chrome.go:96.18,97.55 1 3
github.com/Ashes47/braids/internal/tui/chrome.go:98.10,99.12 1 38
github.com/Ashes47/braids/internal/tui/chrome.go:116.34,121.26 4 506
github.com/Ashes47/braids/internal/tui/chrome.go:121.26,123.3 1 2024
github.com/Ashes47/braids/internal/tui/chrome.go:124.2,124.26 1 506
github.com/Ashes47/braids/internal/tui/chrome.go:124.26,126.3 1 2024
github.com/Ashes47/braids/internal/tui/chrome.go:127.2,127.25 1 506
github.com/Ashes47/braids/internal/tui/chrome.go:127.25,129.3 1 6470
github.com/Ashes47/braids/internal/tui/chrome.go:130.2,130.27 1 506
github.com/Ashes47/braids/internal/tui/chrome.go:130.27,132.3 1 2330
github.com/Ashes47/braids/internal/tui/chrome.go:134.2,136.19 3 506
github.com/Ashes47/braids/internal/tui/chrome.go:136.19,138.3 1 396
github.com/Ashes47/braids/internal/tui/chrome.go:142.2,143.10 2 506
github.com/Ashes47/braids/internal/tui/chrome.go:146.77,152.22 5 80
github.com/Ashes47/braids/internal/tui/chrome.go:152.22,154.21 2 533
github.com/Ashes47/braids/internal/tui/chrome.go:154.21,157.4 1 320
github.com/Ashes47/braids/internal/tui/chrome.go:158.3,159.26 2 533
github.com/Ashes47/braids/internal/tui/chrome.go:159.26,160.13 1 939
github.com/Ashes47/braids/internal/tui/chrome.go:160.13,162.5 1 420
github.com/Ashes47/braids/internal/tui/chrome.go:163.4,163.16 1 939
github.com/Ashes47/braids/internal/tui/chrome.go:163.16,165.5 1 939
github.com/Ashes47/braids/internal/tui/chrome.go:165.10,167.5 1 0
github.com/Ashes47/braids/internal/tui/chrome.go:169.3,169.17 1 533
github.com/Ashes47/braids/internal/tui/chrome.go:169.17,171.4 1 63
github.com/Ashes47/braids/internal/tui/chrome.go:172.3,172.60 1 533
github.com/Ashes47/braids/internal/tui/chrome.go:174.2,174.34 1 80
github.com/Ashes47/braids/internal/tui/chrome.go:178.58,179.9 1 506
github.com/Ashes47/braids/internal/tui/chrome.go:180.47,181.45 1 23
github.com/Ashes47/braids/internal/tui/chrome.go:182.41,183.39 1 17
github.com/Ashes47/braids/internal/tui/chrome.go:184.45,185.55 1 214
github.com/Ashes47/braids/internal/tui/chrome.go:186.10,187.43 1 252
github.com/Ashes47/braids/internal/tui/chrome.go:197.115,199.31 2 506
github.com/Ashes47/braids/internal/tui/chrome.go:199.31,199.65 1 1890
github.com/Ashes47/braids/internal/tui/chrome.go:200.2,200.31 1 506
github.com/Ashes47/braids/internal/tui/chrome.go:200.31,200.63 1 1882
github.com/Ashes47/braids/internal/tui/chrome.go:202.2,208.46 3 506
github.com/Ashes47/braids/internal/tui/chrome.go:208.46,209.42 1 932
github.com/Ashes47/braids/internal/tui/chrome.go:209.42,211.4 1 46
github.com/Ashes47/braids/internal/tui/chrome.go:213.2,213.32 1 460
github.com/Ashes47/braids/internal/tui/chrome.go:213.32,214.25 1 880
github.com/Ashes47/braids/internal/tui/chrome.go:214.25,216.4 1 390
github.com/Ashes47/braids/internal/tui/chrome.go:220.2,220.33 1 70
github.com/Ashes47/braids/internal/tui/chrome.go:220.33,221.25 1 70
github.com/Ashes47/braids/internal/tui/chrome.go:221.25,223.4 1 62
github.com/Ashes47/braids/internal/tui/chrome.go:225.2,225.42 1 8
github.com/Ashes47/braids/internal/tui/chrome.go:230.63,231.22 1 63
github.com/Ashes47/braids/internal/tui/chrome.go:231.22,233.3 1 18
github.com/Ashes47/braids/internal/tui/chrome.go:234.2,236.60 2 45
github.com/Ashes47/braids/internal/tui/chrome.go:239.59,240.20 1 939
github.com/Ashes47/braids/internal/tui/chrome.go:240.20,242.3 1 24
github.com/Ashes47/braids/internal/tui/chrome.go:243.2,244.64 1 915
github.com/Ashes47/braids/internal/tui/chrome.go:248.36,250.19 2 42
github.com/Ashes47/braids/internal/tui/chrome.go:250.19,252.3 1 2
github.com/Ashes47/braids/internal/tui/chrome.go:255.2,255.88 1 42
github.com/Ashes47/braids/internal/tui/chrome.go:258.34,258.77 1 42
github.com/Ashes47/braids/internal/tui/chrome.go:260.51,263.14 3 80
github.com/Ashes47/braids/internal/tui/chrome.go:263.14,265.3 1 0
github.com/Ashes47/braids/internal/tui/chrome.go:266.2,267.59 1 80
github.com/Ashes47/braids/internal/tui/chrome.go:270.37,272.2 1 80
github.com/Ashes47/braids/internal/tui/chrome.go:276.46,279.2 2 747
github.com/Ashes47/braids/internal/tui/chrome.go:282.36,283.21 1 42
github.com/Ashes47/braids/internal/tui/chrome.go:283.21,285.3 1 1
github.com/Ashes47/braids/internal/tui/chrome.go:286.2,286.21 1 41
github.com/Ashes47/braids/internal/tui/chrome.go:286.21,288.3 1 1
github.com/Ashes47/braids/internal/tui/chrome.go:289.2,289.20 1 40
github.com/Ashes47/braids/internal/tui/chrome.go:289.20,291.3 1 14
github.com/Ashes47/braids/internal/tui/chrome.go:292.2,292.25 1 26
github.com/Ashes47/braids/internal/tui/chrome.go:292.25,294.3 1 1
github.com/Ashes47/braids/internal/tui/chrome.go:295.2,295.69 1 25
github.com/Ashes47/braids/internal/tui/chrome.go:299.56,300.12 1 16
github.com/Ashes47/braids/internal/tui/chrome.go:300.12,302.3 1 4
github.com/Ashes47/braids/internal/tui/chrome.go:303.2,303.22 1 12
github.com/Ashes47/braids/internal/tui/chrome.go:307.49,310.2 1 2
github.com/Ashes47/braids/internal/tui/chrome.go:313.34,314.87 1 296
github.com/Ashes47/braids/internal/tui/chrome.go:314.87,316.3 1 1
github.com/Ashes47/braids/internal/tui/chrome.go:317.2,317.13 1 295
github.com/Ashes47/braids/internal/tui/filter.go:18.42,19.9 1 128
github.com/Ashes47/braids/internal/tui/filter.go:20.18,21.10 1 15
github.com/Ashes47/braids/internal/tui/filter.go:22.17,24.15 2 6
github.com/Ashes47/braids/internal/tui/filter.go:25.21,26.15 1 1
github.com/Ashes47/braids/internal/tui/filter.go:27.11,28.16 1 8
github.com/Ashes47/braids/internal/tui/filter.go:30.3,30.14 1 7
github.com/Ashes47/braids/internal/tui/filter.go:32.32,34.14 2 2
github.com/Ashes47/braids/internal/tui/filter.go:36.29,38.14 2 9
github.com/Ashes47/braids/internal/tui/filter.go:40.16,41.19 1 35
github.com/Ashes47/braids/internal/tui/filter.go:43.2,43.14 1 67
github.com/Ashes47/braids/internal/tui/filter.go:48.43,49.9 1 48
github.com/Ashes47/braids/internal/tui/filter.go:50.24,51.38 1 2
github.com/Ashes47/braids/internal/tui/filter.go:51.38,53.4 1 2
github.com/Ashes47/braids/internal/tui/filter.go:54.3,54.14 1 2
github.com/Ashes47/braids/internal/tui/filter.go:55.20,57.14 2 0
github.com/Ashes47/braids/internal/tui/filter.go:58.27,60.14 2 46
github.com/Ashes47/braids/internal/tui/filter.go:62.2,62.14 1 0
github.com/Ashes47/braids/internal/tui/filter.go:67.42,69.2 1 3
github.com/Ashes47/braids/internal/tui/filter.go:72.32,72.55 1 263
github.com/Ashes47/braids/internal/tui/filter.go:75.52,76.18 1 98
github.com/Ashes47/braids/internal/tui/filter.go:76.18,78.3 1 1
github.com/Ashes47/braids/internal/tui/filter.go:79.2,79.77 1 97
github.com/Ashes47/braids/internal/tui/filter.go:83.37,84.13 1 4
github.com/Ashes47/braids/internal/tui/filter.go:84.13,86.3 1 0
github.com/Ashes47/braids/internal/tui/filter.go:87.2,87.21 1 4
github.com/Ashes47/braids/internal/tui/map.go:195.52,233.2 6 88
github.com/Ashes47/braids/internal/tui/map.go:237.45,244.20 6 3
github.com/Ashes47/braids/internal/tui/map.go:244.20,245.46 1 0
github.com/Ashes47/braids/internal/tui/map.go:245.46,250.4 4 0
github.com/Ashes47/braids/internal/tui/map.go:252.2,252.10 1 3
github.com/Ashes47/braids/internal/tui/map.go:256.27,259.26 3 91
github.com/Ashes47/braids/internal/tui/map.go:259.26,260.28 1 136
github.com/Ashes47/braids/internal/tui/map.go:260.28,262.4 1 3
github.com/Ashes47/braids/internal/tui/map.go:263.3,264.45 2 136
github.com/Ashes47/braids/internal/tui/map.go:266.2,267.26 2 91
github.com/Ashes47/braids/internal/tui/map.go:267.26,268.36 1 135
github.com/Ashes47/braids/internal/tui/map.go:268.36,270.9 2 1
github.com/Ashes47/braids/internal/tui/map.go:273.2,274.26 2 91
github.com/Ashes47/braids/internal/tui/map.go:274.26,276.3 1 136
github.com/Ashes47/braids/internal/tui/map.go:277.2,278.31 2 91
github.com/Ashes47/braids/internal/tui/map.go:278.31,279.27 1 131
github.com/Ashes47/braids/internal/tui/map.go:279.27,281.4 1 2
github.com/Ashes47/braids/internal/tui/map.go:287.31,288.22 1 1
github.com/Ashes47/braids/internal/tui/map.go:288.22,290.3 1 1
github.com/Ashes47/braids/internal/tui/map.go:291.2,291.70 1 0
github.com/Ashes47/braids/internal/tui/map.go:296.46,297.24 1 3
github.com/Ashes47/braids/internal/tui/map.go:297.24,298.25 1 0
github.com/Ashes47/braids/internal/tui/map.go:298.25,300.4 1 0
github.com/Ashes47/braids/internal/tui/map.go:301.3,301.22 1 0
github.com/Ashes47/braids/internal/tui/map.go:306.57,307.27 1 58
github.com/Ashes47/braids/internal/tui/map.go:308.30,309.44 1 0
github.com/Ashes47/braids/internal/tui/map.go:310.25,314.15 4 0
github.com/Ashes47/braids/internal/tui/map.go:315.20,316.36 1 4
github.com/Ashes47/braids/internal/tui/map.go:317.18,318.45 1 3
github.com/Ashes47/braids/internal/tui/map.go:319.23,320.20 1 51
github.com/Ashes47/braids/internal/tui/map.go:322.2,322.15 1 0
github.com/Ashes47/braids/internal/tui/map.go:327.42,328.9 1 4
github.com/Ashes47/braids/internal/tui/map.go:329.47,332.18 3 1
github.com/Ashes47/braids/internal/tui/map.go:333.70,334.29 1 1
github.com/Ashes47/braids/internal/tui/map.go:335.70,338.17 3 0
github.com/Ashes47/braids/internal/tui/map.go:339.44,340.23 1 0
github.com/Ashes47/braids/internal/tui/map.go:341.23,344.12 3 1
github.com/Ashes47/braids/internal/tui/map.go:346.2,346.10 1 4
github.com/Ashes47/braids/internal/tui/map.go:352.32,353.22 1 8
github.com/Ashes47/braids/internal/tui/map.go:353.22,355.3 1 5
github.com/Ashes47/braids/internal/tui/map.go:356.2,357.16 2 3
github.com/Ashes47/braids/internal/tui/map.go:357.16,359.3 1 1
github.com/Ashes47/braids/internal/tui/map.go:360.2,360.24 1 2
github.com/Ashes47/braids/internal/tui/map.go:364.32,365.9 1 2
github.com/Ashes47/braids/internal/tui/map.go:366.41,367.59 1 0
github.com/Ashes47/braids/internal/tui/map.go:368.47,369.62 1 0
github.com/Ashes47/braids/internal/tui/map.go:370.45,371.61 1 1
github.com/Ashes47/braids/internal/tui/map.go:372.10,373.56 1 1
github.com/Ashes47/braids/internal/tui/map.go:380.36,381.11 1 51
github.com/Ashes47/braids/internal/tui/map.go:382.32,383.17 1 0
github.com/Ashes47/braids/internal/tui/map.go:384.16,385.17 1 0
github.com/Ashes47/braids/internal/tui/map.go:387.2,387.10 1 51
github.com/Ashes47/braids/internal/tui/map.go:390.62,392.53 2 51
github.com/Ashes47/braids/internal/tui/map.go:392.53,394.3 1 2
github.com/Ashes47/braids/internal/tui/map.go:395.2,395.26 1 49
github.com/Ashes47/braids/internal/tui/map.go:395.26,397.3 1 1
github.com/Ashes47/braids/internal/tui/map.go:398.2,398.23 1 48
github.com/Ashes47/braids/internal/tui/map.go:398.23,400.3 1 0
github.com/Ashes47/braids/internal/tui/map.go:401.2,401.42 1 48
github.com/Ashes47/braids/internal/tui/map.go:401.42,403.3 1 0
github.com/Ashes47/braids/internal/tui/map.go:404.2,404.36 1 48
github.com/Ashes47/braids/internal/tui/map.go:404.36,406.3 1 4
github.com/Ashes47/braids/internal/tui/map.go:407.2,407.37 1 44
github.com/Ashes47/braids/internal/tui/map.go:407.37,409.3 1 2
github.com/Ashes47/braids/internal/tui/map.go:410.2,410.25 1 42
github.com/Ashes47/braids/internal/tui/map.go:410.25,412.3 1 4
github.com/Ashes47/braids/internal/tui/map.go:413.2,413.23 1 38
github.com/Ashes47/braids/internal/tui/map.go:413.23,417.3 3 13
github.com/Ashes47/braids/internal/tui/map.go:418.2,418.13 1 25
github.com/Ashes47/braids/internal/tui/map.go:419.29,420.28 1 1
github.com/Ashes47/braids/internal/tui/map.go:421.11,422.25 1 3
github.com/Ashes47/braids/internal/tui/map.go:423.11,424.30 1 3
github.com/Ashes47/braids/internal/tui/map.go:425.11,426.32 1 7
github.com/Ashes47/braids/internal/tui/map.go:427.11,430.12 3 1
github.com/Ashes47/braids/internal/tui/map.go:431.11,432.29 1 3
github.com/Ashes47/braids/internal/tui/map.go:433.11,434.29 1 1
github.com/Ashes47/braids/internal/tui/map.go:435.11,436.40 1 0
github.com/Ashes47/braids/internal/tui/map.go:437.11,438.41 1 0
github.com/Ashes47/braids/internal/tui/map.go:439.11,440.24 1 1
github.com/Ashes47/braids/internal/tui/map.go:441.11,442.26 1 3
github.com/Ashes47/braids/internal/tui/map.go:443.19,444.47 1 1
github.com/Ashes47/braids/internal/tui/map.go:445.17,446.48 1 1
github.com/Ashes47/braids/internal/tui/map.go:447.19,448.15 1 0
github.com/Ashes47/braids/internal/tui/map.go:449.18,450.32 1 0
github.com/Ashes47/braids/internal/tui/map.go:451.26,452.33 1 0
github.com/Ashes47/braids/internal/tui/map.go:453.24,454.33 1 0
github.com/Ashes47/braids/internal/tui/map.go:456.2,457.15 2 6
github.com/Ashes47/braids/internal/tui/map.go:463.36,464.53 1 3
github.com/Ashes47/braids/internal/tui/map.go:464.53,466.3 1 0
github.com/Ashes47/braids/internal/tui/map.go:467.2,469.10 3 3
github.com/Ashes47/braids/internal/tui/map.go:472.44,473.13 1 3
github.com/Ashes47/braids/internal/tui/map.go:474.13,475.27 1 1
github.com/Ashes47/braids/internal/tui/map.go:476.15,477.26 1 2
github.com/Ashes47/braids/internal/tui/map.go:478.10,479.21 1 0
github.com/Ashes47/braids/internal/tui/map.go:481.2,481.10 1 1
github.com/Ashes47/braids/internal/tui/map.go:484.37,489.47 4 2
github.com/Ashes47/braids/internal/tui/map.go:489.47,491.3 1 0
github.com/Ashes47/braids/internal/tui/map.go:492.2,493.16 2 2
github.com/Ashes47/braids/internal/tui/map.go:493.16,495.3 1 1
github.com/Ashes47/braids/internal/tui/map.go:496.2,496.48 1 1
github.com/Ashes47/braids/internal/tui/map.go:503.38,505.31 2 7
github.com/Ashes47/braids/internal/tui/map.go:505.31,507.3 1 0
github.com/Ashes47/braids/internal/tui/map.go:508.2,508.23 1 7
github.com/Ashes47/braids/internal/tui/map.go:508.23,510.3 1 0
github.com/Ashes47/braids/internal/tui/map.go:511.2,512.52 2 7
github.com/Ashes47/braids/internal/tui/map.go:512.52,514.3 1 0
github.com/Ashes47/braids/internal/tui/map.go:515.2,515.14 1 7
github.com/Ashes47/braids/internal/tui/map.go:515.14,517.3 1 6
github.com/Ashes47/braids/internal/tui/map.go:517.8,519.3 1 1
github.com/Ashes47/braids/internal/tui/map.go:520.2,522.14 3 7
github.com/Ashes47/braids/internal/tui/map.go:522.14,524.3 1 6
github.com/Ashes47/braids/internal/tui/map.go:525.2,525.57 1 1
github.com/Ashes47/braids/internal/tui/map.go:534.35,536.30 2 3
github.com/Ashes47/braids/internal/tui/map.go:536.30,538.3 1 0
github.com/Ashes47/braids/internal/tui/map.go:539.2,540.44 2 3
github.com/Ashes47/braids/internal/tui/map.go:540.44,542.3 1 1
github.com/Ashes47/braids/internal/tui/map.go:543.2,544.16 2 2
github.com/Ashes47/braids/internal/tui/map.go:544.16,546.3 1 1
github.com/Ashes47/braids/internal/tui/map.go:547.2,549.44 2 1
github.com/Ashes47/braids/internal/tui/map.go:556.35,558.34 2 1
github.com/Ashes47/braids/internal/tui/map.go:558.34,560.3 1 0
github.com/Ashes47/braids/internal/tui/map.go:561.2,562.16 2 1
github.com/Ashes47/braids/internal/tui/map.go:562.16,564.3 1 0
github.com/Ashes47/braids/internal/tui/map.go:565.2,567.29 2 1
github.com/Ashes47/braids/internal/tui/map.go:571.46,572.43 1 18
github.com/Ashes47/braids/internal/tui/map.go:572.43,573.28 1 2
github.com/Ashes47/braids/internal/tui/map.go:573.28,577.4 1 1
github.com/Ashes47/braids/internal/tui/map.go:578.3,578.31 1 1
github.com/Ashes47/braids/internal/tui/map.go:580.2,580.31 1 16
github.com/Ashes47/braids/internal/tui/map.go:580.31,582.3 1 16
github.com/Ashes47/braids/internal/tui/map.go:583.2,583.18 1 0
github.com/Ashes47/braids/internal/tui/map.go:588.50,590.31 2 4
github.com/Ashes47/braids/internal/tui/map.go:590.31,592.3 1 1
github.com/Ashes47/braids/internal/tui/map.go:593.2,594.16 2 3
github.com/Ashes47/braids/internal/tui/map.go:594.16,596.3 1 0
github.com/Ashes47/braids/internal/tui/map.go:597.2,597.75 1 3
github.com/Ashes47/braids/internal/tui/map.go:601.52,603.9 2 3
github.com/Ashes47/braids/internal/tui/map.go:603.9,605.3 1 0
github.com/Ashes47/braids/internal/tui/map.go:606.2,606.20 1 3
github.com/Ashes47/braids/internal/tui/map.go:606.20,610.3 2 1
github.com/Ashes47/braids/internal/tui/map.go:611.2,611.38 1 2
github.com/Ashes47/braids/internal/tui/map.go:611.38,613.3 1 1
github.com/Ashes47/braids/internal/tui/map.go:614.2,614.92 1 1
github.com/Ashes47/braids/internal/tui/map.go:618.59,619.43 1 20
github.com/Ashes47/braids/internal/tui/map.go:619.43,622.3 2 2
github.com/Ashes47/braids/internal/tui/map.go:623.2,624.10 2 18
github.com/Ashes47/braids/internal/tui/map.go:629.31,630.9 1 4
github.com/Ashes47/braids/internal/tui/map.go:631.28,632.14 1 1
github.com/Ashes47/braids/internal/tui/map.go:633.25,634.15 1 0
github.com/Ashes47/braids/internal/tui/map.go:635.44,636.14 1 0
github.com/Ashes47/braids/internal/tui/map.go:637.45,638.56 1 2
github.com/Ashes47/braids/internal/tui/map.go:639.10,640.25 1 1
github.com/Ashes47/braids/internal/tui/map.go:646.25,648.48 2 114
github.com/Ashes47/braids/internal/tui/map.go:648.48,650.3 1 26
github.com/Ashes47/braids/internal/tui/map.go:652.2,652.9 1 114
github.com/Ashes47/braids/internal/tui/map.go:653.21,657.27 2 12
github.com/Ashes47/braids/internal/tui/map.go:657.27,659.43 2 27
github.com/Ashes47/braids/internal/tui/map.go:659.43,660.13 1 0
github.com/Ashes47/braids/internal/tui/map.go:662.4,662.64 1 27
github.com/Ashes47/braids/internal/tui/map.go:662.64,664.5 1 14
github.com/Ashes47/braids/internal/tui/map.go:666.21,669.73 1 6
github.com/Ashes47/braids/internal/tui/map.go:669.73,671.4 1 14
github.com/Ashes47/braids/internal/tui/map.go:672.10,673.20 1 96
github.com/Ashes47/braids/internal/tui/map.go:675.2,675.31 1 114
github.com/Ashes47/braids/internal/tui/map.go:685.51,686.30 1 114
github.com/Ashes47/braids/internal/tui/map.go:686.30,687.27 1 162
github.com/Ashes47/braids/internal/tui/map.go:687.27,690.4 2 14
github.com/Ashes47/braids/internal/tui/map.go:692.2,692.57 1 100
github.com/Ashes47/braids/internal/tui/map.go:695.25,696.32 1 73
github.com/Ashes47/braids/internal/tui/map.go:696.32,698.3 1 17
github.com/Ashes47/braids/internal/tui/map.go:699.2,699.18 1 73
github.com/Ashes47/braids/internal/tui/map.go:699.18,701.3 1 17
github.com/Ashes47/braids/internal/tui/map.go:702.2,703.25 2 73
github.com/Ashes47/braids/internal/tui/map.go:703.25,705.3 1 3
github.com/Ashes47/braids/internal/tui/map.go:706.2,706.28 1 73
github.com/Ashes47/braids/internal/tui/map.go:706.28,708.3 1 3
github.com/Ashes47/braids/internal/tui/map.go:709.2,709.18 1 73
github.com/Ashes47/braids/internal/tui/map.go:709.18,711.3 1 0
github.com/Ashes47/braids/internal/tui/map.go:717.37,718.12 1 39
github.com/Ashes47/braids/internal/tui/map.go:718.12,720.3 1 1
github.com/Ashes47/braids/internal/tui/map.go:721.2,721.35 1 38
github.com/Ashes47/braids/internal/tui/map.go:725.33,727.11 2 425
github.com/Ashes47/braids/internal/tui/map.go:727.11,729.3 1 0
github.com/Ashes47/braids/internal/tui/map.go:730.2,730.10 1 425
github.com/Ashes47/braids/internal/tui/map.go:734.35,736.12 2 512
github.com/Ashes47/braids/internal/tui/map.go:736.12,738.3 1 0
github.com/Ashes47/braids/internal/tui/map.go:739.2,739.10 1 512
github.com/Ashes47/braids/internal/tui/map.go:742.32,752.25 9 42
github.com/Ashes47/braids/internal/tui/map.go:752.25,756.32 4 2
github.com/Ashes47/braids/internal/tui/map.go:756.32,758.4 1 14
github.com/Ashes47/braids/internal/tui/map.go:759.8,762.61 3 40
github.com/Ashes47/braids/internal/tui/map.go:762.61,768.66 4 52
github.com/Ashes47/braids/internal/tui/map.go:768.66,772.5 3 1
github.com/Ashes47/braids/internal/tui/map.go:774.3,774.36 1 40
github.com/Ashes47/braids/internal/tui/map.go:774.36,776.4 1 267
github.com/Ashes47/braids/internal/tui/map.go:778.2,781.19 4 42
github.com/Ashes47/braids/internal/tui/map.go:784.38,785.19 1 4
github.com/Ashes47/braids/internal/tui/map.go:785.19,787.3 1 2
github.com/Ashes47/braids/internal/tui/map.go:788.2,788.61 1 2
github.com/Ashes47/braids/internal/tui/map.go:792.35,794.26 2 295
github.com/Ashes47/braids/internal/tui/map.go:794.26,795.36 1 601
github.com/Ashes47/braids/internal/tui/map.go:795.36,797.4 1 25
github.com/Ashes47/braids/internal/tui/map.go:799.2,799.10 1 295
github.com/Ashes47/braids/internal/tui/map.go:803.48,804.39 1 2
github.com/Ashes47/braids/internal/tui/map.go:804.39,806.48 2 4
github.com/Ashes47/braids/internal/tui/map.go:806.48,808.4 1 2
github.com/Ashes47/braids/internal/tui/map.go:810.2,810.13 1 0
github.com/Ashes47/braids/internal/tui/map.go:823.38,828.33 2 94
github.com/Ashes47/braids/internal/tui/map.go:828.33,833.5 2 200
github.com/Ashes47/braids/internal/tui/map.go:833.5,834.11 1 1200
github.com/Ashes47/braids/internal/tui/map.go:834.11,836.5 1 602
github.com/Ashes47/braids/internal/tui/map.go:838.3,838.11 1 200
github.com/Ashes47/braids/internal/tui/map.go:841.2,841.91 1 94
github.com/Ashes47/braids/internal/tui/map.go:841.91,842.51 1 106
github.com/Ashes47/braids/internal/tui/map.go:842.51,843.9 1 94
github.com/Ashes47/braids/internal/tui/map.go:845.3,845.16 1 12
github.com/Ashes47/braids/internal/tui/map.go:847.2,848.10 2 94
github.com/Ashes47/braids/internal/tui/map.go:856.38,862.15 5 1
github.com/Ashes47/braids/internal/tui/map.go:862.15,864.3 1 0
github.com/Ashes47/braids/internal/tui/map.go:865.2,868.29 1 1
github.com/Ashes47/braids/internal/tui/map.go:874.55,876.14 2 52
github.com/Ashes47/braids/internal/tui/map.go:876.14,878.3 1 40
github.com/Ashes47/braids/internal/tui/map.go:879.2,879.15 1 12
github.com/Ashes47/braids/internal/tui/map.go:882.55,889.25 6 52
github.com/Ashes47/braids/internal/tui/map.go:889.25,892.3 1 1
github.com/Ashes47/braids/internal/tui/map.go:894.2,895.17 2 52
github.com/Ashes47/braids/internal/tui/map.go:895.17,897.3 1 0
github.com/Ashes47/braids/internal/tui/map.go:900.2,901.29 2 52
github.com/Ashes47/braids/internal/tui/map.go:901.29,903.3 1 2
github.com/Ashes47/braids/internal/tui/map.go:905.2,907.17 3 52
github.com/Ashes47/braids/internal/tui/map.go:907.17,909.28 2 4
github.com/Ashes47/braids/internal/tui/map.go:909.28,911.4 1 2
github.com/Ashes47/braids/internal/tui/map.go:912.3,914.51 3 4
github.com/Ashes47/braids/internal/tui/map.go:916.2,916.20 1 52
github.com/Ashes47/braids/internal/tui/map.go:916.20,920.3 3 2
github.com/Ashes47/braids/internal/tui/map.go:921.2,921.18 1 52
github.com/Ashes47/braids/internal/tui/map.go:921.18,925.3 3 51
github.com/Ashes47/braids/internal/tui/map.go:926.2,926.17 1 52
github.com/Ashes47/braids/internal/tui/map.go:926.17,930.3 3 50
github.com/Ashes47/braids/internal/tui/map.go:931.2,931.17 1 52
github.com/Ashes47/braids/internal/tui/map.go:931.17,937.3 3 4
github.com/Ashes47/braids/internal/tui/map.go:938.2,941.19 4 52
github.com/Ashes47/braids/internal/tui/map.go:941.19,945.3 3 51
github.com/Ashes47/braids/internal/tui/map.go:949.2,950.20 2 52
github.com/Ashes47/braids/internal/tui/map.go:950.20,952.3 1 0
github.com/Ashes47/braids/internal/tui/map.go:953.2,956.20 3 52
github.com/Ashes47/braids/internal/tui/map.go:956.20,958.3 1 2
github.com/Ashes47/braids/internal/tui/map.go:959.2,962.22 3 52
github.com/Ashes47/braids/internal/tui/map.go:966.33,969.17 3 42
github.com/Ashes47/braids/internal/tui/map.go:969.17,971.3 1 2
github.com/Ashes47/braids/internal/tui/map.go:972.2,972.20 1 42
github.com/Ashes47/braids/internal/tui/map.go:972.20,974.3 1 1
github.com/Ashes47/braids/internal/tui/map.go:975.2,975.18 1 42
github.com/Ashes47/braids/internal/tui/map.go:975.18,977.3 1 41
github.com/Ashes47/braids/internal/tui/map.go:978.2,978.17 1 42
github.com/Ashes47/braids/internal/tui/map.go:978.17,980.3 1 40
github.com/Ashes47/braids/internal/tui/map.go:981.2,981.17 1 42
github.com/Ashes47/braids/internal/tui/map.go:981.17,983.3 1 2
github.com/Ashes47/braids/internal/tui/map.go:984.2,985.19 2 42
github.com/Ashes47/braids/internal/tui/map.go:985.19,987.3 1 41
github.com/Ashes47/braids/internal/tui/map.go:989.2,990.19 2 42
github.com/Ashes47/braids/internal/tui/map.go:990.19,992.3 1 0
github.com/Ashes47/braids/internal/tui/map.go:993.2,993.88 1 42
github.com/Ashes47/braids/internal/tui/map.go:997.32,998.18 1 259
github.com/Ashes47/braids/internal/tui/map.go:998.18,1000.3 1 11
github.com/Ashes47/braids/internal/tui/map.go:1001.2,1001.15 1 248
github.com/Ashes47/braids/internal/tui/map.go:1011.75,1014.64 3 98
github.com/Ashes47/braids/internal/tui/map.go:1014.64,1016.29 2 245
github.com/Ashes47/braids/internal/tui/map.go:1016.29,1019.17 3 147
github.com/Ashes47/braids/internal/tui/map.go:1019.17,1021.13 2 6
github.com/Ashes47/braids/internal/tui/map.go:1021.13,1023.6 1 5
github.com/Ashes47/braids/internal/tui/map.go:1025.4,1028.17 3 147
github.com/Ashes47/braids/internal/tui/map.go:1028.17,1030.13 2 6
github.com/Ashes47/braids/internal/tui/map.go:1030.13,1032.6 1 5
github.com/Ashes47/braids/internal/tui/map.go:1034.4,1034.45 1 147
github.com/Ashes47/braids/internal/tui/map.go:1037.2,1038.12 2 98
github.com/Ashes47/braids/internal/tui/map.go:1043.76,1044.17 1 251
github.com/Ashes47/braids/internal/tui/map.go:1044.17,1046.3 1 231
github.com/Ashes47/braids/internal/tui/map.go:1047.2,1048.26 2 20
github.com/Ashes47/braids/internal/tui/map.go:1048.26,1049.14 1 14
github.com/Ashes47/braids/internal/tui/map.go:1049.14,1051.12 2 8
github.com/Ashes47/braids/internal/tui/map.go:1053.3,1053.48 1 6
github.com/Ashes47/braids/internal/tui/map.go:1055.2,1055.12 1 20
github.com/Ashes47/braids/internal/tui/map.go:1059.33,1060.20 1 102
github.com/Ashes47/braids/internal/tui/map.go:1060.20,1062.3 1 2
github.com/Ashes47/braids/internal/tui/map.go:1063.2,1063.29 1 100
github.com/Ashes47/braids/internal/tui/map.go:1063.29,1064.35 1 6
github.com/Ashes47/braids/internal/tui/map.go:1064.35,1066.4 1 6
github.com/Ashes47/braids/internal/tui/map.go:1068.2,1068.14 1 94
github.com/Ashes47/braids/internal/tui/map.go:1075.30,1076.12 1 4
github.com/Ashes47/braids/internal/tui/map.go:1076.12,1078.3 1 2
github.com/Ashes47/braids/internal/tui/map.go:1079.2,1079.22 1 2
github.com/Ashes47/braids/internal/tui/map.go:1083.33,1084.9 1 90
github.com/Ashes47/braids/internal/tui/map.go:1085.18,1086.52 1 4
github.com/Ashes47/braids/internal/tui/map.go:1087.18,1088.52 1 3
github.com/Ashes47/braids/internal/tui/map.go:1089.18,1090.52 1 33
github.com/Ashes47/braids/internal/tui/map.go:1091.10,1092.32 1 50
github.com/Ashes47/braids/internal/tui/map.go:1100.39,1101.9 1 95
github.com/Ashes47/braids/internal/tui/map.go:1102.23,1103.15 1 3
github.com/Ashes47/braids/internal/tui/map.go:1104.21,1105.46 1 4
github.com/Ashes47/braids/internal/tui/map.go:1106.24,1107.44 1 70
github.com/Ashes47/braids/internal/tui/map.go:1108.10,1109.47 1 18
github.com/Ashes47/braids/internal/tui/map.go:1114.51,1116.14 2 533
github.com/Ashes47/braids/internal/tui/map.go:1116.14,1118.3 1 532
github.com/Ashes47/braids/internal/tui/map.go:1121.2,1121.30 1 1
github.com/Ashes47/braids/internal/tui/map.go:1126.43,1127.32 1 211
github.com/Ashes47/braids/internal/tui/map.go:1127.32,1129.3 1 205
github.com/Ashes47/braids/internal/tui/map.go:1130.2,1130.16 1 6
github.com/Ashes47/braids/internal/tui/map.go:1130.16,1132.3 1 0
github.com/Ashes47/braids/internal/tui/map.go:1133.2,1135.22 3 6
github.com/Ashes47/braids/internal/tui/map.go:1135.22,1137.23 2 65
github.com/Ashes47/braids/internal/tui/map.go:1137.23,1138.9 1 6
github.com/Ashes47/braids/internal/tui/map.go:1140.3,1141.12 2 59
github.com/Ashes47/braids/internal/tui/map.go:1143.2,1143.27 1 6
github.com/Ashes47/braids/internal/tui/map.go:1146.43,1147.47 1 2583
github.com/Ashes47/braids/internal/tui/map.go:1147.47,1149.3 1 2498
github.com/Ashes47/braids/internal/tui/map.go:1150.2,1150.10 1 85
github.com/Ashes47/braids/internal/tui/map.go:1153.42,1154.47 1 629
github.com/Ashes47/braids/internal/tui/map.go:1154.47,1156.3 1 629
github.com/Ashes47/braids/internal/tui/map.go:1157.2,1157.10 1 0
github.com/Ashes47/braids/internal/tui/run.go:17.68,18.27 1 0
github.com/Ashes47/braids/internal/tui/run.go:18.27,20.3 1 0
github.com/Ashes47/braids/internal/tui/run.go:21.2,22.16 2 0
github.com/Ashes47/braids/internal/tui/run.go:22.16,24.3 1 0
github.com/Ashes47/braids/internal/tui/run.go:25.2,25.27 1 0
github.com/Ashes47/braids/internal/tui/run.go:25.27,27.3 1 0
github.com/Ashes47/braids/internal/tui/run.go:28.2,28.94 1 0
github.com/Ashes47/braids/internal/tui/run.go:28.94,30.3 1 0
github.com/Ashes47/braids/internal/tui/run.go:31.2,31.12 1 0
github.com/Ashes47/braids/internal/tui/run.go:37.97,41.17 4 0
github.com/Ashes47/braids/internal/tui/run.go:41.17,43.27 2 0
github.com/Ashes47/braids/internal/tui/run.go:43.27,45.4 1 0
github.com/Ashes47/braids/internal/tui/run.go:46.3,46.26 1 0
github.com/Ashes47/braids/internal/tui/run.go:48.2,48.18 1 0
github.com/Ashes47/braids/internal/tui/run.go:48.18,50.3 1 0
github.com/Ashes47/braids/internal/tui/run.go:51.2,51.30 1 0
github.com/Ashes47/braids/internal/tui/run.go:51.30,52.48 1 0
github.com/Ashes47/braids/internal/tui/run.go:52.48,54.9 2 0
github.com/Ashes47/braids/internal/tui/run.go:57.2,58.20 2 0
github.com/Ashes47/braids/internal/tui/run.go:58.20,60.3 1 0
github.com/Ashes47/braids/internal/tui/run.go:61.2,61.24 1 0
github.com/Ashes47/braids/internal/tui/run.go:65.94,66.54 1 0
github.com/Ashes47/braids/internal/tui/run.go:66.54,68.17 2 0
github.com/Ashes47/braids/internal/tui/run.go:68.17,70.4 1 0
github.com/Ashes47/braids/internal/tui/run.go:71.3,71.32 1 0
github.com/Ashes47/braids/internal/tui/run.go:77.133,79.16 2 0
github.com/Ashes47/braids/internal/tui/run.go:79.16,81.3 1 0
github.com/Ashes47/braids/internal/tui/run.go:84.2,84.26 1 0
github.com/Ashes47/braids/internal/tui/run.go:84.26,85.48 1 0
github.com/Ashes47/braids/internal/tui/run.go:85.48,87.4 1 0
github.com/Ashes47/braids/internal/tui/run.go:89.2,90.16 2 0
github.com/Ashes47/braids/internal/tui/run.go:90.16,92.3 1 0
github.com/Ashes47/braids/internal/tui/run.go:93.2,94.16 2 0
github.com/Ashes47/braids/internal/tui/run.go:94.16,96.3 1 0
github.com/Ashes47/braids/internal/tui/run.go:97.2,97.63 1 0
github.com/Ashes47/braids/internal/tui/searchview.go:32.35,34.43 2 13
github.com/Ashes47/braids/internal/tui/searchview.go:34.43,36.3 1 2
github.com/Ashes47/braids/internal/tui/searchview.go:37.2,40.10 4 13
github.com/Ashes47/braids/internal/tui/searchview.go:43.44,45.13 2 19
github.com/Ashes47/braids/internal/tui/searchview.go:46.13,49.11 3 2
github.com/Ashes47/braids/internal/tui/searchview.go:50.13,53.11 3 2
github.com/Ashes47/braids/internal/tui/searchview.go:54.15,55.23 1 2
github.com/Ashes47/braids/internal/tui/searchview.go:56.24,57.44 1 1
github.com/Ashes47/braids/internal/tui/searchview.go:58.22,59.45 1 1
github.com/Ashes47/braids/internal/tui/searchview.go:60.19,62.16 2 0
github.com/Ashes47/braids/internal/tui/searchview.go:63.10,64.25 1 11
github.com/Ashes47/braids/internal/tui/searchview.go:64.25,66.4 1 0
github.com/Ashes47/braids/internal/tui/searchview.go:67.3,67.16 1 11
github.com/Ashes47/braids/internal/tui/searchview.go:69.2,70.10 2 13
github.com/Ashes47/braids/internal/tui/searchview.go:74.51,75.19 1 2
github.com/Ashes47/braids/internal/tui/searchview.go:75.19,77.3 1 1
github.com/Ashes47/braids/internal/tui/searchview.go:78.2,78.47 1 1
github.com/Ashes47/braids/internal/tui/searchview.go:78.47,80.3 1 1
github.com/Ashes47/braids/internal/tui/searchview.go:81.2,81.38 1 0
github.com/Ashes47/braids/internal/tui/searchview.go:81.38,83.3 1 0
github.com/Ashes47/braids/internal/tui/searchview.go:84.2,84.11 1 0
github.com/Ashes47/braids/internal/tui/searchview.go:87.29,90.64 3 14
github.com/Ashes47/braids/internal/tui/searchview.go:90.64,93.3 2 0
github.com/Ashes47/braids/internal/tui/searchview.go:94.2,96.33 3 14
github.com/Ashes47/braids/internal/tui/searchview.go:99.31,101.29 2 14
github.com/Ashes47/braids/internal/tui/searchview.go:101.29,103.3 1 2
github.com/Ashes47/braids/internal/tui/searchview.go:104.2,104.18 1 14
github.com/Ashes47/braids/internal/tui/searchview.go:104.18,106.3 1 2
github.com/Ashes47/braids/internal/tui/searchview.go:107.2,108.25 2 14
github.com/Ashes47/braids/internal/tui/searchview.go:108.25,110.3 1 0
github.com/Ashes47/braids/internal/tui/searchview.go:111.2,111.28 1 14
github.com/Ashes47/braids/internal/tui/searchview.go:111.28,113.3 1 0
github.com/Ashes47/braids/internal/tui/searchview.go:114.2,114.18 1 14
github.com/Ashes47/braids/internal/tui/searchview.go:114.18,116.3 1 0
github.com/Ashes47/braids/internal/tui/searchview.go:122.34,124.29 2 2
github.com/Ashes47/braids/internal/tui/searchview.go:124.29,126.3 1 0
github.com/Ashes47/braids/internal/tui/searchview.go:127.2,128.26 2 2
github.com/Ashes47/braids/internal/tui/searchview.go:128.26,129.35 1 2
github.com/Ashes47/braids/internal/tui/searchview.go:129.35,130.12 1 0
github.com/Ashes47/braids/internal/tui/searchview.go:132.3,140.11 9 2
github.com/Ashes47/braids/internal/tui/searchview.go:142.2,143.10 2 0
github.com/Ashes47/braids/internal/tui/searchview.go:148.50,150.25 2 2
github.com/Ashes47/braids/internal/tui/searchview.go:150.25,151.20 1 7
github.com/Ashes47/braids/internal/tui/searchview.go:151.20,152.12 1 0
github.com/Ashes47/braids/internal/tui/searchview.go:154.3,154.23 1 7
github.com/Ashes47/braids/internal/tui/searchview.go:154.23,156.12 2 5
github.com/Ashes47/braids/internal/tui/searchview.go:158.3,158.8 1 2
github.com/Ashes47/braids/internal/tui/searchview.go:160.2,160.13 1 2
github.com/Ashes47/braids/internal/tui/searchview.go:163.38,174.9 10 4
github.com/Ashes47/braids/internal/tui/searchview.go:175.20,178.32 3 1
github.com/Ashes47/braids/internal/tui/searchview.go:178.32,180.4 1 10
github.com/Ashes47/braids/internal/tui/searchview.go:181.24,184.32 3 2
github.com/Ashes47/braids/internal/tui/searchview.go:184.32,186.4 1 20
github.com/Ashes47/braids/internal/tui/searchview.go:187.10,189.35 2 1
github.com/Ashes47/braids/internal/tui/searchview.go:189.35,192.4 2 2
github.com/Ashes47/braids/internal/tui/searchview.go:193.3,193.47 1 1
github.com/Ashes47/braids/internal/tui/searchview.go:193.47,195.4 1 9
github.com/Ashes47/braids/internal/tui/searchview.go:197.2,202.19 4 4
github.com/Ashes47/braids/internal/tui/searchview.go:205.37,206.50 1 2
github.com/Ashes47/braids/internal/tui/searchview.go:206.50,208.3 1 1
github.com/Ashes47/braids/internal/tui/searchview.go:209.2,209.63 1 1
github.com/Ashes47/braids/internal/tui/searchview.go:212.37,214.26 2 4
github.com/Ashes47/braids/internal/tui/searchview.go:214.26,216.3 1 0
github.com/Ashes47/braids/internal/tui/searchview.go:217.2,217.65 1 4
github.com/Ashes47/braids/internal/tui/searchview.go:220.36,222.2 1 4
github.com/Ashes47/braids/internal/tui/searchview.go:225.27,230.2 1 27
github.com/Ashes47/braids/internal/tui/searchview.go:232.37,235.19 3 27
github.com/Ashes47/braids/internal/tui/searchview.go:235.19,237.3 1 24
github.com/Ashes47/braids/internal/tui/searchview.go:238.2,239.19 2 27
github.com/Ashes47/braids/internal/tui/searchview.go:239.19,241.3 1 1
github.com/Ashes47/braids/internal/tui/searchview.go:242.2,247.3 1 27
github.com/Ashes47/braids/internal/tui/searchview.go:251.30,252.32 1 49
github.com/Ashes47/braids/internal/tui/searchview.go:252.32,254.3 1 6
github.com/Ashes47/braids/internal/tui/searchview.go:255.2,255.10 1 43
github.com/Ashes47/braids/internal/tui/searchview.go:258.39,261.19 2 4
github.com/Ashes47/braids/internal/tui/searchview.go:261.19,263.3 1 0
github.com/Ashes47/braids/internal/tui/searchview.go:264.2,266.32 1 4
github.com/Ashes47/braids/internal/tui/searchview.go:269.63,271.16 2 2
github.com/Ashes47/braids/internal/tui/searchview.go:271.16,273.3 1 0
github.com/Ashes47/braids/internal/tui/searchview.go:274.2,275.20 2 2
github.com/Ashes47/braids/internal/tui/searchview.go:275.20,277.3 1 1
github.com/Ashes47/braids/internal/tui/searchview.go:278.2,279.22 2 2
github.com/Ashes47/braids/internal/tui/searchview.go:279.22,281.3 1 0
github.com/Ashes47/braids/internal/tui/searchview.go:283.2,289.14 6 2
github.com/Ashes47/braids/internal/tui/searchview.go:289.14,291.3 1 1
github.com/Ashes47/braids/internal/tui/searchview.go:292.2,295.33 1 1
github.com/Ashes47/braids/internal/tui/spineview.go:62.30,64.49 2 40
github.com/Ashes47/braids/internal/tui/spineview.go:64.49,64.101 1 0
github.com/Ashes47/braids/internal/tui/spineview.go:65.2,66.47 2 40
github.com/Ashes47/braids/internal/tui/spineview.go:66.47,66.99 1 0
github.com/Ashes47/braids/internal/tui/spineview.go:68.2,69.46 2 40
github.com/Ashes47/braids/internal/tui/spineview.go:69.46,69.84 1 0
github.com/Ashes47/braids/internal/tui/spineview.go:71.2,76.35 3 40
github.com/Ashes47/braids/internal/tui/spineview.go:76.35,77.50 1 177
github.com/Ashes47/braids/internal/tui/spineview.go:77.50,81.4 3 2
github.com/Ashes47/braids/internal/tui/spineview.go:84.2,84.28 1 40
github.com/Ashes47/braids/internal/tui/spineview.go:84.28,85.61 1 177
github.com/Ashes47/braids/internal/tui/spineview.go:85.61,89.4 3 3
github.com/Ashes47/braids/internal/tui/spineview.go:90.3,90.61 1 177
github.com/Ashes47/braids/internal/tui/spineview.go:90.61,93.4 2 6
github.com/Ashes47/braids/internal/tui/spineview.go:95.2,95.29 1 40
github.com/Ashes47/braids/internal/tui/spineview.go:95.29,99.3 3 137
github.com/Ashes47/braids/internal/tui/spineview.go:100.2,103.11 4 40
[...]
github.com/Ashes47/braids/cmd/braids/main.go:270.4,270.34 1 0
github.com/Ashes47/braids/cmd/braids/main.go:272.53,273.16 1 0
github.com/Ashes47/braids/cmd/braids/main.go:273.16,275.5 1 0
github.com/Ashes47/braids/cmd/braids/main.go:276.4,276.31 1 0
github.com/Ashes47/braids/cmd/braids/main.go:278.46,280.4 1 0
github.com/Ashes47/braids/cmd/braids/main.go:281.50,283.4 1 0
github.com/Ashes47/braids/cmd/braids/main.go:284.42,286.55 1 0
github.com/Ashes47/braids/cmd/braids/main.go:286.55,288.5 1 0
github.com/Ashes47/braids/cmd/braids/main.go:289.4,289.21 1 0
github.com/Ashes47/braids/cmd/braids/main.go:291.34,294.4 2 0
github.com/Ashes47/braids/cmd/braids/main.go:296.54,298.4 1 0
github.com/Ashes47/braids/cmd/braids/main.go:301.58,303.4 1 0
github.com/Ashes47/braids/cmd/braids/main.go:304.86,306.18 2 0
github.com/Ashes47/braids/cmd/braids/main.go:306.18,308.5 1 0
github.com/Ashes47/braids/cmd/braids/main.go:309.4,309.17 1 0
github.com/Ashes47/braids/cmd/braids/main.go:309.17,312.56 1 0
github.com/Ashes47/braids/cmd/braids/main.go:312.56,314.6 1 0
github.com/Ashes47/braids/cmd/braids/main.go:316.4,316.18 1 0
github.com/Ashes47/braids/cmd/braids/main.go:318.42,319.64 1 0
github.com/Ashes47/braids/cmd/braids/main.go:319.64,321.5 1 0
github.com/Ashes47/braids/cmd/braids/main.go:322.4,322.61 1 0
github.com/Ashes47/braids/cmd/braids/main.go:325.2,325.13 1 1
github.com/Ashes47/braids/cmd/braids/main.go:325.13,327.3 1 1
github.com/Ashes47/braids/cmd/braids/main.go:328.2,329.16 2 0
github.com/Ashes47/braids/cmd/braids/main.go:329.16,331.3 1 0
github.com/Ashes47/braids/cmd/braids/main.go:332.2,333.18 2 0
github.com/Ashes47/braids/cmd/braids/main.go:336.50,342.39 6 3
github.com/Ashes47/braids/cmd/braids/main.go:342.39,344.3 1 0
github.com/Ashes47/braids/cmd/braids/main.go:346.2,347.15 2 3
github.com/Ashes47/braids/cmd/braids/main.go:347.15,349.54 2 0
github.com/Ashes47/braids/cmd/braids/main.go:349.54,351.4 1 0
github.com/Ashes47/braids/cmd/braids/main.go:353.2,354.16 2 3
github.com/Ashes47/braids/cmd/braids/main.go:354.16,356.3 1 0
github.com/Ashes47/braids/cmd/braids/main.go:357.2,361.11 4 3
github.com/Ashes47/braids/cmd/braids/main.go:361.11,363.3 1 0
github.com/Ashes47/braids/cmd/braids/main.go:364.2,365.16 2 3
github.com/Ashes47/braids/cmd/braids/main.go:365.16,367.3 1 0
github.com/Ashes47/braids/cmd/braids/main.go:368.2,370.18 2 3
github.com/Ashes47/braids/cmd/braids/main.go:373.51,381.16 8 8
github.com/Ashes47/braids/cmd/braids/main.go:381.16,383.3 1 0
github.com/Ashes47/braids/cmd/braids/main.go:384.2,385.36 2 8
github.com/Ashes47/braids/cmd/braids/main.go:385.36,387.3 1 1
github.com/Ashes47/braids/cmd/braids/main.go:388.2,389.16 2 7
github.com/Ashes47/braids/cmd/braids/main.go:389.16,391.3 1 1
github.com/Ashes47/braids/cmd/braids/main.go:393.2,394.16 2 6
github.com/Ashes47/braids/cmd/braids/main.go:394.16,396.3 1 0
github.com/Ashes47/braids/cmd/braids/main.go:397.2,402.16 4 6
github.com/Ashes47/braids/cmd/braids/main.go:402.16,404.3 1 0
github.com/Ashes47/braids/cmd/braids/main.go:405.2,405.20 1 6
github.com/Ashes47/braids/cmd/braids/main.go:405.20,408.3 2 1
github.com/Ashes47/braids/cmd/braids/main.go:410.2,411.25 2 5
github.com/Ashes47/braids/cmd/braids/main.go:411.25,413.92 1 7
github.com/Ashes47/braids/cmd/braids/main.go:413.92,415.4 1 0
github.com/Ashes47/braids/cmd/braids/main.go:417.2,417.35 1 5
github.com/Ashes47/braids/cmd/braids/main.go:417.35,419.3 1 0
github.com/Ashes47/braids/cmd/braids/main.go:420.2,421.18 2 5
github.com/Ashes47/braids/cmd/braids/main.go:424.51,431.39 7 0
github.com/Ashes47/braids/cmd/braids/main.go:431.39,433.3 1 0
github.com/Ashes47/braids/cmd/braids/main.go:434.2,434.32 1 0
github.com/Ashes47/braids/cmd/braids/main.go:434.32,436.3 1 0
github.com/Ashes47/braids/cmd/braids/main.go:438.2,439.16 2 0
github.com/Ashes47/braids/cmd/braids/main.go:439.16,441.3 1 0
github.com/Ashes47/braids/cmd/braids/main.go:442.2,443.16 2 0
github.com/Ashes47/braids/cmd/braids/main.go:443.16,445.3 1 0
github.com/Ashes47/braids/cmd/braids/main.go:446.2,450.16 4 0
github.com/Ashes47/braids/cmd/braids/main.go:450.16,452.3 1 0
github.com/Ashes47/braids/cmd/braids/main.go:453.2,454.16 2 0
github.com/Ashes47/braids/cmd/braids/main.go:454.16,456.3 1 0
github.com/Ashes47/braids/cmd/braids/main.go:460.2,460.16 1 0
github.com/Ashes47/braids/cmd/braids/main.go:460.16,462.17 2 0
github.com/Ashes47/braids/cmd/braids/main.go:462.17,464.4 1 0
github.com/Ashes47/braids/cmd/braids/main.go:465.3,465.48 1 0
github.com/Ashes47/braids/cmd/braids/main.go:465.48,467.4 1 0
github.com/Ashes47/braids/cmd/braids/main.go:469.2,470.16 2 0
github.com/Ashes47/braids/cmd/braids/main.go:470.16,472.3 1 0
github.com/Ashes47/braids/cmd/braids/main.go:473.2,473.16 1 0
github.com/Ashes47/braids/cmd/braids/main.go:473.16,474.57 1 0
github.com/Ashes47/braids/cmd/braids/main.go:474.57,476.4 1 0
github.com/Ashes47/braids/cmd/braids/main.go:479.2,480.16 2 0
github.com/Ashes47/braids/cmd/braids/main.go:480.16,482.3 1 0
github.com/Ashes47/braids/cmd/braids/main.go:483.2,483.62 1 0
github.com/Ashes47/braids/cmd/braids/main.go:483.62,485.3 1 0
github.com/Ashes47/braids/cmd/braids/main.go:486.2,487.16 2 0
github.com/Ashes47/braids/cmd/braids/main.go:487.16,489.3 1 0
github.com/Ashes47/braids/cmd/braids/main.go:490.2,493.18 3 0
github.com/Ashes47/braids/cmd/braids/main.go:498.149,500.16 2 0
github.com/Ashes47/braids/cmd/braids/main.go:500.16,502.3 1 0
github.com/Ashes47/braids/cmd/braids/main.go:503.2,504.16 2 0
github.com/Ashes47/braids/cmd/braids/main.go:504.16,506.3 1 0
github.com/Ashes47/braids/cmd/braids/main.go:507.2,508.25 2 0
github.com/Ashes47/braids/cmd/braids/main.go:508.25,509.20 1 0
github.com/Ashes47/braids/cmd/braids/main.go:509.20,511.9 2 0
github.com/Ashes47/braids/cmd/braids/main.go:514.2,514.18 1 0
github.com/Ashes47/braids/cmd/braids/main.go:514.18,516.3 1 0
github.com/Ashes47/braids/cmd/braids/main.go:517.2,518.16 2 0
github.com/Ashes47/braids/cmd/braids/main.go:518.16,520.3 1 0
github.com/Ashes47/braids/cmd/braids/main.go:521.2,524.16 2 0
github.com/Ashes47/braids/cmd/braids/main.go:524.16,526.3 1 0
github.com/Ashes47/braids/cmd/braids/main.go:529.2,529.96 1 0
github.com/Ashes47/braids/cmd/braids/main.go:529.96,531.3 1 0
github.com/Ashes47/braids/cmd/braids/main.go:532.2,532.23 1 0
github.com/Ashes47/braids/cmd/braids/main.go:536.46,538.2 1 4
github.com/Ashes47/braids/cmd/braids/main.go:541.44,542.15 1 0
github.com/Ashes47/braids/cmd/braids/main.go:542.15,544.3 1 0
github.com/Ashes47/braids/cmd/braids/main.go:545.2,545.18 1 0
github.com/Ashes47/braids/cmd/braids/main.go:548.52,553.39 5 0
github.com/Ashes47/braids/cmd/braids/main.go:553.39,555.3 1 0
github.com/Ashes47/braids/cmd/braids/main.go:556.2,556.20 1 0
github.com/Ashes47/braids/cmd/braids/main.go:556.20,558.3 1 0
github.com/Ashes47/braids/cmd/braids/main.go:559.2,560.16 2 0
github.com/Ashes47/braids/cmd/braids/main.go:560.16,562.3 1 0
github.com/Ashes47/braids/cmd/braids/main.go:563.2,564.16 2 0
github.com/Ashes47/braids/cmd/braids/main.go:564.16,566.3 1 0
github.com/Ashes47/braids/cmd/braids/main.go:567.2,571.16 4 0
github.com/Ashes47/braids/cmd/braids/main.go:571.16,573.3 1 0
github.com/Ashes47/braids/cmd/braids/main.go:574.2,575.16 2 0
github.com/Ashes47/braids/cmd/braids/main.go:575.16,577.3 1 0
github.com/Ashes47/braids/cmd/braids/main.go:578.2,579.16 2 0
github.com/Ashes47/braids/cmd/braids/main.go:579.16,581.3 1 0
github.com/Ashes47/braids/cmd/braids/main.go:582.2,583.16 2 0
github.com/Ashes47/braids/cmd/braids/main.go:583.16,585.3 1 0
github.com/Ashes47/braids/cmd/braids/main.go:586.2,587.16 2 0
github.com/Ashes47/braids/cmd/braids/main.go:587.16,589.3 1 0
github.com/Ashes47/braids/cmd/braids/main.go:590.2,592.18 2 0
github.com/Ashes47/braids/cmd/braids/main.go:596.83,597.22 1 0
github.com/Ashes47/braids/cmd/braids/main.go:597.22,599.3 1 0
github.com/Ashes47/braids/cmd/braids/main.go:600.2,600.15 1 0
github.com/Ashes47/braids/cmd/braids/main.go:600.15,601.23 1 0
github.com/Ashes47/braids/cmd/braids/main.go:601.23,603.4 1 0
github.com/Ashes47/braids/cmd/braids/main.go:604.3,604.104 1 0
github.com/Ashes47/braids/cmd/braids/main.go:606.2,607.27 2 0
github.com/Ashes47/braids/cmd/braids/main.go:607.27,608.35 1 0
github.com/Ashes47/braids/cmd/braids/main.go:608.35,610.4 1 0
github.com/Ashes47/braids/cmd/braids/main.go:612.2,612.20 1 0
github.com/Ashes47/braids/cmd/braids/main.go:613.9,614.76 1 0
github.com/Ashes47/braids/cmd/braids/main.go:615.9,616.23 1 0
github.com/Ashes47/braids/cmd/braids/main.go:617.10,618.85 1 0
github.com/Ashes47/braids/cmd/braids/main.go:622.51,626.39 4 0
github.com/Ashes47/braids/cmd/braids/main.go:626.39,628.3 1 0
github.com/Ashes47/braids/cmd/braids/main.go:629.2,629.20 1 0
github.com/Ashes47/braids/cmd/braids/main.go:629.20,631.3 1 0
github.com/Ashes47/braids/cmd/braids/main.go:632.2,633.16 2 0
github.com/Ashes47/braids/cmd/braids/main.go:633.16,635.3 1 0
github.com/Ashes47/braids/cmd/braids/main.go:636.2,640.16 4 0
github.com/Ashes47/braids/cmd/braids/main.go:640.16,642.3 1 0
github.com/Ashes47/braids/cmd/braids/main.go:643.2,644.16 2 0
github.com/Ashes47/braids/cmd/braids/main.go:644.16,646.3 1 0
github.com/Ashes47/braids/cmd/braids/main.go:647.2,647.22 1 0
github.com/Ashes47/braids/cmd/braids/main.go:647.22,650.3 2 0
github.com/Ashes47/braids/cmd/braids/main.go:651.2,653.27 3 0
github.com/Ashes47/braids/cmd/braids/main.go:653.27,656.3 1 0
github.com/Ashes47/braids/cmd/braids/main.go:657.2,657.25 1 0
github.com/Ashes47/braids/cmd/braids/main.go:657.25,658.48 1 0
github.com/Ashes47/braids/cmd/braids/main.go:658.48,660.4 1 0
github.com/Ashes47/braids/cmd/braids/main.go:662.2,662.35 1 0
github.com/Ashes47/braids/cmd/braids/main.go:662.35,664.3 1 0
github.com/Ashes47/braids/cmd/braids/main.go:665.2,665.18 1 0
github.com/Ashes47/braids/cmd/braids/main.go:668.50,675.39 7 0
github.com/Ashes47/braids/cmd/braids/main.go:675.39,677.3 1 0
github.com/Ashes47/braids/cmd/braids/main.go:678.2,678.38 1 0
github.com/Ashes47/braids/cmd/braids/main.go:678.38,680.3 1 0
github.com/Ashes47/braids/cmd/braids/main.go:681.2,682.16 2 0
github.com/Ashes47/braids/cmd/braids/main.go:682.16,684.3 1 0
github.com/Ashes47/braids/cmd/braids/main.go:685.2,686.16 2 0
github.com/Ashes47/braids/cmd/braids/main.go:686.16,688.3 1 0
github.com/Ashes47/braids/cmd/braids/main.go:689.2,693.16 4 0
github.com/Ashes47/braids/cmd/braids/main.go:693.16,695.3 1 0
github.com/Ashes47/braids/cmd/braids/main.go:696.2,697.16 2 0
github.com/Ashes47/braids/cmd/braids/main.go:697.16,699.3 1 0
github.com/Ashes47/braids/cmd/braids/main.go:700.2,704.16 4 0
github.com/Ashes47/braids/cmd/braids/main.go:704.16,706.3 1 0
github.com/Ashes47/braids/cmd/braids/main.go:707.2,709.10 2 0
github.com/Ashes47/braids/cmd/braids/main.go:709.10,711.3 1 0
github.com/Ashes47/braids/cmd/braids/main.go:713.2,714.16 2 0
github.com/Ashes47/braids/cmd/braids/main.go:714.16,716.3 1 0
github.com/Ashes47/braids/cmd/braids/main.go:717.2,717.45 1 0
github.com/Ashes47/braids/cmd/braids/main.go:717.45,719.3 1 0
github.com/Ashes47/braids/cmd/braids/main.go:720.2,721.18 2 0
github.com/Ashes47/braids/cmd/braids/main.go:725.114,727.16 2 0
github.com/Ashes47/braids/cmd/braids/main.go:727.16,729.3 1 0
github.com/Ashes47/braids/cmd/braids/main.go:730.2,730.85 1 0
github.com/Ashes47/braids/cmd/braids/main.go:734.106,736.16 2 0
github.com/Ashes47/braids/cmd/braids/main.go:736.16,738.3 1 0
github.com/Ashes47/braids/cmd/braids/main.go:739.2,740.16 2 0
github.com/Ashes47/braids/cmd/braids/main.go:740.16,742.3 1 0
github.com/Ashes47/braids/cmd/braids/main.go:743.2,743.27 1 0
github.com/Ashes47/braids/cmd/braids/main.go:747.30,748.13 1 0
github.com/Ashes47/braids/cmd/braids/main.go:748.13,750.3 1 0
github.com/Ashes47/braids/cmd/braids/main.go:751.2,751.10 1 0
github.com/Ashes47/braids/cmd/braids/main.go:756.110,758.16 2 0
github.com/Ashes47/braids/cmd/braids/main.go:758.16,760.3 1 0
github.com/Ashes47/braids/cmd/braids/main.go:761.2,761.27 1 0
github.com/Ashes47/braids/cmd/braids/main.go:761.27,762.22 1 0
github.com/Ashes47/braids/cmd/braids/main.go:762.22,763.12 1 0
github.com/Ashes47/braids/cmd/braids/main.go:765.3,767.17 2 0
github.com/Ashes47/braids/cmd/braids/main.go:767.17,769.4 1 0
github.com/Ashes47/braids/cmd/braids/main.go:770.3,770.32 1 0
github.com/Ashes47/braids/cmd/braids/main.go:772.2,772.83 1 0
github.com/Ashes47/braids/cmd/braids/main.go:777.138,779.16 2 0
github.com/Ashes47/braids/cmd/braids/main.go:779.16,781.3 1 0
github.com/Ashes47/braids/cmd/braids/main.go:782.2,782.27 1 0
github.com/Ashes47/braids/cmd/braids/main.go:782.27,783.22 1 0
github.com/Ashes47/braids/cmd/braids/main.go:783.22,784.12 1 0
github.com/Ashes47/braids/cmd/braids/main.go:786.3,787.17 2 0
github.com/Ashes47/braids/cmd/braids/main.go:787.17,789.4 1 0
github.com/Ashes47/braids/cmd/braids/main.go:790.3,791.17 2 0
github.com/Ashes47/braids/cmd/braids/main.go:791.17,793.4 1 0
github.com/Ashes47/braids/cmd/braids/main.go:797.3,797.101 1 0
github.com/Ashes47/braids/cmd/braids/main.go:797.101,799.4 1 0
github.com/Ashes47/braids/cmd/braids/main.go:800.3,800.22 1 0
github.com/Ashes47/braids/cmd/braids/main.go:802.2,802.82 1 0
github.com/Ashes47/braids/cmd/braids/main.go:808.102,810.16 2 0
github.com/Ashes47/braids/cmd/braids/main.go:810.16,812.3 1 0
github.com/Ashes47/braids/cmd/braids/main.go:813.2,814.17 2 0
github.com/Ashes47/braids/cmd/braids/main.go:814.17,816.3 1 0
github.com/Ashes47/braids/cmd/braids/main.go:817.2,821.16 2 0
github.com/Ashes47/braids/cmd/braids/main.go:821.16,823.3 1 0
github.com/Ashes47/braids/cmd/braids/main.go:824.2,824.27 1 0
github.com/Ashes47/braids/cmd/braids/main.go:824.27,826.3 1 0
github.com/Ashes47/braids/cmd/braids/main.go:827.2,827.25 1 0
github.com/Ashes47/braids/cmd/braids/main.go:832.102,834.16 2 0
github.com/Ashes47/braids/cmd/braids/main.go:834.16,836.3 1 0
github.com/Ashes47/braids/cmd/braids/main.go:837.2,837.29 1 0
github.com/Ashes47/braids/cmd/braids/main.go:837.29,839.3 1 0
github.com/Ashes47/braids/cmd/braids/main.go:840.2,841.17 2 0
github.com/Ashes47/braids/cmd/braids/main.go:841.17,843.3 1 0
github.com/Ashes47/braids/cmd/braids/main.go:844.2,845.16 2 0
github.com/Ashes47/braids/cmd/braids/main.go:845.16,847.3 1 0
github.com/Ashes47/braids/cmd/braids/main.go:848.2,848.27 1 0
github.com/Ashes47/braids/cmd/braids/main.go:848.27,850.3 1 0
github.com/Ashes47/braids/cmd/braids/main.go:851.2,851.25 1 0
github.com/Ashes47/braids/cmd/braids/main.go:861.35,862.15 1 2
github.com/Ashes47/braids/cmd/braids/main.go:862.15,864.3 1 1
github.com/Ashes47/braids/cmd/braids/main.go:865.2,866.50 2 1
github.com/Ashes47/braids/cmd/braids/main.go:866.50,869.3 2 1
github.com/Ashes47/braids/cmd/braids/main.go:870.2,870.12 1 0
github.com/Ashes47/braids/cmd/braids/main.go:873.119,875.16 2 0
github.com/Ashes47/braids/cmd/braids/main.go:875.16,877.3 1 0
github.com/Ashes47/braids/cmd/braids/main.go:878.2,879.22 2 0
github.com/Ashes47/braids/cmd/braids/main.go:879.22,881.3 1 0
github.com/Ashes47/braids/cmd/braids/main.go:887.2,887.89 1 0
github.com/Ashes47/braids/cmd/braids/main.go:887.89,889.3 1 0
github.com/Ashes47/braids/cmd/braids/main.go:890.2,890.21 1 0
github.com/Ashes47/braids/cmd/braids/main.go:894.41,896.42 2 6
github.com/Ashes47/braids/cmd/braids/main.go:896.42,897.10 1 62
github.com/Ashes47/braids/cmd/braids/main.go:898.51,899.24 1 46
github.com/Ashes47/braids/cmd/braids/main.go:900.47,901.26 1 7
github.com/Ashes47/braids/cmd/braids/main.go:904.2,905.19 2 6
github.com/Ashes47/braids/cmd/braids/main.go:905.19,907.3 1 4
github.com/Ashes47/braids/cmd/braids/main.go:910.2,910.32 1 2
github.com/Ashes47/braids/cmd/braids/main.go:910.32,912.3 1 2
github.com/Ashes47/braids/cmd/braids/main.go:913.2,913.17 1 0
github.com/Ashes47/braids/cmd/braids/main.go:921.111,923.17 2 1
github.com/Ashes47/braids/cmd/braids/main.go:923.17,925.3 1 1
github.com/Ashes47/braids/cmd/braids/main.go:926.2,926.35 1 0
github.com/Ashes47/braids/cmd/braids/main.go:926.35,928.17 2 0
github.com/Ashes47/braids/cmd/braids/main.go:928.17,930.4 1 0
github.com/Ashes47/braids/cmd/braids/main.go:931.3,932.17 2 0
github.com/Ashes47/braids/cmd/braids/main.go:932.17,934.4 1 0
github.com/Ashes47/braids/cmd/braids/main.go:935.3,936.16 2 0
github.com/Ashes47/braids/cmd/braids/main.go:936.16,938.4 1 0
github.com/Ashes47/braids/cmd/braids/main.go:939.3,940.17 2 0
github.com/Ashes47/braids/cmd/braids/main.go:940.17,942.4 1 0
github.com/Ashes47/braids/cmd/braids/main.go:943.3,943.39 1 0
github.com/Ashes47/braids/cmd/braids/main.go:949.89,951.16 2 0
github.com/Ashes47/braids/cmd/braids/main.go:951.16,953.3 1 0
github.com/Ashes47/braids/cmd/braids/main.go:954.2,955.26 2 0
github.com/Ashes47/braids/cmd/braids/main.go:955.26,956.35 1 0
github.com/Ashes47/braids/cmd/braids/main.go:956.35,958.4 1 0
github.com/Ashes47/braids/cmd/braids/main.go:960.2,960.20 1 0
github.com/Ashes47/braids/cmd/braids/main.go:961.9,962.77 1 0
github.com/Ashes47/braids/cmd/braids/main.go:963.9,964.23 1 0
github.com/Ashes47/braids/cmd/braids/main.go:965.10,966.106 1 0
github.com/Ashes47/braids/cmd/braids/main.go:970.50,974.39 4 1
github.com/Ashes47/braids/cmd/braids/main.go:974.39,976.3 1 0
github.com/Ashes47/braids/cmd/braids/main.go:977.2,978.16 2 1
github.com/Ashes47/braids/cmd/braids/main.go:978.16,980.3 1 0
github.com/Ashes47/braids/cmd/braids/main.go:981.2,984.16 3 1
github.com/Ashes47/braids/cmd/braids/main.go:984.16,986.3 1 0
github.com/Ashes47/braids/cmd/braids/main.go:987.2,987.21 1 1
github.com/Ashes47/braids/cmd/braids/main.go:987.21,990.3 2 0
github.com/Ashes47/braids/cmd/braids/main.go:991.2,993.26 3 1
github.com/Ashes47/braids/cmd/braids/main.go:993.26,996.3 1 1
github.com/Ashes47/braids/cmd/braids/main.go:997.2,997.25 1 1
github.com/Ashes47/braids/cmd/braids/main.go:997.25,998.48 1 2
github.com/Ashes47/braids/cmd/braids/main.go:998.48,1000.4 1 0
github.com/Ashes47/braids/cmd/braids/main.go:1002.2,1002.35 1 1
github.com/Ashes47/braids/cmd/braids/main.go:1002.35,1004.3 1 0
github.com/Ashes47/braids/cmd/braids/main.go:1005.2,1006.18 2 1
github.com/Ashes47/braids/cmd/braids/main.go:1011.53,1012.32 1 9
github.com/Ashes47/braids/cmd/braids/main.go:1012.32,1014.3 1 6
github.com/Ashes47/braids/cmd/braids/main.go:1015.2,1022.44 3 3
github.com/Ashes47/braids/cmd/braids/main.go:1022.44,1024.17 2 4
github.com/Ashes47/braids/cmd/braids/main.go:1024.17,1025.12 1 0
github.com/Ashes47/braids/cmd/braids/main.go:1027.3,1028.10 2 4
github.com/Ashes47/braids/cmd/braids/main.go:1028.10,1030.4 1 1
github.com/Ashes47/braids/cmd/braids/main.go:1031.3,1031.27 1 3
github.com/Ashes47/braids/cmd/braids/main.go:1033.2,1033.19 1 2
github.com/Ashes47/braids/cmd/braids/main.go:1036.36,1037.23 1 7
github.com/Ashes47/braids/cmd/braids/main.go:1037.23,1039.3 1 7
github.com/Ashes47/braids/cmd/braids/main.go:1040.2,1040.26 1 0
github.com/Ashes47/braids/cmd/braids/main.go:1043.36,1044.49 1 7
github.com/Ashes47/braids/cmd/braids/main.go:1044.49,1046.3 1 5
github.com/Ashes47/braids/cmd/braids/main.go:1047.2,1047.23 1 2
github.com/Ashes47/braids/cmd/braids/main.go:1050.32,1050.58 1 1
github.com/Ashes47/braids/cmd/braids/main.go:1052.31,1054.2 1 7
github.com/Ashes47/braids/cmd/braids/main.go:1056.39,1058.17 2 23
github.com/Ashes47/braids/cmd/braids/main.go:1058.17,1060.3 1 21
github.com/Ashes47/braids/cmd/braids/main.go:1061.2,1061.12 1 2
github.com/Ashes47/braids/cmd/braids/main.go:1061.12,1063.3 1 0
github.com/Ashes47/braids/cmd/braids/main.go:1064.2,1064.32 1 2
github.com/Ashes47/braids/cmd/braids/print.go:20.39,20.64 1 16
github.com/Ashes47/braids/cmd/braids/print.go:23.48,24.18 1 82
github.com/Ashes47/braids/cmd/braids/print.go:24.18,26.3 1 0
github.com/Ashes47/braids/cmd/braids/print.go:27.2,28.16 2 82
github.com/Ashes47/braids/cmd/braids/print.go:28.16,30.3 1 0
github.com/Ashes47/braids/cmd/braids/print.go:31.2,31.15 1 82
github.com/Ashes47/braids/cmd/braids/print.go:34.51,35.18 1 12
github.com/Ashes47/braids/cmd/braids/print.go:35.18,37.3 1 12
github.com/Ashes47/braids/cmd/braids/print.go:41.31,41.47 1 12
