mode: atomic
github.com/Ashes47/braids/internal/core/store/claudecode/birthtime_darwin.go:13.44,15.9 2 7
github.com/Ashes47/braids/internal/core/store/claudecode/birthtime_darwin.go:15.9,17.3 1 0
github.com/Ashes47/braids/internal/core/store/claudecode/birthtime_darwin.go:18.2,18.63 1 7
github.com/Ashes47/braids/internal/core/store/claudecode/claudecode.go:33.31,33.61 1 6
github.com/Ashes47/braids/internal/core/store/claudecode/claudecode.go:36.36,38.16 2 0
github.com/Ashes47/braids/internal/core/store/claudecode/claudecode.go:38.16,40.3 1 0
github.com/Ashes47/braids/internal/core/store/claudecode/claudecode.go:41.2,41.56 1 0
github.com/Ashes47/braids/internal/core/store/claudecode/claudecode.go:45.32,45.55 1 7
github.com/Ashes47/braids/internal/core/store/claudecode/claudecode.go:48.52,55.2 1 0
github.com/Ashes47/braids/internal/core/store/claudecode/claudecode.go:60.67,62.16 2 6
github.com/Ashes47/braids/internal/core/store/claudecode/claudecode.go:62.16,64.3 1 0
github.com/Ashes47/braids/internal/core/store/claudecode/claudecode.go:65.2,66.35 2 6
github.com/Ashes47/braids/internal/core/store/claudecode/claudecode.go:66.35,67.23 1 6
github.com/Ashes47/braids/internal/core/store/claudecode/claudecode.go:67.23,68.12 1 0
github.com/Ashes47/braids/internal/core/store/claudecode/claudecode.go:70.3,72.17 3 6
github.com/Ashes47/braids/internal/core/store/claudecode/claudecode.go:72.17,74.4 1 0
github.com/Ashes47/braids/internal/core/store/claudecode/claudecode.go:75.3,75.29 1 6
github.com/Ashes47/braids/internal/core/store/claudecode/claudecode.go:75.29,76.36 1 8
github.com/Ashes47/braids/internal/core/store/claudecode/claudecode.go:76.36,78.5 1 0
github.com/Ashes47/braids/internal/core/store/claudecode/claudecode.go:79.4,79.59 1 8
github.com/Ashes47/braids/internal/core/store/claudecode/claudecode.go:79.59,80.13 1 1
github.com/Ashes47/braids/internal/core/store/claudecode/claudecode.go:82.4,83.18 2 7
github.com/Ashes47/braids/internal/core/store/claudecode/claudecode.go:83.18,85.5 1 0
github.com/Ashes47/braids/internal/core/store/claudecode/claudecode.go:86.4,96.49 3 7
github.com/Ashes47/braids/internal/core/store/claudecode/claudecode.go:96.49,98.5 1 7
github.com/Ashes47/braids/internal/core/store/claudecode/claudecode.go:99.4,99.31 1 7
github.com/Ashes47/braids/internal/core/store/claudecode/claudecode.go:102.2,102.19 1 6
github.com/Ashes47/braids/internal/core/store/claudecode/claudecode.go:107.90,109.16 2 5
github.com/Ashes47/braids/internal/core/store/claudecode/claudecode.go:109.16,111.3 1 0
github.com/Ashes47/braids/internal/core/store/claudecode/claudecode.go:112.2,122.16 4 5
github.com/Ashes47/braids/internal/core/store/claudecode/claudecode.go:122.16,123.35 1 19
github.com/Ashes47/braids/internal/core/store/claudecode/claudecode.go:123.35,125.4 1 0
github.com/Ashes47/braids/internal/core/store/claudecode/claudecode.go:126.3,127.56 2 19
github.com/Ashes47/braids/internal/core/store/claudecode/claudecode.go:127.56,128.12 1 1
github.com/Ashes47/braids/internal/core/store/claudecode/claudecode.go:130.3,130.19 1 18
github.com/Ashes47/braids/internal/core/store/claudecode/claudecode.go:130.19,131.12 1 1
github.com/Ashes47/braids/internal/core/store/claudecode/claudecode.go:133.3,135.10 3 17
github.com/Ashes47/braids/internal/core/store/claudecode/claudecode.go:135.10,137.12 2 6
github.com/Ashes47/braids/internal/core/store/claudecode/claudecode.go:139.3,141.36 3 11
github.com/Ashes47/braids/internal/core/store/claudecode/claudecode.go:141.36,143.4 1 1
github.com/Ashes47/braids/internal/core/store/claudecode/claudecode.go:145.2,145.33 1 4
github.com/Ashes47/braids/internal/core/store/claudecode/claudecode.go:145.33,147.3 1 0
github.com/Ashes47/braids/internal/core/store/claudecode/claudecode.go:148.2,148.12 1 4
github.com/Ashes47/braids/internal/core/store/claudecode/claudecode.go:151.44,155.2 3 12
github.com/Ashes47/braids/internal/core/store/claudecode/claudecode.go:159.38,161.21 2 7
github.com/Ashes47/braids/internal/core/store/claudecode/claudecode.go:161.21,163.3 1 0
github.com/Ashes47/braids/internal/core/store/claudecode/claudecode.go:164.2,164.28 1 7
github.com/Ashes47/braids/internal/core/store/claudecode/claudecode.go:169.45,171.16 2 7
github.com/Ashes47/braids/internal/core/store/claudecode/claudecode.go:171.16,173.3 1 0
github.com/Ashes47/braids/internal/core/store/claudecode/claudecode.go:174.2,178.16 4 7
github.com/Ashes47/braids/internal/core/store/claudecode/claudecode.go:178.16,180.26 2 24
github.com/Ashes47/braids/internal/core/store/claudecode/claudecode.go:180.26,181.12 1 20
github.com/Ashes47/braids/internal/core/store/claudecode/claudecode.go:183.3,184.50 2 4
github.com/Ashes47/braids/internal/core/store/claudecode/claudecode.go:184.50,185.12 1 0
github.com/Ashes47/braids/internal/core/store/claudecode/claudecode.go:187.3,187.10 1 4
github.com/Ashes47/braids/internal/core/store/claudecode/claudecode.go:188.28,189.26 1 1
github.com/Ashes47/braids/internal/core/store/claudecode/claudecode.go:190.24,191.18 1 2
github.com/Ashes47/braids/internal/core/store/claudecode/claudecode.go:192.26,193.23 1 1
github.com/Ashes47/braids/internal/core/store/claudecode/claudecode.go:196.2,196.33 1 7
github.com/Ashes47/braids/internal/core/store/claudecode/claudecode.go:196.33,198.3 1 0
github.com/Ashes47/braids/internal/core/store/claudecode/claudecode.go:199.2,199.46 1 7
github.com/Ashes47/braids/internal/core/store/claudecode/claudecode.go:202.37,203.31 1 24
github.com/Ashes47/braids/internal/core/store/claudecode/claudecode.go:203.31,204.30 1 45
github.com/Ashes47/braids/internal/core/store/claudecode/claudecode.go:204.30,206.4 1 4
github.com/Ashes47/braids/internal/core/store/claudecode/claudecode.go:208.2,208.14 1 20
github.com/Ashes47/braids/internal/core/store/claudecode/claudecode.go:211.43,212.25 1 7
github.com/Ashes47/braids/internal/core/store/claudecode/claudecode.go:212.25,213.14 1 18
github.com/Ashes47/braids/internal/core/store/claudecode/claudecode.go:213.14,215.4 1 3
github.com/Ashes47/braids/internal/core/store/claudecode/claudecode.go:217.2,217.11 1 4
github.com/Ashes47/braids/internal/core/store/claudecode/claudecode.go:252.64,253.50 1 17
github.com/Ashes47/braids/internal/core/store/claudecode/claudecode.go:253.50,255.3 1 6
github.com/Ashes47/braids/internal/core/store/claudecode/claudecode.go:256.2,257.16 2 11
github.com/Ashes47/braids/internal/core/store/claudecode/claudecode.go:258.14,259.24 1 8
github.com/Ashes47/braids/internal/core/store/claudecode/claudecode.go:260.19,261.29 1 3
github.com/Ashes47/braids/internal/core/store/claudecode/claudecode.go:262.10,263.32 1 0
github.com/Ashes47/braids/internal/core/store/claudecode/claudecode.go:265.2,266.21 2 11
github.com/Ashes47/braids/internal/core/store/claudecode/claudecode.go:266.21,268.3 1 0
github.com/Ashes47/braids/internal/core/store/claudecode/claudecode.go:269.2,276.9 2 11
github.com/Ashes47/braids/internal/core/store/claudecode/claudecode.go:283.35,284.25 1 17
github.com/Ashes47/braids/internal/core/store/claudecode/claudecode.go:284.25,286.3 1 9
github.com/Ashes47/braids/internal/core/store/claudecode/claudecode.go:287.2,287.32 1 8
github.com/Ashes47/braids/internal/core/store/claudecode/claudecode.go:287.32,289.3 1 2
github.com/Ashes47/braids/internal/core/store/claudecode/claudecode.go:290.2,290.11 1 6
github.com/Ashes47/braids/internal/core/store/claudecode/claudecode.go:295.51,296.19 1 11
github.com/Ashes47/braids/internal/core/store/claudecode/claudecode.go:296.19,298.3 1 0
github.com/Ashes47/braids/internal/core/store/claudecode/claudecode.go:299.2,300.51 2 11
github.com/Ashes47/braids/internal/core/store/claudecode/claudecode.go:300.51,301.36 1 6
github.com/Ashes47/braids/internal/core/store/claudecode/claudecode.go:301.36,303.4 1 0
github.com/Ashes47/braids/internal/core/store/claudecode/claudecode.go:304.3,304.58 1 6
github.com/Ashes47/braids/internal/core/store/claudecode/claudecode.go:306.2,307.53 2 5
github.com/Ashes47/braids/internal/core/store/claudecode/claudecode.go:307.53,309.3 1 0
github.com/Ashes47/braids/internal/core/store/claudecode/claudecode.go:310.2,311.27 2 5
github.com/Ashes47/braids/internal/core/store/claudecode/claudecode.go:311.27,312.30 1 7
github.com/Ashes47/braids/internal/core/store/claudecode/claudecode.go:312.30,314.4 1 7
github.com/Ashes47/braids/internal/core/store/claudecode/claudecode.go:316.2,316.14 1 5
github.com/Ashes47/braids/internal/core/store/claudecode/claudecode.go:319.44,320.16 1 7
github.com/Ashes47/braids/internal/core/store/claudecode/claudecode.go:321.14,322.38 1 3
github.com/Ashes47/braids/internal/core/store/claudecode/claudecode.go:322.38,324.4 1 0
github.com/Ashes47/braids/internal/core/store/claudecode/claudecode.go:325.3,325.62 1 3
github.com/Ashes47/braids/internal/core/store/claudecode/claudecode.go:326.18,327.42 1 1
github.com/Ashes47/braids/internal/core/store/claudecode/claudecode.go:327.42,329.4 1 0
github.com/Ashes47/braids/internal/core/store/claudecode/claudecode.go:330.3,330.70 1 1
github.com/Ashes47/braids/internal/core/store/claudecode/claudecode.go:331.18,332.88 1 1
github.com/Ashes47/braids/internal/core/store/claudecode/claudecode.go:333.21,335.17 2 2
github.com/Ashes47/braids/internal/core/store/claudecode/claudecode.go:335.17,337.4 1 0
github.com/Ashes47/braids/internal/core/store/claudecode/claudecode.go:338.3,338.66 1 2
github.com/Ashes47/braids/internal/core/store/claudecode/claudecode.go:339.10,340.29 1 0
github.com/Ashes47/braids/internal/core/store/claudecode/claudecode.go:345.42,346.19 1 2
github.com/Ashes47/braids/internal/core/store/claudecode/claudecode.go:346.19,348.3 1 0
github.com/Ashes47/braids/internal/core/store/claudecode/claudecode.go:349.2,350.51 2 2
github.com/Ashes47/braids/internal/core/store/claudecode/claudecode.go:350.51,352.3 1 1
github.com/Ashes47/braids/internal/core/store/claudecode/claudecode.go:353.2,354.53 2 1
github.com/Ashes47/braids/internal/core/store/claudecode/claudecode.go:354.53,356.3 1 0
github.com/Ashes47/braids/internal/core/store/claudecode/claudecode.go:357.2,358.29 2 1
github.com/Ashes47/braids/internal/core/store/claudecode/claudecode.go:358.29,359.21 1 1
github.com/Ashes47/braids/internal/core/store/claudecode/claudecode.go:359.21,360.12 1 0
github.com/Ashes47/braids/internal/core/store/claudecode/claudecode.go:362.3,362.18 1 1
github.com/Ashes47/braids/internal/core/store/claudecode/claudecode.go:362.18,364.4 1 0
github.com/Ashes47/braids/internal/core/store/claudecode/claudecode.go:365.3,365.26 1 1
github.com/Ashes47/braids/internal/core/store/claudecode/claudecode.go:367.2,367.19 1 1
github.com/Ashes47/braids/internal/core/index/index.go:118.40,120.16 2 5
github.com/Ashes47/braids/internal/core/index/index.go:120.16,122.3 1 0
github.com/Ashes47/braids/internal/core/index/index.go:123.2,126.4 1 5
github.com/Ashes47/braids/internal/core/index/index.go:126.4,127.44 1 10
github.com/Ashes47/braids/internal/core/index/index.go:127.44,129.4 1 0
github.com/Ashes47/braids/internal/core/index/index.go:131.2,131.36 1 5
github.com/Ashes47/braids/internal/core/index/index.go:131.36,133.3 1 0
github.com/Ashes47/braids/internal/core/index/index.go:134.2,134.28 1 5
github.com/Ashes47/braids/internal/core/index/index.go:140.32,142.74 2 5
github.com/Ashes47/braids/internal/core/index/index.go:142.74,144.3 1 0
github.com/Ashes47/braids/internal/core/index/index.go:145.2,145.30 1 5
github.com/Ashes47/braids/internal/core/index/index.go:145.30,146.45 1 5
github.com/Ashes47/braids/internal/core/index/index.go:146.45,148.4 1 0
github.com/Ashes47/braids/internal/core/index/index.go:150.2,150.43 1 5
github.com/Ashes47/braids/internal/core/index/index.go:150.43,152.3 1 0
github.com/Ashes47/braids/internal/core/index/index.go:153.2,153.89 1 5
github.com/Ashes47/braids/internal/core/index/index.go:153.89,155.3 1 0
github.com/Ashes47/braids/internal/core/index/index.go:156.2,156.12 1 5
github.com/Ashes47/braids/internal/core/index/index.go:160.32,160.56 1 5
github.com/Ashes47/braids/internal/core/index/index.go:165.80,168.16 3 6
github.com/Ashes47/braids/internal/core/index/index.go:168.16,170.3 1 0
github.com/Ashes47/braids/internal/core/index/index.go:172.2,173.16 2 6
github.com/Ashes47/braids/internal/core/index/index.go:173.16,175.3 1 0
github.com/Ashes47/braids/internal/core/index/index.go:176.2,178.98 2 6
github.com/Ashes47/braids/internal/core/index/index.go:178.98,179.54 1 18
github.com/Ashes47/braids/internal/core/index/index.go:179.54,181.4 1 0
github.com/Ashes47/braids/internal/core/index/index.go:183.2,186.16 2 6
github.com/Ashes47/braids/internal/core/index/index.go:186.16,188.3 1 0
github.com/Ashes47/braids/internal/core/index/index.go:189.2,192.16 3 6
github.com/Ashes47/braids/internal/core/index/index.go:192.16,194.3 1 0
github.com/Ashes47/braids/internal/core/index/index.go:195.2,199.16 3 6
github.com/Ashes47/braids/internal/core/index/index.go:199.16,201.3 1 0
github.com/Ashes47/braids/internal/core/index/index.go:202.2,205.29 3 6
github.com/Ashes47/braids/internal/core/index/index.go:205.29,207.62 2 13
github.com/Ashes47/braids/internal/core/index/index.go:207.62,211.84 3 20
github.com/Ashes47/braids/internal/core/index/index.go:211.84,213.5 1 0
github.com/Ashes47/braids/internal/core/index/index.go:214.4,214.30 1 20
github.com/Ashes47/braids/internal/core/index/index.go:214.30,215.40 1 30
github.com/Ashes47/braids/internal/core/index/index.go:215.40,216.14 1 5
github.com/Ashes47/braids/internal/core/index/index.go:218.5,219.71 1 25
github.com/Ashes47/braids/internal/core/index/index.go:219.71,221.6 1 0
github.com/Ashes47/braids/internal/core/index/index.go:222.5,223.16 2 25
github.com/Ashes47/braids/internal/core/index/index.go:225.4,225.14 1 20
github.com/Ashes47/braids/internal/core/index/index.go:227.3,227.17 1 13
github.com/Ashes47/braids/internal/core/index/index.go:227.17,229.4 1 0
github.com/Ashes47/braids/internal/core/index/index.go:230.3,232.48 1 13
github.com/Ashes47/braids/internal/core/index/index.go:232.48,234.4 1 0
github.com/Ashes47/braids/internal/core/index/index.go:236.2,236.36 1 6
github.com/Ashes47/braids/internal/core/index/index.go:236.36,238.3 1 0
github.com/Ashes47/braids/internal/core/index/index.go:239.2,240.19 2 6
github.com/Ashes47/braids/internal/core/index/index.go:244.70,245.37 1 5
github.com/Ashes47/braids/internal/core/index/index.go:245.37,247.3 1 1
github.com/Ashes47/braids/internal/core/index/index.go:248.2,249.16 2 4
github.com/Ashes47/braids/internal/core/index/index.go:249.16,251.3 1 4
github.com/Ashes47/braids/internal/core/index/index.go:253.2,257.18 2 4
github.com/Ashes47/braids/internal/core/index/index.go:257.18,260.3 2 1
github.com/Ashes47/braids/internal/core/index/index.go:261.2,261.22 1 4
github.com/Ashes47/braids/internal/core/index/index.go:261.22,263.29 2 1
github.com/Ashes47/braids/internal/core/index/index.go:263.29,266.4 2 1
github.com/Ashes47/braids/internal/core/index/index.go:267.3,267.72 1 1
github.com/Ashes47/braids/internal/core/index/index.go:269.2,280.16 4 4
github.com/Ashes47/braids/internal/core/index/index.go:280.16,282.3 1 0
github.com/Ashes47/braids/internal/core/index/index.go:283.2,286.18 3 4
github.com/Ashes47/braids/internal/core/index/index.go:286.18,291.56 4 6
github.com/Ashes47/braids/internal/core/index/index.go:291.56,293.4 1 0
github.com/Ashes47/braids/internal/core/index/index.go:294.3,297.25 4 6
github.com/Ashes47/braids/internal/core/index/index.go:299.2,299.35 1 4
github.com/Ashes47/braids/internal/core/index/index.go:299.35,301.3 1 0
github.com/Ashes47/braids/internal/core/index/index.go:302.2,302.18 1 4
github.com/Ashes47/braids/internal/core/index/index.go:318.89,322.16 2 0
github.com/Ashes47/braids/internal/core/index/index.go:322.16,324.3 1 0
github.com/Ashes47/braids/internal/core/index/index.go:325.2,328.18 3 0
github.com/Ashes47/braids/internal/core/index/index.go:328.18,332.97 4 0
github.com/Ashes47/braids/internal/core/index/index.go:332.97,334.4 1 0
github.com/Ashes47/braids/internal/core/index/index.go:335.3,337.23 3 0
github.com/Ashes47/braids/internal/core/index/index.go:339.2,339.35 1 0
github.com/Ashes47/braids/internal/core/index/index.go:339.35,341.3 1 0
github.com/Ashes47/braids/internal/core/index/index.go:342.2,342.17 1 0
github.com/Ashes47/braids/internal/core/index/index.go:351.40,353.35 2 20
github.com/Ashes47/braids/internal/core/index/index.go:353.35,355.3 1 0
github.com/Ashes47/braids/internal/core/index/index.go:356.2,357.28 2 20
github.com/Ashes47/braids/internal/core/index/index.go:357.28,359.3 1 0
github.com/Ashes47/braids/internal/core/index/index.go:360.2,360.13 1 20
github.com/Ashes47/braids/internal/core/index/index.go:364.38,367.28 3 20
github.com/Ashes47/braids/internal/core/index/index.go:367.28,368.66 1 30
github.com/Ashes47/braids/internal/core/index/index.go:368.66,369.12 1 25
github.com/Ashes47/braids/internal/core/index/index.go:371.3,372.32 2 5
github.com/Ashes47/braids/internal/core/index/index.go:374.2,374.33 1 20
github.com/Ashes47/braids/internal/core/index/index.go:379.67,386.16 2 1
github.com/Ashes47/braids/internal/core/index/index.go:386.16,388.3 1 0
github.com/Ashes47/braids/internal/core/index/index.go:389.2,392.18 3 1
github.com/Ashes47/braids/internal/core/index/index.go:392.18,394.68 2 2
github.com/Ashes47/braids/internal/core/index/index.go:394.68,396.4 1 0
github.com/Ashes47/braids/internal/core/index/index.go:397.3,397.23 1 2
github.com/Ashes47/braids/internal/core/index/index.go:399.2,399.35 1 1
github.com/Ashes47/braids/internal/core/index/index.go:399.35,401.3 1 0
github.com/Ashes47/braids/internal/core/index/index.go:402.2,402.17 1 1
github.com/Ashes47/braids/internal/core/index/index.go:408.81,411.16 2 0
github.com/Ashes47/braids/internal/core/index/index.go:411.16,413.3 1 0
github.com/Ashes47/braids/internal/core/index/index.go:414.2,417.18 3 0
github.com/Ashes47/braids/internal/core/index/index.go:417.18,420.47 3 0
github.com/Ashes47/braids/internal/core/index/index.go:420.47,422.4 1 0
github.com/Ashes47/braids/internal/core/index/index.go:423.3,423.50 1 0
github.com/Ashes47/braids/internal/core/index/index.go:425.2,425.35 1 0
github.com/Ashes47/braids/internal/core/index/index.go:425.35,427.3 1 0
github.com/Ashes47/braids/internal/core/index/index.go:428.2,428.17 1 0
github.com/Ashes47/braids/internal/core/index/index.go:432.65,435.16 2 2
github.com/Ashes47/braids/internal/core/index/index.go:435.16,437.3 1 0
github.com/Ashes47/braids/internal/core/index/index.go:438.2,441.18 3 2
github.com/Ashes47/braids/internal/core/index/index.go:441.18,445.68 3 4
github.com/Ashes47/braids/internal/core/index/index.go:445.68,447.4 1 0
github.com/Ashes47/braids/internal/core/index/index.go:448.3,448.18 1 4
github.com/Ashes47/braids/internal/core/index/index.go:448.18,450.4 1 0
github.com/Ashes47/braids/internal/core/index/index.go:451.3,452.27 2 4
github.com/Ashes47/braids/internal/core/index/index.go:454.2,454.35 1 2
github.com/Ashes47/braids/internal/core/index/index.go:454.35,456.3 1 0
github.com/Ashes47/braids/internal/core/index/index.go:457.2,457.19 1 2
github.com/Ashes47/braids/internal/core/index/index.go:461.36,462.16 1 13
github.com/Ashes47/braids/internal/core/index/index.go:462.16,464.3 1 13
github.com/Ashes47/braids/internal/core/index/index.go:465.2,465.17 1 0
github.com/Ashes47/braids/internal/core/index/index.go:470.30,471.36 1 11
github.com/Ashes47/braids/internal/core/index/index.go:471.36,473.3 1 3
github.com/Ashes47/braids/internal/core/index/index.go:474.2,474.38 1 8
github.com/Ashes47/braids/internal/core/index/index.go:474.38,475.12 1 10
github.com/Ashes47/braids/internal/core/index/index.go:476.27,477.15 1 1
github.com/Ashes47/braids/internal/core/index/index.go:479.3,479.36 1 9
github.com/Ashes47/braids/internal/core/index/index.go:479.36,481.4 1 0
github.com/Ashes47/braids/internal/core/index/index.go:483.2,483.14 1 7
github.com/Ashes47/braids/internal/core/index/index.go:489.34,491.17 2 11
github.com/Ashes47/braids/internal/core/index/index.go:491.17,493.3 1 4
github.com/Ashes47/braids/internal/core/index/index.go:494.2,496.27 3 7
github.com/Ashes47/braids/internal/core/index/index.go:496.27,498.3 1 8
github.com/Ashes47/braids/internal/core/index/index.go:499.2,499.34 1 7
github.com/Ashes47/braids/internal/core/graph/graph.go:50.104,52.26 2 4
github.com/Ashes47/braids/internal/core/graph/graph.go:52.26,54.3 1 9
github.com/Ashes47/braids/internal/core/graph/graph.go:58.2,59.55 2 4
github.com/Ashes47/braids/internal/core/graph/graph.go:59.55,61.29 2 5
github.com/Ashes47/braids/internal/core/graph/graph.go:61.29,62.12 1 1
github.com/Ashes47/braids/internal/core/graph/graph.go:64.3,67.25 4 4
github.com/Ashes47/braids/internal/core/graph/graph.go:70.2,71.15 2 4
github.com/Ashes47/braids/internal/core/graph/graph.go:76.82,78.29 2 4
github.com/Ashes47/braids/internal/core/graph/graph.go:78.29,79.35 1 24
github.com/Ashes47/braids/internal/core/graph/graph.go:79.35,81.4 1 24
github.com/Ashes47/braids/internal/core/graph/graph.go:84.2,85.34 2 4
github.com/Ashes47/braids/internal/core/graph/graph.go:85.34,86.24 1 8
github.com/Ashes47/braids/internal/core/graph/graph.go:86.24,87.40 1 24
github.com/Ashes47/braids/internal/core/graph/graph.go:87.40,89.29 2 36
github.com/Ashes47/braids/internal/core/graph/graph.go:89.29,90.14 1 6
github.com/Ashes47/braids/internal/core/graph/graph.go:92.5,92.28 1 30
github.com/Ashes47/braids/internal/core/graph/graph.go:92.28,94.6 1 26
github.com/Ashes47/braids/internal/core/graph/graph.go:95.5,97.17 3 30
github.com/Ashes47/braids/internal/core/graph/graph.go:97.17,100.6 2 5
github.com/Ashes47/braids/internal/core/graph/graph.go:101.5,103.32 3 30
github.com/Ashes47/braids/internal/core/graph/graph.go:107.2,107.14 1 4
github.com/Ashes47/braids/internal/core/graph/graph.go:112.126,113.41 1 5
github.com/Ashes47/braids/internal/core/graph/graph.go:113.41,113.68 1 0
github.com/Ashes47/braids/internal/core/graph/graph.go:114.2,114.41 1 5
github.com/Ashes47/braids/internal/core/graph/graph.go:114.41,114.68 1 5
github.com/Ashes47/braids/internal/core/graph/graph.go:116.2,119.79 2 5
github.com/Ashes47/braids/internal/core/graph/graph.go:119.79,120.34 1 4
github.com/Ashes47/braids/internal/core/graph/graph.go:120.34,122.4 1 0
github.com/Ashes47/braids/internal/core/graph/graph.go:123.3,123.18 1 4
github.com/Ashes47/braids/internal/core/graph/graph.go:127.2,129.9 3 1
github.com/Ashes47/braids/internal/core/graph/graph.go:130.31,131.18 1 0
github.com/Ashes47/braids/internal/core/graph/graph.go:132.31,133.18 1 1
github.com/Ashes47/braids/internal/core/graph/graph.go:138.2,138.9 1 0
github.com/Ashes47/braids/internal/core/graph/graph.go:139.32,140.30 1 0
github.com/Ashes47/braids/internal/core/graph/graph.go:140.30,142.4 1 0
github.com/Ashes47/braids/internal/core/graph/graph.go:143.3,143.18 1 0
github.com/Ashes47/braids/internal/core/graph/graph.go:144.35,145.18 1 0
github.com/Ashes47/braids/internal/core/graph/graph.go:146.10,147.18 1 0
github.com/Ashes47/braids/internal/core/graph/graph.go:153.57,155.2 1 2
github.com/Ashes47/braids/internal/core/graph/graph.go:159.22,160.27 1 4
github.com/Ashes47/braids/internal/core/graph/graph.go:160.27,161.43 1 9
github.com/Ashes47/braids/internal/core/graph/graph.go:161.43,164.4 2 0
github.com/Ashes47/braids/internal/core/graph/graph.go:166.2,166.27 1 4
github.com/Ashes47/braids/internal/core/graph/graph.go:166.27,167.43 1 9
github.com/Ashes47/braids/internal/core/graph/graph.go:167.43,169.4 1 4
github.com/Ashes47/braids/internal/core/graph/graph.go:169.9,171.4 1 5
github.com/Ashes47/braids/internal/core/graph/graph.go:173.2,174.27 2 4
github.com/Ashes47/braids/internal/core/graph/graph.go:174.27,176.3 1 9
github.com/Ashes47/braids/internal/core/graph/graph.go:177.2,177.28 1 4
github.com/Ashes47/braids/internal/core/graph/graph.go:177.28,179.3 1 5
github.com/Ashes47/braids/internal/core/graph/graph.go:183.42,185.72 2 4
github.com/Ashes47/braids/internal/core/graph/graph.go:185.72,186.24 1 5
github.com/Ashes47/braids/internal/core/graph/graph.go:186.24,188.4 1 0
github.com/Ashes47/braids/internal/core/graph/graph.go:189.3,189.27 1 5
github.com/Ashes47/braids/internal/core/graph/graph.go:191.2,191.14 1 4
github.com/Ashes47/braids/internal/core/graph/graph.go:194.38,196.31 2 9
github.com/Ashes47/braids/internal/core/graph/graph.go:196.31,198.3 1 4
github.com/Ashes47/braids/internal/core/graph/graph.go:203.31,204.46 1 13
github.com/Ashes47/braids/internal/core/graph/graph.go:204.46,205.58 1 1
github.com/Ashes47/braids/internal/core/graph/graph.go:205.58,207.4 1 1
github.com/Ashes47/braids/internal/core/graph/graph.go:208.3,208.45 1 0
github.com/Ashes47/braids/internal/core/graph/graph.go:213.36,216.23 3 1
github.com/Ashes47/braids/internal/core/graph/graph.go:216.23,218.32 2 3
github.com/Ashes47/braids/internal/core/graph/graph.go:218.32,220.4 1 2
github.com/Ashes47/braids/internal/core/graph/graph.go:222.2,222.28 1 1
github.com/Ashes47/braids/internal/core/graph/graph.go:222.28,224.3 1 1
github.com/Ashes47/braids/internal/core/graph/graph.go:225.2,225.12 1 1
github.com/Ashes47/braids/internal/core/graph/spine.go:51.47,52.20 1 6
github.com/Ashes47/braids/internal/core/graph/spine.go:52.20,54.3 1 1
github.com/Ashes47/braids/internal/core/graph/spine.go:55.2,57.25 3 5
github.com/Ashes47/braids/internal/core/graph/spine.go:57.25,60.3 2 18
github.com/Ashes47/braids/internal/core/graph/spine.go:62.2,64.25 3 5
github.com/Ashes47/braids/internal/core/graph/spine.go:64.25,66.3 1 13
github.com/Ashes47/braids/internal/core/graph/spine.go:67.2,71.18 4 5
github.com/Ashes47/braids/internal/core/graph/spine.go:71.18,72.19 1 12
github.com/Ashes47/braids/internal/core/graph/spine.go:73.10,73.10 0 8
github.com/Ashes47/braids/internal/core/graph/spine.go:74.10,80.6 2 3
github.com/Ashes47/braids/internal/core/graph/spine.go:81.11,82.38 1 1
github.com/Ashes47/braids/internal/core/graph/spine.go:84.3,84.12 1 12
github.com/Ashes47/braids/internal/core/graph/spine.go:86.2,86.25 1 5
github.com/Ashes47/braids/internal/core/graph/spine.go:86.25,88.43 2 13
github.com/Ashes47/braids/internal/core/graph/spine.go:88.43,90.12 2 6
github.com/Ashes47/braids/internal/core/graph/spine.go:92.3,100.5 2 7
github.com/Ashes47/braids/internal/core/graph/spine.go:102.2,103.12 2 5
github.com/Ashes47/braids/internal/core/graph/spine.go:112.40,114.2 1 13
github.com/Ashes47/braids/internal/core/graph/spine.go:118.95,123.68 4 5
github.com/Ashes47/braids/internal/core/graph/spine.go:123.68,126.3 2 13
github.com/Ashes47/braids/internal/core/graph/spine.go:127.2,127.57 1 5
github.com/Ashes47/braids/internal/core/graph/spine.go:127.57,129.3 1 5
github.com/Ashes47/braids/internal/core/graph/spine.go:130.2,130.17 1 5
github.com/Ashes47/braids/internal/core/graph/spine.go:134.121,136.39 2 13
github.com/Ashes47/braids/internal/core/graph/spine.go:136.39,137.20 1 11
github.com/Ashes47/braids/internal/core/graph/spine.go:137.20,138.12 1 9
github.com/Ashes47/braids/internal/core/graph/spine.go:140.3,140.34 1 2
github.com/Ashes47/braids/internal/core/graph/spine.go:142.2,143.12 2 13
github.com/Ashes47/braids/internal/core/graph/spine.go:147.89,150.29 3 5
github.com/Ashes47/braids/internal/core/graph/spine.go:150.29,151.29 1 32
github.com/Ashes47/braids/internal/core/graph/spine.go:151.29,153.4 1 14
github.com/Ashes47/braids/internal/core/graph/spine.go:154.3,156.34 3 18
github.com/Ashes47/braids/internal/core/graph/spine.go:156.34,158.4 1 14
github.com/Ashes47/braids/internal/core/graph/spine.go:159.3,160.11 2 18
github.com/Ashes47/braids/internal/core/graph/spine.go:162.2,162.25 1 5
github.com/Ashes47/braids/internal/core/graph/spine.go:162.25,164.3 1 18
github.com/Ashes47/braids/internal/core/graph/spine.go:165.2,165.14 1 5
github.com/Ashes47/braids/internal/core/graph/spine.go:169.49,171.24 2 1
github.com/Ashes47/braids/internal/core/graph/spine.go:171.24,172.44 1 3
github.com/Ashes47/braids/internal/core/graph/spine.go:172.44,174.4 1 3
github.com/Ashes47/braids/internal/core/graph/spine.go:176.2,177.30 2 1
github.com/Ashes47/braids/internal/core/graph/spine.go:177.30,179.3 1 2
github.com/Ashes47/braids/internal/core/graph/spine.go:180.2,180.40 1 1
github.com/Ashes47/braids/internal/core/graph/spine.go:180.40,181.39 1 1
github.com/Ashes47/braids/internal/core/graph/spine.go:181.39,183.4 1 1
github.com/Ashes47/braids/internal/core/graph/spine.go:184.3,184.39 1 0
github.com/Ashes47/braids/internal/core/graph/spine.go:186.2,191.3 1 1
github.com/Ashes47/braids/internal/core/graph/spine.go:194.36,195.13 1 13
github.com/Ashes47/braids/internal/core/graph/spine.go:195.13,197.3 1 10
github.com/Ashes47/braids/internal/core/graph/spine.go:198.2,200.31 3 3
github.com/Ashes47/braids/internal/core/graph/spine.go:200.31,201.33 1 15
github.com/Ashes47/braids/internal/core/graph/spine.go:201.33,202.17 1 3
github.com/Ashes47/braids/internal/core/graph/spine.go:202.17,204.5 1 3
github.com/Ashes47/braids/internal/core/graph/spine.go:205.4,205.17 1 3
github.com/Ashes47/braids/internal/core/graph/spine.go:208.2,208.12 1 3
github.com/Ashes47/braids/cmd/braids/main.go:55.13,56.52 1 0
github.com/Ashes47/braids/cmd/braids/main.go:56.52,59.3 2 0
github.com/Ashes47/braids/cmd/braids/main.go:62.44,64.20 2 16
github.com/Ashes47/braids/cmd/braids/main.go:64.20,66.3 1 0
github.com/Ashes47/braids/cmd/braids/main.go:67.2,67.17 1 16
github.com/Ashes47/braids/cmd/braids/main.go:68.13,69.31 1 1
github.com/Ashes47/braids/cmd/braids/main.go:70.15,71.33 1 3
github.com/Ashes47/braids/cmd/braids/main.go:72.16,73.34 1 8
github.com/Ashes47/braids/cmd/braids/main.go:74.15,75.33 1 1
github.com/Ashes47/braids/cmd/braids/main.go:76.17,78.19 2 0
github.com/Ashes47/braids/cmd/braids/main.go:79.30,81.19 2 2
github.com/Ashes47/braids/cmd/braids/main.go:82.10,83.70 1 1
github.com/Ashes47/braids/cmd/braids/main.go:91.67,93.6 2 8
github.com/Ashes47/braids/cmd/braids/main.go:93.6,94.40 1 16
github.com/Ashes47/braids/cmd/braids/main.go:94.40,96.4 1 0
github.com/Ashes47/braids/cmd/braids/main.go:97.3,98.21 2 16
github.com/Ashes47/braids/cmd/braids/main.go:98.21,100.4 1 8
github.com/Ashes47/braids/cmd/braids/main.go:101.3,102.18 2 8
github.com/Ashes47/braids/cmd/braids/main.go:107.34,108.42 1 0
github.com/Ashes47/braids/cmd/braids/main.go:108.42,110.3 1 0
github.com/Ashes47/braids/cmd/braids/main.go:111.2,112.16 2 0
github.com/Ashes47/braids/cmd/braids/main.go:112.16,114.3 1 0
github.com/Ashes47/braids/cmd/braids/main.go:115.2,116.48 2 0
github.com/Ashes47/braids/cmd/braids/main.go:116.48,118.3 1 0
github.com/Ashes47/braids/cmd/braids/main.go:119.2,119.44 1 0
github.com/Ashes47/braids/cmd/braids/main.go:123.47,124.18 1 11
github.com/Ashes47/braids/cmd/braids/main.go:124.18,126.3 1 11
github.com/Ashes47/braids/cmd/braids/main.go:127.2,127.20 1 0
github.com/Ashes47/braids/cmd/braids/main.go:131.53,133.16 2 10
github.com/Ashes47/braids/cmd/braids/main.go:133.16,135.3 1 0
github.com/Ashes47/braids/cmd/braids/main.go:136.2,136.25 1 10
github.com/Ashes47/braids/cmd/braids/main.go:139.48,147.39 8 1
github.com/Ashes47/braids/cmd/braids/main.go:147.39,149.3 1 0
github.com/Ashes47/braids/cmd/braids/main.go:150.2,151.16 2 1
github.com/Ashes47/braids/cmd/braids/main.go:151.16,153.3 1 0
github.com/Ashes47/braids/cmd/braids/main.go:154.2,155.16 2 1
github.com/Ashes47/braids/cmd/braids/main.go:155.16,157.3 1 0
github.com/Ashes47/braids/cmd/braids/main.go:158.2,167.13 4 1
github.com/Ashes47/braids/cmd/braids/main.go:167.13,169.3 1 1
github.com/Ashes47/braids/cmd/braids/main.go:170.2,171.16 2 0
github.com/Ashes47/braids/cmd/braids/main.go:171.16,173.3 1 0
github.com/Ashes47/braids/cmd/braids/main.go:174.2,175.18 2 0
github.com/Ashes47/braids/cmd/braids/main.go:178.50,183.39 5 3
github.com/Ashes47/braids/cmd/braids/main.go:183.39,185.3 1 0
github.com/Ashes47/braids/cmd/braids/main.go:187.2,188.15 2 3
github.com/Ashes47/braids/cmd/braids/main.go:188.15,190.54 2 0
github.com/Ashes47/braids/cmd/braids/main.go:190.54,192.4 1 0
github.com/Ashes47/braids/cmd/braids/main.go:194.2,195.16 2 3
github.com/Ashes47/braids/cmd/braids/main.go:195.16,197.3 1 0
github.com/Ashes47/braids/cmd/braids/main.go:198.2,201.16 3 3
github.com/Ashes47/braids/cmd/braids/main.go:201.16,203.3 1 0
github.com/Ashes47/braids/cmd/braids/main.go:204.2,206.18 2 3
github.com/Ashes47/braids/cmd/braids/main.go:209.51,217.16 8 8
github.com/Ashes47/braids/cmd/braids/main.go:217.16,219.3 1 0
github.com/Ashes47/braids/cmd/braids/main.go:220.2,221.36 2 8
github.com/Ashes47/braids/cmd/braids/main.go:221.36,223.3 1 1
github.com/Ashes47/braids/cmd/braids/main.go:224.2,225.16 2 7
github.com/Ashes47/braids/cmd/braids/main.go:225.16,227.3 1 1
github.com/Ashes47/braids/cmd/braids/main.go:229.2,230.16 2 6
github.com/Ashes47/braids/cmd/braids/main.go:230.16,232.3 1 0
github.com/Ashes47/braids/cmd/braids/main.go:233.2,238.16 4 6
github.com/Ashes47/braids/cmd/braids/main.go:238.16,240.3 1 0
github.com/Ashes47/braids/cmd/braids/main.go:241.2,241.20 1 6
github.com/Ashes47/braids/cmd/braids/main.go:241.20,244.3 2 1
github.com/Ashes47/braids/cmd/braids/main.go:246.2,247.25 2 5
github.com/Ashes47/braids/cmd/braids/main.go:247.25,249.92 1 7
github.com/Ashes47/braids/cmd/braids/main.go:249.92,251.4 1 0
github.com/Ashes47/braids/cmd/braids/main.go:253.2,253.35 1 5
github.com/Ashes47/braids/cmd/braids/main.go:253.35,255.3 1 0
github.com/Ashes47/braids/cmd/braids/main.go:256.2,257.18 2 5
github.com/Ashes47/braids/cmd/braids/main.go:260.50,264.39 4 1
github.com/Ashes47/braids/cmd/braids/main.go:264.39,266.3 1 0
github.com/Ashes47/braids/cmd/braids/main.go:267.2,268.16 2 1
github.com/Ashes47/braids/cmd/braids/main.go:268.16,270.3 1 0
github.com/Ashes47/braids/cmd/braids/main.go:271.2,274.16 3 1
github.com/Ashes47/braids/cmd/braids/main.go:274.16,276.3 1 0
github.com/Ashes47/braids/cmd/braids/main.go:277.2,277.21 1 1
github.com/Ashes47/braids/cmd/braids/main.go:277.21,280.3 2 0
github.com/Ashes47/braids/cmd/braids/main.go:281.2,283.26 3 1
github.com/Ashes47/braids/cmd/braids/main.go:283.26,286.3 1 1
github.com/Ashes47/braids/cmd/braids/main.go:287.2,287.25 1 1
github.com/Ashes47/braids/cmd/braids/main.go:287.25,288.48 1 2
github.com/Ashes47/braids/cmd/braids/main.go:288.48,290.4 1 0
github.com/Ashes47/braids/cmd/braids/main.go:292.2,292.35 1 1
github.com/Ashes47/braids/cmd/braids/main.go:292.35,294.3 1 0
github.com/Ashes47/braids/cmd/braids/main.go:295.2,296.18 2 1
github.com/Ashes47/braids/cmd/braids/main.go:301.53,302.32 1 9
github.com/Ashes47/braids/cmd/braids/main.go:302.32,304.3 1 6
github.com/Ashes47/braids/cmd/braids/main.go:305.2,312.44 3 3
github.com/Ashes47/braids/cmd/braids/main.go:312.44,314.17 2 4
github.com/Ashes47/braids/cmd/braids/main.go:314.17,315.12 1 0
github.com/Ashes47/braids/cmd/braids/main.go:317.3,318.10 2 4
github.com/Ashes47/braids/cmd/braids/main.go:318.10,320.4 1 1
github.com/Ashes47/braids/cmd/braids/main.go:321.3,321.27 1 3
github.com/Ashes47/braids/cmd/braids/main.go:323.2,323.19 1 2
github.com/Ashes47/braids/cmd/braids/main.go:326.36,327.23 1 7
github.com/Ashes47/braids/cmd/braids/main.go:327.23,329.3 1 7
github.com/Ashes47/braids/cmd/braids/main.go:330.2,330.26 1 0
github.com/Ashes47/braids/cmd/braids/main.go:333.36,334.49 1 7
github.com/Ashes47/braids/cmd/braids/main.go:334.49,336.3 1 5
github.com/Ashes47/braids/cmd/braids/main.go:337.2,337.23 1 2
github.com/Ashes47/braids/cmd/braids/main.go:340.32,340.58 1 1
github.com/Ashes47/braids/cmd/braids/main.go:342.31,344.2 1 7
github.com/Ashes47/braids/cmd/braids/main.go:346.39,348.17 2 23
github.com/Ashes47/braids/cmd/braids/main.go:348.17,350.3 1 21
github.com/Ashes47/braids/cmd/braids/main.go:351.2,351.12 1 2
github.com/Ashes47/braids/cmd/braids/main.go:351.12,353.3 1 0
github.com/Ashes47/braids/cmd/braids/main.go:354.2,354.32 1 2
github.com/Ashes47/braids/cmd/braids/print.go:20.39,20.64 1 16
github.com/Ashes47/braids/cmd/braids/print.go:23.48,24.18 1 82
github.com/Ashes47/braids/cmd/braids/print.go:24.18,26.3 1 0
github.com/Ashes47/braids/cmd/braids/print.go:27.2,28.16 2 82
github.com/Ashes47/braids/cmd/braids/print.go:28.16,30.3 1 0
github.com/Ashes47/braids/cmd/braids/print.go:31.2,31.15 1 82
github.com/Ashes47/braids/cmd/braids/print.go:34.51,35.18 1 12
github.com/Ashes47/braids/cmd/braids/print.go:35.18,37.3 1 12
github.com/Ashes47/braids/cmd/braids/print.go:41.31,41.47 1 12
github.com/Ashes47/braids/internal/core/model/model.go:54.49,56.28 2 5
github.com/Ashes47/braids/internal/core/model/model.go:56.28,57.53 1 16
github.com/Ashes47/braids/internal/core/model/model.go:57.53,58.12 1 7
github.com/Ashes47/braids/internal/core/model/model.go:60.3,60.19 1 9
github.com/Ashes47/braids/internal/core/model/model.go:60.19,61.12 1 3
github.com/Ashes47/braids/internal/core/model/model.go:63.3,63.18 1 6
github.com/Ashes47/braids/internal/core/model/model.go:63.18,65.4 1 3
github.com/Ashes47/braids/internal/core/model/model.go:66.3,66.24 1 6
github.com/Ashes47/braids/internal/core/model/model.go:68.2,68.19 1 5
github.com/Ashes47/braids/internal/core/model/model.go:71.54,72.29 1 12
github.com/Ashes47/braids/internal/core/model/model.go:72.29,73.16 1 14
github.com/Ashes47/braids/internal/core/model/model.go:73.16,75.4 1 5
github.com/Ashes47/braids/internal/core/model/model.go:77.2,77.14 1 7
github.com/Ashes47/braids/internal/tui/chrome.go:28.31,35.2 1 8
github.com/Ashes47/braids/internal/tui/chrome.go:37.21,44.2 1 8
github.com/Ashes47/braids/internal/tui/chrome.go:47.30,47.73 1 8
github.com/Ashes47/braids/internal/tui/chrome.go:52.61,54.25 2 13
github.com/Ashes47/braids/internal/tui/chrome.go:54.25,56.3 1 52
github.com/Ashes47/braids/internal/tui/chrome.go:57.2,58.26 2 13
github.com/Ashes47/braids/internal/tui/chrome.go:58.26,60.3 1 52
github.com/Ashes47/braids/internal/tui/chrome.go:62.2,63.27 2 13
github.com/Ashes47/braids/internal/tui/chrome.go:63.27,65.21 2 52
github.com/Ashes47/braids/internal/tui/chrome.go:65.21,68.4 1 52
github.com/Ashes47/braids/internal/tui/chrome.go:69.3,70.20 2 52
github.com/Ashes47/braids/internal/tui/chrome.go:70.20,73.4 1 52
github.com/Ashes47/braids/internal/tui/chrome.go:74.3,74.60 1 52
github.com/Ashes47/braids/internal/tui/chrome.go:76.2,76.34 1 13
github.com/Ashes47/braids/internal/tui/chrome.go:80.36,82.20 2 8
github.com/Ashes47/braids/internal/tui/chrome.go:82.20,84.3 1 2
github.com/Ashes47/braids/internal/tui/chrome.go:85.2,85.68 1 8
github.com/Ashes47/braids/internal/tui/chrome.go:88.34,88.77 1 8
github.com/Ashes47/braids/internal/tui/chrome.go:90.51,93.14 3 13
github.com/Ashes47/braids/internal/tui/chrome.go:93.14,95.3 1 0
github.com/Ashes47/braids/internal/tui/chrome.go:96.2,97.59 1 13
github.com/Ashes47/braids/internal/tui/chrome.go:100.37,102.2 1 13
github.com/Ashes47/braids/internal/tui/chrome.go:106.46,109.2 2 156
github.com/Ashes47/braids/internal/tui/chrome.go:112.36,113.17 1 8
github.com/Ashes47/braids/internal/tui/chrome.go:113.17,116.3 1 1
github.com/Ashes47/braids/internal/tui/chrome.go:117.2,117.25 1 7
github.com/Ashes47/braids/internal/tui/chrome.go:117.25,119.3 1 1
github.com/Ashes47/braids/internal/tui/chrome.go:120.2,121.44 2 6
github.com/Ashes47/braids/internal/tui/chrome.go:125.34,126.87 1 10
github.com/Ashes47/braids/internal/tui/chrome.go:126.87,128.3 1 1
github.com/Ashes47/braids/internal/tui/chrome.go:129.2,129.13 1 9
github.com/Ashes47/braids/internal/tui/map.go:86.52,101.2 5 15
github.com/Ashes47/braids/internal/tui/map.go:104.27,107.26 3 15
github.com/Ashes47/braids/internal/tui/map.go:107.26,108.28 1 25
github.com/Ashes47/braids/internal/tui/map.go:108.28,110.4 1 1
github.com/Ashes47/braids/internal/tui/map.go:111.3,112.45 2 25
github.com/Ashes47/braids/internal/tui/map.go:114.2,116.31 3 15
github.com/Ashes47/braids/internal/tui/map.go:116.31,117.27 1 20
github.com/Ashes47/braids/internal/tui/map.go:117.27,119.4 1 2
github.com/Ashes47/braids/internal/tui/map.go:124.31,124.68 1 0
github.com/Ashes47/braids/internal/tui/map.go:127.57,128.27 1 9
github.com/Ashes47/braids/internal/tui/map.go:129.30,130.44 1 0
github.com/Ashes47/braids/internal/tui/map.go:131.25,134.17 3 0
github.com/Ashes47/braids/internal/tui/map.go:135.23,136.20 1 9
github.com/Ashes47/braids/internal/tui/map.go:138.2,138.15 1 0
github.com/Ashes47/braids/internal/tui/map.go:142.32,143.43 1 2
github.com/Ashes47/braids/internal/tui/map.go:143.43,145.3 1 1
github.com/Ashes47/braids/internal/tui/map.go:146.2,146.55 1 1
github.com/Ashes47/braids/internal/tui/map.go:149.62,150.17 1 9
github.com/Ashes47/braids/internal/tui/map.go:150.17,152.3 1 4
github.com/Ashes47/braids/internal/tui/map.go:153.2,153.53 1 5
github.com/Ashes47/braids/internal/tui/map.go:153.53,155.3 1 2
github.com/Ashes47/braids/internal/tui/map.go:156.2,156.25 1 3
github.com/Ashes47/braids/internal/tui/map.go:156.25,159.3 2 1
github.com/Ashes47/braids/internal/tui/map.go:160.2,160.22 1 2
github.com/Ashes47/braids/internal/tui/map.go:161.29,162.28 1 1
github.com/Ashes47/braids/internal/tui/map.go:163.19,164.13 1 0
github.com/Ashes47/braids/internal/tui/map.go:165.17,166.13 1 0
github.com/Ashes47/braids/internal/tui/map.go:167.19,168.15 1 0
github.com/Ashes47/braids/internal/tui/map.go:169.18,170.32 1 0
github.com/Ashes47/braids/internal/tui/map.go:171.26,172.33 1 0
github.com/Ashes47/braids/internal/tui/map.go:173.24,174.33 1 0
github.com/Ashes47/braids/internal/tui/map.go:175.11,176.21 1 1
github.com/Ashes47/braids/internal/tui/map.go:177.13,179.12 2 0
github.com/Ashes47/braids/internal/tui/map.go:181.2,182.15 2 1
github.com/Ashes47/braids/internal/tui/map.go:185.68,186.22 1 4
github.com/Ashes47/braids/internal/tui/map.go:187.13,188.36 1 1
github.com/Ashes47/braids/internal/tui/map.go:189.15,190.22 1 0
github.com/Ashes47/braids/internal/tui/map.go:191.16,192.21 1 0
github.com/Ashes47/braids/internal/tui/map.go:193.19,194.40 1 0
github.com/Ashes47/braids/internal/tui/map.go:194.40,196.4 1 0
github.com/Ashes47/braids/internal/tui/map.go:197.10,198.37 1 3
github.com/Ashes47/braids/internal/tui/map.go:198.37,200.4 1 3
github.com/Ashes47/braids/internal/tui/map.go:202.2,204.15 3 4
github.com/Ashes47/braids/internal/tui/map.go:209.25,210.20 1 5
github.com/Ashes47/braids/internal/tui/map.go:210.20,213.3 2 1
github.com/Ashes47/braids/internal/tui/map.go:214.2,216.26 3 4
github.com/Ashes47/braids/internal/tui/map.go:216.26,219.36 3 7
github.com/Ashes47/braids/internal/tui/map.go:219.36,221.4 1 4
github.com/Ashes47/braids/internal/tui/map.go:225.25,226.32 1 45
github.com/Ashes47/braids/internal/tui/map.go:226.32,228.3 1 16
github.com/Ashes47/braids/internal/tui/map.go:229.2,229.18 1 45
github.com/Ashes47/braids/internal/tui/map.go:229.18,231.3 1 16
github.com/Ashes47/braids/internal/tui/map.go:232.2,233.25 2 45
github.com/Ashes47/braids/internal/tui/map.go:233.25,235.3 1 3
github.com/Ashes47/braids/internal/tui/map.go:236.2,236.28 1 45
github.com/Ashes47/braids/internal/tui/map.go:236.28,238.3 1 3
github.com/Ashes47/braids/internal/tui/map.go:239.2,239.18 1 45
github.com/Ashes47/braids/internal/tui/map.go:239.18,241.3 1 0
github.com/Ashes47/braids/internal/tui/map.go:245.33,247.11 2 69
github.com/Ashes47/braids/internal/tui/map.go:247.11,249.3 1 0
github.com/Ashes47/braids/internal/tui/map.go:250.2,250.10 1 69
github.com/Ashes47/braids/internal/tui/map.go:254.35,256.12 2 63
github.com/Ashes47/braids/internal/tui/map.go:256.12,258.3 1 0
github.com/Ashes47/braids/internal/tui/map.go:259.2,259.10 1 63
github.com/Ashes47/braids/internal/tui/map.go:262.32,272.25 9 8
github.com/Ashes47/braids/internal/tui/map.go:272.25,276.32 4 1
github.com/Ashes47/braids/internal/tui/map.go:276.32,278.4 1 10
github.com/Ashes47/braids/internal/tui/map.go:279.8,281.35 2 7
github.com/Ashes47/braids/internal/tui/map.go:281.35,284.4 2 12
github.com/Ashes47/braids/internal/tui/map.go:285.3,285.47 1 7
github.com/Ashes47/braids/internal/tui/map.go:285.47,287.4 1 65
github.com/Ashes47/braids/internal/tui/map.go:289.2,292.19 4 8
github.com/Ashes47/braids/internal/tui/map.go:295.38,296.20 1 2
github.com/Ashes47/braids/internal/tui/map.go:296.20,298.3 1 2
github.com/Ashes47/braids/internal/tui/map.go:299.2,299.61 1 0
github.com/Ashes47/braids/internal/tui/map.go:302.34,304.26 2 8
github.com/Ashes47/braids/internal/tui/map.go:304.26,305.25 1 14
github.com/Ashes47/braids/internal/tui/map.go:305.25,307.4 1 1
github.com/Ashes47/braids/internal/tui/map.go:309.2,309.10 1 8
github.com/Ashes47/braids/internal/tui/map.go:312.45,314.2 1 38
github.com/Ashes47/braids/internal/tui/map.go:319.55,321.14 2 12
github.com/Ashes47/braids/internal/tui/map.go:321.14,323.3 1 7
github.com/Ashes47/braids/internal/tui/map.go:324.2,324.15 1 5
github.com/Ashes47/braids/internal/tui/map.go:327.55,332.24 4 12
github.com/Ashes47/braids/internal/tui/map.go:332.24,334.3 1 1
github.com/Ashes47/braids/internal/tui/map.go:336.2,337.17 2 12
github.com/Ashes47/braids/internal/tui/map.go:337.17,339.3 1 0
github.com/Ashes47/braids/internal/tui/map.go:342.2,343.29 2 12
github.com/Ashes47/braids/internal/tui/map.go:343.29,345.3 1 2
github.com/Ashes47/braids/internal/tui/map.go:347.2,349.16 3 12
github.com/Ashes47/braids/internal/tui/map.go:349.16,351.28 2 2
github.com/Ashes47/braids/internal/tui/map.go:351.28,353.4 1 1
github.com/Ashes47/braids/internal/tui/map.go:354.3,357.30 4 2
github.com/Ashes47/braids/internal/tui/map.go:359.2,359.19 1 12
github.com/Ashes47/braids/internal/tui/map.go:359.19,364.3 4 2
github.com/Ashes47/braids/internal/tui/map.go:365.2,369.24 5 12
github.com/Ashes47/braids/internal/tui/map.go:369.24,371.3 1 1
github.com/Ashes47/braids/internal/tui/map.go:372.2,381.20 6 12
github.com/Ashes47/braids/internal/tui/map.go:381.20,383.3 1 0
github.com/Ashes47/braids/internal/tui/map.go:384.2,387.20 3 12
github.com/Ashes47/braids/internal/tui/map.go:387.20,389.3 1 1
github.com/Ashes47/braids/internal/tui/map.go:390.2,393.22 3 12
github.com/Ashes47/braids/internal/tui/map.go:397.33,399.16 2 8
github.com/Ashes47/braids/internal/tui/map.go:399.16,401.3 1 1
github.com/Ashes47/braids/internal/tui/map.go:402.2,402.19 1 8
github.com/Ashes47/braids/internal/tui/map.go:402.19,404.3 1 1
github.com/Ashes47/braids/internal/tui/map.go:405.2,409.19 3 8
github.com/Ashes47/braids/internal/tui/map.go:409.19,411.3 1 0
github.com/Ashes47/braids/internal/tui/map.go:412.2,412.88 1 8
github.com/Ashes47/braids/internal/tui/map.go:416.32,417.18 1 7
github.com/Ashes47/braids/internal/tui/map.go:417.18,419.3 1 0
github.com/Ashes47/braids/internal/tui/map.go:420.2,420.15 1 7
github.com/Ashes47/braids/internal/tui/map.go:425.46,428.69 3 16
github.com/Ashes47/braids/internal/tui/map.go:428.69,430.16 2 28
github.com/Ashes47/braids/internal/tui/map.go:430.16,432.12 2 3
github.com/Ashes47/braids/internal/tui/map.go:432.12,434.5 1 2
github.com/Ashes47/braids/internal/tui/map.go:436.3,439.16 3 28
github.com/Ashes47/braids/internal/tui/map.go:439.16,441.12 2 3
github.com/Ashes47/braids/internal/tui/map.go:441.12,443.5 1 2
github.com/Ashes47/braids/internal/tui/map.go:445.3,445.32 1 28
github.com/Ashes47/braids/internal/tui/map.go:445.32,447.4 1 3
github.com/Ashes47/braids/internal/tui/map.go:449.2,449.28 1 16
github.com/Ashes47/braids/internal/tui/map.go:449.28,451.3 1 25
github.com/Ashes47/braids/internal/tui/map.go:452.2,452.12 1 16
github.com/Ashes47/braids/internal/tui/map.go:458.33,459.9 1 16
github.com/Ashes47/braids/internal/tui/map.go:460.18,461.52 1 1
github.com/Ashes47/braids/internal/tui/map.go:462.18,463.52 1 1
github.com/Ashes47/braids/internal/tui/map.go:464.18,465.52 1 1
github.com/Ashes47/braids/internal/tui/map.go:466.10,467.32 1 13
github.com/Ashes47/braids/internal/tui/map.go:475.39,476.9 1 16
github.com/Ashes47/braids/internal/tui/map.go:477.23,478.15 1 1
github.com/Ashes47/braids/internal/tui/map.go:479.21,480.46 1 2
github.com/Ashes47/braids/internal/tui/map.go:481.24,482.44 1 11
github.com/Ashes47/braids/internal/tui/map.go:483.10,484.47 1 2
github.com/Ashes47/braids/internal/tui/map.go:489.51,491.13 2 52
github.com/Ashes47/braids/internal/tui/map.go:491.13,493.3 1 0
github.com/Ashes47/braids/internal/tui/map.go:494.2,494.48 1 52
github.com/Ashes47/braids/internal/tui/map.go:499.43,500.32 1 35
github.com/Ashes47/braids/internal/tui/map.go:500.32,502.3 1 33
github.com/Ashes47/braids/internal/tui/map.go:503.2,503.16 1 2
github.com/Ashes47/braids/internal/tui/map.go:503.16,505.3 1 0
github.com/Ashes47/braids/internal/tui/map.go:506.2,508.22 3 2
github.com/Ashes47/braids/internal/tui/map.go:508.22,510.23 2 12
github.com/Ashes47/braids/internal/tui/map.go:510.23,511.9 1 2
github.com/Ashes47/braids/internal/tui/map.go:513.3,514.12 2 10
github.com/Ashes47/braids/internal/tui/map.go:516.2,516.27 1 2
github.com/Ashes47/braids/internal/tui/map.go:519.43,520.47 1 211
github.com/Ashes47/braids/internal/tui/map.go:520.47,522.3 1 198
github.com/Ashes47/braids/internal/tui/map.go:523.2,523.10 1 13
github.com/Ashes47/braids/internal/tui/map.go:526.42,527.47 1 112
github.com/Ashes47/braids/internal/tui/map.go:527.47,529.3 1 103
github.com/Ashes47/braids/internal/tui/map.go:530.2,530.10 1 9
github.com/Ashes47/braids/internal/tui/run.go:16.68,17.27 1 0
github.com/Ashes47/braids/internal/tui/run.go:17.27,19.3 1 0
github.com/Ashes47/braids/internal/tui/run.go:20.2,21.16 2 0
github.com/Ashes47/braids/internal/tui/run.go:21.16,23.3 1 0
github.com/Ashes47/braids/internal/tui/run.go:24.2,24.27 1 0
github.com/Ashes47/braids/internal/tui/run.go:24.27,26.3 1 0
github.com/Ashes47/braids/internal/tui/run.go:27.2,27.94 1 0
github.com/Ashes47/braids/internal/tui/run.go:27.94,29.3 1 0
github.com/Ashes47/braids/internal/tui/run.go:30.2,30.12 1 0
github.com/Ashes47/braids/internal/tui/run.go:36.90,40.18 4 0
github.com/Ashes47/braids/internal/tui/run.go:40.18,42.3 1 0
github.com/Ashes47/braids/internal/tui/run.go:43.2,43.30 1 0
github.com/Ashes47/braids/internal/tui/run.go:43.30,44.48 1 0
github.com/Ashes47/braids/internal/tui/run.go:44.48,46.9 2 0
github.com/Ashes47/braids/internal/tui/run.go:49.2,50.20 2 0
github.com/Ashes47/braids/internal/tui/run.go:50.20,52.3 1 0
github.com/Ashes47/braids/internal/tui/run.go:53.2,53.24 1 0
github.com/Ashes47/braids/internal/tui/run.go:57.94,58.54 1 0
github.com/Ashes47/braids/internal/tui/run.go:58.54,60.17 2 0
github.com/Ashes47/braids/internal/tui/run.go:60.17,62.4 1 0
github.com/Ashes47/braids/internal/tui/run.go:63.3,63.32 1 0
github.com/Ashes47/braids/internal/tui/run.go:69.74,71.16 2 0
github.com/Ashes47/braids/internal/tui/run.go:71.16,73.3 1 0
github.com/Ashes47/braids/internal/tui/run.go:74.2,75.16 2 0
github.com/Ashes47/braids/internal/tui/run.go:75.16,77.3 1 0
github.com/Ashes47/braids/internal/tui/run.go:78.2,79.16 2 0
github.com/Ashes47/braids/internal/tui/run.go:79.16,81.3 1 0
github.com/Ashes47/braids/internal/tui/run.go:82.2,82.53 1 0
github.com/Ashes47/braids/internal/tui/spineview.go:25.34,26.47 1 6
github.com/Ashes47/braids/internal/tui/spineview.go:26.47,28.3 1 0
github.com/Ashes47/braids/internal/tui/spineview.go:29.2,33.10 5 6
github.com/Ashes47/braids/internal/tui/spineview.go:36.51,38.13 2 1
github.com/Ashes47/braids/internal/tui/spineview.go:39.39,41.16 2 1
github.com/Ashes47/braids/internal/tui/spineview.go:42.19,43.13 1 0
github.com/Ashes47/braids/internal/tui/spineview.go:44.17,45.13 1 0
github.com/Ashes47/braids/internal/tui/spineview.go:46.19,47.15 1 0
github.com/Ashes47/braids/internal/tui/spineview.go:48.18,49.29 1 0
github.com/Ashes47/braids/internal/tui/spineview.go:50.26,51.33 1 0
github.com/Ashes47/braids/internal/tui/spineview.go:52.24,53.33 1 0
github.com/Ashes47/braids/internal/tui/spineview.go:54.11,55.47 1 0
github.com/Ashes47/braids/internal/tui/spineview.go:56.11,57.48 1 0
github.com/Ashes47/braids/internal/tui/spineview.go:58.10,59.18 1 0
github.com/Ashes47/braids/internal/tui/spineview.go:61.2,62.16 2 1
github.com/Ashes47/braids/internal/tui/spineview.go:65.30,67.14 2 1
github.com/Ashes47/braids/internal/tui/spineview.go:67.14,69.3 1 1
github.com/Ashes47/braids/internal/tui/spineview.go:70.2,70.29 1 0
github.com/Ashes47/braids/internal/tui/spineview.go:70.29,72.3 1 0
github.com/Ashes47/braids/internal/tui/spineview.go:73.2,73.18 1 0
github.com/Ashes47/braids/internal/tui/spineview.go:73.18,75.3 1 0
github.com/Ashes47/braids/internal/tui/spineview.go:76.2,77.25 2 0
github.com/Ashes47/braids/internal/tui/spineview.go:77.25,79.3 1 0
github.com/Ashes47/braids/internal/tui/spineview.go:80.2,80.28 1 0
github.com/Ashes47/braids/internal/tui/spineview.go:80.28,82.3 1 0
github.com/Ashes47/braids/internal/tui/spineview.go:83.2,83.18 1 0
github.com/Ashes47/braids/internal/tui/spineview.go:83.18,85.3 1 0
github.com/Ashes47/braids/internal/tui/spineview.go:88.37,99.9 10 5
github.com/Ashes47/braids/internal/tui/spineview.go:100.20,103.32 3 1
github.com/Ashes47/braids/internal/tui/spineview.go:103.32,105.4 1 10
github.com/Ashes47/braids/internal/tui/spineview.go:106.24,109.32 3 1
github.com/Ashes47/braids/internal/tui/spineview.go:109.32,111.4 1 10
github.com/Ashes47/braids/internal/tui/spineview.go:112.10,114.35 2 3
github.com/Ashes47/braids/internal/tui/spineview.go:114.35,117.4 2 12
github.com/Ashes47/braids/internal/tui/spineview.go:118.3,118.47 1 3
github.com/Ashes47/braids/internal/tui/spineview.go:118.47,120.4 1 21
github.com/Ashes47/braids/internal/tui/spineview.go:122.2,125.19 4 5
github.com/Ashes47/braids/internal/tui/spineview.go:128.36,130.16 2 5
github.com/Ashes47/braids/internal/tui/spineview.go:130.16,132.3 1 0
github.com/Ashes47/braids/internal/tui/spineview.go:133.2,133.76 1 5
github.com/Ashes47/braids/internal/tui/spineview.go:137.35,139.35 2 5
github.com/Ashes47/braids/internal/tui/spineview.go:139.35,140.30 1 12
github.com/Ashes47/braids/internal/tui/spineview.go:140.30,143.4 2 3
github.com/Ashes47/braids/internal/tui/spineview.go:145.2,157.34 3 5
github.com/Ashes47/braids/internal/tui/spineview.go:160.38,163.19 3 5
github.com/Ashes47/braids/internal/tui/spineview.go:163.19,165.3 1 0
github.com/Ashes47/braids/internal/tui/spineview.go:166.2,166.103 1 5
github.com/Ashes47/braids/internal/tui/spineview.go:175.71,177.14 2 12
github.com/Ashes47/braids/internal/tui/spineview.go:177.14,179.3 1 3
github.com/Ashes47/braids/internal/tui/spineview.go:180.2,180.15 1 9
github.com/Ashes47/braids/internal/tui/spineview.go:183.71,187.37 3 12
github.com/Ashes47/braids/internal/tui/spineview.go:187.37,189.3 1 3
github.com/Ashes47/braids/internal/tui/spineview.go:190.2,194.19 3 12
github.com/Ashes47/braids/internal/tui/spineview.go:194.19,196.3 1 0
github.com/Ashes47/braids/internal/tui/spineview.go:198.2,200.18 3 12
github.com/Ashes47/braids/internal/tui/spineview.go:201.20,203.59 2 3
github.com/Ashes47/braids/internal/tui/spineview.go:204.10,207.33 3 9
github.com/Ashes47/braids/internal/tui/spineview.go:207.33,209.4 1 6
github.com/Ashes47/braids/internal/tui/spineview.go:210.3,211.58 2 9
github.com/Ashes47/braids/internal/tui/spineview.go:211.58,214.4 2 0
github.com/Ashes47/braids/internal/tui/spineview.go:216.2,226.22 6 12
github.com/Ashes47/braids/internal/tui/spineview.go:232.61,233.34 1 5
github.com/Ashes47/braids/internal/tui/spineview.go:233.34,235.35 2 7
github.com/Ashes47/braids/internal/tui/spineview.go:235.35,237.4 1 4
github.com/Ashes47/braids/internal/tui/spineview.go:239.2,239.13 1 1
github.com/Ashes47/braids/internal/tui/spineview.go:243.42,245.30 2 3
github.com/Ashes47/braids/internal/tui/spineview.go:245.30,246.22 1 6
github.com/Ashes47/braids/internal/tui/spineview.go:246.22,247.9 1 0
github.com/Ashes47/braids/internal/tui/spineview.go:249.3,249.63 1 6
github.com/Ashes47/braids/internal/tui/spineview.go:251.2,251.36 1 3
github.com/Ashes47/braids/internal/tui/spineview.go:254.31,254.78 1 12
github.com/Ashes47/braids/internal/tui/theme.go:37.35,38.11 1 16
github.com/Ashes47/braids/internal/tui/theme.go:38.11,40.3 1 16
github.com/Ashes47/braids/internal/tui/theme.go:41.2,41.133 1 0
github.com/Ashes47/braids/internal/tui/theme.go:69.41,71.45 2 15
github.com/Ashes47/braids/internal/tui/theme.go:71.45,71.63 1 105
github.com/Ashes47/braids/internal/tui/theme.go:73.2,102.3 8 15
