mode: atomic
github.com/Ashes47/braids/internal/core/store/claudecode/birthtime_darwin.go:13.44,15.9 2 7
github.com/Ashes47/braids/internal/core/store/claudecode/birthtime_darwin.go:15.9,17.3 1 0
github.com/Ashes47/braids/internal/core/store/claudecode/birthtime_darwin.go:18.2,18.63 1 7
github.com/Ashes47/braids/internal/core/store/claudecode/claudecode.go:33.31,33.61 1 6
github.com/Ashes47/braids/internal/core/store/claudecode/claudecode.go:36.36,38.16 2 0
github.com/Ashes47/braids/internal/core/store/claudecode/claudecode.go:38.16,40.3 1 0
github.com/Ashes47/braids/internal/core/store/claudecode/claudecode.go:41.2,41.56 1 0
github.com/Ashes47/braids/internal/core/store/claudecode/claudecode.go:45.32,45.55 1 7
github.com/Ashes47/braids/internal/core/store/claudecode/claudecode.go:48.52,55.2 1 0
github.com/Ashes47/braids/internal/core/store/claudecode/claudecode.go:60.67,62.16 2 6
github.com/Ashes47/braids/internal/core/store/claudecode/claudecode.go:62.16,64.3 1 0
github.com/Ashes47/braids/internal/core/store/claudecode/claudecode.go:65.2,66.35 2 6
github.com/Ashes47/braids/internal/core/store/claudecode/claudecode.go:66.35,67.23 1 6
github.com/Ashes47/braids/internal/core/store/claudecode/claudecode.go:67.23,68.12 1 0
github.com/Ashes47/braids/internal/core/store/claudecode/claudecode.go:70.3,72.17 3 6
github.com/Ashes47/braids/internal/core/store/claudecode/claudecode.go:72.17,74.4 1 0
github.com/Ashes47/braids/internal/core/store/claudecode/claudecode.go:75.3,75.29 1 6
github.com/Ashes47/braids/internal/core/store/claudecode/claudecode.go:75.29,76.36 1 8
github.com/Ashes47/braids/internal/core/store/claudecode/claudecode.go:76.36,78.5 1 0
github.com/Ashes47/braids/internal/core/store/claudecode/claudecode.go:79.4,79.59 1 8
github.com/Ashes47/braids/internal/core/store/claudecode/claudecode.go:79.59,80.13 1 1
github.com/Ashes47/braids/internal/core/store/claudecode/claudecode.go:82.4,83.18 2 7
github.com/Ashes47/braids/internal/core/store/claudecode/claudecode.go:83.18,85.5 1 0
github.com/Ashes47/braids/internal/core/store/claudecode/claudecode.go:86.4,96.49 3 7
github.com/Ashes47/braids/internal/core/store/claudecode/claudecode.go:96.49,98.5 1 7
github.com/Ashes47/braids/internal/core/store/claudecode/claudecode.go:99.4,99.31 1 7
github.com/Ashes47/braids/internal/core/store/claudecode/claudecode.go:102.2,102.19 1 6
github.com/Ashes47/braids/internal/core/store/claudecode/claudecode.go:107.90,109.16 2 5
github.com/Ashes47/braids/internal/core/store/claudecode/claudecode.go:109.16,111.3 1 0
github.com/Ashes47/braids/internal/core/store/claudecode/claudecode.go:112.2,122.16 4 5
github.com/Ashes47/braids/internal/core/store/claudecode/claudecode.go:122.16,123.35 1 19
github.com/Ashes47/braids/internal/core/store/claudecode/claudecode.go:123.35,125.4 1 0
github.com/Ashes47/braids/internal/core/store/claudecode/claudecode.go:126.3,127.56 2 19
github.com/Ashes47/braids/internal/core/store/claudecode/claudecode.go:127.56,128.12 1 1
github.com/Ashes47/braids/internal/core/store/claudecode/claudecode.go:130.3,130.19 1 18
github.com/Ashes47/braids/internal/core/store/claudecode/claudecode.go:130.19,131.12 1 1
github.com/Ashes47/braids/internal/core/store/claudecode/claudecode.go:133.3,135.10 3 17
github.com/Ashes47/braids/internal/core/store/claudecode/claudecode.go:135.10,137.12 2 6
github.com/Ashes47/braids/internal/core/store/claudecode/claudecode.go:139.3,141.36 3 11
github.com/Ashes47/braids/internal/core/store/claudecode/claudecode.go:141.36,143.4 1 1
github.com/Ashes47/braids/internal/core/store/claudecode/claudecode.go:145.2,145.33 1 4
github.com/Ashes47/braids/internal/core/store/claudecode/claudecode.go:145.33,147.3 1 0
github.com/Ashes47/braids/internal/core/store/claudecode/claudecode.go:148.2,148.12 1 4
github.com/Ashes47/braids/internal/core/store/claudecode/claudecode.go:151.44,155.2 3 12
github.com/Ashes47/braids/internal/core/store/claudecode/claudecode.go:159.38,161.21 2 7
github.com/Ashes47/braids/internal/core/store/claudecode/claudecode.go:161.21,163.3 1 0
github.com/Ashes47/braids/internal/core/store/claudecode/claudecode.go:164.2,164.28 1 7
github.com/Ashes47/braids/internal/core/store/claudecode/claudecode.go:169.45,171.16 2 7
github.com/Ashes47/braids/internal/core/store/claudecode/claudecode.go:171.16,173.3 1 0
github.com/Ashes47/braids/internal/core/store/claudecode/claudecode.go:174.2,178.16 4 7
github.com/Ashes47/braids/internal/core/store/claudecode/claudecode.go:178.16,180.26 2 24
github.com/Ashes47/braids/internal/core/store/claudecode/claudecode.go:180.26,181.12 1 20
github.com/Ashes47/braids/internal/core/store/claudecode/claudecode.go:183.3,184.50 2 4
github.com/Ashes47/braids/internal/core/store/claudecode/claudecode.go:184.50,185.12 1 0
github.com/Ashes47/braids/internal/core/store/claudecode/claudecode.go:187.3,187.10 1 4
github.com/Ashes47/braids/internal/core/store/claudecode/claudecode.go:188.28,189.26 1 1
github.com/Ashes47/braids/internal/core/store/claudecode/claudecode.go:190.24,191.18 1 2
github.com/Ashes47/braids/internal/core/store/claudecode/claudecode.go:192.26,193.23 1 1
github.com/Ashes47/braids/internal/core/store/claudecode/claudecode.go:196.2,196.33 1 7
github.com/Ashes47/braids/internal/core/store/claudecode/claudecode.go:196.33,198.3 1 0
github.com/Ashes47/braids/internal/core/store/claudecode/claudecode.go:199.2,199.46 1 7
github.com/Ashes47/braids/internal/core/store/claudecode/claudecode.go:202.37,203.31 1 24
github.com/Ashes47/braids/internal/core/store/claudecode/claudecode.go:203.31,204.30 1 45
github.com/Ashes47/braids/internal/core/store/claudecode/claudecode.go:204.30,206.4 1 4
github.com/Ashes47/braids/internal/core/store/claudecode/claudecode.go:208.2,208.14 1 20
github.com/Ashes47/braids/internal/core/store/claudecode/claudecode.go:211.43,212.25 1 7
github.com/Ashes47/braids/internal/core/store/claudecode/claudecode.go:212.25,213.14 1 18
github.com/Ashes47/braids/internal/core/store/claudecode/claudecode.go:213.14,215.4 1 3
github.com/Ashes47/braids/internal/core/store/claudecode/claudecode.go:217.2,217.11 1 4
github.com/Ashes47/braids/internal/core/store/claudecode/claudecode.go:252.64,253.50 1 17
github.com/Ashes47/braids/internal/core/store/claudecode/claudecode.go:253.50,255.3 1 6
github.com/Ashes47/braids/internal/core/store/claudecode/claudecode.go:256.2,257.16 2 11
github.com/Ashes47/braids/internal/core/store/claudecode/claudecode.go:258.14,259.24 1 8
github.com/Ashes47/braids/internal/core/store/claudecode/claudecode.go:260.19,261.29 1 3
github.com/Ashes47/braids/internal/core/store/claudecode/claudecode.go:262.10,263.32 1 0
github.com/Ashes47/braids/internal/core/store/claudecode/claudecode.go:265.2,266.21 2 11
github.com/Ashes47/braids/internal/core/store/claudecode/claudecode.go:266.21,268.3 1 0
github.com/Ashes47/braids/internal/core/store/claudecode/claudecode.go:269.2,276.9 2 11
github.com/Ashes47/braids/internal/core/store/claudecode/claudecode.go:283.35,284.25 1 17
github.com/Ashes47/braids/internal/core/store/claudecode/claudecode.go:284.25,286.3 1 9
github.com/Ashes47/braids/internal/core/store/claudecode/claudecode.go:287.2,287.32 1 8
github.com/Ashes47/braids/internal/core/store/claudecode/claudecode.go:287.32,289.3 1 2
github.com/Ashes47/braids/internal/core/store/claudecode/claudecode.go:290.2,290.11 1 6
github.com/Ashes47/braids/internal/core/store/claudecode/claudecode.go:295.51,296.19 1 11
github.com/Ashes47/braids/internal/core/store/claudecode/claudecode.go:296.19,298.3 1 0
github.com/Ashes47/braids/internal/core/store/claudecode/claudecode.go:299.2,300.51 2 11
github.com/Ashes47/braids/internal/core/store/claudecode/claudecode.go:300.51,301.36 1 6
github.com/Ashes47/braids/internal/core/store/claudecode/claudecode.go:301.36,303.4 1 0
github.com/Ashes47/braids/internal/core/store/claudecode/claudecode.go:304.3,304.58 1 6
github.com/Ashes47/braids/internal/core/store/claudecode/claudecode.go:306.2,307.53 2 5
github.com/Ashes47/braids/internal/core/store/claudecode/claudecode.go:307.53,309.3 1 0
github.com/Ashes47/braids/internal/core/store/claudecode/claudecode.go:310.2,311.27 2 5
github.com/Ashes47/braids/internal/core/store/claudecode/claudecode.go:311.27,312.30 1 7
github.com/Ashes47/braids/internal/core/store/claudecode/claudecode.go:312.30,314.4 1 7
github.com/Ashes47/braids/internal/core/store/claudecode/claudecode.go:316.2,316.14 1 5
github.com/Ashes47/braids/internal/core/store/claudecode/claudecode.go:319.44,320.16 1 7
github.com/Ashes47/braids/internal/core/store/claudecode/claudecode.go:321.14,322.38 1 3
github.com/Ashes47/braids/internal/core/store/claudecode/claudecode.go:322.38,324.4 1 0
github.com/Ashes47/braids/internal/core/store/claudecode/claudecode.go:325.3,325.62 1 3
github.com/Ashes47/braids/internal/core/store/claudecode/claudecode.go:326.18,327.42 1 1
github.com/Ashes47/braids/internal/core/store/claudecode/claudecode.go:327.42,329.4 1 0
github.com/Ashes47/braids/internal/core/store/claudecode/claudecode.go:330.3,330.70 1 1
github.com/Ashes47/braids/internal/core/store/claudecode/claudecode.go:331.18,332.88 1 1
github.com/Ashes47/braids/internal/core/store/claudecode/claudecode.go:333.21,335.17 2 2
github.com/Ashes47/braids/internal/core/store/claudecode/claudecode.go:335.17,337.4 1 0
github.com/Ashes47/braids/internal/core/store/claudecode/claudecode.go:338.3,338.66 1 2
github.com/Ashes47/braids/internal/core/store/claudecode/claudecode.go:339.10,340.29 1 0
github.com/Ashes47/braids/internal/core/store/claudecode/claudecode.go:345.42,346.19 1 2
github.com/Ashes47/braids/internal/core/store/claudecode/claudecode.go:346.19,348.3 1 0
github.com/Ashes47/braids/internal/core/store/claudecode/claudecode.go:349.2,350.51 2 2
github.com/Ashes47/braids/internal/core/store/claudecode/claudecode.go:350.51,352.3 1 1
github.com/Ashes47/braids/internal/core/store/claudecode/claudecode.go:353.2,354.53 2 1
github.com/Ashes47/braids/internal/core/store/claudecode/claudecode.go:354.53,356.3 1 0
github.com/Ashes47/braids/internal/core/store/claudecode/claudecode.go:357.2,358.29 2 1
github.com/Ashes47/braids/internal/core/store/claudecode/claudecode.go:358.29,359.21 1 1
github.com/Ashes47/braids/internal/core/store/claudecode/claudecode.go:359.21,360.12 1 0
github.com/Ashes47/braids/internal/core/store/claudecode/claudecode.go:362.3,362.18 1 1
github.com/Ashes47/braids/internal/core/store/claudecode/claudecode.go:362.18,364.4 1 0
github.com/Ashes47/braids/internal/core/store/claudecode/claudecode.go:365.3,365.26 1 1
github.com/Ashes47/braids/internal/core/store/claudecode/claudecode.go:367.2,367.19 1 1
github.com/Ashes47/braids/internal/core/index/index.go:118.40,120.16 2 5
github.com/Ashes47/braids/internal/core/index/index.go:120.16,122.3 1 0
github.com/Ashes47/braids/internal/core/index/index.go:123.2,126.4 1 5
github.com/Ashes47/braids/internal/core/index/index.go:126.4,127.44 1 10
github.com/Ashes47/braids/internal/core/index/index.go:127.44,129.4 1 0
github.com/Ashes47/braids/internal/core/index/index.go:131.2,131.36 1 5
github.com/Ashes47/braids/internal/core/index/index.go:131.36,133.3 1 0
github.com/Ashes47/braids/internal/core/index/index.go:134.2,134.28 1 5
github.com/Ashes47/braids/internal/core/index/index.go:140.32,142.74 2 5
github.com/Ashes47/braids/internal/core/index/index.go:142.74,144.3 1 0
github.com/Ashes47/braids/internal/core/index/index.go:145.2,145.30 1 5
github.com/Ashes47/braids/internal/core/index/index.go:145.30,146.45 1 5
github.com/Ashes47/braids/internal/core/index/index.go:146.45,148.4 1 0
github.com/Ashes47/braids/internal/core/index/index.go:150.2,150.43 1 5
github.com/Ashes47/braids/internal/core/index/index.go:150.43,152.3 1 0
github.com/Ashes47/braids/internal/core/index/index.go:153.2,153.89 1 5
github.com/Ashes47/braids/internal/core/index/index.go:153.89,155.3 1 0
github.com/Ashes47/braids/internal/core/index/index.go:156.2,156.12 1 5
github.com/Ashes47/braids/internal/core/index/index.go:160.32,160.56 1 5
github.com/Ashes47/braids/internal/core/index/index.go:165.80,168.16 3 6
github.com/Ashes47/braids/internal/core/index/index.go:168.16,170.3 1 0
github.com/Ashes47/braids/internal/core/index/index.go:172.2,173.16 2 6
github.com/Ashes47/braids/internal/core/index/index.go:173.16,175.3 1 0
github.com/Ashes47/braids/internal/core/index/index.go:176.2,178.98 2 6
github.com/Ashes47/braids/internal/core/index/index.go:178.98,179.54 1 18
github.com/Ashes47/braids/internal/core/index/index.go:179.54,181.4 1 0
github.com/Ashes47/braids/internal/core/index/index.go:183.2,186.16 2 6
github.com/Ashes47/braids/internal/core/index/index.go:186.16,188.3 1 0
github.com/Ashes47/braids/internal/core/index/index.go:189.2,192.16 3 6
github.com/Ashes47/braids/internal/core/index/index.go:192.16,194.3 1 0
github.com/Ashes47/braids/internal/core/index/index.go:195.2,199.16 3 6
github.com/Ashes47/braids/internal/core/index/index.go:199.16,201.3 1 0
github.com/Ashes47/braids/internal/core/index/index.go:202.2,205.29 3 6
github.com/Ashes47/braids/internal/core/index/index.go:205.29,207.62 2 13
github.com/Ashes47/braids/internal/core/index/index.go:207.62,211.84 3 20
github.com/Ashes47/braids/internal/core/index/index.go:211.84,213.5 1 0
github.com/Ashes47/braids/internal/core/index/index.go:214.4,214.30 1 20
github.com/Ashes47/braids/internal/core/index/index.go:214.30,215.40 1 30
github.com/Ashes47/braids/internal/core/index/index.go:215.40,216.14 1 5
github.com/Ashes47/braids/internal/core/index/index.go:218.5,219.71 1 25
github.com/Ashes47/braids/internal/core/index/index.go:219.71,221.6 1 0
github.com/Ashes47/braids/internal/core/index/index.go:222.5,223.16 2 25
github.com/Ashes47/braids/internal/core/index/index.go:225.4,225.14 1 20
github.com/Ashes47/braids/internal/core/index/index.go:227.3,227.17 1 13
github.com/Ashes47/braids/internal/core/index/index.go:227.17,229.4 1 0
github.com/Ashes47/braids/internal/core/index/index.go:230.3,232.48 1 13
github.com/Ashes47/braids/internal/core/index/index.go:232.48,234.4 1 0
github.com/Ashes47/braids/internal/core/index/index.go:236.2,236.36 1 6
github.com/Ashes47/braids/internal/core/index/index.go:236.36,238.3 1 0
github.com/Ashes47/braids/internal/core/index/index.go:239.2,240.19 2 6
github.com/Ashes47/braids/internal/core/index/index.go:244.70,245.37 1 5
github.com/Ashes47/braids/internal/core/index/index.go:245.37,247.3 1 1
github.com/Ashes47/braids/internal/core/index/index.go:248.2,249.16 2 4
github.com/Ashes47/braids/internal/core/index/index.go:249.16,251.3 1 4
github.com/Ashes47/braids/internal/core/index/index.go:253.2,257.18 2 4
github.com/Ashes47/braids/internal/core/index/index.go:257.18,260.3 2 1
github.com/Ashes47/braids/internal/core/index/index.go:261.2,261.22 1 4
github.com/Ashes47/braids/internal/core/index/index.go:261.22,263.29 2 1
github.com/Ashes47/braids/internal/core/index/index.go:263.29,266.4 2 1
github.com/Ashes47/braids/internal/core/index/index.go:267.3,267.72 1 1
github.com/Ashes47/braids/internal/core/index/index.go:269.2,280.16 4 4
github.com/Ashes47/braids/internal/core/index/index.go:280.16,282.3 1 0
github.com/Ashes47/braids/internal/core/index/index.go:283.2,286.18 3 4
github.com/Ashes47/braids/internal/core/index/index.go:286.18,291.56 4 6
github.com/Ashes47/braids/internal/core/index/index.go:291.56,293.4 1 0
github.com/Ashes47/braids/internal/core/index/index.go:294.3,297.25 4 6
github.com/Ashes47/braids/internal/core/index/index.go:299.2,299.35 1 4
github.com/Ashes47/braids/internal/core/index/index.go:299.35,301.3 1 0
github.com/Ashes47/braids/internal/core/index/index.go:302.2,302.18 1 4
github.com/Ashes47/braids/internal/core/index/index.go:318.89,322.16 2 0
github.com/Ashes47/braids/internal/core/index/index.go:322.16,324.3 1 0
github.com/Ashes47/braids/internal/core/index/index.go:325.2,328.18 3 0
github.com/Ashes47/braids/internal/core/index/index.go:328.18,332.97 4 0
github.com/Ashes47/braids/internal/core/index/index.go:332.97,334.4 1 0
github.com/Ashes47/braids/internal/core/index/index.go:335.3,337.23 3 0
github.com/Ashes47/braids/internal/core/index/index.go:339.2,339.35 1 0
github.com/Ashes47/braids/internal/core/index/index.go:339.35,341.3 1 0
github.com/Ashes47/braids/internal/core/index/index.go:342.2,342.17 1 0
github.com/Ashes47/braids/internal/core/index/index.go:351.40,353.35 2 20
github.com/Ashes47/braids/internal/core/index/index.go:353.35,355.3 1 0
github.com/Ashes47/braids/internal/core/index/index.go:356.2,357.28 2 20
github.com/Ashes47/braids/internal/core/index/index.go:357.28,359.3 1 0
github.com/Ashes47/braids/internal/core/index/index.go:360.2,360.13 1 20
github.com/Ashes47/braids/internal/core/index/index.go:364.38,367.28 3 20
github.com/Ashes47/braids/internal/core/index/index.go:367.28,368.66 1 30
github.com/Ashes47/braids/internal/core/index/index.go:368.66,369.12 1 25
github.com/Ashes47/braids/internal/core/index/index.go:371.3,372.32 2 5
github.com/Ashes47/braids/internal/core/index/index.go:374.2,374.33 1 20
github.com/Ashes47/braids/internal/core/index/index.go:379.67,386.16 2 1
github.com/Ashes47/braids/internal/core/index/index.go:386.16,388.3 1 0
github.com/Ashes47/braids/internal/core/index/index.go:389.2,392.18 3 1
github.com/Ashes47/braids/internal/core/index/index.go:392.18,394.68 2 2
github.com/Ashes47/braids/internal/core/index/index.go:394.68,396.4 1 0
github.com/Ashes47/braids/internal/core/index/index.go:397.3,397.23 1 2
github.com/Ashes47/braids/internal/core/index/index.go:399.2,399.35 1 1
github.com/Ashes47/braids/internal/core/index/index.go:399.35,401.3 1 0
github.com/Ashes47/braids/internal/core/index/index.go:402.2,402.17 1 1
github.com/Ashes47/braids/internal/core/index/index.go:408.81,411.16 2 0
github.com/Ashes47/braids/internal/core/index/index.go:411.16,413.3 1 0
github.com/Ashes47/braids/internal/core/index/index.go:414.2,417.18 3 0
github.com/Ashes47/braids/internal/core/index/index.go:417.18,420.47 3 0
github.com/Ashes47/braids/internal/core/index/index.go:420.47,422.4 1 0
github.com/Ashes47/braids/internal/core/index/index.go:423.3,423.50 1 0
github.com/Ashes47/braids/internal/core/index/index.go:425.2,425.35 1 0
github.com/Ashes47/braids/internal/core/index/index.go:425.35,427.3 1 0
github.com/Ashes47/braids/internal/core/index/index.go:428.2,428.17 1 0
github.com/Ashes47/braids/internal/core/index/index.go:432.65,435.16 2 2
github.com/Ashes47/braids/internal/core/index/index.go:435.16,437.3 1 0
github.com/Ashes47/braids/internal/core/index/index.go:438.2,441.18 3 2
github.com/Ashes47/braids/internal/core/index/index.go:441.18,445.68 3 4
github.com/Ashes47/braids/internal/core/index/index.go:445.68,447.4 1 0
github.com/Ashes47/braids/internal/core/index/index.go:448.3,448.18 1 4
github.com/Ashes47/braids/internal/core/index/index.go:448.18,450.4 1 0
github.com/Ashes47/braids/internal/core/index/index.go:451.3,452.27 2 4
github.com/Ashes47/braids/internal/core/index/index.go:454.2,454.35 1 2
github.com/Ashes47/braids/internal/core/index/index.go:454.35,456.3 1 0
github.com/Ashes47/braids/internal/core/index/index.go:457.2,457.19 1 2
github.com/Ashes47/braids/internal/core/index/index.go:461.36,462.16 1 13
github.com/Ashes47/braids/internal/core/index/index.go:462.16,464.3 1 13
github.com/Ashes47/braids/internal/core/index/index.go:465.2,465.17 1 0
github.com/Ashes47/braids/internal/core/index/index.go:470.30,471.36 1 11
github.com/Ashes47/braids/internal/core/index/index.go:471.36,473.3 1 3
github.com/Ashes47/braids/internal/core/index/index.go:474.2,474.38 1 8
github.com/Ashes47/braids/internal/core/index/index.go:474.38,475.12 1 10
github.com/Ashes47/braids/internal/core/index/index.go:476.27,477.15 1 1
github.com/Ashes47/braids/internal/core/index/index.go:479.3,479.36 1 9
github.com/Ashes47/braids/internal/core/index/index.go:479.36,481.4 1 0
github.com/Ashes47/braids/internal/core/index/index.go:483.2,483.14 1 7
github.com/Ashes47/braids/internal/core/index/index.go:489.34,491.17 2 11
github.com/Ashes47/braids/internal/core/index/index.go:491.17,493.3 1 4
github.com/Ashes47/braids/internal/core/index/index.go:494.2,496.27 3 7
github.com/Ashes47/braids/internal/core/index/index.go:496.27,498.3 1 8
github.com/Ashes47/braids/internal/core/index/index.go:499.2,499.34 1 7
github.com/Ashes47/braids/internal/core/graph/graph.go:50.104,52.26 2 4
github.com/Ashes47/braids/internal/core/graph/graph.go:52.26,54.3 1 9
github.com/Ashes47/braids/internal/core/graph/graph.go:58.2,59.55 2 4
github.com/Ashes47/braids/internal/core/graph/graph.go:59.55,61.29 2 5
github.com/Ashes47/braids/internal/core/graph/graph.go:61.29,62.12 1 1
github.com/Ashes47/braids/internal/core/graph/graph.go:64.3,67.25 4 4
github.com/Ashes47/braids/internal/core/graph/graph.go:70.2,71.15 2 4
github.com/Ashes47/braids/internal/core/graph/graph.go:76.82,78.29 2 4
github.com/Ashes47/braids/internal/core/graph/graph.go:78.29,79.35 1 24
github.com/Ashes47/braids/internal/core/graph/graph.go:79.35,81.4 1 24
github.com/Ashes47/braids/internal/core/graph/graph.go:84.2,85.34 2 4
github.com/Ashes47/braids/internal/core/graph/graph.go:85.34,86.24 1 8
github.com/Ashes47/braids/internal/core/graph/graph.go:86.24,87.40 1 24
github.com/Ashes47/braids/internal/core/graph/graph.go:87.40,89.29 2 36
github.com/Ashes47/braids/internal/core/graph/graph.go:89.29,90.14 1 6
github.com/Ashes47/braids/internal/core/graph/graph.go:92.5,92.28 1 30
github.com/Ashes47/braids/internal/core/graph/graph.go:92.28,94.6 1 26
github.com/Ashes47/braids/internal/core/graph/graph.go:95.5,97.17 3 30
github.com/Ashes47/braids/internal/core/graph/graph.go:97.17,100.6 2 5
github.com/Ashes47/braids/internal/core/graph/graph.go:101.5,103.32 3 30
github.com/Ashes47/braids/internal/core/graph/graph.go:107.2,107.14 1 4
github.com/Ashes47/braids/internal/core/graph/graph.go:112.126,113.41 1 5
github.com/Ashes47/braids/internal/core/graph/graph.go:113.41,113.68 1 0
github.com/Ashes47/braids/internal/core/graph/graph.go:114.2,114.41 1 5
github.com/Ashes47/braids/internal/core/graph/graph.go:114.41,114.68 1 5
github.com/Ashes47/braids/internal/core/graph/graph.go:116.2,119.79 2 5
github.com/Ashes47/braids/internal/core/graph/graph.go:119.79,120.34 1 4
github.com/Ashes47/braids/internal/core/graph/graph.go:120.34,122.4 1 0
github.com/Ashes47/braids/internal/core/graph/graph.go:123.3,123.18 1 4
github.com/Ashes47/braids/internal/core/graph/graph.go:127.2,129.9 3 1
github.com/Ashes47/braids/internal/core/graph/graph.go:130.31,131.18 1 0
github.com/Ashes47/braids/internal/core/graph/graph.go:132.31,133.18 1 1
github.com/Ashes47/braids/internal/core/graph/graph.go:138.2,138.9 1 0
github.com/Ashes47/braids/internal/core/graph/graph.go:139.32,140.30 1 0
github.com/Ashes47/braids/internal/core/graph/graph.go:140.30,142.4 1 0
github.com/Ashes47/braids/internal/core/graph/graph.go:143.3,143.18 1 0
github.com/Ashes47/braids/internal/core/graph/graph.go:144.35,145.18 1 0
github.com/Ashes47/braids/internal/core/graph/graph.go:146.10,147.18 1 0
github.com/Ashes47/braids/internal/core/graph/graph.go:153.57,155.2 1 2
github.com/Ashes47/braids/internal/core/graph/graph.go:159.22,160.27 1 4
github.com/Ashes47/braids/internal/core/graph/graph.go:160.27,161.43 1 9
github.com/Ashes47/braids/internal/core/graph/graph.go:161.43,164.4 2 0
github.com/Ashes47/braids/internal/core/graph/graph.go:166.2,166.27 1 4
github.com/Ashes47/braids/internal/core/graph/graph.go:166.27,167.43 1 9
github.com/Ashes47/braids/internal/core/graph/graph.go:167.43,169.4 1 4
github.com/Ashes47/braids/internal/core/graph/graph.go:169.9,171.4 1 5
github.com/Ashes47/braids/internal/core/graph/graph.go:173.2,174.27 2 4
github.com/Ashes47/braids/internal/core/graph/graph.go:174.27,176.3 1 9
github.com/Ashes47/braids/internal/core/graph/graph.go:177.2,177.28 1 4
github.com/Ashes47/braids/internal/core/graph/graph.go:177.28,179.3 1 5
github.com/Ashes47/braids/internal/core/graph/graph.go:183.42,185.72 2 4
github.com/Ashes47/braids/internal/core/graph/graph.go:185.72,186.24 1 5
github.com/Ashes47/braids/internal/core/graph/graph.go:186.24,188.4 1 0
github.com/Ashes47/braids/internal/core/graph/graph.go:189.3,189.27 1 5
github.com/Ashes47/braids/internal/core/graph/graph.go:191.2,191.14 1 4
github.com/Ashes47/braids/internal/core/graph/graph.go:194.38,196.31 2 9
github.com/Ashes47/braids/internal/core/graph/graph.go:196.31,198.3 1 4
github.com/Ashes47/braids/internal/core/graph/graph.go:203.31,204.46 1 13
github.com/Ashes47/braids/internal/core/graph/graph.go:204.46,205.58 1 1
github.com/Ashes47/braids/internal/core/graph/graph.go:205.58,207.4 1 1
github.com/Ashes47/braids/internal/core/graph/graph.go:208.3,208.45 1 0
github.com/Ashes47/braids/internal/core/graph/graph.go:213.36,216.23 3 1
github.com/Ashes47/braids/internal/core/graph/graph.go:216.23,218.32 2 3
github.com/Ashes47/braids/internal/core/graph/graph.go:218.32,220.4 1 2
github.com/Ashes47/braids/internal/core/graph/graph.go:222.2,222.28 1 1
github.com/Ashes47/braids/internal/core/graph/graph.go:222.28,224.3 1 1
github.com/Ashes47/braids/internal/core/graph/graph.go:225.2,225.12 1 1
github.com/Ashes47/braids/internal/core/graph/spine.go:51.47,52.20 1 6
github.com/Ashes47/braids/internal/core/graph/spine.go:52.20,54.3 1 1
github.com/Ashes47/braids/internal/core/graph/spine.go:55.2,57.25 3 5
github.com/Ashes47/braids/internal/core/graph/spine.go:57.25,60.3 2 18
github.com/Ashes47/braids/internal/core/graph/spine.go:62.2,64.25 3 5
github.com/Ashes47/braids/internal/core/graph/spine.go:64.25,66.3 1 13
github.com/Ashes47/braids/internal/core/graph/spine.go:67.2,71.18 4 5
github.com/Ashes47/braids/internal/core/graph/spine.go:71.18,72.19 1 12
github.com/Ashes47/braids/internal/core/graph/spine.go:73.10,73.10 0 8
github.com/Ashes47/braids/internal/core/graph/spine.go:74.10,80.6 2 3
github.com/Ashes47/braids/internal/core/graph/spine.go:81.11,82.38 1 1
github.com/Ashes47/braids/internal/core/graph/spine.go:84.3,84.12 1 12
github.com/Ashes47/braids/internal/core/graph/spine.go:86.2,86.25 1 5
github.com/Ashes47/braids/internal/core/graph/spine.go:86.25,88.43 2 13
github.com/Ashes47/braids/internal/core/graph/spine.go:88.43,90.12 2 6
github.com/Ashes47/braids/internal/core/graph/spine.go:92.3,100.5 2 7
github.com/Ashes47/braids/internal/core/graph/spine.go:102.2,103.12 2 5
github.com/Ashes47/braids/internal/core/graph/spine.go:112.40,114.2 1 13
github.com/Ashes47/braids/internal/core/graph/spine.go:118.95,123.68 4 5
github.com/Ashes47/braids/internal/core/graph/spine.go:123.68,126.3 2 13
github.com/Ashes47/braids/internal/core/graph/spine.go:127.2,127.57 1 5
github.com/Ashes47/braids/internal/core/graph/spine.go:127.57,129.3 1 5
github.com/Ashes47/braids/internal/core/graph/spine.go:130.2,130.17 1 5
github.com/Ashes47/braids/internal/core/graph/spine.go:134.121,136.39 2 13
github.com/Ashes47/braids/internal/core/graph/spine.go:136.39,137.20 1 11
github.com/Ashes47/braids/internal/core/graph/spine.go:137.20,138.12 1 9
github.com/Ashes47/braids/internal/core/graph/spine.go:140.3,140.34 1 2
github.com/Ashes47/braids/internal/core/graph/spine.go:142.2,143.12 2 13
github.com/Ashes47/braids/internal/core/graph/spine.go:147.89,150.29 3 5
github.com/Ashes47/braids/internal/core/graph/spine.go:150.29,151.29 1 32
github.com/Ashes47/braids/internal/core/graph/spine.go:151.29,153.4 1 14
github.com/Ashes47/braids/internal/core/graph/spine.go:154.3,156.34 3 18
github.com/Ashes47/braids/internal/core/graph/spine.go:156.34,158.4 1 14
github.com/Ashes47/braids/internal/core/graph/spine.go:159.3,160.11 2 18
github.com/Ashes47/braids/internal/core/graph/spine.go:162.2,162.25 1 5
github.com/Ashes47/braids/internal/core/graph/spine.go:162.25,164.3 1 18
github.com/Ashes47/braids/internal/core/graph/spine.go:165.2,165.14 1 5
github.com/Ashes47/braids/internal/core/graph/spine.go:169.49,171.24 2 1
github.com/Ashes47/braids/internal/core/graph/spine.go:171.24,172.44 1 3
github.com/Ashes47/braids/internal/core/graph/spine.go:172.44,174.4 1 3
github.com/Ashes47/braids/internal/core/graph/spine.go:176.2,177.30 2 1
github.com/Ashes47/braids/internal/core/graph/spine.go:177.30,179.3 1 2
github.com/Ashes47/braids/internal/core/graph/spine.go:180.2,180.40 1 1
github.com/Ashes47/braids/internal/core/graph/spine.go:180.40,181.39 1 1
github.com/Ashes47/braids/internal/core/graph/spine.go:181.39,183.4 1 1
github.com/Ashes47/braids/internal/core/graph/spine.go:184.3,184.39 1 0
github.com/Ashes47/braids/internal/core/graph/spine.go:186.2,191.3 1 1
github.com/Ashes47/braids/internal/core/graph/spine.go:194.36,195.13 1 13
github.com/Ashes47/braids/internal/core/graph/spine.go:195.13,197.3 1 10
github.com/Ashes47/braids/internal/core/graph/spine.go:198.2,200.31 3 3
github.com/Ashes47/braids/internal/core/graph/spine.go:200.31,201.33 1 15
github.com/Ashes47/braids/internal/core/graph/spine.go:201.33,202.17 1 3
github.com/Ashes47/braids/internal/core/graph/spine.go:202.17,204.5 1 3
github.com/Ashes47/braids/internal/core/graph/spine.go:205.4,205.17 1 3
github.com/Ashes47/braids/internal/core/graph/spine.go:208.2,208.12 1 3
github.com/Ashes47/braids/internal/core/model/model.go:54.49,56.28 2 5
github.com/Ashes47/braids/internal/core/model/model.go:56.28,57.53 1 16
github.com/Ashes47/braids/internal/core/model/model.go:57.53,58.12 1 7
github.com/Ashes47/braids/internal/core/model/model.go:60.3,60.19 1 9
github.com/Ashes47/braids/internal/core/model/model.go:60.19,61.12 1 3
github.com/Ashes47/braids/internal/core/model/model.go:63.3,63.18 1 6
github.com/Ashes47/braids/internal/core/model/model.go:63.18,65.4 1 3
github.com/Ashes47/braids/internal/core/model/model.go:66.3,66.24 1 6
github.com/Ashes47/braids/internal/core/model/model.go:68.2,68.19 1 5
github.com/Ashes47/braids/internal/core/model/model.go:71.54,72.29 1 12
github.com/Ashes47/braids/internal/core/model/model.go:72.29,73.16 1 14
github.com/Ashes47/braids/internal/core/model/model.go:73.16,75.4 1 5
github.com/Ashes47/braids/internal/core/model/model.go:77.2,77.14 1 7
github.com/Ashes47/braids/cmd/braids/main.go:55.13,56.52 1 0
github.com/Ashes47/braids/cmd/braids/main.go:56.52,59.3 2 0
github.com/Ashes47/braids/cmd/braids/main.go:62.44,64.20 2 16
github.com/Ashes47/braids/cmd/braids/main.go:64.20,66.3 1 0
github.com/Ashes47/braids/cmd/braids/main.go:67.2,67.17 1 16
github.com/Ashes47/braids/cmd/braids/main.go:68.13,69.31 1 1
github.com/Ashes47/braids/cmd/braids/main.go:70.15,71.33 1 3
github.com/Ashes47/braids/cmd/braids/main.go:72.16,73.34 1 8
github.com/Ashes47/braids/cmd/braids/main.go:74.15,75.33 1 1
github.com/Ashes47/braids/cmd/braids/main.go:76.17,78.19 2 0
github.com/Ashes47/braids/cmd/braids/main.go:79.30,81.19 2 2
github.com/Ashes47/braids/cmd/braids/main.go:82.10,83.70 1 1
github.com/Ashes47/braids/cmd/braids/main.go:91.67,93.6 2 8
github.com/Ashes47/braids/cmd/braids/main.go:93.6,94.40 1 16
github.com/Ashes47/braids/cmd/braids/main.go:94.40,96.4 1 0
github.com/Ashes47/braids/cmd/braids/main.go:97.3,98.21 2 16
github.com/Ashes47/braids/cmd/braids/main.go:98.21,100.4 1 8
github.com/Ashes47/braids/cmd/braids/main.go:101.3,102.18 2 8
github.com/Ashes47/braids/cmd/braids/main.go:107.34,108.42 1 0
github.com/Ashes47/braids/cmd/braids/main.go:108.42,110.3 1 0
github.com/Ashes47/braids/cmd/braids/main.go:111.2,112.16 2 0
github.com/Ashes47/braids/cmd/braids/main.go:112.16,114.3 1 0
github.com/Ashes47/braids/cmd/braids/main.go:115.2,116.48 2 0
github.com/Ashes47/braids/cmd/braids/main.go:116.48,118.3 1 0
github.com/Ashes47/braids/cmd/braids/main.go:119.2,119.44 1 0
github.com/Ashes47/braids/cmd/braids/main.go:123.47,124.18 1 11
github.com/Ashes47/braids/cmd/braids/main.go:124.18,126.3 1 11
github.com/Ashes47/braids/cmd/braids/main.go:127.2,127.20 1 0
github.com/Ashes47/braids/cmd/braids/main.go:131.53,133.16 2 10
github.com/Ashes47/braids/cmd/braids/main.go:133.16,135.3 1 0
github.com/Ashes47/braids/cmd/braids/main.go:136.2,136.25 1 10
github.com/Ashes47/braids/cmd/braids/main.go:139.48,147.39 8 1
github.com/Ashes47/braids/cmd/braids/main.go:147.39,149.3 1 0
github.com/Ashes47/braids/cmd/braids/main.go:150.2,151.16 2 1
github.com/Ashes47/braids/cmd/braids/main.go:151.16,153.3 1 0
github.com/Ashes47/braids/cmd/braids/main.go:154.2,155.16 2 1
github.com/Ashes47/braids/cmd/braids/main.go:155.16,157.3 1 0
github.com/Ashes47/braids/cmd/braids/main.go:158.2,167.13 4 1
github.com/Ashes47/braids/cmd/braids/main.go:167.13,169.3 1 1
github.com/Ashes47/braids/cmd/braids/main.go:170.2,171.16 2 0
github.com/Ashes47/braids/cmd/braids/main.go:171.16,173.3 1 0
github.com/Ashes47/braids/cmd/braids/main.go:174.2,175.18 2 0
github.com/Ashes47/braids/cmd/braids/main.go:178.50,183.39 5 3
github.com/Ashes47/braids/cmd/braids/main.go:183.39,185.3 1 0
github.com/Ashes47/braids/cmd/braids/main.go:187.2,188.15 2 3
github.com/Ashes47/braids/cmd/braids/main.go:188.15,190.54 2 0
github.com/Ashes47/braids/cmd/braids/main.go:190.54,192.4 1 0
github.com/Ashes47/braids/cmd/braids/main.go:194.2,195.16 2 3
github.com/Ashes47/braids/cmd/braids/main.go:195.16,197.3 1 0
github.com/Ashes47/braids/cmd/braids/main.go:198.2,201.16 3 3
github.com/Ashes47/braids/cmd/braids/main.go:201.16,203.3 1 0
github.com/Ashes47/braids/cmd/braids/main.go:204.2,206.18 2 3
github.com/Ashes47/braids/cmd/braids/main.go:209.51,217.16 8 8
github.com/Ashes47/braids/cmd/braids/main.go:217.16,219.3 1 0
github.com/Ashes47/braids/cmd/braids/main.go:220.2,221.36 2 8
github.com/Ashes47/braids/cmd/braids/main.go:221.36,223.3 1 1
github.com/Ashes47/braids/cmd/braids/main.go:224.2,225.16 2 7
github.com/Ashes47/braids/cmd/braids/main.go:225.16,227.3 1 1
github.com/Ashes47/braids/cmd/braids/main.go:229.2,230.16 2 6
github.com/Ashes47/braids/cmd/braids/main.go:230.16,232.3 1 0
github.com/Ashes47/braids/cmd/braids/main.go:233.2,238.16 4 6
github.com/Ashes47/braids/cmd/braids/main.go:238.16,240.3 1 0
github.com/Ashes47/braids/cmd/braids/main.go:241.2,241.20 1 6
github.com/Ashes47/braids/cmd/braids/main.go:241.20,244.3 2 1
github.com/Ashes47/braids/cmd/braids/main.go:246.2,247.25 2 5
github.com/Ashes47/braids/cmd/braids/main.go:247.25,249.92 1 7
github.com/Ashes47/braids/cmd/braids/main.go:249.92,251.4 1 0
github.com/Ashes47/braids/cmd/braids/main.go:253.2,253.35 1 5
github.com/Ashes47/braids/cmd/braids/main.go:253.35,255.3 1 0
github.com/Ashes47/braids/cmd/braids/main.go:256.2,257.18 2 5
github.com/Ashes47/braids/cmd/braids/main.go:260.50,264.39 4 1
github.com/Ashes47/braids/cmd/braids/main.go:264.39,266.3 1 0
github.com/Ashes47/braids/cmd/braids/main.go:267.2,268.16 2 1
github.com/Ashes47/braids/cmd/braids/main.go:268.16,270.3 1 0
github.com/Ashes47/braids/cmd/braids/main.go:271.2,274.16 3 1
github.com/Ashes47/braids/cmd/braids/main.go:274.16,276.3 1 0
github.com/Ashes47/braids/cmd/braids/main.go:277.2,277.21 1 1
github.com/Ashes47/braids/cmd/braids/main.go:277.21,280.3 2 0
github.com/Ashes47/braids/cmd/braids/main.go:281.2,283.26 3 1
github.com/Ashes47/braids/cmd/braids/main.go:283.26,286.3 1 1
github.com/Ashes47/braids/cmd/braids/main.go:287.2,287.25 1 1
github.com/Ashes47/braids/cmd/braids/main.go:287.25,288.48 1 2
github.com/Ashes47/braids/cmd/braids/main.go:288.48,290.4 1 0
github.com/Ashes47/braids/cmd/braids/main.go:292.2,292.35 1 1
github.com/Ashes47/braids/cmd/braids/main.go:292.35,294.3 1 0
github.com/Ashes47/braids/cmd/braids/main.go:295.2,296.18 2 1
github.com/Ashes47/braids/cmd/braids/main.go:301.53,302.32 1 9
github.com/Ashes47/braids/cmd/braids/main.go:302.32,304.3 1 6
github.com/Ashes47/braids/cmd/braids/main.go:305.2,312.44 3 3
github.com/Ashes47/braids/cmd/braids/main.go:312.44,314.17 2 4
github.com/Ashes47/braids/cmd/braids/main.go:314.17,315.12 1 0
github.com/Ashes47/braids/cmd/braids/main.go:317.3,318.10 2 4
github.com/Ashes47/braids/cmd/braids/main.go:318.10,320.4 1 1
github.com/Ashes47/braids/cmd/braids/main.go:321.3,321.27 1 3
github.com/Ashes47/braids/cmd/braids/main.go:323.2,323.19 1 2
github.com/Ashes47/braids/cmd/braids/main.go:326.36,327.23 1 7
github.com/Ashes47/braids/cmd/braids/main.go:327.23,329.3 1 7
github.com/Ashes47/braids/cmd/braids/main.go:330.2,330.26 1 0
github.com/Ashes47/braids/cmd/braids/main.go:333.36,334.49 1 7
github.com/Ashes47/braids/cmd/braids/main.go:334.49,336.3 1 5
github.com/Ashes47/braids/cmd/braids/main.go:337.2,337.23 1 2
github.com/Ashes47/braids/cmd/braids/main.go:340.32,340.58 1 1
github.com/Ashes47/braids/cmd/braids/main.go:342.31,344.2 1 7
github.com/Ashes47/braids/cmd/braids/main.go:346.39,348.17 2 23
github.com/Ashes47/braids/cmd/braids/main.go:348.17,350.3 1 21
github.com/Ashes47/braids/cmd/braids/main.go:351.2,351.12 1 2
github.com/Ashes47/braids/cmd/braids/main.go:351.12,353.3 1 0
github.com/Ashes47/braids/cmd/braids/main.go:354.2,354.32 1 2
github.com/Ashes47/braids/cmd/braids/print.go:20.39,20.64 1 16
github.com/Ashes47/braids/cmd/braids/print.go:23.48,24.18 1 82
github.com/Ashes47/braids/cmd/braids/print.go:24.18,26.3 1 0
github.com/Ashes47/braids/cmd/braids/print.go:27.2,28.16 2 82
github.com/Ashes47/braids/cmd/braids/print.go:28.16,30.3 1 0
github.com/Ashes47/braids/cmd/braids/print.go:31.2,31.15 1 82
github.com/Ashes47/braids/cmd/braids/print.go:34.51,35.18 1 12
github.com/Ashes47/braids/cmd/braids/print.go:35.18,37.3 1 12
github.com/Ashes47/braids/cmd/braids/print.go:41.31,41.47 1 12
github.com/Ashes47/braids/internal/tui/chrome.go:28.31,35.2 1 8
github.com/Ashes47/braids/internal/tui/chrome.go:37.21,44.2 1 8
github.com/Ashes47/braids/internal/tui/chrome.go:47.30,47.73 1 8
github.com/Ashes47/braids/internal/tui/chrome.go:52.61,54.25 2 15
github.com/Ashes47/braids/internal/tui/chrome.go:54.25,56.3 1 60
github.com/Ashes47/braids/internal/tui/chrome.go:57.2,58.26 2 15
github.com/Ashes47/braids/internal/tui/chrome.go:58.26,60.3 1 60
github.com/Ashes47/braids/internal/tui/chrome.go:62.2,63.27 2 15
github.com/Ashes47/braids/internal/tui/chrome.go:63.27,65.21 2 60
github.com/Ashes47/braids/internal/tui/chrome.go:65.21,68.4 1 60
github.com/Ashes47/braids/internal/tui/chrome.go:69.3,70.20 2 60
github.com/Ashes47/braids/internal/tui/chrome.go:70.20,73.4 1 60
github.com/Ashes47/braids/internal/tui/chrome.go:74.3,74.60 1 60
github.com/Ashes47/braids/internal/tui/chrome.go:76.2,76.34 1 15
github.com/Ashes47/braids/internal/tui/chrome.go:80.36,82.19 2 8
github.com/Ashes47/braids/internal/tui/chrome.go:82.19,84.3 1 2
github.com/Ashes47/braids/internal/tui/chrome.go:85.2,85.68 1 8
github.com/Ashes47/braids/internal/tui/chrome.go:88.34,88.77 1 8
github.com/Ashes47/braids/internal/tui/chrome.go:90.51,93.14 3 15
github.com/Ashes47/braids/internal/tui/chrome.go:93.14,95.3 1 0
github.com/Ashes47/braids/internal/tui/chrome.go:96.2,97.59 1 15
github.com/Ashes47/braids/internal/tui/chrome.go:100.37,102.2 1 15
github.com/Ashes47/braids/internal/tui/chrome.go:106.46,109.2 2 180
github.com/Ashes47/braids/internal/tui/chrome.go:112.36,113.21 1 8
github.com/Ashes47/braids/internal/tui/chrome.go:113.21,115.3 1 1
github.com/Ashes47/braids/internal/tui/chrome.go:116.2,116.25 1 7
github.com/Ashes47/braids/internal/tui/chrome.go:116.25,118.3 1 1
github.com/Ashes47/braids/internal/tui/chrome.go:119.2,119.69 1 6
github.com/Ashes47/braids/internal/tui/chrome.go:123.49,126.2 1 2
github.com/Ashes47/braids/internal/tui/chrome.go:129.34,130.87 1 10
github.com/Ashes47/braids/internal/tui/chrome.go:130.87,132.3 1 1
github.com/Ashes47/braids/internal/tui/chrome.go:133.2,133.13 1 9
github.com/Ashes47/braids/internal/tui/filter.go:18.42,19.9 1 50
github.com/Ashes47/braids/internal/tui/filter.go:20.18,21.10 1 9
github.com/Ashes47/braids/internal/tui/filter.go:22.17,24.15 2 4
github.com/Ashes47/braids/internal/tui/filter.go:25.21,26.15 1 1
github.com/Ashes47/braids/internal/tui/filter.go:27.11,28.16 1 4
github.com/Ashes47/braids/internal/tui/filter.go:30.3,30.14 1 5
github.com/Ashes47/braids/internal/tui/filter.go:32.32,34.14 2 2
github.com/Ashes47/braids/internal/tui/filter.go:36.36,37.38 1 1
github.com/Ashes47/braids/internal/tui/filter.go:37.38,39.4 1 1
github.com/Ashes47/braids/internal/tui/filter.go:40.3,40.14 1 1
github.com/Ashes47/braids/internal/tui/filter.go:42.29,44.14 2 9
github.com/Ashes47/braids/internal/tui/filter.go:46.39,48.14 2 23
github.com/Ashes47/braids/internal/tui/filter.go:50.2,50.14 1 6
github.com/Ashes47/braids/internal/tui/filter.go:54.32,54.55 1 59
github.com/Ashes47/braids/internal/tui/filter.go:57.52,58.18 1 62
github.com/Ashes47/braids/internal/tui/filter.go:58.18,60.3 1 1
github.com/Ashes47/braids/internal/tui/filter.go:61.2,61.77 1 61
github.com/Ashes47/braids/internal/tui/filter.go:65.37,66.13 1 4
github.com/Ashes47/braids/internal/tui/filter.go:66.13,68.3 1 0
github.com/Ashes47/braids/internal/tui/filter.go:69.2,69.21 1 4
github.com/Ashes47/braids/internal/tui/map.go:85.52,100.2 5 19
github.com/Ashes47/braids/internal/tui/map.go:103.27,106.26 3 19
github.com/Ashes47/braids/internal/tui/map.go:106.26,107.28 1 29
github.com/Ashes47/braids/internal/tui/map.go:107.28,109.4 1 1
github.com/Ashes47/braids/internal/tui/map.go:110.3,111.45 2 29
github.com/Ashes47/braids/internal/tui/map.go:113.2,115.31 3 19
github.com/Ashes47/braids/internal/tui/map.go:115.31,116.27 1 24
github.com/Ashes47/braids/internal/tui/map.go:116.27,118.4 1 2
github.com/Ashes47/braids/internal/tui/map.go:123.31,123.68 1 0
github.com/Ashes47/braids/internal/tui/map.go:126.57,127.27 1 10
github.com/Ashes47/braids/internal/tui/map.go:128.30,129.44 1 0
github.com/Ashes47/braids/internal/tui/map.go:130.25,133.17 3 0
github.com/Ashes47/braids/internal/tui/map.go:134.23,135.20 1 10
github.com/Ashes47/braids/internal/tui/map.go:137.2,137.15 1 0
github.com/Ashes47/braids/internal/tui/map.go:141.32,142.43 1 2
github.com/Ashes47/braids/internal/tui/map.go:142.43,144.3 1 1
github.com/Ashes47/braids/internal/tui/map.go:145.2,145.55 1 1
github.com/Ashes47/braids/internal/tui/map.go:148.62,150.53 2 10
github.com/Ashes47/braids/internal/tui/map.go:150.53,152.3 1 2
github.com/Ashes47/braids/internal/tui/map.go:153.2,153.25 1 8
github.com/Ashes47/braids/internal/tui/map.go:153.25,155.3 1 2
github.com/Ashes47/braids/internal/tui/map.go:156.2,156.23 1 6
github.com/Ashes47/braids/internal/tui/map.go:156.23,160.3 3 5
github.com/Ashes47/braids/internal/tui/map.go:161.2,161.13 1 1
github.com/Ashes47/braids/internal/tui/map.go:162.29,163.28 1 1
github.com/Ashes47/braids/internal/tui/map.go:164.19,165.13 1 0
github.com/Ashes47/braids/internal/tui/map.go:166.17,167.13 1 0
github.com/Ashes47/braids/internal/tui/map.go:168.19,169.15 1 0
github.com/Ashes47/braids/internal/tui/map.go:170.18,171.32 1 0
github.com/Ashes47/braids/internal/tui/map.go:172.26,173.33 1 0
github.com/Ashes47/braids/internal/tui/map.go:174.24,175.33 1 0
github.com/Ashes47/braids/internal/tui/map.go:177.2,178.15 2 0
github.com/Ashes47/braids/internal/tui/map.go:183.31,184.43 1 3
github.com/Ashes47/braids/internal/tui/map.go:184.43,186.3 1 2
github.com/Ashes47/braids/internal/tui/map.go:187.2,187.24 1 1
github.com/Ashes47/braids/internal/tui/map.go:192.25,193.20 1 6
github.com/Ashes47/braids/internal/tui/map.go:193.20,196.3 2 2
github.com/Ashes47/braids/internal/tui/map.go:197.2,198.26 2 4
github.com/Ashes47/braids/internal/tui/map.go:198.26,200.63 2 7
github.com/Ashes47/braids/internal/tui/map.go:200.63,202.4 1 4
github.com/Ashes47/braids/internal/tui/map.go:206.25,207.32 1 45
github.com/Ashes47/braids/internal/tui/map.go:207.32,209.3 1 16
github.com/Ashes47/braids/internal/tui/map.go:210.2,210.18 1 45
github.com/Ashes47/braids/internal/tui/map.go:210.18,212.3 1 16
github.com/Ashes47/braids/internal/tui/map.go:213.2,214.25 2 45
github.com/Ashes47/braids/internal/tui/map.go:214.25,216.3 1 3
github.com/Ashes47/braids/internal/tui/map.go:217.2,217.28 1 45
github.com/Ashes47/braids/internal/tui/map.go:217.28,219.3 1 3
github.com/Ashes47/braids/internal/tui/map.go:220.2,220.18 1 45
github.com/Ashes47/braids/internal/tui/map.go:220.18,222.3 1 0
github.com/Ashes47/braids/internal/tui/map.go:226.33,228.11 2 90
github.com/Ashes47/braids/internal/tui/map.go:228.11,230.3 1 0
github.com/Ashes47/braids/internal/tui/map.go:231.2,231.10 1 90
github.com/Ashes47/braids/internal/tui/map.go:235.35,237.12 2 70
github.com/Ashes47/braids/internal/tui/map.go:237.12,239.3 1 0
github.com/Ashes47/braids/internal/tui/map.go:240.2,240.10 1 70
github.com/Ashes47/braids/internal/tui/map.go:243.32,253.25 9 8
github.com/Ashes47/braids/internal/tui/map.go:253.25,257.32 4 1
github.com/Ashes47/braids/internal/tui/map.go:257.32,259.4 1 10
github.com/Ashes47/braids/internal/tui/map.go:260.8,262.35 2 7
github.com/Ashes47/braids/internal/tui/map.go:262.35,265.4 2 12
github.com/Ashes47/braids/internal/tui/map.go:266.3,266.47 1 7
github.com/Ashes47/braids/internal/tui/map.go:266.47,268.4 1 65
github.com/Ashes47/braids/internal/tui/map.go:270.2,273.19 4 8
github.com/Ashes47/braids/internal/tui/map.go:276.38,277.19 1 2
github.com/Ashes47/braids/internal/tui/map.go:277.19,279.3 1 2
github.com/Ashes47/braids/internal/tui/map.go:280.2,280.61 1 0
github.com/Ashes47/braids/internal/tui/map.go:283.34,285.26 2 8
github.com/Ashes47/braids/internal/tui/map.go:285.26,286.25 1 14
github.com/Ashes47/braids/internal/tui/map.go:286.25,288.4 1 1
github.com/Ashes47/braids/internal/tui/map.go:290.2,290.10 1 8
github.com/Ashes47/braids/internal/tui/map.go:293.45,295.2 1 38
github.com/Ashes47/braids/internal/tui/map.go:300.55,302.14 2 12
github.com/Ashes47/braids/internal/tui/map.go:302.14,304.3 1 7
github.com/Ashes47/braids/internal/tui/map.go:305.2,305.15 1 5
github.com/Ashes47/braids/internal/tui/map.go:308.55,313.24 4 12
github.com/Ashes47/braids/internal/tui/map.go:313.24,315.3 1 1
github.com/Ashes47/braids/internal/tui/map.go:317.2,318.17 2 12
github.com/Ashes47/braids/internal/tui/map.go:318.17,320.3 1 0
github.com/Ashes47/braids/internal/tui/map.go:323.2,324.29 2 12
github.com/Ashes47/braids/internal/tui/map.go:324.29,326.3 1 2
github.com/Ashes47/braids/internal/tui/map.go:328.2,330.16 3 12
github.com/Ashes47/braids/internal/tui/map.go:330.16,332.28 2 2
github.com/Ashes47/braids/internal/tui/map.go:332.28,334.4 1 1
github.com/Ashes47/braids/internal/tui/map.go:335.3,338.30 4 2
github.com/Ashes47/braids/internal/tui/map.go:340.2,340.19 1 12
github.com/Ashes47/braids/internal/tui/map.go:340.19,345.3 4 2
github.com/Ashes47/braids/internal/tui/map.go:346.2,350.24 5 12
github.com/Ashes47/braids/internal/tui/map.go:350.24,352.3 1 1
github.com/Ashes47/braids/internal/tui/map.go:353.2,362.20 6 12
github.com/Ashes47/braids/internal/tui/map.go:362.20,364.3 1 0
github.com/Ashes47/braids/internal/tui/map.go:365.2,368.20 3 12
github.com/Ashes47/braids/internal/tui/map.go:368.20,370.3 1 1
github.com/Ashes47/braids/internal/tui/map.go:371.2,374.22 3 12
github.com/Ashes47/braids/internal/tui/map.go:378.33,380.16 2 8
github.com/Ashes47/braids/internal/tui/map.go:380.16,382.3 1 1
github.com/Ashes47/braids/internal/tui/map.go:383.2,383.19 1 8
github.com/Ashes47/braids/internal/tui/map.go:383.19,385.3 1 1
github.com/Ashes47/braids/internal/tui/map.go:386.2,390.19 3 8
github.com/Ashes47/braids/internal/tui/map.go:390.19,392.3 1 0
github.com/Ashes47/braids/internal/tui/map.go:393.2,393.88 1 8
github.com/Ashes47/braids/internal/tui/map.go:397.32,398.18 1 9
github.com/Ashes47/braids/internal/tui/map.go:398.18,400.3 1 0
github.com/Ashes47/braids/internal/tui/map.go:401.2,401.15 1 9
github.com/Ashes47/braids/internal/tui/map.go:406.46,409.69 3 20
github.com/Ashes47/braids/internal/tui/map.go:409.69,411.16 2 32
github.com/Ashes47/braids/internal/tui/map.go:411.16,413.12 2 3
github.com/Ashes47/braids/internal/tui/map.go:413.12,415.5 1 2
github.com/Ashes47/braids/internal/tui/map.go:417.3,420.16 3 32
github.com/Ashes47/braids/internal/tui/map.go:420.16,422.12 2 3
github.com/Ashes47/braids/internal/tui/map.go:422.12,424.5 1 2
github.com/Ashes47/braids/internal/tui/map.go:426.3,426.32 1 32
github.com/Ashes47/braids/internal/tui/map.go:426.32,428.4 1 3
github.com/Ashes47/braids/internal/tui/map.go:430.2,430.28 1 20
github.com/Ashes47/braids/internal/tui/map.go:430.28,432.3 1 29
github.com/Ashes47/braids/internal/tui/map.go:433.2,433.12 1 20
github.com/Ashes47/braids/internal/tui/map.go:439.33,440.9 1 16
github.com/Ashes47/braids/internal/tui/map.go:441.18,442.52 1 1
github.com/Ashes47/braids/internal/tui/map.go:443.18,444.52 1 1
github.com/Ashes47/braids/internal/tui/map.go:445.18,446.52 1 1
github.com/Ashes47/braids/internal/tui/map.go:447.10,448.32 1 13
github.com/Ashes47/braids/internal/tui/map.go:456.39,457.9 1 16
github.com/Ashes47/braids/internal/tui/map.go:458.23,459.15 1 1
github.com/Ashes47/braids/internal/tui/map.go:460.21,461.46 1 2
github.com/Ashes47/braids/internal/tui/map.go:462.24,463.44 1 11
github.com/Ashes47/braids/internal/tui/map.go:464.10,465.47 1 2
github.com/Ashes47/braids/internal/tui/map.go:470.51,472.13 2 60
github.com/Ashes47/braids/internal/tui/map.go:472.13,474.3 1 0
github.com/Ashes47/braids/internal/tui/map.go:475.2,475.48 1 60
github.com/Ashes47/braids/internal/tui/map.go:480.43,481.32 1 38
github.com/Ashes47/braids/internal/tui/map.go:481.32,483.3 1 36
github.com/Ashes47/braids/internal/tui/map.go:484.2,484.16 1 2
github.com/Ashes47/braids/internal/tui/map.go:484.16,486.3 1 0
github.com/Ashes47/braids/internal/tui/map.go:487.2,489.22 3 2
github.com/Ashes47/braids/internal/tui/map.go:489.22,491.23 2 12
github.com/Ashes47/braids/internal/tui/map.go:491.23,492.9 1 2
github.com/Ashes47/braids/internal/tui/map.go:494.3,495.12 2 10
github.com/Ashes47/braids/internal/tui/map.go:497.2,497.27 1 2
github.com/Ashes47/braids/internal/tui/map.go:500.43,501.47 1 240
github.com/Ashes47/braids/internal/tui/map.go:501.47,503.3 1 225
github.com/Ashes47/braids/internal/tui/map.go:504.2,504.10 1 15
github.com/Ashes47/braids/internal/tui/map.go:507.42,508.47 1 116
github.com/Ashes47/braids/internal/tui/map.go:508.47,510.3 1 107
github.com/Ashes47/braids/internal/tui/map.go:511.2,511.10 1 9
github.com/Ashes47/braids/internal/tui/run.go:16.68,17.27 1 0
github.com/Ashes47/braids/internal/tui/run.go:17.27,19.3 1 0
github.com/Ashes47/braids/internal/tui/run.go:20.2,21.16 2 0
github.com/Ashes47/braids/internal/tui/run.go:21.16,23.3 1 0
github.com/Ashes47/braids/internal/tui/run.go:24.2,24.27 1 0
github.com/Ashes47/braids/internal/tui/run.go:24.27,26.3 1 0
github.com/Ashes47/braids/internal/tui/run.go:27.2,27.94 1 0
github.com/Ashes47/braids/internal/tui/run.go:27.94,29.3 1 0
github.com/Ashes47/braids/internal/tui/run.go:30.2,30.12 1 0
github.com/Ashes47/braids/internal/tui/run.go:36.90,40.18 4 0
github.com/Ashes47/braids/internal/tui/run.go:40.18,42.3 1 0
github.com/Ashes47/braids/internal/tui/run.go:43.2,43.30 1 0
github.com/Ashes47/braids/internal/tui/run.go:43.30,44.48 1 0
github.com/Ashes47/braids/internal/tui/run.go:44.48,46.9 2 0
github.com/Ashes47/braids/internal/tui/run.go:49.2,50.20 2 0
github.com/Ashes47/braids/internal/tui/run.go:50.20,52.3 1 0
github.com/Ashes47/braids/internal/tui/run.go:53.2,53.24 1 0
github.com/Ashes47/braids/internal/tui/run.go:57.94,58.54 1 0
github.com/Ashes47/braids/internal/tui/run.go:58.54,60.17 2 0
github.com/Ashes47/braids/internal/tui/run.go:60.17,62.4 1 0
github.com/Ashes47/braids/internal/tui/run.go:63.3,63.32 1 0
github.com/Ashes47/braids/internal/tui/run.go:69.74,71.16 2 0
github.com/Ashes47/braids/internal/tui/run.go:71.16,73.3 1 0
github.com/Ashes47/braids/internal/tui/run.go:74.2,75.16 2 0
github.com/Ashes47/braids/internal/tui/run.go:75.16,77.3 1 0
github.com/Ashes47/braids/internal/tui/run.go:78.2,79.16 2 0
github.com/Ashes47/braids/internal/tui/run.go:79.16,81.3 1 0
github.com/Ashes47/braids/internal/tui/run.go:82.2,82.53 1 0
github.com/Ashes47/braids/internal/tui/spineview.go:27.30,28.20 1 29
github.com/Ashes47/braids/internal/tui/spineview.go:28.20,31.3 2 16
github.com/Ashes47/braids/internal/tui/spineview.go:32.2,33.29 2 13
github.com/Ashes47/braids/internal/tui/spineview.go:33.29,36.28 2 52
github.com/Ashes47/braids/internal/tui/spineview.go:36.28,38.4 1 14
github.com/Ashes47/braids/internal/tui/spineview.go:44.34,45.47 1 10
github.com/Ashes47/braids/internal/tui/spineview.go:45.47,47.3 1 0
github.com/Ashes47/braids/internal/tui/spineview.go:48.2,53.10 6 10
github.com/Ashes47/braids/internal/tui/spineview.go:56.43,58.23 2 20
github.com/Ashes47/braids/internal/tui/spineview.go:58.23,62.3 3 18
github.com/Ashes47/braids/internal/tui/spineview.go:63.2,63.13 1 2
github.com/Ashes47/braids/internal/tui/spineview.go:64.39,67.11 3 2
github.com/Ashes47/braids/internal/tui/spineview.go:68.19,69.13 1 0
github.com/Ashes47/braids/internal/tui/spineview.go:70.17,71.13 1 0
github.com/Ashes47/braids/internal/tui/spineview.go:72.19,73.15 1 0
github.com/Ashes47/braids/internal/tui/spineview.go:74.18,75.32 1 0
github.com/Ashes47/braids/internal/tui/spineview.go:76.26,77.33 1 0
github.com/Ashes47/braids/internal/tui/spineview.go:78.24,79.33 1 0
github.com/Ashes47/braids/internal/tui/spineview.go:80.11,81.50 1 0
github.com/Ashes47/braids/internal/tui/spineview.go:82.11,83.51 1 0
github.com/Ashes47/braids/internal/tui/spineview.go:85.2,86.10 2 0
github.com/Ashes47/braids/internal/tui/spineview.go:89.30,91.14 2 18
github.com/Ashes47/braids/internal/tui/spineview.go:91.14,93.3 1 0
github.com/Ashes47/braids/internal/tui/spineview.go:94.2,94.32 1 18
github.com/Ashes47/braids/internal/tui/spineview.go:94.32,96.3 1 0
github.com/Ashes47/braids/internal/tui/spineview.go:97.2,97.18 1 18
github.com/Ashes47/braids/internal/tui/spineview.go:97.18,99.3 1 0
github.com/Ashes47/braids/internal/tui/spineview.go:100.2,101.25 2 18
github.com/Ashes47/braids/internal/tui/spineview.go:101.25,103.3 1 0
github.com/Ashes47/braids/internal/tui/spineview.go:104.2,104.28 1 18
github.com/Ashes47/braids/internal/tui/spineview.go:104.28,106.3 1 0
github.com/Ashes47/braids/internal/tui/spineview.go:107.2,107.18 1 18
github.com/Ashes47/braids/internal/tui/spineview.go:107.18,109.3 1 0
github.com/Ashes47/braids/internal/tui/spineview.go:112.37,123.9 10 7
github.com/Ashes47/braids/internal/tui/spineview.go:124.20,127.32 3 1
github.com/Ashes47/braids/internal/tui/spineview.go:127.32,129.4 1 10
github.com/Ashes47/braids/internal/tui/spineview.go:130.27,133.32 3 2
github.com/Ashes47/braids/internal/tui/spineview.go:133.32,135.4 1 20
github.com/Ashes47/braids/internal/tui/spineview.go:136.10,138.35 2 4
github.com/Ashes47/braids/internal/tui/spineview.go:138.35,141.4 2 13
github.com/Ashes47/braids/internal/tui/spineview.go:142.3,142.47 1 4
github.com/Ashes47/braids/internal/tui/spineview.go:142.47,144.4 1 31
github.com/Ashes47/braids/internal/tui/spineview.go:146.2,148.21 3 7
github.com/Ashes47/braids/internal/tui/spineview.go:148.21,150.3 1 1
github.com/Ashes47/braids/internal/tui/spineview.go:150.8,152.3 1 6
github.com/Ashes47/braids/internal/tui/spineview.go:153.2,153.19 1 7
github.com/Ashes47/braids/internal/tui/spineview.go:156.43,157.25 1 2
github.com/Ashes47/braids/internal/tui/spineview.go:157.25,159.3 1 1
github.com/Ashes47/braids/internal/tui/spineview.go:160.2,160.41 1 1
github.com/Ashes47/braids/internal/tui/spineview.go:163.36,165.16 2 7
github.com/Ashes47/braids/internal/tui/spineview.go:165.16,167.3 1 0
github.com/Ashes47/braids/internal/tui/spineview.go:168.2,169.25 2 7
github.com/Ashes47/braids/internal/tui/spineview.go:169.25,171.3 1 2
github.com/Ashes47/braids/internal/tui/spineview.go:172.2,172.88 1 7
github.com/Ashes47/braids/internal/tui/spineview.go:176.35,178.35 2 7
github.com/Ashes47/braids/internal/tui/spineview.go:178.35,179.30 1 20
github.com/Ashes47/braids/internal/tui/spineview.go:179.30,182.4 2 5
github.com/Ashes47/braids/internal/tui/spineview.go:184.2,196.34 3 7
github.com/Ashes47/braids/internal/tui/spineview.go:199.38,202.19 3 7
github.com/Ashes47/braids/internal/tui/spineview.go:202.19,204.3 1 0
github.com/Ashes47/braids/internal/tui/spineview.go:205.2,205.103 1 7
github.com/Ashes47/braids/internal/tui/spineview.go:214.71,216.14 2 13
github.com/Ashes47/braids/internal/tui/spineview.go:216.14,218.3 1 4
github.com/Ashes47/braids/internal/tui/spineview.go:219.2,219.15 1 9
github.com/Ashes47/braids/internal/tui/spineview.go:222.71,226.37 3 13
github.com/Ashes47/braids/internal/tui/spineview.go:226.37,228.3 1 4
github.com/Ashes47/braids/internal/tui/spineview.go:229.2,233.19 3 13
github.com/Ashes47/braids/internal/tui/spineview.go:233.19,235.3 1 0
github.com/Ashes47/braids/internal/tui/spineview.go:237.2,239.18 3 13
github.com/Ashes47/braids/internal/tui/spineview.go:240.20,242.59 2 3
github.com/Ashes47/braids/internal/tui/spineview.go:243.10,246.33 3 10
github.com/Ashes47/braids/internal/tui/spineview.go:246.33,248.4 1 7
github.com/Ashes47/braids/internal/tui/spineview.go:249.3,250.58 2 10
github.com/Ashes47/braids/internal/tui/spineview.go:250.58,253.4 2 0
github.com/Ashes47/braids/internal/tui/spineview.go:255.2,265.22 6 13
github.com/Ashes47/braids/internal/tui/spineview.go:271.61,272.34 1 5
github.com/Ashes47/braids/internal/tui/spineview.go:272.34,274.35 2 7
github.com/Ashes47/braids/internal/tui/spineview.go:274.35,276.4 1 4
github.com/Ashes47/braids/internal/tui/spineview.go:278.2,278.13 1 1
github.com/Ashes47/braids/internal/tui/spineview.go:282.42,284.30 2 55
github.com/Ashes47/braids/internal/tui/spineview.go:284.30,285.22 1 32
github.com/Ashes47/braids/internal/tui/spineview.go:285.22,286.9 1 0
github.com/Ashes47/braids/internal/tui/spineview.go:288.3,288.63 1 32
github.com/Ashes47/braids/internal/tui/spineview.go:290.2,290.36 1 55
github.com/Ashes47/braids/internal/tui/spineview.go:293.31,293.78 1 13
github.com/Ashes47/braids/internal/tui/theme.go:37.35,38.11 1 20
github.com/Ashes47/braids/internal/tui/theme.go:38.11,40.3 1 20
github.com/Ashes47/braids/internal/tui/theme.go:41.2,41.133 1 0
github.com/Ashes47/braids/internal/tui/theme.go:69.41,71.45 2 19
github.com/Ashes47/braids/internal/tui/theme.go:71.45,71.63 1 133
github.com/Ashes47/braids/internal/tui/theme.go:73.2,102.3 8 19
