mode: atomic
github.com/Ashes47/braids/internal/core/model/model.go:58.49,60.28 2 5
github.com/Ashes47/braids/internal/core/model/model.go:60.28,61.53 1 16
github.com/Ashes47/braids/internal/core/model/model.go:61.53,62.12 1 7
github.com/Ashes47/braids/internal/core/model/model.go:64.3,64.19 1 9
github.com/Ashes47/braids/internal/core/model/model.go:64.19,65.12 1 3
github.com/Ashes47/braids/internal/core/model/model.go:67.3,67.18 1 6
github.com/Ashes47/braids/internal/core/model/model.go:67.18,69.4 1 3
github.com/Ashes47/braids/internal/core/model/model.go:70.3,70.24 1 6
github.com/Ashes47/braids/internal/core/model/model.go:72.2,72.19 1 5
github.com/Ashes47/braids/internal/core/model/model.go:75.54,76.29 1 12
github.com/Ashes47/braids/internal/core/model/model.go:76.29,77.16 1 14
github.com/Ashes47/braids/internal/core/model/model.go:77.16,79.4 1 5
github.com/Ashes47/braids/internal/core/model/model.go:81.2,81.14 1 7
github.com/Ashes47/braids/internal/core/watch/watch.go:33.41,35.16 2 5
github.com/Ashes47/braids/internal/core/watch/watch.go:35.16,37.3 1 0
github.com/Ashes47/braids/internal/core/watch/watch.go:38.2,43.42 2 5
github.com/Ashes47/braids/internal/core/watch/watch.go:43.42,45.3 1 0
github.com/Ashes47/braids/internal/core/watch/watch.go:46.2,47.15 2 5
github.com/Ashes47/braids/internal/core/watch/watch.go:52.45,52.65 1 6
github.com/Ashes47/braids/internal/core/watch/watch.go:55.33,56.19 1 7
github.com/Ashes47/braids/internal/core/watch/watch.go:56.19,56.36 1 5
github.com/Ashes47/braids/internal/core/watch/watch.go:57.2,57.21 1 7
github.com/Ashes47/braids/internal/core/watch/watch.go:62.48,63.39 1 5
github.com/Ashes47/braids/internal/core/watch/watch.go:63.39,65.3 1 0
github.com/Ashes47/braids/internal/core/watch/watch.go:66.2,67.16 2 5
github.com/Ashes47/braids/internal/core/watch/watch.go:67.16,69.3 1 0
github.com/Ashes47/braids/internal/core/watch/watch.go:70.2,70.28 1 5
github.com/Ashes47/braids/internal/core/watch/watch.go:70.28,71.17 1 5
github.com/Ashes47/braids/internal/core/watch/watch.go:71.17,72.12 1 0
github.com/Ashes47/braids/internal/core/watch/watch.go:76.3,76.46 1 5
github.com/Ashes47/braids/internal/core/watch/watch.go:78.2,78.12 1 5
github.com/Ashes47/braids/internal/core/watch/watch.go:81.25,83.19 2 5
github.com/Ashes47/braids/internal/core/watch/watch.go:83.19,85.3 1 0
github.com/Ashes47/braids/internal/core/watch/watch.go:86.2,88.6 2 5
github.com/Ashes47/braids/internal/core/watch/watch.go:88.6,89.10 1 33
github.com/Ashes47/braids/internal/core/watch/watch.go:90.17,91.10 1 5
github.com/Ashes47/braids/internal/core/watch/watch.go:93.35,94.11 1 24
github.com/Ashes47/braids/internal/core/watch/watch.go:94.11,96.5 1 0
github.com/Ashes47/braids/internal/core/watch/watch.go:99.4,99.55 1 24
github.com/Ashes47/braids/internal/core/watch/watch.go:99.55,101.5 1 1
github.com/Ashes47/braids/internal/core/watch/watch.go:102.4,102.27 1 24
github.com/Ashes47/braids/internal/core/watch/watch.go:102.27,103.13 1 1
github.com/Ashes47/braids/internal/core/watch/watch.go:105.4,105.16 1 23
github.com/Ashes47/braids/internal/core/watch/watch.go:105.16,107.5 1 4
github.com/Ashes47/braids/internal/core/watch/watch.go:107.10,107.28 1 19
github.com/Ashes47/braids/internal/core/watch/watch.go:107.28,108.12 1 0
github.com/Ashes47/braids/internal/core/watch/watch.go:109.20,109.20 0 0
github.com/Ashes47/braids/internal/core/watch/watch.go:110.13,110.13 0 0
github.com/Ashes47/braids/internal/core/watch/watch.go:113.4,113.23 1 23
github.com/Ashes47/braids/internal/core/watch/watch.go:115.18,117.11 2 4
github.com/Ashes47/braids/internal/core/watch/watch.go:118.33,118.33 0 4
github.com/Ashes47/braids/internal/core/watch/watch.go:119.12,119.12 0 0
github.com/Ashes47/braids/internal/core/watch/watch.go:122.22,122.22 0 0
github.com/Ashes47/braids/internal/core/watch/watch.go:130.45,131.32 1 24
github.com/Ashes47/braids/internal/core/watch/watch.go:131.32,133.3 1 0
github.com/Ashes47/braids/internal/core/watch/watch.go:134.2,134.69 1 24
github.com/Ashes47/braids/internal/core/watch/watch.go:137.30,140.2 2 7
github.com/Ashes47/braids/internal/core/store/claudecode/birthtime_darwin.go:13.44,15.9 2 27
github.com/Ashes47/braids/internal/core/store/claudecode/birthtime_darwin.go:15.9,17.3 1 0
github.com/Ashes47/braids/internal/core/store/claudecode/birthtime_darwin.go:18.2,18.63 1 27
github.com/Ashes47/braids/internal/core/store/claudecode/branch.go:29.91,30.25 1 6
github.com/Ashes47/braids/internal/core/store/claudecode/branch.go:30.25,32.3 1 1
github.com/Ashes47/braids/internal/core/store/claudecode/branch.go:33.2,34.16 2 5
github.com/Ashes47/braids/internal/core/store/claudecode/branch.go:34.16,36.3 1 0
github.com/Ashes47/braids/internal/core/store/claudecode/branch.go:37.2,38.16 2 5
github.com/Ashes47/braids/internal/core/store/claudecode/branch.go:38.16,40.3 1 1
github.com/Ashes47/braids/internal/core/store/claudecode/branch.go:42.2,43.16 2 4
github.com/Ashes47/braids/internal/core/store/claudecode/branch.go:43.16,45.3 1 0
github.com/Ashes47/braids/internal/core/store/claudecode/branch.go:46.2,47.72 2 4
github.com/Ashes47/braids/internal/core/store/claudecode/branch.go:47.72,49.3 1 0
github.com/Ashes47/braids/internal/core/store/claudecode/branch.go:51.2,52.16 2 4
github.com/Ashes47/braids/internal/core/store/claudecode/branch.go:52.16,54.3 1 0
github.com/Ashes47/braids/internal/core/store/claudecode/branch.go:55.2,64.8 1 4
github.com/Ashes47/braids/internal/core/store/claudecode/branch.go:74.45,76.16 2 6
github.com/Ashes47/braids/internal/core/store/claudecode/branch.go:76.16,78.3 1 0
github.com/Ashes47/braids/internal/core/store/claudecode/branch.go:79.2,83.16 4 6
github.com/Ashes47/braids/internal/core/store/claudecode/branch.go:83.16,86.49 3 32
github.com/Ashes47/braids/internal/core/store/claudecode/branch.go:86.49,88.12 2 0
github.com/Ashes47/braids/internal/core/store/claudecode/branch.go:90.3,90.72 1 32
github.com/Ashes47/braids/internal/core/store/claudecode/branch.go:92.2,92.33 1 6
github.com/Ashes47/braids/internal/core/store/claudecode/branch.go:92.33,94.3 1 0
github.com/Ashes47/braids/internal/core/store/claudecode/branch.go:95.2,95.17 1 6
github.com/Ashes47/braids/internal/core/store/claudecode/branch.go:101.69,104.26 3 5
github.com/Ashes47/braids/internal/core/store/claudecode/branch.go:104.26,105.19 1 30
github.com/Ashes47/braids/internal/core/store/claudecode/branch.go:105.19,106.12 1 5
github.com/Ashes47/braids/internal/core/store/claudecode/branch.go:108.3,109.23 2 25
github.com/Ashes47/braids/internal/core/store/claudecode/branch.go:109.23,111.4 1 4
github.com/Ashes47/braids/internal/core/store/claudecode/branch.go:113.2,113.12 1 5
github.com/Ashes47/braids/internal/core/store/claudecode/branch.go:113.12,115.3 1 1
github.com/Ashes47/braids/internal/core/store/claudecode/branch.go:117.2,118.65 2 4
github.com/Ashes47/braids/internal/core/store/claudecode/branch.go:118.65,120.3 1 11
github.com/Ashes47/braids/internal/core/store/claudecode/branch.go:121.2,121.18 1 4
github.com/Ashes47/braids/internal/core/store/claudecode/branch.go:124.126,126.16 2 4
github.com/Ashes47/braids/internal/core/store/claudecode/branch.go:126.16,128.3 1 0
github.com/Ashes47/braids/internal/core/store/claudecode/branch.go:129.2,132.29 3 4
github.com/Ashes47/braids/internal/core/store/claudecode/branch.go:132.29,134.17 2 6
github.com/Ashes47/braids/internal/core/store/claudecode/branch.go:134.17,136.4 1 0
github.com/Ashes47/braids/internal/core/store/claudecode/branch.go:137.3,138.13 2 6
github.com/Ashes47/braids/internal/core/store/claudecode/branch.go:141.2,141.21 1 4
github.com/Ashes47/braids/internal/core/store/claudecode/branch.go:141.21,142.21 1 4
github.com/Ashes47/braids/internal/core/store/claudecode/branch.go:142.21,145.19 1 2
github.com/Ashes47/braids/internal/core/store/claudecode/branch.go:145.19,147.5 1 0
github.com/Ashes47/braids/internal/core/store/claudecode/branch.go:149.3,149.27 1 4
github.com/Ashes47/braids/internal/core/store/claudecode/branch.go:149.27,150.36 1 24
github.com/Ashes47/braids/internal/core/store/claudecode/branch.go:150.36,152.5 1 0
github.com/Ashes47/braids/internal/core/store/claudecode/branch.go:153.4,153.37 1 24
github.com/Ashes47/braids/internal/core/store/claudecode/branch.go:153.37,154.13 1 13
github.com/Ashes47/braids/internal/core/store/claudecode/branch.go:156.4,157.18 2 11
github.com/Ashes47/braids/internal/core/store/claudecode/branch.go:157.18,159.5 1 0
github.com/Ashes47/braids/internal/core/store/claudecode/branch.go:160.4,160.64 1 11
github.com/Ashes47/braids/internal/core/store/claudecode/branch.go:160.64,162.5 1 0
github.com/Ashes47/braids/internal/core/store/claudecode/branch.go:165.3,167.5 1 4
github.com/Ashes47/braids/internal/core/store/claudecode/branch.go:169.2,169.16 1 4
github.com/Ashes47/braids/internal/core/store/claudecode/branch.go:169.16,171.3 1 0
github.com/Ashes47/braids/internal/core/store/claudecode/branch.go:172.2,172.36 1 4
github.com/Ashes47/braids/internal/core/store/claudecode/branch.go:172.36,174.3 1 0
github.com/Ashes47/braids/internal/core/store/claudecode/branch.go:175.2,175.49 1 4
github.com/Ashes47/braids/internal/core/store/claudecode/branch.go:175.49,177.3 1 0
github.com/Ashes47/braids/internal/core/store/claudecode/branch.go:178.2,178.12 1 4
github.com/Ashes47/braids/internal/core/store/claudecode/branch.go:182.57,184.9 2 11
github.com/Ashes47/braids/internal/core/store/claudecode/branch.go:184.9,187.3 1 0
github.com/Ashes47/braids/internal/core/store/claudecode/branch.go:188.2,189.16 2 11
github.com/Ashes47/braids/internal/core/store/claudecode/branch.go:189.16,191.3 1 0
github.com/Ashes47/braids/internal/core/store/claudecode/branch.go:192.2,192.58 1 11
github.com/Ashes47/braids/internal/core/store/claudecode/branch.go:192.58,193.31 1 22
github.com/Ashes47/braids/internal/core/store/claudecode/branch.go:193.31,195.4 1 11
github.com/Ashes47/braids/internal/core/store/claudecode/branch.go:197.2,198.16 2 11
github.com/Ashes47/braids/internal/core/store/claudecode/branch.go:198.16,200.3 1 0
github.com/Ashes47/braids/internal/core/store/claudecode/branch.go:201.2,201.17 1 11
github.com/Ashes47/braids/internal/core/store/claudecode/branch.go:206.66,208.53 2 13
github.com/Ashes47/braids/internal/core/store/claudecode/branch.go:208.53,210.3 1 0
github.com/Ashes47/braids/internal/core/store/claudecode/branch.go:211.2,211.21 1 13
github.com/Ashes47/braids/internal/core/store/claudecode/branch.go:215.37,217.43 2 5
github.com/Ashes47/braids/internal/core/store/claudecode/branch.go:217.43,219.3 1 0
github.com/Ashes47/braids/internal/core/store/claudecode/branch.go:220.2,223.85 4 5
github.com/Ashes47/braids/internal/core/store/claudecode/branch.go:226.30,227.18 1 1
github.com/Ashes47/braids/internal/core/store/claudecode/branch.go:227.18,229.3 1 1
github.com/Ashes47/braids/internal/core/store/claudecode/branch.go:230.2,230.15 1 0
github.com/Ashes47/braids/internal/core/store/claudecode/branch.go:247.89,248.22 1 2
github.com/Ashes47/braids/internal/core/store/claudecode/branch.go:248.22,250.3 1 1
github.com/Ashes47/braids/internal/core/store/claudecode/branch.go:251.2,252.16 2 1
github.com/Ashes47/braids/internal/core/store/claudecode/branch.go:252.16,254.3 1 0
github.com/Ashes47/braids/internal/core/store/claudecode/branch.go:255.2,256.16 2 1
github.com/Ashes47/braids/internal/core/store/claudecode/branch.go:256.16,258.3 1 0
github.com/Ashes47/braids/internal/core/store/claudecode/branch.go:262.2,266.70 4 1
github.com/Ashes47/braids/internal/core/store/claudecode/branch.go:266.70,268.3 1 0
github.com/Ashes47/braids/internal/core/store/claudecode/branch.go:269.2,270.16 2 1
github.com/Ashes47/braids/internal/core/store/claudecode/branch.go:270.16,272.3 1 0
github.com/Ashes47/braids/internal/core/store/claudecode/branch.go:273.2,281.8 1 1
github.com/Ashes47/braids/internal/core/store/claudecode/branch.go:284.49,285.9 1 1
github.com/Ashes47/braids/internal/core/store/claudecode/branch.go:286.44,287.40 1 1
github.com/Ashes47/braids/internal/core/store/claudecode/branch.go:288.24,289.20 1 0
github.com/Ashes47/braids/internal/core/store/claudecode/branch.go:290.24,291.20 1 0
github.com/Ashes47/braids/internal/core/store/claudecode/branch.go:292.10,293.26 1 0
github.com/Ashes47/braids/internal/core/store/claudecode/branch.go:297.88,299.16 2 1
github.com/Ashes47/braids/internal/core/store/claudecode/branch.go:299.16,301.3 1 0
github.com/Ashes47/braids/internal/core/store/claudecode/branch.go:302.2,305.21 3 1
github.com/Ashes47/braids/internal/core/store/claudecode/branch.go:305.21,309.17 2 1
github.com/Ashes47/braids/internal/core/store/claudecode/branch.go:309.17,311.4 1 0
github.com/Ashes47/braids/internal/core/store/claudecode/branch.go:312.3,312.60 1 1
github.com/Ashes47/braids/internal/core/store/claudecode/branch.go:312.60,314.4 1 0
github.com/Ashes47/braids/internal/core/store/claudecode/branch.go:315.3,316.27 2 1
github.com/Ashes47/braids/internal/core/store/claudecode/branch.go:316.27,317.36 1 2
github.com/Ashes47/braids/internal/core/store/claudecode/branch.go:317.36,319.5 1 0
github.com/Ashes47/braids/internal/core/store/claudecode/branch.go:320.4,321.18 2 2
github.com/Ashes47/braids/internal/core/store/claudecode/branch.go:321.18,323.5 1 0
github.com/Ashes47/braids/internal/core/store/claudecode/branch.go:324.4,324.64 1 2
github.com/Ashes47/braids/internal/core/store/claudecode/branch.go:324.64,326.5 1 0
github.com/Ashes47/braids/internal/core/store/claudecode/branch.go:327.4,327.20 1 2
github.com/Ashes47/braids/internal/core/store/claudecode/branch.go:327.20,329.5 1 2
github.com/Ashes47/braids/internal/core/store/claudecode/branch.go:331.3,331.17 1 1
github.com/Ashes47/braids/internal/core/store/claudecode/branch.go:331.17,333.4 1 0
github.com/Ashes47/braids/internal/core/store/claudecode/branch.go:334.3,337.17 2 1
github.com/Ashes47/braids/internal/core/store/claudecode/branch.go:337.17,339.4 1 0
github.com/Ashes47/braids/internal/core/store/claudecode/branch.go:340.3,341.13 2 1
github.com/Ashes47/braids/internal/core/store/claudecode/branch.go:343.2,343.16 1 1
github.com/Ashes47/braids/internal/core/store/claudecode/branch.go:343.16,345.3 1 0
github.com/Ashes47/braids/internal/core/store/claudecode/branch.go:346.2,346.36 1 1
github.com/Ashes47/braids/internal/core/store/claudecode/branch.go:346.36,348.3 1 0
github.com/Ashes47/braids/internal/core/store/claudecode/branch.go:349.2,349.49 1 1
github.com/Ashes47/braids/internal/core/store/claudecode/branch.go:349.49,351.3 1 0
github.com/Ashes47/braids/internal/core/store/claudecode/branch.go:352.2,352.12 1 1
github.com/Ashes47/braids/internal/core/store/claudecode/branch.go:356.60,358.9 2 2
github.com/Ashes47/braids/internal/core/store/claudecode/branch.go:358.9,360.3 1 0
github.com/Ashes47/braids/internal/core/store/claudecode/branch.go:361.2,364.16 4 2
github.com/Ashes47/braids/internal/core/store/claudecode/branch.go:364.16,366.3 1 0
github.com/Ashes47/braids/internal/core/store/claudecode/branch.go:367.2,367.58 1 2
github.com/Ashes47/braids/internal/core/store/claudecode/branch.go:367.58,368.41 1 4
github.com/Ashes47/braids/internal/core/store/claudecode/branch.go:368.41,370.4 1 2
github.com/Ashes47/braids/internal/core/store/claudecode/branch.go:372.2,373.16 2 2
github.com/Ashes47/braids/internal/core/store/claudecode/branch.go:373.16,375.3 1 0
github.com/Ashes47/braids/internal/core/store/claudecode/branch.go:376.2,376.17 1 2
github.com/Ashes47/braids/internal/core/store/claudecode/claudecode.go:33.31,33.61 1 15
github.com/Ashes47/braids/internal/core/store/claudecode/claudecode.go:36.36,38.16 2 0
github.com/Ashes47/braids/internal/core/store/claudecode/claudecode.go:38.16,40.3 1 0
github.com/Ashes47/braids/internal/core/store/claudecode/claudecode.go:41.2,41.56 1 0
github.com/Ashes47/braids/internal/core/store/claudecode/claudecode.go:45.32,45.55 1 27
github.com/Ashes47/braids/internal/core/store/claudecode/claudecode.go:48.52,56.2 1 0
github.com/Ashes47/braids/internal/core/store/claudecode/claudecode.go:65.67,67.16 2 18
github.com/Ashes47/braids/internal/core/store/claudecode/claudecode.go:67.16,69.3 1 0
github.com/Ashes47/braids/internal/core/store/claudecode/claudecode.go:70.2,71.35 2 18
github.com/Ashes47/braids/internal/core/store/claudecode/claudecode.go:71.35,72.23 1 18
github.com/Ashes47/braids/internal/core/store/claudecode/claudecode.go:72.23,73.12 1 0
github.com/Ashes47/braids/internal/core/store/claudecode/claudecode.go:75.3,77.17 3 18
github.com/Ashes47/braids/internal/core/store/claudecode/claudecode.go:77.17,79.4 1 0
github.com/Ashes47/braids/internal/core/store/claudecode/claudecode.go:80.3,80.29 1 18
github.com/Ashes47/braids/internal/core/store/claudecode/claudecode.go:80.29,81.36 1 27
github.com/Ashes47/braids/internal/core/store/claudecode/claudecode.go:81.36,83.5 1 0
github.com/Ashes47/braids/internal/core/store/claudecode/claudecode.go:84.4,84.59 1 27
github.com/Ashes47/braids/internal/core/store/claudecode/claudecode.go:84.59,85.13 1 5
github.com/Ashes47/braids/internal/core/store/claudecode/claudecode.go:87.4,88.18 2 22
github.com/Ashes47/braids/internal/core/store/claudecode/claudecode.go:88.18,90.5 1 0
github.com/Ashes47/braids/internal/core/store/claudecode/claudecode.go:91.4,101.31 3 22
github.com/Ashes47/braids/internal/core/store/claudecode/claudecode.go:104.2,104.19 1 18
github.com/Ashes47/braids/internal/core/store/claudecode/claudecode.go:110.81,112.16 2 3
github.com/Ashes47/braids/internal/core/store/claudecode/claudecode.go:112.16,114.3 1 0
github.com/Ashes47/braids/internal/core/store/claudecode/claudecode.go:115.2,116.18 2 3
github.com/Ashes47/braids/internal/core/store/claudecode/claudecode.go:121.90,123.16 2 8
github.com/Ashes47/braids/internal/core/store/claudecode/claudecode.go:123.16,125.3 1 0
github.com/Ashes47/braids/internal/core/store/claudecode/claudecode.go:126.2,136.16 4 8
github.com/Ashes47/braids/internal/core/store/claudecode/claudecode.go:136.16,137.35 1 30
github.com/Ashes47/braids/internal/core/store/claudecode/claudecode.go:137.35,139.4 1 0
github.com/Ashes47/braids/internal/core/store/claudecode/claudecode.go:140.3,141.56 2 30
github.com/Ashes47/braids/internal/core/store/claudecode/claudecode.go:141.56,142.12 1 1
github.com/Ashes47/braids/internal/core/store/claudecode/claudecode.go:144.3,144.19 1 29
github.com/Ashes47/braids/internal/core/store/claudecode/claudecode.go:144.19,145.12 1 6
github.com/Ashes47/braids/internal/core/store/claudecode/claudecode.go:147.3,149.10 3 23
github.com/Ashes47/braids/internal/core/store/claudecode/claudecode.go:149.10,151.12 2 7
github.com/Ashes47/braids/internal/core/store/claudecode/claudecode.go:153.3,155.36 3 16
github.com/Ashes47/braids/internal/core/store/claudecode/claudecode.go:155.36,157.4 1 1
github.com/Ashes47/braids/internal/core/store/claudecode/claudecode.go:159.2,159.33 1 7
github.com/Ashes47/braids/internal/core/store/claudecode/claudecode.go:159.33,161.3 1 0
github.com/Ashes47/braids/internal/core/store/claudecode/claudecode.go:162.2,162.12 1 7
github.com/Ashes47/braids/internal/core/store/claudecode/claudecode.go:165.44,169.2 3 20
github.com/Ashes47/braids/internal/core/store/claudecode/claudecode.go:173.38,175.21 2 22
github.com/Ashes47/braids/internal/core/store/claudecode/claudecode.go:175.21,177.3 1 0
github.com/Ashes47/braids/internal/core/store/claudecode/claudecode.go:178.2,178.28 1 22
github.com/Ashes47/braids/internal/core/store/claudecode/claudecode.go:186.59,188.16 2 3
github.com/Ashes47/braids/internal/core/store/claudecode/claudecode.go:188.16,190.3 1 0
github.com/Ashes47/braids/internal/core/store/claudecode/claudecode.go:191.2,195.16 4 3
github.com/Ashes47/braids/internal/core/store/claudecode/claudecode.go:195.16,197.57 2 9
github.com/Ashes47/braids/internal/core/store/claudecode/claudecode.go:197.57,201.39 2 1
github.com/Ashes47/braids/internal/core/store/claudecode/claudecode.go:201.39,203.5 1 1
github.com/Ashes47/braids/internal/core/store/claudecode/claudecode.go:205.3,205.26 1 9
github.com/Ashes47/braids/internal/core/store/claudecode/claudecode.go:205.26,206.12 1 5
github.com/Ashes47/braids/internal/core/store/claudecode/claudecode.go:208.3,209.50 2 4
github.com/Ashes47/braids/internal/core/store/claudecode/claudecode.go:209.50,210.12 1 0
github.com/Ashes47/braids/internal/core/store/claudecode/claudecode.go:212.3,212.10 1 4
github.com/Ashes47/braids/internal/core/store/claudecode/claudecode.go:213.28,214.26 1 2
github.com/Ashes47/braids/internal/core/store/claudecode/claudecode.go:215.24,216.18 1 1
github.com/Ashes47/braids/internal/core/store/claudecode/claudecode.go:217.26,218.23 1 1
github.com/Ashes47/braids/internal/core/store/claudecode/claudecode.go:221.2,221.33 1 3
github.com/Ashes47/braids/internal/core/store/claudecode/claudecode.go:221.33,223.3 1 0
github.com/Ashes47/braids/internal/core/store/claudecode/claudecode.go:224.2,224.51 1 3
github.com/Ashes47/braids/internal/core/store/claudecode/claudecode.go:227.37,228.31 1 9
github.com/Ashes47/braids/internal/core/store/claudecode/claudecode.go:228.31,229.30 1 15
github.com/Ashes47/braids/internal/core/store/claudecode/claudecode.go:229.30,231.4 1 4
github.com/Ashes47/braids/internal/core/store/claudecode/claudecode.go:233.2,233.14 1 5
github.com/Ashes47/braids/internal/core/store/claudecode/claudecode.go:236.43,237.25 1 3
github.com/Ashes47/braids/internal/core/store/claudecode/claudecode.go:237.25,238.14 1 5
github.com/Ashes47/braids/internal/core/store/claudecode/claudecode.go:238.14,240.4 1 3
github.com/Ashes47/braids/internal/core/store/claudecode/claudecode.go:242.2,242.11 1 0
github.com/Ashes47/braids/internal/core/store/claudecode/claudecode.go:279.64,280.50 1 29
github.com/Ashes47/braids/internal/core/store/claudecode/claudecode.go:280.50,282.3 1 7
github.com/Ashes47/braids/internal/core/store/claudecode/claudecode.go:283.2,284.16 2 22
github.com/Ashes47/braids/internal/core/store/claudecode/claudecode.go:285.14,286.24 1 14
github.com/Ashes47/braids/internal/core/store/claudecode/claudecode.go:287.19,288.29 1 8
github.com/Ashes47/braids/internal/core/store/claudecode/claudecode.go:289.10,290.32 1 0
github.com/Ashes47/braids/internal/core/store/claudecode/claudecode.go:292.2,293.21 2 22
github.com/Ashes47/braids/internal/core/store/claudecode/claudecode.go:293.21,295.3 1 0
github.com/Ashes47/braids/internal/core/store/claudecode/claudecode.go:296.2,303.9 2 22
github.com/Ashes47/braids/internal/core/store/claudecode/claudecode.go:310.35,311.25 1 55
github.com/Ashes47/braids/internal/core/store/claudecode/claudecode.go:311.25,313.3 1 33
github.com/Ashes47/braids/internal/core/store/claudecode/claudecode.go:314.2,314.32 1 22
github.com/Ashes47/braids/internal/core/store/claudecode/claudecode.go:314.32,316.3 1 2
github.com/Ashes47/braids/internal/core/store/claudecode/claudecode.go:317.2,317.11 1 20
github.com/Ashes47/braids/internal/core/store/claudecode/claudecode.go:322.51,323.19 1 22
github.com/Ashes47/braids/internal/core/store/claudecode/claudecode.go:323.19,325.3 1 0
github.com/Ashes47/braids/internal/core/store/claudecode/claudecode.go:326.2,327.51 2 22
github.com/Ashes47/braids/internal/core/store/claudecode/claudecode.go:327.51,328.36 1 12
github.com/Ashes47/braids/internal/core/store/claudecode/claudecode.go:328.36,330.4 1 0
github.com/Ashes47/braids/internal/core/store/claudecode/claudecode.go:331.3,331.58 1 12
github.com/Ashes47/braids/internal/core/store/claudecode/claudecode.go:333.2,334.53 2 10
github.com/Ashes47/braids/internal/core/store/claudecode/claudecode.go:334.53,336.3 1 0
github.com/Ashes47/braids/internal/core/store/claudecode/claudecode.go:337.2,338.27 2 10
github.com/Ashes47/braids/internal/core/store/claudecode/claudecode.go:338.27,339.30 1 12
github.com/Ashes47/braids/internal/core/store/claudecode/claudecode.go:339.30,341.4 1 12
github.com/Ashes47/braids/internal/core/store/claudecode/claudecode.go:343.2,343.14 1 10
github.com/Ashes47/braids/internal/core/store/claudecode/claudecode.go:346.44,347.16 1 12
github.com/Ashes47/braids/internal/core/store/claudecode/claudecode.go:348.14,349.38 1 8
github.com/Ashes47/braids/internal/core/store/claudecode/claudecode.go:349.38,351.4 1 0
github.com/Ashes47/braids/internal/core/store/claudecode/claudecode.go:352.3,352.62 1 8
github.com/Ashes47/braids/internal/core/store/claudecode/claudecode.go:353.18,354.42 1 1
github.com/Ashes47/braids/internal/core/store/claudecode/claudecode.go:354.42,356.4 1 0
github.com/Ashes47/braids/internal/core/store/claudecode/claudecode.go:357.3,357.70 1 1
github.com/Ashes47/braids/internal/core/store/claudecode/claudecode.go:358.18,359.98 1 1
github.com/Ashes47/braids/internal/core/store/claudecode/claudecode.go:360.21,362.17 2 2
github.com/Ashes47/braids/internal/core/store/claudecode/claudecode.go:362.17,364.4 1 0
github.com/Ashes47/braids/internal/core/store/claudecode/claudecode.go:365.3,365.83 1 2
github.com/Ashes47/braids/internal/core/store/claudecode/claudecode.go:366.10,367.29 1 0
github.com/Ashes47/braids/internal/core/store/claudecode/claudecode.go:372.42,373.19 1 2
github.com/Ashes47/braids/internal/core/store/claudecode/claudecode.go:373.19,375.3 1 0
github.com/Ashes47/braids/internal/core/store/claudecode/claudecode.go:376.2,377.51 2 2
github.com/Ashes47/braids/internal/core/store/claudecode/claudecode.go:377.51,379.3 1 1
github.com/Ashes47/braids/internal/core/store/claudecode/claudecode.go:380.2,381.53 2 1
github.com/Ashes47/braids/internal/core/store/claudecode/claudecode.go:381.53,383.3 1 0
github.com/Ashes47/braids/internal/core/store/claudecode/claudecode.go:384.2,385.29 2 1
github.com/Ashes47/braids/internal/core/store/claudecode/claudecode.go:385.29,386.21 1 1
github.com/Ashes47/braids/internal/core/store/claudecode/claudecode.go:386.21,387.12 1 0
github.com/Ashes47/braids/internal/core/store/claudecode/claudecode.go:389.3,389.18 1 1
github.com/Ashes47/braids/internal/core/store/claudecode/claudecode.go:389.18,391.4 1 0
github.com/Ashes47/braids/internal/core/store/claudecode/claudecode.go:392.3,392.26 1 1
github.com/Ashes47/braids/internal/core/store/claudecode/claudecode.go:394.2,394.19 1 1
github.com/Ashes47/braids/internal/core/store/claudecode/subagents.go:29.92,32.36 3 4
github.com/Ashes47/braids/internal/core/store/claudecode/subagents.go:32.36,34.3 1 1
github.com/Ashes47/braids/internal/core/store/claudecode/subagents.go:35.2,35.16 1 3
github.com/Ashes47/braids/internal/core/store/claudecode/subagents.go:35.16,37.3 1 0
github.com/Ashes47/braids/internal/core/store/claudecode/subagents.go:39.2,40.28 2 3
github.com/Ashes47/braids/internal/core/store/claudecode/subagents.go:40.28,41.35 1 6
github.com/Ashes47/braids/internal/core/store/claudecode/subagents.go:41.35,43.4 1 0
github.com/Ashes47/braids/internal/core/store/claudecode/subagents.go:44.3,45.54 2 6
github.com/Ashes47/braids/internal/core/store/claudecode/subagents.go:45.54,46.12 1 3
github.com/Ashes47/braids/internal/core/store/claudecode/subagents.go:48.3,52.85 4 3
github.com/Ashes47/braids/internal/core/store/claudecode/subagents.go:52.85,55.4 2 3
github.com/Ashes47/braids/internal/core/store/claudecode/subagents.go:56.3,57.27 2 3
github.com/Ashes47/braids/internal/core/store/claudecode/subagents.go:59.2,59.17 1 3
github.com/Ashes47/braids/internal/core/store/claudecode/subagents.go:62.58,64.16 2 3
github.com/Ashes47/braids/internal/core/store/claudecode/subagents.go:64.16,66.3 1 0
github.com/Ashes47/braids/internal/core/store/claudecode/subagents.go:67.2,68.52 2 3
github.com/Ashes47/braids/internal/core/store/claudecode/subagents.go:68.52,70.3 1 0
github.com/Ashes47/braids/internal/core/store/claudecode/subagents.go:71.2,71.18 1 3
github.com/Ashes47/braids/internal/core/store/claudecode/subagents.go:76.37,78.16 2 3
github.com/Ashes47/braids/internal/core/store/claudecode/subagents.go:78.16,80.3 1 0
github.com/Ashes47/braids/internal/core/store/claudecode/subagents.go:81.2,85.16 4 3
github.com/Ashes47/braids/internal/core/store/claudecode/subagents.go:85.16,87.44 2 6
github.com/Ashes47/braids/internal/core/store/claudecode/subagents.go:87.44,88.12 1 0
github.com/Ashes47/braids/internal/core/store/claudecode/subagents.go:90.3,90.35 1 6
github.com/Ashes47/braids/internal/core/store/claudecode/subagents.go:90.35,92.4 1 6
github.com/Ashes47/braids/internal/core/store/claudecode/subagents.go:94.2,94.10 1 3
github.com/Ashes47/braids/internal/core/index/index.go:136.40,138.16 2 12
github.com/Ashes47/braids/internal/core/index/index.go:138.16,140.3 1 0
github.com/Ashes47/braids/internal/core/index/index.go:141.2,148.4 1 12
github.com/Ashes47/braids/internal/core/index/index.go:148.4,149.44 1 36
github.com/Ashes47/braids/internal/core/index/index.go:149.44,151.4 1 0
github.com/Ashes47/braids/internal/core/index/index.go:153.2,153.36 1 12
github.com/Ashes47/braids/internal/core/index/index.go:153.36,155.3 1 0
github.com/Ashes47/braids/internal/core/index/index.go:156.2,156.28 1 12
github.com/Ashes47/braids/internal/core/index/index.go:162.32,164.74 2 12
github.com/Ashes47/braids/internal/core/index/index.go:164.74,166.3 1 0
github.com/Ashes47/braids/internal/core/index/index.go:167.2,167.30 1 12
github.com/Ashes47/braids/internal/core/index/index.go:167.30,168.45 1 12
github.com/Ashes47/braids/internal/core/index/index.go:168.45,170.4 1 0
github.com/Ashes47/braids/internal/core/index/index.go:172.2,172.43 1 12
github.com/Ashes47/braids/internal/core/index/index.go:172.43,174.3 1 0
github.com/Ashes47/braids/internal/core/index/index.go:175.2,175.89 1 12
github.com/Ashes47/braids/internal/core/index/index.go:175.89,177.3 1 0
github.com/Ashes47/braids/internal/core/index/index.go:178.2,178.12 1 12
github.com/Ashes47/braids/internal/core/index/index.go:182.32,182.56 1 12
github.com/Ashes47/braids/internal/core/index/index.go:187.80,190.16 3 8
github.com/Ashes47/braids/internal/core/index/index.go:190.16,192.3 1 0
github.com/Ashes47/braids/internal/core/index/index.go:194.2,195.16 2 8
github.com/Ashes47/braids/internal/core/index/index.go:195.16,197.3 1 0
github.com/Ashes47/braids/internal/core/index/index.go:198.2,203.4 2 8
github.com/Ashes47/braids/internal/core/index/index.go:203.4,204.54 1 32
github.com/Ashes47/braids/internal/core/index/index.go:204.54,206.4 1 0
github.com/Ashes47/braids/internal/core/index/index.go:209.2,210.29 2 8
github.com/Ashes47/braids/internal/core/index/index.go:210.29,212.17 2 17
github.com/Ashes47/braids/internal/core/index/index.go:212.17,214.4 1 0
github.com/Ashes47/braids/internal/core/index/index.go:215.3,216.23 2 17
github.com/Ashes47/braids/internal/core/index/index.go:218.2,218.36 1 8
github.com/Ashes47/braids/internal/core/index/index.go:218.36,220.3 1 0
github.com/Ashes47/braids/internal/core/index/index.go:221.2,222.19 2 8
github.com/Ashes47/braids/internal/core/index/index.go:231.77,234.16 3 11
github.com/Ashes47/braids/internal/core/index/index.go:234.16,236.3 1 0
github.com/Ashes47/braids/internal/core/index/index.go:237.2,238.16 2 11
github.com/Ashes47/braids/internal/core/index/index.go:238.16,240.3 1 0
github.com/Ashes47/braids/internal/core/index/index.go:241.2,242.26 2 11
github.com/Ashes47/braids/internal/core/index/index.go:242.26,244.3 1 12
github.com/Ashes47/braids/internal/core/index/index.go:246.2,247.16 2 11
github.com/Ashes47/braids/internal/core/index/index.go:247.16,249.3 1 0
github.com/Ashes47/braids/internal/core/index/index.go:250.2,254.29 4 11
github.com/Ashes47/braids/internal/core/index/index.go:254.29,258.107 2 22
github.com/Ashes47/braids/internal/core/index/index.go:258.107,261.12 3 9
github.com/Ashes47/braids/internal/core/index/index.go:263.3,264.17 2 13
github.com/Ashes47/braids/internal/core/index/index.go:264.17,266.4 1 0
github.com/Ashes47/braids/internal/core/index/index.go:267.3,268.23 2 13
github.com/Ashes47/braids/internal/core/index/index.go:270.2,270.25 1 11
github.com/Ashes47/braids/internal/core/index/index.go:270.25,271.16 1 12
github.com/Ashes47/braids/internal/core/index/index.go:271.16,272.50 1 1
github.com/Ashes47/braids/internal/core/index/index.go:272.50,274.5 1 0
github.com/Ashes47/braids/internal/core/index/index.go:277.2,277.36 1 11
github.com/Ashes47/braids/internal/core/index/index.go:277.36,279.3 1 0
github.com/Ashes47/braids/internal/core/index/index.go:280.2,281.19 2 11
github.com/Ashes47/braids/internal/core/index/index.go:286.80,288.9 2 30
github.com/Ashes47/braids/internal/core/index/index.go:288.9,290.3 1 30
github.com/Ashes47/braids/internal/core/index/index.go:291.2,292.16 2 0
github.com/Ashes47/braids/internal/core/index/index.go:292.16,294.3 1 0
github.com/Ashes47/braids/internal/core/index/index.go:295.2,295.17 1 0
github.com/Ashes47/braids/internal/core/index/index.go:298.71,304.4 1 31
github.com/Ashes47/braids/internal/core/index/index.go:304.4,305.62 1 124
github.com/Ashes47/braids/internal/core/index/index.go:305.62,307.4 1 0
github.com/Ashes47/braids/internal/core/index/index.go:309.2,309.12 1 31
github.com/Ashes47/braids/internal/core/index/index.go:313.115,315.53 2 30
github.com/Ashes47/braids/internal/core/index/index.go:315.53,317.3 1 0
github.com/Ashes47/braids/internal/core/index/index.go:318.2,321.16 3 30
github.com/Ashes47/braids/internal/core/index/index.go:321.16,323.3 1 0
github.com/Ashes47/braids/internal/core/index/index.go:324.2,328.16 3 30
github.com/Ashes47/braids/internal/core/index/index.go:328.16,330.3 1 0
github.com/Ashes47/braids/internal/core/index/index.go:331.2,336.60 3 30
github.com/Ashes47/braids/internal/core/index/index.go:336.60,339.29 3 45
github.com/Ashes47/braids/internal/core/index/index.go:339.29,340.49 1 71
github.com/Ashes47/braids/internal/core/index/index.go:340.49,342.5 1 3
github.com/Ashes47/braids/internal/core/index/index.go:344.3,345.83 1 45
github.com/Ashes47/braids/internal/core/index/index.go:345.83,347.4 1 0
github.com/Ashes47/braids/internal/core/index/index.go:348.3,348.29 1 45
github.com/Ashes47/braids/internal/core/index/index.go:348.29,349.39 1 71
github.com/Ashes47/braids/internal/core/index/index.go:349.39,350.13 1 13
github.com/Ashes47/braids/internal/core/index/index.go:352.4,353.70 1 58
github.com/Ashes47/braids/internal/core/index/index.go:353.70,355.5 1 0
github.com/Ashes47/braids/internal/core/index/index.go:356.4,356.11 1 58
github.com/Ashes47/braids/internal/core/index/index.go:358.3,358.13 1 45
github.com/Ashes47/braids/internal/core/index/index.go:360.2,360.16 1 30
github.com/Ashes47/braids/internal/core/index/index.go:360.16,362.3 1 0
github.com/Ashes47/braids/internal/core/index/index.go:363.2,368.79 1 30
github.com/Ashes47/braids/internal/core/index/index.go:368.79,370.3 1 0
github.com/Ashes47/braids/internal/core/index/index.go:371.2,371.70 1 30
github.com/Ashes47/braids/internal/core/index/index.go:371.70,373.3 1 0
github.com/Ashes47/braids/internal/core/index/index.go:374.2,374.25 1 30
github.com/Ashes47/braids/internal/core/index/index.go:379.121,381.9 2 30
github.com/Ashes47/braids/internal/core/index/index.go:381.9,383.3 1 0
github.com/Ashes47/braids/internal/core/index/index.go:384.2,385.9 2 30
github.com/Ashes47/braids/internal/core/index/index.go:385.9,387.3 1 0
github.com/Ashes47/braids/internal/core/index/index.go:388.2,388.27 1 30
github.com/Ashes47/braids/internal/core/index/index.go:388.27,393.40 1 3
github.com/Ashes47/braids/internal/core/index/index.go:393.40,395.4 1 0
github.com/Ashes47/braids/internal/core/index/index.go:397.2,397.12 1 30
github.com/Ashes47/braids/internal/core/index/index.go:402.107,404.16 2 30
github.com/Ashes47/braids/internal/core/index/index.go:404.16,406.3 1 0
github.com/Ashes47/braids/internal/core/index/index.go:407.2,407.21 1 30
github.com/Ashes47/braids/internal/core/index/index.go:419.93,421.61 2 0
github.com/Ashes47/braids/internal/core/index/index.go:421.61,432.3 2 0
github.com/Ashes47/braids/internal/core/index/index.go:433.2,433.16 1 0
github.com/Ashes47/braids/internal/core/index/index.go:433.16,435.3 1 0
github.com/Ashes47/braids/internal/core/index/index.go:436.2,436.18 1 0
github.com/Ashes47/braids/internal/core/index/index.go:440.91,444.16 2 3
github.com/Ashes47/braids/internal/core/index/index.go:444.16,446.3 1 0
github.com/Ashes47/braids/internal/core/index/index.go:447.2,450.18 3 3
github.com/Ashes47/braids/internal/core/index/index.go:450.18,453.52 2 2
github.com/Ashes47/braids/internal/core/index/index.go:453.52,455.4 1 0
github.com/Ashes47/braids/internal/core/index/index.go:456.3,456.23 1 2
github.com/Ashes47/braids/internal/core/index/index.go:458.2,458.35 1 3
github.com/Ashes47/braids/internal/core/index/index.go:458.35,460.3 1 0
github.com/Ashes47/braids/internal/core/index/index.go:461.2,461.17 1 3
github.com/Ashes47/braids/internal/core/index/index.go:465.70,466.37 1 8
github.com/Ashes47/braids/internal/core/index/index.go:466.37,468.3 1 1
github.com/Ashes47/braids/internal/core/index/index.go:469.2,470.16 2 7
github.com/Ashes47/braids/internal/core/index/index.go:470.16,472.3 1 7
github.com/Ashes47/braids/internal/core/index/index.go:474.2,478.18 2 7
github.com/Ashes47/braids/internal/core/index/index.go:478.18,481.3 2 2
github.com/Ashes47/braids/internal/core/index/index.go:482.2,482.22 1 7
github.com/Ashes47/braids/internal/core/index/index.go:482.22,484.29 2 1
github.com/Ashes47/braids/internal/core/index/index.go:484.29,487.4 2 1
github.com/Ashes47/braids/internal/core/index/index.go:488.3,488.72 1 1
github.com/Ashes47/braids/internal/core/index/index.go:490.2,503.16 4 7
github.com/Ashes47/braids/internal/core/index/index.go:503.16,505.3 1 0
github.com/Ashes47/braids/internal/core/index/index.go:506.2,509.18 3 7
github.com/Ashes47/braids/internal/core/index/index.go:509.18,514.56 4 9
github.com/Ashes47/braids/internal/core/index/index.go:514.56,516.4 1 0
github.com/Ashes47/braids/internal/core/index/index.go:517.3,520.25 4 9
github.com/Ashes47/braids/internal/core/index/index.go:522.2,522.35 1 7
github.com/Ashes47/braids/internal/core/index/index.go:522.35,524.3 1 0
github.com/Ashes47/braids/internal/core/index/index.go:525.2,525.18 1 7
github.com/Ashes47/braids/internal/core/index/index.go:541.89,545.16 2 0
github.com/Ashes47/braids/internal/core/index/index.go:545.16,547.3 1 0
github.com/Ashes47/braids/internal/core/index/index.go:548.2,551.18 3 0
github.com/Ashes47/braids/internal/core/index/index.go:551.18,555.97 4 0
github.com/Ashes47/braids/internal/core/index/index.go:555.97,557.4 1 0
github.com/Ashes47/braids/internal/core/index/index.go:558.3,560.23 3 0
github.com/Ashes47/braids/internal/core/index/index.go:562.2,562.35 1 0
github.com/Ashes47/braids/internal/core/index/index.go:562.35,564.3 1 0
github.com/Ashes47/braids/internal/core/index/index.go:565.2,565.17 1 0
github.com/Ashes47/braids/internal/core/index/index.go:574.40,576.35 2 45
github.com/Ashes47/braids/internal/core/index/index.go:576.35,578.3 1 0
github.com/Ashes47/braids/internal/core/index/index.go:579.2,580.28 2 45
github.com/Ashes47/braids/internal/core/index/index.go:580.28,582.3 1 0
github.com/Ashes47/braids/internal/core/index/index.go:583.2,583.13 1 45
github.com/Ashes47/braids/internal/core/index/index.go:587.38,590.28 3 45
github.com/Ashes47/braids/internal/core/index/index.go:590.28,591.66 1 71
github.com/Ashes47/braids/internal/core/index/index.go:591.66,592.12 1 58
github.com/Ashes47/braids/internal/core/index/index.go:594.3,595.32 2 13
github.com/Ashes47/braids/internal/core/index/index.go:597.2,597.33 1 45
github.com/Ashes47/braids/internal/core/index/index.go:602.67,609.16 2 1
github.com/Ashes47/braids/internal/core/index/index.go:609.16,611.3 1 0
github.com/Ashes47/braids/internal/core/index/index.go:612.2,615.18 3 1
github.com/Ashes47/braids/internal/core/index/index.go:615.18,617.68 2 2
github.com/Ashes47/braids/internal/core/index/index.go:617.68,619.4 1 0
github.com/Ashes47/braids/internal/core/index/index.go:620.3,620.23 1 2
github.com/Ashes47/braids/internal/core/index/index.go:622.2,622.35 1 1
github.com/Ashes47/braids/internal/core/index/index.go:622.35,624.3 1 0
github.com/Ashes47/braids/internal/core/index/index.go:625.2,625.17 1 1
github.com/Ashes47/braids/internal/core/index/index.go:631.81,634.16 2 0
github.com/Ashes47/braids/internal/core/index/index.go:634.16,636.3 1 0
github.com/Ashes47/braids/internal/core/index/index.go:637.2,640.18 3 0
github.com/Ashes47/braids/internal/core/index/index.go:640.18,643.47 3 0
github.com/Ashes47/braids/internal/core/index/index.go:643.47,645.4 1 0
github.com/Ashes47/braids/internal/core/index/index.go:646.3,646.50 1 0
github.com/Ashes47/braids/internal/core/index/index.go:648.2,648.35 1 0
github.com/Ashes47/braids/internal/core/index/index.go:648.35,650.3 1 0
github.com/Ashes47/braids/internal/core/index/index.go:651.2,651.17 1 0
github.com/Ashes47/braids/internal/core/index/index.go:655.65,658.16 2 14
github.com/Ashes47/braids/internal/core/index/index.go:658.16,660.3 1 0
github.com/Ashes47/braids/internal/core/index/index.go:661.2,664.18 3 14
github.com/Ashes47/braids/internal/core/index/index.go:664.18,670.90 5 17
github.com/Ashes47/braids/internal/core/index/index.go:670.90,672.4 1 0
github.com/Ashes47/braids/internal/core/index/index.go:673.3,673.18 1 17
github.com/Ashes47/braids/internal/core/index/index.go:673.18,675.4 1 0
github.com/Ashes47/braids/internal/core/index/index.go:676.3,678.27 3 17
github.com/Ashes47/braids/internal/core/index/index.go:680.2,680.35 1 14
github.com/Ashes47/braids/internal/core/index/index.go:680.35,682.3 1 0
github.com/Ashes47/braids/internal/core/index/index.go:683.2,683.19 1 14
github.com/Ashes47/braids/internal/core/index/index.go:688.49,690.28 2 45
github.com/Ashes47/braids/internal/core/index/index.go:690.28,691.34 1 71
github.com/Ashes47/braids/internal/core/index/index.go:691.34,693.4 1 13
github.com/Ashes47/braids/internal/core/index/index.go:695.2,695.64 1 45
github.com/Ashes47/braids/internal/core/index/index.go:698.28,699.7 1 30
github.com/Ashes47/braids/internal/core/index/index.go:699.7,701.3 1 13
github.com/Ashes47/braids/internal/core/index/index.go:702.2,702.10 1 17
github.com/Ashes47/braids/internal/core/index/index.go:706.36,707.16 1 30
github.com/Ashes47/braids/internal/core/index/index.go:707.16,709.3 1 30
github.com/Ashes47/braids/internal/core/index/index.go:710.2,710.17 1 0
github.com/Ashes47/braids/internal/core/index/index.go:715.30,716.36 1 14
github.com/Ashes47/braids/internal/core/index/index.go:716.36,718.3 1 3
github.com/Ashes47/braids/internal/core/index/index.go:719.2,719.38 1 11
github.com/Ashes47/braids/internal/core/index/index.go:719.38,720.12 1 14
github.com/Ashes47/braids/internal/core/index/index.go:721.27,722.15 1 1
github.com/Ashes47/braids/internal/core/index/index.go:724.3,724.36 1 13
github.com/Ashes47/braids/internal/core/index/index.go:724.36,726.4 1 0
github.com/Ashes47/braids/internal/core/index/index.go:728.2,728.14 1 10
github.com/Ashes47/braids/internal/core/index/index.go:734.34,736.17 2 14
github.com/Ashes47/braids/internal/core/index/index.go:736.17,738.3 1 4
github.com/Ashes47/braids/internal/core/index/index.go:739.2,741.27 3 10
github.com/Ashes47/braids/internal/core/index/index.go:741.27,743.3 1 12
github.com/Ashes47/braids/internal/core/index/index.go:744.2,744.34 1 10
github.com/Ashes47/braids/internal/core/graph/graph.go:54.138,56.26 2 29
github.com/Ashes47/braids/internal/core/graph/graph.go:56.26,58.3 1 84
github.com/Ashes47/braids/internal/core/graph/graph.go:60.2,60.95 1 29
github.com/Ashes47/braids/internal/core/graph/graph.go:60.95,64.3 3 54
github.com/Ashes47/braids/internal/core/graph/graph.go:68.2,68.38 1 29
github.com/Ashes47/braids/internal/core/graph/graph.go:68.38,70.10 2 0
github.com/Ashes47/braids/internal/core/graph/graph.go:70.10,71.12 1 0
github.com/Ashes47/braids/internal/core/graph/graph.go:73.3,73.67 1 0
github.com/Ashes47/braids/internal/core/graph/graph.go:73.67,74.12 1 0
github.com/Ashes47/braids/internal/core/graph/graph.go:76.3,77.32 2 0
github.com/Ashes47/braids/internal/core/graph/graph.go:80.2,81.15 2 29
github.com/Ashes47/braids/internal/core/graph/graph.go:98.117,100.26 2 29
github.com/Ashes47/braids/internal/core/graph/graph.go:100.26,104.40 4 80
github.com/Ashes47/braids/internal/core/graph/graph.go:104.40,106.4 1 60
github.com/Ashes47/braids/internal/core/graph/graph.go:108.2,108.13 1 29
github.com/Ashes47/braids/internal/core/graph/graph.go:112.58,113.24 1 26
github.com/Ashes47/braids/internal/core/graph/graph.go:113.24,115.3 1 1
github.com/Ashes47/braids/internal/core/graph/graph.go:116.2,117.51 2 25
github.com/Ashes47/braids/internal/core/graph/graph.go:117.51,119.3 1 25
github.com/Ashes47/braids/internal/core/graph/graph.go:120.2,120.28 1 0
github.com/Ashes47/braids/internal/core/graph/graph.go:125.82,127.29 2 29
github.com/Ashes47/braids/internal/core/graph/graph.go:127.29,128.35 1 424
github.com/Ashes47/braids/internal/core/graph/graph.go:128.35,130.4 1 424
github.com/Ashes47/braids/internal/core/graph/graph.go:133.2,134.34 2 29
github.com/Ashes47/braids/internal/core/graph/graph.go:134.34,135.24 1 108
github.com/Ashes47/braids/internal/core/graph/graph.go:135.24,136.40 1 424
github.com/Ashes47/braids/internal/core/graph/graph.go:136.40,138.29 2 836
github.com/Ashes47/braids/internal/core/graph/graph.go:138.29,139.14 1 156
github.com/Ashes47/braids/internal/core/graph/graph.go:141.5,141.28 1 680
github.com/Ashes47/braids/internal/core/graph/graph.go:141.28,143.6 1 576
github.com/Ashes47/braids/internal/core/graph/graph.go:144.5,146.17 3 680
github.com/Ashes47/braids/internal/core/graph/graph.go:146.17,149.6 2 80
github.com/Ashes47/braids/internal/core/graph/graph.go:150.5,152.32 3 680
github.com/Ashes47/braids/internal/core/graph/graph.go:156.2,156.14 1 29
github.com/Ashes47/braids/internal/core/graph/graph.go:161.126,162.41 1 80
github.com/Ashes47/braids/internal/core/graph/graph.go:162.41,162.68 1 0
github.com/Ashes47/braids/internal/core/graph/graph.go:163.2,163.41 1 80
github.com/Ashes47/braids/internal/core/graph/graph.go:163.41,163.68 1 80
github.com/Ashes47/braids/internal/core/graph/graph.go:165.2,168.79 2 80
github.com/Ashes47/braids/internal/core/graph/graph.go:168.79,169.34 1 79
github.com/Ashes47/braids/internal/core/graph/graph.go:169.34,171.4 1 0
github.com/Ashes47/braids/internal/core/graph/graph.go:172.3,172.18 1 79
github.com/Ashes47/braids/internal/core/graph/graph.go:176.2,178.9 3 1
github.com/Ashes47/braids/internal/core/graph/graph.go:179.31,180.18 1 0
github.com/Ashes47/braids/internal/core/graph/graph.go:181.31,182.18 1 1
github.com/Ashes47/braids/internal/core/graph/graph.go:187.2,187.9 1 0
github.com/Ashes47/braids/internal/core/graph/graph.go:188.32,189.30 1 0
github.com/Ashes47/braids/internal/core/graph/graph.go:189.30,191.4 1 0
github.com/Ashes47/braids/internal/core/graph/graph.go:192.3,192.18 1 0
github.com/Ashes47/braids/internal/core/graph/graph.go:193.35,194.18 1 0
github.com/Ashes47/braids/internal/core/graph/graph.go:195.10,196.18 1 0
github.com/Ashes47/braids/internal/core/graph/graph.go:202.57,204.2 1 2
github.com/Ashes47/braids/internal/core/graph/graph.go:208.22,209.27 1 29
github.com/Ashes47/braids/internal/core/graph/graph.go:209.27,210.43 1 84
github.com/Ashes47/braids/internal/core/graph/graph.go:210.43,213.4 2 0
github.com/Ashes47/braids/internal/core/graph/graph.go:215.2,215.27 1 29
github.com/Ashes47/braids/internal/core/graph/graph.go:215.27,216.43 1 84
github.com/Ashes47/braids/internal/core/graph/graph.go:216.43,218.4 1 54
github.com/Ashes47/braids/internal/core/graph/graph.go:218.9,220.4 1 30
github.com/Ashes47/braids/internal/core/graph/graph.go:222.2,223.27 2 29
github.com/Ashes47/braids/internal/core/graph/graph.go:223.27,225.3 1 84
github.com/Ashes47/braids/internal/core/graph/graph.go:226.2,226.28 1 29
github.com/Ashes47/braids/internal/core/graph/graph.go:226.28,228.3 1 30
github.com/Ashes47/braids/internal/core/graph/graph.go:232.42,234.72 2 54
github.com/Ashes47/braids/internal/core/graph/graph.go:234.72,235.24 1 55
github.com/Ashes47/braids/internal/core/graph/graph.go:235.24,237.4 1 0
github.com/Ashes47/braids/internal/core/graph/graph.go:238.3,238.27 1 55
github.com/Ashes47/braids/internal/core/graph/graph.go:240.2,240.14 1 54
github.com/Ashes47/braids/internal/core/graph/graph.go:243.38,245.31 2 84
github.com/Ashes47/braids/internal/core/graph/graph.go:245.31,247.3 1 54
github.com/Ashes47/braids/internal/core/graph/graph.go:252.31,253.46 1 113
github.com/Ashes47/braids/internal/core/graph/graph.go:253.46,254.58 1 26
github.com/Ashes47/braids/internal/core/graph/graph.go:254.58,256.4 1 26
github.com/Ashes47/braids/internal/core/graph/graph.go:257.3,257.45 1 0
github.com/Ashes47/braids/internal/core/graph/graph.go:262.36,265.23 3 1
github.com/Ashes47/braids/internal/core/graph/graph.go:265.23,267.32 2 3
github.com/Ashes47/braids/internal/core/graph/graph.go:267.32,269.4 1 2
github.com/Ashes47/braids/internal/core/graph/graph.go:271.2,271.28 1 1
github.com/Ashes47/braids/internal/core/graph/graph.go:271.28,273.3 1 1
github.com/Ashes47/braids/internal/core/graph/graph.go:274.2,274.12 1 1
github.com/Ashes47/braids/internal/core/graph/spine.go:51.47,52.20 1 6
github.com/Ashes47/braids/internal/core/graph/spine.go:52.20,54.3 1 1
github.com/Ashes47/braids/internal/core/graph/spine.go:55.2,57.25 3 5
github.com/Ashes47/braids/internal/core/graph/spine.go:57.25,60.3 2 18
github.com/Ashes47/braids/internal/core/graph/spine.go:62.2,64.25 3 5
github.com/Ashes47/braids/internal/core/graph/spine.go:64.25,66.3 1 13
github.com/Ashes47/braids/internal/core/graph/spine.go:67.2,71.18 4 5
github.com/Ashes47/braids/internal/core/graph/spine.go:71.18,72.19 1 12
github.com/Ashes47/braids/internal/core/graph/spine.go:73.10,73.10 0 8
github.com/Ashes47/braids/internal/core/graph/spine.go:74.10,80.6 2 3
github.com/Ashes47/braids/internal/core/graph/spine.go:81.11,82.38 1 1
github.com/Ashes47/braids/internal/core/graph/spine.go:84.3,84.12 1 12
github.com/Ashes47/braids/internal/core/graph/spine.go:86.2,86.25 1 5
github.com/Ashes47/braids/internal/core/graph/spine.go:86.25,88.43 2 13
github.com/Ashes47/braids/internal/core/graph/spine.go:88.43,90.12 2 6
github.com/Ashes47/braids/internal/core/graph/spine.go:92.3,100.5 2 7
github.com/Ashes47/braids/internal/core/graph/spine.go:102.2,103.12 2 5
github.com/Ashes47/braids/internal/core/graph/spine.go:112.40,114.2 1 13
github.com/Ashes47/braids/internal/core/graph/spine.go:118.95,123.68 4 5
github.com/Ashes47/braids/internal/core/graph/spine.go:123.68,126.3 2 13
github.com/Ashes47/braids/internal/core/graph/spine.go:127.2,127.57 1 5
github.com/Ashes47/braids/internal/core/graph/spine.go:127.57,129.3 1 5
github.com/Ashes47/braids/internal/core/graph/spine.go:130.2,130.17 1 5
github.com/Ashes47/braids/internal/core/graph/spine.go:134.121,136.39 2 13
github.com/Ashes47/braids/internal/core/graph/spine.go:136.39,137.20 1 11
github.com/Ashes47/braids/internal/core/graph/spine.go:137.20,138.12 1 9
github.com/Ashes47/braids/internal/core/graph/spine.go:140.3,140.34 1 2
github.com/Ashes47/braids/internal/core/graph/spine.go:142.2,143.12 2 13
github.com/Ashes47/braids/internal/core/graph/spine.go:147.89,150.29 3 5
github.com/Ashes47/braids/internal/core/graph/spine.go:150.29,151.29 1 32
github.com/Ashes47/braids/internal/core/graph/spine.go:151.29,153.4 1 14
github.com/Ashes47/braids/internal/core/graph/spine.go:154.3,156.34 3 18
github.com/Ashes47/braids/internal/core/graph/spine.go:156.34,158.4 1 14
github.com/Ashes47/braids/internal/core/graph/spine.go:159.3,160.11 2 18
github.com/Ashes47/braids/internal/core/graph/spine.go:162.2,162.25 1 5
github.com/Ashes47/braids/internal/core/graph/spine.go:162.25,164.3 1 18
github.com/Ashes47/braids/internal/core/graph/spine.go:165.2,165.14 1 5
github.com/Ashes47/braids/internal/core/graph/spine.go:169.49,171.24 2 1
github.com/Ashes47/braids/internal/core/graph/spine.go:171.24,172.44 1 3
github.com/Ashes47/braids/internal/core/graph/spine.go:172.44,174.4 1 3
github.com/Ashes47/braids/internal/core/graph/spine.go:176.2,177.30 2 1
github.com/Ashes47/braids/internal/core/graph/spine.go:177.30,179.3 1 2
github.com/Ashes47/braids/internal/core/graph/spine.go:180.2,180.40 1 1
github.com/Ashes47/braids/internal/core/graph/spine.go:180.40,181.39 1 1
github.com/Ashes47/braids/internal/core/graph/spine.go:181.39,183.4 1 1
github.com/Ashes47/braids/internal/core/graph/spine.go:184.3,184.39 1 0
github.com/Ashes47/braids/internal/core/graph/spine.go:186.2,191.3 1 1
github.com/Ashes47/braids/internal/core/graph/spine.go:194.36,195.13 1 13
github.com/Ashes47/braids/internal/core/graph/spine.go:195.13,197.3 1 10
github.com/Ashes47/braids/internal/core/graph/spine.go:198.2,200.31 3 3
github.com/Ashes47/braids/internal/core/graph/spine.go:200.31,201.33 1 15
github.com/Ashes47/braids/internal/core/graph/spine.go:201.33,202.17 1 3
github.com/Ashes47/braids/internal/core/graph/spine.go:202.17,204.5 1 3
github.com/Ashes47/braids/internal/core/graph/spine.go:205.4,205.17 1 3
github.com/Ashes47/braids/internal/core/graph/spine.go:208.2,208.12 1 3
github.com/Ashes47/braids/internal/core/origins/origins.go:26.40,29.36 3 0
github.com/Ashes47/braids/internal/core/origins/origins.go:29.36,31.3 1 0
github.com/Ashes47/braids/internal/core/origins/origins.go:32.2,32.16 1 0
github.com/Ashes47/braids/internal/core/origins/origins.go:32.16,34.3 1 0
github.com/Ashes47/braids/internal/core/origins/origins.go:35.2,35.20 1 0
github.com/Ashes47/braids/internal/core/origins/origins.go:35.20,37.3 1 0
github.com/Ashes47/braids/internal/core/origins/origins.go:38.2,38.57 1 0
github.com/Ashes47/braids/internal/core/origins/origins.go:38.57,42.3 1 0
github.com/Ashes47/braids/internal/core/origins/origins.go:43.2,43.15 1 0
github.com/Ashes47/braids/internal/core/origins/origins.go:47.47,47.67 1 0
github.com/Ashes47/braids/internal/core/origins/origins.go:51.66,54.16 3 0
github.com/Ashes47/braids/internal/core/origins/origins.go:54.16,56.3 1 0
github.com/Ashes47/braids/internal/core/origins/origins.go:57.2,57.65 1 0
github.com/Ashes47/braids/internal/core/origins/origins.go:57.65,59.3 1 0
github.com/Ashes47/braids/internal/core/origins/origins.go:60.2,61.16 2 0
github.com/Ashes47/braids/internal/core/origins/origins.go:61.16,63.3 1 0
github.com/Ashes47/braids/internal/core/origins/origins.go:64.2,66.43 2 0
github.com/Ashes47/braids/internal/core/origins/origins.go:66.43,68.3 1 0
github.com/Ashes47/braids/internal/core/origins/origins.go:69.2,69.36 1 0
github.com/Ashes47/braids/internal/core/origins/origins.go:69.36,71.3 1 0
github.com/Ashes47/braids/internal/core/origins/origins.go:72.2,72.54 1 0
github.com/Ashes47/braids/internal/core/origins/origins.go:72.54,74.3 1 0
github.com/Ashes47/braids/internal/core/origins/origins.go:75.2,75.12 1 0
github.com/Ashes47/braids/cmd/braids/main.go:69.13,70.52 1 0
github.com/Ashes47/braids/cmd/braids/main.go:70.52,73.3 2 0
github.com/Ashes47/braids/cmd/braids/main.go:76.44,78.20 2 16
github.com/Ashes47/braids/cmd/braids/main.go:78.20,80.3 1 0
github.com/Ashes47/braids/cmd/braids/main.go:81.2,81.17 1 16
github.com/Ashes47/braids/cmd/braids/main.go:82.13,83.31 1 1
github.com/Ashes47/braids/cmd/braids/main.go:84.15,85.33 1 3
github.com/Ashes47/braids/cmd/braids/main.go:86.16,87.34 1 8
github.com/Ashes47/braids/cmd/braids/main.go:88.15,89.33 1 1
github.com/Ashes47/braids/cmd/braids/main.go:90.16,91.34 1 0
github.com/Ashes47/braids/cmd/braids/main.go:92.17,93.35 1 0
github.com/Ashes47/braids/cmd/braids/main.go:94.16,95.34 1 0
github.com/Ashes47/braids/cmd/braids/main.go:96.17,98.19 2 0
github.com/Ashes47/braids/cmd/braids/main.go:99.30,101.19 2 2
github.com/Ashes47/braids/cmd/braids/main.go:102.10,103.70 1 1
github.com/Ashes47/braids/cmd/braids/main.go:111.67,113.6 2 8
github.com/Ashes47/braids/cmd/braids/main.go:113.6,114.40 1 16
github.com/Ashes47/braids/cmd/braids/main.go:114.40,116.4 1 0
github.com/Ashes47/braids/cmd/braids/main.go:117.3,118.21 2 16
github.com/Ashes47/braids/cmd/braids/main.go:118.21,120.4 1 8
github.com/Ashes47/braids/cmd/braids/main.go:121.3,122.18 2 8
github.com/Ashes47/braids/cmd/braids/main.go:127.34,128.42 1 0
github.com/Ashes47/braids/cmd/braids/main.go:128.42,130.3 1 0
github.com/Ashes47/braids/cmd/braids/main.go:131.2,132.16 2 0
github.com/Ashes47/braids/cmd/braids/main.go:132.16,134.3 1 0
github.com/Ashes47/braids/cmd/braids/main.go:135.2,136.48 2 0
github.com/Ashes47/braids/cmd/braids/main.go:136.48,138.3 1 0
github.com/Ashes47/braids/cmd/braids/main.go:139.2,139.44 1 0
github.com/Ashes47/braids/cmd/braids/main.go:143.47,144.18 1 11
github.com/Ashes47/braids/cmd/braids/main.go:144.18,146.3 1 11
github.com/Ashes47/braids/cmd/braids/main.go:147.2,147.20 1 0
github.com/Ashes47/braids/cmd/braids/main.go:151.53,153.16 2 10
github.com/Ashes47/braids/cmd/braids/main.go:153.16,155.3 1 0
github.com/Ashes47/braids/cmd/braids/main.go:156.2,156.25 1 10
github.com/Ashes47/braids/cmd/braids/main.go:159.48,168.39 9 1
github.com/Ashes47/braids/cmd/braids/main.go:168.39,170.3 1 0
github.com/Ashes47/braids/cmd/braids/main.go:171.2,172.16 2 1
github.com/Ashes47/braids/cmd/braids/main.go:172.16,174.3 1 0
github.com/Ashes47/braids/cmd/braids/main.go:175.2,176.16 2 1
github.com/Ashes47/braids/cmd/braids/main.go:176.16,178.3 1 0
github.com/Ashes47/braids/cmd/braids/main.go:179.2,183.16 4 1
github.com/Ashes47/braids/cmd/braids/main.go:183.16,185.3 1 0
github.com/Ashes47/braids/cmd/braids/main.go:186.2,187.16 2 1
github.com/Ashes47/braids/cmd/braids/main.go:187.16,189.3 1 0
github.com/Ashes47/braids/cmd/braids/main.go:192.2,193.13 2 1
github.com/Ashes47/braids/cmd/braids/main.go:193.13,194.44 1 1
github.com/Ashes47/braids/cmd/braids/main.go:194.44,197.4 2 1
github.com/Ashes47/braids/cmd/braids/main.go:199.2,205.67 2 1
github.com/Ashes47/braids/cmd/braids/main.go:205.67,207.4 1 0
github.com/Ashes47/braids/cmd/braids/main.go:208.57,210.4 1 0
github.com/Ashes47/braids/cmd/braids/main.go:211.73,213.4 1 0
github.com/Ashes47/braids/cmd/braids/main.go:216.54,218.4 1 0
github.com/Ashes47/braids/cmd/braids/main.go:221.58,223.4 1 0
github.com/Ashes47/braids/cmd/braids/main.go:224.70,226.4 1 0
github.com/Ashes47/braids/cmd/braids/main.go:227.42,228.64 1 0
github.com/Ashes47/braids/cmd/braids/main.go:228.64,230.5 1 0
github.com/Ashes47/braids/cmd/braids/main.go:231.4,231.48 1 0
github.com/Ashes47/braids/cmd/braids/main.go:234.2,234.13 1 1
github.com/Ashes47/braids/cmd/braids/main.go:234.13,236.3 1 1
github.com/Ashes47/braids/cmd/braids/main.go:237.2,238.16 2 0
github.com/Ashes47/braids/cmd/braids/main.go:238.16,240.3 1 0
github.com/Ashes47/braids/cmd/braids/main.go:241.2,242.18 2 0
github.com/Ashes47/braids/cmd/braids/main.go:245.50,251.39 6 3
github.com/Ashes47/braids/cmd/braids/main.go:251.39,253.3 1 0
github.com/Ashes47/braids/cmd/braids/main.go:255.2,256.15 2 3
github.com/Ashes47/braids/cmd/braids/main.go:256.15,258.54 2 0
github.com/Ashes47/braids/cmd/braids/main.go:258.54,260.4 1 0
github.com/Ashes47/braids/cmd/braids/main.go:262.2,263.16 2 3
github.com/Ashes47/braids/cmd/braids/main.go:263.16,265.3 1 0
github.com/Ashes47/braids/cmd/braids/main.go:266.2,270.11 4 3
github.com/Ashes47/braids/cmd/braids/main.go:270.11,272.3 1 0
github.com/Ashes47/braids/cmd/braids/main.go:273.2,274.16 2 3
github.com/Ashes47/braids/cmd/braids/main.go:274.16,276.3 1 0
github.com/Ashes47/braids/cmd/braids/main.go:277.2,279.18 2 3
github.com/Ashes47/braids/cmd/braids/main.go:282.51,290.16 8 8
github.com/Ashes47/braids/cmd/braids/main.go:290.16,292.3 1 0
github.com/Ashes47/braids/cmd/braids/main.go:293.2,294.36 2 8
github.com/Ashes47/braids/cmd/braids/main.go:294.36,296.3 1 1
github.com/Ashes47/braids/cmd/braids/main.go:297.2,298.16 2 7
github.com/Ashes47/braids/cmd/braids/main.go:298.16,300.3 1 1
github.com/Ashes47/braids/cmd/braids/main.go:302.2,303.16 2 6
github.com/Ashes47/braids/cmd/braids/main.go:303.16,305.3 1 0
github.com/Ashes47/braids/cmd/braids/main.go:306.2,311.16 4 6
github.com/Ashes47/braids/cmd/braids/main.go:311.16,313.3 1 0
github.com/Ashes47/braids/cmd/braids/main.go:314.2,314.20 1 6
github.com/Ashes47/braids/cmd/braids/main.go:314.20,317.3 2 1
github.com/Ashes47/braids/cmd/braids/main.go:319.2,320.25 2 5
github.com/Ashes47/braids/cmd/braids/main.go:320.25,322.92 1 7
github.com/Ashes47/braids/cmd/braids/main.go:322.92,324.4 1 0
github.com/Ashes47/braids/cmd/braids/main.go:326.2,326.35 1 5
github.com/Ashes47/braids/cmd/braids/main.go:326.35,328.3 1 0
github.com/Ashes47/braids/cmd/braids/main.go:329.2,330.18 2 5
github.com/Ashes47/braids/cmd/braids/main.go:333.51,339.39 6 0
github.com/Ashes47/braids/cmd/braids/main.go:339.39,341.3 1 0
github.com/Ashes47/braids/cmd/braids/main.go:342.2,342.32 1 0
github.com/Ashes47/braids/cmd/braids/main.go:342.32,344.3 1 0
github.com/Ashes47/braids/cmd/braids/main.go:346.2,347.16 2 0
github.com/Ashes47/braids/cmd/braids/main.go:347.16,349.3 1 0
github.com/Ashes47/braids/cmd/braids/main.go:350.2,351.16 2 0
github.com/Ashes47/braids/cmd/braids/main.go:351.16,353.3 1 0
github.com/Ashes47/braids/cmd/braids/main.go:354.2,358.16 4 0
github.com/Ashes47/braids/cmd/braids/main.go:358.16,360.3 1 0
github.com/Ashes47/braids/cmd/braids/main.go:361.2,362.16 2 0
github.com/Ashes47/braids/cmd/braids/main.go:362.16,364.3 1 0
github.com/Ashes47/braids/cmd/braids/main.go:365.2,368.18 3 0
github.com/Ashes47/braids/cmd/braids/main.go:373.135,375.16 2 0
github.com/Ashes47/braids/cmd/braids/main.go:375.16,377.3 1 0
github.com/Ashes47/braids/cmd/braids/main.go:378.2,379.16 2 0
github.com/Ashes47/braids/cmd/braids/main.go:379.16,381.3 1 0
github.com/Ashes47/braids/cmd/braids/main.go:382.2,383.25 2 0
github.com/Ashes47/braids/cmd/braids/main.go:383.25,384.20 1 0
github.com/Ashes47/braids/cmd/braids/main.go:384.20,386.9 2 0
github.com/Ashes47/braids/cmd/braids/main.go:389.2,389.18 1 0
github.com/Ashes47/braids/cmd/braids/main.go:389.18,391.3 1 0
github.com/Ashes47/braids/cmd/braids/main.go:392.2,393.16 2 0
github.com/Ashes47/braids/cmd/braids/main.go:393.16,395.3 1 0
github.com/Ashes47/braids/cmd/braids/main.go:396.2,399.16 2 0
github.com/Ashes47/braids/cmd/braids/main.go:399.16,401.3 1 0
github.com/Ashes47/braids/cmd/braids/main.go:404.2,404.99 1 0
github.com/Ashes47/braids/cmd/braids/main.go:404.99,406.3 1 0
github.com/Ashes47/braids/cmd/braids/main.go:407.2,407.23 1 0
github.com/Ashes47/braids/cmd/braids/main.go:411.40,413.2 1 1
github.com/Ashes47/braids/cmd/braids/main.go:415.35,416.16 1 0
github.com/Ashes47/braids/cmd/braids/main.go:416.16,418.3 1 0
github.com/Ashes47/braids/cmd/braids/main.go:419.2,419.40 1 0
github.com/Ashes47/braids/cmd/braids/main.go:422.52,427.39 5 0
github.com/Ashes47/braids/cmd/braids/main.go:427.39,429.3 1 0
github.com/Ashes47/braids/cmd/braids/main.go:430.2,430.20 1 0
github.com/Ashes47/braids/cmd/braids/main.go:430.20,432.3 1 0
github.com/Ashes47/braids/cmd/braids/main.go:433.2,434.16 2 0
github.com/Ashes47/braids/cmd/braids/main.go:434.16,436.3 1 0
github.com/Ashes47/braids/cmd/braids/main.go:437.2,438.16 2 0
github.com/Ashes47/braids/cmd/braids/main.go:438.16,440.3 1 0
github.com/Ashes47/braids/cmd/braids/main.go:441.2,445.16 4 0
github.com/Ashes47/braids/cmd/braids/main.go:445.16,447.3 1 0
github.com/Ashes47/braids/cmd/braids/main.go:448.2,449.16 2 0
github.com/Ashes47/braids/cmd/braids/main.go:449.16,451.3 1 0
github.com/Ashes47/braids/cmd/braids/main.go:452.2,453.16 2 0
github.com/Ashes47/braids/cmd/braids/main.go:453.16,455.3 1 0
github.com/Ashes47/braids/cmd/braids/main.go:456.2,457.16 2 0
github.com/Ashes47/braids/cmd/braids/main.go:457.16,459.3 1 0
github.com/Ashes47/braids/cmd/braids/main.go:460.2,461.16 2 0
github.com/Ashes47/braids/cmd/braids/main.go:461.16,463.3 1 0
github.com/Ashes47/braids/cmd/braids/main.go:464.2,466.18 2 0
github.com/Ashes47/braids/cmd/braids/main.go:470.83,471.22 1 0
github.com/Ashes47/braids/cmd/braids/main.go:471.22,473.3 1 0
github.com/Ashes47/braids/cmd/braids/main.go:474.2,474.15 1 0
github.com/Ashes47/braids/cmd/braids/main.go:474.15,475.23 1 0
github.com/Ashes47/braids/cmd/braids/main.go:475.23,477.4 1 0
github.com/Ashes47/braids/cmd/braids/main.go:478.3,478.104 1 0
github.com/Ashes47/braids/cmd/braids/main.go:480.2,481.27 2 0
github.com/Ashes47/braids/cmd/braids/main.go:481.27,482.35 1 0
github.com/Ashes47/braids/cmd/braids/main.go:482.35,484.4 1 0
github.com/Ashes47/braids/cmd/braids/main.go:486.2,486.20 1 0
github.com/Ashes47/braids/cmd/braids/main.go:487.9,488.76 1 0
github.com/Ashes47/braids/cmd/braids/main.go:489.9,490.23 1 0
github.com/Ashes47/braids/cmd/braids/main.go:491.10,492.85 1 0
github.com/Ashes47/braids/cmd/braids/main.go:496.51,500.39 4 0
github.com/Ashes47/braids/cmd/braids/main.go:500.39,502.3 1 0
github.com/Ashes47/braids/cmd/braids/main.go:503.2,503.20 1 0
github.com/Ashes47/braids/cmd/braids/main.go:503.20,505.3 1 0
github.com/Ashes47/braids/cmd/braids/main.go:506.2,507.16 2 0
github.com/Ashes47/braids/cmd/braids/main.go:507.16,509.3 1 0
github.com/Ashes47/braids/cmd/braids/main.go:510.2,514.16 4 0
github.com/Ashes47/braids/cmd/braids/main.go:514.16,516.3 1 0
github.com/Ashes47/braids/cmd/braids/main.go:517.2,518.16 2 0
github.com/Ashes47/braids/cmd/braids/main.go:518.16,520.3 1 0
github.com/Ashes47/braids/cmd/braids/main.go:521.2,521.22 1 0
github.com/Ashes47/braids/cmd/braids/main.go:521.22,524.3 2 0
github.com/Ashes47/braids/cmd/braids/main.go:525.2,527.27 3 0
github.com/Ashes47/braids/cmd/braids/main.go:527.27,530.3 1 0
github.com/Ashes47/braids/cmd/braids/main.go:531.2,531.25 1 0
github.com/Ashes47/braids/cmd/braids/main.go:531.25,532.48 1 0
github.com/Ashes47/braids/cmd/braids/main.go:532.48,534.4 1 0
github.com/Ashes47/braids/cmd/braids/main.go:536.2,536.35 1 0
github.com/Ashes47/braids/cmd/braids/main.go:536.35,538.3 1 0
github.com/Ashes47/braids/cmd/braids/main.go:539.2,539.18 1 0
github.com/Ashes47/braids/cmd/braids/main.go:544.110,546.16 2 0
github.com/Ashes47/braids/cmd/braids/main.go:546.16,548.3 1 0
github.com/Ashes47/braids/cmd/braids/main.go:549.2,549.27 1 0
github.com/Ashes47/braids/cmd/braids/main.go:549.27,550.22 1 0
github.com/Ashes47/braids/cmd/braids/main.go:550.22,551.12 1 0
github.com/Ashes47/braids/cmd/braids/main.go:553.3,555.17 2 0
github.com/Ashes47/braids/cmd/braids/main.go:555.17,557.4 1 0
github.com/Ashes47/braids/cmd/braids/main.go:558.3,558.32 1 0
github.com/Ashes47/braids/cmd/braids/main.go:560.2,560.83 1 0
github.com/Ashes47/braids/cmd/braids/main.go:565.124,567.16 2 0
github.com/Ashes47/braids/cmd/braids/main.go:567.16,569.3 1 0
github.com/Ashes47/braids/cmd/braids/main.go:570.2,570.27 1 0
github.com/Ashes47/braids/cmd/braids/main.go:570.27,571.22 1 0
github.com/Ashes47/braids/cmd/braids/main.go:571.22,572.12 1 0
github.com/Ashes47/braids/cmd/braids/main.go:574.3,575.17 2 0
github.com/Ashes47/braids/cmd/braids/main.go:575.17,577.4 1 0
github.com/Ashes47/braids/cmd/braids/main.go:578.3,579.17 2 0
github.com/Ashes47/braids/cmd/braids/main.go:579.17,581.4 1 0
github.com/Ashes47/braids/cmd/braids/main.go:585.3,585.104 1 0
github.com/Ashes47/braids/cmd/braids/main.go:585.104,587.4 1 0
github.com/Ashes47/braids/cmd/braids/main.go:588.3,588.22 1 0
github.com/Ashes47/braids/cmd/braids/main.go:590.2,590.82 1 0
github.com/Ashes47/braids/cmd/braids/main.go:594.89,596.16 2 0
github.com/Ashes47/braids/cmd/braids/main.go:596.16,598.3 1 0
github.com/Ashes47/braids/cmd/braids/main.go:599.2,600.22 2 0
github.com/Ashes47/braids/cmd/braids/main.go:600.22,602.3 1 0
github.com/Ashes47/braids/cmd/braids/main.go:603.2,603.21 1 0
github.com/Ashes47/braids/cmd/braids/main.go:608.81,610.17 2 1
github.com/Ashes47/braids/cmd/braids/main.go:610.17,612.3 1 1
github.com/Ashes47/braids/cmd/braids/main.go:613.2,613.35 1 0
github.com/Ashes47/braids/cmd/braids/main.go:613.35,615.17 2 0
github.com/Ashes47/braids/cmd/braids/main.go:615.17,617.4 1 0
github.com/Ashes47/braids/cmd/braids/main.go:618.3,619.17 2 0
github.com/Ashes47/braids/cmd/braids/main.go:619.17,621.4 1 0
github.com/Ashes47/braids/cmd/braids/main.go:622.3,623.16 2 0
github.com/Ashes47/braids/cmd/braids/main.go:623.16,625.4 1 0
github.com/Ashes47/braids/cmd/braids/main.go:626.3,627.17 2 0
github.com/Ashes47/braids/cmd/braids/main.go:627.17,629.4 1 0
github.com/Ashes47/braids/cmd/braids/main.go:630.3,630.39 1 0
github.com/Ashes47/braids/cmd/braids/main.go:636.89,638.16 2 0
github.com/Ashes47/braids/cmd/braids/main.go:638.16,640.3 1 0
github.com/Ashes47/braids/cmd/braids/main.go:641.2,642.26 2 0
github.com/Ashes47/braids/cmd/braids/main.go:642.26,643.35 1 0
github.com/Ashes47/braids/cmd/braids/main.go:643.35,645.4 1 0
github.com/Ashes47/braids/cmd/braids/main.go:647.2,647.20 1 0
github.com/Ashes47/braids/cmd/braids/main.go:648.9,649.77 1 0
github.com/Ashes47/braids/cmd/braids/main.go:650.9,651.23 1 0
github.com/Ashes47/braids/cmd/braids/main.go:652.10,653.106 1 0
github.com/Ashes47/braids/cmd/braids/main.go:657.50,661.39 4 1
github.com/Ashes47/braids/cmd/braids/main.go:661.39,663.3 1 0
github.com/Ashes47/braids/cmd/braids/main.go:664.2,665.16 2 1
github.com/Ashes47/braids/cmd/braids/main.go:665.16,667.3 1 0
github.com/Ashes47/braids/cmd/braids/main.go:668.2,671.16 3 1
github.com/Ashes47/braids/cmd/braids/main.go:671.16,673.3 1 0
github.com/Ashes47/braids/cmd/braids/main.go:674.2,674.21 1 1
github.com/Ashes47/braids/cmd/braids/main.go:674.21,677.3 2 0
github.com/Ashes47/braids/cmd/braids/main.go:678.2,680.26 3 1
github.com/Ashes47/braids/cmd/braids/main.go:680.26,683.3 1 1
github.com/Ashes47/braids/cmd/braids/main.go:684.2,684.25 1 1
github.com/Ashes47/braids/cmd/braids/main.go:684.25,685.48 1 2
github.com/Ashes47/braids/cmd/braids/main.go:685.48,687.4 1 0
github.com/Ashes47/braids/cmd/braids/main.go:689.2,689.35 1 1
github.com/Ashes47/braids/cmd/braids/main.go:689.35,691.3 1 0
github.com/Ashes47/braids/cmd/braids/main.go:692.2,693.18 2 1
github.com/Ashes47/braids/cmd/braids/main.go:698.53,699.32 1 9
github.com/Ashes47/braids/cmd/braids/main.go:699.32,701.3 1 6
github.com/Ashes47/braids/cmd/braids/main.go:702.2,709.44 3 3
github.com/Ashes47/braids/cmd/braids/main.go:709.44,711.17 2 4
github.com/Ashes47/braids/cmd/braids/main.go:711.17,712.12 1 0
github.com/Ashes47/braids/cmd/braids/main.go:714.3,715.10 2 4
github.com/Ashes47/braids/cmd/braids/main.go:715.10,717.4 1 1
github.com/Ashes47/braids/cmd/braids/main.go:718.3,718.27 1 3
github.com/Ashes47/braids/cmd/braids/main.go:720.2,720.19 1 2
github.com/Ashes47/braids/cmd/braids/main.go:723.36,724.23 1 7
github.com/Ashes47/braids/cmd/braids/main.go:724.23,726.3 1 7
github.com/Ashes47/braids/cmd/braids/main.go:727.2,727.26 1 0
github.com/Ashes47/braids/cmd/braids/main.go:730.36,731.49 1 7
github.com/Ashes47/braids/cmd/braids/main.go:731.49,733.3 1 5
github.com/Ashes47/braids/cmd/braids/main.go:734.2,734.23 1 2
github.com/Ashes47/braids/cmd/braids/main.go:737.32,737.58 1 1
github.com/Ashes47/braids/cmd/braids/main.go:739.31,741.2 1 7
github.com/Ashes47/braids/cmd/braids/main.go:743.39,745.17 2 23
github.com/Ashes47/braids/cmd/braids/main.go:745.17,747.3 1 21
github.com/Ashes47/braids/cmd/braids/main.go:748.2,748.12 1 2
github.com/Ashes47/braids/cmd/braids/main.go:748.12,750.3 1 0
github.com/Ashes47/braids/cmd/braids/main.go:751.2,751.32 1 2
github.com/Ashes47/braids/cmd/braids/print.go:20.39,20.64 1 16
github.com/Ashes47/braids/cmd/braids/print.go:23.48,24.18 1 82
github.com/Ashes47/braids/cmd/braids/print.go:24.18,26.3 1 0
github.com/Ashes47/braids/cmd/braids/print.go:27.2,28.16 2 82
github.com/Ashes47/braids/cmd/braids/print.go:28.16,30.3 1 0
github.com/Ashes47/braids/cmd/braids/print.go:31.2,31.15 1 82
github.com/Ashes47/braids/cmd/braids/print.go:34.51,35.18 1 12
github.com/Ashes47/braids/cmd/braids/print.go:35.18,37.3 1 12
github.com/Ashes47/braids/cmd/braids/print.go:41.31,41.47 1 12
github.com/Ashes47/braids/internal/launch/launch.go:29.57,30.72 1 7
github.com/Ashes47/braids/internal/launch/launch.go:30.72,32.3 1 3
github.com/Ashes47/braids/internal/launch/launch.go:33.2,33.23 1 4
github.com/Ashes47/braids/internal/launch/launch.go:33.23,35.3 1 1
github.com/Ashes47/braids/internal/launch/launch.go:36.2,36.40 1 3
github.com/Ashes47/braids/internal/launch/launch.go:36.40,38.3 1 1
github.com/Ashes47/braids/internal/launch/launch.go:39.2,39.16 1 2
github.com/Ashes47/braids/internal/launch/launch.go:44.65,46.15 2 0
github.com/Ashes47/braids/internal/launch/launch.go:46.15,48.3 1 0
github.com/Ashes47/braids/internal/launch/launch.go:49.2,49.16 1 0
github.com/Ashes47/braids/internal/launch/launch.go:49.16,51.3 1 0
github.com/Ashes47/braids/internal/launch/launch.go:52.2,52.51 1 0
github.com/Ashes47/braids/internal/launch/launch.go:58.63,60.2 1 0
github.com/Ashes47/braids/internal/launch/launch.go:63.46,65.15 2 1
github.com/Ashes47/braids/internal/launch/launch.go:65.15,67.3 1 1
github.com/Ashes47/braids/internal/launch/launch.go:68.2,81.10 1 1
github.com/Ashes47/braids/internal/launch/launch.go:86.45,87.68 1 3
github.com/Ashes47/braids/internal/launch/launch.go:87.68,94.3 2 2
github.com/Ashes47/braids/internal/launch/launch.go:99.69,105.9 5 2
github.com/Ashes47/braids/internal/launch/launch.go:106.54,109.13 1 0
github.com/Ashes47/braids/internal/launch/launch.go:110.18,111.64 1 1
github.com/Ashes47/braids/internal/launch/launch.go:111.64,113.4 1 1
github.com/Ashes47/braids/internal/launch/launch.go:114.3,114.41 1 0
github.com/Ashes47/braids/internal/launch/launch.go:116.2,116.12 1 1
github.com/Ashes47/braids/internal/launch/launch.go:119.33,120.45 1 1
github.com/Ashes47/braids/internal/launch/launch.go:120.45,122.3 1 0
github.com/Ashes47/braids/internal/launch/launch.go:123.2,123.10 1 1
github.com/Ashes47/braids/internal/launch/launch.go:127.40,129.2 1 2
github.com/Ashes47/braids/internal/launch/launch.go:132.34,134.2 1 1
github.com/Ashes47/braids/internal/launch/launch.go:137.29,137.54 1 0
github.com/Ashes47/braids/internal/tui/chrome.go:38.31,40.22 2 26
github.com/Ashes47/braids/internal/tui/chrome.go:40.22,42.3 1 3
github.com/Ashes47/braids/internal/tui/chrome.go:43.2,48.3 1 26
github.com/Ashes47/braids/internal/tui/chrome.go:51.21,57.2 1 26
github.com/Ashes47/braids/internal/tui/chrome.go:60.30,60.88 1 26
github.com/Ashes47/braids/internal/tui/chrome.go:63.36,71.2 2 27
github.com/Ashes47/braids/internal/tui/chrome.go:76.77,78.26 2 50
github.com/Ashes47/braids/internal/tui/chrome.go:78.26,80.3 1 200
github.com/Ashes47/braids/internal/tui/chrome.go:81.2,82.26 2 50
github.com/Ashes47/braids/internal/tui/chrome.go:82.26,84.3 1 200
github.com/Ashes47/braids/internal/tui/chrome.go:85.2,86.25 2 50
github.com/Ashes47/braids/internal/tui/chrome.go:86.25,88.3 1 332
github.com/Ashes47/braids/internal/tui/chrome.go:89.2,90.27 2 50
github.com/Ashes47/braids/internal/tui/chrome.go:90.27,92.3 1 184
github.com/Ashes47/braids/internal/tui/chrome.go:96.2,98.18 3 50
github.com/Ashes47/braids/internal/tui/chrome.go:98.18,100.3 1 43
github.com/Ashes47/braids/internal/tui/chrome.go:101.2,104.27 3 50
github.com/Ashes47/braids/internal/tui/chrome.go:104.27,106.21 2 200
github.com/Ashes47/braids/internal/tui/chrome.go:106.21,109.4 1 200
github.com/Ashes47/braids/internal/tui/chrome.go:110.3,111.10 2 200
github.com/Ashes47/braids/internal/tui/chrome.go:112.33,113.86 1 143
github.com/Ashes47/braids/internal/tui/chrome.go:114.21,115.46 1 29
github.com/Ashes47/braids/internal/tui/chrome.go:116.21,117.42 1 20
github.com/Ashes47/braids/internal/tui/chrome.go:119.3,119.17 1 200
github.com/Ashes47/braids/internal/tui/chrome.go:119.17,121.4 1 16
github.com/Ashes47/braids/internal/tui/chrome.go:122.3,122.60 1 200
github.com/Ashes47/braids/internal/tui/chrome.go:124.2,124.34 1 50
github.com/Ashes47/braids/internal/tui/chrome.go:128.120,130.31 2 50
github.com/Ashes47/braids/internal/tui/chrome.go:130.31,130.65 1 99
github.com/Ashes47/braids/internal/tui/chrome.go:132.2,132.16 1 50
github.com/Ashes47/braids/internal/tui/chrome.go:132.16,134.3 1 0
github.com/Ashes47/braids/internal/tui/chrome.go:135.2,136.9 2 50
github.com/Ashes47/braids/internal/tui/chrome.go:137.48,138.17 1 4
github.com/Ashes47/braids/internal/tui/chrome.go:139.21,140.18 1 39
github.com/Ashes47/braids/internal/tui/chrome.go:141.23,142.18 1 5
github.com/Ashes47/braids/internal/tui/chrome.go:143.10,144.18 1 2
github.com/Ashes47/braids/internal/tui/chrome.go:150.63,151.22 1 16
github.com/Ashes47/braids/internal/tui/chrome.go:151.22,153.3 1 0
github.com/Ashes47/braids/internal/tui/chrome.go:154.2,156.60 2 16
github.com/Ashes47/braids/internal/tui/chrome.go:159.59,160.20 1 306
github.com/Ashes47/braids/internal/tui/chrome.go:160.20,162.3 1 0
github.com/Ashes47/braids/internal/tui/chrome.go:163.2,164.64 1 306
github.com/Ashes47/braids/internal/tui/chrome.go:168.36,170.19 2 26
github.com/Ashes47/braids/internal/tui/chrome.go:170.19,172.3 1 2
github.com/Ashes47/braids/internal/tui/chrome.go:173.2,173.68 1 26
github.com/Ashes47/braids/internal/tui/chrome.go:176.34,176.77 1 26
github.com/Ashes47/braids/internal/tui/chrome.go:178.51,181.14 3 50
github.com/Ashes47/braids/internal/tui/chrome.go:181.14,183.3 1 0
github.com/Ashes47/braids/internal/tui/chrome.go:184.2,185.59 1 50
github.com/Ashes47/braids/internal/tui/chrome.go:188.37,190.2 1 50
github.com/Ashes47/braids/internal/tui/chrome.go:194.46,197.2 2 600
github.com/Ashes47/braids/internal/tui/chrome.go:200.36,201.21 1 26
github.com/Ashes47/braids/internal/tui/chrome.go:201.21,203.3 1 1
github.com/Ashes47/braids/internal/tui/chrome.go:204.2,204.20 1 25
github.com/Ashes47/braids/internal/tui/chrome.go:204.20,206.3 1 4
github.com/Ashes47/braids/internal/tui/chrome.go:207.2,207.25 1 21
github.com/Ashes47/braids/internal/tui/chrome.go:207.25,209.3 1 1
github.com/Ashes47/braids/internal/tui/chrome.go:210.2,210.69 1 20
github.com/Ashes47/braids/internal/tui/chrome.go:214.56,215.12 1 4
github.com/Ashes47/braids/internal/tui/chrome.go:215.12,217.3 1 2
github.com/Ashes47/braids/internal/tui/chrome.go:218.2,218.22 1 2
github.com/Ashes47/braids/internal/tui/chrome.go:222.49,225.2 1 2
github.com/Ashes47/braids/internal/tui/chrome.go:228.34,229.87 1 28
github.com/Ashes47/braids/internal/tui/chrome.go:229.87,231.3 1 1
github.com/Ashes47/braids/internal/tui/chrome.go:232.2,232.13 1 27
github.com/Ashes47/braids/internal/tui/filter.go:18.42,19.9 1 99
github.com/Ashes47/braids/internal/tui/filter.go:20.18,21.10 1 14
github.com/Ashes47/braids/internal/tui/filter.go:22.17,24.15 2 6
github.com/Ashes47/braids/internal/tui/filter.go:25.21,26.15 1 1
github.com/Ashes47/braids/internal/tui/filter.go:27.11,28.16 1 7
github.com/Ashes47/braids/internal/tui/filter.go:30.3,30.14 1 7
github.com/Ashes47/braids/internal/tui/filter.go:32.32,34.14 2 2
github.com/Ashes47/braids/internal/tui/filter.go:36.29,38.14 2 9
github.com/Ashes47/braids/internal/tui/filter.go:40.16,41.19 1 35
github.com/Ashes47/braids/internal/tui/filter.go:43.2,43.14 1 39
github.com/Ashes47/braids/internal/tui/filter.go:48.43,49.9 1 48
github.com/Ashes47/braids/internal/tui/filter.go:50.24,51.38 1 2
github.com/Ashes47/braids/internal/tui/filter.go:51.38,53.4 1 2
github.com/Ashes47/braids/internal/tui/filter.go:54.3,54.14 1 2
github.com/Ashes47/braids/internal/tui/filter.go:55.20,57.14 2 0
github.com/Ashes47/braids/internal/tui/filter.go:58.27,60.14 2 46
github.com/Ashes47/braids/internal/tui/filter.go:62.2,62.14 1 0
github.com/Ashes47/braids/internal/tui/filter.go:67.42,69.2 1 3
github.com/Ashes47/braids/internal/tui/filter.go:72.32,72.55 1 130
github.com/Ashes47/braids/internal/tui/filter.go:75.52,76.18 1 98
github.com/Ashes47/braids/internal/tui/filter.go:76.18,78.3 1 1
github.com/Ashes47/braids/internal/tui/filter.go:79.2,79.77 1 97
github.com/Ashes47/braids/internal/tui/filter.go:83.37,84.13 1 4
github.com/Ashes47/braids/internal/tui/filter.go:84.13,86.3 1 0
github.com/Ashes47/braids/internal/tui/filter.go:87.2,87.21 1 4
github.com/Ashes47/braids/internal/tui/map.go:136.52,161.2 5 61
github.com/Ashes47/braids/internal/tui/map.go:165.45,167.31 2 2
github.com/Ashes47/braids/internal/tui/map.go:167.31,169.3 1 2
github.com/Ashes47/braids/internal/tui/map.go:170.2,173.30 4 2
github.com/Ashes47/braids/internal/tui/map.go:173.30,174.33 1 3
github.com/Ashes47/braids/internal/tui/map.go:174.33,176.9 2 2
[...]
github.com/Ashes47/braids/internal/tui/searchview.go:158.3,158.8 1 2
github.com/Ashes47/braids/internal/tui/searchview.go:160.2,160.13 1 2
github.com/Ashes47/braids/internal/tui/searchview.go:163.38,174.9 10 4
github.com/Ashes47/braids/internal/tui/searchview.go:175.20,178.32 3 1
github.com/Ashes47/braids/internal/tui/searchview.go:178.32,180.4 1 10
github.com/Ashes47/braids/internal/tui/searchview.go:181.24,184.32 3 2
github.com/Ashes47/braids/internal/tui/searchview.go:184.32,186.4 1 20
github.com/Ashes47/braids/internal/tui/searchview.go:187.10,189.35 2 1
github.com/Ashes47/braids/internal/tui/searchview.go:189.35,192.4 2 2
github.com/Ashes47/braids/internal/tui/searchview.go:193.3,193.47 1 1
github.com/Ashes47/braids/internal/tui/searchview.go:193.47,195.4 1 9
github.com/Ashes47/braids/internal/tui/searchview.go:197.2,202.19 4 4
github.com/Ashes47/braids/internal/tui/searchview.go:205.37,206.50 1 2
github.com/Ashes47/braids/internal/tui/searchview.go:206.50,208.3 1 1
github.com/Ashes47/braids/internal/tui/searchview.go:209.2,209.63 1 1
github.com/Ashes47/braids/internal/tui/searchview.go:212.37,214.26 2 4
github.com/Ashes47/braids/internal/tui/searchview.go:214.26,216.3 1 0
github.com/Ashes47/braids/internal/tui/searchview.go:217.2,217.65 1 4
github.com/Ashes47/braids/internal/tui/searchview.go:220.36,223.19 3 4
github.com/Ashes47/braids/internal/tui/searchview.go:223.19,225.3 1 3
github.com/Ashes47/braids/internal/tui/searchview.go:226.2,227.19 2 4
github.com/Ashes47/braids/internal/tui/searchview.go:227.19,229.3 1 0
github.com/Ashes47/braids/internal/tui/searchview.go:230.2,240.39 3 4
github.com/Ashes47/braids/internal/tui/searchview.go:244.30,245.32 1 4
github.com/Ashes47/braids/internal/tui/searchview.go:245.32,247.3 1 1
github.com/Ashes47/braids/internal/tui/searchview.go:248.2,248.10 1 3
github.com/Ashes47/braids/internal/tui/searchview.go:251.39,254.19 2 4
github.com/Ashes47/braids/internal/tui/searchview.go:254.19,256.3 1 0
github.com/Ashes47/braids/internal/tui/searchview.go:257.2,259.32 1 4
github.com/Ashes47/braids/internal/tui/searchview.go:262.63,264.16 2 2
github.com/Ashes47/braids/internal/tui/searchview.go:264.16,266.3 1 0
github.com/Ashes47/braids/internal/tui/searchview.go:267.2,268.20 2 2
github.com/Ashes47/braids/internal/tui/searchview.go:268.20,270.3 1 1
github.com/Ashes47/braids/internal/tui/searchview.go:271.2,272.22 2 2
github.com/Ashes47/braids/internal/tui/searchview.go:272.22,274.3 1 0
github.com/Ashes47/braids/internal/tui/searchview.go:276.2,282.14 6 2
github.com/Ashes47/braids/internal/tui/searchview.go:282.14,284.3 1 1
github.com/Ashes47/braids/internal/tui/searchview.go:285.2,288.33 1 1
github.com/Ashes47/braids/internal/tui/spineview.go:50.30,52.49 2 32
github.com/Ashes47/braids/internal/tui/spineview.go:52.49,52.101 1 0
github.com/Ashes47/braids/internal/tui/spineview.go:53.2,54.47 2 32
github.com/Ashes47/braids/internal/tui/spineview.go:54.47,54.99 1 0
github.com/Ashes47/braids/internal/tui/spineview.go:56.2,58.28 3 32
github.com/Ashes47/braids/internal/tui/spineview.go:58.28,59.61 1 137
github.com/Ashes47/braids/internal/tui/spineview.go:59.61,63.4 3 3
github.com/Ashes47/braids/internal/tui/spineview.go:64.3,64.61 1 137
github.com/Ashes47/braids/internal/tui/spineview.go:64.61,67.4 2 3
github.com/Ashes47/braids/internal/tui/spineview.go:69.2,69.29 1 32
github.com/Ashes47/braids/internal/tui/spineview.go:69.29,72.3 2 105
github.com/Ashes47/braids/internal/tui/spineview.go:73.2,74.11 2 32
github.com/Ashes47/braids/internal/tui/spineview.go:78.41,79.48 1 12
github.com/Ashes47/braids/internal/tui/spineview.go:79.48,81.3 1 0
github.com/Ashes47/braids/internal/tui/spineview.go:82.2,82.28 1 12
github.com/Ashes47/braids/internal/tui/spineview.go:85.46,86.14 1 52
github.com/Ashes47/braids/internal/tui/spineview.go:86.14,88.3 1 7
github.com/Ashes47/braids/internal/tui/spineview.go:89.2,89.19 1 45
github.com/Ashes47/braids/internal/tui/spineview.go:99.30,101.9 2 56
github.com/Ashes47/braids/internal/tui/spineview.go:102.22,103.21 1 39
github.com/Ashes47/braids/internal/tui/spineview.go:104.10,106.28 2 17
github.com/Ashes47/braids/internal/tui/spineview.go:106.28,107.38 1 68
github.com/Ashes47/braids/internal/tui/spineview.go:107.38,109.5 1 18
github.com/Ashes47/braids/internal/tui/spineview.go:112.2,112.17 1 56
github.com/Ashes47/braids/internal/tui/spineview.go:116.43,117.48 1 56
github.com/Ashes47/braids/internal/tui/spineview.go:117.48,119.3 1 32
github.com/Ashes47/braids/internal/tui/spineview.go:120.2,120.36 1 24
github.com/Ashes47/braids/internal/tui/spineview.go:124.42,126.15 2 56
github.com/Ashes47/braids/internal/tui/spineview.go:126.15,128.3 1 32
github.com/Ashes47/braids/internal/tui/spineview.go:129.2,129.30 1 24
github.com/Ashes47/braids/internal/tui/spineview.go:129.30,130.23 1 33
github.com/Ashes47/braids/internal/tui/spineview.go:130.23,133.4 2 19
github.com/Ashes47/braids/internal/tui/spineview.go:137.32,138.20 1 57
github.com/Ashes47/braids/internal/tui/spineview.go:138.20,140.3 1 0
github.com/Ashes47/braids/internal/tui/spineview.go:141.2,141.19 1 57
github.com/Ashes47/braids/internal/tui/spineview.go:141.19,143.3 1 0
github.com/Ashes47/braids/internal/tui/spineview.go:144.2,144.42 1 57
github.com/Ashes47/braids/internal/tui/spineview.go:147.37,148.20 1 68
github.com/Ashes47/braids/internal/tui/spineview.go:148.20,150.3 1 0
github.com/Ashes47/braids/internal/tui/spineview.go:151.2,151.19 1 68
github.com/Ashes47/braids/internal/tui/spineview.go:151.19,153.3 1 0
github.com/Ashes47/braids/internal/tui/spineview.go:154.2,155.90 1 68
github.com/Ashes47/braids/internal/tui/spineview.go:160.34,161.47 1 26
github.com/Ashes47/braids/internal/tui/spineview.go:161.47,163.3 1 0
github.com/Ashes47/braids/internal/tui/spineview.go:164.2,164.52 1 26
github.com/Ashes47/braids/internal/tui/spineview.go:169.57,170.24 1 29
github.com/Ashes47/braids/internal/tui/spineview.go:170.24,172.3 1 0
github.com/Ashes47/braids/internal/tui/spineview.go:173.2,175.25 3 29
github.com/Ashes47/braids/internal/tui/spineview.go:175.25,176.67 1 3
github.com/Ashes47/braids/internal/tui/spineview.go:176.67,178.4 1 3
github.com/Ashes47/braids/internal/tui/spineview.go:180.2,181.28 2 29
github.com/Ashes47/braids/internal/tui/spineview.go:181.28,183.3 1 1
github.com/Ashes47/braids/internal/tui/spineview.go:184.2,186.10 3 29
github.com/Ashes47/braids/internal/tui/spineview.go:190.35,191.30 1 6
github.com/Ashes47/braids/internal/tui/spineview.go:191.30,195.3 3 2
github.com/Ashes47/braids/internal/tui/spineview.go:196.2,198.10 3 4
github.com/Ashes47/braids/internal/tui/spineview.go:201.54,203.21 2 56
github.com/Ashes47/braids/internal/tui/spineview.go:203.21,205.3 1 4
github.com/Ashes47/braids/internal/tui/spineview.go:206.2,206.23 1 52
github.com/Ashes47/braids/internal/tui/spineview.go:206.23,210.3 3 23
github.com/Ashes47/braids/internal/tui/spineview.go:211.2,211.13 1 29
github.com/Ashes47/braids/internal/tui/spineview.go:212.39,213.29 1 5
github.com/Ashes47/braids/internal/tui/spineview.go:214.11,215.31 1 1
github.com/Ashes47/braids/internal/tui/spineview.go:216.29,218.23 2 4
github.com/Ashes47/braids/internal/tui/spineview.go:218.23,220.4 1 3
github.com/Ashes47/braids/internal/tui/spineview.go:221.3,221.22 1 1
github.com/Ashes47/braids/internal/tui/spineview.go:221.22,224.4 2 0
github.com/Ashes47/braids/internal/tui/spineview.go:225.3,225.41 1 1
github.com/Ashes47/braids/internal/tui/spineview.go:226.19,227.47 1 7
github.com/Ashes47/braids/internal/tui/spineview.go:228.17,229.48 1 2
github.com/Ashes47/braids/internal/tui/spineview.go:230.19,231.15 1 0
github.com/Ashes47/braids/internal/tui/spineview.go:232.18,233.32 1 0
github.com/Ashes47/braids/internal/tui/spineview.go:234.26,235.33 1 0
github.com/Ashes47/braids/internal/tui/spineview.go:236.24,237.33 1 0
github.com/Ashes47/braids/internal/tui/spineview.go:238.11,239.25 1 1
github.com/Ashes47/braids/internal/tui/spineview.go:240.11,241.30 1 7
github.com/Ashes47/braids/internal/tui/spineview.go:242.11,244.30 2 2
github.com/Ashes47/braids/internal/tui/spineview.go:245.11,247.30 2 0
github.com/Ashes47/braids/internal/tui/spineview.go:248.11,249.48 1 0
github.com/Ashes47/braids/internal/tui/spineview.go:250.11,251.49 1 0
github.com/Ashes47/braids/internal/tui/spineview.go:253.2,254.15 2 10
github.com/Ashes47/braids/internal/tui/spineview.go:257.30,259.14 2 38
github.com/Ashes47/braids/internal/tui/spineview.go:259.14,261.3 1 0
github.com/Ashes47/braids/internal/tui/spineview.go:262.2,262.32 1 38
github.com/Ashes47/braids/internal/tui/spineview.go:262.32,264.3 1 0
github.com/Ashes47/braids/internal/tui/spineview.go:265.2,265.18 1 38
github.com/Ashes47/braids/internal/tui/spineview.go:265.18,267.3 1 0
github.com/Ashes47/braids/internal/tui/spineview.go:268.2,269.25 2 38
github.com/Ashes47/braids/internal/tui/spineview.go:269.25,271.3 1 0
github.com/Ashes47/braids/internal/tui/spineview.go:272.2,272.28 1 38
github.com/Ashes47/braids/internal/tui/spineview.go:272.28,274.3 1 0
github.com/Ashes47/braids/internal/tui/spineview.go:275.2,275.18 1 38
github.com/Ashes47/braids/internal/tui/spineview.go:275.18,277.3 1 0
github.com/Ashes47/braids/internal/tui/spineview.go:280.37,291.9 10 20
github.com/Ashes47/braids/internal/tui/spineview.go:292.20,295.32 3 1
github.com/Ashes47/braids/internal/tui/spineview.go:295.32,297.4 1 10
github.com/Ashes47/braids/internal/tui/spineview.go:298.27,301.32 3 3
github.com/Ashes47/braids/internal/tui/spineview.go:301.32,303.4 1 30
github.com/Ashes47/braids/internal/tui/spineview.go:304.10,307.61 3 16
github.com/Ashes47/braids/internal/tui/spineview.go:307.61,313.66 4 52
github.com/Ashes47/braids/internal/tui/spineview.go:313.66,317.5 3 0
github.com/Ashes47/braids/internal/tui/spineview.go:319.3,319.36 1 16
github.com/Ashes47/braids/internal/tui/spineview.go:319.36,321.4 1 124
github.com/Ashes47/braids/internal/tui/spineview.go:323.2,326.19 4 20
github.com/Ashes47/braids/internal/tui/spineview.go:330.36,338.15 6 0
github.com/Ashes47/braids/internal/tui/spineview.go:338.15,340.3 1 0
github.com/Ashes47/braids/internal/tui/spineview.go:341.2,344.29 1 0
github.com/Ashes47/braids/internal/tui/spineview.go:349.37,351.9 2 20
github.com/Ashes47/braids/internal/tui/spineview.go:352.23,353.32 1 1
github.com/Ashes47/braids/internal/tui/spineview.go:354.22,356.15 2 10
github.com/Ashes47/braids/internal/tui/spineview.go:356.15,358.4 1 6
github.com/Ashes47/braids/internal/tui/spineview.go:359.3,359.38 1 10
github.com/Ashes47/braids/internal/tui/spineview.go:360.10,361.47 1 9
github.com/Ashes47/braids/internal/tui/spineview.go:365.43,366.25 1 3
github.com/Ashes47/braids/internal/tui/spineview.go:366.25,368.3 1 1
github.com/Ashes47/braids/internal/tui/spineview.go:369.2,369.41 1 2
github.com/Ashes47/braids/internal/tui/spineview.go:372.36,374.16 2 20
github.com/Ashes47/braids/internal/tui/spineview.go:374.16,376.3 1 0
github.com/Ashes47/braids/internal/tui/spineview.go:377.2,378.25 2 20
github.com/Ashes47/braids/internal/tui/spineview.go:378.25,380.3 1 2
github.com/Ashes47/braids/internal/tui/spineview.go:381.2,381.88 1 20
github.com/Ashes47/braids/internal/tui/spineview.go:385.35,387.35 2 20
github.com/Ashes47/braids/internal/tui/spineview.go:387.35,388.30 1 57
github.com/Ashes47/braids/internal/tui/spineview.go:388.30,391.4 2 12
github.com/Ashes47/braids/internal/tui/spineview.go:393.2,396.27 4 20
github.com/Ashes47/braids/internal/tui/spineview.go:396.27,398.3 1 4
github.com/Ashes47/braids/internal/tui/spineview.go:399.2,411.51 3 20
github.com/Ashes47/braids/internal/tui/spineview.go:416.38,424.2 2 20
github.com/Ashes47/braids/internal/tui/spineview.go:432.48,433.9 1 24
github.com/Ashes47/braids/internal/tui/spineview.go:434.32,435.16 1 9
github.com/Ashes47/braids/internal/tui/spineview.go:436.19,437.43 1 11
github.com/Ashes47/braids/internal/tui/spineview.go:438.17,439.46 1 1
github.com/Ashes47/braids/internal/tui/spineview.go:440.10,441.68 1 3
github.com/Ashes47/braids/internal/tui/spineview.go:445.38,448.19 3 20
github.com/Ashes47/braids/internal/tui/spineview.go:448.19,450.3 1 0
github.com/Ashes47/braids/internal/tui/spineview.go:451.2,451.103 1 20
github.com/Ashes47/braids/internal/tui/spineview.go:460.66,462.9 2 52
github.com/Ashes47/braids/internal/tui/spineview.go:463.24,464.42 1 0
github.com/Ashes47/braids/internal/tui/spineview.go:465.23,466.40 1 2
github.com/Ashes47/braids/internal/tui/spineview.go:467.10,468.42 1 50
github.com/Ashes47/braids/internal/tui/spineview.go:470.2,470.14 1 52
github.com/Ashes47/braids/internal/tui/spineview.go:470.14,472.3 1 16
github.com/Ashes47/braids/internal/tui/spineview.go:473.2,473.15 1 36
github.com/Ashes47/braids/internal/tui/spineview.go:478.72,484.18 5 0
github.com/Ashes47/braids/internal/tui/spineview.go:484.18,486.3 1 0
github.com/Ashes47/braids/internal/tui/spineview.go:487.2,488.19 2 0
github.com/Ashes47/braids/internal/tui/spineview.go:488.19,490.3 1 0
github.com/Ashes47/braids/internal/tui/spineview.go:491.2,496.22 4 0
github.com/Ashes47/braids/internal/tui/spineview.go:501.64,504.16 3 2
github.com/Ashes47/braids/internal/tui/spineview.go:504.16,506.3 1 0
github.com/Ashes47/braids/internal/tui/spineview.go:507.2,511.19 4 2
github.com/Ashes47/braids/internal/tui/spineview.go:511.19,513.3 1 0
github.com/Ashes47/braids/internal/tui/spineview.go:514.2,519.22 4 2
github.com/Ashes47/braids/internal/tui/spineview.go:522.71,526.37 3 50
github.com/Ashes47/braids/internal/tui/spineview.go:526.37,528.3 1 11
github.com/Ashes47/braids/internal/tui/spineview.go:529.2,533.19 3 50
github.com/Ashes47/braids/internal/tui/spineview.go:533.19,535.3 1 0
github.com/Ashes47/braids/internal/tui/spineview.go:537.2,539.18 3 50
github.com/Ashes47/braids/internal/tui/spineview.go:540.20,542.59 2 11
github.com/Ashes47/braids/internal/tui/spineview.go:543.10,546.33 3 39
github.com/Ashes47/braids/internal/tui/spineview.go:546.33,548.4 1 24
github.com/Ashes47/braids/internal/tui/spineview.go:549.3,550.58 2 39
github.com/Ashes47/braids/internal/tui/spineview.go:550.58,553.4 2 0
github.com/Ashes47/braids/internal/tui/spineview.go:555.2,565.22 6 50
github.com/Ashes47/braids/internal/tui/spineview.go:569.36,573.21 2 7
github.com/Ashes47/braids/internal/tui/spineview.go:573.21,576.3 2 1
github.com/Ashes47/braids/internal/tui/spineview.go:577.2,577.44 1 6
github.com/Ashes47/braids/internal/tui/spineview.go:577.44,580.3 2 1
github.com/Ashes47/braids/internal/tui/spineview.go:581.2,582.21 2 5
github.com/Ashes47/braids/internal/tui/spineview.go:582.21,585.3 2 1
github.com/Ashes47/braids/internal/tui/spineview.go:586.2,587.30 2 4
github.com/Ashes47/braids/internal/tui/spineview.go:587.30,590.3 2 1
github.com/Ashes47/braids/internal/tui/spineview.go:591.2,593.10 3 3
github.com/Ashes47/braids/internal/tui/spineview.go:596.44,598.13 2 4
github.com/Ashes47/braids/internal/tui/spineview.go:599.13,600.27 1 0
github.com/Ashes47/braids/internal/tui/spineview.go:601.15,602.26 1 2
github.com/Ashes47/braids/internal/tui/spineview.go:603.10,604.21 1 2
github.com/Ashes47/braids/internal/tui/spineview.go:606.2,606.10 1 2
github.com/Ashes47/braids/internal/tui/spineview.go:612.37,619.16 6 2
github.com/Ashes47/braids/internal/tui/spineview.go:619.16,622.3 2 1
github.com/Ashes47/braids/internal/tui/spineview.go:623.2,624.22 2 1
github.com/Ashes47/braids/internal/tui/spineview.go:624.22,626.17 2 0
github.com/Ashes47/braids/internal/tui/spineview.go:626.17,629.4 2 0
github.com/Ashes47/braids/internal/tui/spineview.go:630.3,630.22 1 0
github.com/Ashes47/braids/internal/tui/spineview.go:632.2,633.10 2 1
github.com/Ashes47/braids/internal/tui/spineview.go:638.44,641.26 3 7
github.com/Ashes47/braids/internal/tui/spineview.go:641.26,643.33 2 25
github.com/Ashes47/braids/internal/tui/spineview.go:643.33,644.12 1 14
github.com/Ashes47/braids/internal/tui/spineview.go:646.3,647.20 2 11
github.com/Ashes47/braids/internal/tui/spineview.go:647.20,648.9 1 1
github.com/Ashes47/braids/internal/tui/spineview.go:651.2,651.19 1 7
github.com/Ashes47/braids/internal/tui/spineview.go:651.19,653.3 1 2
github.com/Ashes47/braids/internal/tui/spineview.go:654.2,654.31 1 5
github.com/Ashes47/braids/internal/tui/spineview.go:669.54,670.29 1 3
github.com/Ashes47/braids/internal/tui/spineview.go:670.29,673.3 2 0
github.com/Ashes47/braids/internal/tui/spineview.go:674.2,685.10 11 3
github.com/Ashes47/braids/internal/tui/spineview.go:689.48,690.9 1 3
github.com/Ashes47/braids/internal/tui/spineview.go:691.36,692.32 1 3
github.com/Ashes47/braids/internal/tui/spineview.go:693.20,694.16 1 0
github.com/Ashes47/braids/internal/tui/spineview.go:695.10,696.16 1 0
github.com/Ashes47/braids/internal/tui/spineview.go:702.37,705.21 3 1
github.com/Ashes47/braids/internal/tui/spineview.go:705.21,707.3 1 1
github.com/Ashes47/braids/internal/tui/spineview.go:707.8,707.49 1 0
github.com/Ashes47/braids/internal/tui/spineview.go:707.49,709.3 1 0
github.com/Ashes47/braids/internal/tui/spineview.go:710.2,710.19 1 1
github.com/Ashes47/braids/internal/tui/spineview.go:710.19,713.3 2 0
github.com/Ashes47/braids/internal/tui/spineview.go:714.2,714.22 1 1
github.com/Ashes47/braids/internal/tui/spineview.go:714.22,717.3 2 0
github.com/Ashes47/braids/internal/tui/spineview.go:718.2,719.16 2 1
github.com/Ashes47/braids/internal/tui/spineview.go:719.16,722.3 2 0
github.com/Ashes47/braids/internal/tui/spineview.go:723.2,724.22 2 1
github.com/Ashes47/braids/internal/tui/spineview.go:724.22,726.24 2 0
github.com/Ashes47/braids/internal/tui/spineview.go:726.24,729.4 2 0
github.com/Ashes47/braids/internal/tui/spineview.go:730.3,730.22 1 0
github.com/Ashes47/braids/internal/tui/spineview.go:732.2,733.10 2 1
github.com/Ashes47/braids/internal/tui/spineview.go:740.54,741.34 1 10
github.com/Ashes47/braids/internal/tui/spineview.go:741.34,743.23 2 14
github.com/Ashes47/braids/internal/tui/spineview.go:743.23,745.4 1 9
github.com/Ashes47/braids/internal/tui/spineview.go:747.2,747.13 1 1
github.com/Ashes47/braids/internal/tui/spineview.go:750.30,752.2 1 14
github.com/Ashes47/braids/internal/tui/spineview.go:755.42,757.30 2 79
github.com/Ashes47/braids/internal/tui/spineview.go:757.30,758.22 1 46
github.com/Ashes47/braids/internal/tui/spineview.go:758.22,759.9 1 0
github.com/Ashes47/braids/internal/tui/spineview.go:761.3,761.63 1 46
github.com/Ashes47/braids/internal/tui/spineview.go:763.2,763.36 1 79
github.com/Ashes47/braids/internal/tui/spineview.go:766.31,766.78 1 52
github.com/Ashes47/braids/internal/tui/state.go:47.60,48.9 1 89
github.com/Ashes47/braids/internal/tui/state.go:49.58,50.20 1 63
github.com/Ashes47/braids/internal/tui/state.go:51.89,52.23 1 2
github.com/Ashes47/braids/internal/tui/state.go:53.48,54.25 1 2
github.com/Ashes47/braids/internal/tui/state.go:55.78,56.22 1 7
github.com/Ashes47/braids/internal/tui/state.go:57.37,58.22 1 2
github.com/Ashes47/braids/internal/tui/state.go:59.10,60.23 1 13
github.com/Ashes47/braids/internal/tui/state.go:65.55,66.28 1 48
github.com/Ashes47/braids/internal/tui/state.go:67.21,68.45 1 9
github.com/Ashes47/braids/internal/tui/state.go:69.37,71.14 1 2
github.com/Ashes47/braids/internal/tui/state.go:72.10,73.15 1 37
github.com/Ashes47/braids/internal/tui/state.go:79.78,80.15 1 66
github.com/Ashes47/braids/internal/tui/state.go:81.35,82.23 1 3
github.com/Ashes47/braids/internal/tui/state.go:83.37,84.24 1 0
github.com/Ashes47/braids/internal/tui/state.go:85.21,86.46 1 4
github.com/Ashes47/braids/internal/tui/state.go:86.46,88.4 1 2
github.com/Ashes47/braids/internal/tui/state.go:89.3,89.23 1 2
github.com/Ashes47/braids/internal/tui/state.go:90.10,91.23 1 59
github.com/Ashes47/braids/internal/tui/theme.go:38.35,39.11 1 62
github.com/Ashes47/braids/internal/tui/theme.go:39.11,41.3 1 62
github.com/Ashes47/braids/internal/tui/theme.go:42.2,42.147 1 0
github.com/Ashes47/braids/internal/tui/theme.go:70.41,72.45 2 61
github.com/Ashes47/braids/internal/tui/theme.go:72.45,72.63 1 427
github.com/Ashes47/braids/internal/tui/theme.go:74.2,103.3 8 61
