mode: atomic
github.com/Ashes47/braids/internal/core/model/model.go:47.32,48.28 1 0
github.com/Ashes47/braids/internal/core/model/model.go:48.28,49.16 1 0
github.com/Ashes47/braids/internal/core/model/model.go:49.16,51.4 1 0
github.com/Ashes47/braids/internal/core/model/model.go:53.2,53.14 1 0
github.com/Ashes47/braids/internal/core/model/model.go:88.49,90.28 2 5
github.com/Ashes47/braids/internal/core/model/model.go:90.28,91.53 1 16
github.com/Ashes47/braids/internal/core/model/model.go:91.53,92.12 1 7
github.com/Ashes47/braids/internal/core/model/model.go:94.3,94.19 1 9
github.com/Ashes47/braids/internal/core/model/model.go:94.19,95.12 1 3
github.com/Ashes47/braids/internal/core/model/model.go:97.3,97.18 1 6
github.com/Ashes47/braids/internal/core/model/model.go:97.18,99.4 1 3
github.com/Ashes47/braids/internal/core/model/model.go:100.3,100.24 1 6
github.com/Ashes47/braids/internal/core/model/model.go:102.2,102.19 1 5
github.com/Ashes47/braids/internal/core/model/model.go:105.54,106.29 1 12
github.com/Ashes47/braids/internal/core/model/model.go:106.29,107.16 1 14
github.com/Ashes47/braids/internal/core/model/model.go:107.16,109.4 1 5
github.com/Ashes47/braids/internal/core/model/model.go:111.2,111.14 1 7
github.com/Ashes47/braids/internal/core/sidecar/sidecar.go:27.50,30.54 3 5
github.com/Ashes47/braids/internal/core/sidecar/sidecar.go:30.54,32.3 1 2
github.com/Ashes47/braids/internal/core/sidecar/sidecar.go:33.2,33.16 1 3
github.com/Ashes47/braids/internal/core/sidecar/sidecar.go:33.16,35.3 1 0
github.com/Ashes47/braids/internal/core/sidecar/sidecar.go:36.2,36.57 1 3
github.com/Ashes47/braids/internal/core/sidecar/sidecar.go:36.57,40.3 1 1
github.com/Ashes47/braids/internal/core/sidecar/sidecar.go:41.2,41.15 1 3
github.com/Ashes47/braids/internal/core/sidecar/sidecar.go:45.39,45.59 1 2
github.com/Ashes47/braids/internal/core/sidecar/sidecar.go:48.46,51.2 2 1
github.com/Ashes47/braids/internal/core/sidecar/sidecar.go:54.41,57.2 2 2
github.com/Ashes47/braids/internal/core/sidecar/sidecar.go:61.51,64.2 2 2
github.com/Ashes47/braids/internal/core/sidecar/sidecar.go:67.45,70.2 2 1
github.com/Ashes47/braids/internal/core/sidecar/sidecar.go:72.34,74.16 2 3
github.com/Ashes47/braids/internal/core/sidecar/sidecar.go:74.16,76.3 1 0
github.com/Ashes47/braids/internal/core/sidecar/sidecar.go:77.2,77.65 1 3
github.com/Ashes47/braids/internal/core/sidecar/sidecar.go:77.65,79.3 1 0
github.com/Ashes47/braids/internal/core/sidecar/sidecar.go:80.2,81.16 2 3
github.com/Ashes47/braids/internal/core/sidecar/sidecar.go:81.16,83.3 1 0
github.com/Ashes47/braids/internal/core/sidecar/sidecar.go:84.2,86.43 2 3
github.com/Ashes47/braids/internal/core/sidecar/sidecar.go:86.43,88.3 1 0
github.com/Ashes47/braids/internal/core/sidecar/sidecar.go:89.2,89.36 1 3
github.com/Ashes47/braids/internal/core/sidecar/sidecar.go:89.36,91.3 1 0
github.com/Ashes47/braids/internal/core/sidecar/sidecar.go:92.2,92.54 1 3
github.com/Ashes47/braids/internal/core/sidecar/sidecar.go:92.54,94.3 1 0
github.com/Ashes47/braids/internal/core/sidecar/sidecar.go:95.2,95.12 1 3
github.com/Ashes47/braids/internal/launch/launch.go:29.57,30.72 1 7
github.com/Ashes47/braids/internal/launch/launch.go:30.72,32.3 1 3
github.com/Ashes47/braids/internal/launch/launch.go:33.2,33.23 1 4
github.com/Ashes47/braids/internal/launch/launch.go:33.23,35.3 1 1
github.com/Ashes47/braids/internal/launch/launch.go:36.2,36.40 1 3
github.com/Ashes47/braids/internal/launch/launch.go:36.40,38.3 1 1
github.com/Ashes47/braids/internal/launch/launch.go:39.2,39.16 1 2
github.com/Ashes47/braids/internal/launch/launch.go:44.65,46.15 2 0
github.com/Ashes47/braids/internal/launch/launch.go:46.15,48.3 1 0
github.com/Ashes47/braids/internal/launch/launch.go:49.2,49.16 1 0
github.com/Ashes47/braids/internal/launch/launch.go:49.16,51.3 1 0
github.com/Ashes47/braids/internal/launch/launch.go:52.2,52.51 1 0
github.com/Ashes47/braids/internal/launch/launch.go:58.63,60.2 1 0
github.com/Ashes47/braids/internal/launch/launch.go:63.46,65.15 2 1
github.com/Ashes47/braids/internal/launch/launch.go:65.15,67.3 1 1
github.com/Ashes47/braids/internal/launch/launch.go:68.2,81.10 1 1
github.com/Ashes47/braids/internal/launch/launch.go:86.45,87.68 1 3
github.com/Ashes47/braids/internal/launch/launch.go:87.68,94.3 2 2
github.com/Ashes47/braids/internal/launch/launch.go:99.69,105.9 5 2
github.com/Ashes47/braids/internal/launch/launch.go:106.54,109.13 1 0
github.com/Ashes47/braids/internal/launch/launch.go:110.18,111.64 1 1
github.com/Ashes47/braids/internal/launch/launch.go:111.64,113.4 1 1
github.com/Ashes47/braids/internal/launch/launch.go:114.3,114.41 1 0
github.com/Ashes47/braids/internal/launch/launch.go:116.2,116.12 1 1
github.com/Ashes47/braids/internal/launch/launch.go:119.33,120.45 1 1
github.com/Ashes47/braids/internal/launch/launch.go:120.45,122.3 1 0
github.com/Ashes47/braids/internal/launch/launch.go:123.2,123.10 1 1
github.com/Ashes47/braids/internal/launch/launch.go:127.40,129.2 1 2
github.com/Ashes47/braids/internal/launch/launch.go:132.34,134.2 1 1
github.com/Ashes47/braids/internal/launch/launch.go:137.29,137.54 1 0
github.com/Ashes47/braids/internal/core/watch/watch.go:37.45,39.16 2 5
github.com/Ashes47/braids/internal/core/watch/watch.go:39.16,41.3 1 0
github.com/Ashes47/braids/internal/core/watch/watch.go:42.2,47.29 2 5
github.com/Ashes47/braids/internal/core/watch/watch.go:47.29,48.43 1 5
github.com/Ashes47/braids/internal/core/watch/watch.go:48.43,50.4 1 0
github.com/Ashes47/braids/internal/core/watch/watch.go:52.2,53.15 2 5
github.com/Ashes47/braids/internal/core/watch/watch.go:58.45,58.65 1 6
github.com/Ashes47/braids/internal/core/watch/watch.go:61.33,62.19 1 7
github.com/Ashes47/braids/internal/core/watch/watch.go:62.19,62.36 1 5
github.com/Ashes47/braids/internal/core/watch/watch.go:63.2,63.21 1 7
github.com/Ashes47/braids/internal/core/watch/watch.go:68.48,69.49 1 5
github.com/Ashes47/braids/internal/core/watch/watch.go:69.49,71.3 1 0
github.com/Ashes47/braids/internal/core/watch/watch.go:72.2,72.39 1 5
github.com/Ashes47/braids/internal/core/watch/watch.go:72.39,74.3 1 0
github.com/Ashes47/braids/internal/core/watch/watch.go:75.2,76.16 2 5
github.com/Ashes47/braids/internal/core/watch/watch.go:76.16,78.3 1 0
github.com/Ashes47/braids/internal/core/watch/watch.go:79.2,79.28 1 5
github.com/Ashes47/braids/internal/core/watch/watch.go:79.28,80.17 1 5
github.com/Ashes47/braids/internal/core/watch/watch.go:80.17,81.12 1 0
github.com/Ashes47/braids/internal/core/watch/watch.go:85.3,85.46 1 5
github.com/Ashes47/braids/internal/core/watch/watch.go:87.2,87.12 1 5
github.com/Ashes47/braids/internal/core/watch/watch.go:90.25,92.19 2 5
github.com/Ashes47/braids/internal/core/watch/watch.go:92.19,94.3 1 0
github.com/Ashes47/braids/internal/core/watch/watch.go:95.2,97.6 2 5
github.com/Ashes47/braids/internal/core/watch/watch.go:97.6,98.10 1 33
github.com/Ashes47/braids/internal/core/watch/watch.go:99.17,100.10 1 5
github.com/Ashes47/braids/internal/core/watch/watch.go:102.35,103.11 1 24
github.com/Ashes47/braids/internal/core/watch/watch.go:103.11,105.5 1 0
github.com/Ashes47/braids/internal/core/watch/watch.go:108.4,108.55 1 24
github.com/Ashes47/braids/internal/core/watch/watch.go:108.55,110.5 1 1
github.com/Ashes47/braids/internal/core/watch/watch.go:111.4,111.27 1 24
github.com/Ashes47/braids/internal/core/watch/watch.go:111.27,112.13 1 1
github.com/Ashes47/braids/internal/core/watch/watch.go:114.4,114.16 1 23
github.com/Ashes47/braids/internal/core/watch/watch.go:114.16,116.5 1 4
github.com/Ashes47/braids/internal/core/watch/watch.go:116.10,116.28 1 19
github.com/Ashes47/braids/internal/core/watch/watch.go:116.28,117.12 1 0
github.com/Ashes47/braids/internal/core/watch/watch.go:118.20,118.20 0 0
github.com/Ashes47/braids/internal/core/watch/watch.go:119.13,119.13 0 0
github.com/Ashes47/braids/internal/core/watch/watch.go:122.4,122.23 1 23
github.com/Ashes47/braids/internal/core/watch/watch.go:124.18,126.11 2 4
github.com/Ashes47/braids/internal/core/watch/watch.go:127.33,127.33 0 4
github.com/Ashes47/braids/internal/core/watch/watch.go:128.12,128.12 0 0
github.com/Ashes47/braids/internal/core/watch/watch.go:131.22,131.22 0 0
github.com/Ashes47/braids/internal/core/watch/watch.go:140.45,141.32 1 24
github.com/Ashes47/braids/internal/core/watch/watch.go:141.32,143.3 1 0
github.com/Ashes47/braids/internal/core/watch/watch.go:144.2,144.69 1 24
github.com/Ashes47/braids/internal/core/watch/watch.go:147.30,150.2 2 7
github.com/Ashes47/braids/internal/core/hooks/hooks.go:46.24,48.2 1 32
github.com/Ashes47/braids/internal/core/hooks/hooks.go:55.46,57.16 2 3
github.com/Ashes47/braids/internal/core/hooks/hooks.go:57.16,59.3 1 0
github.com/Ashes47/braids/internal/core/hooks/hooks.go:60.2,66.55 2 3
github.com/Ashes47/braids/internal/core/hooks/hooks.go:66.55,68.3 1 1
github.com/Ashes47/braids/internal/core/hooks/hooks.go:69.2,69.27 1 2
github.com/Ashes47/braids/internal/core/hooks/hooks.go:69.27,71.3 1 1
github.com/Ashes47/braids/internal/core/hooks/hooks.go:72.2,78.4 1 1
github.com/Ashes47/braids/internal/core/hooks/hooks.go:86.41,87.63 1 4
github.com/Ashes47/braids/internal/core/hooks/hooks.go:87.63,89.3 1 0
github.com/Ashes47/braids/internal/core/hooks/hooks.go:90.2,91.16 2 4
github.com/Ashes47/braids/internal/core/hooks/hooks.go:91.16,93.3 1 0
github.com/Ashes47/braids/internal/core/hooks/hooks.go:94.2,95.16 2 4
github.com/Ashes47/braids/internal/core/hooks/hooks.go:95.16,97.3 1 0
github.com/Ashes47/braids/internal/core/hooks/hooks.go:98.2,99.55 2 4
github.com/Ashes47/braids/internal/core/hooks/hooks.go:99.55,101.3 1 0
github.com/Ashes47/braids/internal/core/hooks/hooks.go:102.2,102.12 1 4
github.com/Ashes47/braids/internal/core/hooks/hooks.go:108.41,110.36 2 3
github.com/Ashes47/braids/internal/core/hooks/hooks.go:110.36,112.3 1 1
github.com/Ashes47/braids/internal/core/hooks/hooks.go:113.2,113.16 1 2
github.com/Ashes47/braids/internal/core/hooks/hooks.go:113.16,115.3 1 0
github.com/Ashes47/braids/internal/core/hooks/hooks.go:116.2,117.40 2 2
github.com/Ashes47/braids/internal/core/hooks/hooks.go:117.40,119.57 2 4
github.com/Ashes47/braids/internal/core/hooks/hooks.go:119.57,120.12 1 0
github.com/Ashes47/braids/internal/core/hooks/hooks.go:122.3,122.23 1 4
github.com/Ashes47/braids/internal/core/hooks/hooks.go:124.2,124.17 1 2
github.com/Ashes47/braids/internal/core/hooks/hooks.go:127.39,130.34 3 2
github.com/Ashes47/braids/internal/core/hooks/hooks.go:130.34,131.40 1 336
github.com/Ashes47/braids/internal/core/hooks/hooks.go:131.40,132.17 1 6
github.com/Ashes47/braids/internal/core/hooks/hooks.go:132.17,134.5 1 4
github.com/Ashes47/braids/internal/core/hooks/hooks.go:135.4,135.17 1 6
github.com/Ashes47/braids/internal/core/hooks/hooks.go:138.2,138.12 1 2
github.com/Ashes47/braids/internal/core/hooks/hooks.go:143.46,145.27 2 1
github.com/Ashes47/braids/internal/core/hooks/hooks.go:145.27,146.60 1 4
github.com/Ashes47/braids/internal/core/hooks/hooks.go:146.60,147.12 1 1
github.com/Ashes47/braids/internal/core/hooks/hooks.go:149.3,149.21 1 3
github.com/Ashes47/braids/internal/core/hooks/hooks.go:151.2,151.12 1 1
github.com/Ashes47/braids/internal/core/hooks/hooks.go:155.28,157.2 1 7
github.com/Ashes47/braids/internal/core/hooks/install.go:41.62,43.2 1 10
github.com/Ashes47/braids/internal/core/hooks/install.go:48.61,50.2 1 3
github.com/Ashes47/braids/internal/core/hooks/install.go:53.60,55.16 2 5
github.com/Ashes47/braids/internal/core/hooks/install.go:55.16,57.3 1 0
github.com/Ashes47/braids/internal/core/hooks/install.go:58.2,60.36 3 5
github.com/Ashes47/braids/internal/core/hooks/install.go:60.36,61.32 1 25
github.com/Ashes47/braids/internal/core/hooks/install.go:61.32,63.31 2 26
github.com/Ashes47/braids/internal/core/hooks/install.go:63.31,65.41 2 24
github.com/Ashes47/braids/internal/core/hooks/install.go:65.41,68.6 2 1
github.com/Ashes47/braids/internal/core/hooks/install.go:72.2,74.20 3 5
github.com/Ashes47/braids/internal/core/hooks/install.go:78.64,81.2 2 2
github.com/Ashes47/braids/internal/core/hooks/install.go:83.72,85.16 2 13
github.com/Ashes47/braids/internal/core/hooks/install.go:85.16,87.3 1 1
github.com/Ashes47/braids/internal/core/hooks/install.go:88.2,88.20 1 12
github.com/Ashes47/braids/internal/core/hooks/install.go:88.20,90.3 1 0
github.com/Ashes47/braids/internal/core/hooks/install.go:92.2,93.12 2 12
github.com/Ashes47/braids/internal/core/hooks/install.go:93.12,94.33 1 9
github.com/Ashes47/braids/internal/core/hooks/install.go:94.33,96.4 1 54
github.com/Ashes47/braids/internal/core/hooks/install.go:99.2,103.36 2 12
github.com/Ashes47/braids/internal/core/hooks/install.go:103.36,106.32 3 35
github.com/Ashes47/braids/internal/core/hooks/install.go:106.32,109.19 3 37
github.com/Ashes47/braids/internal/core/hooks/install.go:109.19,111.5 1 13
github.com/Ashes47/braids/internal/core/hooks/install.go:113.3,113.10 1 35
github.com/Ashes47/braids/internal/core/hooks/install.go:114.19,116.18 2 16
github.com/Ashes47/braids/internal/core/hooks/install.go:116.18,118.5 1 0
github.com/Ashes47/braids/internal/core/hooks/install.go:119.4,122.42 2 16
github.com/Ashes47/braids/internal/core/hooks/install.go:122.42,124.5 1 10
github.com/Ashes47/braids/internal/core/hooks/install.go:125.4,125.22 1 16
github.com/Ashes47/braids/internal/core/hooks/install.go:126.21,127.22 1 13
github.com/Ashes47/braids/internal/core/hooks/install.go:127.22,129.5 1 11
github.com/Ashes47/braids/internal/core/hooks/install.go:129.10,131.5 1 2
github.com/Ashes47/braids/internal/core/hooks/install.go:132.4,132.24 1 13
github.com/Ashes47/braids/internal/core/hooks/install.go:136.2,136.25 1 12
github.com/Ashes47/braids/internal/core/hooks/install.go:136.25,138.17 2 38
github.com/Ashes47/braids/internal/core/hooks/install.go:138.17,140.4 1 0
github.com/Ashes47/braids/internal/core/hooks/install.go:141.3,142.23 2 38
github.com/Ashes47/braids/internal/core/hooks/install.go:144.2,144.23 1 12
github.com/Ashes47/braids/internal/core/hooks/install.go:144.23,146.3 1 1
github.com/Ashes47/braids/internal/core/hooks/install.go:148.2,149.16 2 11
github.com/Ashes47/braids/internal/core/hooks/install.go:149.16,151.3 1 0
github.com/Ashes47/braids/internal/core/hooks/install.go:152.2,153.54 2 11
github.com/Ashes47/braids/internal/core/hooks/install.go:153.54,155.3 1 0
github.com/Ashes47/braids/internal/core/hooks/install.go:156.2,156.30 1 11
github.com/Ashes47/braids/internal/core/hooks/install.go:161.90,163.36 2 25
github.com/Ashes47/braids/internal/core/hooks/install.go:163.36,165.3 1 3
github.com/Ashes47/braids/internal/core/hooks/install.go:166.2,166.16 1 22
github.com/Ashes47/braids/internal/core/hooks/install.go:166.16,168.3 1 0
github.com/Ashes47/braids/internal/core/hooks/install.go:169.2,170.19 2 22
github.com/Ashes47/braids/internal/core/hooks/install.go:170.19,171.57 1 22
github.com/Ashes47/braids/internal/core/hooks/install.go:171.57,175.4 1 1
github.com/Ashes47/braids/internal/core/hooks/install.go:177.2,178.54 2 21
github.com/Ashes47/braids/internal/core/hooks/install.go:178.54,179.55 1 21
github.com/Ashes47/braids/internal/core/hooks/install.go:179.55,181.4 1 0
github.com/Ashes47/braids/internal/core/hooks/install.go:183.2,183.31 1 21
github.com/Ashes47/braids/internal/core/hooks/install.go:187.68,189.16 2 11
github.com/Ashes47/braids/internal/core/hooks/install.go:189.16,191.3 1 0
github.com/Ashes47/braids/internal/core/hooks/install.go:192.2,192.52 1 11
github.com/Ashes47/braids/internal/core/hooks/install.go:192.52,194.63 2 8
github.com/Ashes47/braids/internal/core/hooks/install.go:194.63,196.4 1 0
github.com/Ashes47/braids/internal/core/hooks/install.go:198.2,199.16 2 11
github.com/Ashes47/braids/internal/core/hooks/install.go:199.16,201.3 1 0
github.com/Ashes47/braids/internal/core/hooks/install.go:202.2,204.57 2 11
github.com/Ashes47/braids/internal/core/hooks/install.go:204.57,206.3 1 0
github.com/Ashes47/braids/internal/core/hooks/install.go:207.2,207.36 1 11
github.com/Ashes47/braids/internal/core/hooks/install.go:207.36,209.3 1 0
github.com/Ashes47/braids/internal/core/hooks/install.go:210.2,210.52 1 11
github.com/Ashes47/braids/internal/core/hooks/install.go:210.52,212.3 1 0
github.com/Ashes47/braids/internal/core/hooks/install.go:213.2,213.12 1 11
github.com/Ashes47/braids/internal/core/hooks/install.go:218.56,222.16 2 54
github.com/Ashes47/braids/internal/core/hooks/install.go:222.16,224.3 1 0
github.com/Ashes47/braids/internal/core/hooks/install.go:225.2,225.21 1 54
github.com/Ashes47/braids/internal/core/hooks/install.go:233.47,235.39 2 72
github.com/Ashes47/braids/internal/core/hooks/install.go:235.39,237.3 1 0
github.com/Ashes47/braids/internal/core/hooks/install.go:238.2,239.9 2 72
github.com/Ashes47/braids/internal/core/hooks/install.go:239.9,241.3 1 18
github.com/Ashes47/braids/internal/core/hooks/install.go:243.2,245.56 3 54
github.com/Ashes47/braids/internal/core/hooks/install.go:253.68,255.43 2 63
github.com/Ashes47/braids/internal/core/hooks/install.go:255.43,257.3 1 0
github.com/Ashes47/braids/internal/core/hooks/install.go:258.2,259.51 2 63
github.com/Ashes47/braids/internal/core/hooks/install.go:259.51,261.3 1 0
github.com/Ashes47/braids/internal/core/hooks/install.go:262.2,264.27 3 63
github.com/Ashes47/braids/internal/core/hooks/install.go:264.27,265.39 1 64
github.com/Ashes47/braids/internal/core/hooks/install.go:265.39,267.12 2 49
github.com/Ashes47/braids/internal/core/hooks/install.go:269.3,269.27 1 15
github.com/Ashes47/braids/internal/core/hooks/install.go:271.2,271.9 1 63
github.com/Ashes47/braids/internal/core/hooks/install.go:272.23,273.20 1 14
github.com/Ashes47/braids/internal/core/hooks/install.go:274.22,275.20 1 48
github.com/Ashes47/braids/internal/core/hooks/install.go:277.2,278.16 2 1
github.com/Ashes47/braids/internal/core/hooks/install.go:278.16,280.3 1 0
github.com/Ashes47/braids/internal/core/hooks/install.go:281.2,283.16 3 1
github.com/Ashes47/braids/internal/core/hooks/install.go:283.16,285.3 1 0
github.com/Ashes47/braids/internal/core/hooks/install.go:286.2,286.23 1 1
github.com/Ashes47/braids/internal/core/hooks/install.go:291.44,294.32 3 16
github.com/Ashes47/braids/internal/core/hooks/install.go:294.32,295.16 1 96
github.com/Ashes47/braids/internal/core/hooks/install.go:295.16,298.4 2 85
github.com/Ashes47/braids/internal/core/hooks/install.go:300.2,301.24 2 16
github.com/Ashes47/braids/internal/core/hooks/install.go:301.24,302.18 1 85
github.com/Ashes47/braids/internal/core/hooks/install.go:302.18,304.4 1 0
github.com/Ashes47/braids/internal/core/hooks/install.go:306.2,307.32 2 16
github.com/Ashes47/braids/internal/core/trash/trash.go:45.36,45.66 1 3
github.com/Ashes47/braids/internal/core/trash/trash.go:51.27,51.52 1 8
github.com/Ashes47/braids/internal/core/trash/trash.go:55.68,62.49 3 8
github.com/Ashes47/braids/internal/core/trash/trash.go:62.49,64.3 1 0
github.com/Ashes47/braids/internal/core/trash/trash.go:66.2,66.29 1 8
github.com/Ashes47/braids/internal/core/trash/trash.go:66.29,68.37 2 11
github.com/Ashes47/braids/internal/core/trash/trash.go:68.37,69.12 1 2
github.com/Ashes47/braids/internal/core/trash/trash.go:71.3,71.17 1 9
github.com/Ashes47/braids/internal/core/trash/trash.go:71.17,73.4 1 0
github.com/Ashes47/braids/internal/core/trash/trash.go:74.3,75.45 2 9
github.com/Ashes47/braids/internal/core/trash/trash.go:75.45,79.4 1 0
github.com/Ashes47/braids/internal/core/trash/trash.go:80.3,81.34 2 9
github.com/Ashes47/braids/internal/core/trash/trash.go:83.2,83.27 1 8
github.com/Ashes47/braids/internal/core/trash/trash.go:83.27,85.3 1 1
github.com/Ashes47/braids/internal/core/trash/trash.go:86.2,86.51 1 7
github.com/Ashes47/braids/internal/core/trash/trash.go:86.51,88.3 1 0
github.com/Ashes47/braids/internal/core/trash/trash.go:89.2,89.19 1 7
github.com/Ashes47/braids/internal/core/trash/trash.go:93.39,95.36 2 7
github.com/Ashes47/braids/internal/core/trash/trash.go:95.36,97.3 1 0
github.com/Ashes47/braids/internal/core/trash/trash.go:98.2,98.16 1 7
github.com/Ashes47/braids/internal/core/trash/trash.go:98.16,100.3 1 0
github.com/Ashes47/braids/internal/core/trash/trash.go:101.2,102.25 2 7
github.com/Ashes47/braids/internal/core/trash/trash.go:102.25,103.17 1 5
github.com/Ashes47/braids/internal/core/trash/trash.go:103.17,104.12 1 0
github.com/Ashes47/braids/internal/core/trash/trash.go:106.3,107.17 2 5
github.com/Ashes47/braids/internal/core/trash/trash.go:107.17,108.12 1 0
github.com/Ashes47/braids/internal/core/trash/trash.go:110.3,110.27 1 5
github.com/Ashes47/braids/internal/core/trash/trash.go:112.2,112.38 1 7
github.com/Ashes47/braids/internal/core/trash/trash.go:112.38,112.75 1 1
github.com/Ashes47/braids/internal/core/trash/trash.go:113.2,113.17 1 7
github.com/Ashes47/braids/internal/core/trash/trash.go:117.38,118.63 1 2
github.com/Ashes47/braids/internal/core/trash/trash.go:118.63,120.3 1 0
github.com/Ashes47/braids/internal/core/trash/trash.go:121.2,121.12 1 2
github.com/Ashes47/braids/internal/core/trash/trash.go:126.57,128.16 2 2
github.com/Ashes47/braids/internal/core/trash/trash.go:128.16,130.3 1 0
github.com/Ashes47/braids/internal/core/trash/trash.go:131.2,133.28 3 2
github.com/Ashes47/braids/internal/core/trash/trash.go:133.28,134.30 1 2
github.com/Ashes47/braids/internal/core/trash/trash.go:134.30,135.12 1 1
github.com/Ashes47/braids/internal/core/trash/trash.go:137.3,137.39 1 1
github.com/Ashes47/braids/internal/core/trash/trash.go:137.39,139.4 1 0
github.com/Ashes47/braids/internal/core/trash/trash.go:140.3,141.19 2 1
github.com/Ashes47/braids/internal/core/trash/trash.go:143.2,143.25 1 2
github.com/Ashes47/braids/internal/core/trash/trash.go:146.51,148.16 2 7
github.com/Ashes47/braids/internal/core/trash/trash.go:148.16,150.3 1 0
github.com/Ashes47/braids/internal/core/trash/trash.go:151.2,151.80 1 7
github.com/Ashes47/braids/internal/core/trash/trash.go:151.80,153.3 1 0
github.com/Ashes47/braids/internal/core/trash/trash.go:154.2,154.12 1 7
github.com/Ashes47/braids/internal/core/trash/trash.go:157.46,159.16 2 7
github.com/Ashes47/braids/internal/core/trash/trash.go:159.16,161.3 1 1
github.com/Ashes47/braids/internal/core/trash/trash.go:162.2,163.53 2 6
github.com/Ashes47/braids/internal/core/trash/trash.go:163.53,165.3 1 0
github.com/Ashes47/braids/internal/core/trash/trash.go:166.2,166.19 1 6
github.com/Ashes47/braids/internal/core/trash/trash.go:170.42,172.35 2 2
github.com/Ashes47/braids/internal/core/trash/trash.go:172.35,173.69 1 4
github.com/Ashes47/braids/internal/core/trash/trash.go:173.69,175.12 2 0
github.com/Ashes47/braids/internal/core/trash/trash.go:177.3,177.55 1 4
github.com/Ashes47/braids/internal/core/trash/trash.go:177.55,179.4 1 0
github.com/Ashes47/braids/internal/core/trash/trash.go:181.2,181.23 1 2
github.com/Ashes47/braids/internal/core/trash/trash.go:181.23,183.3 1 0
github.com/Ashes47/braids/internal/core/trash/trash.go:184.2,184.53 1 2
github.com/Ashes47/braids/internal/core/trash/trash.go:188.53,190.16 2 2
github.com/Ashes47/braids/internal/core/trash/trash.go:190.16,192.3 1 1
github.com/Ashes47/braids/internal/core/trash/trash.go:193.2,193.32 1 1
github.com/Ashes47/braids/internal/core/trash/trash.go:197.50,198.19 1 9
github.com/Ashes47/braids/internal/core/trash/trash.go:198.19,200.3 1 7
github.com/Ashes47/braids/internal/core/trash/trash.go:201.2,202.76 2 2
github.com/Ashes47/braids/internal/core/trash/trash.go:202.76,203.30 1 6
github.com/Ashes47/braids/internal/core/trash/trash.go:203.30,205.4 1 4
github.com/Ashes47/braids/internal/core/trash/trash.go:206.3,206.38 1 2
github.com/Ashes47/braids/internal/core/trash/trash.go:206.38,208.4 1 2
github.com/Ashes47/braids/internal/core/trash/trash.go:209.3,209.13 1 2
github.com/Ashes47/braids/internal/core/trash/trash.go:211.2,211.14 1 2
github.com/Ashes47/braids/internal/core/store/claudecode/birthtime_darwin.go:13.44,15.9 2 48
github.com/Ashes47/braids/internal/core/store/claudecode/birthtime_darwin.go:15.9,17.3 1 0
github.com/Ashes47/braids/internal/core/store/claudecode/birthtime_darwin.go:18.2,18.63 1 48
github.com/Ashes47/braids/internal/core/store/claudecode/branch.go:29.91,30.25 1 6
github.com/Ashes47/braids/internal/core/store/claudecode/branch.go:30.25,32.3 1 1
github.com/Ashes47/braids/internal/core/store/claudecode/branch.go:33.2,34.16 2 5
github.com/Ashes47/braids/internal/core/store/claudecode/branch.go:34.16,36.3 1 0
github.com/Ashes47/braids/internal/core/store/claudecode/branch.go:37.2,38.16 2 5
github.com/Ashes47/braids/internal/core/store/claudecode/branch.go:38.16,40.3 1 1
github.com/Ashes47/braids/internal/core/store/claudecode/branch.go:42.2,43.16 2 4
github.com/Ashes47/braids/internal/core/store/claudecode/branch.go:43.16,45.3 1 0
github.com/Ashes47/braids/internal/core/store/claudecode/branch.go:46.2,47.72 2 4
github.com/Ashes47/braids/internal/core/store/claudecode/branch.go:47.72,49.3 1 0
github.com/Ashes47/braids/internal/core/store/claudecode/branch.go:51.2,52.16 2 4
github.com/Ashes47/braids/internal/core/store/claudecode/branch.go:52.16,54.3 1 0
github.com/Ashes47/braids/internal/core/store/claudecode/branch.go:55.2,64.8 1 4
github.com/Ashes47/braids/internal/core/store/claudecode/branch.go:74.45,76.16 2 24
github.com/Ashes47/braids/internal/core/store/claudecode/branch.go:76.16,78.3 1 0
github.com/Ashes47/braids/internal/core/store/claudecode/branch.go:79.2,83.16 4 24
github.com/Ashes47/braids/internal/core/store/claudecode/branch.go:83.16,86.49 3 97
github.com/Ashes47/braids/internal/core/store/claudecode/branch.go:86.49,88.12 2 0
github.com/Ashes47/braids/internal/core/store/claudecode/branch.go:90.3,90.72 1 97
github.com/Ashes47/braids/internal/core/store/claudecode/branch.go:92.2,92.33 1 24
github.com/Ashes47/braids/internal/core/store/claudecode/branch.go:92.33,94.3 1 0
github.com/Ashes47/braids/internal/core/store/claudecode/branch.go:95.2,95.17 1 24
github.com/Ashes47/braids/internal/core/store/claudecode/branch.go:101.69,104.26 3 5
github.com/Ashes47/braids/internal/core/store/claudecode/branch.go:104.26,105.19 1 30
github.com/Ashes47/braids/internal/core/store/claudecode/branch.go:105.19,106.12 1 5
github.com/Ashes47/braids/internal/core/store/claudecode/branch.go:108.3,109.23 2 25
github.com/Ashes47/braids/internal/core/store/claudecode/branch.go:109.23,111.4 1 4
github.com/Ashes47/braids/internal/core/store/claudecode/branch.go:113.2,113.12 1 5
github.com/Ashes47/braids/internal/core/store/claudecode/branch.go:113.12,115.3 1 1
github.com/Ashes47/braids/internal/core/store/claudecode/branch.go:117.2,118.65 2 4
github.com/Ashes47/braids/internal/core/store/claudecode/branch.go:118.65,120.3 1 11
github.com/Ashes47/braids/internal/core/store/claudecode/branch.go:121.2,121.18 1 4
github.com/Ashes47/braids/internal/core/store/claudecode/branch.go:124.126,126.16 2 4
github.com/Ashes47/braids/internal/core/store/claudecode/branch.go:126.16,128.3 1 0
github.com/Ashes47/braids/internal/core/store/claudecode/branch.go:129.2,132.29 3 4
github.com/Ashes47/braids/internal/core/store/claudecode/branch.go:132.29,134.17 2 6
github.com/Ashes47/braids/internal/core/store/claudecode/branch.go:134.17,136.4 1 0
github.com/Ashes47/braids/internal/core/store/claudecode/branch.go:137.3,138.13 2 6
github.com/Ashes47/braids/internal/core/store/claudecode/branch.go:141.2,141.21 1 4
github.com/Ashes47/braids/internal/core/store/claudecode/branch.go:141.21,142.21 1 4
github.com/Ashes47/braids/internal/core/store/claudecode/branch.go:142.21,145.19 1 2
github.com/Ashes47/braids/internal/core/store/claudecode/branch.go:145.19,147.5 1 0
github.com/Ashes47/braids/internal/core/store/claudecode/branch.go:149.3,149.27 1 4
github.com/Ashes47/braids/internal/core/store/claudecode/branch.go:149.27,150.36 1 24
github.com/Ashes47/braids/internal/core/store/claudecode/branch.go:150.36,152.5 1 0
github.com/Ashes47/braids/internal/core/store/claudecode/branch.go:153.4,153.37 1 24
github.com/Ashes47/braids/internal/core/store/claudecode/branch.go:153.37,154.13 1 13
github.com/Ashes47/braids/internal/core/store/claudecode/branch.go:156.4,157.18 2 11
github.com/Ashes47/braids/internal/core/store/claudecode/branch.go:157.18,159.5 1 0
github.com/Ashes47/braids/internal/core/store/claudecode/branch.go:160.4,160.64 1 11
github.com/Ashes47/braids/internal/core/store/claudecode/branch.go:160.64,162.5 1 0
github.com/Ashes47/braids/internal/core/store/claudecode/branch.go:165.3,167.5 1 4
github.com/Ashes47/braids/internal/core/store/claudecode/branch.go:169.2,169.16 1 4
github.com/Ashes47/braids/internal/core/store/claudecode/branch.go:169.16,171.3 1 0
github.com/Ashes47/braids/internal/core/store/claudecode/branch.go:172.2,172.36 1 4
github.com/Ashes47/braids/internal/core/store/claudecode/branch.go:172.36,174.3 1 0
github.com/Ashes47/braids/internal/core/store/claudecode/branch.go:175.2,175.49 1 4
github.com/Ashes47/braids/internal/core/store/claudecode/branch.go:175.49,177.3 1 0
github.com/Ashes47/braids/internal/core/store/claudecode/branch.go:178.2,178.12 1 4
github.com/Ashes47/braids/internal/core/store/claudecode/branch.go:182.57,184.9 2 25
github.com/Ashes47/braids/internal/core/store/claudecode/branch.go:184.9,187.3 1 0
github.com/Ashes47/braids/internal/core/store/claudecode/branch.go:188.2,189.16 2 25
github.com/Ashes47/braids/internal/core/store/claudecode/branch.go:189.16,191.3 1 0
github.com/Ashes47/braids/internal/core/store/claudecode/branch.go:192.2,192.58 1 25
github.com/Ashes47/braids/internal/core/store/claudecode/branch.go:192.58,193.31 1 50
github.com/Ashes47/braids/internal/core/store/claudecode/branch.go:193.31,195.4 1 25
github.com/Ashes47/braids/internal/core/store/claudecode/branch.go:197.2,198.16 2 25
github.com/Ashes47/braids/internal/core/store/claudecode/branch.go:198.16,200.3 1 0
github.com/Ashes47/braids/internal/core/store/claudecode/branch.go:201.2,201.17 1 25
github.com/Ashes47/braids/internal/core/store/claudecode/branch.go:206.66,208.53 2 34
github.com/Ashes47/braids/internal/core/store/claudecode/branch.go:208.53,210.3 1 0
github.com/Ashes47/braids/internal/core/store/claudecode/branch.go:211.2,211.21 1 34
github.com/Ashes47/braids/internal/core/store/claudecode/branch.go:215.37,217.43 2 16
github.com/Ashes47/braids/internal/core/store/claudecode/branch.go:217.43,219.3 1 0
github.com/Ashes47/braids/internal/core/store/claudecode/branch.go:220.2,223.85 4 16
github.com/Ashes47/braids/internal/core/store/claudecode/branch.go:226.30,227.18 1 1
github.com/Ashes47/braids/internal/core/store/claudecode/branch.go:227.18,229.3 1 1
github.com/Ashes47/braids/internal/core/store/claudecode/branch.go:230.2,230.15 1 0
github.com/Ashes47/braids/internal/core/store/claudecode/branch.go:247.89,248.22 1 2
github.com/Ashes47/braids/internal/core/store/claudecode/branch.go:248.22,250.3 1 1
github.com/Ashes47/braids/internal/core/store/claudecode/branch.go:251.2,252.16 2 1
github.com/Ashes47/braids/internal/core/store/claudecode/branch.go:252.16,254.3 1 0
github.com/Ashes47/braids/internal/core/store/claudecode/branch.go:255.2,256.16 2 1
github.com/Ashes47/braids/internal/core/store/claudecode/branch.go:256.16,258.3 1 0
github.com/Ashes47/braids/internal/core/store/claudecode/branch.go:262.2,266.70 4 1
github.com/Ashes47/braids/internal/core/store/claudecode/branch.go:266.70,268.3 1 0
github.com/Ashes47/braids/internal/core/store/claudecode/branch.go:269.2,270.16 2 1
github.com/Ashes47/braids/internal/core/store/claudecode/branch.go:270.16,272.3 1 0
github.com/Ashes47/braids/internal/core/store/claudecode/branch.go:273.2,281.8 1 1
github.com/Ashes47/braids/internal/core/store/claudecode/branch.go:284.49,285.9 1 1
github.com/Ashes47/braids/internal/core/store/claudecode/branch.go:286.44,287.40 1 1
github.com/Ashes47/braids/internal/core/store/claudecode/branch.go:288.24,289.20 1 0
github.com/Ashes47/braids/internal/core/store/claudecode/branch.go:290.24,291.20 1 0
github.com/Ashes47/braids/internal/core/store/claudecode/branch.go:292.10,293.26 1 0
github.com/Ashes47/braids/internal/core/store/claudecode/branch.go:297.88,299.16 2 1
github.com/Ashes47/braids/internal/core/store/claudecode/branch.go:299.16,301.3 1 0
github.com/Ashes47/braids/internal/core/store/claudecode/branch.go:302.2,305.21 3 1
github.com/Ashes47/braids/internal/core/store/claudecode/branch.go:305.21,309.17 2 1
github.com/Ashes47/braids/internal/core/store/claudecode/branch.go:309.17,311.4 1 0
github.com/Ashes47/braids/internal/core/store/claudecode/branch.go:312.3,312.60 1 1
github.com/Ashes47/braids/internal/core/store/claudecode/branch.go:312.60,314.4 1 0
github.com/Ashes47/braids/internal/core/store/claudecode/branch.go:315.3,316.27 2 1
github.com/Ashes47/braids/internal/core/store/claudecode/branch.go:316.27,317.36 1 2
github.com/Ashes47/braids/internal/core/store/claudecode/branch.go:317.36,319.5 1 0
github.com/Ashes47/braids/internal/core/store/claudecode/branch.go:320.4,321.18 2 2
github.com/Ashes47/braids/internal/core/store/claudecode/branch.go:321.18,323.5 1 0
github.com/Ashes47/braids/internal/core/store/claudecode/branch.go:324.4,324.64 1 2
github.com/Ashes47/braids/internal/core/store/claudecode/branch.go:324.64,326.5 1 0
github.com/Ashes47/braids/internal/core/store/claudecode/branch.go:327.4,327.20 1 2
github.com/Ashes47/braids/internal/core/store/claudecode/branch.go:327.20,329.5 1 2
github.com/Ashes47/braids/internal/core/store/claudecode/branch.go:331.3,331.17 1 1
github.com/Ashes47/braids/internal/core/store/claudecode/branch.go:331.17,333.4 1 0
github.com/Ashes47/braids/internal/core/store/claudecode/branch.go:334.3,337.17 2 1
github.com/Ashes47/braids/internal/core/store/claudecode/branch.go:337.17,339.4 1 0
github.com/Ashes47/braids/internal/core/store/claudecode/branch.go:340.3,341.13 2 1
github.com/Ashes47/braids/internal/core/store/claudecode/branch.go:343.2,343.16 1 1
github.com/Ashes47/braids/internal/core/store/claudecode/branch.go:343.16,345.3 1 0
github.com/Ashes47/braids/internal/core/store/claudecode/branch.go:346.2,346.36 1 1
github.com/Ashes47/braids/internal/core/store/claudecode/branch.go:346.36,348.3 1 0
github.com/Ashes47/braids/internal/core/store/claudecode/branch.go:349.2,349.49 1 1
github.com/Ashes47/braids/internal/core/store/claudecode/branch.go:349.49,351.3 1 0
github.com/Ashes47/braids/internal/core/store/claudecode/branch.go:352.2,352.12 1 1
github.com/Ashes47/braids/internal/core/store/claudecode/branch.go:356.60,358.9 2 2
github.com/Ashes47/braids/internal/core/store/claudecode/branch.go:358.9,360.3 1 0
github.com/Ashes47/braids/internal/core/store/claudecode/branch.go:361.2,364.16 4 2
github.com/Ashes47/braids/internal/core/store/claudecode/branch.go:364.16,366.3 1 0
github.com/Ashes47/braids/internal/core/store/claudecode/branch.go:367.2,367.58 1 2
github.com/Ashes47/braids/internal/core/store/claudecode/branch.go:367.58,368.41 1 4
github.com/Ashes47/braids/internal/core/store/claudecode/branch.go:368.41,370.4 1 2
github.com/Ashes47/braids/internal/core/store/claudecode/branch.go:372.2,373.16 2 2
github.com/Ashes47/braids/internal/core/store/claudecode/branch.go:373.16,375.3 1 0
github.com/Ashes47/braids/internal/core/store/claudecode/branch.go:376.2,376.17 1 2
github.com/Ashes47/braids/internal/core/store/claudecode/claudecode.go:37.31,37.61 1 22
github.com/Ashes47/braids/internal/core/store/claudecode/claudecode.go:40.36,42.16 2 0
github.com/Ashes47/braids/internal/core/store/claudecode/claudecode.go:42.16,44.3 1 0
github.com/Ashes47/braids/internal/core/store/claudecode/claudecode.go:45.2,45.56 1 0
github.com/Ashes47/braids/internal/core/store/claudecode/claudecode.go:49.32,49.55 1 48
github.com/Ashes47/braids/internal/core/store/claudecode/claudecode.go:52.52,60.2 1 0
github.com/Ashes47/braids/internal/core/store/claudecode/claudecode.go:69.67,71.16 2 26
github.com/Ashes47/braids/internal/core/store/claudecode/claudecode.go:71.16,73.3 1 0
github.com/Ashes47/braids/internal/core/store/claudecode/claudecode.go:74.2,75.35 2 26
github.com/Ashes47/braids/internal/core/store/claudecode/claudecode.go:75.35,76.23 1 26
github.com/Ashes47/braids/internal/core/store/claudecode/claudecode.go:76.23,77.12 1 0
github.com/Ashes47/braids/internal/core/store/claudecode/claudecode.go:79.3,81.17 3 26
github.com/Ashes47/braids/internal/core/store/claudecode/claudecode.go:81.17,83.4 1 0
github.com/Ashes47/braids/internal/core/store/claudecode/claudecode.go:84.3,84.29 1 26
github.com/Ashes47/braids/internal/core/store/claudecode/claudecode.go:84.29,85.36 1 44
github.com/Ashes47/braids/internal/core/store/claudecode/claudecode.go:85.36,87.5 1 0
github.com/Ashes47/braids/internal/core/store/claudecode/claudecode.go:88.4,88.59 1 44
github.com/Ashes47/braids/internal/core/store/claudecode/claudecode.go:88.59,89.13 1 5
github.com/Ashes47/braids/internal/core/store/claudecode/claudecode.go:91.4,92.18 2 39
github.com/Ashes47/braids/internal/core/store/claudecode/claudecode.go:92.18,94.5 1 0
github.com/Ashes47/braids/internal/core/store/claudecode/claudecode.go:95.4,105.31 3 39
github.com/Ashes47/braids/internal/core/store/claudecode/claudecode.go:108.2,108.19 1 26
github.com/Ashes47/braids/internal/core/store/claudecode/claudecode.go:114.81,116.16 2 4
github.com/Ashes47/braids/internal/core/store/claudecode/claudecode.go:116.16,118.3 1 0
github.com/Ashes47/braids/internal/core/store/claudecode/claudecode.go:119.2,121.18 3 4
github.com/Ashes47/braids/internal/core/store/claudecode/claudecode.go:130.70,133.30 1 4
github.com/Ashes47/braids/internal/core/store/claudecode/claudecode.go:133.30,135.3 1 2
github.com/Ashes47/braids/internal/core/store/claudecode/claudecode.go:136.2,138.33 3 2
github.com/Ashes47/braids/internal/core/store/claudecode/claudecode.go:138.33,140.3 1 2
github.com/Ashes47/braids/internal/core/store/claudecode/claudecode.go:141.2,141.78 1 0
github.com/Ashes47/braids/internal/core/store/claudecode/claudecode.go:141.78,142.30 1 0
github.com/Ashes47/braids/internal/core/store/claudecode/claudecode.go:142.30,144.4 1 0
github.com/Ashes47/braids/internal/core/store/claudecode/claudecode.go:145.3,145.38 1 0
github.com/Ashes47/braids/internal/core/store/claudecode/claudecode.go:145.38,147.4 1 0
github.com/Ashes47/braids/internal/core/store/claudecode/claudecode.go:148.3,148.13 1 0
github.com/Ashes47/braids/internal/core/store/claudecode/claudecode.go:150.2,150.30 1 0
github.com/Ashes47/braids/internal/core/store/claudecode/claudecode.go:150.30,152.3 1 0
github.com/Ashes47/braids/internal/core/store/claudecode/claudecode.go:153.2,153.20 1 0
github.com/Ashes47/braids/internal/core/store/claudecode/claudecode.go:158.90,160.16 2 9
github.com/Ashes47/braids/internal/core/store/claudecode/claudecode.go:160.16,162.3 1 0
github.com/Ashes47/braids/internal/core/store/claudecode/claudecode.go:163.2,177.16 5 9
github.com/Ashes47/braids/internal/core/store/claudecode/claudecode.go:177.16,178.35 1 38
github.com/Ashes47/braids/internal/core/store/claudecode/claudecode.go:178.35,180.4 1 0
github.com/Ashes47/braids/internal/core/store/claudecode/claudecode.go:181.3,182.56 2 38
github.com/Ashes47/braids/internal/core/store/claudecode/claudecode.go:182.56,183.12 1 1
github.com/Ashes47/braids/internal/core/store/claudecode/claudecode.go:185.3,185.36 1 37
github.com/Ashes47/braids/internal/core/store/claudecode/claudecode.go:185.36,187.4 1 0
github.com/Ashes47/braids/internal/core/store/claudecode/claudecode.go:188.3,188.19 1 37
github.com/Ashes47/braids/internal/core/store/claudecode/claudecode.go:188.19,189.12 1 8
github.com/Ashes47/braids/internal/core/store/claudecode/claudecode.go:191.3,193.10 3 29
github.com/Ashes47/braids/internal/core/store/claudecode/claudecode.go:193.10,195.12 2 7
github.com/Ashes47/braids/internal/core/store/claudecode/claudecode.go:197.3,200.36 4 22
github.com/Ashes47/braids/internal/core/store/claudecode/claudecode.go:200.36,202.4 1 1
github.com/Ashes47/braids/internal/core/store/claudecode/claudecode.go:204.2,204.33 1 8
github.com/Ashes47/braids/internal/core/store/claudecode/claudecode.go:204.33,206.3 1 0
github.com/Ashes47/braids/internal/core/store/claudecode/claudecode.go:207.2,207.12 1 8
github.com/Ashes47/braids/internal/core/store/claudecode/claudecode.go:210.44,214.2 3 40
github.com/Ashes47/braids/internal/core/store/claudecode/claudecode.go:218.38,220.21 2 39
github.com/Ashes47/braids/internal/core/store/claudecode/claudecode.go:220.21,222.3 1 0
github.com/Ashes47/braids/internal/core/store/claudecode/claudecode.go:223.2,223.28 1 39
github.com/Ashes47/braids/internal/core/store/claudecode/claudecode.go:231.59,233.16 2 4
github.com/Ashes47/braids/internal/core/store/claudecode/claudecode.go:233.16,235.3 1 0
github.com/Ashes47/braids/internal/core/store/claudecode/claudecode.go:236.2,240.16 4 4
github.com/Ashes47/braids/internal/core/store/claudecode/claudecode.go:240.16,242.57 2 14
github.com/Ashes47/braids/internal/core/store/claudecode/claudecode.go:242.57,246.39 2 1
github.com/Ashes47/braids/internal/core/store/claudecode/claudecode.go:246.39,248.5 1 1
github.com/Ashes47/braids/internal/core/store/claudecode/claudecode.go:250.3,250.26 1 14
github.com/Ashes47/braids/internal/core/store/claudecode/claudecode.go:250.26,251.12 1 9
github.com/Ashes47/braids/internal/core/store/claudecode/claudecode.go:253.3,254.50 2 5
github.com/Ashes47/braids/internal/core/store/claudecode/claudecode.go:254.50,255.12 1 0
github.com/Ashes47/braids/internal/core/store/claudecode/claudecode.go:257.3,257.10 1 5
github.com/Ashes47/braids/internal/core/store/claudecode/claudecode.go:258.28,259.26 1 3
github.com/Ashes47/braids/internal/core/store/claudecode/claudecode.go:260.24,261.18 1 1
github.com/Ashes47/braids/internal/core/store/claudecode/claudecode.go:262.26,263.23 1 1
github.com/Ashes47/braids/internal/core/store/claudecode/claudecode.go:266.2,266.33 1 4
github.com/Ashes47/braids/internal/core/store/claudecode/claudecode.go:266.33,268.3 1 0
github.com/Ashes47/braids/internal/core/store/claudecode/claudecode.go:269.2,269.51 1 4
github.com/Ashes47/braids/internal/core/store/claudecode/claudecode.go:272.37,273.31 1 14
github.com/Ashes47/braids/internal/core/store/claudecode/claudecode.go:273.31,274.30 1 24
github.com/Ashes47/braids/internal/core/store/claudecode/claudecode.go:274.30,276.4 1 5
github.com/Ashes47/braids/internal/core/store/claudecode/claudecode.go:278.2,278.14 1 9
github.com/Ashes47/braids/internal/core/store/claudecode/claudecode.go:281.43,282.25 1 4
github.com/Ashes47/braids/internal/core/store/claudecode/claudecode.go:282.25,283.14 1 6
github.com/Ashes47/braids/internal/core/store/claudecode/claudecode.go:283.14,285.4 1 4
github.com/Ashes47/braids/internal/core/store/claudecode/claudecode.go:287.2,287.11 1 0
github.com/Ashes47/braids/internal/core/store/claudecode/claudecode.go:335.64,336.50 1 54
github.com/Ashes47/braids/internal/core/store/claudecode/claudecode.go:336.50,338.3 1 7
github.com/Ashes47/braids/internal/core/store/claudecode/claudecode.go:339.2,340.16 2 47
github.com/Ashes47/braids/internal/core/store/claudecode/claudecode.go:341.14,342.24 1 27
github.com/Ashes47/braids/internal/core/store/claudecode/claudecode.go:343.19,344.29 1 20
github.com/Ashes47/braids/internal/core/store/claudecode/claudecode.go:345.10,346.32 1 0
github.com/Ashes47/braids/internal/core/store/claudecode/claudecode.go:348.2,349.21 2 47
github.com/Ashes47/braids/internal/core/store/claudecode/claudecode.go:349.21,351.3 1 0
github.com/Ashes47/braids/internal/core/store/claudecode/claudecode.go:352.2,359.9 2 47
github.com/Ashes47/braids/internal/core/store/claudecode/claudecode.go:364.48,365.65 1 37
github.com/Ashes47/braids/internal/core/store/claudecode/claudecode.go:365.65,367.3 1 37
github.com/Ashes47/braids/internal/core/store/claudecode/claudecode.go:368.2,375.3 2 0
github.com/Ashes47/braids/internal/core/store/claudecode/claudecode.go:382.35,383.25 1 126
github.com/Ashes47/braids/internal/core/store/claudecode/claudecode.go:383.25,385.3 1 82
github.com/Ashes47/braids/internal/core/store/claudecode/claudecode.go:386.2,386.32 1 44
github.com/Ashes47/braids/internal/core/store/claudecode/claudecode.go:386.32,388.3 1 2
github.com/Ashes47/braids/internal/core/store/claudecode/claudecode.go:389.2,389.11 1 42
github.com/Ashes47/braids/internal/core/store/claudecode/claudecode.go:394.51,395.19 1 47
github.com/Ashes47/braids/internal/core/store/claudecode/claudecode.go:395.19,397.3 1 0
github.com/Ashes47/braids/internal/core/store/claudecode/claudecode.go:398.2,399.51 2 47
github.com/Ashes47/braids/internal/core/store/claudecode/claudecode.go:399.51,400.36 1 25
github.com/Ashes47/braids/internal/core/store/claudecode/claudecode.go:400.36,402.4 1 0
github.com/Ashes47/braids/internal/core/store/claudecode/claudecode.go:403.3,403.58 1 25
github.com/Ashes47/braids/internal/core/store/claudecode/claudecode.go:405.2,406.53 2 22
github.com/Ashes47/braids/internal/core/store/claudecode/claudecode.go:406.53,408.3 1 0
github.com/Ashes47/braids/internal/core/store/claudecode/claudecode.go:409.2,410.27 2 22
github.com/Ashes47/braids/internal/core/store/claudecode/claudecode.go:410.27,411.30 1 24
github.com/Ashes47/braids/internal/core/store/claudecode/claudecode.go:411.30,413.4 1 24
github.com/Ashes47/braids/internal/core/store/claudecode/claudecode.go:415.2,415.14 1 22
github.com/Ashes47/braids/internal/core/store/claudecode/claudecode.go:418.44,419.16 1 24
github.com/Ashes47/braids/internal/core/store/claudecode/claudecode.go:420.14,421.38 1 20
github.com/Ashes47/braids/internal/core/store/claudecode/claudecode.go:421.38,423.4 1 0
github.com/Ashes47/braids/internal/core/store/claudecode/claudecode.go:424.3,424.62 1 20
github.com/Ashes47/braids/internal/core/store/claudecode/claudecode.go:425.18,426.42 1 1
github.com/Ashes47/braids/internal/core/store/claudecode/claudecode.go:426.42,428.4 1 0
github.com/Ashes47/braids/internal/core/store/claudecode/claudecode.go:429.3,429.70 1 1
github.com/Ashes47/braids/internal/core/store/claudecode/claudecode.go:430.18,431.98 1 1
github.com/Ashes47/braids/internal/core/store/claudecode/claudecode.go:432.21,434.17 2 2
github.com/Ashes47/braids/internal/core/store/claudecode/claudecode.go:434.17,436.4 1 0
github.com/Ashes47/braids/internal/core/store/claudecode/claudecode.go:437.3,437.103 1 2
github.com/Ashes47/braids/internal/core/store/claudecode/claudecode.go:438.10,439.29 1 0
github.com/Ashes47/braids/internal/core/store/claudecode/claudecode.go:444.42,445.19 1 2
github.com/Ashes47/braids/internal/core/store/claudecode/claudecode.go:445.19,447.3 1 0
github.com/Ashes47/braids/internal/core/store/claudecode/claudecode.go:448.2,449.51 2 2
github.com/Ashes47/braids/internal/core/store/claudecode/claudecode.go:449.51,451.3 1 1
github.com/Ashes47/braids/internal/core/store/claudecode/claudecode.go:452.2,453.53 2 1
github.com/Ashes47/braids/internal/core/store/claudecode/claudecode.go:453.53,455.3 1 0
github.com/Ashes47/braids/internal/core/store/claudecode/claudecode.go:456.2,457.29 2 1
github.com/Ashes47/braids/internal/core/store/claudecode/claudecode.go:457.29,458.21 1 1
github.com/Ashes47/braids/internal/core/store/claudecode/claudecode.go:458.21,459.12 1 0
github.com/Ashes47/braids/internal/core/store/claudecode/claudecode.go:461.3,461.18 1 1
github.com/Ashes47/braids/internal/core/store/claudecode/claudecode.go:461.18,463.4 1 0
github.com/Ashes47/braids/internal/core/store/claudecode/claudecode.go:464.3,464.26 1 1
github.com/Ashes47/braids/internal/core/store/claudecode/claudecode.go:466.2,466.19 1 1
github.com/Ashes47/braids/internal/core/store/claudecode/merge.go:16.96,18.16 2 3
github.com/Ashes47/braids/internal/core/store/claudecode/merge.go:18.16,20.3 1 0
github.com/Ashes47/braids/internal/core/store/claudecode/merge.go:21.2,29.8 3 3
github.com/Ashes47/braids/internal/core/store/claudecode/merge.go:42.89,44.16 2 8
github.com/Ashes47/braids/internal/core/store/claudecode/merge.go:44.16,46.3 1 2
github.com/Ashes47/braids/internal/core/store/claudecode/merge.go:47.2,48.22 2 6
github.com/Ashes47/braids/internal/core/store/claudecode/merge.go:48.22,50.3 1 1
github.com/Ashes47/braids/internal/core/store/claudecode/merge.go:54.2,54.62 1 5
github.com/Ashes47/braids/internal/core/store/claudecode/merge.go:54.62,58.3 1 1
github.com/Ashes47/braids/internal/core/store/claudecode/merge.go:60.2,61.16 2 4
github.com/Ashes47/braids/internal/core/store/claudecode/merge.go:61.16,63.3 1 0
github.com/Ashes47/braids/internal/core/store/claudecode/merge.go:64.2,65.78 2 4
github.com/Ashes47/braids/internal/core/store/claudecode/merge.go:65.78,67.3 1 0
github.com/Ashes47/braids/internal/core/store/claudecode/merge.go:68.2,69.16 2 4
github.com/Ashes47/braids/internal/core/store/claudecode/merge.go:69.16,71.3 1 0
github.com/Ashes47/braids/internal/core/store/claudecode/merge.go:72.2,82.8 1 4
github.com/Ashes47/braids/internal/core/store/claudecode/merge.go:86.37,87.22 1 1
github.com/Ashes47/braids/internal/core/store/claudecode/merge.go:87.22,89.3 1 1
github.com/Ashes47/braids/internal/core/store/claudecode/merge.go:90.2,90.22 1 0
github.com/Ashes47/braids/internal/core/store/claudecode/merge.go:90.22,92.3 1 0
github.com/Ashes47/braids/internal/core/store/claudecode/merge.go:93.2,93.16 1 0
github.com/Ashes47/braids/internal/core/store/claudecode/merge.go:96.74,97.52 1 11
github.com/Ashes47/braids/internal/core/store/claudecode/merge.go:97.52,99.3 1 1
github.com/Ashes47/braids/internal/core/store/claudecode/merge.go:100.2,100.36 1 10
github.com/Ashes47/braids/internal/core/store/claudecode/merge.go:100.36,102.3 1 1
github.com/Ashes47/braids/internal/core/store/claudecode/merge.go:103.2,103.54 1 9
github.com/Ashes47/braids/internal/core/store/claudecode/merge.go:103.54,105.3 1 0
github.com/Ashes47/braids/internal/core/store/claudecode/merge.go:106.2,106.62 1 9
github.com/Ashes47/braids/internal/core/store/claudecode/merge.go:106.62,108.3 1 0
github.com/Ashes47/braids/internal/core/store/claudecode/merge.go:109.2,109.28 1 9
github.com/Ashes47/braids/internal/core/store/claudecode/merge.go:114.59,116.25 2 17
github.com/Ashes47/braids/internal/core/store/claudecode/merge.go:116.25,117.19 1 61
github.com/Ashes47/braids/internal/core/store/claudecode/merge.go:117.19,119.4 1 58
github.com/Ashes47/braids/internal/core/store/claudecode/merge.go:121.2,121.29 1 17
github.com/Ashes47/braids/internal/core/store/claudecode/merge.go:121.29,122.10 1 61
github.com/Ashes47/braids/internal/core/store/claudecode/merge.go:123.21,124.12 1 3
github.com/Ashes47/braids/internal/core/store/claudecode/merge.go:125.23,126.30 1 34
github.com/Ashes47/braids/internal/core/store/claudecode/merge.go:127.11,128.30 1 24
github.com/Ashes47/braids/internal/core/store/claudecode/merge.go:131.2,131.23 1 17
github.com/Ashes47/braids/internal/core/store/claudecode/merge.go:136.35,138.26 2 9
github.com/Ashes47/braids/internal/core/store/claudecode/merge.go:138.26,140.39 2 19
github.com/Ashes47/braids/internal/core/store/claudecode/merge.go:140.39,141.12 1 0
github.com/Ashes47/braids/internal/core/store/claudecode/merge.go:143.3,143.35 1 19
github.com/Ashes47/braids/internal/core/store/claudecode/merge.go:143.35,145.4 1 19
github.com/Ashes47/braids/internal/core/store/claudecode/merge.go:147.2,147.10 1 9
github.com/Ashes47/braids/internal/core/store/claudecode/merge.go:150.92,152.16 2 4
github.com/Ashes47/braids/internal/core/store/claudecode/merge.go:152.16,154.3 1 0
github.com/Ashes47/braids/internal/core/store/claudecode/merge.go:155.2,158.21 3 4
github.com/Ashes47/braids/internal/core/store/claudecode/merge.go:158.21,159.17 1 4
github.com/Ashes47/braids/internal/core/store/claudecode/merge.go:159.17,163.18 2 3
github.com/Ashes47/braids/internal/core/store/claudecode/merge.go:163.18,165.5 1 0
github.com/Ashes47/braids/internal/core/store/claudecode/merge.go:166.4,166.61 1 3
github.com/Ashes47/braids/internal/core/store/claudecode/merge.go:166.61,168.5 1 0
github.com/Ashes47/braids/internal/core/store/claudecode/merge.go:171.3,172.26 2 4
github.com/Ashes47/braids/internal/core/store/claudecode/merge.go:172.26,173.36 1 16
github.com/Ashes47/braids/internal/core/store/claudecode/merge.go:173.36,175.5 1 0
github.com/Ashes47/braids/internal/core/store/claudecode/merge.go:181.4,181.20 1 16
github.com/Ashes47/braids/internal/core/store/claudecode/merge.go:181.20,182.13 1 2
github.com/Ashes47/braids/internal/core/store/claudecode/merge.go:184.4,185.18 2 14
github.com/Ashes47/braids/internal/core/store/claudecode/merge.go:185.18,187.5 1 0
github.com/Ashes47/braids/internal/core/store/claudecode/merge.go:188.4,188.64 1 14
github.com/Ashes47/braids/internal/core/store/claudecode/merge.go:188.64,190.5 1 0
github.com/Ashes47/braids/internal/core/store/claudecode/merge.go:191.4,191.20 1 14
github.com/Ashes47/braids/internal/core/store/claudecode/merge.go:191.20,193.5 1 14
github.com/Ashes47/braids/internal/core/store/claudecode/merge.go:195.3,195.17 1 4
github.com/Ashes47/braids/internal/core/store/claudecode/merge.go:195.17,197.4 1 0
github.com/Ashes47/braids/internal/core/store/claudecode/merge.go:201.3,202.28 2 4
github.com/Ashes47/braids/internal/core/store/claudecode/merge.go:202.28,203.36 1 7
github.com/Ashes47/braids/internal/core/store/claudecode/merge.go:203.36,205.5 1 0
github.com/Ashes47/braids/internal/core/store/claudecode/merge.go:206.4,207.18 2 7
github.com/Ashes47/braids/internal/core/store/claudecode/merge.go:207.18,209.5 1 0
github.com/Ashes47/braids/internal/core/store/claudecode/merge.go:210.4,213.43 3 7
github.com/Ashes47/braids/internal/core/store/claudecode/merge.go:213.43,215.5 1 3
github.com/Ashes47/braids/internal/core/store/claudecode/merge.go:216.4,217.18 2 7
github.com/Ashes47/braids/internal/core/store/claudecode/merge.go:217.18,219.5 1 0
github.com/Ashes47/braids/internal/core/store/claudecode/merge.go:220.4,220.64 1 7
github.com/Ashes47/braids/internal/core/store/claudecode/merge.go:220.64,222.5 1 0
github.com/Ashes47/braids/internal/core/store/claudecode/merge.go:223.4,223.16 1 7
github.com/Ashes47/braids/internal/core/store/claudecode/merge.go:226.3,229.17 2 4
github.com/Ashes47/braids/internal/core/store/claudecode/merge.go:229.17,231.4 1 0
github.com/Ashes47/braids/internal/core/store/claudecode/merge.go:232.3,233.13 2 4
github.com/Ashes47/braids/internal/core/store/claudecode/merge.go:235.2,235.16 1 4
github.com/Ashes47/braids/internal/core/store/claudecode/merge.go:235.16,237.3 1 0
github.com/Ashes47/braids/internal/core/store/claudecode/merge.go:238.2,238.36 1 4
github.com/Ashes47/braids/internal/core/store/claudecode/merge.go:238.36,240.3 1 0
github.com/Ashes47/braids/internal/core/store/claudecode/merge.go:241.2,241.49 1 4
github.com/Ashes47/braids/internal/core/store/claudecode/merge.go:241.49,243.3 1 0
github.com/Ashes47/braids/internal/core/store/claudecode/merge.go:244.2,244.12 1 4
github.com/Ashes47/braids/internal/core/store/claudecode/merge.go:248.74,250.9 2 7
github.com/Ashes47/braids/internal/core/store/claudecode/merge.go:250.9,252.3 1 0
github.com/Ashes47/braids/internal/core/store/claudecode/merge.go:253.2,256.4 1 7
github.com/Ashes47/braids/internal/core/store/claudecode/merge.go:256.4,257.26 1 28
github.com/Ashes47/braids/internal/core/store/claudecode/merge.go:257.26,258.43 1 7
github.com/Ashes47/braids/internal/core/store/claudecode/merge.go:258.43,259.13 1 7
github.com/Ashes47/braids/internal/core/store/claudecode/merge.go:262.3,263.17 2 21
github.com/Ashes47/braids/internal/core/store/claudecode/merge.go:263.17,265.4 1 0
github.com/Ashes47/braids/internal/core/store/claudecode/merge.go:266.3,266.24 1 21
github.com/Ashes47/braids/internal/core/store/claudecode/merge.go:270.2,273.16 3 7
github.com/Ashes47/braids/internal/core/store/claudecode/merge.go:273.16,275.3 1 0
github.com/Ashes47/braids/internal/core/store/claudecode/merge.go:276.2,276.17 1 7
github.com/Ashes47/braids/internal/core/store/claudecode/subagents.go:29.92,32.36 3 4
github.com/Ashes47/braids/internal/core/store/claudecode/subagents.go:32.36,34.3 1 1
github.com/Ashes47/braids/internal/core/store/claudecode/subagents.go:35.2,35.16 1 3
github.com/Ashes47/braids/internal/core/store/claudecode/subagents.go:35.16,37.3 1 0
github.com/Ashes47/braids/internal/core/store/claudecode/subagents.go:39.2,40.28 2 3
github.com/Ashes47/braids/internal/core/store/claudecode/subagents.go:40.28,41.35 1 6
github.com/Ashes47/braids/internal/core/store/claudecode/subagents.go:41.35,43.4 1 0
github.com/Ashes47/braids/internal/core/store/claudecode/subagents.go:44.3,45.54 2 6
github.com/Ashes47/braids/internal/core/store/claudecode/subagents.go:45.54,46.12 1 3
github.com/Ashes47/braids/internal/core/store/claudecode/subagents.go:48.3,52.85 4 3
github.com/Ashes47/braids/internal/core/store/claudecode/subagents.go:52.85,55.4 2 3
github.com/Ashes47/braids/internal/core/store/claudecode/subagents.go:56.3,57.27 2 3
github.com/Ashes47/braids/internal/core/store/claudecode/subagents.go:59.2,59.17 1 3
github.com/Ashes47/braids/internal/core/store/claudecode/subagents.go:62.58,64.16 2 3
github.com/Ashes47/braids/internal/core/store/claudecode/subagents.go:64.16,66.3 1 0
github.com/Ashes47/braids/internal/core/store/claudecode/subagents.go:67.2,68.52 2 3
github.com/Ashes47/braids/internal/core/store/claudecode/subagents.go:68.52,70.3 1 0
github.com/Ashes47/braids/internal/core/store/claudecode/subagents.go:71.2,71.18 1 3
github.com/Ashes47/braids/internal/core/store/claudecode/subagents.go:76.37,78.16 2 3
github.com/Ashes47/braids/internal/core/store/claudecode/subagents.go:78.16,80.3 1 0
github.com/Ashes47/braids/internal/core/store/claudecode/subagents.go:81.2,85.16 4 3
github.com/Ashes47/braids/internal/core/store/claudecode/subagents.go:85.16,87.44 2 6
github.com/Ashes47/braids/internal/core/store/claudecode/subagents.go:87.44,88.12 1 0
github.com/Ashes47/braids/internal/core/store/claudecode/subagents.go:90.3,90.35 1 6
github.com/Ashes47/braids/internal/core/store/claudecode/subagents.go:90.35,92.4 1 6
github.com/Ashes47/braids/internal/core/store/claudecode/subagents.go:94.2,94.10 1 3
github.com/Ashes47/braids/internal/core/index/index.go:150.40,152.16 2 12
github.com/Ashes47/braids/internal/core/index/index.go:152.16,154.3 1 0
github.com/Ashes47/braids/internal/core/index/index.go:155.2,162.4 1 12
github.com/Ashes47/braids/internal/core/index/index.go:162.4,163.44 1 36
github.com/Ashes47/braids/internal/core/index/index.go:163.44,165.4 1 0
github.com/Ashes47/braids/internal/core/index/index.go:167.2,167.36 1 12
github.com/Ashes47/braids/internal/core/index/index.go:167.36,169.3 1 0
github.com/Ashes47/braids/internal/core/index/index.go:170.2,170.28 1 12
github.com/Ashes47/braids/internal/core/index/index.go:176.32,178.74 2 12
github.com/Ashes47/braids/internal/core/index/index.go:178.74,180.3 1 0
github.com/Ashes47/braids/internal/core/index/index.go:181.2,181.30 1 12
github.com/Ashes47/braids/internal/core/index/index.go:181.30,182.45 1 12
github.com/Ashes47/braids/internal/core/index/index.go:182.45,184.4 1 0
github.com/Ashes47/braids/internal/core/index/index.go:186.2,186.43 1 12
github.com/Ashes47/braids/internal/core/index/index.go:186.43,188.3 1 0
github.com/Ashes47/braids/internal/core/index/index.go:189.2,189.89 1 12
github.com/Ashes47/braids/internal/core/index/index.go:189.89,191.3 1 0
github.com/Ashes47/braids/internal/core/index/index.go:192.2,192.12 1 12
github.com/Ashes47/braids/internal/core/index/index.go:196.32,196.56 1 12
github.com/Ashes47/braids/internal/core/index/index.go:201.80,204.16 3 8
github.com/Ashes47/braids/internal/core/index/index.go:204.16,206.3 1 0
github.com/Ashes47/braids/internal/core/index/index.go:208.2,209.16 2 8
github.com/Ashes47/braids/internal/core/index/index.go:209.16,211.3 1 0
github.com/Ashes47/braids/internal/core/index/index.go:212.2,217.4 2 8
github.com/Ashes47/braids/internal/core/index/index.go:217.4,218.54 1 40
github.com/Ashes47/braids/internal/core/index/index.go:218.54,220.4 1 0
github.com/Ashes47/braids/internal/core/index/index.go:223.2,224.29 2 8
github.com/Ashes47/braids/internal/core/index/index.go:224.29,226.17 2 17
github.com/Ashes47/braids/internal/core/index/index.go:226.17,228.4 1 0
github.com/Ashes47/braids/internal/core/index/index.go:229.3,230.23 2 17
github.com/Ashes47/braids/internal/core/index/index.go:232.2,232.36 1 8
github.com/Ashes47/braids/internal/core/index/index.go:232.36,234.3 1 0
github.com/Ashes47/braids/internal/core/index/index.go:235.2,236.19 2 8
github.com/Ashes47/braids/internal/core/index/index.go:245.77,248.16 3 11
github.com/Ashes47/braids/internal/core/index/index.go:248.16,250.3 1 0
github.com/Ashes47/braids/internal/core/index/index.go:251.2,252.16 2 11
github.com/Ashes47/braids/internal/core/index/index.go:252.16,254.3 1 0
github.com/Ashes47/braids/internal/core/index/index.go:255.2,256.26 2 11
github.com/Ashes47/braids/internal/core/index/index.go:256.26,258.3 1 12
github.com/Ashes47/braids/internal/core/index/index.go:260.2,261.16 2 11
github.com/Ashes47/braids/internal/core/index/index.go:261.16,263.3 1 0
github.com/Ashes47/braids/internal/core/index/index.go:264.2,268.29 4 11
github.com/Ashes47/braids/internal/core/index/index.go:268.29,272.107 2 22
github.com/Ashes47/braids/internal/core/index/index.go:272.107,275.12 3 9
github.com/Ashes47/braids/internal/core/index/index.go:277.3,278.17 2 13
github.com/Ashes47/braids/internal/core/index/index.go:278.17,280.4 1 0
github.com/Ashes47/braids/internal/core/index/index.go:281.3,282.23 2 13
github.com/Ashes47/braids/internal/core/index/index.go:284.2,284.25 1 11
github.com/Ashes47/braids/internal/core/index/index.go:284.25,285.16 1 12
github.com/Ashes47/braids/internal/core/index/index.go:285.16,286.50 1 1
github.com/Ashes47/braids/internal/core/index/index.go:286.50,288.5 1 0
github.com/Ashes47/braids/internal/core/index/index.go:291.2,291.36 1 11
github.com/Ashes47/braids/internal/core/index/index.go:291.36,293.3 1 0
github.com/Ashes47/braids/internal/core/index/index.go:294.2,295.19 2 11
github.com/Ashes47/braids/internal/core/index/index.go:300.80,302.9 2 30
github.com/Ashes47/braids/internal/core/index/index.go:302.9,304.3 1 30
github.com/Ashes47/braids/internal/core/index/index.go:305.2,306.16 2 0
github.com/Ashes47/braids/internal/core/index/index.go:306.16,308.3 1 0
github.com/Ashes47/braids/internal/core/index/index.go:309.2,309.17 1 0
github.com/Ashes47/braids/internal/core/index/index.go:312.71,319.4 1 31
github.com/Ashes47/braids/internal/core/index/index.go:319.4,320.62 1 155
github.com/Ashes47/braids/internal/core/index/index.go:320.62,322.4 1 0
github.com/Ashes47/braids/internal/core/index/index.go:324.2,324.12 1 31
github.com/Ashes47/braids/internal/core/index/index.go:328.115,330.53 2 30
github.com/Ashes47/braids/internal/core/index/index.go:330.53,332.3 1 0
github.com/Ashes47/braids/internal/core/index/index.go:333.2,336.16 3 30
github.com/Ashes47/braids/internal/core/index/index.go:336.16,338.3 1 0
github.com/Ashes47/braids/internal/core/index/index.go:339.2,343.16 3 30
github.com/Ashes47/braids/internal/core/index/index.go:343.16,345.3 1 0
github.com/Ashes47/braids/internal/core/index/index.go:346.2,350.16 3 30
github.com/Ashes47/braids/internal/core/index/index.go:350.16,352.3 1 0
github.com/Ashes47/braids/internal/core/index/index.go:353.2,358.60 3 30
github.com/Ashes47/braids/internal/core/index/index.go:358.60,361.29 3 45
github.com/Ashes47/braids/internal/core/index/index.go:361.29,362.49 1 71
github.com/Ashes47/braids/internal/core/index/index.go:362.49,364.5 1 3
github.com/Ashes47/braids/internal/core/index/index.go:366.3,366.34 1 45
github.com/Ashes47/braids/internal/core/index/index.go:366.34,368.82 1 0
github.com/Ashes47/braids/internal/core/index/index.go:368.82,370.5 1 0
github.com/Ashes47/braids/internal/core/index/index.go:372.3,374.39 1 45
github.com/Ashes47/braids/internal/core/index/index.go:374.39,376.4 1 0
github.com/Ashes47/braids/internal/core/index/index.go:377.3,377.29 1 45
github.com/Ashes47/braids/internal/core/index/index.go:377.29,378.39 1 71
github.com/Ashes47/braids/internal/core/index/index.go:378.39,379.13 1 13
github.com/Ashes47/braids/internal/core/index/index.go:381.4,382.70 1 58
github.com/Ashes47/braids/internal/core/index/index.go:382.70,384.5 1 0
github.com/Ashes47/braids/internal/core/index/index.go:385.4,385.11 1 58
github.com/Ashes47/braids/internal/core/index/index.go:387.3,387.13 1 45
github.com/Ashes47/braids/internal/core/index/index.go:389.2,389.16 1 30
github.com/Ashes47/braids/internal/core/index/index.go:389.16,391.3 1 0
github.com/Ashes47/braids/internal/core/index/index.go:392.2,398.54 1 30
github.com/Ashes47/braids/internal/core/index/index.go:398.54,400.3 1 0
github.com/Ashes47/braids/internal/core/index/index.go:401.2,401.70 1 30
github.com/Ashes47/braids/internal/core/index/index.go:401.70,403.3 1 0
github.com/Ashes47/braids/internal/core/index/index.go:404.2,404.25 1 30
github.com/Ashes47/braids/internal/core/index/index.go:409.121,411.9 2 30
github.com/Ashes47/braids/internal/core/index/index.go:411.9,413.3 1 0
github.com/Ashes47/braids/internal/core/index/index.go:414.2,415.9 2 30
github.com/Ashes47/braids/internal/core/index/index.go:415.9,417.3 1 0
github.com/Ashes47/braids/internal/core/index/index.go:418.2,418.27 1 30
github.com/Ashes47/braids/internal/core/index/index.go:418.27,423.40 1 3
github.com/Ashes47/braids/internal/core/index/index.go:423.40,425.4 1 0
github.com/Ashes47/braids/internal/core/index/index.go:427.2,427.12 1 30
github.com/Ashes47/braids/internal/core/index/index.go:432.107,434.16 2 30
github.com/Ashes47/braids/internal/core/index/index.go:434.16,436.3 1 0
github.com/Ashes47/braids/internal/core/index/index.go:437.2,437.21 1 30
github.com/Ashes47/braids/internal/core/index/index.go:447.95,451.16 2 0
github.com/Ashes47/braids/internal/core/index/index.go:451.16,453.3 1 0
github.com/Ashes47/braids/internal/core/index/index.go:454.2,457.18 3 0
github.com/Ashes47/braids/internal/core/index/index.go:457.18,460.101 3 0
github.com/Ashes47/braids/internal/core/index/index.go:460.101,462.4 1 0
github.com/Ashes47/braids/internal/core/index/index.go:463.3,464.23 2 0
github.com/Ashes47/braids/internal/core/index/index.go:466.2,466.35 1 0
github.com/Ashes47/braids/internal/core/index/index.go:466.35,468.3 1 0
github.com/Ashes47/braids/internal/core/index/index.go:469.2,469.17 1 0
github.com/Ashes47/braids/internal/core/index/index.go:481.93,483.61 2 0
github.com/Ashes47/braids/internal/core/index/index.go:483.61,495.3 2 0
github.com/Ashes47/braids/internal/core/index/index.go:496.2,496.16 1 0
github.com/Ashes47/braids/internal/core/index/index.go:496.16,498.3 1 0
github.com/Ashes47/braids/internal/core/index/index.go:499.2,499.18 1 0
github.com/Ashes47/braids/internal/core/index/index.go:503.91,507.16 2 3
github.com/Ashes47/braids/internal/core/index/index.go:507.16,509.3 1 0
github.com/Ashes47/braids/internal/core/index/index.go:510.2,513.18 3 3
github.com/Ashes47/braids/internal/core/index/index.go:513.18,516.52 2 2
github.com/Ashes47/braids/internal/core/index/index.go:516.52,518.4 1 0
github.com/Ashes47/braids/internal/core/index/index.go:519.3,519.23 1 2
github.com/Ashes47/braids/internal/core/index/index.go:521.2,521.35 1 3
github.com/Ashes47/braids/internal/core/index/index.go:521.35,523.3 1 0
github.com/Ashes47/braids/internal/core/index/index.go:524.2,524.17 1 3
github.com/Ashes47/braids/internal/core/index/index.go:528.70,529.37 1 8
github.com/Ashes47/braids/internal/core/index/index.go:529.37,531.3 1 1
github.com/Ashes47/braids/internal/core/index/index.go:532.2,533.16 2 7
github.com/Ashes47/braids/internal/core/index/index.go:533.16,535.3 1 7
github.com/Ashes47/braids/internal/core/index/index.go:537.2,541.18 2 7
github.com/Ashes47/braids/internal/core/index/index.go:541.18,544.3 2 2
github.com/Ashes47/braids/internal/core/index/index.go:545.2,545.22 1 7
github.com/Ashes47/braids/internal/core/index/index.go:545.22,547.29 2 1
github.com/Ashes47/braids/internal/core/index/index.go:547.29,550.4 2 1
github.com/Ashes47/braids/internal/core/index/index.go:551.3,551.72 1 1
github.com/Ashes47/braids/internal/core/index/index.go:553.2,566.16 4 7
github.com/Ashes47/braids/internal/core/index/index.go:566.16,568.3 1 0
github.com/Ashes47/braids/internal/core/index/index.go:569.2,572.18 3 7
github.com/Ashes47/braids/internal/core/index/index.go:572.18,577.56 4 9
github.com/Ashes47/braids/internal/core/index/index.go:577.56,579.4 1 0
github.com/Ashes47/braids/internal/core/index/index.go:580.3,583.25 4 9
github.com/Ashes47/braids/internal/core/index/index.go:585.2,585.35 1 7
github.com/Ashes47/braids/internal/core/index/index.go:585.35,587.3 1 0
github.com/Ashes47/braids/internal/core/index/index.go:588.2,588.18 1 7
github.com/Ashes47/braids/internal/core/index/index.go:606.89,610.16 2 0
github.com/Ashes47/braids/internal/core/index/index.go:610.16,612.3 1 0
github.com/Ashes47/braids/internal/core/index/index.go:613.2,616.18 3 0
github.com/Ashes47/braids/internal/core/index/index.go:616.18,621.106 5 0
github.com/Ashes47/braids/internal/core/index/index.go:621.106,623.4 1 0
github.com/Ashes47/braids/internal/core/index/index.go:624.3,627.23 4 0
github.com/Ashes47/braids/internal/core/index/index.go:629.2,629.35 1 0
github.com/Ashes47/braids/internal/core/index/index.go:629.35,631.3 1 0
github.com/Ashes47/braids/internal/core/index/index.go:632.2,632.17 1 0
github.com/Ashes47/braids/internal/core/index/index.go:641.40,643.35 2 45
github.com/Ashes47/braids/internal/core/index/index.go:643.35,645.3 1 0
github.com/Ashes47/braids/internal/core/index/index.go:648.2,648.49 1 45
github.com/Ashes47/braids/internal/core/index/index.go:648.49,650.3 1 0
github.com/Ashes47/braids/internal/core/index/index.go:651.2,652.28 2 45
github.com/Ashes47/braids/internal/core/index/index.go:652.28,654.3 1 0
github.com/Ashes47/braids/internal/core/index/index.go:655.2,655.13 1 45
github.com/Ashes47/braids/internal/core/index/index.go:659.40,660.28 1 0
github.com/Ashes47/braids/internal/core/index/index.go:660.28,661.16 1 0
github.com/Ashes47/braids/internal/core/index/index.go:661.16,663.4 1 0
github.com/Ashes47/braids/internal/core/index/index.go:665.2,665.11 1 0
github.com/Ashes47/braids/internal/core/index/index.go:669.38,672.28 3 45
github.com/Ashes47/braids/internal/core/index/index.go:672.28,673.66 1 71
github.com/Ashes47/braids/internal/core/index/index.go:673.66,674.12 1 58
github.com/Ashes47/braids/internal/core/index/index.go:676.3,677.32 2 13
github.com/Ashes47/braids/internal/core/index/index.go:679.2,679.33 1 45
github.com/Ashes47/braids/internal/core/index/index.go:684.67,691.16 2 1
github.com/Ashes47/braids/internal/core/index/index.go:691.16,693.3 1 0
github.com/Ashes47/braids/internal/core/index/index.go:694.2,697.18 3 1
github.com/Ashes47/braids/internal/core/index/index.go:697.18,699.68 2 2
github.com/Ashes47/braids/internal/core/index/index.go:699.68,701.4 1 0
github.com/Ashes47/braids/internal/core/index/index.go:702.3,702.23 1 2
github.com/Ashes47/braids/internal/core/index/index.go:704.2,704.35 1 1
github.com/Ashes47/braids/internal/core/index/index.go:704.35,706.3 1 0
github.com/Ashes47/braids/internal/core/index/index.go:707.2,707.17 1 1
github.com/Ashes47/braids/internal/core/index/index.go:713.81,716.16 2 0
github.com/Ashes47/braids/internal/core/index/index.go:716.16,718.3 1 0
github.com/Ashes47/braids/internal/core/index/index.go:719.2,722.18 3 0
github.com/Ashes47/braids/internal/core/index/index.go:722.18,725.47 3 0
github.com/Ashes47/braids/internal/core/index/index.go:725.47,727.4 1 0
github.com/Ashes47/braids/internal/core/index/index.go:728.3,728.50 1 0
github.com/Ashes47/braids/internal/core/index/index.go:730.2,730.35 1 0
github.com/Ashes47/braids/internal/core/index/index.go:730.35,732.3 1 0
github.com/Ashes47/braids/internal/core/index/index.go:733.2,733.17 1 0
github.com/Ashes47/braids/internal/core/index/index.go:737.65,740.16 2 14
github.com/Ashes47/braids/internal/core/index/index.go:740.16,742.3 1 0
github.com/Ashes47/braids/internal/core/index/index.go:743.2,746.18 3 14
github.com/Ashes47/braids/internal/core/index/index.go:746.18,753.51 5 17
github.com/Ashes47/braids/internal/core/index/index.go:753.51,755.4 1 0
github.com/Ashes47/braids/internal/core/index/index.go:756.3,756.18 1 17
github.com/Ashes47/braids/internal/core/index/index.go:756.18,758.4 1 0
github.com/Ashes47/braids/internal/core/index/index.go:759.3,761.27 3 17
github.com/Ashes47/braids/internal/core/index/index.go:763.2,763.35 1 14
github.com/Ashes47/braids/internal/core/index/index.go:763.35,765.3 1 0
github.com/Ashes47/braids/internal/core/index/index.go:766.2,766.19 1 14
github.com/Ashes47/braids/internal/core/index/index.go:771.49,773.28 2 45
github.com/Ashes47/braids/internal/core/index/index.go:773.28,774.34 1 71
github.com/Ashes47/braids/internal/core/index/index.go:774.34,776.4 1 13
github.com/Ashes47/braids/internal/core/index/index.go:778.2,778.64 1 45
github.com/Ashes47/braids/internal/core/index/index.go:781.28,782.7 1 75
github.com/Ashes47/braids/internal/core/index/index.go:782.7,784.3 1 13
github.com/Ashes47/braids/internal/core/index/index.go:785.2,785.10 1 62
github.com/Ashes47/braids/internal/core/index/index.go:789.36,790.16 1 30
github.com/Ashes47/braids/internal/core/index/index.go:790.16,792.3 1 30
github.com/Ashes47/braids/internal/core/index/index.go:793.2,793.17 1 0
github.com/Ashes47/braids/internal/core/index/index.go:798.30,799.36 1 14
github.com/Ashes47/braids/internal/core/index/index.go:799.36,801.3 1 3
github.com/Ashes47/braids/internal/core/index/index.go:802.2,802.38 1 11
github.com/Ashes47/braids/internal/core/index/index.go:802.38,803.12 1 14
github.com/Ashes47/braids/internal/core/index/index.go:804.27,805.15 1 1
github.com/Ashes47/braids/internal/core/index/index.go:807.3,807.36 1 13
github.com/Ashes47/braids/internal/core/index/index.go:807.36,809.4 1 0
github.com/Ashes47/braids/internal/core/index/index.go:811.2,811.14 1 10
github.com/Ashes47/braids/internal/core/index/index.go:817.34,819.17 2 14
github.com/Ashes47/braids/internal/core/index/index.go:819.17,821.3 1 4
github.com/Ashes47/braids/internal/core/index/index.go:822.2,824.27 3 10
github.com/Ashes47/braids/internal/core/index/index.go:824.27,826.3 1 12
github.com/Ashes47/braids/internal/core/index/index.go:827.2,827.34 1 10
github.com/Ashes47/braids/internal/core/graph/graph.go:54.138,56.26 2 32
github.com/Ashes47/braids/internal/core/graph/graph.go:56.26,58.3 1 91
github.com/Ashes47/braids/internal/core/graph/graph.go:60.2,60.95 1 32
github.com/Ashes47/braids/internal/core/graph/graph.go:60.95,64.3 3 57
github.com/Ashes47/braids/internal/core/graph/graph.go:68.2,68.38 1 32
github.com/Ashes47/braids/internal/core/graph/graph.go:68.38,70.10 2 6
github.com/Ashes47/braids/internal/core/graph/graph.go:70.10,71.12 1 2
github.com/Ashes47/braids/internal/core/graph/graph.go:73.3,74.13 2 4
github.com/Ashes47/braids/internal/core/graph/graph.go:74.13,75.12 1 0
github.com/Ashes47/braids/internal/core/graph/graph.go:77.3,78.25 2 4
github.com/Ashes47/braids/internal/core/graph/graph.go:81.2,82.15 2 32
github.com/Ashes47/braids/internal/core/graph/graph.go:99.117,101.26 2 32
github.com/Ashes47/braids/internal/core/graph/graph.go:101.26,105.40 4 84
github.com/Ashes47/braids/internal/core/graph/graph.go:105.40,107.4 1 62
github.com/Ashes47/braids/internal/core/graph/graph.go:109.2,109.13 1 32
github.com/Ashes47/braids/internal/core/graph/graph.go:113.58,114.24 1 27
github.com/Ashes47/braids/internal/core/graph/graph.go:114.24,116.3 1 1
github.com/Ashes47/braids/internal/core/graph/graph.go:117.2,118.51 2 26
github.com/Ashes47/braids/internal/core/graph/graph.go:118.51,120.3 1 26
github.com/Ashes47/braids/internal/core/graph/graph.go:121.2,121.28 1 0
github.com/Ashes47/braids/internal/core/graph/graph.go:132.158,135.36 3 4
github.com/Ashes47/braids/internal/core/graph/graph.go:135.36,136.33 1 6
github.com/Ashes47/braids/internal/core/graph/graph.go:136.33,138.4 1 4
github.com/Ashes47/braids/internal/core/graph/graph.go:139.3,141.10 3 2
github.com/Ashes47/braids/internal/core/graph/graph.go:141.10,143.4 1 0
github.com/Ashes47/braids/internal/core/graph/graph.go:146.3,147.21 2 2
github.com/Ashes47/braids/internal/core/graph/graph.go:149.2,149.21 1 0
github.com/Ashes47/braids/internal/core/graph/graph.go:154.82,156.29 2 32
github.com/Ashes47/braids/internal/core/graph/graph.go:156.29,157.35 1 460
github.com/Ashes47/braids/internal/core/graph/graph.go:157.35,159.4 1 454
github.com/Ashes47/braids/internal/core/graph/graph.go:162.2,163.34 2 32
github.com/Ashes47/braids/internal/core/graph/graph.go:163.34,164.24 1 114
github.com/Ashes47/braids/internal/core/graph/graph.go:164.24,165.40 1 454
github.com/Ashes47/braids/internal/core/graph/graph.go:165.40,167.29 2 899
github.com/Ashes47/braids/internal/core/graph/graph.go:167.29,168.14 1 171
github.com/Ashes47/braids/internal/core/graph/graph.go:170.5,170.28 1 728
github.com/Ashes47/braids/internal/core/graph/graph.go:170.28,172.6 1 618
github.com/Ashes47/braids/internal/core/graph/graph.go:173.5,175.17 3 728
github.com/Ashes47/braids/internal/core/graph/graph.go:175.17,178.6 2 84
github.com/Ashes47/braids/internal/core/graph/graph.go:179.5,181.32 3 728
github.com/Ashes47/braids/internal/core/graph/graph.go:185.2,185.14 1 32
github.com/Ashes47/braids/internal/core/graph/graph.go:190.126,191.41 1 84
github.com/Ashes47/braids/internal/core/graph/graph.go:191.41,191.68 1 0
github.com/Ashes47/braids/internal/core/graph/graph.go:192.2,192.41 1 84
github.com/Ashes47/braids/internal/core/graph/graph.go:192.41,192.68 1 84
github.com/Ashes47/braids/internal/core/graph/graph.go:194.2,197.79 2 84
github.com/Ashes47/braids/internal/core/graph/graph.go:197.79,198.34 1 83
github.com/Ashes47/braids/internal/core/graph/graph.go:198.34,200.4 1 0
github.com/Ashes47/braids/internal/core/graph/graph.go:201.3,201.18 1 83
github.com/Ashes47/braids/internal/core/graph/graph.go:205.2,207.9 3 1
github.com/Ashes47/braids/internal/core/graph/graph.go:208.31,209.18 1 0
github.com/Ashes47/braids/internal/core/graph/graph.go:210.31,211.18 1 1
github.com/Ashes47/braids/internal/core/graph/graph.go:216.2,216.9 1 0
github.com/Ashes47/braids/internal/core/graph/graph.go:217.32,218.30 1 0
github.com/Ashes47/braids/internal/core/graph/graph.go:218.30,220.4 1 0
github.com/Ashes47/braids/internal/core/graph/graph.go:221.3,221.18 1 0
github.com/Ashes47/braids/internal/core/graph/graph.go:222.35,223.18 1 0
github.com/Ashes47/braids/internal/core/graph/graph.go:224.10,225.18 1 0
github.com/Ashes47/braids/internal/core/graph/graph.go:231.57,233.2 1 2
github.com/Ashes47/braids/internal/core/graph/graph.go:237.22,238.27 1 32
github.com/Ashes47/braids/internal/core/graph/graph.go:238.27,239.43 1 91
github.com/Ashes47/braids/internal/core/graph/graph.go:239.43,242.4 2 0
github.com/Ashes47/braids/internal/core/graph/graph.go:244.2,244.27 1 32
github.com/Ashes47/braids/internal/core/graph/graph.go:244.27,245.43 1 91
github.com/Ashes47/braids/internal/core/graph/graph.go:245.43,247.4 1 58
github.com/Ashes47/braids/internal/core/graph/graph.go:247.9,249.4 1 33
github.com/Ashes47/braids/internal/core/graph/graph.go:251.2,252.27 2 32
github.com/Ashes47/braids/internal/core/graph/graph.go:252.27,254.3 1 91
github.com/Ashes47/braids/internal/core/graph/graph.go:255.2,255.28 1 32
github.com/Ashes47/braids/internal/core/graph/graph.go:255.28,257.3 1 33
github.com/Ashes47/braids/internal/core/graph/graph.go:261.42,263.72 2 58
github.com/Ashes47/braids/internal/core/graph/graph.go:263.72,264.24 1 60
github.com/Ashes47/braids/internal/core/graph/graph.go:264.24,266.4 1 0
github.com/Ashes47/braids/internal/core/graph/graph.go:267.3,267.27 1 60
github.com/Ashes47/braids/internal/core/graph/graph.go:269.2,269.14 1 58
github.com/Ashes47/braids/internal/core/graph/graph.go:272.38,274.31 2 91
github.com/Ashes47/braids/internal/core/graph/graph.go:274.31,276.3 1 58
github.com/Ashes47/braids/internal/core/graph/graph.go:281.31,282.46 1 123
github.com/Ashes47/braids/internal/core/graph/graph.go:282.46,283.58 1 26
[...]
github.com/Ashes47/braids/cmd/braids/main.go:520.92,522.4 1 0
github.com/Ashes47/braids/cmd/braids/main.go:524.2,524.35 1 5
github.com/Ashes47/braids/cmd/braids/main.go:524.35,526.3 1 0
github.com/Ashes47/braids/cmd/braids/main.go:527.2,528.18 2 5
github.com/Ashes47/braids/cmd/braids/main.go:531.51,538.45 7 1
github.com/Ashes47/braids/cmd/braids/main.go:538.45,540.3 1 1
github.com/Ashes47/braids/cmd/braids/main.go:541.2,541.32 1 0
github.com/Ashes47/braids/cmd/braids/main.go:541.32,543.3 1 0
github.com/Ashes47/braids/cmd/braids/main.go:545.2,546.16 2 0
github.com/Ashes47/braids/cmd/braids/main.go:546.16,548.3 1 0
github.com/Ashes47/braids/cmd/braids/main.go:549.2,550.16 2 0
github.com/Ashes47/braids/cmd/braids/main.go:550.16,552.3 1 0
github.com/Ashes47/braids/cmd/braids/main.go:553.2,557.16 4 0
github.com/Ashes47/braids/cmd/braids/main.go:557.16,559.3 1 0
github.com/Ashes47/braids/cmd/braids/main.go:560.2,561.16 2 0
github.com/Ashes47/braids/cmd/braids/main.go:561.16,563.3 1 0
github.com/Ashes47/braids/cmd/braids/main.go:567.2,567.16 1 0
github.com/Ashes47/braids/cmd/braids/main.go:567.16,569.17 2 0
github.com/Ashes47/braids/cmd/braids/main.go:569.17,571.4 1 0
github.com/Ashes47/braids/cmd/braids/main.go:572.3,572.48 1 0
github.com/Ashes47/braids/cmd/braids/main.go:572.48,574.4 1 0
github.com/Ashes47/braids/cmd/braids/main.go:576.2,577.16 2 0
github.com/Ashes47/braids/cmd/braids/main.go:577.16,579.3 1 0
github.com/Ashes47/braids/cmd/braids/main.go:580.2,580.16 1 0
github.com/Ashes47/braids/cmd/braids/main.go:580.16,581.57 1 0
github.com/Ashes47/braids/cmd/braids/main.go:581.57,583.4 1 0
github.com/Ashes47/braids/cmd/braids/main.go:586.2,587.16 2 0
github.com/Ashes47/braids/cmd/braids/main.go:587.16,589.3 1 0
github.com/Ashes47/braids/cmd/braids/main.go:590.2,590.62 1 0
github.com/Ashes47/braids/cmd/braids/main.go:590.62,592.3 1 0
github.com/Ashes47/braids/cmd/braids/main.go:593.2,594.16 2 0
github.com/Ashes47/braids/cmd/braids/main.go:594.16,596.3 1 0
github.com/Ashes47/braids/cmd/braids/main.go:597.2,600.18 3 0
github.com/Ashes47/braids/cmd/braids/main.go:605.149,607.16 2 0
github.com/Ashes47/braids/cmd/braids/main.go:607.16,609.3 1 0
github.com/Ashes47/braids/cmd/braids/main.go:610.2,611.16 2 0
github.com/Ashes47/braids/cmd/braids/main.go:611.16,613.3 1 0
github.com/Ashes47/braids/cmd/braids/main.go:614.2,615.25 2 0
github.com/Ashes47/braids/cmd/braids/main.go:615.25,616.20 1 0
github.com/Ashes47/braids/cmd/braids/main.go:616.20,618.9 2 0
github.com/Ashes47/braids/cmd/braids/main.go:621.2,621.18 1 0
github.com/Ashes47/braids/cmd/braids/main.go:621.18,623.3 1 0
github.com/Ashes47/braids/cmd/braids/main.go:624.2,625.16 2 0
github.com/Ashes47/braids/cmd/braids/main.go:625.16,627.3 1 0
github.com/Ashes47/braids/cmd/braids/main.go:628.2,631.16 2 0
github.com/Ashes47/braids/cmd/braids/main.go:631.16,633.3 1 0
github.com/Ashes47/braids/cmd/braids/main.go:636.2,636.96 1 0
github.com/Ashes47/braids/cmd/braids/main.go:636.96,638.3 1 0
github.com/Ashes47/braids/cmd/braids/main.go:639.2,639.23 1 0
github.com/Ashes47/braids/cmd/braids/main.go:643.46,645.2 1 4
github.com/Ashes47/braids/cmd/braids/main.go:648.44,649.15 1 0
github.com/Ashes47/braids/cmd/braids/main.go:649.15,651.3 1 0
github.com/Ashes47/braids/cmd/braids/main.go:652.2,652.18 1 0
github.com/Ashes47/braids/cmd/braids/main.go:655.52,660.45 5 1
github.com/Ashes47/braids/cmd/braids/main.go:660.45,662.3 1 1
github.com/Ashes47/braids/cmd/braids/main.go:663.2,663.20 1 0
github.com/Ashes47/braids/cmd/braids/main.go:663.20,665.3 1 0
github.com/Ashes47/braids/cmd/braids/main.go:666.2,667.16 2 0
github.com/Ashes47/braids/cmd/braids/main.go:667.16,669.3 1 0
github.com/Ashes47/braids/cmd/braids/main.go:670.2,671.16 2 0
github.com/Ashes47/braids/cmd/braids/main.go:671.16,673.3 1 0
github.com/Ashes47/braids/cmd/braids/main.go:674.2,678.16 4 0
github.com/Ashes47/braids/cmd/braids/main.go:678.16,680.3 1 0
github.com/Ashes47/braids/cmd/braids/main.go:681.2,682.16 2 0
github.com/Ashes47/braids/cmd/braids/main.go:682.16,684.3 1 0
github.com/Ashes47/braids/cmd/braids/main.go:685.2,686.16 2 0
github.com/Ashes47/braids/cmd/braids/main.go:686.16,688.3 1 0
github.com/Ashes47/braids/cmd/braids/main.go:689.2,690.16 2 0
github.com/Ashes47/braids/cmd/braids/main.go:690.16,692.3 1 0
github.com/Ashes47/braids/cmd/braids/main.go:693.2,694.16 2 0
github.com/Ashes47/braids/cmd/braids/main.go:694.16,696.3 1 0
github.com/Ashes47/braids/cmd/braids/main.go:697.2,699.18 2 0
github.com/Ashes47/braids/cmd/braids/main.go:703.83,704.22 1 0
github.com/Ashes47/braids/cmd/braids/main.go:704.22,706.3 1 0
github.com/Ashes47/braids/cmd/braids/main.go:707.2,707.15 1 0
github.com/Ashes47/braids/cmd/braids/main.go:707.15,708.23 1 0
github.com/Ashes47/braids/cmd/braids/main.go:708.23,710.4 1 0
github.com/Ashes47/braids/cmd/braids/main.go:711.3,711.104 1 0
github.com/Ashes47/braids/cmd/braids/main.go:713.2,714.27 2 0
github.com/Ashes47/braids/cmd/braids/main.go:714.27,715.35 1 0
github.com/Ashes47/braids/cmd/braids/main.go:715.35,717.4 1 0
github.com/Ashes47/braids/cmd/braids/main.go:719.2,719.20 1 0
github.com/Ashes47/braids/cmd/braids/main.go:720.9,721.76 1 0
github.com/Ashes47/braids/cmd/braids/main.go:722.9,723.23 1 0
github.com/Ashes47/braids/cmd/braids/main.go:724.10,725.85 1 0
github.com/Ashes47/braids/cmd/braids/main.go:729.51,733.45 4 1
github.com/Ashes47/braids/cmd/braids/main.go:733.45,735.3 1 1
github.com/Ashes47/braids/cmd/braids/main.go:736.2,736.20 1 0
github.com/Ashes47/braids/cmd/braids/main.go:736.20,738.3 1 0
github.com/Ashes47/braids/cmd/braids/main.go:739.2,740.16 2 0
github.com/Ashes47/braids/cmd/braids/main.go:740.16,742.3 1 0
github.com/Ashes47/braids/cmd/braids/main.go:743.2,747.16 4 0
github.com/Ashes47/braids/cmd/braids/main.go:747.16,749.3 1 0
github.com/Ashes47/braids/cmd/braids/main.go:750.2,751.16 2 0
github.com/Ashes47/braids/cmd/braids/main.go:751.16,753.3 1 0
github.com/Ashes47/braids/cmd/braids/main.go:754.2,754.22 1 0
github.com/Ashes47/braids/cmd/braids/main.go:754.22,757.3 2 0
github.com/Ashes47/braids/cmd/braids/main.go:758.2,760.27 3 0
github.com/Ashes47/braids/cmd/braids/main.go:760.27,763.3 1 0
github.com/Ashes47/braids/cmd/braids/main.go:764.2,764.25 1 0
github.com/Ashes47/braids/cmd/braids/main.go:764.25,765.48 1 0
github.com/Ashes47/braids/cmd/braids/main.go:765.48,767.4 1 0
github.com/Ashes47/braids/cmd/braids/main.go:769.2,769.35 1 0
github.com/Ashes47/braids/cmd/braids/main.go:769.35,771.3 1 0
github.com/Ashes47/braids/cmd/braids/main.go:772.2,772.18 1 0
github.com/Ashes47/braids/cmd/braids/main.go:775.50,782.45 7 2
github.com/Ashes47/braids/cmd/braids/main.go:782.45,784.3 1 2
github.com/Ashes47/braids/cmd/braids/main.go:785.2,785.38 1 0
github.com/Ashes47/braids/cmd/braids/main.go:785.38,787.3 1 0
github.com/Ashes47/braids/cmd/braids/main.go:788.2,789.16 2 0
github.com/Ashes47/braids/cmd/braids/main.go:789.16,791.3 1 0
github.com/Ashes47/braids/cmd/braids/main.go:792.2,793.16 2 0
github.com/Ashes47/braids/cmd/braids/main.go:793.16,795.3 1 0
github.com/Ashes47/braids/cmd/braids/main.go:796.2,800.16 4 0
github.com/Ashes47/braids/cmd/braids/main.go:800.16,802.3 1 0
github.com/Ashes47/braids/cmd/braids/main.go:803.2,804.16 2 0
github.com/Ashes47/braids/cmd/braids/main.go:804.16,806.3 1 0
github.com/Ashes47/braids/cmd/braids/main.go:807.2,811.16 4 0
github.com/Ashes47/braids/cmd/braids/main.go:811.16,813.3 1 0
github.com/Ashes47/braids/cmd/braids/main.go:814.2,817.24 2 0
github.com/Ashes47/braids/cmd/braids/main.go:817.24,819.3 1 0
github.com/Ashes47/braids/cmd/braids/main.go:820.2,820.10 1 0
github.com/Ashes47/braids/cmd/braids/main.go:820.10,822.3 1 0
github.com/Ashes47/braids/cmd/braids/main.go:824.2,825.16 2 0
github.com/Ashes47/braids/cmd/braids/main.go:825.16,827.3 1 0
github.com/Ashes47/braids/cmd/braids/main.go:828.2,828.45 1 0
github.com/Ashes47/braids/cmd/braids/main.go:828.45,830.3 1 0
github.com/Ashes47/braids/cmd/braids/main.go:831.2,832.18 2 0
github.com/Ashes47/braids/cmd/braids/main.go:836.114,838.16 2 0
github.com/Ashes47/braids/cmd/braids/main.go:838.16,840.3 1 0
github.com/Ashes47/braids/cmd/braids/main.go:841.2,841.85 1 0
github.com/Ashes47/braids/cmd/braids/main.go:845.106,847.16 2 0
github.com/Ashes47/braids/cmd/braids/main.go:847.16,849.3 1 0
github.com/Ashes47/braids/cmd/braids/main.go:850.2,851.16 2 0
github.com/Ashes47/braids/cmd/braids/main.go:851.16,853.3 1 0
github.com/Ashes47/braids/cmd/braids/main.go:854.2,854.27 1 0
github.com/Ashes47/braids/cmd/braids/main.go:858.30,859.13 1 0
github.com/Ashes47/braids/cmd/braids/main.go:859.13,861.3 1 0
github.com/Ashes47/braids/cmd/braids/main.go:862.2,862.10 1 0
github.com/Ashes47/braids/cmd/braids/main.go:870.35,870.76 1 0
github.com/Ashes47/braids/cmd/braids/main.go:872.49,876.19 1 3
github.com/Ashes47/braids/cmd/braids/main.go:876.19,881.3 4 1
github.com/Ashes47/braids/cmd/braids/main.go:890.2,890.23 1 2
github.com/Ashes47/braids/cmd/braids/main.go:890.23,893.3 1 1
github.com/Ashes47/braids/cmd/braids/main.go:894.2,895.16 2 1
github.com/Ashes47/braids/cmd/braids/main.go:895.16,897.3 1 0
github.com/Ashes47/braids/cmd/braids/main.go:898.2,899.12 2 1
github.com/Ashes47/braids/cmd/braids/main.go:902.50,907.45 5 2
github.com/Ashes47/braids/cmd/braids/main.go:907.45,909.3 1 2
github.com/Ashes47/braids/cmd/braids/main.go:910.2,911.16 2 0
github.com/Ashes47/braids/cmd/braids/main.go:911.16,913.17 2 0
github.com/Ashes47/braids/cmd/braids/main.go:913.17,915.4 1 0
github.com/Ashes47/braids/cmd/braids/main.go:916.3,916.57 1 0
github.com/Ashes47/braids/cmd/braids/main.go:918.2,919.16 2 0
github.com/Ashes47/braids/cmd/braids/main.go:919.16,921.3 1 0
github.com/Ashes47/braids/cmd/braids/main.go:923.2,923.9 1 0
github.com/Ashes47/braids/cmd/braids/main.go:924.27,925.59 1 0
github.com/Ashes47/braids/cmd/braids/main.go:926.16,928.17 2 0
github.com/Ashes47/braids/cmd/braids/main.go:928.17,930.4 1 0
github.com/Ashes47/braids/cmd/braids/main.go:931.3,931.22 1 0
github.com/Ashes47/braids/cmd/braids/main.go:931.22,934.4 2 0
github.com/Ashes47/braids/cmd/braids/main.go:935.3,939.19 5 0
github.com/Ashes47/braids/cmd/braids/main.go:940.15,942.17 2 0
github.com/Ashes47/braids/cmd/braids/main.go:942.17,944.4 1 0
github.com/Ashes47/braids/cmd/braids/main.go:945.3,945.24 1 0
github.com/Ashes47/braids/cmd/braids/main.go:945.24,948.4 2 0
github.com/Ashes47/braids/cmd/braids/main.go:949.3,950.19 2 0
github.com/Ashes47/braids/cmd/braids/main.go:953.2,954.16 2 0
github.com/Ashes47/braids/cmd/braids/main.go:954.16,956.3 1 0
github.com/Ashes47/braids/cmd/braids/main.go:957.2,958.9 2 0
github.com/Ashes47/braids/cmd/braids/main.go:959.31,961.83 2 0
github.com/Ashes47/braids/cmd/braids/main.go:962.10,963.76 1 0
github.com/Ashes47/braids/cmd/braids/main.go:965.2,965.41 1 0
github.com/Ashes47/braids/cmd/braids/main.go:965.41,971.3 3 0
github.com/Ashes47/braids/cmd/braids/main.go:972.2,972.18 1 0
github.com/Ashes47/braids/cmd/braids/main.go:978.28,980.16 2 1
github.com/Ashes47/braids/cmd/braids/main.go:980.16,982.3 1 0
github.com/Ashes47/braids/cmd/braids/main.go:983.2,984.16 2 1
github.com/Ashes47/braids/cmd/braids/main.go:984.16,986.3 1 0
github.com/Ashes47/braids/cmd/braids/main.go:987.2,988.34 2 1
github.com/Ashes47/braids/cmd/braids/main.go:993.36,995.16 2 1
github.com/Ashes47/braids/cmd/braids/main.go:995.16,997.3 1 0
github.com/Ashes47/braids/cmd/braids/main.go:998.2,999.16 2 1
github.com/Ashes47/braids/cmd/braids/main.go:999.16,1001.3 1 0
github.com/Ashes47/braids/cmd/braids/main.go:1002.2,1002.32 1 1
github.com/Ashes47/braids/cmd/braids/main.go:1007.110,1009.16 2 0
github.com/Ashes47/braids/cmd/braids/main.go:1009.16,1011.3 1 0
github.com/Ashes47/braids/cmd/braids/main.go:1012.2,1012.27 1 0
github.com/Ashes47/braids/cmd/braids/main.go:1012.27,1013.22 1 0
github.com/Ashes47/braids/cmd/braids/main.go:1013.22,1014.12 1 0
github.com/Ashes47/braids/cmd/braids/main.go:1016.3,1018.17 2 0
github.com/Ashes47/braids/cmd/braids/main.go:1018.17,1020.4 1 0
github.com/Ashes47/braids/cmd/braids/main.go:1021.3,1021.32 1 0
github.com/Ashes47/braids/cmd/braids/main.go:1023.2,1023.83 1 0
github.com/Ashes47/braids/cmd/braids/main.go:1028.138,1030.16 2 0
github.com/Ashes47/braids/cmd/braids/main.go:1030.16,1032.3 1 0
github.com/Ashes47/braids/cmd/braids/main.go:1033.2,1033.27 1 0
github.com/Ashes47/braids/cmd/braids/main.go:1033.27,1034.22 1 0
github.com/Ashes47/braids/cmd/braids/main.go:1034.22,1035.12 1 0
github.com/Ashes47/braids/cmd/braids/main.go:1037.3,1038.17 2 0
github.com/Ashes47/braids/cmd/braids/main.go:1038.17,1040.4 1 0
github.com/Ashes47/braids/cmd/braids/main.go:1041.3,1042.17 2 0
github.com/Ashes47/braids/cmd/braids/main.go:1042.17,1044.4 1 0
github.com/Ashes47/braids/cmd/braids/main.go:1048.3,1048.101 1 0
github.com/Ashes47/braids/cmd/braids/main.go:1048.101,1050.4 1 0
github.com/Ashes47/braids/cmd/braids/main.go:1051.3,1051.22 1 0
github.com/Ashes47/braids/cmd/braids/main.go:1053.2,1053.82 1 0
github.com/Ashes47/braids/cmd/braids/main.go:1059.102,1061.16 2 0
github.com/Ashes47/braids/cmd/braids/main.go:1061.16,1063.3 1 0
github.com/Ashes47/braids/cmd/braids/main.go:1064.2,1065.17 2 0
github.com/Ashes47/braids/cmd/braids/main.go:1065.17,1067.3 1 0
github.com/Ashes47/braids/cmd/braids/main.go:1068.2,1072.16 2 0
github.com/Ashes47/braids/cmd/braids/main.go:1072.16,1074.3 1 0
github.com/Ashes47/braids/cmd/braids/main.go:1075.2,1075.27 1 0
github.com/Ashes47/braids/cmd/braids/main.go:1075.27,1077.3 1 0
github.com/Ashes47/braids/cmd/braids/main.go:1078.2,1078.25 1 0
github.com/Ashes47/braids/cmd/braids/main.go:1083.102,1085.16 2 0
github.com/Ashes47/braids/cmd/braids/main.go:1085.16,1087.3 1 0
github.com/Ashes47/braids/cmd/braids/main.go:1088.2,1088.29 1 0
github.com/Ashes47/braids/cmd/braids/main.go:1088.29,1090.3 1 0
github.com/Ashes47/braids/cmd/braids/main.go:1091.2,1092.17 2 0
github.com/Ashes47/braids/cmd/braids/main.go:1092.17,1094.3 1 0
github.com/Ashes47/braids/cmd/braids/main.go:1095.2,1096.16 2 0
github.com/Ashes47/braids/cmd/braids/main.go:1096.16,1098.3 1 0
github.com/Ashes47/braids/cmd/braids/main.go:1099.2,1099.27 1 0
github.com/Ashes47/braids/cmd/braids/main.go:1099.27,1101.3 1 0
github.com/Ashes47/braids/cmd/braids/main.go:1102.2,1102.25 1 0
github.com/Ashes47/braids/cmd/braids/main.go:1112.35,1113.15 1 2
github.com/Ashes47/braids/cmd/braids/main.go:1113.15,1115.3 1 1
github.com/Ashes47/braids/cmd/braids/main.go:1116.2,1117.50 2 1
github.com/Ashes47/braids/cmd/braids/main.go:1117.50,1120.3 2 1
github.com/Ashes47/braids/cmd/braids/main.go:1121.2,1121.12 1 0
github.com/Ashes47/braids/cmd/braids/main.go:1124.119,1126.16 2 0
github.com/Ashes47/braids/cmd/braids/main.go:1126.16,1128.3 1 0
github.com/Ashes47/braids/cmd/braids/main.go:1129.2,1130.22 2 0
github.com/Ashes47/braids/cmd/braids/main.go:1130.22,1132.3 1 0
github.com/Ashes47/braids/cmd/braids/main.go:1138.2,1138.89 1 0
github.com/Ashes47/braids/cmd/braids/main.go:1138.89,1140.3 1 0
github.com/Ashes47/braids/cmd/braids/main.go:1141.2,1141.21 1 0
github.com/Ashes47/braids/cmd/braids/main.go:1145.41,1147.42 2 6
github.com/Ashes47/braids/cmd/braids/main.go:1147.42,1148.10 1 62
github.com/Ashes47/braids/cmd/braids/main.go:1149.51,1150.24 1 46
github.com/Ashes47/braids/cmd/braids/main.go:1151.47,1152.26 1 7
github.com/Ashes47/braids/cmd/braids/main.go:1155.2,1156.19 2 6
github.com/Ashes47/braids/cmd/braids/main.go:1156.19,1158.3 1 4
github.com/Ashes47/braids/cmd/braids/main.go:1161.2,1161.32 1 2
github.com/Ashes47/braids/cmd/braids/main.go:1161.32,1163.3 1 2
github.com/Ashes47/braids/cmd/braids/main.go:1164.2,1164.17 1 0
github.com/Ashes47/braids/cmd/braids/main.go:1172.111,1174.17 2 1
github.com/Ashes47/braids/cmd/braids/main.go:1174.17,1176.3 1 1
github.com/Ashes47/braids/cmd/braids/main.go:1177.2,1177.35 1 0
github.com/Ashes47/braids/cmd/braids/main.go:1177.35,1179.17 2 0
github.com/Ashes47/braids/cmd/braids/main.go:1179.17,1181.4 1 0
github.com/Ashes47/braids/cmd/braids/main.go:1182.3,1183.17 2 0
github.com/Ashes47/braids/cmd/braids/main.go:1183.17,1185.4 1 0
github.com/Ashes47/braids/cmd/braids/main.go:1186.3,1187.16 2 0
github.com/Ashes47/braids/cmd/braids/main.go:1187.16,1189.4 1 0
github.com/Ashes47/braids/cmd/braids/main.go:1190.3,1191.17 2 0
github.com/Ashes47/braids/cmd/braids/main.go:1191.17,1193.4 1 0
github.com/Ashes47/braids/cmd/braids/main.go:1194.3,1194.39 1 0
github.com/Ashes47/braids/cmd/braids/main.go:1200.89,1202.16 2 0
github.com/Ashes47/braids/cmd/braids/main.go:1202.16,1204.3 1 0
github.com/Ashes47/braids/cmd/braids/main.go:1205.2,1206.26 2 0
github.com/Ashes47/braids/cmd/braids/main.go:1206.26,1207.35 1 0
github.com/Ashes47/braids/cmd/braids/main.go:1207.35,1209.4 1 0
github.com/Ashes47/braids/cmd/braids/main.go:1211.2,1211.20 1 0
github.com/Ashes47/braids/cmd/braids/main.go:1212.9,1213.77 1 0
github.com/Ashes47/braids/cmd/braids/main.go:1214.9,1215.23 1 0
github.com/Ashes47/braids/cmd/braids/main.go:1216.10,1217.106 1 0
github.com/Ashes47/braids/cmd/braids/main.go:1221.50,1225.45 4 2
github.com/Ashes47/braids/cmd/braids/main.go:1225.45,1227.3 1 1
github.com/Ashes47/braids/cmd/braids/main.go:1228.2,1229.16 2 1
github.com/Ashes47/braids/cmd/braids/main.go:1229.16,1231.3 1 0
github.com/Ashes47/braids/cmd/braids/main.go:1232.2,1235.16 3 1
github.com/Ashes47/braids/cmd/braids/main.go:1235.16,1237.3 1 0
github.com/Ashes47/braids/cmd/braids/main.go:1238.2,1238.21 1 1
github.com/Ashes47/braids/cmd/braids/main.go:1238.21,1241.3 2 0
github.com/Ashes47/braids/cmd/braids/main.go:1242.2,1244.26 3 1
github.com/Ashes47/braids/cmd/braids/main.go:1244.26,1247.3 1 1
github.com/Ashes47/braids/cmd/braids/main.go:1248.2,1248.25 1 1
github.com/Ashes47/braids/cmd/braids/main.go:1248.25,1249.48 1 2
github.com/Ashes47/braids/cmd/braids/main.go:1249.48,1251.4 1 0
github.com/Ashes47/braids/cmd/braids/main.go:1253.2,1253.35 1 1
github.com/Ashes47/braids/cmd/braids/main.go:1253.35,1255.3 1 0
github.com/Ashes47/braids/cmd/braids/main.go:1256.2,1257.18 2 1
github.com/Ashes47/braids/cmd/braids/main.go:1262.53,1263.32 1 9
github.com/Ashes47/braids/cmd/braids/main.go:1263.32,1265.3 1 6
github.com/Ashes47/braids/cmd/braids/main.go:1266.2,1273.44 3 3
github.com/Ashes47/braids/cmd/braids/main.go:1273.44,1275.17 2 4
github.com/Ashes47/braids/cmd/braids/main.go:1275.17,1276.12 1 0
github.com/Ashes47/braids/cmd/braids/main.go:1278.3,1279.10 2 4
github.com/Ashes47/braids/cmd/braids/main.go:1279.10,1281.4 1 1
github.com/Ashes47/braids/cmd/braids/main.go:1282.3,1282.27 1 3
github.com/Ashes47/braids/cmd/braids/main.go:1284.2,1284.19 1 2
github.com/Ashes47/braids/cmd/braids/main.go:1287.36,1288.23 1 7
github.com/Ashes47/braids/cmd/braids/main.go:1288.23,1290.3 1 7
github.com/Ashes47/braids/cmd/braids/main.go:1291.2,1291.26 1 0
github.com/Ashes47/braids/cmd/braids/main.go:1294.36,1295.49 1 7
github.com/Ashes47/braids/cmd/braids/main.go:1295.49,1297.3 1 5
github.com/Ashes47/braids/cmd/braids/main.go:1298.2,1298.23 1 2
github.com/Ashes47/braids/cmd/braids/main.go:1301.32,1301.58 1 1
github.com/Ashes47/braids/cmd/braids/main.go:1303.31,1305.2 1 7
github.com/Ashes47/braids/cmd/braids/main.go:1307.39,1309.17 2 23
github.com/Ashes47/braids/cmd/braids/main.go:1309.17,1311.3 1 21
github.com/Ashes47/braids/cmd/braids/main.go:1312.2,1312.12 1 2
github.com/Ashes47/braids/cmd/braids/main.go:1312.12,1314.3 1 0
github.com/Ashes47/braids/cmd/braids/main.go:1315.2,1315.32 1 2
github.com/Ashes47/braids/cmd/braids/print.go:20.39,20.64 1 39
github.com/Ashes47/braids/cmd/braids/print.go:23.48,24.18 1 82
github.com/Ashes47/braids/cmd/braids/print.go:24.18,26.3 1 0
github.com/Ashes47/braids/cmd/braids/print.go:27.2,28.16 2 82
github.com/Ashes47/braids/cmd/braids/print.go:28.16,30.3 1 0
github.com/Ashes47/braids/cmd/braids/print.go:31.2,31.15 1 82
github.com/Ashes47/braids/cmd/braids/print.go:34.51,35.18 1 30
github.com/Ashes47/braids/cmd/braids/print.go:35.18,37.3 1 30
github.com/Ashes47/braids/cmd/braids/print.go:41.31,41.47 1 17
github.com/Ashes47/braids/internal/core/store/store.go:82.38,84.2 1 0
