mode: atomic
github.com/Ashes47/braids/internal/core/model/model.go:54.49,56.28 2 5
github.com/Ashes47/braids/internal/core/model/model.go:56.28,57.53 1 16
github.com/Ashes47/braids/internal/core/model/model.go:57.53,58.12 1 7
github.com/Ashes47/braids/internal/core/model/model.go:60.3,60.19 1 9
github.com/Ashes47/braids/internal/core/model/model.go:60.19,61.12 1 3
github.com/Ashes47/braids/internal/core/model/model.go:63.3,63.18 1 6
github.com/Ashes47/braids/internal/core/model/model.go:63.18,65.4 1 3
github.com/Ashes47/braids/internal/core/model/model.go:66.3,66.24 1 6
github.com/Ashes47/braids/internal/core/model/model.go:68.2,68.19 1 5
github.com/Ashes47/braids/internal/core/model/model.go:71.54,72.29 1 12
github.com/Ashes47/braids/internal/core/model/model.go:72.29,73.16 1 14
github.com/Ashes47/braids/internal/core/model/model.go:73.16,75.4 1 5
github.com/Ashes47/braids/internal/core/model/model.go:77.2,77.14 1 7
github.com/Ashes47/braids/internal/core/origins/origins.go:26.40,29.36 3 0
github.com/Ashes47/braids/internal/core/origins/origins.go:29.36,31.3 1 0
github.com/Ashes47/braids/internal/core/origins/origins.go:32.2,32.16 1 0
github.com/Ashes47/braids/internal/core/origins/origins.go:32.16,34.3 1 0
github.com/Ashes47/braids/internal/core/origins/origins.go:35.2,35.20 1 0
github.com/Ashes47/braids/internal/core/origins/origins.go:35.20,37.3 1 0
github.com/Ashes47/braids/internal/core/origins/origins.go:38.2,38.57 1 0
github.com/Ashes47/braids/internal/core/origins/origins.go:38.57,42.3 1 0
github.com/Ashes47/braids/internal/core/origins/origins.go:43.2,43.15 1 0
github.com/Ashes47/braids/internal/core/origins/origins.go:47.47,47.67 1 0
github.com/Ashes47/braids/internal/core/origins/origins.go:51.66,54.16 3 0
github.com/Ashes47/braids/internal/core/origins/origins.go:54.16,56.3 1 0
github.com/Ashes47/braids/internal/core/origins/origins.go:57.2,57.65 1 0
github.com/Ashes47/braids/internal/core/origins/origins.go:57.65,59.3 1 0
github.com/Ashes47/braids/internal/core/origins/origins.go:60.2,61.16 2 0
github.com/Ashes47/braids/internal/core/origins/origins.go:61.16,63.3 1 0
github.com/Ashes47/braids/internal/core/origins/origins.go:64.2,66.43 2 0
github.com/Ashes47/braids/internal/core/origins/origins.go:66.43,68.3 1 0
github.com/Ashes47/braids/internal/core/origins/origins.go:69.2,69.36 1 0
github.com/Ashes47/braids/internal/core/origins/origins.go:69.36,71.3 1 0
github.com/Ashes47/braids/internal/core/origins/origins.go:72.2,72.54 1 0
github.com/Ashes47/braids/internal/core/origins/origins.go:72.54,74.3 1 0
github.com/Ashes47/braids/internal/core/origins/origins.go:75.2,75.12 1 0
github.com/Ashes47/braids/internal/core/index/index.go:118.40,120.16 2 9
github.com/Ashes47/braids/internal/core/index/index.go:120.16,122.3 1 0
github.com/Ashes47/braids/internal/core/index/index.go:123.2,126.4 1 9
github.com/Ashes47/braids/internal/core/index/index.go:126.4,127.44 1 18
github.com/Ashes47/braids/internal/core/index/index.go:127.44,129.4 1 0
github.com/Ashes47/braids/internal/core/index/index.go:131.2,131.36 1 9
github.com/Ashes47/braids/internal/core/index/index.go:131.36,133.3 1 0
github.com/Ashes47/braids/internal/core/index/index.go:134.2,134.28 1 9
github.com/Ashes47/braids/internal/core/index/index.go:140.32,142.74 2 9
github.com/Ashes47/braids/internal/core/index/index.go:142.74,144.3 1 0
github.com/Ashes47/braids/internal/core/index/index.go:145.2,145.30 1 9
github.com/Ashes47/braids/internal/core/index/index.go:145.30,146.45 1 9
github.com/Ashes47/braids/internal/core/index/index.go:146.45,148.4 1 0
github.com/Ashes47/braids/internal/core/index/index.go:150.2,150.43 1 9
github.com/Ashes47/braids/internal/core/index/index.go:150.43,152.3 1 0
github.com/Ashes47/braids/internal/core/index/index.go:153.2,153.89 1 9
github.com/Ashes47/braids/internal/core/index/index.go:153.89,155.3 1 0
github.com/Ashes47/braids/internal/core/index/index.go:156.2,156.12 1 9
github.com/Ashes47/braids/internal/core/index/index.go:160.32,160.56 1 9
github.com/Ashes47/braids/internal/core/index/index.go:165.80,168.16 3 6
github.com/Ashes47/braids/internal/core/index/index.go:168.16,170.3 1 0
github.com/Ashes47/braids/internal/core/index/index.go:172.2,173.16 2 6
github.com/Ashes47/braids/internal/core/index/index.go:173.16,175.3 1 0
github.com/Ashes47/braids/internal/core/index/index.go:176.2,178.98 2 6
github.com/Ashes47/braids/internal/core/index/index.go:178.98,179.54 1 18
github.com/Ashes47/braids/internal/core/index/index.go:179.54,181.4 1 0
github.com/Ashes47/braids/internal/core/index/index.go:183.2,186.16 2 6
github.com/Ashes47/braids/internal/core/index/index.go:186.16,188.3 1 0
github.com/Ashes47/braids/internal/core/index/index.go:189.2,192.16 3 6
github.com/Ashes47/braids/internal/core/index/index.go:192.16,194.3 1 0
github.com/Ashes47/braids/internal/core/index/index.go:195.2,199.16 3 6
github.com/Ashes47/braids/internal/core/index/index.go:199.16,201.3 1 0
github.com/Ashes47/braids/internal/core/index/index.go:202.2,205.29 3 6
github.com/Ashes47/braids/internal/core/index/index.go:205.29,208.62 3 13
github.com/Ashes47/braids/internal/core/index/index.go:208.62,212.84 3 20
github.com/Ashes47/braids/internal/core/index/index.go:212.84,214.5 1 0
github.com/Ashes47/braids/internal/core/index/index.go:215.4,215.30 1 20
github.com/Ashes47/braids/internal/core/index/index.go:215.30,216.40 1 30
github.com/Ashes47/braids/internal/core/index/index.go:216.40,217.14 1 5
github.com/Ashes47/braids/internal/core/index/index.go:219.5,220.71 1 25
github.com/Ashes47/braids/internal/core/index/index.go:220.71,222.6 1 0
github.com/Ashes47/braids/internal/core/index/index.go:223.5,224.16 2 25
github.com/Ashes47/braids/internal/core/index/index.go:226.4,226.14 1 20
github.com/Ashes47/braids/internal/core/index/index.go:228.3,228.17 1 13
github.com/Ashes47/braids/internal/core/index/index.go:228.17,230.4 1 0
github.com/Ashes47/braids/internal/core/index/index.go:231.3,233.48 1 13
github.com/Ashes47/braids/internal/core/index/index.go:233.48,235.4 1 0
github.com/Ashes47/braids/internal/core/index/index.go:237.2,237.36 1 6
github.com/Ashes47/braids/internal/core/index/index.go:237.36,239.3 1 0
github.com/Ashes47/braids/internal/core/index/index.go:240.2,241.19 2 6
github.com/Ashes47/braids/internal/core/index/index.go:250.77,253.16 3 9
github.com/Ashes47/braids/internal/core/index/index.go:253.16,255.3 1 0
github.com/Ashes47/braids/internal/core/index/index.go:256.2,257.16 2 9
github.com/Ashes47/braids/internal/core/index/index.go:257.16,259.3 1 0
github.com/Ashes47/braids/internal/core/index/index.go:260.2,261.26 2 9
github.com/Ashes47/braids/internal/core/index/index.go:261.26,263.3 1 10
github.com/Ashes47/braids/internal/core/index/index.go:265.2,266.16 2 9
github.com/Ashes47/braids/internal/core/index/index.go:266.16,268.3 1 0
github.com/Ashes47/braids/internal/core/index/index.go:269.2,273.29 4 9
github.com/Ashes47/braids/internal/core/index/index.go:273.29,277.107 2 18
github.com/Ashes47/braids/internal/core/index/index.go:277.107,280.12 3 8
github.com/Ashes47/braids/internal/core/index/index.go:282.3,283.17 2 10
github.com/Ashes47/braids/internal/core/index/index.go:283.17,285.4 1 0
github.com/Ashes47/braids/internal/core/index/index.go:286.3,287.23 2 10
github.com/Ashes47/braids/internal/core/index/index.go:289.2,289.25 1 9
github.com/Ashes47/braids/internal/core/index/index.go:289.25,290.16 1 10
github.com/Ashes47/braids/internal/core/index/index.go:290.16,291.50 1 1
github.com/Ashes47/braids/internal/core/index/index.go:291.50,293.5 1 0
github.com/Ashes47/braids/internal/core/index/index.go:296.2,296.36 1 9
github.com/Ashes47/braids/internal/core/index/index.go:296.36,298.3 1 0
github.com/Ashes47/braids/internal/core/index/index.go:299.2,300.19 2 9
github.com/Ashes47/braids/internal/core/index/index.go:305.77,307.9 2 23
github.com/Ashes47/braids/internal/core/index/index.go:307.9,309.3 1 23
github.com/Ashes47/braids/internal/core/index/index.go:310.2,311.16 2 0
github.com/Ashes47/braids/internal/core/index/index.go:311.16,313.3 1 0
github.com/Ashes47/braids/internal/core/index/index.go:314.2,314.14 1 0
github.com/Ashes47/braids/internal/core/index/index.go:317.71,322.4 1 11
github.com/Ashes47/braids/internal/core/index/index.go:322.4,323.62 1 33
github.com/Ashes47/braids/internal/core/index/index.go:323.62,325.4 1 0
github.com/Ashes47/braids/internal/core/index/index.go:327.2,327.12 1 11
github.com/Ashes47/braids/internal/core/index/index.go:331.115,332.53 1 10
github.com/Ashes47/braids/internal/core/index/index.go:332.53,334.3 1 0
github.com/Ashes47/braids/internal/core/index/index.go:335.2,338.16 3 10
github.com/Ashes47/braids/internal/core/index/index.go:338.16,340.3 1 0
github.com/Ashes47/braids/internal/core/index/index.go:341.2,345.16 3 10
github.com/Ashes47/braids/internal/core/index/index.go:345.16,347.3 1 0
github.com/Ashes47/braids/internal/core/index/index.go:348.2,350.60 2 10
github.com/Ashes47/braids/internal/core/index/index.go:350.60,353.83 2 14
github.com/Ashes47/braids/internal/core/index/index.go:353.83,355.4 1 0
github.com/Ashes47/braids/internal/core/index/index.go:356.3,356.29 1 14
github.com/Ashes47/braids/internal/core/index/index.go:356.29,357.39 1 22
github.com/Ashes47/braids/internal/core/index/index.go:357.39,358.13 1 4
github.com/Ashes47/braids/internal/core/index/index.go:360.4,361.70 1 18
github.com/Ashes47/braids/internal/core/index/index.go:361.70,363.5 1 0
github.com/Ashes47/braids/internal/core/index/index.go:364.4,364.11 1 18
github.com/Ashes47/braids/internal/core/index/index.go:366.3,366.13 1 14
github.com/Ashes47/braids/internal/core/index/index.go:368.2,368.16 1 10
github.com/Ashes47/braids/internal/core/index/index.go:368.16,370.3 1 0
github.com/Ashes47/braids/internal/core/index/index.go:371.2,375.86 1 10
github.com/Ashes47/braids/internal/core/index/index.go:375.86,377.3 1 0
github.com/Ashes47/braids/internal/core/index/index.go:378.2,378.25 1 10
github.com/Ashes47/braids/internal/core/index/index.go:382.70,383.37 1 7
github.com/Ashes47/braids/internal/core/index/index.go:383.37,385.3 1 1
github.com/Ashes47/braids/internal/core/index/index.go:386.2,387.16 2 6
github.com/Ashes47/braids/internal/core/index/index.go:387.16,389.3 1 6
github.com/Ashes47/braids/internal/core/index/index.go:391.2,395.18 2 6
github.com/Ashes47/braids/internal/core/index/index.go:395.18,398.3 2 1
github.com/Ashes47/braids/internal/core/index/index.go:399.2,399.22 1 6
github.com/Ashes47/braids/internal/core/index/index.go:399.22,401.29 2 1
github.com/Ashes47/braids/internal/core/index/index.go:401.29,404.4 2 1
github.com/Ashes47/braids/internal/core/index/index.go:405.3,405.72 1 1
github.com/Ashes47/braids/internal/core/index/index.go:407.2,418.16 4 6
github.com/Ashes47/braids/internal/core/index/index.go:418.16,420.3 1 0
github.com/Ashes47/braids/internal/core/index/index.go:421.2,424.18 3 6
github.com/Ashes47/braids/internal/core/index/index.go:424.18,429.56 4 8
github.com/Ashes47/braids/internal/core/index/index.go:429.56,431.4 1 0
github.com/Ashes47/braids/internal/core/index/index.go:432.3,435.25 4 8
github.com/Ashes47/braids/internal/core/index/index.go:437.2,437.35 1 6
github.com/Ashes47/braids/internal/core/index/index.go:437.35,439.3 1 0
github.com/Ashes47/braids/internal/core/index/index.go:440.2,440.18 1 6
github.com/Ashes47/braids/internal/core/index/index.go:456.89,460.16 2 0
github.com/Ashes47/braids/internal/core/index/index.go:460.16,462.3 1 0
github.com/Ashes47/braids/internal/core/index/index.go:463.2,466.18 3 0
github.com/Ashes47/braids/internal/core/index/index.go:466.18,470.97 4 0
github.com/Ashes47/braids/internal/core/index/index.go:470.97,472.4 1 0
github.com/Ashes47/braids/internal/core/index/index.go:473.3,475.23 3 0
github.com/Ashes47/braids/internal/core/index/index.go:477.2,477.35 1 0
github.com/Ashes47/braids/internal/core/index/index.go:477.35,479.3 1 0
github.com/Ashes47/braids/internal/core/index/index.go:480.2,480.17 1 0
github.com/Ashes47/braids/internal/core/index/index.go:489.40,491.35 2 34
github.com/Ashes47/braids/internal/core/index/index.go:491.35,493.3 1 0
github.com/Ashes47/braids/internal/core/index/index.go:494.2,495.28 2 34
github.com/Ashes47/braids/internal/core/index/index.go:495.28,497.3 1 0
github.com/Ashes47/braids/internal/core/index/index.go:498.2,498.13 1 34
github.com/Ashes47/braids/internal/core/index/index.go:502.38,505.28 3 34
github.com/Ashes47/braids/internal/core/index/index.go:505.28,506.66 1 52
github.com/Ashes47/braids/internal/core/index/index.go:506.66,507.12 1 43
github.com/Ashes47/braids/internal/core/index/index.go:509.3,510.32 2 9
github.com/Ashes47/braids/internal/core/index/index.go:512.2,512.33 1 34
github.com/Ashes47/braids/internal/core/index/index.go:517.67,524.16 2 1
github.com/Ashes47/braids/internal/core/index/index.go:524.16,526.3 1 0
github.com/Ashes47/braids/internal/core/index/index.go:527.2,530.18 3 1
github.com/Ashes47/braids/internal/core/index/index.go:530.18,532.68 2 2
github.com/Ashes47/braids/internal/core/index/index.go:532.68,534.4 1 0
github.com/Ashes47/braids/internal/core/index/index.go:535.3,535.23 1 2
github.com/Ashes47/braids/internal/core/index/index.go:537.2,537.35 1 1
github.com/Ashes47/braids/internal/core/index/index.go:537.35,539.3 1 0
github.com/Ashes47/braids/internal/core/index/index.go:540.2,540.17 1 1
github.com/Ashes47/braids/internal/core/index/index.go:546.81,549.16 2 0
github.com/Ashes47/braids/internal/core/index/index.go:549.16,551.3 1 0
github.com/Ashes47/braids/internal/core/index/index.go:552.2,555.18 3 0
github.com/Ashes47/braids/internal/core/index/index.go:555.18,558.47 3 0
github.com/Ashes47/braids/internal/core/index/index.go:558.47,560.4 1 0
github.com/Ashes47/braids/internal/core/index/index.go:561.3,561.50 1 0
github.com/Ashes47/braids/internal/core/index/index.go:563.2,563.35 1 0
github.com/Ashes47/braids/internal/core/index/index.go:563.35,565.3 1 0
github.com/Ashes47/braids/internal/core/index/index.go:566.2,566.17 1 0
github.com/Ashes47/braids/internal/core/index/index.go:570.65,573.16 2 12
github.com/Ashes47/braids/internal/core/index/index.go:573.16,575.3 1 0
github.com/Ashes47/braids/internal/core/index/index.go:576.2,579.18 3 12
github.com/Ashes47/braids/internal/core/index/index.go:579.18,583.68 3 15
github.com/Ashes47/braids/internal/core/index/index.go:583.68,585.4 1 0
github.com/Ashes47/braids/internal/core/index/index.go:586.3,586.18 1 15
github.com/Ashes47/braids/internal/core/index/index.go:586.18,588.4 1 0
github.com/Ashes47/braids/internal/core/index/index.go:589.3,590.27 2 15
github.com/Ashes47/braids/internal/core/index/index.go:592.2,592.35 1 12
github.com/Ashes47/braids/internal/core/index/index.go:592.35,594.3 1 0
github.com/Ashes47/braids/internal/core/index/index.go:595.2,595.19 1 12
github.com/Ashes47/braids/internal/core/index/index.go:599.36,600.16 1 23
github.com/Ashes47/braids/internal/core/index/index.go:600.16,602.3 1 23
github.com/Ashes47/braids/internal/core/index/index.go:603.2,603.17 1 0
github.com/Ashes47/braids/internal/core/index/index.go:608.30,609.36 1 13
github.com/Ashes47/braids/internal/core/index/index.go:609.36,611.3 1 3
github.com/Ashes47/braids/internal/core/index/index.go:612.2,612.38 1 10
github.com/Ashes47/braids/internal/core/index/index.go:612.38,613.12 1 13
github.com/Ashes47/braids/internal/core/index/index.go:614.27,615.15 1 1
github.com/Ashes47/braids/internal/core/index/index.go:617.3,617.36 1 12
github.com/Ashes47/braids/internal/core/index/index.go:617.36,619.4 1 0
github.com/Ashes47/braids/internal/core/index/index.go:621.2,621.14 1 9
github.com/Ashes47/braids/internal/core/index/index.go:627.34,629.17 2 13
github.com/Ashes47/braids/internal/core/index/index.go:629.17,631.3 1 4
github.com/Ashes47/braids/internal/core/index/index.go:632.2,634.27 3 9
github.com/Ashes47/braids/internal/core/index/index.go:634.27,636.3 1 11
github.com/Ashes47/braids/internal/core/index/index.go:637.2,637.34 1 9
github.com/Ashes47/braids/cmd/braids/main.go:59.13,60.52 1 0
github.com/Ashes47/braids/cmd/braids/main.go:60.52,63.3 2 0
github.com/Ashes47/braids/cmd/braids/main.go:66.44,68.20 2 16
github.com/Ashes47/braids/cmd/braids/main.go:68.20,70.3 1 0
github.com/Ashes47/braids/cmd/braids/main.go:71.2,71.17 1 16
github.com/Ashes47/braids/cmd/braids/main.go:72.13,73.31 1 1
github.com/Ashes47/braids/cmd/braids/main.go:74.15,75.33 1 3
github.com/Ashes47/braids/cmd/braids/main.go:76.16,77.34 1 8
github.com/Ashes47/braids/cmd/braids/main.go:78.15,79.33 1 1
github.com/Ashes47/braids/cmd/braids/main.go:80.16,81.34 1 0
github.com/Ashes47/braids/cmd/braids/main.go:82.17,84.19 2 0
github.com/Ashes47/braids/cmd/braids/main.go:85.30,87.19 2 2
github.com/Ashes47/braids/cmd/braids/main.go:88.10,89.70 1 1
github.com/Ashes47/braids/cmd/braids/main.go:97.67,99.6 2 8
github.com/Ashes47/braids/cmd/braids/main.go:99.6,100.40 1 16
github.com/Ashes47/braids/cmd/braids/main.go:100.40,102.4 1 0
github.com/Ashes47/braids/cmd/braids/main.go:103.3,104.21 2 16
github.com/Ashes47/braids/cmd/braids/main.go:104.21,106.4 1 8
github.com/Ashes47/braids/cmd/braids/main.go:107.3,108.18 2 8
github.com/Ashes47/braids/cmd/braids/main.go:113.34,114.42 1 0
github.com/Ashes47/braids/cmd/braids/main.go:114.42,116.3 1 0
github.com/Ashes47/braids/cmd/braids/main.go:117.2,118.16 2 0
github.com/Ashes47/braids/cmd/braids/main.go:118.16,120.3 1 0
github.com/Ashes47/braids/cmd/braids/main.go:121.2,122.48 2 0
github.com/Ashes47/braids/cmd/braids/main.go:122.48,124.3 1 0
github.com/Ashes47/braids/cmd/braids/main.go:125.2,125.44 1 0
github.com/Ashes47/braids/cmd/braids/main.go:129.47,130.18 1 11
github.com/Ashes47/braids/cmd/braids/main.go:130.18,132.3 1 11
github.com/Ashes47/braids/cmd/braids/main.go:133.2,133.20 1 0
github.com/Ashes47/braids/cmd/braids/main.go:137.53,139.16 2 10
github.com/Ashes47/braids/cmd/braids/main.go:139.16,141.3 1 0
github.com/Ashes47/braids/cmd/braids/main.go:142.2,142.25 1 10
github.com/Ashes47/braids/cmd/braids/main.go:145.48,153.39 8 1
github.com/Ashes47/braids/cmd/braids/main.go:153.39,155.3 1 0
github.com/Ashes47/braids/cmd/braids/main.go:156.2,157.16 2 1
github.com/Ashes47/braids/cmd/braids/main.go:157.16,159.3 1 0
github.com/Ashes47/braids/cmd/braids/main.go:160.2,161.16 2 1
github.com/Ashes47/braids/cmd/braids/main.go:161.16,163.3 1 0
github.com/Ashes47/braids/cmd/braids/main.go:164.2,168.16 4 1
github.com/Ashes47/braids/cmd/braids/main.go:168.16,170.3 1 0
github.com/Ashes47/braids/cmd/braids/main.go:171.2,177.70 1 1
github.com/Ashes47/braids/cmd/braids/main.go:177.70,179.4 1 0
github.com/Ashes47/braids/cmd/braids/main.go:180.42,182.18 2 0
github.com/Ashes47/braids/cmd/braids/main.go:182.18,184.5 1 0
github.com/Ashes47/braids/cmd/braids/main.go:185.4,185.64 1 0
github.com/Ashes47/braids/cmd/braids/main.go:185.64,187.5 1 0
github.com/Ashes47/braids/cmd/braids/main.go:188.4,188.48 1 0
github.com/Ashes47/braids/cmd/braids/main.go:191.2,191.13 1 1
github.com/Ashes47/braids/cmd/braids/main.go:191.13,193.3 1 1
github.com/Ashes47/braids/cmd/braids/main.go:194.2,195.16 2 0
github.com/Ashes47/braids/cmd/braids/main.go:195.16,197.3 1 0
github.com/Ashes47/braids/cmd/braids/main.go:198.2,199.18 2 0
github.com/Ashes47/braids/cmd/braids/main.go:202.50,208.39 6 3
github.com/Ashes47/braids/cmd/braids/main.go:208.39,210.3 1 0
github.com/Ashes47/braids/cmd/braids/main.go:212.2,213.15 2 3
github.com/Ashes47/braids/cmd/braids/main.go:213.15,215.54 2 0
github.com/Ashes47/braids/cmd/braids/main.go:215.54,217.4 1 0
github.com/Ashes47/braids/cmd/braids/main.go:219.2,220.16 2 3
github.com/Ashes47/braids/cmd/braids/main.go:220.16,222.3 1 0
github.com/Ashes47/braids/cmd/braids/main.go:223.2,227.11 4 3
github.com/Ashes47/braids/cmd/braids/main.go:227.11,229.3 1 0
github.com/Ashes47/braids/cmd/braids/main.go:230.2,231.16 2 3
github.com/Ashes47/braids/cmd/braids/main.go:231.16,233.3 1 0
github.com/Ashes47/braids/cmd/braids/main.go:234.2,236.18 2 3
github.com/Ashes47/braids/cmd/braids/main.go:239.51,247.16 8 8
github.com/Ashes47/braids/cmd/braids/main.go:247.16,249.3 1 0
github.com/Ashes47/braids/cmd/braids/main.go:250.2,251.36 2 8
github.com/Ashes47/braids/cmd/braids/main.go:251.36,253.3 1 1
github.com/Ashes47/braids/cmd/braids/main.go:254.2,255.16 2 7
github.com/Ashes47/braids/cmd/braids/main.go:255.16,257.3 1 1
github.com/Ashes47/braids/cmd/braids/main.go:259.2,260.16 2 6
github.com/Ashes47/braids/cmd/braids/main.go:260.16,262.3 1 0
github.com/Ashes47/braids/cmd/braids/main.go:263.2,268.16 4 6
github.com/Ashes47/braids/cmd/braids/main.go:268.16,270.3 1 0
github.com/Ashes47/braids/cmd/braids/main.go:271.2,271.20 1 6
github.com/Ashes47/braids/cmd/braids/main.go:271.20,274.3 2 1
github.com/Ashes47/braids/cmd/braids/main.go:276.2,277.25 2 5
github.com/Ashes47/braids/cmd/braids/main.go:277.25,279.92 1 7
github.com/Ashes47/braids/cmd/braids/main.go:279.92,281.4 1 0
github.com/Ashes47/braids/cmd/braids/main.go:283.2,283.35 1 5
github.com/Ashes47/braids/cmd/braids/main.go:283.35,285.3 1 0
github.com/Ashes47/braids/cmd/braids/main.go:286.2,287.18 2 5
github.com/Ashes47/braids/cmd/braids/main.go:290.51,296.39 6 0
github.com/Ashes47/braids/cmd/braids/main.go:296.39,298.3 1 0
github.com/Ashes47/braids/cmd/braids/main.go:299.2,299.32 1 0
github.com/Ashes47/braids/cmd/braids/main.go:299.32,301.3 1 0
github.com/Ashes47/braids/cmd/braids/main.go:303.2,304.16 2 0
github.com/Ashes47/braids/cmd/braids/main.go:304.16,306.3 1 0
github.com/Ashes47/braids/cmd/braids/main.go:307.2,308.16 2 0
github.com/Ashes47/braids/cmd/braids/main.go:308.16,310.3 1 0
github.com/Ashes47/braids/cmd/braids/main.go:311.2,315.16 4 0
github.com/Ashes47/braids/cmd/braids/main.go:315.16,317.3 1 0
github.com/Ashes47/braids/cmd/braids/main.go:318.2,319.16 2 0
github.com/Ashes47/braids/cmd/braids/main.go:319.16,321.3 1 0
github.com/Ashes47/braids/cmd/braids/main.go:322.2,325.18 3 0
github.com/Ashes47/braids/cmd/braids/main.go:330.135,332.16 2 0
github.com/Ashes47/braids/cmd/braids/main.go:332.16,334.3 1 0
github.com/Ashes47/braids/cmd/braids/main.go:335.2,336.16 2 0
github.com/Ashes47/braids/cmd/braids/main.go:336.16,338.3 1 0
github.com/Ashes47/braids/cmd/braids/main.go:339.2,340.25 2 0
github.com/Ashes47/braids/cmd/braids/main.go:340.25,341.20 1 0
github.com/Ashes47/braids/cmd/braids/main.go:341.20,343.9 2 0
github.com/Ashes47/braids/cmd/braids/main.go:346.2,346.18 1 0
github.com/Ashes47/braids/cmd/braids/main.go:346.18,348.3 1 0
github.com/Ashes47/braids/cmd/braids/main.go:349.2,350.16 2 0
github.com/Ashes47/braids/cmd/braids/main.go:350.16,352.3 1 0
github.com/Ashes47/braids/cmd/braids/main.go:353.2,356.16 2 0
github.com/Ashes47/braids/cmd/braids/main.go:356.16,358.3 1 0
github.com/Ashes47/braids/cmd/braids/main.go:361.2,361.99 1 0
github.com/Ashes47/braids/cmd/braids/main.go:361.99,363.3 1 0
github.com/Ashes47/braids/cmd/braids/main.go:364.2,364.23 1 0
github.com/Ashes47/braids/cmd/braids/main.go:368.40,370.2 1 1
github.com/Ashes47/braids/cmd/braids/main.go:372.35,373.16 1 0
github.com/Ashes47/braids/cmd/braids/main.go:373.16,375.3 1 0
github.com/Ashes47/braids/cmd/braids/main.go:376.2,376.40 1 0
github.com/Ashes47/braids/cmd/braids/main.go:381.89,383.16 2 0
github.com/Ashes47/braids/cmd/braids/main.go:383.16,385.3 1 0
github.com/Ashes47/braids/cmd/braids/main.go:386.2,387.26 2 0
github.com/Ashes47/braids/cmd/braids/main.go:387.26,388.35 1 0
github.com/Ashes47/braids/cmd/braids/main.go:388.35,390.4 1 0
github.com/Ashes47/braids/cmd/braids/main.go:392.2,392.20 1 0
github.com/Ashes47/braids/cmd/braids/main.go:393.9,394.77 1 0
github.com/Ashes47/braids/cmd/braids/main.go:395.9,396.23 1 0
github.com/Ashes47/braids/cmd/braids/main.go:397.10,398.106 1 0
github.com/Ashes47/braids/cmd/braids/main.go:402.50,406.39 4 1
github.com/Ashes47/braids/cmd/braids/main.go:406.39,408.3 1 0
github.com/Ashes47/braids/cmd/braids/main.go:409.2,410.16 2 1
github.com/Ashes47/braids/cmd/braids/main.go:410.16,412.3 1 0
github.com/Ashes47/braids/cmd/braids/main.go:413.2,416.16 3 1
github.com/Ashes47/braids/cmd/braids/main.go:416.16,418.3 1 0
github.com/Ashes47/braids/cmd/braids/main.go:419.2,419.21 1 1
github.com/Ashes47/braids/cmd/braids/main.go:419.21,422.3 2 0
github.com/Ashes47/braids/cmd/braids/main.go:423.2,425.26 3 1
github.com/Ashes47/braids/cmd/braids/main.go:425.26,428.3 1 1
github.com/Ashes47/braids/cmd/braids/main.go:429.2,429.25 1 1
github.com/Ashes47/braids/cmd/braids/main.go:429.25,430.48 1 2
github.com/Ashes47/braids/cmd/braids/main.go:430.48,432.4 1 0
github.com/Ashes47/braids/cmd/braids/main.go:434.2,434.35 1 1
github.com/Ashes47/braids/cmd/braids/main.go:434.35,436.3 1 0
github.com/Ashes47/braids/cmd/braids/main.go:437.2,438.18 2 1
github.com/Ashes47/braids/cmd/braids/main.go:443.53,444.32 1 9
github.com/Ashes47/braids/cmd/braids/main.go:444.32,446.3 1 6
github.com/Ashes47/braids/cmd/braids/main.go:447.2,454.44 3 3
github.com/Ashes47/braids/cmd/braids/main.go:454.44,456.17 2 4
github.com/Ashes47/braids/cmd/braids/main.go:456.17,457.12 1 0
github.com/Ashes47/braids/cmd/braids/main.go:459.3,460.10 2 4
github.com/Ashes47/braids/cmd/braids/main.go:460.10,462.4 1 1
github.com/Ashes47/braids/cmd/braids/main.go:463.3,463.27 1 3
github.com/Ashes47/braids/cmd/braids/main.go:465.2,465.19 1 2
github.com/Ashes47/braids/cmd/braids/main.go:468.36,469.23 1 7
github.com/Ashes47/braids/cmd/braids/main.go:469.23,471.3 1 7
github.com/Ashes47/braids/cmd/braids/main.go:472.2,472.26 1 0
github.com/Ashes47/braids/cmd/braids/main.go:475.36,476.49 1 7
github.com/Ashes47/braids/cmd/braids/main.go:476.49,478.3 1 5
github.com/Ashes47/braids/cmd/braids/main.go:479.2,479.23 1 2
github.com/Ashes47/braids/cmd/braids/main.go:482.32,482.58 1 1
github.com/Ashes47/braids/cmd/braids/main.go:484.31,486.2 1 7
github.com/Ashes47/braids/cmd/braids/main.go:488.39,490.17 2 23
github.com/Ashes47/braids/cmd/braids/main.go:490.17,492.3 1 21
github.com/Ashes47/braids/cmd/braids/main.go:493.2,493.12 1 2
github.com/Ashes47/braids/cmd/braids/main.go:493.12,495.3 1 0
github.com/Ashes47/braids/cmd/braids/main.go:496.2,496.32 1 2
github.com/Ashes47/braids/cmd/braids/print.go:20.39,20.64 1 16
github.com/Ashes47/braids/cmd/braids/print.go:23.48,24.18 1 82
github.com/Ashes47/braids/cmd/braids/print.go:24.18,26.3 1 0
github.com/Ashes47/braids/cmd/braids/print.go:27.2,28.16 2 82
github.com/Ashes47/braids/cmd/braids/print.go:28.16,30.3 1 0
github.com/Ashes47/braids/cmd/braids/print.go:31.2,31.15 1 82
github.com/Ashes47/braids/cmd/braids/print.go:34.51,35.18 1 12
github.com/Ashes47/braids/cmd/braids/print.go:35.18,37.3 1 12
github.com/Ashes47/braids/cmd/braids/print.go:41.31,41.47 1 12
github.com/Ashes47/braids/internal/core/graph/graph.go:54.138,56.26 2 29
github.com/Ashes47/braids/internal/core/graph/graph.go:56.26,58.3 1 84
github.com/Ashes47/braids/internal/core/graph/graph.go:60.2,60.95 1 29
github.com/Ashes47/braids/internal/core/graph/graph.go:60.95,64.3 3 54
github.com/Ashes47/braids/internal/core/graph/graph.go:68.2,68.38 1 29
github.com/Ashes47/braids/internal/core/graph/graph.go:68.38,70.10 2 0
github.com/Ashes47/braids/internal/core/graph/graph.go:70.10,71.12 1 0
github.com/Ashes47/braids/internal/core/graph/graph.go:73.3,73.67 1 0
github.com/Ashes47/braids/internal/core/graph/graph.go:73.67,74.12 1 0
github.com/Ashes47/braids/internal/core/graph/graph.go:76.3,77.32 2 0
github.com/Ashes47/braids/internal/core/graph/graph.go:80.2,81.15 2 29
github.com/Ashes47/braids/internal/core/graph/graph.go:98.117,100.26 2 29
github.com/Ashes47/braids/internal/core/graph/graph.go:100.26,104.40 4 80
github.com/Ashes47/braids/internal/core/graph/graph.go:104.40,106.4 1 57
github.com/Ashes47/braids/internal/core/graph/graph.go:108.2,108.13 1 29
github.com/Ashes47/braids/internal/core/graph/graph.go:112.58,113.24 1 26
github.com/Ashes47/braids/internal/core/graph/graph.go:113.24,115.3 1 1
github.com/Ashes47/braids/internal/core/graph/graph.go:116.2,117.51 2 25
github.com/Ashes47/braids/internal/core/graph/graph.go:117.51,119.3 1 25
github.com/Ashes47/braids/internal/core/graph/graph.go:120.2,120.28 1 0
github.com/Ashes47/braids/internal/core/graph/graph.go:125.82,127.29 2 29
github.com/Ashes47/braids/internal/core/graph/graph.go:127.29,128.35 1 424
github.com/Ashes47/braids/internal/core/graph/graph.go:128.35,130.4 1 424
github.com/Ashes47/braids/internal/core/graph/graph.go:133.2,134.34 2 29
github.com/Ashes47/braids/internal/core/graph/graph.go:134.34,135.24 1 108
github.com/Ashes47/braids/internal/core/graph/graph.go:135.24,136.40 1 424
github.com/Ashes47/braids/internal/core/graph/graph.go:136.40,138.29 2 836
github.com/Ashes47/braids/internal/core/graph/graph.go:138.29,139.14 1 156
github.com/Ashes47/braids/internal/core/graph/graph.go:141.5,141.28 1 680
github.com/Ashes47/braids/internal/core/graph/graph.go:141.28,143.6 1 576
github.com/Ashes47/braids/internal/core/graph/graph.go:144.5,146.17 3 680
github.com/Ashes47/braids/internal/core/graph/graph.go:146.17,149.6 2 80
github.com/Ashes47/braids/internal/core/graph/graph.go:150.5,152.32 3 680
github.com/Ashes47/braids/internal/core/graph/graph.go:156.2,156.14 1 29
github.com/Ashes47/braids/internal/core/graph/graph.go:161.126,162.41 1 80
github.com/Ashes47/braids/internal/core/graph/graph.go:162.41,162.68 1 0
github.com/Ashes47/braids/internal/core/graph/graph.go:163.2,163.41 1 80
github.com/Ashes47/braids/internal/core/graph/graph.go:163.41,163.68 1 80
github.com/Ashes47/braids/internal/core/graph/graph.go:165.2,168.79 2 80
github.com/Ashes47/braids/internal/core/graph/graph.go:168.79,169.34 1 79
github.com/Ashes47/braids/internal/core/graph/graph.go:169.34,171.4 1 0
github.com/Ashes47/braids/internal/core/graph/graph.go:172.3,172.18 1 79
github.com/Ashes47/braids/internal/core/graph/graph.go:176.2,178.9 3 1
github.com/Ashes47/braids/internal/core/graph/graph.go:179.31,180.18 1 0
github.com/Ashes47/braids/internal/core/graph/graph.go:181.31,182.18 1 1
github.com/Ashes47/braids/internal/core/graph/graph.go:187.2,187.9 1 0
github.com/Ashes47/braids/internal/core/graph/graph.go:188.32,189.30 1 0
github.com/Ashes47/braids/internal/core/graph/graph.go:189.30,191.4 1 0
github.com/Ashes47/braids/internal/core/graph/graph.go:192.3,192.18 1 0
github.com/Ashes47/braids/internal/core/graph/graph.go:193.35,194.18 1 0
github.com/Ashes47/braids/internal/core/graph/graph.go:195.10,196.18 1 0
github.com/Ashes47/braids/internal/core/graph/graph.go:202.57,204.2 1 2
github.com/Ashes47/braids/internal/core/graph/graph.go:208.22,209.27 1 29
github.com/Ashes47/braids/internal/core/graph/graph.go:209.27,210.43 1 84
github.com/Ashes47/braids/internal/core/graph/graph.go:210.43,213.4 2 0
github.com/Ashes47/braids/internal/core/graph/graph.go:215.2,215.27 1 29
github.com/Ashes47/braids/internal/core/graph/graph.go:215.27,216.43 1 84
github.com/Ashes47/braids/internal/core/graph/graph.go:216.43,218.4 1 54
github.com/Ashes47/braids/internal/core/graph/graph.go:218.9,220.4 1 30
github.com/Ashes47/braids/internal/core/graph/graph.go:222.2,223.27 2 29
github.com/Ashes47/braids/internal/core/graph/graph.go:223.27,225.3 1 84
github.com/Ashes47/braids/internal/core/graph/graph.go:226.2,226.28 1 29
github.com/Ashes47/braids/internal/core/graph/graph.go:226.28,228.3 1 30
github.com/Ashes47/braids/internal/core/graph/graph.go:232.42,234.72 2 54
github.com/Ashes47/braids/internal/core/graph/graph.go:234.72,235.24 1 55
github.com/Ashes47/braids/internal/core/graph/graph.go:235.24,237.4 1 0
github.com/Ashes47/braids/internal/core/graph/graph.go:238.3,238.27 1 55
github.com/Ashes47/braids/internal/core/graph/graph.go:240.2,240.14 1 54
github.com/Ashes47/braids/internal/core/graph/graph.go:243.38,245.31 2 84
github.com/Ashes47/braids/internal/core/graph/graph.go:245.31,247.3 1 54
github.com/Ashes47/braids/internal/core/graph/graph.go:252.31,253.46 1 113
github.com/Ashes47/braids/internal/core/graph/graph.go:253.46,254.58 1 26
github.com/Ashes47/braids/internal/core/graph/graph.go:254.58,256.4 1 26
github.com/Ashes47/braids/internal/core/graph/graph.go:257.3,257.45 1 0
github.com/Ashes47/braids/internal/core/graph/graph.go:262.36,265.23 3 1
github.com/Ashes47/braids/internal/core/graph/graph.go:265.23,267.32 2 3
github.com/Ashes47/braids/internal/core/graph/graph.go:267.32,269.4 1 2
github.com/Ashes47/braids/internal/core/graph/graph.go:271.2,271.28 1 1
github.com/Ashes47/braids/internal/core/graph/graph.go:271.28,273.3 1 1
github.com/Ashes47/braids/internal/core/graph/graph.go:274.2,274.12 1 1
github.com/Ashes47/braids/internal/core/graph/spine.go:51.47,52.20 1 6
github.com/Ashes47/braids/internal/core/graph/spine.go:52.20,54.3 1 1
github.com/Ashes47/braids/internal/core/graph/spine.go:55.2,57.25 3 5
github.com/Ashes47/braids/internal/core/graph/spine.go:57.25,60.3 2 18
github.com/Ashes47/braids/internal/core/graph/spine.go:62.2,64.25 3 5
github.com/Ashes47/braids/internal/core/graph/spine.go:64.25,66.3 1 13
github.com/Ashes47/braids/internal/core/graph/spine.go:67.2,71.18 4 5
github.com/Ashes47/braids/internal/core/graph/spine.go:71.18,72.19 1 12
github.com/Ashes47/braids/internal/core/graph/spine.go:73.10,73.10 0 8
github.com/Ashes47/braids/internal/core/graph/spine.go:74.10,80.6 2 3
github.com/Ashes47/braids/internal/core/graph/spine.go:81.11,82.38 1 1
github.com/Ashes47/braids/internal/core/graph/spine.go:84.3,84.12 1 12
github.com/Ashes47/braids/internal/core/graph/spine.go:86.2,86.25 1 5
github.com/Ashes47/braids/internal/core/graph/spine.go:86.25,88.43 2 13
github.com/Ashes47/braids/internal/core/graph/spine.go:88.43,90.12 2 6
github.com/Ashes47/braids/internal/core/graph/spine.go:92.3,100.5 2 7
github.com/Ashes47/braids/internal/core/graph/spine.go:102.2,103.12 2 5
github.com/Ashes47/braids/internal/core/graph/spine.go:112.40,114.2 1 13
github.com/Ashes47/braids/internal/core/graph/spine.go:118.95,123.68 4 5
github.com/Ashes47/braids/internal/core/graph/spine.go:123.68,126.3 2 13
github.com/Ashes47/braids/internal/core/graph/spine.go:127.2,127.57 1 5
github.com/Ashes47/braids/internal/core/graph/spine.go:127.57,129.3 1 5
github.com/Ashes47/braids/internal/core/graph/spine.go:130.2,130.17 1 5
github.com/Ashes47/braids/internal/core/graph/spine.go:134.121,136.39 2 13
github.com/Ashes47/braids/internal/core/graph/spine.go:136.39,137.20 1 11
github.com/Ashes47/braids/internal/core/graph/spine.go:137.20,138.12 1 9
github.com/Ashes47/braids/internal/core/graph/spine.go:140.3,140.34 1 2
github.com/Ashes47/braids/internal/core/graph/spine.go:142.2,143.12 2 13
github.com/Ashes47/braids/internal/core/graph/spine.go:147.89,150.29 3 5
github.com/Ashes47/braids/internal/core/graph/spine.go:150.29,151.29 1 32
github.com/Ashes47/braids/internal/core/graph/spine.go:151.29,153.4 1 14
github.com/Ashes47/braids/internal/core/graph/spine.go:154.3,156.34 3 18
github.com/Ashes47/braids/internal/core/graph/spine.go:156.34,158.4 1 14
github.com/Ashes47/braids/internal/core/graph/spine.go:159.3,160.11 2 18
github.com/Ashes47/braids/internal/core/graph/spine.go:162.2,162.25 1 5
github.com/Ashes47/braids/internal/core/graph/spine.go:162.25,164.3 1 18
github.com/Ashes47/braids/internal/core/graph/spine.go:165.2,165.14 1 5
github.com/Ashes47/braids/internal/core/graph/spine.go:169.49,171.24 2 1
github.com/Ashes47/braids/internal/core/graph/spine.go:171.24,172.44 1 3
github.com/Ashes47/braids/internal/core/graph/spine.go:172.44,174.4 1 3
github.com/Ashes47/braids/internal/core/graph/spine.go:176.2,177.30 2 1
github.com/Ashes47/braids/internal/core/graph/spine.go:177.30,179.3 1 2
github.com/Ashes47/braids/internal/core/graph/spine.go:180.2,180.40 1 1
github.com/Ashes47/braids/internal/core/graph/spine.go:180.40,181.39 1 1
github.com/Ashes47/braids/internal/core/graph/spine.go:181.39,183.4 1 1
github.com/Ashes47/braids/internal/core/graph/spine.go:184.3,184.39 1 0
github.com/Ashes47/braids/internal/core/graph/spine.go:186.2,191.3 1 1
github.com/Ashes47/braids/internal/core/graph/spine.go:194.36,195.13 1 13
github.com/Ashes47/braids/internal/core/graph/spine.go:195.13,197.3 1 10
github.com/Ashes47/braids/internal/core/graph/spine.go:198.2,200.31 3 3
github.com/Ashes47/braids/internal/core/graph/spine.go:200.31,201.33 1 15
github.com/Ashes47/braids/internal/core/graph/spine.go:201.33,202.17 1 3
github.com/Ashes47/braids/internal/core/graph/spine.go:202.17,204.5 1 3
github.com/Ashes47/braids/internal/core/graph/spine.go:205.4,205.17 1 3
github.com/Ashes47/braids/internal/core/graph/spine.go:208.2,208.12 1 3
github.com/Ashes47/braids/internal/core/store/claudecode/birthtime_darwin.go:13.44,15.9 2 20
github.com/Ashes47/braids/internal/core/store/claudecode/birthtime_darwin.go:15.9,17.3 1 0
github.com/Ashes47/braids/internal/core/store/claudecode/birthtime_darwin.go:18.2,18.63 1 20
github.com/Ashes47/braids/internal/core/store/claudecode/branch.go:29.91,30.25 1 6
github.com/Ashes47/braids/internal/core/store/claudecode/branch.go:30.25,32.3 1 1
github.com/Ashes47/braids/internal/core/store/claudecode/branch.go:33.2,34.16 2 5
github.com/Ashes47/braids/internal/core/store/claudecode/branch.go:34.16,36.3 1 0
github.com/Ashes47/braids/internal/core/store/claudecode/branch.go:37.2,38.16 2 5
github.com/Ashes47/braids/internal/core/store/claudecode/branch.go:38.16,40.3 1 1
github.com/Ashes47/braids/internal/core/store/claudecode/branch.go:42.2,43.16 2 4
github.com/Ashes47/braids/internal/core/store/claudecode/branch.go:43.16,45.3 1 0
github.com/Ashes47/braids/internal/core/store/claudecode/branch.go:46.2,47.72 2 4
github.com/Ashes47/braids/internal/core/store/claudecode/branch.go:47.72,49.3 1 0
github.com/Ashes47/braids/internal/core/store/claudecode/branch.go:51.2,52.16 2 4
github.com/Ashes47/braids/internal/core/store/claudecode/branch.go:52.16,54.3 1 0
github.com/Ashes47/braids/internal/core/store/claudecode/branch.go:55.2,64.8 1 4
github.com/Ashes47/braids/internal/core/store/claudecode/branch.go:74.45,76.16 2 5
github.com/Ashes47/braids/internal/core/store/claudecode/branch.go:76.16,78.3 1 0
github.com/Ashes47/braids/internal/core/store/claudecode/branch.go:79.2,83.16 4 5
github.com/Ashes47/braids/internal/core/store/claudecode/branch.go:83.16,86.49 3 30
github.com/Ashes47/braids/internal/core/store/claudecode/branch.go:86.49,88.12 2 0
github.com/Ashes47/braids/internal/core/store/claudecode/branch.go:90.3,90.72 1 30
github.com/Ashes47/braids/internal/core/store/claudecode/branch.go:92.2,92.33 1 5
github.com/Ashes47/braids/internal/core/store/claudecode/branch.go:92.33,94.3 1 0
github.com/Ashes47/braids/internal/core/store/claudecode/branch.go:95.2,95.17 1 5
github.com/Ashes47/braids/internal/core/store/claudecode/branch.go:101.69,104.26 3 5
github.com/Ashes47/braids/internal/core/store/claudecode/branch.go:104.26,105.19 1 30
github.com/Ashes47/braids/internal/core/store/claudecode/branch.go:105.19,106.12 1 5
github.com/Ashes47/braids/internal/core/store/claudecode/branch.go:108.3,109.23 2 25
github.com/Ashes47/braids/internal/core/store/claudecode/branch.go:109.23,111.4 1 4
github.com/Ashes47/braids/internal/core/store/claudecode/branch.go:113.2,113.12 1 5
github.com/Ashes47/braids/internal/core/store/claudecode/branch.go:113.12,115.3 1 1
github.com/Ashes47/braids/internal/core/store/claudecode/branch.go:117.2,118.65 2 4
github.com/Ashes47/braids/internal/core/store/claudecode/branch.go:118.65,120.3 1 11
github.com/Ashes47/braids/internal/core/store/claudecode/branch.go:121.2,121.18 1 4
github.com/Ashes47/braids/internal/core/store/claudecode/branch.go:124.126,126.16 2 4
github.com/Ashes47/braids/internal/core/store/claudecode/branch.go:126.16,128.3 1 0
github.com/Ashes47/braids/internal/core/store/claudecode/branch.go:129.2,132.29 3 4
github.com/Ashes47/braids/internal/core/store/claudecode/branch.go:132.29,134.17 2 6
github.com/Ashes47/braids/internal/core/store/claudecode/branch.go:134.17,136.4 1 0
github.com/Ashes47/braids/internal/core/store/claudecode/branch.go:137.3,138.13 2 6
github.com/Ashes47/braids/internal/core/store/claudecode/branch.go:141.2,141.21 1 4
github.com/Ashes47/braids/internal/core/store/claudecode/branch.go:141.21,142.21 1 4
github.com/Ashes47/braids/internal/core/store/claudecode/branch.go:142.21,145.19 1 2
github.com/Ashes47/braids/internal/core/store/claudecode/branch.go:145.19,147.5 1 0
github.com/Ashes47/braids/internal/core/store/claudecode/branch.go:149.3,149.27 1 4
github.com/Ashes47/braids/internal/core/store/claudecode/branch.go:149.27,150.36 1 24
github.com/Ashes47/braids/internal/core/store/claudecode/branch.go:150.36,152.5 1 0
github.com/Ashes47/braids/internal/core/store/claudecode/branch.go:153.4,153.37 1 24
github.com/Ashes47/braids/internal/core/store/claudecode/branch.go:153.37,154.13 1 13
github.com/Ashes47/braids/internal/core/store/claudecode/branch.go:156.4,157.18 2 11
github.com/Ashes47/braids/internal/core/store/claudecode/branch.go:157.18,159.5 1 0
github.com/Ashes47/braids/internal/core/store/claudecode/branch.go:160.4,160.64 1 11
github.com/Ashes47/braids/internal/core/store/claudecode/branch.go:160.64,162.5 1 0
github.com/Ashes47/braids/internal/core/store/claudecode/branch.go:165.3,167.5 1 4
github.com/Ashes47/braids/internal/core/store/claudecode/branch.go:169.2,169.16 1 4
github.com/Ashes47/braids/internal/core/store/claudecode/branch.go:169.16,171.3 1 0
github.com/Ashes47/braids/internal/core/store/claudecode/branch.go:172.2,172.36 1 4
github.com/Ashes47/braids/internal/core/store/claudecode/branch.go:172.36,174.3 1 0
github.com/Ashes47/braids/internal/core/store/claudecode/branch.go:175.2,175.49 1 4
github.com/Ashes47/braids/internal/core/store/claudecode/branch.go:175.49,177.3 1 0
github.com/Ashes47/braids/internal/core/store/claudecode/branch.go:178.2,178.12 1 4
github.com/Ashes47/braids/internal/core/store/claudecode/branch.go:182.57,184.9 2 11
github.com/Ashes47/braids/internal/core/store/claudecode/branch.go:184.9,187.3 1 0
github.com/Ashes47/braids/internal/core/store/claudecode/branch.go:188.2,189.16 2 11
github.com/Ashes47/braids/internal/core/store/claudecode/branch.go:189.16,191.3 1 0
github.com/Ashes47/braids/internal/core/store/claudecode/branch.go:192.2,192.58 1 11
github.com/Ashes47/braids/internal/core/store/claudecode/branch.go:192.58,193.31 1 22
github.com/Ashes47/braids/internal/core/store/claudecode/branch.go:193.31,195.4 1 11
github.com/Ashes47/braids/internal/core/store/claudecode/branch.go:197.2,198.16 2 11
github.com/Ashes47/braids/internal/core/store/claudecode/branch.go:198.16,200.3 1 0
github.com/Ashes47/braids/internal/core/store/claudecode/branch.go:201.2,201.17 1 11
github.com/Ashes47/braids/internal/core/store/claudecode/branch.go:206.66,208.53 2 11
github.com/Ashes47/braids/internal/core/store/claudecode/branch.go:208.53,210.3 1 0
github.com/Ashes47/braids/internal/core/store/claudecode/branch.go:211.2,211.21 1 11
github.com/Ashes47/braids/internal/core/store/claudecode/branch.go:215.37,217.43 2 4
github.com/Ashes47/braids/internal/core/store/claudecode/branch.go:217.43,219.3 1 0
github.com/Ashes47/braids/internal/core/store/claudecode/branch.go:220.2,223.85 4 4
github.com/Ashes47/braids/internal/core/store/claudecode/branch.go:226.30,227.18 1 1
github.com/Ashes47/braids/internal/core/store/claudecode/branch.go:227.18,229.3 1 1
github.com/Ashes47/braids/internal/core/store/claudecode/branch.go:230.2,230.15 1 0
github.com/Ashes47/braids/internal/core/store/claudecode/claudecode.go:33.31,33.61 1 11
github.com/Ashes47/braids/internal/core/store/claudecode/claudecode.go:36.36,38.16 2 0
github.com/Ashes47/braids/internal/core/store/claudecode/claudecode.go:38.16,40.3 1 0
github.com/Ashes47/braids/internal/core/store/claudecode/claudecode.go:41.2,41.56 1 0
github.com/Ashes47/braids/internal/core/store/claudecode/claudecode.go:45.32,45.55 1 20
github.com/Ashes47/braids/internal/core/store/claudecode/claudecode.go:48.52,56.2 1 0
github.com/Ashes47/braids/internal/core/store/claudecode/claudecode.go:65.67,67.16 2 13
github.com/Ashes47/braids/internal/core/store/claudecode/claudecode.go:67.16,69.3 1 0
github.com/Ashes47/braids/internal/core/store/claudecode/claudecode.go:70.2,71.35 2 13
github.com/Ashes47/braids/internal/core/store/claudecode/claudecode.go:71.35,72.23 1 13
github.com/Ashes47/braids/internal/core/store/claudecode/claudecode.go:72.23,73.12 1 0
github.com/Ashes47/braids/internal/core/store/claudecode/claudecode.go:75.3,77.17 3 13
github.com/Ashes47/braids/internal/core/store/claudecode/claudecode.go:77.17,79.4 1 0
github.com/Ashes47/braids/internal/core/store/claudecode/claudecode.go:80.3,80.29 1 13
github.com/Ashes47/braids/internal/core/store/claudecode/claudecode.go:80.29,81.36 1 17
github.com/Ashes47/braids/internal/core/store/claudecode/claudecode.go:81.36,83.5 1 0
github.com/Ashes47/braids/internal/core/store/claudecode/claudecode.go:84.4,84.59 1 17
github.com/Ashes47/braids/internal/core/store/claudecode/claudecode.go:84.59,85.13 1 1
github.com/Ashes47/braids/internal/core/store/claudecode/claudecode.go:87.4,88.18 2 16
github.com/Ashes47/braids/internal/core/store/claudecode/claudecode.go:88.18,90.5 1 0
github.com/Ashes47/braids/internal/core/store/claudecode/claudecode.go:91.4,101.31 3 16
github.com/Ashes47/braids/internal/core/store/claudecode/claudecode.go:104.2,104.19 1 13
github.com/Ashes47/braids/internal/core/store/claudecode/claudecode.go:109.76,111.2 1 3
github.com/Ashes47/braids/internal/core/store/claudecode/claudecode.go:115.90,117.16 2 7
github.com/Ashes47/braids/internal/core/store/claudecode/claudecode.go:117.16,119.3 1 0
github.com/Ashes47/braids/internal/core/store/claudecode/claudecode.go:120.2,130.16 4 7
github.com/Ashes47/braids/internal/core/store/claudecode/claudecode.go:130.16,131.35 1 26
github.com/Ashes47/braids/internal/core/store/claudecode/claudecode.go:131.35,133.4 1 0
github.com/Ashes47/braids/internal/core/store/claudecode/claudecode.go:134.3,135.56 2 26
github.com/Ashes47/braids/internal/core/store/claudecode/claudecode.go:135.56,136.12 1 1
github.com/Ashes47/braids/internal/core/store/claudecode/claudecode.go:138.3,138.19 1 25
github.com/Ashes47/braids/internal/core/store/claudecode/claudecode.go:138.19,139.12 1 4
github.com/Ashes47/braids/internal/core/store/claudecode/claudecode.go:141.3,143.10 3 21
github.com/Ashes47/braids/internal/core/store/claudecode/claudecode.go:143.10,145.12 2 7
github.com/Ashes47/braids/internal/core/store/claudecode/claudecode.go:147.3,149.36 3 14
github.com/Ashes47/braids/internal/core/store/claudecode/claudecode.go:149.36,151.4 1 1
github.com/Ashes47/braids/internal/core/store/claudecode/claudecode.go:153.2,153.33 1 6
github.com/Ashes47/braids/internal/core/store/claudecode/claudecode.go:153.33,155.3 1 0
github.com/Ashes47/braids/internal/core/store/claudecode/claudecode.go:156.2,156.12 1 6
github.com/Ashes47/braids/internal/core/store/claudecode/claudecode.go:159.44,163.2 3 15
github.com/Ashes47/braids/internal/core/store/claudecode/claudecode.go:167.38,169.21 2 16
github.com/Ashes47/braids/internal/core/store/claudecode/claudecode.go:169.21,171.3 1 0
github.com/Ashes47/braids/internal/core/store/claudecode/claudecode.go:172.2,172.28 1 16
github.com/Ashes47/braids/internal/core/store/claudecode/claudecode.go:177.45,179.16 2 3
github.com/Ashes47/braids/internal/core/store/claudecode/claudecode.go:179.16,181.3 1 0
github.com/Ashes47/braids/internal/core/store/claudecode/claudecode.go:182.2,186.16 4 3
github.com/Ashes47/braids/internal/core/store/claudecode/claudecode.go:186.16,188.26 2 9
github.com/Ashes47/braids/internal/core/store/claudecode/claudecode.go:188.26,189.12 1 5
github.com/Ashes47/braids/internal/core/store/claudecode/claudecode.go:191.3,192.50 2 4
github.com/Ashes47/braids/internal/core/store/claudecode/claudecode.go:192.50,193.12 1 0
github.com/Ashes47/braids/internal/core/store/claudecode/claudecode.go:195.3,195.10 1 4
github.com/Ashes47/braids/internal/core/store/claudecode/claudecode.go:196.28,197.26 1 2
github.com/Ashes47/braids/internal/core/store/claudecode/claudecode.go:198.24,199.18 1 1
github.com/Ashes47/braids/internal/core/store/claudecode/claudecode.go:200.26,201.23 1 1
github.com/Ashes47/braids/internal/core/store/claudecode/claudecode.go:204.2,204.33 1 3
github.com/Ashes47/braids/internal/core/store/claudecode/claudecode.go:204.33,206.3 1 0
github.com/Ashes47/braids/internal/core/store/claudecode/claudecode.go:207.2,207.46 1 3
github.com/Ashes47/braids/internal/core/store/claudecode/claudecode.go:210.37,211.31 1 9
github.com/Ashes47/braids/internal/core/store/claudecode/claudecode.go:211.31,212.30 1 15
github.com/Ashes47/braids/internal/core/store/claudecode/claudecode.go:212.30,214.4 1 4
github.com/Ashes47/braids/internal/core/store/claudecode/claudecode.go:216.2,216.14 1 5
github.com/Ashes47/braids/internal/core/store/claudecode/claudecode.go:219.43,220.25 1 3
github.com/Ashes47/braids/internal/core/store/claudecode/claudecode.go:220.25,221.14 1 5
github.com/Ashes47/braids/internal/core/store/claudecode/claudecode.go:221.14,223.4 1 3
github.com/Ashes47/braids/internal/core/store/claudecode/claudecode.go:225.2,225.11 1 0
github.com/Ashes47/braids/internal/core/store/claudecode/claudecode.go:260.64,261.50 1 21
github.com/Ashes47/braids/internal/core/store/claudecode/claudecode.go:261.50,263.3 1 7
github.com/Ashes47/braids/internal/core/store/claudecode/claudecode.go:264.2,265.16 2 14
github.com/Ashes47/braids/internal/core/store/claudecode/claudecode.go:266.14,267.24 1 10
github.com/Ashes47/braids/internal/core/store/claudecode/claudecode.go:268.19,269.29 1 4
github.com/Ashes47/braids/internal/core/store/claudecode/claudecode.go:270.10,271.32 1 0
github.com/Ashes47/braids/internal/core/store/claudecode/claudecode.go:273.2,274.21 2 14
github.com/Ashes47/braids/internal/core/store/claudecode/claudecode.go:274.21,276.3 1 0
github.com/Ashes47/braids/internal/core/store/claudecode/claudecode.go:277.2,284.9 2 14
github.com/Ashes47/braids/internal/core/store/claudecode/claudecode.go:291.35,292.25 1 51
github.com/Ashes47/braids/internal/core/store/claudecode/claudecode.go:292.25,294.3 1 31
github.com/Ashes47/braids/internal/core/store/claudecode/claudecode.go:295.2,295.32 1 20
github.com/Ashes47/braids/internal/core/store/claudecode/claudecode.go:295.32,297.3 1 2
github.com/Ashes47/braids/internal/core/store/claudecode/claudecode.go:298.2,298.11 1 18
github.com/Ashes47/braids/internal/core/store/claudecode/claudecode.go:303.51,304.19 1 14
github.com/Ashes47/braids/internal/core/store/claudecode/claudecode.go:304.19,306.3 1 0
github.com/Ashes47/braids/internal/core/store/claudecode/claudecode.go:307.2,308.51 2 14
github.com/Ashes47/braids/internal/core/store/claudecode/claudecode.go:308.51,309.36 1 8
github.com/Ashes47/braids/internal/core/store/claudecode/claudecode.go:309.36,311.4 1 0
github.com/Ashes47/braids/internal/core/store/claudecode/claudecode.go:312.3,312.58 1 8
github.com/Ashes47/braids/internal/core/store/claudecode/claudecode.go:314.2,315.53 2 6
github.com/Ashes47/braids/internal/core/store/claudecode/claudecode.go:315.53,317.3 1 0
github.com/Ashes47/braids/internal/core/store/claudecode/claudecode.go:318.2,319.27 2 6
github.com/Ashes47/braids/internal/core/store/claudecode/claudecode.go:319.27,320.30 1 8
github.com/Ashes47/braids/internal/core/store/claudecode/claudecode.go:320.30,322.4 1 8
github.com/Ashes47/braids/internal/core/store/claudecode/claudecode.go:324.2,324.14 1 6
github.com/Ashes47/braids/internal/core/store/claudecode/claudecode.go:327.44,328.16 1 8
github.com/Ashes47/braids/internal/core/store/claudecode/claudecode.go:329.14,330.38 1 4
github.com/Ashes47/braids/internal/core/store/claudecode/claudecode.go:330.38,332.4 1 0
github.com/Ashes47/braids/internal/core/store/claudecode/claudecode.go:333.3,333.62 1 4
github.com/Ashes47/braids/internal/core/store/claudecode/claudecode.go:334.18,335.42 1 1
github.com/Ashes47/braids/internal/core/store/claudecode/claudecode.go:335.42,337.4 1 0
github.com/Ashes47/braids/internal/core/store/claudecode/claudecode.go:338.3,338.70 1 1
github.com/Ashes47/braids/internal/core/store/claudecode/claudecode.go:339.18,340.88 1 1
github.com/Ashes47/braids/internal/core/store/claudecode/claudecode.go:341.21,343.17 2 2
github.com/Ashes47/braids/internal/core/store/claudecode/claudecode.go:343.17,345.4 1 0
github.com/Ashes47/braids/internal/core/store/claudecode/claudecode.go:346.3,346.66 1 2
github.com/Ashes47/braids/internal/core/store/claudecode/claudecode.go:347.10,348.29 1 0
github.com/Ashes47/braids/internal/core/store/claudecode/claudecode.go:353.42,354.19 1 2
github.com/Ashes47/braids/internal/core/store/claudecode/claudecode.go:354.19,356.3 1 0
github.com/Ashes47/braids/internal/core/store/claudecode/claudecode.go:357.2,358.51 2 2
github.com/Ashes47/braids/internal/core/store/claudecode/claudecode.go:358.51,360.3 1 1
github.com/Ashes47/braids/internal/core/store/claudecode/claudecode.go:361.2,362.53 2 1
github.com/Ashes47/braids/internal/core/store/claudecode/claudecode.go:362.53,364.3 1 0
github.com/Ashes47/braids/internal/core/store/claudecode/claudecode.go:365.2,366.29 2 1
github.com/Ashes47/braids/internal/core/store/claudecode/claudecode.go:366.29,367.21 1 1
github.com/Ashes47/braids/internal/core/store/claudecode/claudecode.go:367.21,368.12 1 0
github.com/Ashes47/braids/internal/core/store/claudecode/claudecode.go:370.3,370.18 1 1
github.com/Ashes47/braids/internal/core/store/claudecode/claudecode.go:370.18,372.4 1 0
github.com/Ashes47/braids/internal/core/store/claudecode/claudecode.go:373.3,373.26 1 1
github.com/Ashes47/braids/internal/core/store/claudecode/claudecode.go:375.2,375.19 1 1
github.com/Ashes47/braids/internal/tui/chrome.go:28.31,35.2 1 8
github.com/Ashes47/braids/internal/tui/chrome.go:37.21,43.2 1 8
github.com/Ashes47/braids/internal/tui/chrome.go:46.30,46.73 1 8
github.com/Ashes47/braids/internal/tui/chrome.go:51.61,53.25 2 21
github.com/Ashes47/braids/internal/tui/chrome.go:53.25,55.3 1 126
github.com/Ashes47/braids/internal/tui/chrome.go:56.2,57.26 2 21
github.com/Ashes47/braids/internal/tui/chrome.go:57.26,59.3 1 84
github.com/Ashes47/braids/internal/tui/chrome.go:62.2,63.22 2 21
github.com/Ashes47/braids/internal/tui/chrome.go:63.22,65.3 1 0
github.com/Ashes47/braids/internal/tui/chrome.go:67.2,68.27 2 21
github.com/Ashes47/braids/internal/tui/chrome.go:68.27,70.21 2 84
github.com/Ashes47/braids/internal/tui/chrome.go:70.21,73.4 1 84
github.com/Ashes47/braids/internal/tui/chrome.go:74.3,75.15 2 84
github.com/Ashes47/braids/internal/tui/chrome.go:75.15,77.4 1 63
github.com/Ashes47/braids/internal/tui/chrome.go:78.3,78.60 1 84
github.com/Ashes47/braids/internal/tui/chrome.go:80.2,80.34 1 21
github.com/Ashes47/braids/internal/tui/chrome.go:83.59,84.20 1 126
github.com/Ashes47/braids/internal/tui/chrome.go:84.20,86.3 1 0
github.com/Ashes47/braids/internal/tui/chrome.go:87.2,88.64 1 126
github.com/Ashes47/braids/internal/tui/chrome.go:92.36,94.19 2 8
github.com/Ashes47/braids/internal/tui/chrome.go:94.19,96.3 1 2
github.com/Ashes47/braids/internal/tui/chrome.go:97.2,97.68 1 8
github.com/Ashes47/braids/internal/tui/chrome.go:100.34,100.77 1 8
github.com/Ashes47/braids/internal/tui/chrome.go:102.51,105.14 3 21
github.com/Ashes47/braids/internal/tui/chrome.go:105.14,107.3 1 0
github.com/Ashes47/braids/internal/tui/chrome.go:108.2,109.59 1 21
github.com/Ashes47/braids/internal/tui/chrome.go:112.37,114.2 1 21
github.com/Ashes47/braids/internal/tui/chrome.go:118.46,121.2 2 252
github.com/Ashes47/braids/internal/tui/chrome.go:124.36,125.21 1 8
github.com/Ashes47/braids/internal/tui/chrome.go:125.21,127.3 1 1
github.com/Ashes47/braids/internal/tui/chrome.go:128.2,128.25 1 7
github.com/Ashes47/braids/internal/tui/chrome.go:128.25,130.3 1 1
github.com/Ashes47/braids/internal/tui/chrome.go:131.2,131.69 1 6
github.com/Ashes47/braids/internal/tui/chrome.go:135.49,138.2 1 2
github.com/Ashes47/braids/internal/tui/chrome.go:141.34,142.87 1 10
github.com/Ashes47/braids/internal/tui/chrome.go:142.87,144.3 1 1
github.com/Ashes47/braids/internal/tui/chrome.go:145.2,145.13 1 9
github.com/Ashes47/braids/internal/tui/filter.go:18.42,19.9 1 62
github.com/Ashes47/braids/internal/tui/filter.go:20.18,21.10 1 11
github.com/Ashes47/braids/internal/tui/filter.go:22.17,24.15 2 4
github.com/Ashes47/braids/internal/tui/filter.go:25.21,26.15 1 1
github.com/Ashes47/braids/internal/tui/filter.go:27.11,28.16 1 6
github.com/Ashes47/braids/internal/tui/filter.go:30.3,30.14 1 5
github.com/Ashes47/braids/internal/tui/filter.go:32.32,34.14 2 2
github.com/Ashes47/braids/internal/tui/filter.go:36.29,38.14 2 9
github.com/Ashes47/braids/internal/tui/filter.go:40.16,41.19 1 24
github.com/Ashes47/braids/internal/tui/filter.go:43.2,43.14 1 16
github.com/Ashes47/braids/internal/tui/filter.go:48.43,49.9 1 26
github.com/Ashes47/braids/internal/tui/filter.go:50.24,51.38 1 2
github.com/Ashes47/braids/internal/tui/filter.go:51.38,53.4 1 2
github.com/Ashes47/braids/internal/tui/filter.go:54.3,54.14 1 2
github.com/Ashes47/braids/internal/tui/filter.go:55.20,57.14 2 0
github.com/Ashes47/braids/internal/tui/filter.go:58.27,60.14 2 24
github.com/Ashes47/braids/internal/tui/filter.go:62.2,62.14 1 0
github.com/Ashes47/braids/internal/tui/filter.go:66.32,66.55 1 72
github.com/Ashes47/braids/internal/tui/filter.go:69.52,70.18 1 62
github.com/Ashes47/braids/internal/tui/filter.go:70.18,72.3 1 1
github.com/Ashes47/braids/internal/tui/filter.go:73.2,73.77 1 61
github.com/Ashes47/braids/internal/tui/filter.go:77.37,78.13 1 4
github.com/Ashes47/braids/internal/tui/filter.go:78.13,80.3 1 0
github.com/Ashes47/braids/internal/tui/filter.go:81.2,81.21 1 4
github.com/Ashes47/braids/internal/tui/map.go:98.52,115.2 5 25
github.com/Ashes47/braids/internal/tui/map.go:119.45,121.31 2 0
github.com/Ashes47/braids/internal/tui/map.go:121.31,123.3 1 0
github.com/Ashes47/braids/internal/tui/map.go:124.2,127.30 4 0
github.com/Ashes47/braids/internal/tui/map.go:127.30,128.33 1 0
github.com/Ashes47/braids/internal/tui/map.go:128.33,130.9 2 0
github.com/Ashes47/braids/internal/tui/map.go:133.2,135.20 2 0
github.com/Ashes47/braids/internal/tui/map.go:135.20,136.46 1 0
github.com/Ashes47/braids/internal/tui/map.go:136.46,141.4 4 0
github.com/Ashes47/braids/internal/tui/map.go:143.2,143.10 1 0
github.com/Ashes47/braids/internal/tui/map.go:147.27,150.26 3 25
github.com/Ashes47/braids/internal/tui/map.go:150.26,151.28 1 35
github.com/Ashes47/braids/internal/tui/map.go:151.28,153.4 1 1
github.com/Ashes47/braids/internal/tui/map.go:154.3,155.45 2 35
github.com/Ashes47/braids/internal/tui/map.go:157.2,159.31 3 25
github.com/Ashes47/braids/internal/tui/map.go:159.31,160.27 1 30
github.com/Ashes47/braids/internal/tui/map.go:160.27,162.4 1 2
github.com/Ashes47/braids/internal/tui/map.go:167.31,167.68 1 0
github.com/Ashes47/braids/internal/tui/map.go:170.57,171.27 1 10
github.com/Ashes47/braids/internal/tui/map.go:172.30,173.44 1 0
github.com/Ashes47/braids/internal/tui/map.go:174.25,177.17 3 0
github.com/Ashes47/braids/internal/tui/map.go:178.23,179.20 1 10
github.com/Ashes47/braids/internal/tui/map.go:181.2,181.15 1 0
github.com/Ashes47/braids/internal/tui/map.go:185.32,186.43 1 2
github.com/Ashes47/braids/internal/tui/map.go:186.43,188.3 1 1
github.com/Ashes47/braids/internal/tui/map.go:189.2,189.55 1 1
github.com/Ashes47/braids/internal/tui/map.go:195.36,196.11 1 10
github.com/Ashes47/braids/internal/tui/map.go:197.32,198.17 1 0
github.com/Ashes47/braids/internal/tui/map.go:199.16,200.17 1 0
github.com/Ashes47/braids/internal/tui/map.go:202.2,202.10 1 10
github.com/Ashes47/braids/internal/tui/map.go:205.62,207.53 2 10
github.com/Ashes47/braids/internal/tui/map.go:207.53,209.3 1 2
github.com/Ashes47/braids/internal/tui/map.go:210.2,210.25 1 8
github.com/Ashes47/braids/internal/tui/map.go:210.25,212.3 1 2
github.com/Ashes47/braids/internal/tui/map.go:213.2,213.23 1 6
github.com/Ashes47/braids/internal/tui/map.go:213.23,217.3 3 5
github.com/Ashes47/braids/internal/tui/map.go:218.2,218.13 1 1
github.com/Ashes47/braids/internal/tui/map.go:219.29,220.28 1 1
github.com/Ashes47/braids/internal/tui/map.go:221.19,222.13 1 0
github.com/Ashes47/braids/internal/tui/map.go:223.17,224.13 1 0
github.com/Ashes47/braids/internal/tui/map.go:225.19,226.15 1 0
github.com/Ashes47/braids/internal/tui/map.go:227.18,228.32 1 0
github.com/Ashes47/braids/internal/tui/map.go:229.26,230.33 1 0
github.com/Ashes47/braids/internal/tui/map.go:231.24,232.33 1 0
github.com/Ashes47/braids/internal/tui/map.go:234.2,235.15 2 0
github.com/Ashes47/braids/internal/tui/map.go:240.31,241.43 1 3
github.com/Ashes47/braids/internal/tui/map.go:241.43,243.3 1 2
github.com/Ashes47/braids/internal/tui/map.go:244.2,244.24 1 1
github.com/Ashes47/braids/internal/tui/map.go:249.25,250.20 1 6
github.com/Ashes47/braids/internal/tui/map.go:250.20,253.3 2 2
github.com/Ashes47/braids/internal/tui/map.go:254.2,255.26 2 4
github.com/Ashes47/braids/internal/tui/map.go:255.26,257.63 2 7
github.com/Ashes47/braids/internal/tui/map.go:257.63,259.4 1 4
github.com/Ashes47/braids/internal/tui/map.go:263.25,264.32 1 45
github.com/Ashes47/braids/internal/tui/map.go:264.32,266.3 1 16
github.com/Ashes47/braids/internal/tui/map.go:267.2,267.18 1 45
github.com/Ashes47/braids/internal/tui/map.go:267.18,269.3 1 16
github.com/Ashes47/braids/internal/tui/map.go:270.2,271.25 2 45
github.com/Ashes47/braids/internal/tui/map.go:271.25,273.3 1 3
github.com/Ashes47/braids/internal/tui/map.go:274.2,274.28 1 45
github.com/Ashes47/braids/internal/tui/map.go:274.28,276.3 1 3
github.com/Ashes47/braids/internal/tui/map.go:277.2,277.18 1 45
github.com/Ashes47/braids/internal/tui/map.go:277.18,279.3 1 0
github.com/Ashes47/braids/internal/tui/map.go:283.33,285.11 2 145
github.com/Ashes47/braids/internal/tui/map.go:285.11,287.3 1 0
github.com/Ashes47/braids/internal/tui/map.go:288.2,288.10 1 145
github.com/Ashes47/braids/internal/tui/map.go:292.35,294.12 2 114
github.com/Ashes47/braids/internal/tui/map.go:294.12,296.3 1 0
github.com/Ashes47/braids/internal/tui/map.go:297.2,297.10 1 114
github.com/Ashes47/braids/internal/tui/map.go:300.32,310.25 9 8
github.com/Ashes47/braids/internal/tui/map.go:310.25,314.32 4 1
github.com/Ashes47/braids/internal/tui/map.go:314.32,316.4 1 10
github.com/Ashes47/braids/internal/tui/map.go:317.8,319.35 2 7
github.com/Ashes47/braids/internal/tui/map.go:319.35,322.4 2 12
github.com/Ashes47/braids/internal/tui/map.go:323.3,323.47 1 7
github.com/Ashes47/braids/internal/tui/map.go:323.47,325.4 1 65
github.com/Ashes47/braids/internal/tui/map.go:327.2,330.19 4 8
github.com/Ashes47/braids/internal/tui/map.go:333.38,334.19 1 2
github.com/Ashes47/braids/internal/tui/map.go:334.19,336.3 1 2
github.com/Ashes47/braids/internal/tui/map.go:337.2,337.61 1 0
github.com/Ashes47/braids/internal/tui/map.go:340.34,342.26 2 8
github.com/Ashes47/braids/internal/tui/map.go:342.26,343.25 1 14
github.com/Ashes47/braids/internal/tui/map.go:343.25,345.4 1 1
github.com/Ashes47/braids/internal/tui/map.go:347.2,347.10 1 8
github.com/Ashes47/braids/internal/tui/map.go:350.45,352.2 1 38
github.com/Ashes47/braids/internal/tui/map.go:357.55,359.14 2 12
github.com/Ashes47/braids/internal/tui/map.go:359.14,361.3 1 7
github.com/Ashes47/braids/internal/tui/map.go:362.2,362.15 1 5
github.com/Ashes47/braids/internal/tui/map.go:365.55,370.24 4 12
github.com/Ashes47/braids/internal/tui/map.go:370.24,372.3 1 1
github.com/Ashes47/braids/internal/tui/map.go:374.2,375.17 2 12
github.com/Ashes47/braids/internal/tui/map.go:375.17,377.3 1 0
github.com/Ashes47/braids/internal/tui/map.go:380.2,381.29 2 12
github.com/Ashes47/braids/internal/tui/map.go:381.29,383.3 1 2
github.com/Ashes47/braids/internal/tui/map.go:385.2,387.16 3 12
github.com/Ashes47/braids/internal/tui/map.go:387.16,389.28 2 2
github.com/Ashes47/braids/internal/tui/map.go:389.28,391.4 1 1
github.com/Ashes47/braids/internal/tui/map.go:392.3,395.30 4 2
github.com/Ashes47/braids/internal/tui/map.go:397.2,397.19 1 12
github.com/Ashes47/braids/internal/tui/map.go:397.19,402.3 4 2
github.com/Ashes47/braids/internal/tui/map.go:403.2,407.24 5 12
github.com/Ashes47/braids/internal/tui/map.go:407.24,409.3 1 1
github.com/Ashes47/braids/internal/tui/map.go:410.2,419.20 6 12
github.com/Ashes47/braids/internal/tui/map.go:419.20,421.3 1 0
github.com/Ashes47/braids/internal/tui/map.go:422.2,425.20 3 12
github.com/Ashes47/braids/internal/tui/map.go:425.20,427.3 1 1
github.com/Ashes47/braids/internal/tui/map.go:428.2,431.22 3 12
github.com/Ashes47/braids/internal/tui/map.go:435.33,437.16 2 8
github.com/Ashes47/braids/internal/tui/map.go:437.16,439.3 1 1
github.com/Ashes47/braids/internal/tui/map.go:440.2,440.19 1 8
github.com/Ashes47/braids/internal/tui/map.go:440.19,442.3 1 1
github.com/Ashes47/braids/internal/tui/map.go:443.2,447.19 3 8
github.com/Ashes47/braids/internal/tui/map.go:447.19,449.3 1 0
github.com/Ashes47/braids/internal/tui/map.go:450.2,450.88 1 8
github.com/Ashes47/braids/internal/tui/map.go:454.32,455.18 1 16
github.com/Ashes47/braids/internal/tui/map.go:455.18,457.3 1 0
github.com/Ashes47/braids/internal/tui/map.go:458.2,458.15 1 16
github.com/Ashes47/braids/internal/tui/map.go:463.46,466.69 3 26
github.com/Ashes47/braids/internal/tui/map.go:466.69,468.16 2 38
github.com/Ashes47/braids/internal/tui/map.go:468.16,470.12 2 3
github.com/Ashes47/braids/internal/tui/map.go:470.12,472.5 1 2
github.com/Ashes47/braids/internal/tui/map.go:474.3,477.16 3 38
github.com/Ashes47/braids/internal/tui/map.go:477.16,479.12 2 3
github.com/Ashes47/braids/internal/tui/map.go:479.12,481.5 1 2
github.com/Ashes47/braids/internal/tui/map.go:483.3,483.32 1 38
github.com/Ashes47/braids/internal/tui/map.go:483.32,485.4 1 3
github.com/Ashes47/braids/internal/tui/map.go:487.2,487.28 1 26
github.com/Ashes47/braids/internal/tui/map.go:487.28,489.3 1 35
github.com/Ashes47/braids/internal/tui/map.go:490.2,490.12 1 26
github.com/Ashes47/braids/internal/tui/map.go:496.33,497.9 1 16
github.com/Ashes47/braids/internal/tui/map.go:498.18,499.52 1 1
github.com/Ashes47/braids/internal/tui/map.go:500.18,501.52 1 1
github.com/Ashes47/braids/internal/tui/map.go:502.18,503.52 1 1
github.com/Ashes47/braids/internal/tui/map.go:504.10,505.32 1 13
github.com/Ashes47/braids/internal/tui/map.go:513.39,514.9 1 16
github.com/Ashes47/braids/internal/tui/map.go:515.23,516.15 1 1
github.com/Ashes47/braids/internal/tui/map.go:517.21,518.46 1 2
github.com/Ashes47/braids/internal/tui/map.go:519.24,520.44 1 11
github.com/Ashes47/braids/internal/tui/map.go:521.10,522.47 1 2
github.com/Ashes47/braids/internal/tui/map.go:527.51,529.13 2 84
github.com/Ashes47/braids/internal/tui/map.go:529.13,531.3 1 0
github.com/Ashes47/braids/internal/tui/map.go:532.2,532.48 1 84
github.com/Ashes47/braids/internal/tui/map.go:537.43,538.32 1 70
github.com/Ashes47/braids/internal/tui/map.go:538.32,540.3 1 68
github.com/Ashes47/braids/internal/tui/map.go:541.2,541.16 1 2
github.com/Ashes47/braids/internal/tui/map.go:541.16,543.3 1 0
github.com/Ashes47/braids/internal/tui/map.go:544.2,546.22 3 2
github.com/Ashes47/braids/internal/tui/map.go:546.22,548.23 2 12
github.com/Ashes47/braids/internal/tui/map.go:548.23,549.9 1 2
github.com/Ashes47/braids/internal/tui/map.go:551.3,552.12 2 10
github.com/Ashes47/braids/internal/tui/map.go:554.2,554.27 1 2
github.com/Ashes47/braids/internal/tui/map.go:557.43,558.47 1 452
github.com/Ashes47/braids/internal/tui/map.go:558.47,560.3 1 418
github.com/Ashes47/braids/internal/tui/map.go:561.2,561.10 1 34
github.com/Ashes47/braids/internal/tui/map.go:564.42,565.47 1 172
github.com/Ashes47/braids/internal/tui/map.go:565.47,567.3 1 163
github.com/Ashes47/braids/internal/tui/map.go:568.2,568.10 1 9
github.com/Ashes47/braids/internal/tui/run.go:17.68,18.27 1 0
github.com/Ashes47/braids/internal/tui/run.go:18.27,20.3 1 0
github.com/Ashes47/braids/internal/tui/run.go:21.2,22.16 2 0
github.com/Ashes47/braids/internal/tui/run.go:22.16,24.3 1 0
github.com/Ashes47/braids/internal/tui/run.go:25.2,25.27 1 0
github.com/Ashes47/braids/internal/tui/run.go:25.27,27.3 1 0
github.com/Ashes47/braids/internal/tui/run.go:28.2,28.94 1 0
github.com/Ashes47/braids/internal/tui/run.go:28.94,30.3 1 0
github.com/Ashes47/braids/internal/tui/run.go:31.2,31.12 1 0
github.com/Ashes47/braids/internal/tui/run.go:37.90,41.18 4 0
github.com/Ashes47/braids/internal/tui/run.go:41.18,43.3 1 0
github.com/Ashes47/braids/internal/tui/run.go:44.2,44.30 1 0
github.com/Ashes47/braids/internal/tui/run.go:44.30,45.48 1 0
github.com/Ashes47/braids/internal/tui/run.go:45.48,47.9 2 0
github.com/Ashes47/braids/internal/tui/run.go:50.2,51.20 2 0
github.com/Ashes47/braids/internal/tui/run.go:51.20,53.3 1 0
github.com/Ashes47/braids/internal/tui/run.go:54.2,54.24 1 0
github.com/Ashes47/braids/internal/tui/run.go:58.94,59.54 1 0
github.com/Ashes47/braids/internal/tui/run.go:59.54,61.17 2 0
github.com/Ashes47/braids/internal/tui/run.go:61.17,63.4 1 0
github.com/Ashes47/braids/internal/tui/run.go:64.3,64.32 1 0
github.com/Ashes47/braids/internal/tui/run.go:70.108,72.16 2 0
github.com/Ashes47/braids/internal/tui/run.go:72.16,74.3 1 0
github.com/Ashes47/braids/internal/tui/run.go:75.2,76.16 2 0
github.com/Ashes47/braids/internal/tui/run.go:76.16,78.3 1 0
github.com/Ashes47/braids/internal/tui/run.go:79.2,80.16 2 0
github.com/Ashes47/braids/internal/tui/run.go:80.16,82.3 1 0
github.com/Ashes47/braids/internal/tui/run.go:83.2,83.63 1 0
github.com/Ashes47/braids/internal/tui/spineview.go:43.30,45.49 2 17
github.com/Ashes47/braids/internal/tui/spineview.go:45.49,45.101 1 0
github.com/Ashes47/braids/internal/tui/spineview.go:47.2,49.33 3 17
github.com/Ashes47/braids/internal/tui/spineview.go:49.33,50.61 1 60
github.com/Ashes47/braids/internal/tui/spineview.go:50.61,53.4 2 3
github.com/Ashes47/braids/internal/tui/spineview.go:55.2,55.29 1 17
github.com/Ashes47/braids/internal/tui/spineview.go:55.29,58.3 2 60
github.com/Ashes47/braids/internal/tui/spineview.go:59.2,59.37 1 17
github.com/Ashes47/braids/internal/tui/spineview.go:59.37,61.3 1 0
github.com/Ashes47/braids/internal/tui/spineview.go:62.2,62.11 1 17
github.com/Ashes47/braids/internal/tui/spineview.go:66.41,67.48 1 8
github.com/Ashes47/braids/internal/tui/spineview.go:67.48,69.3 1 0
github.com/Ashes47/braids/internal/tui/spineview.go:70.2,70.28 1 8
github.com/Ashes47/braids/internal/tui/spineview.go:73.46,74.14 1 30
github.com/Ashes47/braids/internal/tui/spineview.go:74.14,76.3 1 0
github.com/Ashes47/braids/internal/tui/spineview.go:77.2,77.19 1 30
github.com/Ashes47/braids/internal/tui/spineview.go:82.30,83.20 1 36
github.com/Ashes47/braids/internal/tui/spineview.go:83.20,86.3 2 23
github.com/Ashes47/braids/internal/tui/spineview.go:87.2,88.27 2 13
github.com/Ashes47/braids/internal/tui/spineview.go:88.27,89.37 1 52
github.com/Ashes47/braids/internal/tui/spineview.go:89.37,91.4 1 14
github.com/Ashes47/braids/internal/tui/spineview.go:95.37,96.19 1 52
github.com/Ashes47/braids/internal/tui/spineview.go:96.19,98.3 1 0
github.com/Ashes47/braids/internal/tui/spineview.go:99.2,100.90 1 52
github.com/Ashes47/braids/internal/tui/spineview.go:105.34,106.47 1 16
github.com/Ashes47/braids/internal/tui/spineview.go:106.47,108.3 1 0
github.com/Ashes47/braids/internal/tui/spineview.go:109.2,109.52 1 16
github.com/Ashes47/braids/internal/tui/spineview.go:114.57,115.24 1 17
github.com/Ashes47/braids/internal/tui/spineview.go:115.24,117.3 1 0
github.com/Ashes47/braids/internal/tui/spineview.go:118.2,121.28 4 17
github.com/Ashes47/braids/internal/tui/spineview.go:121.28,123.3 1 1
github.com/Ashes47/braids/internal/tui/spineview.go:124.2,126.10 3 17
github.com/Ashes47/braids/internal/tui/spineview.go:130.35,131.30 1 4
github.com/Ashes47/braids/internal/tui/spineview.go:131.30,135.3 3 1
github.com/Ashes47/braids/internal/tui/spineview.go:136.2,138.10 3 3
github.com/Ashes47/braids/internal/tui/spineview.go:141.43,143.21 2 36
github.com/Ashes47/braids/internal/tui/spineview.go:143.21,145.3 1 4
github.com/Ashes47/braids/internal/tui/spineview.go:146.2,146.23 1 32
github.com/Ashes47/braids/internal/tui/spineview.go:146.23,150.3 3 18
github.com/Ashes47/braids/internal/tui/spineview.go:151.2,151.13 1 14
github.com/Ashes47/braids/internal/tui/spineview.go:152.39,153.24 1 4
github.com/Ashes47/braids/internal/tui/spineview.go:154.29,156.22 2 1
github.com/Ashes47/braids/internal/tui/spineview.go:156.22,159.4 2 0
github.com/Ashes47/braids/internal/tui/spineview.go:160.3,160.36 1 1
github.com/Ashes47/braids/internal/tui/spineview.go:161.19,162.13 1 3
github.com/Ashes47/braids/internal/tui/spineview.go:163.17,164.13 1 1
github.com/Ashes47/braids/internal/tui/spineview.go:165.19,166.15 1 0
github.com/Ashes47/braids/internal/tui/spineview.go:167.18,168.32 1 0
github.com/Ashes47/braids/internal/tui/spineview.go:169.26,170.33 1 0
github.com/Ashes47/braids/internal/tui/spineview.go:171.24,172.33 1 0
github.com/Ashes47/braids/internal/tui/spineview.go:173.11,174.25 1 5
github.com/Ashes47/braids/internal/tui/spineview.go:175.11,176.50 1 0
github.com/Ashes47/braids/internal/tui/spineview.go:177.11,178.51 1 0
github.com/Ashes47/braids/internal/tui/spineview.go:180.2,181.10 2 4
github.com/Ashes47/braids/internal/tui/spineview.go:184.30,186.14 2 22
github.com/Ashes47/braids/internal/tui/spineview.go:186.14,188.3 1 0
github.com/Ashes47/braids/internal/tui/spineview.go:189.2,189.32 1 22
github.com/Ashes47/braids/internal/tui/spineview.go:189.32,191.3 1 0
github.com/Ashes47/braids/internal/tui/spineview.go:192.2,192.18 1 22
github.com/Ashes47/braids/internal/tui/spineview.go:192.18,194.3 1 0
github.com/Ashes47/braids/internal/tui/spineview.go:195.2,196.25 2 22
github.com/Ashes47/braids/internal/tui/spineview.go:196.25,198.3 1 0
github.com/Ashes47/braids/internal/tui/spineview.go:199.2,199.28 1 22
github.com/Ashes47/braids/internal/tui/spineview.go:199.28,201.3 1 0
github.com/Ashes47/braids/internal/tui/spineview.go:202.2,202.18 1 22
github.com/Ashes47/braids/internal/tui/spineview.go:202.18,204.3 1 0
github.com/Ashes47/braids/internal/tui/spineview.go:207.37,218.9 10 13
github.com/Ashes47/braids/internal/tui/spineview.go:219.20,222.32 3 1
github.com/Ashes47/braids/internal/tui/spineview.go:222.32,224.4 1 10
github.com/Ashes47/braids/internal/tui/spineview.go:225.27,228.32 3 2
github.com/Ashes47/braids/internal/tui/spineview.go:228.32,230.4 1 20
github.com/Ashes47/braids/internal/tui/spineview.go:231.10,234.61 3 10
github.com/Ashes47/braids/internal/tui/spineview.go:234.61,240.66 4 39
github.com/Ashes47/braids/internal/tui/spineview.go:240.66,244.5 3 0
github.com/Ashes47/braids/internal/tui/spineview.go:246.3,246.36 1 10
github.com/Ashes47/braids/internal/tui/spineview.go:246.36,248.4 1 71
github.com/Ashes47/braids/internal/tui/spineview.go:250.2,253.19 4 13
github.com/Ashes47/braids/internal/tui/spineview.go:257.36,265.15 6 0
github.com/Ashes47/braids/internal/tui/spineview.go:265.15,267.3 1 0
github.com/Ashes47/braids/internal/tui/spineview.go:268.2,271.29 1 0
github.com/Ashes47/braids/internal/tui/spineview.go:276.37,278.9 2 13
github.com/Ashes47/braids/internal/tui/spineview.go:279.23,280.32 1 1
github.com/Ashes47/braids/internal/tui/spineview.go:281.22,283.15 2 5
github.com/Ashes47/braids/internal/tui/spineview.go:283.15,285.4 1 4
github.com/Ashes47/braids/internal/tui/spineview.go:286.3,286.38 1 5
github.com/Ashes47/braids/internal/tui/spineview.go:287.10,288.47 1 7
github.com/Ashes47/braids/internal/tui/spineview.go:292.43,293.25 1 2
github.com/Ashes47/braids/internal/tui/spineview.go:293.25,295.3 1 1
github.com/Ashes47/braids/internal/tui/spineview.go:296.2,296.41 1 1
github.com/Ashes47/braids/internal/tui/spineview.go:299.36,301.16 2 13
github.com/Ashes47/braids/internal/tui/spineview.go:301.16,303.3 1 0
github.com/Ashes47/braids/internal/tui/spineview.go:304.2,305.25 2 13
github.com/Ashes47/braids/internal/tui/spineview.go:305.25,307.3 1 2
github.com/Ashes47/braids/internal/tui/spineview.go:308.2,308.88 1 13
github.com/Ashes47/braids/internal/tui/spineview.go:312.35,314.35 2 13
github.com/Ashes47/braids/internal/tui/spineview.go:314.35,315.30 1 44
github.com/Ashes47/braids/internal/tui/spineview.go:315.30,318.4 2 11
github.com/Ashes47/braids/internal/tui/spineview.go:320.2,332.34 4 13
github.com/Ashes47/braids/internal/tui/spineview.go:335.38,338.19 3 13
github.com/Ashes47/braids/internal/tui/spineview.go:338.19,340.3 1 0
github.com/Ashes47/braids/internal/tui/spineview.go:341.2,341.103 1 13
github.com/Ashes47/braids/internal/tui/spineview.go:350.66,352.21 2 39
github.com/Ashes47/braids/internal/tui/spineview.go:352.21,354.3 1 2
github.com/Ashes47/braids/internal/tui/spineview.go:354.8,356.3 1 37
github.com/Ashes47/braids/internal/tui/spineview.go:357.2,357.14 1 39
github.com/Ashes47/braids/internal/tui/spineview.go:357.14,359.3 1 10
github.com/Ashes47/braids/internal/tui/spineview.go:360.2,360.15 1 29
github.com/Ashes47/braids/internal/tui/spineview.go:365.64,368.16 3 2
github.com/Ashes47/braids/internal/tui/spineview.go:368.16,370.3 1 0
github.com/Ashes47/braids/internal/tui/spineview.go:371.2,375.19 4 2
github.com/Ashes47/braids/internal/tui/spineview.go:375.19,377.3 1 0
github.com/Ashes47/braids/internal/tui/spineview.go:378.2,383.22 4 2
github.com/Ashes47/braids/internal/tui/spineview.go:386.71,390.37 3 37
github.com/Ashes47/braids/internal/tui/spineview.go:390.37,392.3 1 10
github.com/Ashes47/braids/internal/tui/spineview.go:393.2,397.19 3 37
github.com/Ashes47/braids/internal/tui/spineview.go:397.19,399.3 1 0
github.com/Ashes47/braids/internal/tui/spineview.go:401.2,403.18 3 37
github.com/Ashes47/braids/internal/tui/spineview.go:404.20,406.59 2 9
github.com/Ashes47/braids/internal/tui/spineview.go:407.10,410.33 3 28
github.com/Ashes47/braids/internal/tui/spineview.go:410.33,412.4 1 19
github.com/Ashes47/braids/internal/tui/spineview.go:413.3,414.58 2 28
github.com/Ashes47/braids/internal/tui/spineview.go:414.58,417.4 2 0
github.com/Ashes47/braids/internal/tui/spineview.go:419.2,429.22 6 37
github.com/Ashes47/braids/internal/tui/spineview.go:433.36,435.44 2 5
github.com/Ashes47/braids/internal/tui/spineview.go:435.44,438.3 2 1
github.com/Ashes47/braids/internal/tui/spineview.go:439.2,440.21 2 4
github.com/Ashes47/braids/internal/tui/spineview.go:440.21,443.3 2 1
github.com/Ashes47/braids/internal/tui/spineview.go:444.2,445.30 2 3
github.com/Ashes47/braids/internal/tui/spineview.go:445.30,448.3 2 1
github.com/Ashes47/braids/internal/tui/spineview.go:449.2,451.10 3 2
github.com/Ashes47/braids/internal/tui/spineview.go:454.44,456.13 2 4
github.com/Ashes47/braids/internal/tui/spineview.go:457.13,458.27 1 0
github.com/Ashes47/braids/internal/tui/spineview.go:459.15,460.26 1 2
github.com/Ashes47/braids/internal/tui/spineview.go:461.10,462.21 1 2
github.com/Ashes47/braids/internal/tui/spineview.go:464.2,464.10 1 2
github.com/Ashes47/braids/internal/tui/spineview.go:470.37,477.16 6 2
github.com/Ashes47/braids/internal/tui/spineview.go:477.16,480.3 2 1
github.com/Ashes47/braids/internal/tui/spineview.go:481.2,482.22 2 1
github.com/Ashes47/braids/internal/tui/spineview.go:482.22,484.17 2 0
github.com/Ashes47/braids/internal/tui/spineview.go:484.17,487.4 2 0
github.com/Ashes47/braids/internal/tui/spineview.go:488.3,488.22 1 0
github.com/Ashes47/braids/internal/tui/spineview.go:490.2,491.10 2 1
github.com/Ashes47/braids/internal/tui/spineview.go:496.44,499.26 3 6
github.com/Ashes47/braids/internal/tui/spineview.go:499.26,501.33 2 23
github.com/Ashes47/braids/internal/tui/spineview.go:501.33,502.12 1 14
github.com/Ashes47/braids/internal/tui/spineview.go:504.3,505.20 2 9
github.com/Ashes47/braids/internal/tui/spineview.go:505.20,506.9 1 1
github.com/Ashes47/braids/internal/tui/spineview.go:509.2,509.19 1 6
github.com/Ashes47/braids/internal/tui/spineview.go:509.19,511.3 1 2
github.com/Ashes47/braids/internal/tui/spineview.go:512.2,512.31 1 4
github.com/Ashes47/braids/internal/tui/spineview.go:528.56,529.34 1 6
github.com/Ashes47/braids/internal/tui/spineview.go:529.34,531.63 2 8
github.com/Ashes47/braids/internal/tui/spineview.go:531.63,533.4 1 5
github.com/Ashes47/braids/internal/tui/spineview.go:535.2,535.13 1 1
github.com/Ashes47/braids/internal/tui/spineview.go:539.42,541.30 2 61
github.com/Ashes47/braids/internal/tui/spineview.go:541.30,542.22 1 44
github.com/Ashes47/braids/internal/tui/spineview.go:542.22,543.9 1 0
github.com/Ashes47/braids/internal/tui/spineview.go:545.3,545.63 1 44
github.com/Ashes47/braids/internal/tui/spineview.go:547.2,547.36 1 61
github.com/Ashes47/braids/internal/tui/spineview.go:550.31,550.78 1 37
github.com/Ashes47/braids/internal/tui/theme.go:37.35,38.11 1 26
github.com/Ashes47/braids/internal/tui/theme.go:38.11,40.3 1 26
github.com/Ashes47/braids/internal/tui/theme.go:41.2,41.133 1 0
github.com/Ashes47/braids/internal/tui/theme.go:69.41,71.45 2 25
github.com/Ashes47/braids/internal/tui/theme.go:71.45,71.63 1 175
github.com/Ashes47/braids/internal/tui/theme.go:73.2,102.3 8 25
