mode: atomic
github.com/Ashes47/braids/internal/core/model/model.go:58.49,60.28 2 5
github.com/Ashes47/braids/internal/core/model/model.go:60.28,61.53 1 16
github.com/Ashes47/braids/internal/core/model/model.go:61.53,62.12 1 7
github.com/Ashes47/braids/internal/core/model/model.go:64.3,64.19 1 9
github.com/Ashes47/braids/internal/core/model/model.go:64.19,65.12 1 3
github.com/Ashes47/braids/internal/core/model/model.go:67.3,67.18 1 6
github.com/Ashes47/braids/internal/core/model/model.go:67.18,69.4 1 3
github.com/Ashes47/braids/internal/core/model/model.go:70.3,70.24 1 6
github.com/Ashes47/braids/internal/core/model/model.go:72.2,72.19 1 5
github.com/Ashes47/braids/internal/core/model/model.go:75.54,76.29 1 12
github.com/Ashes47/braids/internal/core/model/model.go:76.29,77.16 1 14
github.com/Ashes47/braids/internal/core/model/model.go:77.16,79.4 1 5
github.com/Ashes47/braids/internal/core/model/model.go:81.2,81.14 1 7
github.com/Ashes47/braids/internal/core/sidecar/sidecar.go:27.50,30.54 3 5
github.com/Ashes47/braids/internal/core/sidecar/sidecar.go:30.54,32.3 1 2
github.com/Ashes47/braids/internal/core/sidecar/sidecar.go:33.2,33.16 1 3
github.com/Ashes47/braids/internal/core/sidecar/sidecar.go:33.16,35.3 1 0
github.com/Ashes47/braids/internal/core/sidecar/sidecar.go:36.2,36.57 1 3
github.com/Ashes47/braids/internal/core/sidecar/sidecar.go:36.57,40.3 1 1
github.com/Ashes47/braids/internal/core/sidecar/sidecar.go:41.2,41.15 1 3
github.com/Ashes47/braids/internal/core/sidecar/sidecar.go:45.39,45.59 1 2
github.com/Ashes47/braids/internal/core/sidecar/sidecar.go:48.46,51.2 2 1
github.com/Ashes47/braids/internal/core/sidecar/sidecar.go:54.41,57.2 2 2
github.com/Ashes47/braids/internal/core/sidecar/sidecar.go:61.51,64.2 2 2
github.com/Ashes47/braids/internal/core/sidecar/sidecar.go:67.45,70.2 2 1
github.com/Ashes47/braids/internal/core/sidecar/sidecar.go:72.34,74.16 2 3
github.com/Ashes47/braids/internal/core/sidecar/sidecar.go:74.16,76.3 1 0
github.com/Ashes47/braids/internal/core/sidecar/sidecar.go:77.2,77.65 1 3
github.com/Ashes47/braids/internal/core/sidecar/sidecar.go:77.65,79.3 1 0
github.com/Ashes47/braids/internal/core/sidecar/sidecar.go:80.2,81.16 2 3
github.com/Ashes47/braids/internal/core/sidecar/sidecar.go:81.16,83.3 1 0
github.com/Ashes47/braids/internal/core/sidecar/sidecar.go:84.2,86.43 2 3
github.com/Ashes47/braids/internal/core/sidecar/sidecar.go:86.43,88.3 1 0
github.com/Ashes47/braids/internal/core/sidecar/sidecar.go:89.2,89.36 1 3
github.com/Ashes47/braids/internal/core/sidecar/sidecar.go:89.36,91.3 1 0
github.com/Ashes47/braids/internal/core/sidecar/sidecar.go:92.2,92.54 1 3
github.com/Ashes47/braids/internal/core/sidecar/sidecar.go:92.54,94.3 1 0
github.com/Ashes47/braids/internal/core/sidecar/sidecar.go:95.2,95.12 1 3
github.com/Ashes47/braids/internal/launch/launch.go:29.57,30.72 1 7
github.com/Ashes47/braids/internal/launch/launch.go:30.72,32.3 1 3
github.com/Ashes47/braids/internal/launch/launch.go:33.2,33.23 1 4
github.com/Ashes47/braids/internal/launch/launch.go:33.23,35.3 1 1
github.com/Ashes47/braids/internal/launch/launch.go:36.2,36.40 1 3
github.com/Ashes47/braids/internal/launch/launch.go:36.40,38.3 1 1
github.com/Ashes47/braids/internal/launch/launch.go:39.2,39.16 1 2
github.com/Ashes47/braids/internal/launch/launch.go:44.65,46.15 2 0
github.com/Ashes47/braids/internal/launch/launch.go:46.15,48.3 1 0
github.com/Ashes47/braids/internal/launch/launch.go:49.2,49.16 1 0
github.com/Ashes47/braids/internal/launch/launch.go:49.16,51.3 1 0
github.com/Ashes47/braids/internal/launch/launch.go:52.2,52.51 1 0
github.com/Ashes47/braids/internal/launch/launch.go:58.63,60.2 1 0
github.com/Ashes47/braids/internal/launch/launch.go:63.46,65.15 2 1
github.com/Ashes47/braids/internal/launch/launch.go:65.15,67.3 1 1
github.com/Ashes47/braids/internal/launch/launch.go:68.2,81.10 1 1
github.com/Ashes47/braids/internal/launch/launch.go:86.45,87.68 1 3
github.com/Ashes47/braids/internal/launch/launch.go:87.68,94.3 2 2
github.com/Ashes47/braids/internal/launch/launch.go:99.69,105.9 5 2
github.com/Ashes47/braids/internal/launch/launch.go:106.54,109.13 1 0
github.com/Ashes47/braids/internal/launch/launch.go:110.18,111.64 1 1
github.com/Ashes47/braids/internal/launch/launch.go:111.64,113.4 1 1
github.com/Ashes47/braids/internal/launch/launch.go:114.3,114.41 1 0
github.com/Ashes47/braids/internal/launch/launch.go:116.2,116.12 1 1
github.com/Ashes47/braids/internal/launch/launch.go:119.33,120.45 1 1
github.com/Ashes47/braids/internal/launch/launch.go:120.45,122.3 1 0
github.com/Ashes47/braids/internal/launch/launch.go:123.2,123.10 1 1
github.com/Ashes47/braids/internal/launch/launch.go:127.40,129.2 1 2
github.com/Ashes47/braids/internal/launch/launch.go:132.34,134.2 1 1
github.com/Ashes47/braids/internal/launch/launch.go:137.29,137.54 1 0
github.com/Ashes47/braids/internal/core/watch/watch.go:33.41,35.16 2 5
github.com/Ashes47/braids/internal/core/watch/watch.go:35.16,37.3 1 0
github.com/Ashes47/braids/internal/core/watch/watch.go:38.2,43.42 2 5
github.com/Ashes47/braids/internal/core/watch/watch.go:43.42,45.3 1 0
github.com/Ashes47/braids/internal/core/watch/watch.go:46.2,47.15 2 5
github.com/Ashes47/braids/internal/core/watch/watch.go:52.45,52.65 1 6
github.com/Ashes47/braids/internal/core/watch/watch.go:55.33,56.19 1 7
github.com/Ashes47/braids/internal/core/watch/watch.go:56.19,56.36 1 5
github.com/Ashes47/braids/internal/core/watch/watch.go:57.2,57.21 1 7
github.com/Ashes47/braids/internal/core/watch/watch.go:62.48,63.39 1 5
github.com/Ashes47/braids/internal/core/watch/watch.go:63.39,65.3 1 0
github.com/Ashes47/braids/internal/core/watch/watch.go:66.2,67.16 2 5
github.com/Ashes47/braids/internal/core/watch/watch.go:67.16,69.3 1 0
github.com/Ashes47/braids/internal/core/watch/watch.go:70.2,70.28 1 5
github.com/Ashes47/braids/internal/core/watch/watch.go:70.28,71.17 1 5
github.com/Ashes47/braids/internal/core/watch/watch.go:71.17,72.12 1 0
github.com/Ashes47/braids/internal/core/watch/watch.go:76.3,76.46 1 5
github.com/Ashes47/braids/internal/core/watch/watch.go:78.2,78.12 1 5
github.com/Ashes47/braids/internal/core/watch/watch.go:81.25,83.19 2 5
github.com/Ashes47/braids/internal/core/watch/watch.go:83.19,85.3 1 0
github.com/Ashes47/braids/internal/core/watch/watch.go:86.2,88.6 2 5
github.com/Ashes47/braids/internal/core/watch/watch.go:88.6,89.10 1 33
github.com/Ashes47/braids/internal/core/watch/watch.go:90.17,91.10 1 5
github.com/Ashes47/braids/internal/core/watch/watch.go:93.35,94.11 1 24
github.com/Ashes47/braids/internal/core/watch/watch.go:94.11,96.5 1 0
github.com/Ashes47/braids/internal/core/watch/watch.go:99.4,99.55 1 24
github.com/Ashes47/braids/internal/core/watch/watch.go:99.55,101.5 1 1
github.com/Ashes47/braids/internal/core/watch/watch.go:102.4,102.27 1 24
github.com/Ashes47/braids/internal/core/watch/watch.go:102.27,103.13 1 1
github.com/Ashes47/braids/internal/core/watch/watch.go:105.4,105.16 1 23
github.com/Ashes47/braids/internal/core/watch/watch.go:105.16,107.5 1 4
github.com/Ashes47/braids/internal/core/watch/watch.go:107.10,107.28 1 19
github.com/Ashes47/braids/internal/core/watch/watch.go:107.28,108.12 1 0
github.com/Ashes47/braids/internal/core/watch/watch.go:109.20,109.20 0 0
github.com/Ashes47/braids/internal/core/watch/watch.go:110.13,110.13 0 0
github.com/Ashes47/braids/internal/core/watch/watch.go:113.4,113.23 1 23
github.com/Ashes47/braids/internal/core/watch/watch.go:115.18,117.11 2 4
github.com/Ashes47/braids/internal/core/watch/watch.go:118.33,118.33 0 4
github.com/Ashes47/braids/internal/core/watch/watch.go:119.12,119.12 0 0
github.com/Ashes47/braids/internal/core/watch/watch.go:122.22,122.22 0 0
github.com/Ashes47/braids/internal/core/watch/watch.go:130.45,131.32 1 24
github.com/Ashes47/braids/internal/core/watch/watch.go:131.32,133.3 1 0
github.com/Ashes47/braids/internal/core/watch/watch.go:134.2,134.69 1 24
github.com/Ashes47/braids/internal/core/watch/watch.go:137.30,140.2 2 7
github.com/Ashes47/braids/internal/core/store/claudecode/birthtime_darwin.go:13.44,15.9 2 27
github.com/Ashes47/braids/internal/core/store/claudecode/birthtime_darwin.go:15.9,17.3 1 0
github.com/Ashes47/braids/internal/core/store/claudecode/birthtime_darwin.go:18.2,18.63 1 27
github.com/Ashes47/braids/internal/core/store/claudecode/branch.go:29.91,30.25 1 6
github.com/Ashes47/braids/internal/core/store/claudecode/branch.go:30.25,32.3 1 1
github.com/Ashes47/braids/internal/core/store/claudecode/branch.go:33.2,34.16 2 5
github.com/Ashes47/braids/internal/core/store/claudecode/branch.go:34.16,36.3 1 0
github.com/Ashes47/braids/internal/core/store/claudecode/branch.go:37.2,38.16 2 5
github.com/Ashes47/braids/internal/core/store/claudecode/branch.go:38.16,40.3 1 1
github.com/Ashes47/braids/internal/core/store/claudecode/branch.go:42.2,43.16 2 4
github.com/Ashes47/braids/internal/core/store/claudecode/branch.go:43.16,45.3 1 0
github.com/Ashes47/braids/internal/core/store/claudecode/branch.go:46.2,47.72 2 4
github.com/Ashes47/braids/internal/core/store/claudecode/branch.go:47.72,49.3 1 0
github.com/Ashes47/braids/internal/core/store/claudecode/branch.go:51.2,52.16 2 4
github.com/Ashes47/braids/internal/core/store/claudecode/branch.go:52.16,54.3 1 0
github.com/Ashes47/braids/internal/core/store/claudecode/branch.go:55.2,64.8 1 4
github.com/Ashes47/braids/internal/core/store/claudecode/branch.go:74.45,76.16 2 6
github.com/Ashes47/braids/internal/core/store/claudecode/branch.go:76.16,78.3 1 0
github.com/Ashes47/braids/internal/core/store/claudecode/branch.go:79.2,83.16 4 6
github.com/Ashes47/braids/internal/core/store/claudecode/branch.go:83.16,86.49 3 32
github.com/Ashes47/braids/internal/core/store/claudecode/branch.go:86.49,88.12 2 0
github.com/Ashes47/braids/internal/core/store/claudecode/branch.go:90.3,90.72 1 32
github.com/Ashes47/braids/internal/core/store/claudecode/branch.go:92.2,92.33 1 6
github.com/Ashes47/braids/internal/core/store/claudecode/branch.go:92.33,94.3 1 0
github.com/Ashes47/braids/internal/core/store/claudecode/branch.go:95.2,95.17 1 6
github.com/Ashes47/braids/internal/core/store/claudecode/branch.go:101.69,104.26 3 5
github.com/Ashes47/braids/internal/core/store/claudecode/branch.go:104.26,105.19 1 30
github.com/Ashes47/braids/internal/core/store/claudecode/branch.go:105.19,106.12 1 5
github.com/Ashes47/braids/internal/core/store/claudecode/branch.go:108.3,109.23 2 25
github.com/Ashes47/braids/internal/core/store/claudecode/branch.go:109.23,111.4 1 4
github.com/Ashes47/braids/internal/core/store/claudecode/branch.go:113.2,113.12 1 5
github.com/Ashes47/braids/internal/core/store/claudecode/branch.go:113.12,115.3 1 1
github.com/Ashes47/braids/internal/core/store/claudecode/branch.go:117.2,118.65 2 4
github.com/Ashes47/braids/internal/core/store/claudecode/branch.go:118.65,120.3 1 11
github.com/Ashes47/braids/internal/core/store/claudecode/branch.go:121.2,121.18 1 4
github.com/Ashes47/braids/internal/core/store/claudecode/branch.go:124.126,126.16 2 4
github.com/Ashes47/braids/internal/core/store/claudecode/branch.go:126.16,128.3 1 0
github.com/Ashes47/braids/internal/core/store/claudecode/branch.go:129.2,132.29 3 4
github.com/Ashes47/braids/internal/core/store/claudecode/branch.go:132.29,134.17 2 6
github.com/Ashes47/braids/internal/core/store/claudecode/branch.go:134.17,136.4 1 0
github.com/Ashes47/braids/internal/core/store/claudecode/branch.go:137.3,138.13 2 6
github.com/Ashes47/braids/internal/core/store/claudecode/branch.go:141.2,141.21 1 4
github.com/Ashes47/braids/internal/core/store/claudecode/branch.go:141.21,142.21 1 4
github.com/Ashes47/braids/internal/core/store/claudecode/branch.go:142.21,145.19 1 2
github.com/Ashes47/braids/internal/core/store/claudecode/branch.go:145.19,147.5 1 0
github.com/Ashes47/braids/internal/core/store/claudecode/branch.go:149.3,149.27 1 4
github.com/Ashes47/braids/internal/core/store/claudecode/branch.go:149.27,150.36 1 24
github.com/Ashes47/braids/internal/core/store/claudecode/branch.go:150.36,152.5 1 0
github.com/Ashes47/braids/internal/core/store/claudecode/branch.go:153.4,153.37 1 24
github.com/Ashes47/braids/internal/core/store/claudecode/branch.go:153.37,154.13 1 13
github.com/Ashes47/braids/internal/core/store/claudecode/branch.go:156.4,157.18 2 11
github.com/Ashes47/braids/internal/core/store/claudecode/branch.go:157.18,159.5 1 0
github.com/Ashes47/braids/internal/core/store/claudecode/branch.go:160.4,160.64 1 11
github.com/Ashes47/braids/internal/core/store/claudecode/branch.go:160.64,162.5 1 0
github.com/Ashes47/braids/internal/core/store/claudecode/branch.go:165.3,167.5 1 4
github.com/Ashes47/braids/internal/core/store/claudecode/branch.go:169.2,169.16 1 4
github.com/Ashes47/braids/internal/core/store/claudecode/branch.go:169.16,171.3 1 0
github.com/Ashes47/braids/internal/core/store/claudecode/branch.go:172.2,172.36 1 4
github.com/Ashes47/braids/internal/core/store/claudecode/branch.go:172.36,174.3 1 0
github.com/Ashes47/braids/internal/core/store/claudecode/branch.go:175.2,175.49 1 4
github.com/Ashes47/braids/internal/core/store/claudecode/branch.go:175.49,177.3 1 0
github.com/Ashes47/braids/internal/core/store/claudecode/branch.go:178.2,178.12 1 4
github.com/Ashes47/braids/internal/core/store/claudecode/branch.go:182.57,184.9 2 11
github.com/Ashes47/braids/internal/core/store/claudecode/branch.go:184.9,187.3 1 0
github.com/Ashes47/braids/internal/core/store/claudecode/branch.go:188.2,189.16 2 11
github.com/Ashes47/braids/internal/core/store/claudecode/branch.go:189.16,191.3 1 0
github.com/Ashes47/braids/internal/core/store/claudecode/branch.go:192.2,192.58 1 11
github.com/Ashes47/braids/internal/core/store/claudecode/branch.go:192.58,193.31 1 22
github.com/Ashes47/braids/internal/core/store/claudecode/branch.go:193.31,195.4 1 11
github.com/Ashes47/braids/internal/core/store/claudecode/branch.go:197.2,198.16 2 11
github.com/Ashes47/braids/internal/core/store/claudecode/branch.go:198.16,200.3 1 0
github.com/Ashes47/braids/internal/core/store/claudecode/branch.go:201.2,201.17 1 11
github.com/Ashes47/braids/internal/core/store/claudecode/branch.go:206.66,208.53 2 13
github.com/Ashes47/braids/internal/core/store/claudecode/branch.go:208.53,210.3 1 0
github.com/Ashes47/braids/internal/core/store/claudecode/branch.go:211.2,211.21 1 13
github.com/Ashes47/braids/internal/core/store/claudecode/branch.go:215.37,217.43 2 5
github.com/Ashes47/braids/internal/core/store/claudecode/branch.go:217.43,219.3 1 0
github.com/Ashes47/braids/internal/core/store/claudecode/branch.go:220.2,223.85 4 5
github.com/Ashes47/braids/internal/core/store/claudecode/branch.go:226.30,227.18 1 1
github.com/Ashes47/braids/internal/core/store/claudecode/branch.go:227.18,229.3 1 1
github.com/Ashes47/braids/internal/core/store/claudecode/branch.go:230.2,230.15 1 0
github.com/Ashes47/braids/internal/core/store/claudecode/branch.go:247.89,248.22 1 2
github.com/Ashes47/braids/internal/core/store/claudecode/branch.go:248.22,250.3 1 1
github.com/Ashes47/braids/internal/core/store/claudecode/branch.go:251.2,252.16 2 1
github.com/Ashes47/braids/internal/core/store/claudecode/branch.go:252.16,254.3 1 0
github.com/Ashes47/braids/internal/core/store/claudecode/branch.go:255.2,256.16 2 1
github.com/Ashes47/braids/internal/core/store/claudecode/branch.go:256.16,258.3 1 0
github.com/Ashes47/braids/internal/core/store/claudecode/branch.go:262.2,266.70 4 1
github.com/Ashes47/braids/internal/core/store/claudecode/branch.go:266.70,268.3 1 0
github.com/Ashes47/braids/internal/core/store/claudecode/branch.go:269.2,270.16 2 1
github.com/Ashes47/braids/internal/core/store/claudecode/branch.go:270.16,272.3 1 0
github.com/Ashes47/braids/internal/core/store/claudecode/branch.go:273.2,281.8 1 1
github.com/Ashes47/braids/internal/core/store/claudecode/branch.go:284.49,285.9 1 1
github.com/Ashes47/braids/internal/core/store/claudecode/branch.go:286.44,287.40 1 1
github.com/Ashes47/braids/internal/core/store/claudecode/branch.go:288.24,289.20 1 0
github.com/Ashes47/braids/internal/core/store/claudecode/branch.go:290.24,291.20 1 0
github.com/Ashes47/braids/internal/core/store/claudecode/branch.go:292.10,293.26 1 0
github.com/Ashes47/braids/internal/core/store/claudecode/branch.go:297.88,299.16 2 1
github.com/Ashes47/braids/internal/core/store/claudecode/branch.go:299.16,301.3 1 0
github.com/Ashes47/braids/internal/core/store/claudecode/branch.go:302.2,305.21 3 1
github.com/Ashes47/braids/internal/core/store/claudecode/branch.go:305.21,309.17 2 1
github.com/Ashes47/braids/internal/core/store/claudecode/branch.go:309.17,311.4 1 0
github.com/Ashes47/braids/internal/core/store/claudecode/branch.go:312.3,312.60 1 1
github.com/Ashes47/braids/internal/core/store/claudecode/branch.go:312.60,314.4 1 0
github.com/Ashes47/braids/internal/core/store/claudecode/branch.go:315.3,316.27 2 1
github.com/Ashes47/braids/internal/core/store/claudecode/branch.go:316.27,317.36 1 2
github.com/Ashes47/braids/internal/core/store/claudecode/branch.go:317.36,319.5 1 0
github.com/Ashes47/braids/internal/core/store/claudecode/branch.go:320.4,321.18 2 2
github.com/Ashes47/braids/internal/core/store/claudecode/branch.go:321.18,323.5 1 0
github.com/Ashes47/braids/internal/core/store/claudecode/branch.go:324.4,324.64 1 2
github.com/Ashes47/braids/internal/core/store/claudecode/branch.go:324.64,326.5 1 0
github.com/Ashes47/braids/internal/core/store/claudecode/branch.go:327.4,327.20 1 2
github.com/Ashes47/braids/internal/core/store/claudecode/branch.go:327.20,329.5 1 2
github.com/Ashes47/braids/internal/core/store/claudecode/branch.go:331.3,331.17 1 1
github.com/Ashes47/braids/internal/core/store/claudecode/branch.go:331.17,333.4 1 0
github.com/Ashes47/braids/internal/core/store/claudecode/branch.go:334.3,337.17 2 1
github.com/Ashes47/braids/internal/core/store/claudecode/branch.go:337.17,339.4 1 0
github.com/Ashes47/braids/internal/core/store/claudecode/branch.go:340.3,341.13 2 1
github.com/Ashes47/braids/internal/core/store/claudecode/branch.go:343.2,343.16 1 1
github.com/Ashes47/braids/internal/core/store/claudecode/branch.go:343.16,345.3 1 0
github.com/Ashes47/braids/internal/core/store/claudecode/branch.go:346.2,346.36 1 1
github.com/Ashes47/braids/internal/core/store/claudecode/branch.go:346.36,348.3 1 0
github.com/Ashes47/braids/internal/core/store/claudecode/branch.go:349.2,349.49 1 1
github.com/Ashes47/braids/internal/core/store/claudecode/branch.go:349.49,351.3 1 0
github.com/Ashes47/braids/internal/core/store/claudecode/branch.go:352.2,352.12 1 1
github.com/Ashes47/braids/internal/core/store/claudecode/branch.go:356.60,358.9 2 2
github.com/Ashes47/braids/internal/core/store/claudecode/branch.go:358.9,360.3 1 0
github.com/Ashes47/braids/internal/core/store/claudecode/branch.go:361.2,364.16 4 2
github.com/Ashes47/braids/internal/core/store/claudecode/branch.go:364.16,366.3 1 0
github.com/Ashes47/braids/internal/core/store/claudecode/branch.go:367.2,367.58 1 2
github.com/Ashes47/braids/internal/core/store/claudecode/branch.go:367.58,368.41 1 4
github.com/Ashes47/braids/internal/core/store/claudecode/branch.go:368.41,370.4 1 2
github.com/Ashes47/braids/internal/core/store/claudecode/branch.go:372.2,373.16 2 2
github.com/Ashes47/braids/internal/core/store/claudecode/branch.go:373.16,375.3 1 0
github.com/Ashes47/braids/internal/core/store/claudecode/branch.go:376.2,376.17 1 2
github.com/Ashes47/braids/internal/core/store/claudecode/claudecode.go:33.31,33.61 1 15
github.com/Ashes47/braids/internal/core/store/claudecode/claudecode.go:36.36,38.16 2 0
github.com/Ashes47/braids/internal/core/store/claudecode/claudecode.go:38.16,40.3 1 0
github.com/Ashes47/braids/internal/core/store/claudecode/claudecode.go:41.2,41.56 1 0
github.com/Ashes47/braids/internal/core/store/claudecode/claudecode.go:45.32,45.55 1 27
github.com/Ashes47/braids/internal/core/store/claudecode/claudecode.go:48.52,56.2 1 0
github.com/Ashes47/braids/internal/core/store/claudecode/claudecode.go:65.67,67.16 2 18
github.com/Ashes47/braids/internal/core/store/claudecode/claudecode.go:67.16,69.3 1 0
github.com/Ashes47/braids/internal/core/store/claudecode/claudecode.go:70.2,71.35 2 18
github.com/Ashes47/braids/internal/core/store/claudecode/claudecode.go:71.35,72.23 1 18
github.com/Ashes47/braids/internal/core/store/claudecode/claudecode.go:72.23,73.12 1 0
github.com/Ashes47/braids/internal/core/store/claudecode/claudecode.go:75.3,77.17 3 18
github.com/Ashes47/braids/internal/core/store/claudecode/claudecode.go:77.17,79.4 1 0
github.com/Ashes47/braids/internal/core/store/claudecode/claudecode.go:80.3,80.29 1 18
github.com/Ashes47/braids/internal/core/store/claudecode/claudecode.go:80.29,81.36 1 27
github.com/Ashes47/braids/internal/core/store/claudecode/claudecode.go:81.36,83.5 1 0
github.com/Ashes47/braids/internal/core/store/claudecode/claudecode.go:84.4,84.59 1 27
github.com/Ashes47/braids/internal/core/store/claudecode/claudecode.go:84.59,85.13 1 5
github.com/Ashes47/braids/internal/core/store/claudecode/claudecode.go:87.4,88.18 2 22
github.com/Ashes47/braids/internal/core/store/claudecode/claudecode.go:88.18,90.5 1 0
github.com/Ashes47/braids/internal/core/store/claudecode/claudecode.go:91.4,101.31 3 22
github.com/Ashes47/braids/internal/core/store/claudecode/claudecode.go:104.2,104.19 1 18
github.com/Ashes47/braids/internal/core/store/claudecode/claudecode.go:110.81,112.16 2 3
github.com/Ashes47/braids/internal/core/store/claudecode/claudecode.go:112.16,114.3 1 0
github.com/Ashes47/braids/internal/core/store/claudecode/claudecode.go:115.2,116.18 2 3
github.com/Ashes47/braids/internal/core/store/claudecode/claudecode.go:121.90,123.16 2 8
github.com/Ashes47/braids/internal/core/store/claudecode/claudecode.go:123.16,125.3 1 0
github.com/Ashes47/braids/internal/core/store/claudecode/claudecode.go:126.2,136.16 4 8
github.com/Ashes47/braids/internal/core/store/claudecode/claudecode.go:136.16,137.35 1 30
github.com/Ashes47/braids/internal/core/store/claudecode/claudecode.go:137.35,139.4 1 0
github.com/Ashes47/braids/internal/core/store/claudecode/claudecode.go:140.3,141.56 2 30
github.com/Ashes47/braids/internal/core/store/claudecode/claudecode.go:141.56,142.12 1 1
github.com/Ashes47/braids/internal/core/store/claudecode/claudecode.go:144.3,144.19 1 29
github.com/Ashes47/braids/internal/core/store/claudecode/claudecode.go:144.19,145.12 1 6
github.com/Ashes47/braids/internal/core/store/claudecode/claudecode.go:147.3,149.10 3 23
github.com/Ashes47/braids/internal/core/store/claudecode/claudecode.go:149.10,151.12 2 7
github.com/Ashes47/braids/internal/core/store/claudecode/claudecode.go:153.3,155.36 3 16
github.com/Ashes47/braids/internal/core/store/claudecode/claudecode.go:155.36,157.4 1 1
github.com/Ashes47/braids/internal/core/store/claudecode/claudecode.go:159.2,159.33 1 7
github.com/Ashes47/braids/internal/core/store/claudecode/claudecode.go:159.33,161.3 1 0
github.com/Ashes47/braids/internal/core/store/claudecode/claudecode.go:162.2,162.12 1 7
github.com/Ashes47/braids/internal/core/store/claudecode/claudecode.go:165.44,169.2 3 20
github.com/Ashes47/braids/internal/core/store/claudecode/claudecode.go:173.38,175.21 2 22
github.com/Ashes47/braids/internal/core/store/claudecode/claudecode.go:175.21,177.3 1 0
github.com/Ashes47/braids/internal/core/store/claudecode/claudecode.go:178.2,178.28 1 22
github.com/Ashes47/braids/internal/core/store/claudecode/claudecode.go:186.59,188.16 2 3
github.com/Ashes47/braids/internal/core/store/claudecode/claudecode.go:188.16,190.3 1 0
github.com/Ashes47/braids/internal/core/store/claudecode/claudecode.go:191.2,195.16 4 3
github.com/Ashes47/braids/internal/core/store/claudecode/claudecode.go:195.16,197.57 2 9
github.com/Ashes47/braids/internal/core/store/claudecode/claudecode.go:197.57,201.39 2 1
github.com/Ashes47/braids/internal/core/store/claudecode/claudecode.go:201.39,203.5 1 1
github.com/Ashes47/braids/internal/core/store/claudecode/claudecode.go:205.3,205.26 1 9
github.com/Ashes47/braids/internal/core/store/claudecode/claudecode.go:205.26,206.12 1 5
github.com/Ashes47/braids/internal/core/store/claudecode/claudecode.go:208.3,209.50 2 4
github.com/Ashes47/braids/internal/core/store/claudecode/claudecode.go:209.50,210.12 1 0
github.com/Ashes47/braids/internal/core/store/claudecode/claudecode.go:212.3,212.10 1 4
github.com/Ashes47/braids/internal/core/store/claudecode/claudecode.go:213.28,214.26 1 2
github.com/Ashes47/braids/internal/core/store/claudecode/claudecode.go:215.24,216.18 1 1
github.com/Ashes47/braids/internal/core/store/claudecode/claudecode.go:217.26,218.23 1 1
github.com/Ashes47/braids/internal/core/store/claudecode/claudecode.go:221.2,221.33 1 3
github.com/Ashes47/braids/internal/core/store/claudecode/claudecode.go:221.33,223.3 1 0
github.com/Ashes47/braids/internal/core/store/claudecode/claudecode.go:224.2,224.51 1 3
github.com/Ashes47/braids/internal/core/store/claudecode/claudecode.go:227.37,228.31 1 9
github.com/Ashes47/braids/internal/core/store/claudecode/claudecode.go:228.31,229.30 1 15
github.com/Ashes47/braids/internal/core/store/claudecode/claudecode.go:229.30,231.4 1 4
github.com/Ashes47/braids/internal/core/store/claudecode/claudecode.go:233.2,233.14 1 5
github.com/Ashes47/braids/internal/core/store/claudecode/claudecode.go:236.43,237.25 1 3
github.com/Ashes47/braids/internal/core/store/claudecode/claudecode.go:237.25,238.14 1 5
github.com/Ashes47/braids/internal/core/store/claudecode/claudecode.go:238.14,240.4 1 3
github.com/Ashes47/braids/internal/core/store/claudecode/claudecode.go:242.2,242.11 1 0
github.com/Ashes47/braids/internal/core/store/claudecode/claudecode.go:279.64,280.50 1 29
github.com/Ashes47/braids/internal/core/store/claudecode/claudecode.go:280.50,282.3 1 7
github.com/Ashes47/braids/internal/core/store/claudecode/claudecode.go:283.2,284.16 2 22
github.com/Ashes47/braids/internal/core/store/claudecode/claudecode.go:285.14,286.24 1 14
github.com/Ashes47/braids/internal/core/store/claudecode/claudecode.go:287.19,288.29 1 8
github.com/Ashes47/braids/internal/core/store/claudecode/claudecode.go:289.10,290.32 1 0
github.com/Ashes47/braids/internal/core/store/claudecode/claudecode.go:292.2,293.21 2 22
github.com/Ashes47/braids/internal/core/store/claudecode/claudecode.go:293.21,295.3 1 0
github.com/Ashes47/braids/internal/core/store/claudecode/claudecode.go:296.2,303.9 2 22
github.com/Ashes47/braids/internal/core/store/claudecode/claudecode.go:310.35,311.25 1 55
github.com/Ashes47/braids/internal/core/store/claudecode/claudecode.go:311.25,313.3 1 33
github.com/Ashes47/braids/internal/core/store/claudecode/claudecode.go:314.2,314.32 1 22
github.com/Ashes47/braids/internal/core/store/claudecode/claudecode.go:314.32,316.3 1 2
github.com/Ashes47/braids/internal/core/store/claudecode/claudecode.go:317.2,317.11 1 20
github.com/Ashes47/braids/internal/core/store/claudecode/claudecode.go:322.51,323.19 1 22
github.com/Ashes47/braids/internal/core/store/claudecode/claudecode.go:323.19,325.3 1 0
github.com/Ashes47/braids/internal/core/store/claudecode/claudecode.go:326.2,327.51 2 22
github.com/Ashes47/braids/internal/core/store/claudecode/claudecode.go:327.51,328.36 1 12
github.com/Ashes47/braids/internal/core/store/claudecode/claudecode.go:328.36,330.4 1 0
github.com/Ashes47/braids/internal/core/store/claudecode/claudecode.go:331.3,331.58 1 12
github.com/Ashes47/braids/internal/core/store/claudecode/claudecode.go:333.2,334.53 2 10
github.com/Ashes47/braids/internal/core/store/claudecode/claudecode.go:334.53,336.3 1 0
github.com/Ashes47/braids/internal/core/store/claudecode/claudecode.go:337.2,338.27 2 10
github.com/Ashes47/braids/internal/core/store/claudecode/claudecode.go:338.27,339.30 1 12
github.com/Ashes47/braids/internal/core/store/claudecode/claudecode.go:339.30,341.4 1 12
github.com/Ashes47/braids/internal/core/store/claudecode/claudecode.go:343.2,343.14 1 10
github.com/Ashes47/braids/internal/core/store/claudecode/claudecode.go:346.44,347.16 1 12
github.com/Ashes47/braids/internal/core/store/claudecode/claudecode.go:348.14,349.38 1 8
github.com/Ashes47/braids/internal/core/store/claudecode/claudecode.go:349.38,351.4 1 0
github.com/Ashes47/braids/internal/core/store/claudecode/claudecode.go:352.3,352.62 1 8
github.com/Ashes47/braids/internal/core/store/claudecode/claudecode.go:353.18,354.42 1 1
github.com/Ashes47/braids/internal/core/store/claudecode/claudecode.go:354.42,356.4 1 0
github.com/Ashes47/braids/internal/core/store/claudecode/claudecode.go:357.3,357.70 1 1
github.com/Ashes47/braids/internal/core/store/claudecode/claudecode.go:358.18,359.98 1 1
github.com/Ashes47/braids/internal/core/store/claudecode/claudecode.go:360.21,362.17 2 2
github.com/Ashes47/braids/internal/core/store/claudecode/claudecode.go:362.17,364.4 1 0
github.com/Ashes47/braids/internal/core/store/claudecode/claudecode.go:365.3,365.83 1 2
github.com/Ashes47/braids/internal/core/store/claudecode/claudecode.go:366.10,367.29 1 0
github.com/Ashes47/braids/internal/core/store/claudecode/claudecode.go:372.42,373.19 1 2
github.com/Ashes47/braids/internal/core/store/claudecode/claudecode.go:373.19,375.3 1 0
github.com/Ashes47/braids/internal/core/store/claudecode/claudecode.go:376.2,377.51 2 2
github.com/Ashes47/braids/internal/core/store/claudecode/claudecode.go:377.51,379.3 1 1
github.com/Ashes47/braids/internal/core/store/claudecode/claudecode.go:380.2,381.53 2 1
github.com/Ashes47/braids/internal/core/store/claudecode/claudecode.go:381.53,383.3 1 0
github.com/Ashes47/braids/internal/core/store/claudecode/claudecode.go:384.2,385.29 2 1
github.com/Ashes47/braids/internal/core/store/claudecode/claudecode.go:385.29,386.21 1 1
github.com/Ashes47/braids/internal/core/store/claudecode/claudecode.go:386.21,387.12 1 0
github.com/Ashes47/braids/internal/core/store/claudecode/claudecode.go:389.3,389.18 1 1
github.com/Ashes47/braids/internal/core/store/claudecode/claudecode.go:389.18,391.4 1 0
github.com/Ashes47/braids/internal/core/store/claudecode/claudecode.go:392.3,392.26 1 1
github.com/Ashes47/braids/internal/core/store/claudecode/claudecode.go:394.2,394.19 1 1
github.com/Ashes47/braids/internal/core/store/claudecode/subagents.go:29.92,32.36 3 4
github.com/Ashes47/braids/internal/core/store/claudecode/subagents.go:32.36,34.3 1 1
github.com/Ashes47/braids/internal/core/store/claudecode/subagents.go:35.2,35.16 1 3
github.com/Ashes47/braids/internal/core/store/claudecode/subagents.go:35.16,37.3 1 0
github.com/Ashes47/braids/internal/core/store/claudecode/subagents.go:39.2,40.28 2 3
github.com/Ashes47/braids/internal/core/store/claudecode/subagents.go:40.28,41.35 1 6
github.com/Ashes47/braids/internal/core/store/claudecode/subagents.go:41.35,43.4 1 0
github.com/Ashes47/braids/internal/core/store/claudecode/subagents.go:44.3,45.54 2 6
github.com/Ashes47/braids/internal/core/store/claudecode/subagents.go:45.54,46.12 1 3
github.com/Ashes47/braids/internal/core/store/claudecode/subagents.go:48.3,52.85 4 3
github.com/Ashes47/braids/internal/core/store/claudecode/subagents.go:52.85,55.4 2 3
github.com/Ashes47/braids/internal/core/store/claudecode/subagents.go:56.3,57.27 2 3
github.com/Ashes47/braids/internal/core/store/claudecode/subagents.go:59.2,59.17 1 3
github.com/Ashes47/braids/internal/core/store/claudecode/subagents.go:62.58,64.16 2 3
github.com/Ashes47/braids/internal/core/store/claudecode/subagents.go:64.16,66.3 1 0
github.com/Ashes47/braids/internal/core/store/claudecode/subagents.go:67.2,68.52 2 3
github.com/Ashes47/braids/internal/core/store/claudecode/subagents.go:68.52,70.3 1 0
github.com/Ashes47/braids/internal/core/store/claudecode/subagents.go:71.2,71.18 1 3
github.com/Ashes47/braids/internal/core/store/claudecode/subagents.go:76.37,78.16 2 3
github.com/Ashes47/braids/internal/core/store/claudecode/subagents.go:78.16,80.3 1 0
github.com/Ashes47/braids/internal/core/store/claudecode/subagents.go:81.2,85.16 4 3
github.com/Ashes47/braids/internal/core/store/claudecode/subagents.go:85.16,87.44 2 6
github.com/Ashes47/braids/internal/core/store/claudecode/subagents.go:87.44,88.12 1 0
github.com/Ashes47/braids/internal/core/store/claudecode/subagents.go:90.3,90.35 1 6
github.com/Ashes47/braids/internal/core/store/claudecode/subagents.go:90.35,92.4 1 6
github.com/Ashes47/braids/internal/core/store/claudecode/subagents.go:94.2,94.10 1 3
github.com/Ashes47/braids/internal/core/index/index.go:136.40,138.16 2 12
github.com/Ashes47/braids/internal/core/index/index.go:138.16,140.3 1 0
github.com/Ashes47/braids/internal/core/index/index.go:141.2,148.4 1 12
github.com/Ashes47/braids/internal/core/index/index.go:148.4,149.44 1 36
github.com/Ashes47/braids/internal/core/index/index.go:149.44,151.4 1 0
github.com/Ashes47/braids/internal/core/index/index.go:153.2,153.36 1 12
github.com/Ashes47/braids/internal/core/index/index.go:153.36,155.3 1 0
github.com/Ashes47/braids/internal/core/index/index.go:156.2,156.28 1 12
github.com/Ashes47/braids/internal/core/index/index.go:162.32,164.74 2 12
github.com/Ashes47/braids/internal/core/index/index.go:164.74,166.3 1 0
github.com/Ashes47/braids/internal/core/index/index.go:167.2,167.30 1 12
github.com/Ashes47/braids/internal/core/index/index.go:167.30,168.45 1 12
github.com/Ashes47/braids/internal/core/index/index.go:168.45,170.4 1 0
github.com/Ashes47/braids/internal/core/index/index.go:172.2,172.43 1 12
github.com/Ashes47/braids/internal/core/index/index.go:172.43,174.3 1 0
github.com/Ashes47/braids/internal/core/index/index.go:175.2,175.89 1 12
github.com/Ashes47/braids/internal/core/index/index.go:175.89,177.3 1 0
github.com/Ashes47/braids/internal/core/index/index.go:178.2,178.12 1 12
github.com/Ashes47/braids/internal/core/index/index.go:182.32,182.56 1 12
github.com/Ashes47/braids/internal/core/index/index.go:187.80,190.16 3 8
github.com/Ashes47/braids/internal/core/index/index.go:190.16,192.3 1 0
github.com/Ashes47/braids/internal/core/index/index.go:194.2,195.16 2 8
github.com/Ashes47/braids/internal/core/index/index.go:195.16,197.3 1 0
github.com/Ashes47/braids/internal/core/index/index.go:198.2,203.4 2 8
github.com/Ashes47/braids/internal/core/index/index.go:203.4,204.54 1 32
github.com/Ashes47/braids/internal/core/index/index.go:204.54,206.4 1 0
github.com/Ashes47/braids/internal/core/index/index.go:209.2,210.29 2 8
github.com/Ashes47/braids/internal/core/index/index.go:210.29,212.17 2 17
github.com/Ashes47/braids/internal/core/index/index.go:212.17,214.4 1 0
github.com/Ashes47/braids/internal/core/index/index.go:215.3,216.23 2 17
github.com/Ashes47/braids/internal/core/index/index.go:218.2,218.36 1 8
github.com/Ashes47/braids/internal/core/index/index.go:218.36,220.3 1 0
github.com/Ashes47/braids/internal/core/index/index.go:221.2,222.19 2 8
github.com/Ashes47/braids/internal/core/index/index.go:231.77,234.16 3 11
github.com/Ashes47/braids/internal/core/index/index.go:234.16,236.3 1 0
github.com/Ashes47/braids/internal/core/index/index.go:237.2,238.16 2 11
github.com/Ashes47/braids/internal/core/index/index.go:238.16,240.3 1 0
github.com/Ashes47/braids/internal/core/index/index.go:241.2,242.26 2 11
github.com/Ashes47/braids/internal/core/index/index.go:242.26,244.3 1 12
github.com/Ashes47/braids/internal/core/index/index.go:246.2,247.16 2 11
github.com/Ashes47/braids/internal/core/index/index.go:247.16,249.3 1 0
github.com/Ashes47/braids/internal/core/index/index.go:250.2,254.29 4 11
github.com/Ashes47/braids/internal/core/index/index.go:254.29,258.107 2 22
github.com/Ashes47/braids/internal/core/index/index.go:258.107,261.12 3 9
github.com/Ashes47/braids/internal/core/index/index.go:263.3,264.17 2 13
github.com/Ashes47/braids/internal/core/index/index.go:264.17,266.4 1 0
github.com/Ashes47/braids/internal/core/index/index.go:267.3,268.23 2 13
github.com/Ashes47/braids/internal/core/index/index.go:270.2,270.25 1 11
github.com/Ashes47/braids/internal/core/index/index.go:270.25,271.16 1 12
github.com/Ashes47/braids/internal/core/index/index.go:271.16,272.50 1 1
github.com/Ashes47/braids/internal/core/index/index.go:272.50,274.5 1 0
github.com/Ashes47/braids/internal/core/index/index.go:277.2,277.36 1 11
github.com/Ashes47/braids/internal/core/index/index.go:277.36,279.3 1 0
github.com/Ashes47/braids/internal/core/index/index.go:280.2,281.19 2 11
github.com/Ashes47/braids/internal/core/index/index.go:286.80,288.9 2 30
github.com/Ashes47/braids/internal/core/index/index.go:288.9,290.3 1 30
github.com/Ashes47/braids/internal/core/index/index.go:291.2,292.16 2 0
github.com/Ashes47/braids/internal/core/index/index.go:292.16,294.3 1 0
github.com/Ashes47/braids/internal/core/index/index.go:295.2,295.17 1 0
github.com/Ashes47/braids/internal/core/index/index.go:298.71,304.4 1 31
github.com/Ashes47/braids/internal/core/index/index.go:304.4,305.62 1 124
github.com/Ashes47/braids/internal/core/index/index.go:305.62,307.4 1 0
github.com/Ashes47/braids/internal/core/index/index.go:309.2,309.12 1 31
github.com/Ashes47/braids/internal/core/index/index.go:313.115,315.53 2 30
github.com/Ashes47/braids/internal/core/index/index.go:315.53,317.3 1 0
github.com/Ashes47/braids/internal/core/index/index.go:318.2,321.16 3 30
github.com/Ashes47/braids/internal/core/index/index.go:321.16,323.3 1 0
github.com/Ashes47/braids/internal/core/index/index.go:324.2,328.16 3 30
github.com/Ashes47/braids/internal/core/index/index.go:328.16,330.3 1 0
github.com/Ashes47/braids/internal/core/index/index.go:331.2,336.60 3 30
github.com/Ashes47/braids/internal/core/index/index.go:336.60,339.29 3 45
github.com/Ashes47/braids/internal/core/index/index.go:339.29,340.49 1 71
github.com/Ashes47/braids/internal/core/index/index.go:340.49,342.5 1 3
github.com/Ashes47/braids/internal/core/index/index.go:344.3,345.83 1 45
github.com/Ashes47/braids/internal/core/index/index.go:345.83,347.4 1 0
github.com/Ashes47/braids/internal/core/index/index.go:348.3,348.29 1 45
github.com/Ashes47/braids/internal/core/index/index.go:348.29,349.39 1 71
github.com/Ashes47/braids/internal/core/index/index.go:349.39,350.13 1 13
github.com/Ashes47/braids/internal/core/index/index.go:352.4,353.70 1 58
github.com/Ashes47/braids/internal/core/index/index.go:353.70,355.5 1 0
github.com/Ashes47/braids/internal/core/index/index.go:356.4,356.11 1 58
github.com/Ashes47/braids/internal/core/index/index.go:358.3,358.13 1 45
github.com/Ashes47/braids/internal/core/index/index.go:360.2,360.16 1 30
github.com/Ashes47/braids/internal/core/index/index.go:360.16,362.3 1 0
github.com/Ashes47/braids/internal/core/index/index.go:363.2,368.79 1 30
github.com/Ashes47/braids/internal/core/index/index.go:368.79,370.3 1 0
github.com/Ashes47/braids/internal/core/index/index.go:371.2,371.70 1 30
github.com/Ashes47/braids/internal/core/index/index.go:371.70,373.3 1 0
github.com/Ashes47/braids/internal/core/index/index.go:374.2,374.25 1 30
github.com/Ashes47/braids/internal/core/index/index.go:379.121,381.9 2 30
github.com/Ashes47/braids/internal/core/index/index.go:381.9,383.3 1 0
github.com/Ashes47/braids/internal/core/index/index.go:384.2,385.9 2 30
github.com/Ashes47/braids/internal/core/index/index.go:385.9,387.3 1 0
github.com/Ashes47/braids/internal/core/index/index.go:388.2,388.27 1 30
github.com/Ashes47/braids/internal/core/index/index.go:388.27,393.40 1 3
github.com/Ashes47/braids/internal/core/index/index.go:393.40,395.4 1 0
github.com/Ashes47/braids/internal/core/index/index.go:397.2,397.12 1 30
github.com/Ashes47/braids/internal/core/index/index.go:402.107,404.16 2 30
github.com/Ashes47/braids/internal/core/index/index.go:404.16,406.3 1 0
github.com/Ashes47/braids/internal/core/index/index.go:407.2,407.21 1 30
github.com/Ashes47/braids/internal/core/index/index.go:419.93,421.61 2 0
github.com/Ashes47/braids/internal/core/index/index.go:421.61,432.3 2 0
github.com/Ashes47/braids/internal/core/index/index.go:433.2,433.16 1 0
github.com/Ashes47/braids/internal/core/index/index.go:433.16,435.3 1 0
github.com/Ashes47/braids/internal/core/index/index.go:436.2,436.18 1 0
github.com/Ashes47/braids/internal/core/index/index.go:440.91,444.16 2 3
github.com/Ashes47/braids/internal/core/index/index.go:444.16,446.3 1 0
github.com/Ashes47/braids/internal/core/index/index.go:447.2,450.18 3 3
github.com/Ashes47/braids/internal/core/index/index.go:450.18,453.52 2 2
github.com/Ashes47/braids/internal/core/index/index.go:453.52,455.4 1 0
github.com/Ashes47/braids/internal/core/index/index.go:456.3,456.23 1 2
github.com/Ashes47/braids/internal/core/index/index.go:458.2,458.35 1 3
github.com/Ashes47/braids/internal/core/index/index.go:458.35,460.3 1 0
github.com/Ashes47/braids/internal/core/index/index.go:461.2,461.17 1 3
github.com/Ashes47/braids/internal/core/index/index.go:465.70,466.37 1 8
github.com/Ashes47/braids/internal/core/index/index.go:466.37,468.3 1 1
github.com/Ashes47/braids/internal/core/index/index.go:469.2,470.16 2 7
github.com/Ashes47/braids/internal/core/index/index.go:470.16,472.3 1 7
github.com/Ashes47/braids/internal/core/index/index.go:474.2,478.18 2 7
github.com/Ashes47/braids/internal/core/index/index.go:478.18,481.3 2 2
github.com/Ashes47/braids/internal/core/index/index.go:482.2,482.22 1 7
github.com/Ashes47/braids/internal/core/index/index.go:482.22,484.29 2 1
github.com/Ashes47/braids/internal/core/index/index.go:484.29,487.4 2 1
github.com/Ashes47/braids/internal/core/index/index.go:488.3,488.72 1 1
github.com/Ashes47/braids/internal/core/index/index.go:490.2,503.16 4 7
github.com/Ashes47/braids/internal/core/index/index.go:503.16,505.3 1 0
github.com/Ashes47/braids/internal/core/index/index.go:506.2,509.18 3 7
github.com/Ashes47/braids/internal/core/index/index.go:509.18,514.56 4 9
github.com/Ashes47/braids/internal/core/index/index.go:514.56,516.4 1 0
github.com/Ashes47/braids/internal/core/index/index.go:517.3,520.25 4 9
github.com/Ashes47/braids/internal/core/index/index.go:522.2,522.35 1 7
github.com/Ashes47/braids/internal/core/index/index.go:522.35,524.3 1 0
github.com/Ashes47/braids/internal/core/index/index.go:525.2,525.18 1 7
github.com/Ashes47/braids/internal/core/index/index.go:541.89,545.16 2 0
github.com/Ashes47/braids/internal/core/index/index.go:545.16,547.3 1 0
github.com/Ashes47/braids/internal/core/index/index.go:548.2,551.18 3 0
github.com/Ashes47/braids/internal/core/index/index.go:551.18,555.97 4 0
github.com/Ashes47/braids/internal/core/index/index.go:555.97,557.4 1 0
github.com/Ashes47/braids/internal/core/index/index.go:558.3,560.23 3 0
github.com/Ashes47/braids/internal/core/index/index.go:562.2,562.35 1 0
github.com/Ashes47/braids/internal/core/index/index.go:562.35,564.3 1 0
github.com/Ashes47/braids/internal/core/index/index.go:565.2,565.17 1 0
github.com/Ashes47/braids/internal/core/index/index.go:574.40,576.35 2 45
github.com/Ashes47/braids/internal/core/index/index.go:576.35,578.3 1 0
github.com/Ashes47/braids/internal/core/index/index.go:579.2,580.28 2 45
github.com/Ashes47/braids/internal/core/index/index.go:580.28,582.3 1 0
github.com/Ashes47/braids/internal/core/index/index.go:583.2,583.13 1 45
github.com/Ashes47/braids/internal/core/index/index.go:587.38,590.28 3 45
github.com/Ashes47/braids/internal/core/index/index.go:590.28,591.66 1 71
github.com/Ashes47/braids/internal/core/index/index.go:591.66,592.12 1 58
github.com/Ashes47/braids/internal/core/index/index.go:594.3,595.32 2 13
github.com/Ashes47/braids/internal/core/index/index.go:597.2,597.33 1 45
github.com/Ashes47/braids/internal/core/index/index.go:602.67,609.16 2 1
github.com/Ashes47/braids/internal/core/index/index.go:609.16,611.3 1 0
github.com/Ashes47/braids/internal/core/index/index.go:612.2,615.18 3 1
github.com/Ashes47/braids/internal/core/index/index.go:615.18,617.68 2 2
github.com/Ashes47/braids/internal/core/index/index.go:617.68,619.4 1 0
github.com/Ashes47/braids/internal/core/index/index.go:620.3,620.23 1 2
github.com/Ashes47/braids/internal/core/index/index.go:622.2,622.35 1 1
github.com/Ashes47/braids/internal/core/index/index.go:622.35,624.3 1 0
github.com/Ashes47/braids/internal/core/index/index.go:625.2,625.17 1 1
github.com/Ashes47/braids/internal/core/index/index.go:631.81,634.16 2 0
github.com/Ashes47/braids/internal/core/index/index.go:634.16,636.3 1 0
github.com/Ashes47/braids/internal/core/index/index.go:637.2,640.18 3 0
github.com/Ashes47/braids/internal/core/index/index.go:640.18,643.47 3 0
github.com/Ashes47/braids/internal/core/index/index.go:643.47,645.4 1 0
github.com/Ashes47/braids/internal/core/index/index.go:646.3,646.50 1 0
github.com/Ashes47/braids/internal/core/index/index.go:648.2,648.35 1 0
github.com/Ashes47/braids/internal/core/index/index.go:648.35,650.3 1 0
github.com/Ashes47/braids/internal/core/index/index.go:651.2,651.17 1 0
github.com/Ashes47/braids/internal/core/index/index.go:655.65,658.16 2 14
github.com/Ashes47/braids/internal/core/index/index.go:658.16,660.3 1 0
github.com/Ashes47/braids/internal/core/index/index.go:661.2,664.18 3 14
github.com/Ashes47/braids/internal/core/index/index.go:664.18,670.90 5 17
github.com/Ashes47/braids/internal/core/index/index.go:670.90,672.4 1 0
github.com/Ashes47/braids/internal/core/index/index.go:673.3,673.18 1 17
github.com/Ashes47/braids/internal/core/index/index.go:673.18,675.4 1 0
github.com/Ashes47/braids/internal/core/index/index.go:676.3,678.27 3 17
github.com/Ashes47/braids/internal/core/index/index.go:680.2,680.35 1 14
github.com/Ashes47/braids/internal/core/index/index.go:680.35,682.3 1 0
github.com/Ashes47/braids/internal/core/index/index.go:683.2,683.19 1 14
github.com/Ashes47/braids/internal/core/index/index.go:688.49,690.28 2 45
github.com/Ashes47/braids/internal/core/index/index.go:690.28,691.34 1 71
github.com/Ashes47/braids/internal/core/index/index.go:691.34,693.4 1 13
github.com/Ashes47/braids/internal/core/index/index.go:695.2,695.64 1 45
github.com/Ashes47/braids/internal/core/index/index.go:698.28,699.7 1 30
github.com/Ashes47/braids/internal/core/index/index.go:699.7,701.3 1 13
github.com/Ashes47/braids/internal/core/index/index.go:702.2,702.10 1 17
github.com/Ashes47/braids/internal/core/index/index.go:706.36,707.16 1 30
github.com/Ashes47/braids/internal/core/index/index.go:707.16,709.3 1 30
github.com/Ashes47/braids/internal/core/index/index.go:710.2,710.17 1 0
github.com/Ashes47/braids/internal/core/index/index.go:715.30,716.36 1 14
github.com/Ashes47/braids/internal/core/index/index.go:716.36,718.3 1 3
github.com/Ashes47/braids/internal/core/index/index.go:719.2,719.38 1 11
github.com/Ashes47/braids/internal/core/index/index.go:719.38,720.12 1 14
github.com/Ashes47/braids/internal/core/index/index.go:721.27,722.15 1 1
github.com/Ashes47/braids/internal/core/index/index.go:724.3,724.36 1 13
github.com/Ashes47/braids/internal/core/index/index.go:724.36,726.4 1 0
github.com/Ashes47/braids/internal/core/index/index.go:728.2,728.14 1 10
github.com/Ashes47/braids/internal/core/index/index.go:734.34,736.17 2 14
github.com/Ashes47/braids/internal/core/index/index.go:736.17,738.3 1 4
github.com/Ashes47/braids/internal/core/index/index.go:739.2,741.27 3 10
github.com/Ashes47/braids/internal/core/index/index.go:741.27,743.3 1 12
github.com/Ashes47/braids/internal/core/index/index.go:744.2,744.34 1 10
github.com/Ashes47/braids/internal/core/graph/graph.go:54.138,56.26 2 29
github.com/Ashes47/braids/internal/core/graph/graph.go:56.26,58.3 1 84
github.com/Ashes47/braids/internal/core/graph/graph.go:60.2,60.95 1 29
github.com/Ashes47/braids/internal/core/graph/graph.go:60.95,64.3 3 54
github.com/Ashes47/braids/internal/core/graph/graph.go:68.2,68.38 1 29
github.com/Ashes47/braids/internal/core/graph/graph.go:68.38,70.10 2 0
github.com/Ashes47/braids/internal/core/graph/graph.go:70.10,71.12 1 0
github.com/Ashes47/braids/internal/core/graph/graph.go:73.3,73.67 1 0
github.com/Ashes47/braids/internal/core/graph/graph.go:73.67,74.12 1 0
github.com/Ashes47/braids/internal/core/graph/graph.go:76.3,77.32 2 0
github.com/Ashes47/braids/internal/core/graph/graph.go:80.2,81.15 2 29
github.com/Ashes47/braids/internal/core/graph/graph.go:98.117,100.26 2 29
github.com/Ashes47/braids/internal/core/graph/graph.go:100.26,104.40 4 80
github.com/Ashes47/braids/internal/core/graph/graph.go:104.40,106.4 1 60
github.com/Ashes47/braids/internal/core/graph/graph.go:108.2,108.13 1 29
github.com/Ashes47/braids/internal/core/graph/graph.go:112.58,113.24 1 26
github.com/Ashes47/braids/internal/core/graph/graph.go:113.24,115.3 1 1
github.com/Ashes47/braids/internal/core/graph/graph.go:116.2,117.51 2 25
github.com/Ashes47/braids/internal/core/graph/graph.go:117.51,119.3 1 25
github.com/Ashes47/braids/internal/core/graph/graph.go:120.2,120.28 1 0
github.com/Ashes47/braids/internal/core/graph/graph.go:125.82,127.29 2 29
github.com/Ashes47/braids/internal/core/graph/graph.go:127.29,128.35 1 424
github.com/Ashes47/braids/internal/core/graph/graph.go:128.35,130.4 1 424
github.com/Ashes47/braids/internal/core/graph/graph.go:133.2,134.34 2 29
github.com/Ashes47/braids/internal/core/graph/graph.go:134.34,135.24 1 108
github.com/Ashes47/braids/internal/core/graph/graph.go:135.24,136.40 1 424
github.com/Ashes47/braids/internal/core/graph/graph.go:136.40,138.29 2 836
github.com/Ashes47/braids/internal/core/graph/graph.go:138.29,139.14 1 156
github.com/Ashes47/braids/internal/core/graph/graph.go:141.5,141.28 1 680
github.com/Ashes47/braids/internal/core/graph/graph.go:141.28,143.6 1 576
github.com/Ashes47/braids/internal/core/graph/graph.go:144.5,146.17 3 680
github.com/Ashes47/braids/internal/core/graph/graph.go:146.17,149.6 2 80
github.com/Ashes47/braids/internal/core/graph/graph.go:150.5,152.32 3 680
github.com/Ashes47/braids/internal/core/graph/graph.go:156.2,156.14 1 29
github.com/Ashes47/braids/internal/core/graph/graph.go:161.126,162.41 1 80
github.com/Ashes47/braids/internal/core/graph/graph.go:162.41,162.68 1 0
github.com/Ashes47/braids/internal/core/graph/graph.go:163.2,163.41 1 80
github.com/Ashes47/braids/internal/core/graph/graph.go:163.41,163.68 1 80
github.com/Ashes47/braids/internal/core/graph/graph.go:165.2,168.79 2 80
github.com/Ashes47/braids/internal/core/graph/graph.go:168.79,169.34 1 79
github.com/Ashes47/braids/internal/core/graph/graph.go:169.34,171.4 1 0
github.com/Ashes47/braids/internal/core/graph/graph.go:172.3,172.18 1 79
github.com/Ashes47/braids/internal/core/graph/graph.go:176.2,178.9 3 1
github.com/Ashes47/braids/internal/core/graph/graph.go:179.31,180.18 1 0
github.com/Ashes47/braids/internal/core/graph/graph.go:181.31,182.18 1 1
github.com/Ashes47/braids/internal/core/graph/graph.go:187.2,187.9 1 0
github.com/Ashes47/braids/internal/core/graph/graph.go:188.32,189.30 1 0
github.com/Ashes47/braids/internal/core/graph/graph.go:189.30,191.4 1 0
github.com/Ashes47/braids/internal/core/graph/graph.go:192.3,192.18 1 0
github.com/Ashes47/braids/internal/core/graph/graph.go:193.35,194.18 1 0
github.com/Ashes47/braids/internal/core/graph/graph.go:195.10,196.18 1 0
github.com/Ashes47/braids/internal/core/graph/graph.go:202.57,204.2 1 2
github.com/Ashes47/braids/internal/core/graph/graph.go:208.22,209.27 1 29
github.com/Ashes47/braids/internal/core/graph/graph.go:209.27,210.43 1 84
github.com/Ashes47/braids/internal/core/graph/graph.go:210.43,213.4 2 0
github.com/Ashes47/braids/internal/core/graph/graph.go:215.2,215.27 1 29
github.com/Ashes47/braids/internal/core/graph/graph.go:215.27,216.43 1 84
github.com/Ashes47/braids/internal/core/graph/graph.go:216.43,218.4 1 54
github.com/Ashes47/braids/internal/core/graph/graph.go:218.9,220.4 1 30
github.com/Ashes47/braids/internal/core/graph/graph.go:222.2,223.27 2 29
github.com/Ashes47/braids/internal/core/graph/graph.go:223.27,225.3 1 84
github.com/Ashes47/braids/internal/core/graph/graph.go:226.2,226.28 1 29
github.com/Ashes47/braids/internal/core/graph/graph.go:226.28,228.3 1 30
github.com/Ashes47/braids/internal/core/graph/graph.go:232.42,234.72 2 54
github.com/Ashes47/braids/internal/core/graph/graph.go:234.72,235.24 1 55
github.com/Ashes47/braids/internal/core/graph/graph.go:235.24,237.4 1 0
github.com/Ashes47/braids/internal/core/graph/graph.go:238.3,238.27 1 55
github.com/Ashes47/braids/internal/core/graph/graph.go:240.2,240.14 1 54
github.com/Ashes47/braids/internal/core/graph/graph.go:243.38,245.31 2 84
github.com/Ashes47/braids/internal/core/graph/graph.go:245.31,247.3 1 54
github.com/Ashes47/braids/internal/core/graph/graph.go:252.31,253.46 1 113
github.com/Ashes47/braids/internal/core/graph/graph.go:253.46,254.58 1 26
github.com/Ashes47/braids/internal/core/graph/graph.go:254.58,256.4 1 26
github.com/Ashes47/braids/internal/core/graph/graph.go:257.3,257.45 1 0
github.com/Ashes47/braids/internal/core/graph/graph.go:262.36,265.23 3 1
github.com/Ashes47/braids/internal/core/graph/graph.go:265.23,267.32 2 3
github.com/Ashes47/braids/internal/core/graph/graph.go:267.32,269.4 1 2
github.com/Ashes47/braids/internal/core/graph/graph.go:271.2,271.28 1 1
github.com/Ashes47/braids/internal/core/graph/graph.go:271.28,273.3 1 1
github.com/Ashes47/braids/internal/core/graph/graph.go:274.2,274.12 1 1
github.com/Ashes47/braids/internal/core/graph/spine.go:51.47,52.20 1 6
github.com/Ashes47/braids/internal/core/graph/spine.go:52.20,54.3 1 1
github.com/Ashes47/braids/internal/core/graph/spine.go:55.2,57.25 3 5
github.com/Ashes47/braids/internal/core/graph/spine.go:57.25,60.3 2 18
github.com/Ashes47/braids/internal/core/graph/spine.go:62.2,64.25 3 5
github.com/Ashes47/braids/internal/core/graph/spine.go:64.25,66.3 1 13
github.com/Ashes47/braids/internal/core/graph/spine.go:67.2,71.18 4 5
github.com/Ashes47/braids/internal/core/graph/spine.go:71.18,72.19 1 12
github.com/Ashes47/braids/internal/core/graph/spine.go:73.10,73.10 0 8
github.com/Ashes47/braids/internal/core/graph/spine.go:74.10,80.6 2 3
github.com/Ashes47/braids/internal/core/graph/spine.go:81.11,82.38 1 1
github.com/Ashes47/braids/internal/core/graph/spine.go:84.3,84.12 1 12
github.com/Ashes47/braids/internal/core/graph/spine.go:86.2,86.25 1 5
github.com/Ashes47/braids/internal/core/graph/spine.go:86.25,88.43 2 13
github.com/Ashes47/braids/internal/core/graph/spine.go:88.43,90.12 2 6
github.com/Ashes47/braids/internal/core/graph/spine.go:92.3,100.5 2 7
github.com/Ashes47/braids/internal/core/graph/spine.go:102.2,103.12 2 5
github.com/Ashes47/braids/internal/core/graph/spine.go:112.40,114.2 1 13
github.com/Ashes47/braids/internal/core/graph/spine.go:118.95,123.68 4 5
github.com/Ashes47/braids/internal/core/graph/spine.go:123.68,126.3 2 13
github.com/Ashes47/braids/internal/core/graph/spine.go:127.2,127.57 1 5
github.com/Ashes47/braids/internal/core/graph/spine.go:127.57,129.3 1 5
github.com/Ashes47/braids/internal/core/graph/spine.go:130.2,130.17 1 5
github.com/Ashes47/braids/internal/core/graph/spine.go:134.121,136.39 2 13
github.com/Ashes47/braids/internal/core/graph/spine.go:136.39,137.20 1 11
github.com/Ashes47/braids/internal/core/graph/spine.go:137.20,138.12 1 9
github.com/Ashes47/braids/internal/core/graph/spine.go:140.3,140.34 1 2
github.com/Ashes47/braids/internal/core/graph/spine.go:142.2,143.12 2 13
github.com/Ashes47/braids/internal/core/graph/spine.go:147.89,150.29 3 5
github.com/Ashes47/braids/internal/core/graph/spine.go:150.29,151.29 1 32
github.com/Ashes47/braids/internal/core/graph/spine.go:151.29,153.4 1 14
github.com/Ashes47/braids/internal/core/graph/spine.go:154.3,156.34 3 18
github.com/Ashes47/braids/internal/core/graph/spine.go:156.34,158.4 1 14
github.com/Ashes47/braids/internal/core/graph/spine.go:159.3,160.11 2 18
github.com/Ashes47/braids/internal/core/graph/spine.go:162.2,162.25 1 5
github.com/Ashes47/braids/internal/core/graph/spine.go:162.25,164.3 1 18
github.com/Ashes47/braids/internal/core/graph/spine.go:165.2,165.14 1 5
github.com/Ashes47/braids/internal/core/graph/spine.go:169.49,171.24 2 1
github.com/Ashes47/braids/internal/core/graph/spine.go:171.24,172.44 1 3
github.com/Ashes47/braids/internal/core/graph/spine.go:172.44,174.4 1 3
github.com/Ashes47/braids/internal/core/graph/spine.go:176.2,177.30 2 1
github.com/Ashes47/braids/internal/core/graph/spine.go:177.30,179.3 1 2
github.com/Ashes47/braids/internal/core/graph/spine.go:180.2,180.40 1 1
github.com/Ashes47/braids/internal/core/graph/spine.go:180.40,181.39 1 1
github.com/Ashes47/braids/internal/core/graph/spine.go:181.39,183.4 1 1
github.com/Ashes47/braids/internal/core/graph/spine.go:184.3,184.39 1 0
github.com/Ashes47/braids/internal/core/graph/spine.go:186.2,191.3 1 1
github.com/Ashes47/braids/internal/core/graph/spine.go:194.36,195.13 1 13
github.com/Ashes47/braids/internal/core/graph/spine.go:195.13,197.3 1 10
github.com/Ashes47/braids/internal/core/graph/spine.go:198.2,200.31 3 3
github.com/Ashes47/braids/internal/core/graph/spine.go:200.31,201.33 1 15
github.com/Ashes47/braids/internal/core/graph/spine.go:201.33,202.17 1 3
github.com/Ashes47/braids/internal/core/graph/spine.go:202.17,204.5 1 3
github.com/Ashes47/braids/internal/core/graph/spine.go:205.4,205.17 1 3
github.com/Ashes47/braids/internal/core/graph/spine.go:208.2,208.12 1 3
github.com/Ashes47/braids/cmd/braids/main.go:70.13,71.52 1 0
github.com/Ashes47/braids/cmd/braids/main.go:71.52,74.3 2 0
github.com/Ashes47/braids/cmd/braids/main.go:77.44,79.20 2 16
github.com/Ashes47/braids/cmd/braids/main.go:79.20,81.3 1 0
github.com/Ashes47/braids/cmd/braids/main.go:82.2,82.17 1 16
github.com/Ashes47/braids/cmd/braids/main.go:83.13,84.31 1 1
github.com/Ashes47/braids/cmd/braids/main.go:85.15,86.33 1 3
github.com/Ashes47/braids/cmd/braids/main.go:87.16,88.34 1 8
github.com/Ashes47/braids/cmd/braids/main.go:89.15,90.33 1 1
github.com/Ashes47/braids/cmd/braids/main.go:91.16,92.34 1 0
github.com/Ashes47/braids/cmd/braids/main.go:93.17,94.35 1 0
github.com/Ashes47/braids/cmd/braids/main.go:95.16,96.34 1 0
github.com/Ashes47/braids/cmd/braids/main.go:97.17,99.19 2 0
github.com/Ashes47/braids/cmd/braids/main.go:100.30,102.19 2 2
github.com/Ashes47/braids/cmd/braids/main.go:103.10,104.70 1 1
github.com/Ashes47/braids/cmd/braids/main.go:112.67,114.6 2 8
github.com/Ashes47/braids/cmd/braids/main.go:114.6,115.40 1 16
github.com/Ashes47/braids/cmd/braids/main.go:115.40,117.4 1 0
github.com/Ashes47/braids/cmd/braids/main.go:118.3,119.21 2 16
github.com/Ashes47/braids/cmd/braids/main.go:119.21,121.4 1 8
github.com/Ashes47/braids/cmd/braids/main.go:122.3,123.18 2 8
github.com/Ashes47/braids/cmd/braids/main.go:128.34,129.42 1 0
github.com/Ashes47/braids/cmd/braids/main.go:129.42,131.3 1 0
github.com/Ashes47/braids/cmd/braids/main.go:132.2,133.16 2 0
github.com/Ashes47/braids/cmd/braids/main.go:133.16,135.3 1 0
github.com/Ashes47/braids/cmd/braids/main.go:136.2,137.48 2 0
github.com/Ashes47/braids/cmd/braids/main.go:137.48,139.3 1 0
github.com/Ashes47/braids/cmd/braids/main.go:140.2,140.44 1 0
github.com/Ashes47/braids/cmd/braids/main.go:144.47,145.18 1 11
github.com/Ashes47/braids/cmd/braids/main.go:145.18,147.3 1 11
github.com/Ashes47/braids/cmd/braids/main.go:148.2,148.20 1 0
github.com/Ashes47/braids/cmd/braids/main.go:152.53,154.16 2 10
github.com/Ashes47/braids/cmd/braids/main.go:154.16,156.3 1 0
github.com/Ashes47/braids/cmd/braids/main.go:157.2,157.25 1 10
github.com/Ashes47/braids/cmd/braids/main.go:160.48,169.39 9 1
github.com/Ashes47/braids/cmd/braids/main.go:169.39,171.3 1 0
github.com/Ashes47/braids/cmd/braids/main.go:172.2,173.16 2 1
github.com/Ashes47/braids/cmd/braids/main.go:173.16,175.3 1 0
github.com/Ashes47/braids/cmd/braids/main.go:176.2,177.16 2 1
github.com/Ashes47/braids/cmd/braids/main.go:177.16,179.3 1 0
github.com/Ashes47/braids/cmd/braids/main.go:180.2,184.16 4 1
github.com/Ashes47/braids/cmd/braids/main.go:184.16,186.3 1 0
github.com/Ashes47/braids/cmd/braids/main.go:187.2,188.16 2 1
github.com/Ashes47/braids/cmd/braids/main.go:188.16,190.3 1 0
github.com/Ashes47/braids/cmd/braids/main.go:193.2,194.13 2 1
github.com/Ashes47/braids/cmd/braids/main.go:194.13,195.44 1 1
github.com/Ashes47/braids/cmd/braids/main.go:195.44,198.4 2 1
github.com/Ashes47/braids/cmd/braids/main.go:200.2,201.16 2 1
github.com/Ashes47/braids/cmd/braids/main.go:201.16,203.3 1 0
github.com/Ashes47/braids/cmd/braids/main.go:204.2,211.67 3 1
github.com/Ashes47/braids/cmd/braids/main.go:211.67,213.4 1 0
github.com/Ashes47/braids/cmd/braids/main.go:214.57,216.4 1 0
github.com/Ashes47/braids/cmd/braids/main.go:217.73,219.4 1 0
github.com/Ashes47/braids/cmd/braids/main.go:223.53,224.16 1 0
github.com/Ashes47/braids/cmd/braids/main.go:224.16,226.5 1 0
github.com/Ashes47/braids/cmd/braids/main.go:227.4,227.31 1 0
github.com/Ashes47/braids/cmd/braids/main.go:229.46,231.4 1 0
github.com/Ashes47/braids/cmd/braids/main.go:232.42,234.55 1 0
github.com/Ashes47/braids/cmd/braids/main.go:234.55,236.5 1 0
github.com/Ashes47/braids/cmd/braids/main.go:237.4,237.21 1 0
github.com/Ashes47/braids/cmd/braids/main.go:239.34,242.4 2 0
github.com/Ashes47/braids/cmd/braids/main.go:244.54,246.4 1 0
github.com/Ashes47/braids/cmd/braids/main.go:249.58,251.4 1 0
github.com/Ashes47/braids/cmd/braids/main.go:252.70,254.4 1 0
github.com/Ashes47/braids/cmd/braids/main.go:255.42,256.64 1 0
github.com/Ashes47/braids/cmd/braids/main.go:256.64,258.5 1 0
github.com/Ashes47/braids/cmd/braids/main.go:259.4,259.48 1 0
github.com/Ashes47/braids/cmd/braids/main.go:262.2,262.13 1 1
github.com/Ashes47/braids/cmd/braids/main.go:262.13,264.3 1 1
github.com/Ashes47/braids/cmd/braids/main.go:265.2,266.16 2 0
github.com/Ashes47/braids/cmd/braids/main.go:266.16,268.3 1 0
github.com/Ashes47/braids/cmd/braids/main.go:269.2,270.18 2 0
github.com/Ashes47/braids/cmd/braids/main.go:273.50,279.39 6 3
github.com/Ashes47/braids/cmd/braids/main.go:279.39,281.3 1 0
github.com/Ashes47/braids/cmd/braids/main.go:283.2,284.15 2 3
github.com/Ashes47/braids/cmd/braids/main.go:284.15,286.54 2 0
github.com/Ashes47/braids/cmd/braids/main.go:286.54,288.4 1 0
github.com/Ashes47/braids/cmd/braids/main.go:290.2,291.16 2 3
github.com/Ashes47/braids/cmd/braids/main.go:291.16,293.3 1 0
github.com/Ashes47/braids/cmd/braids/main.go:294.2,298.11 4 3
github.com/Ashes47/braids/cmd/braids/main.go:298.11,300.3 1 0
github.com/Ashes47/braids/cmd/braids/main.go:301.2,302.16 2 3
github.com/Ashes47/braids/cmd/braids/main.go:302.16,304.3 1 0
github.com/Ashes47/braids/cmd/braids/main.go:305.2,307.18 2 3
github.com/Ashes47/braids/cmd/braids/main.go:310.51,318.16 8 8
github.com/Ashes47/braids/cmd/braids/main.go:318.16,320.3 1 0
github.com/Ashes47/braids/cmd/braids/main.go:321.2,322.36 2 8
github.com/Ashes47/braids/cmd/braids/main.go:322.36,324.3 1 1
github.com/Ashes47/braids/cmd/braids/main.go:325.2,326.16 2 7
github.com/Ashes47/braids/cmd/braids/main.go:326.16,328.3 1 1
github.com/Ashes47/braids/cmd/braids/main.go:330.2,331.16 2 6
github.com/Ashes47/braids/cmd/braids/main.go:331.16,333.3 1 0
github.com/Ashes47/braids/cmd/braids/main.go:334.2,339.16 4 6
github.com/Ashes47/braids/cmd/braids/main.go:339.16,341.3 1 0
github.com/Ashes47/braids/cmd/braids/main.go:342.2,342.20 1 6
github.com/Ashes47/braids/cmd/braids/main.go:342.20,345.3 2 1
github.com/Ashes47/braids/cmd/braids/main.go:347.2,348.25 2 5
github.com/Ashes47/braids/cmd/braids/main.go:348.25,350.92 1 7
github.com/Ashes47/braids/cmd/braids/main.go:350.92,352.4 1 0
github.com/Ashes47/braids/cmd/braids/main.go:354.2,354.35 1 5
github.com/Ashes47/braids/cmd/braids/main.go:354.35,356.3 1 0
github.com/Ashes47/braids/cmd/braids/main.go:357.2,358.18 2 5
github.com/Ashes47/braids/cmd/braids/main.go:361.51,367.39 6 0
github.com/Ashes47/braids/cmd/braids/main.go:367.39,369.3 1 0
github.com/Ashes47/braids/cmd/braids/main.go:370.2,370.32 1 0
github.com/Ashes47/braids/cmd/braids/main.go:370.32,372.3 1 0
github.com/Ashes47/braids/cmd/braids/main.go:374.2,375.16 2 0
github.com/Ashes47/braids/cmd/braids/main.go:375.16,377.3 1 0
github.com/Ashes47/braids/cmd/braids/main.go:378.2,379.16 2 0
github.com/Ashes47/braids/cmd/braids/main.go:379.16,381.3 1 0
github.com/Ashes47/braids/cmd/braids/main.go:382.2,386.16 4 0
github.com/Ashes47/braids/cmd/braids/main.go:386.16,388.3 1 0
github.com/Ashes47/braids/cmd/braids/main.go:389.2,390.16 2 0
github.com/Ashes47/braids/cmd/braids/main.go:390.16,392.3 1 0
github.com/Ashes47/braids/cmd/braids/main.go:393.2,396.18 3 0
github.com/Ashes47/braids/cmd/braids/main.go:401.149,403.16 2 0
github.com/Ashes47/braids/cmd/braids/main.go:403.16,405.3 1 0
github.com/Ashes47/braids/cmd/braids/main.go:406.2,407.16 2 0
github.com/Ashes47/braids/cmd/braids/main.go:407.16,409.3 1 0
github.com/Ashes47/braids/cmd/braids/main.go:410.2,411.25 2 0
github.com/Ashes47/braids/cmd/braids/main.go:411.25,412.20 1 0
github.com/Ashes47/braids/cmd/braids/main.go:412.20,414.9 2 0
github.com/Ashes47/braids/cmd/braids/main.go:417.2,417.18 1 0
github.com/Ashes47/braids/cmd/braids/main.go:417.18,419.3 1 0
github.com/Ashes47/braids/cmd/braids/main.go:420.2,421.16 2 0
github.com/Ashes47/braids/cmd/braids/main.go:421.16,423.3 1 0
github.com/Ashes47/braids/cmd/braids/main.go:424.2,427.16 2 0
github.com/Ashes47/braids/cmd/braids/main.go:427.16,429.3 1 0
github.com/Ashes47/braids/cmd/braids/main.go:432.2,432.96 1 0
github.com/Ashes47/braids/cmd/braids/main.go:432.96,434.3 1 0
github.com/Ashes47/braids/cmd/braids/main.go:435.2,435.23 1 0
github.com/Ashes47/braids/cmd/braids/main.go:439.46,441.2 1 2
github.com/Ashes47/braids/cmd/braids/main.go:443.35,444.16 1 0
github.com/Ashes47/braids/cmd/braids/main.go:444.16,446.3 1 0
github.com/Ashes47/braids/cmd/braids/main.go:447.2,447.40 1 0
github.com/Ashes47/braids/cmd/braids/main.go:450.52,455.39 5 0
github.com/Ashes47/braids/cmd/braids/main.go:455.39,457.3 1 0
github.com/Ashes47/braids/cmd/braids/main.go:458.2,458.20 1 0
github.com/Ashes47/braids/cmd/braids/main.go:458.20,460.3 1 0
github.com/Ashes47/braids/cmd/braids/main.go:461.2,462.16 2 0
github.com/Ashes47/braids/cmd/braids/main.go:462.16,464.3 1 0
github.com/Ashes47/braids/cmd/braids/main.go:465.2,466.16 2 0
github.com/Ashes47/braids/cmd/braids/main.go:466.16,468.3 1 0
github.com/Ashes47/braids/cmd/braids/main.go:469.2,473.16 4 0
github.com/Ashes47/braids/cmd/braids/main.go:473.16,475.3 1 0
github.com/Ashes47/braids/cmd/braids/main.go:476.2,477.16 2 0
github.com/Ashes47/braids/cmd/braids/main.go:477.16,479.3 1 0
github.com/Ashes47/braids/cmd/braids/main.go:480.2,481.16 2 0
github.com/Ashes47/braids/cmd/braids/main.go:481.16,483.3 1 0
github.com/Ashes47/braids/cmd/braids/main.go:484.2,485.16 2 0
github.com/Ashes47/braids/cmd/braids/main.go:485.16,487.3 1 0
github.com/Ashes47/braids/cmd/braids/main.go:488.2,489.16 2 0
github.com/Ashes47/braids/cmd/braids/main.go:489.16,491.3 1 0
github.com/Ashes47/braids/cmd/braids/main.go:492.2,494.18 2 0
github.com/Ashes47/braids/cmd/braids/main.go:498.83,499.22 1 0
github.com/Ashes47/braids/cmd/braids/main.go:499.22,501.3 1 0
github.com/Ashes47/braids/cmd/braids/main.go:502.2,502.15 1 0
github.com/Ashes47/braids/cmd/braids/main.go:502.15,503.23 1 0
github.com/Ashes47/braids/cmd/braids/main.go:503.23,505.4 1 0
github.com/Ashes47/braids/cmd/braids/main.go:506.3,506.104 1 0
github.com/Ashes47/braids/cmd/braids/main.go:508.2,509.27 2 0
github.com/Ashes47/braids/cmd/braids/main.go:509.27,510.35 1 0
github.com/Ashes47/braids/cmd/braids/main.go:510.35,512.4 1 0
github.com/Ashes47/braids/cmd/braids/main.go:514.2,514.20 1 0
github.com/Ashes47/braids/cmd/braids/main.go:515.9,516.76 1 0
github.com/Ashes47/braids/cmd/braids/main.go:517.9,518.23 1 0
github.com/Ashes47/braids/cmd/braids/main.go:519.10,520.85 1 0
github.com/Ashes47/braids/cmd/braids/main.go:524.51,528.39 4 0
github.com/Ashes47/braids/cmd/braids/main.go:528.39,530.3 1 0
github.com/Ashes47/braids/cmd/braids/main.go:531.2,531.20 1 0
github.com/Ashes47/braids/cmd/braids/main.go:531.20,533.3 1 0
github.com/Ashes47/braids/cmd/braids/main.go:534.2,535.16 2 0
github.com/Ashes47/braids/cmd/braids/main.go:535.16,537.3 1 0
github.com/Ashes47/braids/cmd/braids/main.go:538.2,542.16 4 0
github.com/Ashes47/braids/cmd/braids/main.go:542.16,544.3 1 0
github.com/Ashes47/braids/cmd/braids/main.go:545.2,546.16 2 0
github.com/Ashes47/braids/cmd/braids/main.go:546.16,548.3 1 0
github.com/Ashes47/braids/cmd/braids/main.go:549.2,549.22 1 0
github.com/Ashes47/braids/cmd/braids/main.go:549.22,552.3 2 0
github.com/Ashes47/braids/cmd/braids/main.go:553.2,555.27 3 0
github.com/Ashes47/braids/cmd/braids/main.go:555.27,558.3 1 0
github.com/Ashes47/braids/cmd/braids/main.go:559.2,559.25 1 0
github.com/Ashes47/braids/cmd/braids/main.go:559.25,560.48 1 0
github.com/Ashes47/braids/cmd/braids/main.go:560.48,562.4 1 0
github.com/Ashes47/braids/cmd/braids/main.go:564.2,564.35 1 0
github.com/Ashes47/braids/cmd/braids/main.go:564.35,566.3 1 0
github.com/Ashes47/braids/cmd/braids/main.go:567.2,567.18 1 0
github.com/Ashes47/braids/cmd/braids/main.go:572.110,574.16 2 0
github.com/Ashes47/braids/cmd/braids/main.go:574.16,576.3 1 0
github.com/Ashes47/braids/cmd/braids/main.go:577.2,577.27 1 0
github.com/Ashes47/braids/cmd/braids/main.go:577.27,578.22 1 0
github.com/Ashes47/braids/cmd/braids/main.go:578.22,579.12 1 0
github.com/Ashes47/braids/cmd/braids/main.go:581.3,583.17 2 0
github.com/Ashes47/braids/cmd/braids/main.go:583.17,585.4 1 0
github.com/Ashes47/braids/cmd/braids/main.go:586.3,586.32 1 0
github.com/Ashes47/braids/cmd/braids/main.go:588.2,588.83 1 0
github.com/Ashes47/braids/cmd/braids/main.go:593.138,595.16 2 0
github.com/Ashes47/braids/cmd/braids/main.go:595.16,597.3 1 0
github.com/Ashes47/braids/cmd/braids/main.go:598.2,598.27 1 0
github.com/Ashes47/braids/cmd/braids/main.go:598.27,599.22 1 0
github.com/Ashes47/braids/cmd/braids/main.go:599.22,600.12 1 0
github.com/Ashes47/braids/cmd/braids/main.go:602.3,603.17 2 0
github.com/Ashes47/braids/cmd/braids/main.go:603.17,605.4 1 0
github.com/Ashes47/braids/cmd/braids/main.go:606.3,607.17 2 0
github.com/Ashes47/braids/cmd/braids/main.go:607.17,609.4 1 0
github.com/Ashes47/braids/cmd/braids/main.go:613.3,613.101 1 0
github.com/Ashes47/braids/cmd/braids/main.go:613.101,615.4 1 0
github.com/Ashes47/braids/cmd/braids/main.go:616.3,616.22 1 0
github.com/Ashes47/braids/cmd/braids/main.go:618.2,618.82 1 0
github.com/Ashes47/braids/cmd/braids/main.go:624.102,626.16 2 0
github.com/Ashes47/braids/cmd/braids/main.go:626.16,628.3 1 0
github.com/Ashes47/braids/cmd/braids/main.go:629.2,630.17 2 0
github.com/Ashes47/braids/cmd/braids/main.go:630.17,632.3 1 0
github.com/Ashes47/braids/cmd/braids/main.go:633.2,637.16 2 0
github.com/Ashes47/braids/cmd/braids/main.go:637.16,639.3 1 0
github.com/Ashes47/braids/cmd/braids/main.go:640.2,640.27 1 0
github.com/Ashes47/braids/cmd/braids/main.go:640.27,642.3 1 0
github.com/Ashes47/braids/cmd/braids/main.go:643.2,643.25 1 0
github.com/Ashes47/braids/cmd/braids/main.go:647.89,649.16 2 0
github.com/Ashes47/braids/cmd/braids/main.go:649.16,651.3 1 0
github.com/Ashes47/braids/cmd/braids/main.go:652.2,653.22 2 0
github.com/Ashes47/braids/cmd/braids/main.go:653.22,655.3 1 0
github.com/Ashes47/braids/cmd/braids/main.go:656.2,656.21 1 0
github.com/Ashes47/braids/cmd/braids/main.go:661.81,663.17 2 1
github.com/Ashes47/braids/cmd/braids/main.go:663.17,665.3 1 1
github.com/Ashes47/braids/cmd/braids/main.go:666.2,666.35 1 0
github.com/Ashes47/braids/cmd/braids/main.go:666.35,668.17 2 0
github.com/Ashes47/braids/cmd/braids/main.go:668.17,670.4 1 0
github.com/Ashes47/braids/cmd/braids/main.go:671.3,672.17 2 0
github.com/Ashes47/braids/cmd/braids/main.go:672.17,674.4 1 0
github.com/Ashes47/braids/cmd/braids/main.go:675.3,676.16 2 0
github.com/Ashes47/braids/cmd/braids/main.go:676.16,678.4 1 0
github.com/Ashes47/braids/cmd/braids/main.go:679.3,680.17 2 0
github.com/Ashes47/braids/cmd/braids/main.go:680.17,682.4 1 0
github.com/Ashes47/braids/cmd/braids/main.go:683.3,683.39 1 0
github.com/Ashes47/braids/cmd/braids/main.go:689.89,691.16 2 0
github.com/Ashes47/braids/cmd/braids/main.go:691.16,693.3 1 0
github.com/Ashes47/braids/cmd/braids/main.go:694.2,695.26 2 0
github.com/Ashes47/braids/cmd/braids/main.go:695.26,696.35 1 0
github.com/Ashes47/braids/cmd/braids/main.go:696.35,698.4 1 0
github.com/Ashes47/braids/cmd/braids/main.go:700.2,700.20 1 0
github.com/Ashes47/braids/cmd/braids/main.go:701.9,702.77 1 0
github.com/Ashes47/braids/cmd/braids/main.go:703.9,704.23 1 0
github.com/Ashes47/braids/cmd/braids/main.go:705.10,706.106 1 0
github.com/Ashes47/braids/cmd/braids/main.go:710.50,714.39 4 1
github.com/Ashes47/braids/cmd/braids/main.go:714.39,716.3 1 0
github.com/Ashes47/braids/cmd/braids/main.go:717.2,718.16 2 1
github.com/Ashes47/braids/cmd/braids/main.go:718.16,720.3 1 0
github.com/Ashes47/braids/cmd/braids/main.go:721.2,724.16 3 1
github.com/Ashes47/braids/cmd/braids/main.go:724.16,726.3 1 0
github.com/Ashes47/braids/cmd/braids/main.go:727.2,727.21 1 1
github.com/Ashes47/braids/cmd/braids/main.go:727.21,730.3 2 0
github.com/Ashes47/braids/cmd/braids/main.go:731.2,733.26 3 1
github.com/Ashes47/braids/cmd/braids/main.go:733.26,736.3 1 1
github.com/Ashes47/braids/cmd/braids/main.go:737.2,737.25 1 1
github.com/Ashes47/braids/cmd/braids/main.go:737.25,738.48 1 2
github.com/Ashes47/braids/cmd/braids/main.go:738.48,740.4 1 0
github.com/Ashes47/braids/cmd/braids/main.go:742.2,742.35 1 1
github.com/Ashes47/braids/cmd/braids/main.go:742.35,744.3 1 0
github.com/Ashes47/braids/cmd/braids/main.go:745.2,746.18 2 1
github.com/Ashes47/braids/cmd/braids/main.go:751.53,752.32 1 9
github.com/Ashes47/braids/cmd/braids/main.go:752.32,754.3 1 6
github.com/Ashes47/braids/cmd/braids/main.go:755.2,762.44 3 3
github.com/Ashes47/braids/cmd/braids/main.go:762.44,764.17 2 4
github.com/Ashes47/braids/cmd/braids/main.go:764.17,765.12 1 0
github.com/Ashes47/braids/cmd/braids/main.go:767.3,768.10 2 4
github.com/Ashes47/braids/cmd/braids/main.go:768.10,770.4 1 1
github.com/Ashes47/braids/cmd/braids/main.go:771.3,771.27 1 3
github.com/Ashes47/braids/cmd/braids/main.go:773.2,773.19 1 2
github.com/Ashes47/braids/cmd/braids/main.go:776.36,777.23 1 7
github.com/Ashes47/braids/cmd/braids/main.go:777.23,779.3 1 7
github.com/Ashes47/braids/cmd/braids/main.go:780.2,780.26 1 0
github.com/Ashes47/braids/cmd/braids/main.go:783.36,784.49 1 7
github.com/Ashes47/braids/cmd/braids/main.go:784.49,786.3 1 5
github.com/Ashes47/braids/cmd/braids/main.go:787.2,787.23 1 2
github.com/Ashes47/braids/cmd/braids/main.go:790.32,790.58 1 1
github.com/Ashes47/braids/cmd/braids/main.go:792.31,794.2 1 7
github.com/Ashes47/braids/cmd/braids/main.go:796.39,798.17 2 23
github.com/Ashes47/braids/cmd/braids/main.go:798.17,800.3 1 21
github.com/Ashes47/braids/cmd/braids/main.go:801.2,801.12 1 2
github.com/Ashes47/braids/cmd/braids/main.go:801.12,803.3 1 0
github.com/Ashes47/braids/cmd/braids/main.go:804.2,804.32 1 2
github.com/Ashes47/braids/cmd/braids/print.go:20.39,20.64 1 16
github.com/Ashes47/braids/cmd/braids/print.go:23.48,24.18 1 82
github.com/Ashes47/braids/cmd/braids/print.go:24.18,26.3 1 0
github.com/Ashes47/braids/cmd/braids/print.go:27.2,28.16 2 82
github.com/Ashes47/braids/cmd/braids/print.go:28.16,30.3 1 0
github.com/Ashes47/braids/cmd/braids/print.go:31.2,31.15 1 82
github.com/Ashes47/braids/cmd/braids/print.go:34.51,35.18 1 12
github.com/Ashes47/braids/cmd/braids/print.go:35.18,37.3 1 12
github.com/Ashes47/braids/cmd/braids/print.go:41.31,41.47 1 12
github.com/Ashes47/braids/internal/core/trash/trash.go:45.36,45.66 1 3
github.com/Ashes47/braids/internal/core/trash/trash.go:51.27,51.52 1 8
github.com/Ashes47/braids/internal/core/trash/trash.go:55.68,62.49 3 8
github.com/Ashes47/braids/internal/core/trash/trash.go:62.49,64.3 1 0
github.com/Ashes47/braids/internal/core/trash/trash.go:66.2,66.29 1 8
github.com/Ashes47/braids/internal/core/trash/trash.go:66.29,68.37 2 11
github.com/Ashes47/braids/internal/core/trash/trash.go:68.37,69.12 1 2
github.com/Ashes47/braids/internal/core/trash/trash.go:71.3,71.17 1 9
github.com/Ashes47/braids/internal/core/trash/trash.go:71.17,73.4 1 0
github.com/Ashes47/braids/internal/core/trash/trash.go:74.3,75.45 2 9
github.com/Ashes47/braids/internal/core/trash/trash.go:75.45,79.4 1 0
github.com/Ashes47/braids/internal/core/trash/trash.go:80.3,81.34 2 9
github.com/Ashes47/braids/internal/core/trash/trash.go:83.2,83.27 1 8
github.com/Ashes47/braids/internal/core/trash/trash.go:83.27,85.3 1 1
github.com/Ashes47/braids/internal/core/trash/trash.go:86.2,86.51 1 7
github.com/Ashes47/braids/internal/core/trash/trash.go:86.51,88.3 1 0
github.com/Ashes47/braids/internal/core/trash/trash.go:89.2,89.19 1 7
github.com/Ashes47/braids/internal/core/trash/trash.go:93.39,95.36 2 7
github.com/Ashes47/braids/internal/core/trash/trash.go:95.36,97.3 1 0
github.com/Ashes47/braids/internal/core/trash/trash.go:98.2,98.16 1 7
github.com/Ashes47/braids/internal/core/trash/trash.go:98.16,100.3 1 0
github.com/Ashes47/braids/internal/core/trash/trash.go:101.2,102.25 2 7
github.com/Ashes47/braids/internal/core/trash/trash.go:102.25,103.17 1 5
github.com/Ashes47/braids/internal/core/trash/trash.go:103.17,104.12 1 0
github.com/Ashes47/braids/internal/core/trash/trash.go:106.3,107.17 2 5
github.com/Ashes47/braids/internal/core/trash/trash.go:107.17,108.12 1 0
github.com/Ashes47/braids/internal/core/trash/trash.go:110.3,110.27 1 5
github.com/Ashes47/braids/internal/core/trash/trash.go:112.2,112.38 1 7
github.com/Ashes47/braids/internal/core/trash/trash.go:112.38,112.75 1 1
github.com/Ashes47/braids/internal/core/trash/trash.go:113.2,113.17 1 7
github.com/Ashes47/braids/internal/core/trash/trash.go:117.38,118.63 1 2
github.com/Ashes47/braids/internal/core/trash/trash.go:118.63,120.3 1 0
github.com/Ashes47/braids/internal/core/trash/trash.go:121.2,121.12 1 2
github.com/Ashes47/braids/internal/core/trash/trash.go:126.57,128.16 2 2
github.com/Ashes47/braids/internal/core/trash/trash.go:128.16,130.3 1 0
github.com/Ashes47/braids/internal/core/trash/trash.go:131.2,133.28 3 2
github.com/Ashes47/braids/internal/core/trash/trash.go:133.28,134.30 1 2
github.com/Ashes47/braids/internal/core/trash/trash.go:134.30,135.12 1 1
github.com/Ashes47/braids/internal/core/trash/trash.go:137.3,137.39 1 1
github.com/Ashes47/braids/internal/core/trash/trash.go:137.39,139.4 1 0
github.com/Ashes47/braids/internal/core/trash/trash.go:140.3,141.19 2 1
github.com/Ashes47/braids/internal/core/trash/trash.go:143.2,143.25 1 2
github.com/Ashes47/braids/internal/core/trash/trash.go:146.51,148.16 2 7
github.com/Ashes47/braids/internal/core/trash/trash.go:148.16,150.3 1 0
github.com/Ashes47/braids/internal/core/trash/trash.go:151.2,151.80 1 7
github.com/Ashes47/braids/internal/core/trash/trash.go:151.80,153.3 1 0
github.com/Ashes47/braids/internal/core/trash/trash.go:154.2,154.12 1 7
github.com/Ashes47/braids/internal/core/trash/trash.go:157.46,159.16 2 7
github.com/Ashes47/braids/internal/core/trash/trash.go:159.16,161.3 1 1
github.com/Ashes47/braids/internal/core/trash/trash.go:162.2,163.53 2 6
github.com/Ashes47/braids/internal/core/trash/trash.go:163.53,165.3 1 0
github.com/Ashes47/braids/internal/core/trash/trash.go:166.2,166.19 1 6
github.com/Ashes47/braids/internal/core/trash/trash.go:170.42,172.35 2 2
github.com/Ashes47/braids/internal/core/trash/trash.go:172.35,173.69 1 4
github.com/Ashes47/braids/internal/core/trash/trash.go:173.69,175.12 2 0
github.com/Ashes47/braids/internal/core/trash/trash.go:177.3,177.55 1 4
github.com/Ashes47/braids/internal/core/trash/trash.go:177.55,179.4 1 0
github.com/Ashes47/braids/internal/core/trash/trash.go:181.2,181.23 1 2
github.com/Ashes47/braids/internal/core/trash/trash.go:181.23,183.3 1 0
github.com/Ashes47/braids/internal/core/trash/trash.go:184.2,184.53 1 2
github.com/Ashes47/braids/internal/core/trash/trash.go:188.53,190.16 2 2
github.com/Ashes47/braids/internal/core/trash/trash.go:190.16,192.3 1 1
github.com/Ashes47/braids/internal/core/trash/trash.go:193.2,193.32 1 1
github.com/Ashes47/braids/internal/core/trash/trash.go:197.50,198.19 1 9
github.com/Ashes47/braids/internal/core/trash/trash.go:198.19,200.3 1 7
github.com/Ashes47/braids/internal/core/trash/trash.go:201.2,202.76 2 2
github.com/Ashes47/braids/internal/core/trash/trash.go:202.76,203.30 1 6
github.com/Ashes47/braids/internal/core/trash/trash.go:203.30,205.4 1 4
github.com/Ashes47/braids/internal/core/trash/trash.go:206.3,206.38 1 2
github.com/Ashes47/braids/internal/core/trash/trash.go:206.38,208.4 1 2
[...]
github.com/Ashes47/braids/internal/tui/searchview.go:184.32,186.4 1 20
github.com/Ashes47/braids/internal/tui/searchview.go:187.10,189.35 2 1
github.com/Ashes47/braids/internal/tui/searchview.go:189.35,192.4 2 2
github.com/Ashes47/braids/internal/tui/searchview.go:193.3,193.47 1 1
github.com/Ashes47/braids/internal/tui/searchview.go:193.47,195.4 1 9
github.com/Ashes47/braids/internal/tui/searchview.go:197.2,202.19 4 4
github.com/Ashes47/braids/internal/tui/searchview.go:205.37,206.50 1 2
github.com/Ashes47/braids/internal/tui/searchview.go:206.50,208.3 1 1
github.com/Ashes47/braids/internal/tui/searchview.go:209.2,209.63 1 1
github.com/Ashes47/braids/internal/tui/searchview.go:212.37,214.26 2 4
github.com/Ashes47/braids/internal/tui/searchview.go:214.26,216.3 1 0
github.com/Ashes47/braids/internal/tui/searchview.go:217.2,217.65 1 4
github.com/Ashes47/braids/internal/tui/searchview.go:220.36,222.2 1 4
github.com/Ashes47/braids/internal/tui/searchview.go:225.27,230.2 1 27
github.com/Ashes47/braids/internal/tui/searchview.go:232.37,235.19 3 27
github.com/Ashes47/braids/internal/tui/searchview.go:235.19,237.3 1 24
github.com/Ashes47/braids/internal/tui/searchview.go:238.2,239.19 2 27
github.com/Ashes47/braids/internal/tui/searchview.go:239.19,241.3 1 1
github.com/Ashes47/braids/internal/tui/searchview.go:242.2,247.3 1 27
github.com/Ashes47/braids/internal/tui/searchview.go:251.30,252.32 1 49
github.com/Ashes47/braids/internal/tui/searchview.go:252.32,254.3 1 6
github.com/Ashes47/braids/internal/tui/searchview.go:255.2,255.10 1 43
github.com/Ashes47/braids/internal/tui/searchview.go:258.39,261.19 2 4
github.com/Ashes47/braids/internal/tui/searchview.go:261.19,263.3 1 0
github.com/Ashes47/braids/internal/tui/searchview.go:264.2,266.32 1 4
github.com/Ashes47/braids/internal/tui/searchview.go:269.63,271.16 2 2
github.com/Ashes47/braids/internal/tui/searchview.go:271.16,273.3 1 0
github.com/Ashes47/braids/internal/tui/searchview.go:274.2,275.20 2 2
github.com/Ashes47/braids/internal/tui/searchview.go:275.20,277.3 1 1
github.com/Ashes47/braids/internal/tui/searchview.go:278.2,279.22 2 2
github.com/Ashes47/braids/internal/tui/searchview.go:279.22,281.3 1 0
github.com/Ashes47/braids/internal/tui/searchview.go:283.2,289.14 6 2
github.com/Ashes47/braids/internal/tui/searchview.go:289.14,291.3 1 1
github.com/Ashes47/braids/internal/tui/searchview.go:292.2,295.33 1 1
github.com/Ashes47/braids/internal/tui/spineview.go:50.30,52.49 2 32
github.com/Ashes47/braids/internal/tui/spineview.go:52.49,52.101 1 0
github.com/Ashes47/braids/internal/tui/spineview.go:53.2,54.47 2 32
github.com/Ashes47/braids/internal/tui/spineview.go:54.47,54.99 1 0
github.com/Ashes47/braids/internal/tui/spineview.go:56.2,58.28 3 32
github.com/Ashes47/braids/internal/tui/spineview.go:58.28,59.61 1 137
github.com/Ashes47/braids/internal/tui/spineview.go:59.61,63.4 3 3
github.com/Ashes47/braids/internal/tui/spineview.go:64.3,64.61 1 137
github.com/Ashes47/braids/internal/tui/spineview.go:64.61,67.4 2 3
github.com/Ashes47/braids/internal/tui/spineview.go:69.2,69.29 1 32
github.com/Ashes47/braids/internal/tui/spineview.go:69.29,72.3 2 105
github.com/Ashes47/braids/internal/tui/spineview.go:73.2,74.11 2 32
github.com/Ashes47/braids/internal/tui/spineview.go:78.41,79.48 1 12
github.com/Ashes47/braids/internal/tui/spineview.go:79.48,81.3 1 0
github.com/Ashes47/braids/internal/tui/spineview.go:82.2,82.28 1 12
github.com/Ashes47/braids/internal/tui/spineview.go:85.46,86.14 1 201
github.com/Ashes47/braids/internal/tui/spineview.go:86.14,88.3 1 30
github.com/Ashes47/braids/internal/tui/spineview.go:89.2,89.19 1 171
github.com/Ashes47/braids/internal/tui/spineview.go:99.30,101.9 2 56
github.com/Ashes47/braids/internal/tui/spineview.go:102.22,103.21 1 39
github.com/Ashes47/braids/internal/tui/spineview.go:104.10,106.28 2 17
github.com/Ashes47/braids/internal/tui/spineview.go:106.28,107.38 1 68
github.com/Ashes47/braids/internal/tui/spineview.go:107.38,109.5 1 18
github.com/Ashes47/braids/internal/tui/spineview.go:112.2,112.17 1 56
github.com/Ashes47/braids/internal/tui/spineview.go:116.43,117.48 1 56
github.com/Ashes47/braids/internal/tui/spineview.go:117.48,119.3 1 32
github.com/Ashes47/braids/internal/tui/spineview.go:120.2,120.36 1 24
github.com/Ashes47/braids/internal/tui/spineview.go:124.42,126.15 2 56
github.com/Ashes47/braids/internal/tui/spineview.go:126.15,128.3 1 32
github.com/Ashes47/braids/internal/tui/spineview.go:129.2,129.30 1 24
github.com/Ashes47/braids/internal/tui/spineview.go:129.30,130.23 1 33
github.com/Ashes47/braids/internal/tui/spineview.go:130.23,133.4 2 19
github.com/Ashes47/braids/internal/tui/spineview.go:137.32,138.20 1 57
github.com/Ashes47/braids/internal/tui/spineview.go:138.20,140.3 1 0
github.com/Ashes47/braids/internal/tui/spineview.go:141.2,141.19 1 57
github.com/Ashes47/braids/internal/tui/spineview.go:141.19,143.3 1 0
github.com/Ashes47/braids/internal/tui/spineview.go:144.2,144.42 1 57
github.com/Ashes47/braids/internal/tui/spineview.go:147.37,148.20 1 68
github.com/Ashes47/braids/internal/tui/spineview.go:148.20,150.3 1 0
github.com/Ashes47/braids/internal/tui/spineview.go:151.2,151.19 1 68
github.com/Ashes47/braids/internal/tui/spineview.go:151.19,153.3 1 0
github.com/Ashes47/braids/internal/tui/spineview.go:154.2,155.90 1 68
github.com/Ashes47/braids/internal/tui/spineview.go:160.34,161.47 1 26
github.com/Ashes47/braids/internal/tui/spineview.go:161.47,163.3 1 0
github.com/Ashes47/braids/internal/tui/spineview.go:164.2,164.52 1 26
github.com/Ashes47/braids/internal/tui/spineview.go:169.57,170.24 1 29
github.com/Ashes47/braids/internal/tui/spineview.go:170.24,172.3 1 0
github.com/Ashes47/braids/internal/tui/spineview.go:173.2,175.25 3 29
github.com/Ashes47/braids/internal/tui/spineview.go:175.25,176.67 1 3
github.com/Ashes47/braids/internal/tui/spineview.go:176.67,178.4 1 3
github.com/Ashes47/braids/internal/tui/spineview.go:180.2,181.28 2 29
github.com/Ashes47/braids/internal/tui/spineview.go:181.28,183.3 1 1
github.com/Ashes47/braids/internal/tui/spineview.go:184.2,186.10 3 29
github.com/Ashes47/braids/internal/tui/spineview.go:190.35,191.30 1 6
github.com/Ashes47/braids/internal/tui/spineview.go:191.30,195.3 3 2
github.com/Ashes47/braids/internal/tui/spineview.go:196.2,198.10 3 4
github.com/Ashes47/braids/internal/tui/spineview.go:201.54,203.21 2 57
github.com/Ashes47/braids/internal/tui/spineview.go:203.21,205.3 1 4
github.com/Ashes47/braids/internal/tui/spineview.go:206.2,206.23 1 53
github.com/Ashes47/braids/internal/tui/spineview.go:206.23,210.3 3 23
github.com/Ashes47/braids/internal/tui/spineview.go:211.2,211.13 1 30
github.com/Ashes47/braids/internal/tui/spineview.go:212.39,213.29 1 5
github.com/Ashes47/braids/internal/tui/spineview.go:214.11,215.31 1 1
github.com/Ashes47/braids/internal/tui/spineview.go:216.29,218.23 2 4
github.com/Ashes47/braids/internal/tui/spineview.go:218.23,220.4 1 3
github.com/Ashes47/braids/internal/tui/spineview.go:221.3,221.22 1 1
github.com/Ashes47/braids/internal/tui/spineview.go:221.22,224.4 2 0
github.com/Ashes47/braids/internal/tui/spineview.go:225.3,225.41 1 1
github.com/Ashes47/braids/internal/tui/spineview.go:226.19,227.47 1 7
github.com/Ashes47/braids/internal/tui/spineview.go:228.17,229.48 1 2
github.com/Ashes47/braids/internal/tui/spineview.go:230.19,231.15 1 0
github.com/Ashes47/braids/internal/tui/spineview.go:232.18,233.32 1 0
github.com/Ashes47/braids/internal/tui/spineview.go:234.26,235.33 1 0
github.com/Ashes47/braids/internal/tui/spineview.go:236.24,237.33 1 0
github.com/Ashes47/braids/internal/tui/spineview.go:238.11,239.25 1 1
github.com/Ashes47/braids/internal/tui/spineview.go:240.11,241.30 1 7
github.com/Ashes47/braids/internal/tui/spineview.go:242.11,243.32 1 0
github.com/Ashes47/braids/internal/tui/spineview.go:244.11,246.16 2 1
github.com/Ashes47/braids/internal/tui/spineview.go:247.11,249.30 2 2
github.com/Ashes47/braids/internal/tui/spineview.go:250.11,252.30 2 0
github.com/Ashes47/braids/internal/tui/spineview.go:253.11,254.48 1 0
github.com/Ashes47/braids/internal/tui/spineview.go:255.11,256.49 1 0
github.com/Ashes47/braids/internal/tui/spineview.go:258.2,259.15 2 10
github.com/Ashes47/braids/internal/tui/spineview.go:262.30,264.14 2 38
github.com/Ashes47/braids/internal/tui/spineview.go:264.14,266.3 1 0
github.com/Ashes47/braids/internal/tui/spineview.go:267.2,267.32 1 38
github.com/Ashes47/braids/internal/tui/spineview.go:267.32,269.3 1 0
github.com/Ashes47/braids/internal/tui/spineview.go:270.2,270.18 1 38
github.com/Ashes47/braids/internal/tui/spineview.go:270.18,272.3 1 0
github.com/Ashes47/braids/internal/tui/spineview.go:273.2,274.25 2 38
github.com/Ashes47/braids/internal/tui/spineview.go:274.25,276.3 1 0
github.com/Ashes47/braids/internal/tui/spineview.go:277.2,277.28 1 38
github.com/Ashes47/braids/internal/tui/spineview.go:277.28,279.3 1 0
github.com/Ashes47/braids/internal/tui/spineview.go:280.2,280.18 1 38
github.com/Ashes47/braids/internal/tui/spineview.go:280.18,282.3 1 0
github.com/Ashes47/braids/internal/tui/spineview.go:285.37,296.9 10 21
github.com/Ashes47/braids/internal/tui/spineview.go:297.20,300.32 3 1
github.com/Ashes47/braids/internal/tui/spineview.go:300.32,302.4 1 8
github.com/Ashes47/braids/internal/tui/spineview.go:303.27,306.32 3 4
github.com/Ashes47/braids/internal/tui/spineview.go:306.32,308.4 1 32
github.com/Ashes47/braids/internal/tui/spineview.go:309.10,312.61 3 16
github.com/Ashes47/braids/internal/tui/spineview.go:312.61,318.66 4 52
github.com/Ashes47/braids/internal/tui/spineview.go:318.66,322.5 3 0
github.com/Ashes47/braids/internal/tui/spineview.go:324.3,324.36 1 16
github.com/Ashes47/braids/internal/tui/spineview.go:324.36,326.4 1 94
github.com/Ashes47/braids/internal/tui/spineview.go:328.2,331.19 4 21
github.com/Ashes47/braids/internal/tui/spineview.go:335.36,343.15 6 0
github.com/Ashes47/braids/internal/tui/spineview.go:343.15,345.3 1 0
github.com/Ashes47/braids/internal/tui/spineview.go:346.2,349.29 1 0
github.com/Ashes47/braids/internal/tui/spineview.go:354.37,356.9 2 21
github.com/Ashes47/braids/internal/tui/spineview.go:357.23,358.32 1 1
github.com/Ashes47/braids/internal/tui/spineview.go:359.22,361.15 2 11
github.com/Ashes47/braids/internal/tui/spineview.go:361.15,363.4 1 7
github.com/Ashes47/braids/internal/tui/spineview.go:364.3,364.38 1 11
github.com/Ashes47/braids/internal/tui/spineview.go:365.10,366.47 1 9
github.com/Ashes47/braids/internal/tui/spineview.go:370.43,371.25 1 4
github.com/Ashes47/braids/internal/tui/spineview.go:371.25,373.3 1 1
github.com/Ashes47/braids/internal/tui/spineview.go:374.2,374.41 1 3
github.com/Ashes47/braids/internal/tui/spineview.go:377.36,379.16 2 21
github.com/Ashes47/braids/internal/tui/spineview.go:379.16,381.3 1 0
github.com/Ashes47/braids/internal/tui/spineview.go:382.2,383.25 2 21
github.com/Ashes47/braids/internal/tui/spineview.go:383.25,385.3 1 2
github.com/Ashes47/braids/internal/tui/spineview.go:386.2,386.88 1 21
github.com/Ashes47/braids/internal/tui/spineview.go:390.35,392.2 1 21
github.com/Ashes47/braids/internal/tui/spineview.go:394.36,396.35 2 169
github.com/Ashes47/braids/internal/tui/spineview.go:396.35,397.30 1 563
github.com/Ashes47/braids/internal/tui/spineview.go:397.30,400.4 2 117
github.com/Ashes47/braids/internal/tui/spineview.go:402.2,405.27 4 169
github.com/Ashes47/braids/internal/tui/spineview.go:405.27,407.3 1 24
github.com/Ashes47/braids/internal/tui/spineview.go:408.2,414.14 2 169
github.com/Ashes47/braids/internal/tui/spineview.go:418.26,427.2 1 169
github.com/Ashes47/braids/internal/tui/spineview.go:431.38,439.2 2 169
github.com/Ashes47/braids/internal/tui/spineview.go:447.48,448.9 1 173
github.com/Ashes47/braids/internal/tui/spineview.go:449.32,450.16 1 53
github.com/Ashes47/braids/internal/tui/spineview.go:451.19,452.43 1 98
github.com/Ashes47/braids/internal/tui/spineview.go:453.17,454.46 1 1
github.com/Ashes47/braids/internal/tui/spineview.go:455.10,456.68 1 21
github.com/Ashes47/braids/internal/tui/spineview.go:460.38,463.19 3 21
github.com/Ashes47/braids/internal/tui/spineview.go:463.19,465.3 1 0
github.com/Ashes47/braids/internal/tui/spineview.go:466.2,466.103 1 21
github.com/Ashes47/braids/internal/tui/spineview.go:475.66,477.9 2 52
github.com/Ashes47/braids/internal/tui/spineview.go:478.24,479.42 1 0
github.com/Ashes47/braids/internal/tui/spineview.go:480.23,481.40 1 2
github.com/Ashes47/braids/internal/tui/spineview.go:482.10,483.42 1 50
github.com/Ashes47/braids/internal/tui/spineview.go:485.2,485.14 1 52
github.com/Ashes47/braids/internal/tui/spineview.go:485.14,487.3 1 16
github.com/Ashes47/braids/internal/tui/spineview.go:488.2,488.15 1 36
github.com/Ashes47/braids/internal/tui/spineview.go:493.72,499.18 5 0
github.com/Ashes47/braids/internal/tui/spineview.go:499.18,501.3 1 0
github.com/Ashes47/braids/internal/tui/spineview.go:502.2,503.19 2 0
github.com/Ashes47/braids/internal/tui/spineview.go:503.19,505.3 1 0
github.com/Ashes47/braids/internal/tui/spineview.go:506.2,511.22 4 0
github.com/Ashes47/braids/internal/tui/spineview.go:516.64,519.16 3 2
github.com/Ashes47/braids/internal/tui/spineview.go:519.16,521.3 1 0
github.com/Ashes47/braids/internal/tui/spineview.go:522.2,526.19 4 2
github.com/Ashes47/braids/internal/tui/spineview.go:526.19,528.3 1 0
github.com/Ashes47/braids/internal/tui/spineview.go:529.2,534.22 4 2
github.com/Ashes47/braids/internal/tui/spineview.go:537.71,541.37 3 50
github.com/Ashes47/braids/internal/tui/spineview.go:541.37,543.3 1 11
github.com/Ashes47/braids/internal/tui/spineview.go:544.2,548.19 3 50
github.com/Ashes47/braids/internal/tui/spineview.go:548.19,550.3 1 0
github.com/Ashes47/braids/internal/tui/spineview.go:552.2,554.18 3 50
github.com/Ashes47/braids/internal/tui/spineview.go:555.20,557.59 2 11
github.com/Ashes47/braids/internal/tui/spineview.go:558.10,561.33 3 39
github.com/Ashes47/braids/internal/tui/spineview.go:561.33,563.4 1 24
github.com/Ashes47/braids/internal/tui/spineview.go:564.3,565.58 2 39
github.com/Ashes47/braids/internal/tui/spineview.go:565.58,568.4 2 0
github.com/Ashes47/braids/internal/tui/spineview.go:570.2,580.22 6 50
github.com/Ashes47/braids/internal/tui/spineview.go:584.36,588.21 2 7
github.com/Ashes47/braids/internal/tui/spineview.go:588.21,591.3 2 1
github.com/Ashes47/braids/internal/tui/spineview.go:592.2,592.44 1 6
github.com/Ashes47/braids/internal/tui/spineview.go:592.44,595.3 2 1
github.com/Ashes47/braids/internal/tui/spineview.go:596.2,597.21 2 5
github.com/Ashes47/braids/internal/tui/spineview.go:597.21,600.3 2 1
github.com/Ashes47/braids/internal/tui/spineview.go:601.2,602.30 2 4
github.com/Ashes47/braids/internal/tui/spineview.go:602.30,605.3 2 1
github.com/Ashes47/braids/internal/tui/spineview.go:606.2,608.10 3 3
github.com/Ashes47/braids/internal/tui/spineview.go:611.44,613.13 2 4
github.com/Ashes47/braids/internal/tui/spineview.go:614.13,615.27 1 0
github.com/Ashes47/braids/internal/tui/spineview.go:616.15,617.26 1 2
github.com/Ashes47/braids/internal/tui/spineview.go:618.10,619.21 1 2
github.com/Ashes47/braids/internal/tui/spineview.go:621.2,621.10 1 2
github.com/Ashes47/braids/internal/tui/spineview.go:627.37,634.16 6 2
github.com/Ashes47/braids/internal/tui/spineview.go:634.16,637.3 2 1
github.com/Ashes47/braids/internal/tui/spineview.go:638.2,639.22 2 1
github.com/Ashes47/braids/internal/tui/spineview.go:639.22,641.17 2 0
github.com/Ashes47/braids/internal/tui/spineview.go:641.17,644.4 2 0
github.com/Ashes47/braids/internal/tui/spineview.go:645.3,645.22 1 0
github.com/Ashes47/braids/internal/tui/spineview.go:647.2,648.10 2 1
github.com/Ashes47/braids/internal/tui/spineview.go:653.44,656.26 3 7
github.com/Ashes47/braids/internal/tui/spineview.go:656.26,658.33 2 25
github.com/Ashes47/braids/internal/tui/spineview.go:658.33,659.12 1 14
github.com/Ashes47/braids/internal/tui/spineview.go:661.3,662.20 2 11
github.com/Ashes47/braids/internal/tui/spineview.go:662.20,663.9 1 1
github.com/Ashes47/braids/internal/tui/spineview.go:666.2,666.19 1 7
github.com/Ashes47/braids/internal/tui/spineview.go:666.19,668.3 1 2
github.com/Ashes47/braids/internal/tui/spineview.go:669.2,669.31 1 5
github.com/Ashes47/braids/internal/tui/spineview.go:684.54,685.29 1 3
github.com/Ashes47/braids/internal/tui/spineview.go:685.29,688.3 2 0
github.com/Ashes47/braids/internal/tui/spineview.go:689.2,700.10 11 3
github.com/Ashes47/braids/internal/tui/spineview.go:704.48,705.9 1 3
github.com/Ashes47/braids/internal/tui/spineview.go:706.36,707.32 1 3
github.com/Ashes47/braids/internal/tui/spineview.go:708.20,709.16 1 0
github.com/Ashes47/braids/internal/tui/spineview.go:710.10,711.16 1 0
github.com/Ashes47/braids/internal/tui/spineview.go:717.37,720.21 3 1
github.com/Ashes47/braids/internal/tui/spineview.go:720.21,722.3 1 1
github.com/Ashes47/braids/internal/tui/spineview.go:722.8,722.49 1 0
github.com/Ashes47/braids/internal/tui/spineview.go:722.49,724.3 1 0
github.com/Ashes47/braids/internal/tui/spineview.go:725.2,725.19 1 1
github.com/Ashes47/braids/internal/tui/spineview.go:725.19,728.3 2 0
github.com/Ashes47/braids/internal/tui/spineview.go:729.2,729.22 1 1
github.com/Ashes47/braids/internal/tui/spineview.go:729.22,732.3 2 0
github.com/Ashes47/braids/internal/tui/spineview.go:733.2,734.16 2 1
github.com/Ashes47/braids/internal/tui/spineview.go:734.16,737.3 2 0
github.com/Ashes47/braids/internal/tui/spineview.go:738.2,739.22 2 1
github.com/Ashes47/braids/internal/tui/spineview.go:739.22,741.24 2 0
github.com/Ashes47/braids/internal/tui/spineview.go:741.24,744.4 2 0
github.com/Ashes47/braids/internal/tui/spineview.go:745.3,745.22 1 0
github.com/Ashes47/braids/internal/tui/spineview.go:747.2,748.10 2 1
github.com/Ashes47/braids/internal/tui/spineview.go:755.54,756.34 1 10
github.com/Ashes47/braids/internal/tui/spineview.go:756.34,758.23 2 14
github.com/Ashes47/braids/internal/tui/spineview.go:758.23,760.4 1 9
github.com/Ashes47/braids/internal/tui/spineview.go:762.2,762.13 1 1
github.com/Ashes47/braids/internal/tui/spineview.go:765.30,767.2 1 14
github.com/Ashes47/braids/internal/tui/spineview.go:770.42,772.30 2 79
github.com/Ashes47/braids/internal/tui/spineview.go:772.30,773.22 1 46
github.com/Ashes47/braids/internal/tui/spineview.go:773.22,774.9 1 0
github.com/Ashes47/braids/internal/tui/spineview.go:776.3,776.63 1 46
github.com/Ashes47/braids/internal/tui/spineview.go:778.2,778.36 1 79
github.com/Ashes47/braids/internal/tui/spineview.go:781.31,781.78 1 52
github.com/Ashes47/braids/internal/tui/state.go:47.60,48.9 1 537
github.com/Ashes47/braids/internal/tui/state.go:49.58,50.20 1 484
github.com/Ashes47/braids/internal/tui/state.go:51.89,52.23 1 2
github.com/Ashes47/braids/internal/tui/state.go:53.48,54.25 1 2
github.com/Ashes47/braids/internal/tui/state.go:55.78,56.22 1 16
github.com/Ashes47/braids/internal/tui/state.go:57.37,58.22 1 2
github.com/Ashes47/braids/internal/tui/state.go:59.10,60.23 1 31
github.com/Ashes47/braids/internal/tui/state.go:65.55,66.28 1 482
github.com/Ashes47/braids/internal/tui/state.go:67.21,68.45 1 23
github.com/Ashes47/braids/internal/tui/state.go:69.37,71.14 1 2
github.com/Ashes47/braids/internal/tui/state.go:72.10,73.15 1 457
github.com/Ashes47/braids/internal/tui/state.go:79.78,80.15 1 88
github.com/Ashes47/braids/internal/tui/state.go:81.35,82.23 1 5
github.com/Ashes47/braids/internal/tui/state.go:83.37,84.24 1 0
github.com/Ashes47/braids/internal/tui/state.go:85.21,86.46 1 8
github.com/Ashes47/braids/internal/tui/state.go:86.46,88.4 1 4
github.com/Ashes47/braids/internal/tui/state.go:89.3,89.23 1 4
github.com/Ashes47/braids/internal/tui/state.go:90.10,91.23 1 75
github.com/Ashes47/braids/internal/tui/theme.go:38.35,39.11 1 73
github.com/Ashes47/braids/internal/tui/theme.go:39.11,41.3 1 73
github.com/Ashes47/braids/internal/tui/theme.go:42.2,42.147 1 0
github.com/Ashes47/braids/internal/tui/theme.go:70.41,72.45 2 72
github.com/Ashes47/braids/internal/tui/theme.go:72.45,72.63 1 504
github.com/Ashes47/braids/internal/tui/theme.go:74.2,103.3 8 72
