mode: atomic
github.com/Ashes47/braids/internal/core/watch/watch.go:33.41,35.16 2 5
github.com/Ashes47/braids/internal/core/watch/watch.go:35.16,37.3 1 0
github.com/Ashes47/braids/internal/core/watch/watch.go:38.2,43.42 2 5
github.com/Ashes47/braids/internal/core/watch/watch.go:43.42,45.3 1 0
github.com/Ashes47/braids/internal/core/watch/watch.go:46.2,47.15 2 5
github.com/Ashes47/braids/internal/core/watch/watch.go:52.45,52.65 1 6
github.com/Ashes47/braids/internal/core/watch/watch.go:55.33,56.19 1 7
github.com/Ashes47/braids/internal/core/watch/watch.go:56.19,56.36 1 5
github.com/Ashes47/braids/internal/core/watch/watch.go:57.2,57.21 1 7
github.com/Ashes47/braids/internal/core/watch/watch.go:62.48,63.39 1 5
github.com/Ashes47/braids/internal/core/watch/watch.go:63.39,65.3 1 0
github.com/Ashes47/braids/internal/core/watch/watch.go:66.2,67.16 2 5
github.com/Ashes47/braids/internal/core/watch/watch.go:67.16,69.3 1 0
github.com/Ashes47/braids/internal/core/watch/watch.go:70.2,70.28 1 5
github.com/Ashes47/braids/internal/core/watch/watch.go:70.28,71.17 1 5
github.com/Ashes47/braids/internal/core/watch/watch.go:71.17,72.12 1 0
github.com/Ashes47/braids/internal/core/watch/watch.go:76.3,76.46 1 5
github.com/Ashes47/braids/internal/core/watch/watch.go:78.2,78.12 1 5
github.com/Ashes47/braids/internal/core/watch/watch.go:81.25,83.19 2 5
github.com/Ashes47/braids/internal/core/watch/watch.go:83.19,85.3 1 0
github.com/Ashes47/braids/internal/core/watch/watch.go:86.2,88.6 2 5
github.com/Ashes47/braids/internal/core/watch/watch.go:88.6,89.10 1 33
github.com/Ashes47/braids/internal/core/watch/watch.go:90.17,91.10 1 5
github.com/Ashes47/braids/internal/core/watch/watch.go:93.35,94.11 1 24
github.com/Ashes47/braids/internal/core/watch/watch.go:94.11,96.5 1 0
github.com/Ashes47/braids/internal/core/watch/watch.go:99.4,99.55 1 24
github.com/Ashes47/braids/internal/core/watch/watch.go:99.55,101.5 1 1
github.com/Ashes47/braids/internal/core/watch/watch.go:102.4,102.27 1 24
github.com/Ashes47/braids/internal/core/watch/watch.go:102.27,103.13 1 1
github.com/Ashes47/braids/internal/core/watch/watch.go:105.4,105.16 1 23
github.com/Ashes47/braids/internal/core/watch/watch.go:105.16,107.5 1 4
github.com/Ashes47/braids/internal/core/watch/watch.go:107.10,107.28 1 19
github.com/Ashes47/braids/internal/core/watch/watch.go:107.28,108.12 1 0
github.com/Ashes47/braids/internal/core/watch/watch.go:109.20,109.20 0 0
github.com/Ashes47/braids/internal/core/watch/watch.go:110.13,110.13 0 0
github.com/Ashes47/braids/internal/core/watch/watch.go:113.4,113.23 1 23
github.com/Ashes47/braids/internal/core/watch/watch.go:115.18,117.11 2 4
github.com/Ashes47/braids/internal/core/watch/watch.go:118.33,118.33 0 4
github.com/Ashes47/braids/internal/core/watch/watch.go:119.12,119.12 0 0
github.com/Ashes47/braids/internal/core/watch/watch.go:122.22,122.22 0 0
github.com/Ashes47/braids/internal/core/watch/watch.go:130.45,131.32 1 24
github.com/Ashes47/braids/internal/core/watch/watch.go:131.32,133.3 1 0
github.com/Ashes47/braids/internal/core/watch/watch.go:134.2,134.69 1 24
github.com/Ashes47/braids/internal/core/watch/watch.go:137.30,140.2 2 7
github.com/Ashes47/braids/internal/core/store/claudecode/birthtime_darwin.go:13.44,15.9 2 20
github.com/Ashes47/braids/internal/core/store/claudecode/birthtime_darwin.go:15.9,17.3 1 0
github.com/Ashes47/braids/internal/core/store/claudecode/birthtime_darwin.go:18.2,18.63 1 20
github.com/Ashes47/braids/internal/core/store/claudecode/branch.go:29.91,30.25 1 6
github.com/Ashes47/braids/internal/core/store/claudecode/branch.go:30.25,32.3 1 1
github.com/Ashes47/braids/internal/core/store/claudecode/branch.go:33.2,34.16 2 5
github.com/Ashes47/braids/internal/core/store/claudecode/branch.go:34.16,36.3 1 0
github.com/Ashes47/braids/internal/core/store/claudecode/branch.go:37.2,38.16 2 5
github.com/Ashes47/braids/internal/core/store/claudecode/branch.go:38.16,40.3 1 1
github.com/Ashes47/braids/internal/core/store/claudecode/branch.go:42.2,43.16 2 4
github.com/Ashes47/braids/internal/core/store/claudecode/branch.go:43.16,45.3 1 0
github.com/Ashes47/braids/internal/core/store/claudecode/branch.go:46.2,47.72 2 4
github.com/Ashes47/braids/internal/core/store/claudecode/branch.go:47.72,49.3 1 0
github.com/Ashes47/braids/internal/core/store/claudecode/branch.go:51.2,52.16 2 4
github.com/Ashes47/braids/internal/core/store/claudecode/branch.go:52.16,54.3 1 0
github.com/Ashes47/braids/internal/core/store/claudecode/branch.go:55.2,64.8 1 4
github.com/Ashes47/braids/internal/core/store/claudecode/branch.go:74.45,76.16 2 5
github.com/Ashes47/braids/internal/core/store/claudecode/branch.go:76.16,78.3 1 0
github.com/Ashes47/braids/internal/core/store/claudecode/branch.go:79.2,83.16 4 5
github.com/Ashes47/braids/internal/core/store/claudecode/branch.go:83.16,86.49 3 30
github.com/Ashes47/braids/internal/core/store/claudecode/branch.go:86.49,88.12 2 0
github.com/Ashes47/braids/internal/core/store/claudecode/branch.go:90.3,90.72 1 30
github.com/Ashes47/braids/internal/core/store/claudecode/branch.go:92.2,92.33 1 5
github.com/Ashes47/braids/internal/core/store/claudecode/branch.go:92.33,94.3 1 0
github.com/Ashes47/braids/internal/core/store/claudecode/branch.go:95.2,95.17 1 5
github.com/Ashes47/braids/internal/core/store/claudecode/branch.go:101.69,104.26 3 5
github.com/Ashes47/braids/internal/core/store/claudecode/branch.go:104.26,105.19 1 30
github.com/Ashes47/braids/internal/core/store/claudecode/branch.go:105.19,106.12 1 5
github.com/Ashes47/braids/internal/core/store/claudecode/branch.go:108.3,109.23 2 25
github.com/Ashes47/braids/internal/core/store/claudecode/branch.go:109.23,111.4 1 4
github.com/Ashes47/braids/internal/core/store/claudecode/branch.go:113.2,113.12 1 5
github.com/Ashes47/braids/internal/core/store/claudecode/branch.go:113.12,115.3 1 1
github.com/Ashes47/braids/internal/core/store/claudecode/branch.go:117.2,118.65 2 4
github.com/Ashes47/braids/internal/core/store/claudecode/branch.go:118.65,120.3 1 11
github.com/Ashes47/braids/internal/core/store/claudecode/branch.go:121.2,121.18 1 4
github.com/Ashes47/braids/internal/core/store/claudecode/branch.go:124.126,126.16 2 4
github.com/Ashes47/braids/internal/core/store/claudecode/branch.go:126.16,128.3 1 0
github.com/Ashes47/braids/internal/core/store/claudecode/branch.go:129.2,132.29 3 4
github.com/Ashes47/braids/internal/core/store/claudecode/branch.go:132.29,134.17 2 6
github.com/Ashes47/braids/internal/core/store/claudecode/branch.go:134.17,136.4 1 0
github.com/Ashes47/braids/internal/core/store/claudecode/branch.go:137.3,138.13 2 6
github.com/Ashes47/braids/internal/core/store/claudecode/branch.go:141.2,141.21 1 4
github.com/Ashes47/braids/internal/core/store/claudecode/branch.go:141.21,142.21 1 4
github.com/Ashes47/braids/internal/core/store/claudecode/branch.go:142.21,145.19 1 2
github.com/Ashes47/braids/internal/core/store/claudecode/branch.go:145.19,147.5 1 0
github.com/Ashes47/braids/internal/core/store/claudecode/branch.go:149.3,149.27 1 4
github.com/Ashes47/braids/internal/core/store/claudecode/branch.go:149.27,150.36 1 24
github.com/Ashes47/braids/internal/core/store/claudecode/branch.go:150.36,152.5 1 0
github.com/Ashes47/braids/internal/core/store/claudecode/branch.go:153.4,153.37 1 24
github.com/Ashes47/braids/internal/core/store/claudecode/branch.go:153.37,154.13 1 13
github.com/Ashes47/braids/internal/core/store/claudecode/branch.go:156.4,157.18 2 11
github.com/Ashes47/braids/internal/core/store/claudecode/branch.go:157.18,159.5 1 0
github.com/Ashes47/braids/internal/core/store/claudecode/branch.go:160.4,160.64 1 11
github.com/Ashes47/braids/internal/core/store/claudecode/branch.go:160.64,162.5 1 0
github.com/Ashes47/braids/internal/core/store/claudecode/branch.go:165.3,167.5 1 4
github.com/Ashes47/braids/internal/core/store/claudecode/branch.go:169.2,169.16 1 4
github.com/Ashes47/braids/internal/core/store/claudecode/branch.go:169.16,171.3 1 0
github.com/Ashes47/braids/internal/core/store/claudecode/branch.go:172.2,172.36 1 4
github.com/Ashes47/braids/internal/core/store/claudecode/branch.go:172.36,174.3 1 0
github.com/Ashes47/braids/internal/core/store/claudecode/branch.go:175.2,175.49 1 4
github.com/Ashes47/braids/internal/core/store/claudecode/branch.go:175.49,177.3 1 0
github.com/Ashes47/braids/internal/core/store/claudecode/branch.go:178.2,178.12 1 4
github.com/Ashes47/braids/internal/core/store/claudecode/branch.go:182.57,184.9 2 11
github.com/Ashes47/braids/internal/core/store/claudecode/branch.go:184.9,187.3 1 0
github.com/Ashes47/braids/internal/core/store/claudecode/branch.go:188.2,189.16 2 11
github.com/Ashes47/braids/internal/core/store/claudecode/branch.go:189.16,191.3 1 0
github.com/Ashes47/braids/internal/core/store/claudecode/branch.go:192.2,192.58 1 11
github.com/Ashes47/braids/internal/core/store/claudecode/branch.go:192.58,193.31 1 22
github.com/Ashes47/braids/internal/core/store/claudecode/branch.go:193.31,195.4 1 11
github.com/Ashes47/braids/internal/core/store/claudecode/branch.go:197.2,198.16 2 11
github.com/Ashes47/braids/internal/core/store/claudecode/branch.go:198.16,200.3 1 0
github.com/Ashes47/braids/internal/core/store/claudecode/branch.go:201.2,201.17 1 11
github.com/Ashes47/braids/internal/core/store/claudecode/branch.go:206.66,208.53 2 11
github.com/Ashes47/braids/internal/core/store/claudecode/branch.go:208.53,210.3 1 0
github.com/Ashes47/braids/internal/core/store/claudecode/branch.go:211.2,211.21 1 11
github.com/Ashes47/braids/internal/core/store/claudecode/branch.go:215.37,217.43 2 4
github.com/Ashes47/braids/internal/core/store/claudecode/branch.go:217.43,219.3 1 0
github.com/Ashes47/braids/internal/core/store/claudecode/branch.go:220.2,223.85 4 4
github.com/Ashes47/braids/internal/core/store/claudecode/branch.go:226.30,227.18 1 1
github.com/Ashes47/braids/internal/core/store/claudecode/branch.go:227.18,229.3 1 1
github.com/Ashes47/braids/internal/core/store/claudecode/branch.go:230.2,230.15 1 0
github.com/Ashes47/braids/internal/core/store/claudecode/claudecode.go:33.31,33.61 1 11
github.com/Ashes47/braids/internal/core/store/claudecode/claudecode.go:36.36,38.16 2 0
github.com/Ashes47/braids/internal/core/store/claudecode/claudecode.go:38.16,40.3 1 0
github.com/Ashes47/braids/internal/core/store/claudecode/claudecode.go:41.2,41.56 1 0
github.com/Ashes47/braids/internal/core/store/claudecode/claudecode.go:45.32,45.55 1 20
github.com/Ashes47/braids/internal/core/store/claudecode/claudecode.go:48.52,56.2 1 0
github.com/Ashes47/braids/internal/core/store/claudecode/claudecode.go:65.67,67.16 2 13
github.com/Ashes47/braids/internal/core/store/claudecode/claudecode.go:67.16,69.3 1 0
github.com/Ashes47/braids/internal/core/store/claudecode/claudecode.go:70.2,71.35 2 13
github.com/Ashes47/braids/internal/core/store/claudecode/claudecode.go:71.35,72.23 1 13
github.com/Ashes47/braids/internal/core/store/claudecode/claudecode.go:72.23,73.12 1 0
github.com/Ashes47/braids/internal/core/store/claudecode/claudecode.go:75.3,77.17 3 13
github.com/Ashes47/braids/internal/core/store/claudecode/claudecode.go:77.17,79.4 1 0
github.com/Ashes47/braids/internal/core/store/claudecode/claudecode.go:80.3,80.29 1 13
github.com/Ashes47/braids/internal/core/store/claudecode/claudecode.go:80.29,81.36 1 17
github.com/Ashes47/braids/internal/core/store/claudecode/claudecode.go:81.36,83.5 1 0
github.com/Ashes47/braids/internal/core/store/claudecode/claudecode.go:84.4,84.59 1 17
github.com/Ashes47/braids/internal/core/store/claudecode/claudecode.go:84.59,85.13 1 1
github.com/Ashes47/braids/internal/core/store/claudecode/claudecode.go:87.4,88.18 2 16
github.com/Ashes47/braids/internal/core/store/claudecode/claudecode.go:88.18,90.5 1 0
github.com/Ashes47/braids/internal/core/store/claudecode/claudecode.go:91.4,101.31 3 16
github.com/Ashes47/braids/internal/core/store/claudecode/claudecode.go:104.2,104.19 1 13
github.com/Ashes47/braids/internal/core/store/claudecode/claudecode.go:110.81,112.16 2 3
github.com/Ashes47/braids/internal/core/store/claudecode/claudecode.go:112.16,114.3 1 0
github.com/Ashes47/braids/internal/core/store/claudecode/claudecode.go:115.2,116.18 2 3
github.com/Ashes47/braids/internal/core/store/claudecode/claudecode.go:121.90,123.16 2 7
github.com/Ashes47/braids/internal/core/store/claudecode/claudecode.go:123.16,125.3 1 0
github.com/Ashes47/braids/internal/core/store/claudecode/claudecode.go:126.2,136.16 4 7
github.com/Ashes47/braids/internal/core/store/claudecode/claudecode.go:136.16,137.35 1 26
github.com/Ashes47/braids/internal/core/store/claudecode/claudecode.go:137.35,139.4 1 0
github.com/Ashes47/braids/internal/core/store/claudecode/claudecode.go:140.3,141.56 2 26
github.com/Ashes47/braids/internal/core/store/claudecode/claudecode.go:141.56,142.12 1 1
github.com/Ashes47/braids/internal/core/store/claudecode/claudecode.go:144.3,144.19 1 25
github.com/Ashes47/braids/internal/core/store/claudecode/claudecode.go:144.19,145.12 1 4
github.com/Ashes47/braids/internal/core/store/claudecode/claudecode.go:147.3,149.10 3 21
github.com/Ashes47/braids/internal/core/store/claudecode/claudecode.go:149.10,151.12 2 7
github.com/Ashes47/braids/internal/core/store/claudecode/claudecode.go:153.3,155.36 3 14
github.com/Ashes47/braids/internal/core/store/claudecode/claudecode.go:155.36,157.4 1 1
github.com/Ashes47/braids/internal/core/store/claudecode/claudecode.go:159.2,159.33 1 6
github.com/Ashes47/braids/internal/core/store/claudecode/claudecode.go:159.33,161.3 1 0
github.com/Ashes47/braids/internal/core/store/claudecode/claudecode.go:162.2,162.12 1 6
github.com/Ashes47/braids/internal/core/store/claudecode/claudecode.go:165.44,169.2 3 15
github.com/Ashes47/braids/internal/core/store/claudecode/claudecode.go:173.38,175.21 2 16
github.com/Ashes47/braids/internal/core/store/claudecode/claudecode.go:175.21,177.3 1 0
github.com/Ashes47/braids/internal/core/store/claudecode/claudecode.go:178.2,178.28 1 16
github.com/Ashes47/braids/internal/core/store/claudecode/claudecode.go:186.59,188.16 2 3
github.com/Ashes47/braids/internal/core/store/claudecode/claudecode.go:188.16,190.3 1 0
github.com/Ashes47/braids/internal/core/store/claudecode/claudecode.go:191.2,195.16 4 3
github.com/Ashes47/braids/internal/core/store/claudecode/claudecode.go:195.16,197.57 2 9
github.com/Ashes47/braids/internal/core/store/claudecode/claudecode.go:197.57,201.39 2 1
github.com/Ashes47/braids/internal/core/store/claudecode/claudecode.go:201.39,203.5 1 1
github.com/Ashes47/braids/internal/core/store/claudecode/claudecode.go:205.3,205.26 1 9
github.com/Ashes47/braids/internal/core/store/claudecode/claudecode.go:205.26,206.12 1 5
github.com/Ashes47/braids/internal/core/store/claudecode/claudecode.go:208.3,209.50 2 4
github.com/Ashes47/braids/internal/core/store/claudecode/claudecode.go:209.50,210.12 1 0
github.com/Ashes47/braids/internal/core/store/claudecode/claudecode.go:212.3,212.10 1 4
github.com/Ashes47/braids/internal/core/store/claudecode/claudecode.go:213.28,214.26 1 2
github.com/Ashes47/braids/internal/core/store/claudecode/claudecode.go:215.24,216.18 1 1
github.com/Ashes47/braids/internal/core/store/claudecode/claudecode.go:217.26,218.23 1 1
github.com/Ashes47/braids/internal/core/store/claudecode/claudecode.go:221.2,221.33 1 3
github.com/Ashes47/braids/internal/core/store/claudecode/claudecode.go:221.33,223.3 1 0
github.com/Ashes47/braids/internal/core/store/claudecode/claudecode.go:224.2,224.51 1 3
github.com/Ashes47/braids/internal/core/store/claudecode/claudecode.go:227.37,228.31 1 9
github.com/Ashes47/braids/internal/core/store/claudecode/claudecode.go:228.31,229.30 1 15
github.com/Ashes47/braids/internal/core/store/claudecode/claudecode.go:229.30,231.4 1 4
github.com/Ashes47/braids/internal/core/store/claudecode/claudecode.go:233.2,233.14 1 5
github.com/Ashes47/braids/internal/core/store/claudecode/claudecode.go:236.43,237.25 1 3
github.com/Ashes47/braids/internal/core/store/claudecode/claudecode.go:237.25,238.14 1 5
github.com/Ashes47/braids/internal/core/store/claudecode/claudecode.go:238.14,240.4 1 3
github.com/Ashes47/braids/internal/core/store/claudecode/claudecode.go:242.2,242.11 1 0
github.com/Ashes47/braids/internal/core/store/claudecode/claudecode.go:277.64,278.50 1 21
github.com/Ashes47/braids/internal/core/store/claudecode/claudecode.go:278.50,280.3 1 7
github.com/Ashes47/braids/internal/core/store/claudecode/claudecode.go:281.2,282.16 2 14
github.com/Ashes47/braids/internal/core/store/claudecode/claudecode.go:283.14,284.24 1 10
github.com/Ashes47/braids/internal/core/store/claudecode/claudecode.go:285.19,286.29 1 4
github.com/Ashes47/braids/internal/core/store/claudecode/claudecode.go:287.10,288.32 1 0
github.com/Ashes47/braids/internal/core/store/claudecode/claudecode.go:290.2,291.21 2 14
github.com/Ashes47/braids/internal/core/store/claudecode/claudecode.go:291.21,293.3 1 0
github.com/Ashes47/braids/internal/core/store/claudecode/claudecode.go:294.2,301.9 2 14
github.com/Ashes47/braids/internal/core/store/claudecode/claudecode.go:308.35,309.25 1 51
github.com/Ashes47/braids/internal/core/store/claudecode/claudecode.go:309.25,311.3 1 31
github.com/Ashes47/braids/internal/core/store/claudecode/claudecode.go:312.2,312.32 1 20
github.com/Ashes47/braids/internal/core/store/claudecode/claudecode.go:312.32,314.3 1 2
github.com/Ashes47/braids/internal/core/store/claudecode/claudecode.go:315.2,315.11 1 18
github.com/Ashes47/braids/internal/core/store/claudecode/claudecode.go:320.51,321.19 1 14
github.com/Ashes47/braids/internal/core/store/claudecode/claudecode.go:321.19,323.3 1 0
github.com/Ashes47/braids/internal/core/store/claudecode/claudecode.go:324.2,325.51 2 14
github.com/Ashes47/braids/internal/core/store/claudecode/claudecode.go:325.51,326.36 1 8
github.com/Ashes47/braids/internal/core/store/claudecode/claudecode.go:326.36,328.4 1 0
github.com/Ashes47/braids/internal/core/store/claudecode/claudecode.go:329.3,329.58 1 8
github.com/Ashes47/braids/internal/core/store/claudecode/claudecode.go:331.2,332.53 2 6
github.com/Ashes47/braids/internal/core/store/claudecode/claudecode.go:332.53,334.3 1 0
github.com/Ashes47/braids/internal/core/store/claudecode/claudecode.go:335.2,336.27 2 6
github.com/Ashes47/braids/internal/core/store/claudecode/claudecode.go:336.27,337.30 1 8
github.com/Ashes47/braids/internal/core/store/claudecode/claudecode.go:337.30,339.4 1 8
github.com/Ashes47/braids/internal/core/store/claudecode/claudecode.go:341.2,341.14 1 6
github.com/Ashes47/braids/internal/core/store/claudecode/claudecode.go:344.44,345.16 1 8
github.com/Ashes47/braids/internal/core/store/claudecode/claudecode.go:346.14,347.38 1 4
github.com/Ashes47/braids/internal/core/store/claudecode/claudecode.go:347.38,349.4 1 0
github.com/Ashes47/braids/internal/core/store/claudecode/claudecode.go:350.3,350.62 1 4
github.com/Ashes47/braids/internal/core/store/claudecode/claudecode.go:351.18,352.42 1 1
github.com/Ashes47/braids/internal/core/store/claudecode/claudecode.go:352.42,354.4 1 0
github.com/Ashes47/braids/internal/core/store/claudecode/claudecode.go:355.3,355.70 1 1
github.com/Ashes47/braids/internal/core/store/claudecode/claudecode.go:356.18,357.88 1 1
github.com/Ashes47/braids/internal/core/store/claudecode/claudecode.go:358.21,360.17 2 2
github.com/Ashes47/braids/internal/core/store/claudecode/claudecode.go:360.17,362.4 1 0
github.com/Ashes47/braids/internal/core/store/claudecode/claudecode.go:363.3,363.66 1 2
github.com/Ashes47/braids/internal/core/store/claudecode/claudecode.go:364.10,365.29 1 0
github.com/Ashes47/braids/internal/core/store/claudecode/claudecode.go:370.42,371.19 1 2
github.com/Ashes47/braids/internal/core/store/claudecode/claudecode.go:371.19,373.3 1 0
github.com/Ashes47/braids/internal/core/store/claudecode/claudecode.go:374.2,375.51 2 2
github.com/Ashes47/braids/internal/core/store/claudecode/claudecode.go:375.51,377.3 1 1
github.com/Ashes47/braids/internal/core/store/claudecode/claudecode.go:378.2,379.53 2 1
github.com/Ashes47/braids/internal/core/store/claudecode/claudecode.go:379.53,381.3 1 0
github.com/Ashes47/braids/internal/core/store/claudecode/claudecode.go:382.2,383.29 2 1
github.com/Ashes47/braids/internal/core/store/claudecode/claudecode.go:383.29,384.21 1 1
github.com/Ashes47/braids/internal/core/store/claudecode/claudecode.go:384.21,385.12 1 0
github.com/Ashes47/braids/internal/core/store/claudecode/claudecode.go:387.3,387.18 1 1
github.com/Ashes47/braids/internal/core/store/claudecode/claudecode.go:387.18,389.4 1 0
github.com/Ashes47/braids/internal/core/store/claudecode/claudecode.go:390.3,390.26 1 1
github.com/Ashes47/braids/internal/core/store/claudecode/claudecode.go:392.2,392.19 1 1
github.com/Ashes47/braids/internal/core/model/model.go:54.49,56.28 2 5
github.com/Ashes47/braids/internal/core/model/model.go:56.28,57.53 1 16
github.com/Ashes47/braids/internal/core/model/model.go:57.53,58.12 1 7
github.com/Ashes47/braids/internal/core/model/model.go:60.3,60.19 1 9
github.com/Ashes47/braids/internal/core/model/model.go:60.19,61.12 1 3
github.com/Ashes47/braids/internal/core/model/model.go:63.3,63.18 1 6
github.com/Ashes47/braids/internal/core/model/model.go:63.18,65.4 1 3
github.com/Ashes47/braids/internal/core/model/model.go:66.3,66.24 1 6
github.com/Ashes47/braids/internal/core/model/model.go:68.2,68.19 1 5
github.com/Ashes47/braids/internal/core/model/model.go:71.54,72.29 1 12
github.com/Ashes47/braids/internal/core/model/model.go:72.29,73.16 1 14
github.com/Ashes47/braids/internal/core/model/model.go:73.16,75.4 1 5
github.com/Ashes47/braids/internal/core/model/model.go:77.2,77.14 1 7
github.com/Ashes47/braids/internal/core/origins/origins.go:26.40,29.36 3 0
github.com/Ashes47/braids/internal/core/origins/origins.go:29.36,31.3 1 0
github.com/Ashes47/braids/internal/core/origins/origins.go:32.2,32.16 1 0
github.com/Ashes47/braids/internal/core/origins/origins.go:32.16,34.3 1 0
github.com/Ashes47/braids/internal/core/origins/origins.go:35.2,35.20 1 0
github.com/Ashes47/braids/internal/core/origins/origins.go:35.20,37.3 1 0
github.com/Ashes47/braids/internal/core/origins/origins.go:38.2,38.57 1 0
github.com/Ashes47/braids/internal/core/origins/origins.go:38.57,42.3 1 0
github.com/Ashes47/braids/internal/core/origins/origins.go:43.2,43.15 1 0
github.com/Ashes47/braids/internal/core/origins/origins.go:47.47,47.67 1 0
github.com/Ashes47/braids/internal/core/origins/origins.go:51.66,54.16 3 0
github.com/Ashes47/braids/internal/core/origins/origins.go:54.16,56.3 1 0
github.com/Ashes47/braids/internal/core/origins/origins.go:57.2,57.65 1 0
github.com/Ashes47/braids/internal/core/origins/origins.go:57.65,59.3 1 0
github.com/Ashes47/braids/internal/core/origins/origins.go:60.2,61.16 2 0
github.com/Ashes47/braids/internal/core/origins/origins.go:61.16,63.3 1 0
github.com/Ashes47/braids/internal/core/origins/origins.go:64.2,66.43 2 0
github.com/Ashes47/braids/internal/core/origins/origins.go:66.43,68.3 1 0
github.com/Ashes47/braids/internal/core/origins/origins.go:69.2,69.36 1 0
github.com/Ashes47/braids/internal/core/origins/origins.go:69.36,71.3 1 0
github.com/Ashes47/braids/internal/core/origins/origins.go:72.2,72.54 1 0
github.com/Ashes47/braids/internal/core/origins/origins.go:72.54,74.3 1 0
github.com/Ashes47/braids/internal/core/origins/origins.go:75.2,75.12 1 0
github.com/Ashes47/braids/internal/core/graph/graph.go:54.138,56.26 2 29
github.com/Ashes47/braids/internal/core/graph/graph.go:56.26,58.3 1 84
github.com/Ashes47/braids/internal/core/graph/graph.go:60.2,60.95 1 29
github.com/Ashes47/braids/internal/core/graph/graph.go:60.95,64.3 3 54
github.com/Ashes47/braids/internal/core/graph/graph.go:68.2,68.38 1 29
github.com/Ashes47/braids/internal/core/graph/graph.go:68.38,70.10 2 0
github.com/Ashes47/braids/internal/core/graph/graph.go:70.10,71.12 1 0
github.com/Ashes47/braids/internal/core/graph/graph.go:73.3,73.67 1 0
github.com/Ashes47/braids/internal/core/graph/graph.go:73.67,74.12 1 0
github.com/Ashes47/braids/internal/core/graph/graph.go:76.3,77.32 2 0
github.com/Ashes47/braids/internal/core/graph/graph.go:80.2,81.15 2 29
github.com/Ashes47/braids/internal/core/graph/graph.go:98.117,100.26 2 29
github.com/Ashes47/braids/internal/core/graph/graph.go:100.26,104.40 4 80
github.com/Ashes47/braids/internal/core/graph/graph.go:104.40,106.4 1 58
github.com/Ashes47/braids/internal/core/graph/graph.go:108.2,108.13 1 29
github.com/Ashes47/braids/internal/core/graph/graph.go:112.58,113.24 1 26
github.com/Ashes47/braids/internal/core/graph/graph.go:113.24,115.3 1 1
github.com/Ashes47/braids/internal/core/graph/graph.go:116.2,117.51 2 25
github.com/Ashes47/braids/internal/core/graph/graph.go:117.51,119.3 1 25
github.com/Ashes47/braids/internal/core/graph/graph.go:120.2,120.28 1 0
github.com/Ashes47/braids/internal/core/graph/graph.go:125.82,127.29 2 29
github.com/Ashes47/braids/internal/core/graph/graph.go:127.29,128.35 1 424
github.com/Ashes47/braids/internal/core/graph/graph.go:128.35,130.4 1 424
github.com/Ashes47/braids/internal/core/graph/graph.go:133.2,134.34 2 29
github.com/Ashes47/braids/internal/core/graph/graph.go:134.34,135.24 1 108
github.com/Ashes47/braids/internal/core/graph/graph.go:135.24,136.40 1 424
github.com/Ashes47/braids/internal/core/graph/graph.go:136.40,138.29 2 836
github.com/Ashes47/braids/internal/core/graph/graph.go:138.29,139.14 1 156
github.com/Ashes47/braids/internal/core/graph/graph.go:141.5,141.28 1 680
github.com/Ashes47/braids/internal/core/graph/graph.go:141.28,143.6 1 576
github.com/Ashes47/braids/internal/core/graph/graph.go:144.5,146.17 3 680
github.com/Ashes47/braids/internal/core/graph/graph.go:146.17,149.6 2 80
github.com/Ashes47/braids/internal/core/graph/graph.go:150.5,152.32 3 680
github.com/Ashes47/braids/internal/core/graph/graph.go:156.2,156.14 1 29
github.com/Ashes47/braids/internal/core/graph/graph.go:161.126,162.41 1 80
github.com/Ashes47/braids/internal/core/graph/graph.go:162.41,162.68 1 0
github.com/Ashes47/braids/internal/core/graph/graph.go:163.2,163.41 1 80
github.com/Ashes47/braids/internal/core/graph/graph.go:163.41,163.68 1 80
github.com/Ashes47/braids/internal/core/graph/graph.go:165.2,168.79 2 80
github.com/Ashes47/braids/internal/core/graph/graph.go:168.79,169.34 1 79
github.com/Ashes47/braids/internal/core/graph/graph.go:169.34,171.4 1 0
github.com/Ashes47/braids/internal/core/graph/graph.go:172.3,172.18 1 79
github.com/Ashes47/braids/internal/core/graph/graph.go:176.2,178.9 3 1
github.com/Ashes47/braids/internal/core/graph/graph.go:179.31,180.18 1 0
github.com/Ashes47/braids/internal/core/graph/graph.go:181.31,182.18 1 1
github.com/Ashes47/braids/internal/core/graph/graph.go:187.2,187.9 1 0
github.com/Ashes47/braids/internal/core/graph/graph.go:188.32,189.30 1 0
github.com/Ashes47/braids/internal/core/graph/graph.go:189.30,191.4 1 0
github.com/Ashes47/braids/internal/core/graph/graph.go:192.3,192.18 1 0
github.com/Ashes47/braids/internal/core/graph/graph.go:193.35,194.18 1 0
github.com/Ashes47/braids/internal/core/graph/graph.go:195.10,196.18 1 0
github.com/Ashes47/braids/internal/core/graph/graph.go:202.57,204.2 1 2
github.com/Ashes47/braids/internal/core/graph/graph.go:208.22,209.27 1 29
github.com/Ashes47/braids/internal/core/graph/graph.go:209.27,210.43 1 84
github.com/Ashes47/braids/internal/core/graph/graph.go:210.43,213.4 2 0
github.com/Ashes47/braids/internal/core/graph/graph.go:215.2,215.27 1 29
github.com/Ashes47/braids/internal/core/graph/graph.go:215.27,216.43 1 84
github.com/Ashes47/braids/internal/core/graph/graph.go:216.43,218.4 1 54
github.com/Ashes47/braids/internal/core/graph/graph.go:218.9,220.4 1 30
github.com/Ashes47/braids/internal/core/graph/graph.go:222.2,223.27 2 29
github.com/Ashes47/braids/internal/core/graph/graph.go:223.27,225.3 1 84
github.com/Ashes47/braids/internal/core/graph/graph.go:226.2,226.28 1 29
github.com/Ashes47/braids/internal/core/graph/graph.go:226.28,228.3 1 30
github.com/Ashes47/braids/internal/core/graph/graph.go:232.42,234.72 2 54
github.com/Ashes47/braids/internal/core/graph/graph.go:234.72,235.24 1 55
github.com/Ashes47/braids/internal/core/graph/graph.go:235.24,237.4 1 0
github.com/Ashes47/braids/internal/core/graph/graph.go:238.3,238.27 1 55
github.com/Ashes47/braids/internal/core/graph/graph.go:240.2,240.14 1 54
github.com/Ashes47/braids/internal/core/graph/graph.go:243.38,245.31 2 84
github.com/Ashes47/braids/internal/core/graph/graph.go:245.31,247.3 1 54
github.com/Ashes47/braids/internal/core/graph/graph.go:252.31,253.46 1 113
github.com/Ashes47/braids/internal/core/graph/graph.go:253.46,254.58 1 26
github.com/Ashes47/braids/internal/core/graph/graph.go:254.58,256.4 1 26
github.com/Ashes47/braids/internal/core/graph/graph.go:257.3,257.45 1 0
github.com/Ashes47/braids/internal/core/graph/graph.go:262.36,265.23 3 1
github.com/Ashes47/braids/internal/core/graph/graph.go:265.23,267.32 2 3
github.com/Ashes47/braids/internal/core/graph/graph.go:267.32,269.4 1 2
github.com/Ashes47/braids/internal/core/graph/graph.go:271.2,271.28 1 1
github.com/Ashes47/braids/internal/core/graph/graph.go:271.28,273.3 1 1
github.com/Ashes47/braids/internal/core/graph/graph.go:274.2,274.12 1 1
github.com/Ashes47/braids/internal/core/graph/spine.go:51.47,52.20 1 6
github.com/Ashes47/braids/internal/core/graph/spine.go:52.20,54.3 1 1
github.com/Ashes47/braids/internal/core/graph/spine.go:55.2,57.25 3 5
github.com/Ashes47/braids/internal/core/graph/spine.go:57.25,60.3 2 18
github.com/Ashes47/braids/internal/core/graph/spine.go:62.2,64.25 3 5
github.com/Ashes47/braids/internal/core/graph/spine.go:64.25,66.3 1 13
github.com/Ashes47/braids/internal/core/graph/spine.go:67.2,71.18 4 5
github.com/Ashes47/braids/internal/core/graph/spine.go:71.18,72.19 1 12
github.com/Ashes47/braids/internal/core/graph/spine.go:73.10,73.10 0 8
github.com/Ashes47/braids/internal/core/graph/spine.go:74.10,80.6 2 3
github.com/Ashes47/braids/internal/core/graph/spine.go:81.11,82.38 1 1
github.com/Ashes47/braids/internal/core/graph/spine.go:84.3,84.12 1 12
github.com/Ashes47/braids/internal/core/graph/spine.go:86.2,86.25 1 5
github.com/Ashes47/braids/internal/core/graph/spine.go:86.25,88.43 2 13
github.com/Ashes47/braids/internal/core/graph/spine.go:88.43,90.12 2 6
github.com/Ashes47/braids/internal/core/graph/spine.go:92.3,100.5 2 7
github.com/Ashes47/braids/internal/core/graph/spine.go:102.2,103.12 2 5
github.com/Ashes47/braids/internal/core/graph/spine.go:112.40,114.2 1 13
github.com/Ashes47/braids/internal/core/graph/spine.go:118.95,123.68 4 5
github.com/Ashes47/braids/internal/core/graph/spine.go:123.68,126.3 2 13
github.com/Ashes47/braids/internal/core/graph/spine.go:127.2,127.57 1 5
github.com/Ashes47/braids/internal/core/graph/spine.go:127.57,129.3 1 5
github.com/Ashes47/braids/internal/core/graph/spine.go:130.2,130.17 1 5
github.com/Ashes47/braids/internal/core/graph/spine.go:134.121,136.39 2 13
github.com/Ashes47/braids/internal/core/graph/spine.go:136.39,137.20 1 11
github.com/Ashes47/braids/internal/core/graph/spine.go:137.20,138.12 1 9
github.com/Ashes47/braids/internal/core/graph/spine.go:140.3,140.34 1 2
github.com/Ashes47/braids/internal/core/graph/spine.go:142.2,143.12 2 13
github.com/Ashes47/braids/internal/core/graph/spine.go:147.89,150.29 3 5
github.com/Ashes47/braids/internal/core/graph/spine.go:150.29,151.29 1 32
github.com/Ashes47/braids/internal/core/graph/spine.go:151.29,153.4 1 14
github.com/Ashes47/braids/internal/core/graph/spine.go:154.3,156.34 3 18
github.com/Ashes47/braids/internal/core/graph/spine.go:156.34,158.4 1 14
github.com/Ashes47/braids/internal/core/graph/spine.go:159.3,160.11 2 18
github.com/Ashes47/braids/internal/core/graph/spine.go:162.2,162.25 1 5
github.com/Ashes47/braids/internal/core/graph/spine.go:162.25,164.3 1 18
github.com/Ashes47/braids/internal/core/graph/spine.go:165.2,165.14 1 5
github.com/Ashes47/braids/internal/core/graph/spine.go:169.49,171.24 2 1
github.com/Ashes47/braids/internal/core/graph/spine.go:171.24,172.44 1 3
github.com/Ashes47/braids/internal/core/graph/spine.go:172.44,174.4 1 3
github.com/Ashes47/braids/internal/core/graph/spine.go:176.2,177.30 2 1
github.com/Ashes47/braids/internal/core/graph/spine.go:177.30,179.3 1 2
github.com/Ashes47/braids/internal/core/graph/spine.go:180.2,180.40 1 1
github.com/Ashes47/braids/internal/core/graph/spine.go:180.40,181.39 1 1
github.com/Ashes47/braids/internal/core/graph/spine.go:181.39,183.4 1 1
github.com/Ashes47/braids/internal/core/graph/spine.go:184.3,184.39 1 0
github.com/Ashes47/braids/internal/core/graph/spine.go:186.2,191.3 1 1
github.com/Ashes47/braids/internal/core/graph/spine.go:194.36,195.13 1 13
github.com/Ashes47/braids/internal/core/graph/spine.go:195.13,197.3 1 10
github.com/Ashes47/braids/internal/core/graph/spine.go:198.2,200.31 3 3
github.com/Ashes47/braids/internal/core/graph/spine.go:200.31,201.33 1 15
github.com/Ashes47/braids/internal/core/graph/spine.go:201.33,202.17 1 3
github.com/Ashes47/braids/internal/core/graph/spine.go:202.17,204.5 1 3
github.com/Ashes47/braids/internal/core/graph/spine.go:205.4,205.17 1 3
github.com/Ashes47/braids/internal/core/graph/spine.go:208.2,208.12 1 3
github.com/Ashes47/braids/cmd/braids/main.go:66.13,67.52 1 0
github.com/Ashes47/braids/cmd/braids/main.go:67.52,70.3 2 0
github.com/Ashes47/braids/cmd/braids/main.go:73.44,75.20 2 16
github.com/Ashes47/braids/cmd/braids/main.go:75.20,77.3 1 0
github.com/Ashes47/braids/cmd/braids/main.go:78.2,78.17 1 16
github.com/Ashes47/braids/cmd/braids/main.go:79.13,80.31 1 1
github.com/Ashes47/braids/cmd/braids/main.go:81.15,82.33 1 3
github.com/Ashes47/braids/cmd/braids/main.go:83.16,84.34 1 8
github.com/Ashes47/braids/cmd/braids/main.go:85.15,86.33 1 1
github.com/Ashes47/braids/cmd/braids/main.go:87.16,88.34 1 0
github.com/Ashes47/braids/cmd/braids/main.go:89.17,91.19 2 0
github.com/Ashes47/braids/cmd/braids/main.go:92.30,94.19 2 2
github.com/Ashes47/braids/cmd/braids/main.go:95.10,96.70 1 1
github.com/Ashes47/braids/cmd/braids/main.go:104.67,106.6 2 8
github.com/Ashes47/braids/cmd/braids/main.go:106.6,107.40 1 16
github.com/Ashes47/braids/cmd/braids/main.go:107.40,109.4 1 0
github.com/Ashes47/braids/cmd/braids/main.go:110.3,111.21 2 16
github.com/Ashes47/braids/cmd/braids/main.go:111.21,113.4 1 8
github.com/Ashes47/braids/cmd/braids/main.go:114.3,115.18 2 8
github.com/Ashes47/braids/cmd/braids/main.go:120.34,121.42 1 0
github.com/Ashes47/braids/cmd/braids/main.go:121.42,123.3 1 0
github.com/Ashes47/braids/cmd/braids/main.go:124.2,125.16 2 0
github.com/Ashes47/braids/cmd/braids/main.go:125.16,127.3 1 0
github.com/Ashes47/braids/cmd/braids/main.go:128.2,129.48 2 0
github.com/Ashes47/braids/cmd/braids/main.go:129.48,131.3 1 0
github.com/Ashes47/braids/cmd/braids/main.go:132.2,132.44 1 0
github.com/Ashes47/braids/cmd/braids/main.go:136.47,137.18 1 11
github.com/Ashes47/braids/cmd/braids/main.go:137.18,139.3 1 11
github.com/Ashes47/braids/cmd/braids/main.go:140.2,140.20 1 0
github.com/Ashes47/braids/cmd/braids/main.go:144.53,146.16 2 10
github.com/Ashes47/braids/cmd/braids/main.go:146.16,148.3 1 0
github.com/Ashes47/braids/cmd/braids/main.go:149.2,149.25 1 10
github.com/Ashes47/braids/cmd/braids/main.go:152.48,161.39 9 1
github.com/Ashes47/braids/cmd/braids/main.go:161.39,163.3 1 0
github.com/Ashes47/braids/cmd/braids/main.go:164.2,165.16 2 1
github.com/Ashes47/braids/cmd/braids/main.go:165.16,167.3 1 0
github.com/Ashes47/braids/cmd/braids/main.go:168.2,169.16 2 1
github.com/Ashes47/braids/cmd/braids/main.go:169.16,171.3 1 0
github.com/Ashes47/braids/cmd/braids/main.go:172.2,176.16 4 1
github.com/Ashes47/braids/cmd/braids/main.go:176.16,178.3 1 0
github.com/Ashes47/braids/cmd/braids/main.go:179.2,180.16 2 1
github.com/Ashes47/braids/cmd/braids/main.go:180.16,182.3 1 0
github.com/Ashes47/braids/cmd/braids/main.go:185.2,186.13 2 1
github.com/Ashes47/braids/cmd/braids/main.go:186.13,187.44 1 1
github.com/Ashes47/braids/cmd/braids/main.go:187.44,190.4 2 1
github.com/Ashes47/braids/cmd/braids/main.go:192.2,199.54 1 1
github.com/Ashes47/braids/cmd/braids/main.go:199.54,201.4 1 0
github.com/Ashes47/braids/cmd/braids/main.go:203.58,205.4 1 0
github.com/Ashes47/braids/cmd/braids/main.go:206.70,208.4 1 0
github.com/Ashes47/braids/cmd/braids/main.go:209.42,210.64 1 0
github.com/Ashes47/braids/cmd/braids/main.go:210.64,212.5 1 0
github.com/Ashes47/braids/cmd/braids/main.go:213.4,213.48 1 0
github.com/Ashes47/braids/cmd/braids/main.go:216.2,216.13 1 1
github.com/Ashes47/braids/cmd/braids/main.go:216.13,218.3 1 1
github.com/Ashes47/braids/cmd/braids/main.go:219.2,220.16 2 0
github.com/Ashes47/braids/cmd/braids/main.go:220.16,222.3 1 0
github.com/Ashes47/braids/cmd/braids/main.go:223.2,224.18 2 0
github.com/Ashes47/braids/cmd/braids/main.go:227.50,233.39 6 3
github.com/Ashes47/braids/cmd/braids/main.go:233.39,235.3 1 0
github.com/Ashes47/braids/cmd/braids/main.go:237.2,238.15 2 3
github.com/Ashes47/braids/cmd/braids/main.go:238.15,240.54 2 0
github.com/Ashes47/braids/cmd/braids/main.go:240.54,242.4 1 0
github.com/Ashes47/braids/cmd/braids/main.go:244.2,245.16 2 3
github.com/Ashes47/braids/cmd/braids/main.go:245.16,247.3 1 0
github.com/Ashes47/braids/cmd/braids/main.go:248.2,252.11 4 3
github.com/Ashes47/braids/cmd/braids/main.go:252.11,254.3 1 0
github.com/Ashes47/braids/cmd/braids/main.go:255.2,256.16 2 3
github.com/Ashes47/braids/cmd/braids/main.go:256.16,258.3 1 0
github.com/Ashes47/braids/cmd/braids/main.go:259.2,261.18 2 3
github.com/Ashes47/braids/cmd/braids/main.go:264.51,272.16 8 8
github.com/Ashes47/braids/cmd/braids/main.go:272.16,274.3 1 0
github.com/Ashes47/braids/cmd/braids/main.go:275.2,276.36 2 8
github.com/Ashes47/braids/cmd/braids/main.go:276.36,278.3 1 1
github.com/Ashes47/braids/cmd/braids/main.go:279.2,280.16 2 7
github.com/Ashes47/braids/cmd/braids/main.go:280.16,282.3 1 1
github.com/Ashes47/braids/cmd/braids/main.go:284.2,285.16 2 6
github.com/Ashes47/braids/cmd/braids/main.go:285.16,287.3 1 0
github.com/Ashes47/braids/cmd/braids/main.go:288.2,293.16 4 6
github.com/Ashes47/braids/cmd/braids/main.go:293.16,295.3 1 0
github.com/Ashes47/braids/cmd/braids/main.go:296.2,296.20 1 6
github.com/Ashes47/braids/cmd/braids/main.go:296.20,299.3 2 1
github.com/Ashes47/braids/cmd/braids/main.go:301.2,302.25 2 5
github.com/Ashes47/braids/cmd/braids/main.go:302.25,304.92 1 7
github.com/Ashes47/braids/cmd/braids/main.go:304.92,306.4 1 0
github.com/Ashes47/braids/cmd/braids/main.go:308.2,308.35 1 5
github.com/Ashes47/braids/cmd/braids/main.go:308.35,310.3 1 0
github.com/Ashes47/braids/cmd/braids/main.go:311.2,312.18 2 5
github.com/Ashes47/braids/cmd/braids/main.go:315.51,321.39 6 0
github.com/Ashes47/braids/cmd/braids/main.go:321.39,323.3 1 0
github.com/Ashes47/braids/cmd/braids/main.go:324.2,324.32 1 0
github.com/Ashes47/braids/cmd/braids/main.go:324.32,326.3 1 0
github.com/Ashes47/braids/cmd/braids/main.go:328.2,329.16 2 0
github.com/Ashes47/braids/cmd/braids/main.go:329.16,331.3 1 0
github.com/Ashes47/braids/cmd/braids/main.go:332.2,333.16 2 0
github.com/Ashes47/braids/cmd/braids/main.go:333.16,335.3 1 0
github.com/Ashes47/braids/cmd/braids/main.go:336.2,340.16 4 0
github.com/Ashes47/braids/cmd/braids/main.go:340.16,342.3 1 0
github.com/Ashes47/braids/cmd/braids/main.go:343.2,344.16 2 0
github.com/Ashes47/braids/cmd/braids/main.go:344.16,346.3 1 0
github.com/Ashes47/braids/cmd/braids/main.go:347.2,350.18 3 0
github.com/Ashes47/braids/cmd/braids/main.go:355.135,357.16 2 0
github.com/Ashes47/braids/cmd/braids/main.go:357.16,359.3 1 0
github.com/Ashes47/braids/cmd/braids/main.go:360.2,361.16 2 0
github.com/Ashes47/braids/cmd/braids/main.go:361.16,363.3 1 0
github.com/Ashes47/braids/cmd/braids/main.go:364.2,365.25 2 0
github.com/Ashes47/braids/cmd/braids/main.go:365.25,366.20 1 0
github.com/Ashes47/braids/cmd/braids/main.go:366.20,368.9 2 0
github.com/Ashes47/braids/cmd/braids/main.go:371.2,371.18 1 0
github.com/Ashes47/braids/cmd/braids/main.go:371.18,373.3 1 0
github.com/Ashes47/braids/cmd/braids/main.go:374.2,375.16 2 0
github.com/Ashes47/braids/cmd/braids/main.go:375.16,377.3 1 0
github.com/Ashes47/braids/cmd/braids/main.go:378.2,381.16 2 0
github.com/Ashes47/braids/cmd/braids/main.go:381.16,383.3 1 0
github.com/Ashes47/braids/cmd/braids/main.go:386.2,386.99 1 0
github.com/Ashes47/braids/cmd/braids/main.go:386.99,388.3 1 0
github.com/Ashes47/braids/cmd/braids/main.go:389.2,389.23 1 0
github.com/Ashes47/braids/cmd/braids/main.go:393.40,395.2 1 1
github.com/Ashes47/braids/cmd/braids/main.go:397.35,398.16 1 0
github.com/Ashes47/braids/cmd/braids/main.go:398.16,400.3 1 0
github.com/Ashes47/braids/cmd/braids/main.go:401.2,401.40 1 0
github.com/Ashes47/braids/cmd/braids/main.go:405.89,407.16 2 0
github.com/Ashes47/braids/cmd/braids/main.go:407.16,409.3 1 0
github.com/Ashes47/braids/cmd/braids/main.go:410.2,411.22 2 0
github.com/Ashes47/braids/cmd/braids/main.go:411.22,413.3 1 0
github.com/Ashes47/braids/cmd/braids/main.go:414.2,414.21 1 0
github.com/Ashes47/braids/cmd/braids/main.go:426.71,428.39 2 1
github.com/Ashes47/braids/cmd/braids/main.go:428.39,430.3 1 1
github.com/Ashes47/braids/cmd/braids/main.go:431.2,431.35 1 0
github.com/Ashes47/braids/cmd/braids/main.go:431.35,433.17 2 0
github.com/Ashes47/braids/cmd/braids/main.go:433.17,435.4 1 0
github.com/Ashes47/braids/cmd/braids/main.go:436.3,437.17 2 0
github.com/Ashes47/braids/cmd/braids/main.go:437.17,439.4 1 0
github.com/Ashes47/braids/cmd/braids/main.go:440.3,441.16 2 0
github.com/Ashes47/braids/cmd/braids/main.go:441.16,443.4 1 0
github.com/Ashes47/braids/cmd/braids/main.go:444.3,455.40 4 0
github.com/Ashes47/braids/cmd/braids/main.go:455.40,457.4 1 0
github.com/Ashes47/braids/cmd/braids/main.go:458.3,459.13 2 0
github.com/Ashes47/braids/cmd/braids/main.go:465.89,467.16 2 0
github.com/Ashes47/braids/cmd/braids/main.go:467.16,469.3 1 0
github.com/Ashes47/braids/cmd/braids/main.go:470.2,471.26 2 0
github.com/Ashes47/braids/cmd/braids/main.go:471.26,472.35 1 0
github.com/Ashes47/braids/cmd/braids/main.go:472.35,474.4 1 0
github.com/Ashes47/braids/cmd/braids/main.go:476.2,476.20 1 0
github.com/Ashes47/braids/cmd/braids/main.go:477.9,478.77 1 0
github.com/Ashes47/braids/cmd/braids/main.go:479.9,480.23 1 0
github.com/Ashes47/braids/cmd/braids/main.go:481.10,482.106 1 0
github.com/Ashes47/braids/cmd/braids/main.go:486.50,490.39 4 1
github.com/Ashes47/braids/cmd/braids/main.go:490.39,492.3 1 0
github.com/Ashes47/braids/cmd/braids/main.go:493.2,494.16 2 1
github.com/Ashes47/braids/cmd/braids/main.go:494.16,496.3 1 0
github.com/Ashes47/braids/cmd/braids/main.go:497.2,500.16 3 1
github.com/Ashes47/braids/cmd/braids/main.go:500.16,502.3 1 0
github.com/Ashes47/braids/cmd/braids/main.go:503.2,503.21 1 1
github.com/Ashes47/braids/cmd/braids/main.go:503.21,506.3 2 0
github.com/Ashes47/braids/cmd/braids/main.go:507.2,509.26 3 1
github.com/Ashes47/braids/cmd/braids/main.go:509.26,512.3 1 1
github.com/Ashes47/braids/cmd/braids/main.go:513.2,513.25 1 1
github.com/Ashes47/braids/cmd/braids/main.go:513.25,514.48 1 2
github.com/Ashes47/braids/cmd/braids/main.go:514.48,516.4 1 0
github.com/Ashes47/braids/cmd/braids/main.go:518.2,518.35 1 1
github.com/Ashes47/braids/cmd/braids/main.go:518.35,520.3 1 0
github.com/Ashes47/braids/cmd/braids/main.go:521.2,522.18 2 1
github.com/Ashes47/braids/cmd/braids/main.go:527.53,528.32 1 9
github.com/Ashes47/braids/cmd/braids/main.go:528.32,530.3 1 6
github.com/Ashes47/braids/cmd/braids/main.go:531.2,538.44 3 3
github.com/Ashes47/braids/cmd/braids/main.go:538.44,540.17 2 4
github.com/Ashes47/braids/cmd/braids/main.go:540.17,541.12 1 0
github.com/Ashes47/braids/cmd/braids/main.go:543.3,544.10 2 4
github.com/Ashes47/braids/cmd/braids/main.go:544.10,546.4 1 1
github.com/Ashes47/braids/cmd/braids/main.go:547.3,547.27 1 3
github.com/Ashes47/braids/cmd/braids/main.go:549.2,549.19 1 2
github.com/Ashes47/braids/cmd/braids/main.go:552.36,553.23 1 7
github.com/Ashes47/braids/cmd/braids/main.go:553.23,555.3 1 7
github.com/Ashes47/braids/cmd/braids/main.go:556.2,556.26 1 0
github.com/Ashes47/braids/cmd/braids/main.go:559.36,560.49 1 7
github.com/Ashes47/braids/cmd/braids/main.go:560.49,562.3 1 5
github.com/Ashes47/braids/cmd/braids/main.go:563.2,563.23 1 2
github.com/Ashes47/braids/cmd/braids/main.go:566.32,566.58 1 1
github.com/Ashes47/braids/cmd/braids/main.go:568.31,570.2 1 7
github.com/Ashes47/braids/cmd/braids/main.go:572.39,574.17 2 23
github.com/Ashes47/braids/cmd/braids/main.go:574.17,576.3 1 21
github.com/Ashes47/braids/cmd/braids/main.go:577.2,577.12 1 2
github.com/Ashes47/braids/cmd/braids/main.go:577.12,579.3 1 0
github.com/Ashes47/braids/cmd/braids/main.go:580.2,580.32 1 2
github.com/Ashes47/braids/cmd/braids/print.go:20.39,20.64 1 16
github.com/Ashes47/braids/cmd/braids/print.go:23.48,24.18 1 82
github.com/Ashes47/braids/cmd/braids/print.go:24.18,26.3 1 0
github.com/Ashes47/braids/cmd/braids/print.go:27.2,28.16 2 82
github.com/Ashes47/braids/cmd/braids/print.go:28.16,30.3 1 0
github.com/Ashes47/braids/cmd/braids/print.go:31.2,31.15 1 82
github.com/Ashes47/braids/cmd/braids/print.go:34.51,35.18 1 12
github.com/Ashes47/braids/cmd/braids/print.go:35.18,37.3 1 12
github.com/Ashes47/braids/cmd/braids/print.go:41.31,41.47 1 12
github.com/Ashes47/braids/internal/core/index/index.go:121.40,123.16 2 10
github.com/Ashes47/braids/internal/core/index/index.go:123.16,125.3 1 0
github.com/Ashes47/braids/internal/core/index/index.go:126.2,129.4 1 10
github.com/Ashes47/braids/internal/core/index/index.go:129.4,130.44 1 20
github.com/Ashes47/braids/internal/core/index/index.go:130.44,132.4 1 0
github.com/Ashes47/braids/internal/core/index/index.go:134.2,134.36 1 10
github.com/Ashes47/braids/internal/core/index/index.go:134.36,136.3 1 0
github.com/Ashes47/braids/internal/core/index/index.go:137.2,137.28 1 10
github.com/Ashes47/braids/internal/core/index/index.go:143.32,145.74 2 10
github.com/Ashes47/braids/internal/core/index/index.go:145.74,147.3 1 0
github.com/Ashes47/braids/internal/core/index/index.go:148.2,148.30 1 10
github.com/Ashes47/braids/internal/core/index/index.go:148.30,149.45 1 10
github.com/Ashes47/braids/internal/core/index/index.go:149.45,151.4 1 0
github.com/Ashes47/braids/internal/core/index/index.go:153.2,153.43 1 10
github.com/Ashes47/braids/internal/core/index/index.go:153.43,155.3 1 0
github.com/Ashes47/braids/internal/core/index/index.go:156.2,156.89 1 10
github.com/Ashes47/braids/internal/core/index/index.go:156.89,158.3 1 0
github.com/Ashes47/braids/internal/core/index/index.go:159.2,159.12 1 10
github.com/Ashes47/braids/internal/core/index/index.go:163.32,163.56 1 10
github.com/Ashes47/braids/internal/core/index/index.go:168.80,171.16 3 7
github.com/Ashes47/braids/internal/core/index/index.go:171.16,173.3 1 0
github.com/Ashes47/braids/internal/core/index/index.go:175.2,176.16 2 7
github.com/Ashes47/braids/internal/core/index/index.go:176.16,178.3 1 0
github.com/Ashes47/braids/internal/core/index/index.go:179.2,181.98 2 7
github.com/Ashes47/braids/internal/core/index/index.go:181.98,182.54 1 21
github.com/Ashes47/braids/internal/core/index/index.go:182.54,184.4 1 0
github.com/Ashes47/braids/internal/core/index/index.go:186.2,189.16 2 7
github.com/Ashes47/braids/internal/core/index/index.go:189.16,191.3 1 0
github.com/Ashes47/braids/internal/core/index/index.go:192.2,195.16 3 7
github.com/Ashes47/braids/internal/core/index/index.go:195.16,197.3 1 0
github.com/Ashes47/braids/internal/core/index/index.go:198.2,202.16 3 7
github.com/Ashes47/braids/internal/core/index/index.go:202.16,204.3 1 0
github.com/Ashes47/braids/internal/core/index/index.go:205.2,208.29 3 7
github.com/Ashes47/braids/internal/core/index/index.go:208.29,211.62 3 15
github.com/Ashes47/braids/internal/core/index/index.go:211.62,215.84 3 23
github.com/Ashes47/braids/internal/core/index/index.go:215.84,217.5 1 0
github.com/Ashes47/braids/internal/core/index/index.go:218.4,218.30 1 23
github.com/Ashes47/braids/internal/core/index/index.go:218.30,219.40 1 35
github.com/Ashes47/braids/internal/core/index/index.go:219.40,220.14 1 6
github.com/Ashes47/braids/internal/core/index/index.go:222.5,223.71 1 29
github.com/Ashes47/braids/internal/core/index/index.go:223.71,225.6 1 0
github.com/Ashes47/braids/internal/core/index/index.go:226.5,227.16 2 29
github.com/Ashes47/braids/internal/core/index/index.go:229.4,229.14 1 23
github.com/Ashes47/braids/internal/core/index/index.go:231.3,231.17 1 15
github.com/Ashes47/braids/internal/core/index/index.go:231.17,233.4 1 0
github.com/Ashes47/braids/internal/core/index/index.go:234.3,236.48 1 15
github.com/Ashes47/braids/internal/core/index/index.go:236.48,238.4 1 0
github.com/Ashes47/braids/internal/core/index/index.go:240.2,240.36 1 7
github.com/Ashes47/braids/internal/core/index/index.go:240.36,242.3 1 0
github.com/Ashes47/braids/internal/core/index/index.go:243.2,244.19 2 7
github.com/Ashes47/braids/internal/core/index/index.go:253.77,256.16 3 9
github.com/Ashes47/braids/internal/core/index/index.go:256.16,258.3 1 0
github.com/Ashes47/braids/internal/core/index/index.go:259.2,260.16 2 9
github.com/Ashes47/braids/internal/core/index/index.go:260.16,262.3 1 0
github.com/Ashes47/braids/internal/core/index/index.go:263.2,264.26 2 9
github.com/Ashes47/braids/internal/core/index/index.go:264.26,266.3 1 10
github.com/Ashes47/braids/internal/core/index/index.go:268.2,269.16 2 9
github.com/Ashes47/braids/internal/core/index/index.go:269.16,271.3 1 0
github.com/Ashes47/braids/internal/core/index/index.go:272.2,276.29 4 9
github.com/Ashes47/braids/internal/core/index/index.go:276.29,280.107 2 18
github.com/Ashes47/braids/internal/core/index/index.go:280.107,283.12 3 8
github.com/Ashes47/braids/internal/core/index/index.go:285.3,286.17 2 10
github.com/Ashes47/braids/internal/core/index/index.go:286.17,288.4 1 0
github.com/Ashes47/braids/internal/core/index/index.go:289.3,290.23 2 10
github.com/Ashes47/braids/internal/core/index/index.go:292.2,292.25 1 9
github.com/Ashes47/braids/internal/core/index/index.go:292.25,293.16 1 10
github.com/Ashes47/braids/internal/core/index/index.go:293.16,294.50 1 1
github.com/Ashes47/braids/internal/core/index/index.go:294.50,296.5 1 0
github.com/Ashes47/braids/internal/core/index/index.go:299.2,299.36 1 9
github.com/Ashes47/braids/internal/core/index/index.go:299.36,301.3 1 0
github.com/Ashes47/braids/internal/core/index/index.go:302.2,303.19 2 9
github.com/Ashes47/braids/internal/core/index/index.go:308.80,310.9 2 25
github.com/Ashes47/braids/internal/core/index/index.go:310.9,312.3 1 25
github.com/Ashes47/braids/internal/core/index/index.go:313.2,314.16 2 0
github.com/Ashes47/braids/internal/core/index/index.go:314.16,316.3 1 0
github.com/Ashes47/braids/internal/core/index/index.go:317.2,317.17 1 0
github.com/Ashes47/braids/internal/core/index/index.go:320.71,325.4 1 11
github.com/Ashes47/braids/internal/core/index/index.go:325.4,326.62 1 33
github.com/Ashes47/braids/internal/core/index/index.go:326.62,328.4 1 0
github.com/Ashes47/braids/internal/core/index/index.go:330.2,330.12 1 11
github.com/Ashes47/braids/internal/core/index/index.go:334.115,335.53 1 10
github.com/Ashes47/braids/internal/core/index/index.go:335.53,337.3 1 0
github.com/Ashes47/braids/internal/core/index/index.go:338.2,341.16 3 10
github.com/Ashes47/braids/internal/core/index/index.go:341.16,343.3 1 0
github.com/Ashes47/braids/internal/core/index/index.go:344.2,348.16 3 10
github.com/Ashes47/braids/internal/core/index/index.go:348.16,350.3 1 0
github.com/Ashes47/braids/internal/core/index/index.go:351.2,353.60 2 10
github.com/Ashes47/braids/internal/core/index/index.go:353.60,356.83 2 14
github.com/Ashes47/braids/internal/core/index/index.go:356.83,358.4 1 0
github.com/Ashes47/braids/internal/core/index/index.go:359.3,359.29 1 14
github.com/Ashes47/braids/internal/core/index/index.go:359.29,360.39 1 22
github.com/Ashes47/braids/internal/core/index/index.go:360.39,361.13 1 4
github.com/Ashes47/braids/internal/core/index/index.go:363.4,364.70 1 18
github.com/Ashes47/braids/internal/core/index/index.go:364.70,366.5 1 0
github.com/Ashes47/braids/internal/core/index/index.go:367.4,367.11 1 18
github.com/Ashes47/braids/internal/core/index/index.go:369.3,369.13 1 14
github.com/Ashes47/braids/internal/core/index/index.go:371.2,371.16 1 10
github.com/Ashes47/braids/internal/core/index/index.go:371.16,373.3 1 0
github.com/Ashes47/braids/internal/core/index/index.go:374.2,378.86 1 10
github.com/Ashes47/braids/internal/core/index/index.go:378.86,380.3 1 0
github.com/Ashes47/braids/internal/core/index/index.go:381.2,381.25 1 10
github.com/Ashes47/braids/internal/core/index/index.go:385.70,386.37 1 8
github.com/Ashes47/braids/internal/core/index/index.go:386.37,388.3 1 1
github.com/Ashes47/braids/internal/core/index/index.go:389.2,390.16 2 7
github.com/Ashes47/braids/internal/core/index/index.go:390.16,392.3 1 7
github.com/Ashes47/braids/internal/core/index/index.go:394.2,398.18 2 7
github.com/Ashes47/braids/internal/core/index/index.go:398.18,401.3 2 2
github.com/Ashes47/braids/internal/core/index/index.go:402.2,402.22 1 7
github.com/Ashes47/braids/internal/core/index/index.go:402.22,404.29 2 1
github.com/Ashes47/braids/internal/core/index/index.go:404.29,407.4 2 1
github.com/Ashes47/braids/internal/core/index/index.go:408.3,408.72 1 1
github.com/Ashes47/braids/internal/core/index/index.go:410.2,423.16 4 7
github.com/Ashes47/braids/internal/core/index/index.go:423.16,425.3 1 0
github.com/Ashes47/braids/internal/core/index/index.go:426.2,429.18 3 7
github.com/Ashes47/braids/internal/core/index/index.go:429.18,434.56 4 9
github.com/Ashes47/braids/internal/core/index/index.go:434.56,436.4 1 0
github.com/Ashes47/braids/internal/core/index/index.go:437.3,440.25 4 9
github.com/Ashes47/braids/internal/core/index/index.go:442.2,442.35 1 7
github.com/Ashes47/braids/internal/core/index/index.go:442.35,444.3 1 0
github.com/Ashes47/braids/internal/core/index/index.go:445.2,445.18 1 7
github.com/Ashes47/braids/internal/core/index/index.go:461.89,465.16 2 0
github.com/Ashes47/braids/internal/core/index/index.go:465.16,467.3 1 0
github.com/Ashes47/braids/internal/core/index/index.go:468.2,471.18 3 0
github.com/Ashes47/braids/internal/core/index/index.go:471.18,475.97 4 0
github.com/Ashes47/braids/internal/core/index/index.go:475.97,477.4 1 0
github.com/Ashes47/braids/internal/core/index/index.go:478.3,480.23 3 0
github.com/Ashes47/braids/internal/core/index/index.go:482.2,482.35 1 0
github.com/Ashes47/braids/internal/core/index/index.go:482.35,484.3 1 0
github.com/Ashes47/braids/internal/core/index/index.go:485.2,485.17 1 0
github.com/Ashes47/braids/internal/core/index/index.go:494.40,496.35 2 37
github.com/Ashes47/braids/internal/core/index/index.go:496.35,498.3 1 0
github.com/Ashes47/braids/internal/core/index/index.go:499.2,500.28 2 37
github.com/Ashes47/braids/internal/core/index/index.go:500.28,502.3 1 0
github.com/Ashes47/braids/internal/core/index/index.go:503.2,503.13 1 37
github.com/Ashes47/braids/internal/core/index/index.go:507.38,510.28 3 37
github.com/Ashes47/braids/internal/core/index/index.go:510.28,511.66 1 57
github.com/Ashes47/braids/internal/core/index/index.go:511.66,512.12 1 47
github.com/Ashes47/braids/internal/core/index/index.go:514.3,515.32 2 10
github.com/Ashes47/braids/internal/core/index/index.go:517.2,517.33 1 37
github.com/Ashes47/braids/internal/core/index/index.go:522.67,529.16 2 1
github.com/Ashes47/braids/internal/core/index/index.go:529.16,531.3 1 0
github.com/Ashes47/braids/internal/core/index/index.go:532.2,535.18 3 1
github.com/Ashes47/braids/internal/core/index/index.go:535.18,537.68 2 2
github.com/Ashes47/braids/internal/core/index/index.go:537.68,539.4 1 0
github.com/Ashes47/braids/internal/core/index/index.go:540.3,540.23 1 2
github.com/Ashes47/braids/internal/core/index/index.go:542.2,542.35 1 1
github.com/Ashes47/braids/internal/core/index/index.go:542.35,544.3 1 0
github.com/Ashes47/braids/internal/core/index/index.go:545.2,545.17 1 1
github.com/Ashes47/braids/internal/core/index/index.go:551.81,554.16 2 0
github.com/Ashes47/braids/internal/core/index/index.go:554.16,556.3 1 0
github.com/Ashes47/braids/internal/core/index/index.go:557.2,560.18 3 0
github.com/Ashes47/braids/internal/core/index/index.go:560.18,563.47 3 0
github.com/Ashes47/braids/internal/core/index/index.go:563.47,565.4 1 0
github.com/Ashes47/braids/internal/core/index/index.go:566.3,566.50 1 0
github.com/Ashes47/braids/internal/core/index/index.go:568.2,568.35 1 0
github.com/Ashes47/braids/internal/core/index/index.go:568.35,570.3 1 0
github.com/Ashes47/braids/internal/core/index/index.go:571.2,571.17 1 0
github.com/Ashes47/braids/internal/core/index/index.go:575.65,578.16 2 12
github.com/Ashes47/braids/internal/core/index/index.go:578.16,580.3 1 0
github.com/Ashes47/braids/internal/core/index/index.go:581.2,584.18 3 12
github.com/Ashes47/braids/internal/core/index/index.go:584.18,588.68 3 15
github.com/Ashes47/braids/internal/core/index/index.go:588.68,590.4 1 0
github.com/Ashes47/braids/internal/core/index/index.go:591.3,591.18 1 15
github.com/Ashes47/braids/internal/core/index/index.go:591.18,593.4 1 0
github.com/Ashes47/braids/internal/core/index/index.go:594.3,595.27 2 15
github.com/Ashes47/braids/internal/core/index/index.go:597.2,597.35 1 12
github.com/Ashes47/braids/internal/core/index/index.go:597.35,599.3 1 0
github.com/Ashes47/braids/internal/core/index/index.go:600.2,600.19 1 12
github.com/Ashes47/braids/internal/core/index/index.go:604.36,605.16 1 25
github.com/Ashes47/braids/internal/core/index/index.go:605.16,607.3 1 25
github.com/Ashes47/braids/internal/core/index/index.go:608.2,608.17 1 0
github.com/Ashes47/braids/internal/core/index/index.go:613.30,614.36 1 14
github.com/Ashes47/braids/internal/core/index/index.go:614.36,616.3 1 3
github.com/Ashes47/braids/internal/core/index/index.go:617.2,617.38 1 11
github.com/Ashes47/braids/internal/core/index/index.go:617.38,618.12 1 14
github.com/Ashes47/braids/internal/core/index/index.go:619.27,620.15 1 1
github.com/Ashes47/braids/internal/core/index/index.go:622.3,622.36 1 13
github.com/Ashes47/braids/internal/core/index/index.go:622.36,624.4 1 0
github.com/Ashes47/braids/internal/core/index/index.go:626.2,626.14 1 10
github.com/Ashes47/braids/internal/core/index/index.go:632.34,634.17 2 14
github.com/Ashes47/braids/internal/core/index/index.go:634.17,636.3 1 4
github.com/Ashes47/braids/internal/core/index/index.go:637.2,639.27 3 10
github.com/Ashes47/braids/internal/core/index/index.go:639.27,641.3 1 12
github.com/Ashes47/braids/internal/core/index/index.go:642.2,642.34 1 10
github.com/Ashes47/braids/internal/tui/chrome.go:28.31,30.22 2 16
github.com/Ashes47/braids/internal/tui/chrome.go:30.22,32.3 1 3
github.com/Ashes47/braids/internal/tui/chrome.go:33.2,38.3 1 16
github.com/Ashes47/braids/internal/tui/chrome.go:41.21,47.2 1 16
github.com/Ashes47/braids/internal/tui/chrome.go:50.30,50.73 1 16
github.com/Ashes47/braids/internal/tui/chrome.go:55.61,57.25 2 35
github.com/Ashes47/braids/internal/tui/chrome.go:57.25,59.3 1 232
github.com/Ashes47/braids/internal/tui/chrome.go:60.2,61.26 2 35
github.com/Ashes47/braids/internal/tui/chrome.go:61.26,63.3 1 140
github.com/Ashes47/braids/internal/tui/chrome.go:66.2,67.22 2 35
github.com/Ashes47/braids/internal/tui/chrome.go:67.22,69.3 1 0
github.com/Ashes47/braids/internal/tui/chrome.go:71.2,72.27 2 35
github.com/Ashes47/braids/internal/tui/chrome.go:72.27,74.21 2 140
github.com/Ashes47/braids/internal/tui/chrome.go:74.21,77.4 1 140
github.com/Ashes47/braids/internal/tui/chrome.go:78.3,79.15 2 140
github.com/Ashes47/braids/internal/tui/chrome.go:79.15,81.4 1 116
github.com/Ashes47/braids/internal/tui/chrome.go:82.3,82.60 1 140
github.com/Ashes47/braids/internal/tui/chrome.go:84.2,84.34 1 35
github.com/Ashes47/braids/internal/tui/chrome.go:87.59,88.20 1 232
github.com/Ashes47/braids/internal/tui/chrome.go:88.20,90.3 1 0
github.com/Ashes47/braids/internal/tui/chrome.go:91.2,92.64 1 232
github.com/Ashes47/braids/internal/tui/chrome.go:96.36,98.19 2 16
github.com/Ashes47/braids/internal/tui/chrome.go:98.19,100.3 1 2
github.com/Ashes47/braids/internal/tui/chrome.go:101.2,101.68 1 16
github.com/Ashes47/braids/internal/tui/chrome.go:104.34,104.77 1 16
github.com/Ashes47/braids/internal/tui/chrome.go:106.51,109.14 3 35
github.com/Ashes47/braids/internal/tui/chrome.go:109.14,111.3 1 0
github.com/Ashes47/braids/internal/tui/chrome.go:112.2,113.59 1 35
github.com/Ashes47/braids/internal/tui/chrome.go:116.37,118.2 1 35
github.com/Ashes47/braids/internal/tui/chrome.go:122.46,125.2 2 420
github.com/Ashes47/braids/internal/tui/chrome.go:128.36,129.21 1 16
github.com/Ashes47/braids/internal/tui/chrome.go:129.21,131.3 1 1
github.com/Ashes47/braids/internal/tui/chrome.go:132.2,132.20 1 15
github.com/Ashes47/braids/internal/tui/chrome.go:132.20,134.3 1 4
github.com/Ashes47/braids/internal/tui/chrome.go:135.2,135.25 1 11
github.com/Ashes47/braids/internal/tui/chrome.go:135.25,137.3 1 1
github.com/Ashes47/braids/internal/tui/chrome.go:138.2,138.69 1 10
github.com/Ashes47/braids/internal/tui/chrome.go:142.56,143.12 1 4
github.com/Ashes47/braids/internal/tui/chrome.go:143.12,145.3 1 2
github.com/Ashes47/braids/internal/tui/chrome.go:146.2,146.22 1 2
github.com/Ashes47/braids/internal/tui/chrome.go:150.49,153.2 1 2
github.com/Ashes47/braids/internal/tui/chrome.go:156.34,157.87 1 18
github.com/Ashes47/braids/internal/tui/chrome.go:157.87,159.3 1 1
github.com/Ashes47/braids/internal/tui/chrome.go:160.2,160.13 1 17
github.com/Ashes47/braids/internal/tui/filter.go:18.42,19.9 1 71
github.com/Ashes47/braids/internal/tui/filter.go:20.18,21.10 1 11
github.com/Ashes47/braids/internal/tui/filter.go:22.17,24.15 2 4
github.com/Ashes47/braids/internal/tui/filter.go:25.21,26.15 1 1
github.com/Ashes47/braids/internal/tui/filter.go:27.11,28.16 1 6
github.com/Ashes47/braids/internal/tui/filter.go:30.3,30.14 1 5
github.com/Ashes47/braids/internal/tui/filter.go:32.32,34.14 2 2
github.com/Ashes47/braids/internal/tui/filter.go:36.29,38.14 2 9
github.com/Ashes47/braids/internal/tui/filter.go:40.16,41.19 1 27
github.com/Ashes47/braids/internal/tui/filter.go:43.2,43.14 1 22
github.com/Ashes47/braids/internal/tui/filter.go:48.43,49.9 1 38
github.com/Ashes47/braids/internal/tui/filter.go:50.24,51.38 1 2
github.com/Ashes47/braids/internal/tui/filter.go:51.38,53.4 1 2
github.com/Ashes47/braids/internal/tui/filter.go:54.3,54.14 1 2
github.com/Ashes47/braids/internal/tui/filter.go:55.20,57.14 2 0
github.com/Ashes47/braids/internal/tui/filter.go:58.27,60.14 2 36
github.com/Ashes47/braids/internal/tui/filter.go:62.2,62.14 1 0
github.com/Ashes47/braids/internal/tui/filter.go:66.32,66.55 1 93
github.com/Ashes47/braids/internal/tui/filter.go:69.52,70.18 1 68
github.com/Ashes47/braids/internal/tui/filter.go:70.18,72.3 1 1
github.com/Ashes47/braids/internal/tui/filter.go:73.2,73.77 1 67
github.com/Ashes47/braids/internal/tui/filter.go:77.37,78.13 1 4
github.com/Ashes47/braids/internal/tui/filter.go:78.13,80.3 1 0
github.com/Ashes47/braids/internal/tui/filter.go:81.2,81.21 1 4
github.com/Ashes47/braids/internal/tui/map.go:124.52,145.2 5 44
github.com/Ashes47/braids/internal/tui/map.go:149.45,151.31 2 2
github.com/Ashes47/braids/internal/tui/map.go:151.31,153.3 1 2
github.com/Ashes47/braids/internal/tui/map.go:154.2,157.30 4 2
github.com/Ashes47/braids/internal/tui/map.go:157.30,158.33 1 3
github.com/Ashes47/braids/internal/tui/map.go:158.33,160.9 2 2
github.com/Ashes47/braids/internal/tui/map.go:163.2,165.20 2 2
github.com/Ashes47/braids/internal/tui/map.go:165.20,166.46 1 0
github.com/Ashes47/braids/internal/tui/map.go:166.46,171.4 4 0
github.com/Ashes47/braids/internal/tui/map.go:173.2,173.10 1 2
github.com/Ashes47/braids/internal/tui/map.go:177.27,180.26 3 46
github.com/Ashes47/braids/internal/tui/map.go:180.26,181.28 1 69
github.com/Ashes47/braids/internal/tui/map.go:181.28,183.4 1 1
github.com/Ashes47/braids/internal/tui/map.go:184.3,185.45 2 69
github.com/Ashes47/braids/internal/tui/map.go:187.2,189.31 3 46
github.com/Ashes47/braids/internal/tui/map.go:189.31,190.27 1 64
github.com/Ashes47/braids/internal/tui/map.go:190.27,192.4 1 2
github.com/Ashes47/braids/internal/tui/map.go:198.31,199.22 1 1
github.com/Ashes47/braids/internal/tui/map.go:199.22,201.3 1 1
github.com/Ashes47/braids/internal/tui/map.go:202.2,202.70 1 0
github.com/Ashes47/braids/internal/tui/map.go:207.46,208.24 1 3
github.com/Ashes47/braids/internal/tui/map.go:208.24,209.25 1 0
github.com/Ashes47/braids/internal/tui/map.go:209.25,211.4 1 0
github.com/Ashes47/braids/internal/tui/map.go:212.3,212.22 1 0
github.com/Ashes47/braids/internal/tui/map.go:217.57,218.27 1 25
github.com/Ashes47/braids/internal/tui/map.go:219.30,220.44 1 0
github.com/Ashes47/braids/internal/tui/map.go:221.25,224.17 3 0
github.com/Ashes47/braids/internal/tui/map.go:225.18,226.45 1 3
github.com/Ashes47/braids/internal/tui/map.go:227.23,228.20 1 22
github.com/Ashes47/braids/internal/tui/map.go:230.2,230.15 1 0
github.com/Ashes47/braids/internal/tui/map.go:236.32,237.22 1 3
github.com/Ashes47/braids/internal/tui/map.go:237.22,239.3 1 0
github.com/Ashes47/braids/internal/tui/map.go:240.2,241.16 2 3
github.com/Ashes47/braids/internal/tui/map.go:241.16,243.3 1 1
github.com/Ashes47/braids/internal/tui/map.go:244.2,244.24 1 2
github.com/Ashes47/braids/internal/tui/map.go:248.32,249.9 1 2
github.com/Ashes47/braids/internal/tui/map.go:250.47,251.62 1 0
github.com/Ashes47/braids/internal/tui/map.go:252.45,253.61 1 1
github.com/Ashes47/braids/internal/tui/map.go:254.10,255.56 1 1
github.com/Ashes47/braids/internal/tui/map.go:262.36,263.11 1 22
github.com/Ashes47/braids/internal/tui/map.go:264.32,265.17 1 0
github.com/Ashes47/braids/internal/tui/map.go:266.16,267.17 1 0
github.com/Ashes47/braids/internal/tui/map.go:269.2,269.10 1 22
github.com/Ashes47/braids/internal/tui/map.go:272.62,274.53 2 22
github.com/Ashes47/braids/internal/tui/map.go:274.53,276.3 1 2
github.com/Ashes47/braids/internal/tui/map.go:277.2,277.26 1 20
github.com/Ashes47/braids/internal/tui/map.go:277.26,279.3 1 1
github.com/Ashes47/braids/internal/tui/map.go:280.2,280.37 1 19
github.com/Ashes47/braids/internal/tui/map.go:280.37,282.3 1 2
github.com/Ashes47/braids/internal/tui/map.go:283.2,283.25 1 17
github.com/Ashes47/braids/internal/tui/map.go:283.25,285.3 1 3
github.com/Ashes47/braids/internal/tui/map.go:286.2,286.23 1 14
github.com/Ashes47/braids/internal/tui/map.go:286.23,290.3 3 8
github.com/Ashes47/braids/internal/tui/map.go:291.2,291.13 1 6
github.com/Ashes47/braids/internal/tui/map.go:292.29,293.28 1 1
github.com/Ashes47/braids/internal/tui/map.go:294.11,295.25 1 1
github.com/Ashes47/braids/internal/tui/map.go:296.11,297.24 1 1
github.com/Ashes47/braids/internal/tui/map.go:298.11,299.26 1 3
github.com/Ashes47/braids/internal/tui/map.go:300.19,301.13 1 0
github.com/Ashes47/braids/internal/tui/map.go:302.17,303.13 1 0
github.com/Ashes47/braids/internal/tui/map.go:304.19,305.15 1 0
github.com/Ashes47/braids/internal/tui/map.go:306.18,307.32 1 0
github.com/Ashes47/braids/internal/tui/map.go:308.26,309.33 1 0
github.com/Ashes47/braids/internal/tui/map.go:310.24,311.33 1 0
github.com/Ashes47/braids/internal/tui/map.go:313.2,314.15 2 1
github.com/Ashes47/braids/internal/tui/map.go:318.46,319.43 1 6
github.com/Ashes47/braids/internal/tui/map.go:319.43,321.3 1 1
github.com/Ashes47/braids/internal/tui/map.go:322.2,322.31 1 5
github.com/Ashes47/braids/internal/tui/map.go:322.31,324.3 1 5
github.com/Ashes47/braids/internal/tui/map.go:325.2,325.18 1 0
github.com/Ashes47/braids/internal/tui/map.go:330.50,332.31 2 3
github.com/Ashes47/braids/internal/tui/map.go:332.31,334.3 1 0
github.com/Ashes47/braids/internal/tui/map.go:335.2,336.16 2 3
github.com/Ashes47/braids/internal/tui/map.go:336.16,338.3 1 0
github.com/Ashes47/braids/internal/tui/map.go:339.2,339.75 1 3
github.com/Ashes47/braids/internal/tui/map.go:343.52,345.9 2 3
github.com/Ashes47/braids/internal/tui/map.go:345.9,347.3 1 0
github.com/Ashes47/braids/internal/tui/map.go:348.2,348.20 1 3
github.com/Ashes47/braids/internal/tui/map.go:348.20,352.3 2 1
github.com/Ashes47/braids/internal/tui/map.go:353.2,353.38 1 2
github.com/Ashes47/braids/internal/tui/map.go:353.38,355.3 1 1
github.com/Ashes47/braids/internal/tui/map.go:356.2,356.73 1 1
github.com/Ashes47/braids/internal/tui/map.go:360.59,361.43 1 6
github.com/Ashes47/braids/internal/tui/map.go:361.43,364.3 2 1
github.com/Ashes47/braids/internal/tui/map.go:365.2,366.10 2 5
github.com/Ashes47/braids/internal/tui/map.go:371.31,372.9 1 4
github.com/Ashes47/braids/internal/tui/map.go:373.28,374.14 1 1
github.com/Ashes47/braids/internal/tui/map.go:375.45,376.56 1 2
github.com/Ashes47/braids/internal/tui/map.go:377.10,378.25 1 1
github.com/Ashes47/braids/internal/tui/map.go:384.25,385.20 1 11
github.com/Ashes47/braids/internal/tui/map.go:385.20,388.3 2 4
github.com/Ashes47/braids/internal/tui/map.go:389.2,390.26 2 7
github.com/Ashes47/braids/internal/tui/map.go:390.26,392.63 2 13
github.com/Ashes47/braids/internal/tui/map.go:392.63,394.4 1 8
github.com/Ashes47/braids/internal/tui/map.go:398.25,399.32 1 53
github.com/Ashes47/braids/internal/tui/map.go:399.32,401.3 1 16
github.com/Ashes47/braids/internal/tui/map.go:402.2,402.18 1 53
github.com/Ashes47/braids/internal/tui/map.go:402.18,404.3 1 16
github.com/Ashes47/braids/internal/tui/map.go:405.2,406.25 2 53
github.com/Ashes47/braids/internal/tui/map.go:406.25,408.3 1 3
github.com/Ashes47/braids/internal/tui/map.go:409.2,409.28 1 53
github.com/Ashes47/braids/internal/tui/map.go:409.28,411.3 1 3
github.com/Ashes47/braids/internal/tui/map.go:412.2,412.18 1 53
github.com/Ashes47/braids/internal/tui/map.go:412.18,414.3 1 0
github.com/Ashes47/braids/internal/tui/map.go:418.33,420.11 2 192
github.com/Ashes47/braids/internal/tui/map.go:420.11,422.3 1 0
github.com/Ashes47/braids/internal/tui/map.go:423.2,423.10 1 192
github.com/Ashes47/braids/internal/tui/map.go:427.35,429.12 2 171
github.com/Ashes47/braids/internal/tui/map.go:429.12,431.3 1 0
github.com/Ashes47/braids/internal/tui/map.go:432.2,432.10 1 171
github.com/Ashes47/braids/internal/tui/map.go:435.32,445.25 9 16
github.com/Ashes47/braids/internal/tui/map.go:445.25,449.32 4 1
github.com/Ashes47/braids/internal/tui/map.go:449.32,451.4 1 10
github.com/Ashes47/braids/internal/tui/map.go:452.8,454.35 2 15
github.com/Ashes47/braids/internal/tui/map.go:454.35,457.4 2 21
github.com/Ashes47/braids/internal/tui/map.go:458.3,458.47 1 15
github.com/Ashes47/braids/internal/tui/map.go:458.47,460.4 1 144
github.com/Ashes47/braids/internal/tui/map.go:462.2,465.19 4 16
github.com/Ashes47/braids/internal/tui/map.go:468.38,469.19 1 2
github.com/Ashes47/braids/internal/tui/map.go:469.19,471.3 1 2
github.com/Ashes47/braids/internal/tui/map.go:472.2,472.61 1 0
github.com/Ashes47/braids/internal/tui/map.go:475.34,477.26 2 16
github.com/Ashes47/braids/internal/tui/map.go:477.26,478.25 1 23
github.com/Ashes47/braids/internal/tui/map.go:478.25,480.4 1 2
github.com/Ashes47/braids/internal/tui/map.go:482.2,482.10 1 16
github.com/Ashes47/braids/internal/tui/map.go:485.45,487.2 1 65
github.com/Ashes47/braids/internal/tui/map.go:492.55,494.14 2 21
github.com/Ashes47/braids/internal/tui/map.go:494.14,496.3 1 15
github.com/Ashes47/braids/internal/tui/map.go:497.2,497.15 1 6
github.com/Ashes47/braids/internal/tui/map.go:500.55,505.24 4 21
github.com/Ashes47/braids/internal/tui/map.go:505.24,507.3 1 2
github.com/Ashes47/braids/internal/tui/map.go:509.2,510.17 2 21
github.com/Ashes47/braids/internal/tui/map.go:510.17,512.3 1 0
github.com/Ashes47/braids/internal/tui/map.go:515.2,516.29 2 21
github.com/Ashes47/braids/internal/tui/map.go:516.29,518.3 1 2
github.com/Ashes47/braids/internal/tui/map.go:520.2,522.16 3 21
github.com/Ashes47/braids/internal/tui/map.go:522.16,524.28 2 2
github.com/Ashes47/braids/internal/tui/map.go:524.28,526.4 1 1
github.com/Ashes47/braids/internal/tui/map.go:527.3,530.30 4 2
github.com/Ashes47/braids/internal/tui/map.go:532.2,532.19 1 21
github.com/Ashes47/braids/internal/tui/map.go:532.19,537.3 4 2
github.com/Ashes47/braids/internal/tui/map.go:538.2,542.24 5 21
github.com/Ashes47/braids/internal/tui/map.go:542.24,544.3 1 2
github.com/Ashes47/braids/internal/tui/map.go:545.2,554.20 6 21
github.com/Ashes47/braids/internal/tui/map.go:554.20,556.3 1 0
github.com/Ashes47/braids/internal/tui/map.go:557.2,560.20 3 21
github.com/Ashes47/braids/internal/tui/map.go:560.20,562.3 1 1
github.com/Ashes47/braids/internal/tui/map.go:563.2,566.22 3 21
github.com/Ashes47/braids/internal/tui/map.go:570.33,572.16 2 16
github.com/Ashes47/braids/internal/tui/map.go:572.16,574.3 1 1
github.com/Ashes47/braids/internal/tui/map.go:575.2,575.19 1 16
github.com/Ashes47/braids/internal/tui/map.go:575.19,577.3 1 1
github.com/Ashes47/braids/internal/tui/map.go:578.2,582.19 3 16
github.com/Ashes47/braids/internal/tui/map.go:582.19,584.3 1 0
github.com/Ashes47/braids/internal/tui/map.go:585.2,585.88 1 16
github.com/Ashes47/braids/internal/tui/map.go:589.32,590.18 1 19
github.com/Ashes47/braids/internal/tui/map.go:590.18,592.3 1 0
github.com/Ashes47/braids/internal/tui/map.go:593.2,593.15 1 19
github.com/Ashes47/braids/internal/tui/map.go:598.46,601.69 3 47
github.com/Ashes47/braids/internal/tui/map.go:601.69,603.16 2 72
github.com/Ashes47/braids/internal/tui/map.go:603.16,605.12 2 3
github.com/Ashes47/braids/internal/tui/map.go:605.12,607.5 1 2
github.com/Ashes47/braids/internal/tui/map.go:609.3,612.16 3 72
github.com/Ashes47/braids/internal/tui/map.go:612.16,614.12 2 3
github.com/Ashes47/braids/internal/tui/map.go:614.12,616.5 1 2
github.com/Ashes47/braids/internal/tui/map.go:618.3,618.32 1 72
github.com/Ashes47/braids/internal/tui/map.go:618.32,620.4 1 3
github.com/Ashes47/braids/internal/tui/map.go:622.2,622.28 1 47
github.com/Ashes47/braids/internal/tui/map.go:622.28,624.3 1 69
github.com/Ashes47/braids/internal/tui/map.go:625.2,625.12 1 47
github.com/Ashes47/braids/internal/tui/map.go:631.33,632.9 1 25
github.com/Ashes47/braids/internal/tui/map.go:633.18,634.52 1 1
github.com/Ashes47/braids/internal/tui/map.go:635.18,636.52 1 1
github.com/Ashes47/braids/internal/tui/map.go:637.18,638.52 1 1
github.com/Ashes47/braids/internal/tui/map.go:639.10,640.32 1 22
github.com/Ashes47/braids/internal/tui/map.go:648.39,649.9 1 25
github.com/Ashes47/braids/internal/tui/map.go:650.23,651.15 1 1
github.com/Ashes47/braids/internal/tui/map.go:652.21,653.46 1 3
github.com/Ashes47/braids/internal/tui/map.go:654.24,655.44 1 19
github.com/Ashes47/braids/internal/tui/map.go:656.10,657.47 1 2
github.com/Ashes47/braids/internal/tui/map.go:662.51,664.13 2 140
github.com/Ashes47/braids/internal/tui/map.go:664.13,666.3 1 0
github.com/Ashes47/braids/internal/tui/map.go:667.2,667.48 1 140
github.com/Ashes47/braids/internal/tui/map.go:672.43,673.32 1 95
github.com/Ashes47/braids/internal/tui/map.go:673.32,675.3 1 93
github.com/Ashes47/braids/internal/tui/map.go:676.2,676.16 1 2
github.com/Ashes47/braids/internal/tui/map.go:676.16,678.3 1 0
github.com/Ashes47/braids/internal/tui/map.go:679.2,681.22 3 2
github.com/Ashes47/braids/internal/tui/map.go:681.22,683.23 2 12
github.com/Ashes47/braids/internal/tui/map.go:683.23,684.9 1 2
github.com/Ashes47/braids/internal/tui/map.go:686.3,687.12 2 10
github.com/Ashes47/braids/internal/tui/map.go:689.2,689.27 1 2
github.com/Ashes47/braids/internal/tui/map.go:692.43,693.47 1 769
github.com/Ashes47/braids/internal/tui/map.go:693.47,695.3 1 730
github.com/Ashes47/braids/internal/tui/map.go:696.2,696.10 1 39
github.com/Ashes47/braids/internal/tui/map.go:699.42,700.47 1 256
github.com/Ashes47/braids/internal/tui/map.go:700.47,702.3 1 238
github.com/Ashes47/braids/internal/tui/map.go:703.2,703.10 1 18
github.com/Ashes47/braids/internal/tui/run.go:17.68,18.27 1 0
github.com/Ashes47/braids/internal/tui/run.go:18.27,20.3 1 0
github.com/Ashes47/braids/internal/tui/run.go:21.2,22.16 2 0
github.com/Ashes47/braids/internal/tui/run.go:22.16,24.3 1 0
github.com/Ashes47/braids/internal/tui/run.go:25.2,25.27 1 0
github.com/Ashes47/braids/internal/tui/run.go:25.27,27.3 1 0
github.com/Ashes47/braids/internal/tui/run.go:28.2,28.94 1 0
github.com/Ashes47/braids/internal/tui/run.go:28.94,30.3 1 0
github.com/Ashes47/braids/internal/tui/run.go:31.2,31.12 1 0
github.com/Ashes47/braids/internal/tui/run.go:37.97,41.17 4 0
github.com/Ashes47/braids/internal/tui/run.go:41.17,43.27 2 0
github.com/Ashes47/braids/internal/tui/run.go:43.27,45.4 1 0
github.com/Ashes47/braids/internal/tui/run.go:46.3,46.26 1 0
github.com/Ashes47/braids/internal/tui/run.go:48.2,48.18 1 0
github.com/Ashes47/braids/internal/tui/run.go:48.18,50.3 1 0
github.com/Ashes47/braids/internal/tui/run.go:51.2,51.30 1 0
github.com/Ashes47/braids/internal/tui/run.go:51.30,52.48 1 0
github.com/Ashes47/braids/internal/tui/run.go:52.48,54.9 2 0
github.com/Ashes47/braids/internal/tui/run.go:57.2,58.20 2 0
github.com/Ashes47/braids/internal/tui/run.go:58.20,60.3 1 0
github.com/Ashes47/braids/internal/tui/run.go:61.2,61.24 1 0
github.com/Ashes47/braids/internal/tui/run.go:65.94,66.54 1 0
github.com/Ashes47/braids/internal/tui/run.go:66.54,68.17 2 0
github.com/Ashes47/braids/internal/tui/run.go:68.17,70.4 1 0
github.com/Ashes47/braids/internal/tui/run.go:71.3,71.32 1 0
github.com/Ashes47/braids/internal/tui/run.go:77.108,79.16 2 0
github.com/Ashes47/braids/internal/tui/run.go:79.16,81.3 1 0
github.com/Ashes47/braids/internal/tui/run.go:82.2,83.16 2 0
github.com/Ashes47/braids/internal/tui/run.go:83.16,85.3 1 0
github.com/Ashes47/braids/internal/tui/run.go:86.2,87.16 2 0
github.com/Ashes47/braids/internal/tui/run.go:87.16,89.3 1 0
github.com/Ashes47/braids/internal/tui/run.go:90.2,90.63 1 0
github.com/Ashes47/braids/internal/tui/searchview.go:32.35,34.43 2 11
github.com/Ashes47/braids/internal/tui/searchview.go:34.43,36.3 1 2
github.com/Ashes47/braids/internal/tui/searchview.go:37.2,40.10 4 11
github.com/Ashes47/braids/internal/tui/searchview.go:43.44,45.13 2 15
github.com/Ashes47/braids/internal/tui/searchview.go:46.13,49.11 3 2
github.com/Ashes47/braids/internal/tui/searchview.go:50.13,53.11 3 2
github.com/Ashes47/braids/internal/tui/searchview.go:54.15,55.23 1 2
github.com/Ashes47/braids/internal/tui/searchview.go:56.24,57.13 1 0
github.com/Ashes47/braids/internal/tui/searchview.go:58.22,59.13 1 0
github.com/Ashes47/braids/internal/tui/searchview.go:60.19,62.16 2 0
github.com/Ashes47/braids/internal/tui/searchview.go:63.10,64.25 1 9
github.com/Ashes47/braids/internal/tui/searchview.go:64.25,66.4 1 0
github.com/Ashes47/braids/internal/tui/searchview.go:67.3,67.16 1 9
github.com/Ashes47/braids/internal/tui/searchview.go:69.2,70.10 2 9
github.com/Ashes47/braids/internal/tui/searchview.go:74.51,75.19 1 2
github.com/Ashes47/braids/internal/tui/searchview.go:75.19,77.3 1 1
github.com/Ashes47/braids/internal/tui/searchview.go:78.2,78.47 1 1
github.com/Ashes47/braids/internal/tui/searchview.go:78.47,80.3 1 1
github.com/Ashes47/braids/internal/tui/searchview.go:81.2,81.38 1 0
github.com/Ashes47/braids/internal/tui/searchview.go:81.38,83.3 1 0
github.com/Ashes47/braids/internal/tui/searchview.go:84.2,84.11 1 0
github.com/Ashes47/braids/internal/tui/searchview.go:87.29,90.64 3 11
github.com/Ashes47/braids/internal/tui/searchview.go:90.64,93.3 2 0
github.com/Ashes47/braids/internal/tui/searchview.go:94.2,96.33 3 11
github.com/Ashes47/braids/internal/tui/searchview.go:99.31,101.29 2 9
github.com/Ashes47/braids/internal/tui/searchview.go:101.29,103.3 1 2
github.com/Ashes47/braids/internal/tui/searchview.go:104.2,104.18 1 9
github.com/Ashes47/braids/internal/tui/searchview.go:104.18,106.3 1 2
github.com/Ashes47/braids/internal/tui/searchview.go:107.2,108.25 2 9
github.com/Ashes47/braids/internal/tui/searchview.go:108.25,110.3 1 0
github.com/Ashes47/braids/internal/tui/searchview.go:111.2,111.28 1 9
github.com/Ashes47/braids/internal/tui/searchview.go:111.28,113.3 1 0
github.com/Ashes47/braids/internal/tui/searchview.go:114.2,114.18 1 9
github.com/Ashes47/braids/internal/tui/searchview.go:114.18,116.3 1 0
github.com/Ashes47/braids/internal/tui/searchview.go:122.34,124.29 2 2
github.com/Ashes47/braids/internal/tui/searchview.go:124.29,126.3 1 0
github.com/Ashes47/braids/internal/tui/searchview.go:127.2,128.26 2 2
github.com/Ashes47/braids/internal/tui/searchview.go:128.26,129.35 1 2
github.com/Ashes47/braids/internal/tui/searchview.go:129.35,130.12 1 0
github.com/Ashes47/braids/internal/tui/searchview.go:132.3,140.11 9 2
github.com/Ashes47/braids/internal/tui/searchview.go:142.2,143.10 2 0
github.com/Ashes47/braids/internal/tui/searchview.go:148.50,150.25 2 2
github.com/Ashes47/braids/internal/tui/searchview.go:150.25,151.20 1 7
github.com/Ashes47/braids/internal/tui/searchview.go:151.20,152.12 1 0
github.com/Ashes47/braids/internal/tui/searchview.go:154.3,154.23 1 7
github.com/Ashes47/braids/internal/tui/searchview.go:154.23,156.12 2 5
github.com/Ashes47/braids/internal/tui/searchview.go:158.3,158.8 1 2
github.com/Ashes47/braids/internal/tui/searchview.go:160.2,160.13 1 2
github.com/Ashes47/braids/internal/tui/searchview.go:163.38,174.9 10 4
github.com/Ashes47/braids/internal/tui/searchview.go:175.20,178.32 3 1
github.com/Ashes47/braids/internal/tui/searchview.go:178.32,180.4 1 10
github.com/Ashes47/braids/internal/tui/searchview.go:181.24,184.32 3 2
github.com/Ashes47/braids/internal/tui/searchview.go:184.32,186.4 1 20
github.com/Ashes47/braids/internal/tui/searchview.go:187.10,189.35 2 1
github.com/Ashes47/braids/internal/tui/searchview.go:189.35,192.4 2 2
github.com/Ashes47/braids/internal/tui/searchview.go:193.3,193.47 1 1
github.com/Ashes47/braids/internal/tui/searchview.go:193.47,195.4 1 9
github.com/Ashes47/braids/internal/tui/searchview.go:197.2,202.19 4 4
github.com/Ashes47/braids/internal/tui/searchview.go:205.37,206.50 1 2
github.com/Ashes47/braids/internal/tui/searchview.go:206.50,208.3 1 1
github.com/Ashes47/braids/internal/tui/searchview.go:209.2,209.63 1 1
github.com/Ashes47/braids/internal/tui/searchview.go:212.37,214.26 2 4
github.com/Ashes47/braids/internal/tui/searchview.go:214.26,216.3 1 0
github.com/Ashes47/braids/internal/tui/searchview.go:217.2,217.65 1 4
github.com/Ashes47/braids/internal/tui/searchview.go:220.36,223.19 3 4
github.com/Ashes47/braids/internal/tui/searchview.go:223.19,225.3 1 3
github.com/Ashes47/braids/internal/tui/searchview.go:226.2,227.19 2 4
github.com/Ashes47/braids/internal/tui/searchview.go:227.19,229.3 1 0
github.com/Ashes47/braids/internal/tui/searchview.go:230.2,240.34 3 4
github.com/Ashes47/braids/internal/tui/searchview.go:244.30,245.32 1 4
github.com/Ashes47/braids/internal/tui/searchview.go:245.32,247.3 1 1
github.com/Ashes47/braids/internal/tui/searchview.go:248.2,248.10 1 3
github.com/Ashes47/braids/internal/tui/searchview.go:251.39,254.19 2 4
github.com/Ashes47/braids/internal/tui/searchview.go:254.19,256.3 1 0
github.com/Ashes47/braids/internal/tui/searchview.go:257.2,259.32 1 4
github.com/Ashes47/braids/internal/tui/searchview.go:262.63,264.16 2 2
github.com/Ashes47/braids/internal/tui/searchview.go:264.16,266.3 1 0
github.com/Ashes47/braids/internal/tui/searchview.go:267.2,268.20 2 2
github.com/Ashes47/braids/internal/tui/searchview.go:268.20,270.3 1 1
github.com/Ashes47/braids/internal/tui/searchview.go:271.2,272.22 2 2
github.com/Ashes47/braids/internal/tui/searchview.go:272.22,274.3 1 0
github.com/Ashes47/braids/internal/tui/searchview.go:276.2,282.14 6 2
github.com/Ashes47/braids/internal/tui/searchview.go:282.14,284.3 1 1
github.com/Ashes47/braids/internal/tui/searchview.go:285.2,288.33 1 1
github.com/Ashes47/braids/internal/tui/spineview.go:44.30,46.49 2 22
github.com/Ashes47/braids/internal/tui/spineview.go:46.49,46.101 1 0
github.com/Ashes47/braids/internal/tui/spineview.go:48.2,50.33 3 22
github.com/Ashes47/braids/internal/tui/spineview.go:50.33,51.61 1 76
github.com/Ashes47/braids/internal/tui/spineview.go:51.61,54.4 2 3
github.com/Ashes47/braids/internal/tui/spineview.go:56.2,56.29 1 22
github.com/Ashes47/braids/internal/tui/spineview.go:56.29,59.3 2 76
github.com/Ashes47/braids/internal/tui/spineview.go:60.2,60.37 1 22
github.com/Ashes47/braids/internal/tui/spineview.go:60.37,62.3 1 0
github.com/Ashes47/braids/internal/tui/spineview.go:63.2,63.11 1 22
github.com/Ashes47/braids/internal/tui/spineview.go:67.41,68.48 1 8
github.com/Ashes47/braids/internal/tui/spineview.go:68.48,70.3 1 0
github.com/Ashes47/braids/internal/tui/spineview.go:71.2,71.28 1 8
github.com/Ashes47/braids/internal/tui/spineview.go:74.46,75.14 1 37
github.com/Ashes47/braids/internal/tui/spineview.go:75.14,77.3 1 0
github.com/Ashes47/braids/internal/tui/spineview.go:78.2,78.19 1 37
github.com/Ashes47/braids/internal/tui/spineview.go:83.30,84.20 1 41
github.com/Ashes47/braids/internal/tui/spineview.go:84.20,87.3 2 28
github.com/Ashes47/braids/internal/tui/spineview.go:88.2,89.27 2 13
github.com/Ashes47/braids/internal/tui/spineview.go:89.27,90.37 1 52
github.com/Ashes47/braids/internal/tui/spineview.go:90.37,92.4 1 14
github.com/Ashes47/braids/internal/tui/spineview.go:96.37,97.19 1 52
github.com/Ashes47/braids/internal/tui/spineview.go:97.19,99.3 1 0
github.com/Ashes47/braids/internal/tui/spineview.go:100.2,101.90 1 52
github.com/Ashes47/braids/internal/tui/spineview.go:106.34,107.47 1 19
github.com/Ashes47/braids/internal/tui/spineview.go:107.47,109.3 1 0
github.com/Ashes47/braids/internal/tui/spineview.go:110.2,110.52 1 19
github.com/Ashes47/braids/internal/tui/spineview.go:115.57,116.24 1 22
github.com/Ashes47/braids/internal/tui/spineview.go:116.24,118.3 1 0
github.com/Ashes47/braids/internal/tui/spineview.go:119.2,122.28 4 22
github.com/Ashes47/braids/internal/tui/spineview.go:122.28,124.3 1 1
github.com/Ashes47/braids/internal/tui/spineview.go:125.2,127.10 3 22
github.com/Ashes47/braids/internal/tui/spineview.go:131.35,132.30 1 5
github.com/Ashes47/braids/internal/tui/spineview.go:132.30,136.3 3 1
github.com/Ashes47/braids/internal/tui/spineview.go:137.2,139.10 3 4
github.com/Ashes47/braids/internal/tui/spineview.go:142.54,144.21 2 37
github.com/Ashes47/braids/internal/tui/spineview.go:144.21,146.3 1 4
github.com/Ashes47/braids/internal/tui/spineview.go:147.2,147.23 1 33
github.com/Ashes47/braids/internal/tui/spineview.go:147.23,151.3 3 18
github.com/Ashes47/braids/internal/tui/spineview.go:152.2,152.13 1 15
github.com/Ashes47/braids/internal/tui/spineview.go:153.39,154.29 1 4
github.com/Ashes47/braids/internal/tui/spineview.go:155.29,157.22 2 1
github.com/Ashes47/braids/internal/tui/spineview.go:157.22,160.4 2 0
github.com/Ashes47/braids/internal/tui/spineview.go:161.3,161.41 1 1
github.com/Ashes47/braids/internal/tui/spineview.go:162.19,163.13 1 3
github.com/Ashes47/braids/internal/tui/spineview.go:164.17,165.13 1 1
github.com/Ashes47/braids/internal/tui/spineview.go:166.19,167.15 1 0
github.com/Ashes47/braids/internal/tui/spineview.go:168.18,169.32 1 0
github.com/Ashes47/braids/internal/tui/spineview.go:170.26,171.33 1 0
github.com/Ashes47/braids/internal/tui/spineview.go:172.24,173.33 1 0
github.com/Ashes47/braids/internal/tui/spineview.go:174.11,175.25 1 0
github.com/Ashes47/braids/internal/tui/spineview.go:176.11,177.30 1 5
github.com/Ashes47/braids/internal/tui/spineview.go:178.11,180.30 2 1
github.com/Ashes47/braids/internal/tui/spineview.go:181.11,183.30 2 0
github.com/Ashes47/braids/internal/tui/spineview.go:184.11,185.50 1 0
github.com/Ashes47/braids/internal/tui/spineview.go:186.11,187.51 1 0
github.com/Ashes47/braids/internal/tui/spineview.go:189.2,190.15 2 4
github.com/Ashes47/braids/internal/tui/spineview.go:193.30,195.14 2 24
github.com/Ashes47/braids/internal/tui/spineview.go:195.14,197.3 1 0
github.com/Ashes47/braids/internal/tui/spineview.go:198.2,198.32 1 24
github.com/Ashes47/braids/internal/tui/spineview.go:198.32,200.3 1 0
github.com/Ashes47/braids/internal/tui/spineview.go:201.2,201.18 1 24
github.com/Ashes47/braids/internal/tui/spineview.go:201.18,203.3 1 0
github.com/Ashes47/braids/internal/tui/spineview.go:204.2,205.25 2 24
github.com/Ashes47/braids/internal/tui/spineview.go:205.25,207.3 1 0
github.com/Ashes47/braids/internal/tui/spineview.go:208.2,208.28 1 24
github.com/Ashes47/braids/internal/tui/spineview.go:208.28,210.3 1 0
github.com/Ashes47/braids/internal/tui/spineview.go:211.2,211.18 1 24
github.com/Ashes47/braids/internal/tui/spineview.go:211.18,213.3 1 0
github.com/Ashes47/braids/internal/tui/spineview.go:216.37,227.9 10 15
github.com/Ashes47/braids/internal/tui/spineview.go:228.20,231.32 3 1
github.com/Ashes47/braids/internal/tui/spineview.go:231.32,233.4 1 10
github.com/Ashes47/braids/internal/tui/spineview.go:234.27,237.32 3 3
github.com/Ashes47/braids/internal/tui/spineview.go:237.32,239.4 1 30
github.com/Ashes47/braids/internal/tui/spineview.go:240.10,243.61 3 11
github.com/Ashes47/braids/internal/tui/spineview.go:243.61,249.66 4 43
github.com/Ashes47/braids/internal/tui/spineview.go:249.66,253.5 3 0
github.com/Ashes47/braids/internal/tui/spineview.go:255.3,255.36 1 11
github.com/Ashes47/braids/internal/tui/spineview.go:255.36,257.4 1 78
github.com/Ashes47/braids/internal/tui/spineview.go:259.2,262.19 4 15
github.com/Ashes47/braids/internal/tui/spineview.go:266.36,274.15 6 0
github.com/Ashes47/braids/internal/tui/spineview.go:274.15,276.3 1 0
github.com/Ashes47/braids/internal/tui/spineview.go:277.2,280.29 1 0
github.com/Ashes47/braids/internal/tui/spineview.go:285.37,287.9 2 15
github.com/Ashes47/braids/internal/tui/spineview.go:288.23,289.32 1 1
github.com/Ashes47/braids/internal/tui/spineview.go:290.22,292.15 2 7
github.com/Ashes47/braids/internal/tui/spineview.go:292.15,294.4 1 4
github.com/Ashes47/braids/internal/tui/spineview.go:295.3,295.38 1 7
github.com/Ashes47/braids/internal/tui/spineview.go:296.10,297.47 1 7
github.com/Ashes47/braids/internal/tui/spineview.go:301.43,302.25 1 3
github.com/Ashes47/braids/internal/tui/spineview.go:302.25,304.3 1 1
github.com/Ashes47/braids/internal/tui/spineview.go:305.2,305.41 1 2
github.com/Ashes47/braids/internal/tui/spineview.go:308.36,310.16 2 15
github.com/Ashes47/braids/internal/tui/spineview.go:310.16,312.3 1 0
github.com/Ashes47/braids/internal/tui/spineview.go:313.2,314.25 2 15
github.com/Ashes47/braids/internal/tui/spineview.go:314.25,316.3 1 2
github.com/Ashes47/braids/internal/tui/spineview.go:317.2,317.88 1 15
github.com/Ashes47/braids/internal/tui/spineview.go:321.35,323.35 2 15
github.com/Ashes47/braids/internal/tui/spineview.go:323.35,324.30 1 48
github.com/Ashes47/braids/internal/tui/spineview.go:324.30,327.4 2 11
github.com/Ashes47/braids/internal/tui/spineview.go:329.2,342.34 4 15
github.com/Ashes47/braids/internal/tui/spineview.go:351.48,352.9 1 19
github.com/Ashes47/braids/internal/tui/spineview.go:353.32,354.16 1 5
github.com/Ashes47/braids/internal/tui/spineview.go:355.19,356.43 1 10
github.com/Ashes47/braids/internal/tui/spineview.go:357.17,358.46 1 1
github.com/Ashes47/braids/internal/tui/spineview.go:359.10,360.68 1 3
github.com/Ashes47/braids/internal/tui/spineview.go:364.38,367.19 3 15
github.com/Ashes47/braids/internal/tui/spineview.go:367.19,369.3 1 0
github.com/Ashes47/braids/internal/tui/spineview.go:370.2,370.103 1 15
github.com/Ashes47/braids/internal/tui/spineview.go:379.66,381.21 2 43
github.com/Ashes47/braids/internal/tui/spineview.go:381.21,383.3 1 2
github.com/Ashes47/braids/internal/tui/spineview.go:383.8,385.3 1 41
github.com/Ashes47/braids/internal/tui/spineview.go:386.2,386.14 1 43
github.com/Ashes47/braids/internal/tui/spineview.go:386.14,388.3 1 11
github.com/Ashes47/braids/internal/tui/spineview.go:389.2,389.15 1 32
github.com/Ashes47/braids/internal/tui/spineview.go:394.64,397.16 3 2
github.com/Ashes47/braids/internal/tui/spineview.go:397.16,399.3 1 0
github.com/Ashes47/braids/internal/tui/spineview.go:400.2,404.19 4 2
github.com/Ashes47/braids/internal/tui/spineview.go:404.19,406.3 1 0
github.com/Ashes47/braids/internal/tui/spineview.go:407.2,412.22 4 2
github.com/Ashes47/braids/internal/tui/spineview.go:415.71,419.37 3 41
github.com/Ashes47/braids/internal/tui/spineview.go:419.37,421.3 1 10
github.com/Ashes47/braids/internal/tui/spineview.go:422.2,426.19 3 41
github.com/Ashes47/braids/internal/tui/spineview.go:426.19,428.3 1 0
github.com/Ashes47/braids/internal/tui/spineview.go:430.2,432.18 3 41
github.com/Ashes47/braids/internal/tui/spineview.go:433.20,435.59 2 10
github.com/Ashes47/braids/internal/tui/spineview.go:436.10,439.33 3 31
github.com/Ashes47/braids/internal/tui/spineview.go:439.33,441.4 1 21
github.com/Ashes47/braids/internal/tui/spineview.go:442.3,443.58 2 31
github.com/Ashes47/braids/internal/tui/spineview.go:443.58,446.4 2 0
github.com/Ashes47/braids/internal/tui/spineview.go:448.2,458.22 6 41
github.com/Ashes47/braids/internal/tui/spineview.go:462.36,464.44 2 5
github.com/Ashes47/braids/internal/tui/spineview.go:464.44,467.3 2 1
github.com/Ashes47/braids/internal/tui/spineview.go:468.2,469.21 2 4
github.com/Ashes47/braids/internal/tui/spineview.go:469.21,472.3 2 1
github.com/Ashes47/braids/internal/tui/spineview.go:473.2,474.30 2 3
github.com/Ashes47/braids/internal/tui/spineview.go:474.30,477.3 2 1
github.com/Ashes47/braids/internal/tui/spineview.go:478.2,480.10 3 2
github.com/Ashes47/braids/internal/tui/spineview.go:483.44,485.13 2 4
github.com/Ashes47/braids/internal/tui/spineview.go:486.13,487.27 1 0
github.com/Ashes47/braids/internal/tui/spineview.go:488.15,489.26 1 2
github.com/Ashes47/braids/internal/tui/spineview.go:490.10,491.21 1 2
github.com/Ashes47/braids/internal/tui/spineview.go:493.2,493.10 1 2
github.com/Ashes47/braids/internal/tui/spineview.go:499.37,506.16 6 2
github.com/Ashes47/braids/internal/tui/spineview.go:506.16,509.3 2 1
github.com/Ashes47/braids/internal/tui/spineview.go:510.2,511.22 2 1
github.com/Ashes47/braids/internal/tui/spineview.go:511.22,513.17 2 0
github.com/Ashes47/braids/internal/tui/spineview.go:513.17,516.4 2 0
github.com/Ashes47/braids/internal/tui/spineview.go:517.3,517.22 1 0
github.com/Ashes47/braids/internal/tui/spineview.go:519.2,520.10 2 1
github.com/Ashes47/braids/internal/tui/spineview.go:525.44,528.26 3 6
github.com/Ashes47/braids/internal/tui/spineview.go:528.26,530.33 2 23
github.com/Ashes47/braids/internal/tui/spineview.go:530.33,531.12 1 14
github.com/Ashes47/braids/internal/tui/spineview.go:533.3,534.20 2 9
github.com/Ashes47/braids/internal/tui/spineview.go:534.20,535.9 1 1
github.com/Ashes47/braids/internal/tui/spineview.go:538.2,538.19 1 6
github.com/Ashes47/braids/internal/tui/spineview.go:538.19,540.3 1 2
github.com/Ashes47/braids/internal/tui/spineview.go:541.2,541.31 1 4
github.com/Ashes47/braids/internal/tui/spineview.go:557.56,558.34 1 6
github.com/Ashes47/braids/internal/tui/spineview.go:558.34,560.63 2 8
github.com/Ashes47/braids/internal/tui/spineview.go:560.63,562.4 1 5
github.com/Ashes47/braids/internal/tui/spineview.go:564.2,564.13 1 1
github.com/Ashes47/braids/internal/tui/spineview.go:568.42,570.30 2 62
github.com/Ashes47/braids/internal/tui/spineview.go:570.30,571.22 1 44
github.com/Ashes47/braids/internal/tui/spineview.go:571.22,572.9 1 0
github.com/Ashes47/braids/internal/tui/spineview.go:574.3,574.63 1 44
github.com/Ashes47/braids/internal/tui/spineview.go:576.2,576.36 1 62
github.com/Ashes47/braids/internal/tui/spineview.go:579.31,579.78 1 43
github.com/Ashes47/braids/internal/tui/theme.go:37.35,38.11 1 45
github.com/Ashes47/braids/internal/tui/theme.go:38.11,40.3 1 45
github.com/Ashes47/braids/internal/tui/theme.go:41.2,41.133 1 0
github.com/Ashes47/braids/internal/tui/theme.go:69.41,71.45 2 44
github.com/Ashes47/braids/internal/tui/theme.go:71.45,71.63 1 308
github.com/Ashes47/braids/internal/tui/theme.go:73.2,102.3 8 44
