mode: atomic
github.com/Ashes47/braids/internal/core/store/claudecode/birthtime_darwin.go:13.44,15.9 2 20
github.com/Ashes47/braids/internal/core/store/claudecode/birthtime_darwin.go:15.9,17.3 1 0
github.com/Ashes47/braids/internal/core/store/claudecode/birthtime_darwin.go:18.2,18.63 1 20
github.com/Ashes47/braids/internal/core/store/claudecode/branch.go:29.91,30.25 1 6
github.com/Ashes47/braids/internal/core/store/claudecode/branch.go:30.25,32.3 1 1
github.com/Ashes47/braids/internal/core/store/claudecode/branch.go:33.2,34.16 2 5
github.com/Ashes47/braids/internal/core/store/claudecode/branch.go:34.16,36.3 1 0
github.com/Ashes47/braids/internal/core/store/claudecode/branch.go:37.2,38.16 2 5
github.com/Ashes47/braids/internal/core/store/claudecode/branch.go:38.16,40.3 1 1
github.com/Ashes47/braids/internal/core/store/claudecode/branch.go:42.2,43.16 2 4
github.com/Ashes47/braids/internal/core/store/claudecode/branch.go:43.16,45.3 1 0
github.com/Ashes47/braids/internal/core/store/claudecode/branch.go:46.2,47.72 2 4
github.com/Ashes47/braids/internal/core/store/claudecode/branch.go:47.72,49.3 1 0
github.com/Ashes47/braids/internal/core/store/claudecode/branch.go:51.2,52.16 2 4
github.com/Ashes47/braids/internal/core/store/claudecode/branch.go:52.16,54.3 1 0
github.com/Ashes47/braids/internal/core/store/claudecode/branch.go:55.2,64.8 1 4
github.com/Ashes47/braids/internal/core/store/claudecode/branch.go:74.45,76.16 2 5
github.com/Ashes47/braids/internal/core/store/claudecode/branch.go:76.16,78.3 1 0
github.com/Ashes47/braids/internal/core/store/claudecode/branch.go:79.2,83.16 4 5
github.com/Ashes47/braids/internal/core/store/claudecode/branch.go:83.16,86.49 3 30
github.com/Ashes47/braids/internal/core/store/claudecode/branch.go:86.49,88.12 2 0
github.com/Ashes47/braids/internal/core/store/claudecode/branch.go:90.3,90.72 1 30
github.com/Ashes47/braids/internal/core/store/claudecode/branch.go:92.2,92.33 1 5
github.com/Ashes47/braids/internal/core/store/claudecode/branch.go:92.33,94.3 1 0
github.com/Ashes47/braids/internal/core/store/claudecode/branch.go:95.2,95.17 1 5
github.com/Ashes47/braids/internal/core/store/claudecode/branch.go:101.69,104.26 3 5
github.com/Ashes47/braids/internal/core/store/claudecode/branch.go:104.26,105.19 1 30
github.com/Ashes47/braids/internal/core/store/claudecode/branch.go:105.19,106.12 1 5
github.com/Ashes47/braids/internal/core/store/claudecode/branch.go:108.3,109.23 2 25
github.com/Ashes47/braids/internal/core/store/claudecode/branch.go:109.23,111.4 1 4
github.com/Ashes47/braids/internal/core/store/claudecode/branch.go:113.2,113.12 1 5
github.com/Ashes47/braids/internal/core/store/claudecode/branch.go:113.12,115.3 1 1
github.com/Ashes47/braids/internal/core/store/claudecode/branch.go:117.2,118.65 2 4
github.com/Ashes47/braids/internal/core/store/claudecode/branch.go:118.65,120.3 1 11
github.com/Ashes47/braids/internal/core/store/claudecode/branch.go:121.2,121.18 1 4
github.com/Ashes47/braids/internal/core/store/claudecode/branch.go:124.126,126.16 2 4
github.com/Ashes47/braids/internal/core/store/claudecode/branch.go:126.16,128.3 1 0
github.com/Ashes47/braids/internal/core/store/claudecode/branch.go:129.2,132.29 3 4
github.com/Ashes47/braids/internal/core/store/claudecode/branch.go:132.29,134.17 2 6
github.com/Ashes47/braids/internal/core/store/claudecode/branch.go:134.17,136.4 1 0
github.com/Ashes47/braids/internal/core/store/claudecode/branch.go:137.3,138.13 2 6
github.com/Ashes47/braids/internal/core/store/claudecode/branch.go:141.2,141.21 1 4
github.com/Ashes47/braids/internal/core/store/claudecode/branch.go:141.21,142.21 1 4
github.com/Ashes47/braids/internal/core/store/claudecode/branch.go:142.21,145.19 1 2
github.com/Ashes47/braids/internal/core/store/claudecode/branch.go:145.19,147.5 1 0
github.com/Ashes47/braids/internal/core/store/claudecode/branch.go:149.3,149.27 1 4
github.com/Ashes47/braids/internal/core/store/claudecode/branch.go:149.27,150.36 1 24
github.com/Ashes47/braids/internal/core/store/claudecode/branch.go:150.36,152.5 1 0
github.com/Ashes47/braids/internal/core/store/claudecode/branch.go:153.4,153.37 1 24
github.com/Ashes47/braids/internal/core/store/claudecode/branch.go:153.37,154.13 1 13
github.com/Ashes47/braids/internal/core/store/claudecode/branch.go:156.4,157.18 2 11
github.com/Ashes47/braids/internal/core/store/claudecode/branch.go:157.18,159.5 1 0
github.com/Ashes47/braids/internal/core/store/claudecode/branch.go:160.4,160.64 1 11
github.com/Ashes47/braids/internal/core/store/claudecode/branch.go:160.64,162.5 1 0
github.com/Ashes47/braids/internal/core/store/claudecode/branch.go:165.3,167.5 1 4
github.com/Ashes47/braids/internal/core/store/claudecode/branch.go:169.2,169.16 1 4
github.com/Ashes47/braids/internal/core/store/claudecode/branch.go:169.16,171.3 1 0
github.com/Ashes47/braids/internal/core/store/claudecode/branch.go:172.2,172.36 1 4
github.com/Ashes47/braids/internal/core/store/claudecode/branch.go:172.36,174.3 1 0
github.com/Ashes47/braids/internal/core/store/claudecode/branch.go:175.2,175.49 1 4
github.com/Ashes47/braids/internal/core/store/claudecode/branch.go:175.49,177.3 1 0
github.com/Ashes47/braids/internal/core/store/claudecode/branch.go:178.2,178.12 1 4
github.com/Ashes47/braids/internal/core/store/claudecode/branch.go:182.57,184.9 2 11
github.com/Ashes47/braids/internal/core/store/claudecode/branch.go:184.9,187.3 1 0
github.com/Ashes47/braids/internal/core/store/claudecode/branch.go:188.2,189.16 2 11
github.com/Ashes47/braids/internal/core/store/claudecode/branch.go:189.16,191.3 1 0
github.com/Ashes47/braids/internal/core/store/claudecode/branch.go:192.2,192.58 1 11
github.com/Ashes47/braids/internal/core/store/claudecode/branch.go:192.58,193.31 1 22
github.com/Ashes47/braids/internal/core/store/claudecode/branch.go:193.31,195.4 1 11
github.com/Ashes47/braids/internal/core/store/claudecode/branch.go:197.2,198.16 2 11
github.com/Ashes47/braids/internal/core/store/claudecode/branch.go:198.16,200.3 1 0
github.com/Ashes47/braids/internal/core/store/claudecode/branch.go:201.2,201.17 1 11
github.com/Ashes47/braids/internal/core/store/claudecode/branch.go:206.66,208.53 2 11
github.com/Ashes47/braids/internal/core/store/claudecode/branch.go:208.53,210.3 1 0
github.com/Ashes47/braids/internal/core/store/claudecode/branch.go:211.2,211.21 1 11
github.com/Ashes47/braids/internal/core/store/claudecode/branch.go:215.37,217.43 2 4
github.com/Ashes47/braids/internal/core/store/claudecode/branch.go:217.43,219.3 1 0
github.com/Ashes47/braids/internal/core/store/claudecode/branch.go:220.2,223.85 4 4
github.com/Ashes47/braids/internal/core/store/claudecode/branch.go:226.30,227.18 1 1
github.com/Ashes47/braids/internal/core/store/claudecode/branch.go:227.18,229.3 1 1
github.com/Ashes47/braids/internal/core/store/claudecode/branch.go:230.2,230.15 1 0
github.com/Ashes47/braids/internal/core/store/claudecode/claudecode.go:33.31,33.61 1 11
github.com/Ashes47/braids/internal/core/store/claudecode/claudecode.go:36.36,38.16 2 0
github.com/Ashes47/braids/internal/core/store/claudecode/claudecode.go:38.16,40.3 1 0
github.com/Ashes47/braids/internal/core/store/claudecode/claudecode.go:41.2,41.56 1 0
github.com/Ashes47/braids/internal/core/store/claudecode/claudecode.go:45.32,45.55 1 20
github.com/Ashes47/braids/internal/core/store/claudecode/claudecode.go:48.52,56.2 1 0
github.com/Ashes47/braids/internal/core/store/claudecode/claudecode.go:61.67,63.16 2 13
github.com/Ashes47/braids/internal/core/store/claudecode/claudecode.go:63.16,65.3 1 0
github.com/Ashes47/braids/internal/core/store/claudecode/claudecode.go:66.2,67.35 2 13
github.com/Ashes47/braids/internal/core/store/claudecode/claudecode.go:67.35,68.23 1 13
github.com/Ashes47/braids/internal/core/store/claudecode/claudecode.go:68.23,69.12 1 0
github.com/Ashes47/braids/internal/core/store/claudecode/claudecode.go:71.3,73.17 3 13
github.com/Ashes47/braids/internal/core/store/claudecode/claudecode.go:73.17,75.4 1 0
github.com/Ashes47/braids/internal/core/store/claudecode/claudecode.go:76.3,76.29 1 13
github.com/Ashes47/braids/internal/core/store/claudecode/claudecode.go:76.29,77.36 1 17
github.com/Ashes47/braids/internal/core/store/claudecode/claudecode.go:77.36,79.5 1 0
github.com/Ashes47/braids/internal/core/store/claudecode/claudecode.go:80.4,80.59 1 17
github.com/Ashes47/braids/internal/core/store/claudecode/claudecode.go:80.59,81.13 1 1
github.com/Ashes47/braids/internal/core/store/claudecode/claudecode.go:83.4,84.18 2 16
github.com/Ashes47/braids/internal/core/store/claudecode/claudecode.go:84.18,86.5 1 0
github.com/Ashes47/braids/internal/core/store/claudecode/claudecode.go:87.4,97.49 3 16
github.com/Ashes47/braids/internal/core/store/claudecode/claudecode.go:97.49,99.5 1 16
github.com/Ashes47/braids/internal/core/store/claudecode/claudecode.go:100.4,100.31 1 16
github.com/Ashes47/braids/internal/core/store/claudecode/claudecode.go:103.2,103.19 1 13
github.com/Ashes47/braids/internal/core/store/claudecode/claudecode.go:108.90,110.16 2 7
github.com/Ashes47/braids/internal/core/store/claudecode/claudecode.go:110.16,112.3 1 0
github.com/Ashes47/braids/internal/core/store/claudecode/claudecode.go:113.2,123.16 4 7
github.com/Ashes47/braids/internal/core/store/claudecode/claudecode.go:123.16,124.35 1 26
github.com/Ashes47/braids/internal/core/store/claudecode/claudecode.go:124.35,126.4 1 0
github.com/Ashes47/braids/internal/core/store/claudecode/claudecode.go:127.3,128.56 2 26
github.com/Ashes47/braids/internal/core/store/claudecode/claudecode.go:128.56,129.12 1 1
github.com/Ashes47/braids/internal/core/store/claudecode/claudecode.go:131.3,131.19 1 25
github.com/Ashes47/braids/internal/core/store/claudecode/claudecode.go:131.19,132.12 1 4
github.com/Ashes47/braids/internal/core/store/claudecode/claudecode.go:134.3,136.10 3 21
github.com/Ashes47/braids/internal/core/store/claudecode/claudecode.go:136.10,138.12 2 7
github.com/Ashes47/braids/internal/core/store/claudecode/claudecode.go:140.3,142.36 3 14
github.com/Ashes47/braids/internal/core/store/claudecode/claudecode.go:142.36,144.4 1 1
github.com/Ashes47/braids/internal/core/store/claudecode/claudecode.go:146.2,146.33 1 6
github.com/Ashes47/braids/internal/core/store/claudecode/claudecode.go:146.33,148.3 1 0
github.com/Ashes47/braids/internal/core/store/claudecode/claudecode.go:149.2,149.12 1 6
github.com/Ashes47/braids/internal/core/store/claudecode/claudecode.go:152.44,156.2 3 28
github.com/Ashes47/braids/internal/core/store/claudecode/claudecode.go:160.38,162.21 2 16
github.com/Ashes47/braids/internal/core/store/claudecode/claudecode.go:162.21,164.3 1 0
github.com/Ashes47/braids/internal/core/store/claudecode/claudecode.go:165.2,165.28 1 16
github.com/Ashes47/braids/internal/core/store/claudecode/claudecode.go:170.45,172.16 2 16
github.com/Ashes47/braids/internal/core/store/claudecode/claudecode.go:172.16,174.3 1 0
github.com/Ashes47/braids/internal/core/store/claudecode/claudecode.go:175.2,179.16 4 16
github.com/Ashes47/braids/internal/core/store/claudecode/claudecode.go:179.16,181.26 2 73
github.com/Ashes47/braids/internal/core/store/claudecode/claudecode.go:181.26,182.12 1 61
github.com/Ashes47/braids/internal/core/store/claudecode/claudecode.go:184.3,185.50 2 12
github.com/Ashes47/braids/internal/core/store/claudecode/claudecode.go:185.50,186.12 1 0
github.com/Ashes47/braids/internal/core/store/claudecode/claudecode.go:188.3,188.10 1 12
github.com/Ashes47/braids/internal/core/store/claudecode/claudecode.go:189.28,190.26 1 2
github.com/Ashes47/braids/internal/core/store/claudecode/claudecode.go:191.24,192.18 1 9
github.com/Ashes47/braids/internal/core/store/claudecode/claudecode.go:193.26,194.23 1 1
github.com/Ashes47/braids/internal/core/store/claudecode/claudecode.go:197.2,197.33 1 16
github.com/Ashes47/braids/internal/core/store/claudecode/claudecode.go:197.33,199.3 1 0
github.com/Ashes47/braids/internal/core/store/claudecode/claudecode.go:200.2,200.46 1 16
github.com/Ashes47/braids/internal/core/store/claudecode/claudecode.go:203.37,204.31 1 73
github.com/Ashes47/braids/internal/core/store/claudecode/claudecode.go:204.31,205.30 1 135
github.com/Ashes47/braids/internal/core/store/claudecode/claudecode.go:205.30,207.4 1 12
github.com/Ashes47/braids/internal/core/store/claudecode/claudecode.go:209.2,209.14 1 61
github.com/Ashes47/braids/internal/core/store/claudecode/claudecode.go:212.43,213.25 1 16
github.com/Ashes47/braids/internal/core/store/claudecode/claudecode.go:213.25,214.14 1 36
github.com/Ashes47/braids/internal/core/store/claudecode/claudecode.go:214.14,216.4 1 11
github.com/Ashes47/braids/internal/core/store/claudecode/claudecode.go:218.2,218.11 1 5
github.com/Ashes47/braids/internal/core/store/claudecode/claudecode.go:253.64,254.50 1 21
github.com/Ashes47/braids/internal/core/store/claudecode/claudecode.go:254.50,256.3 1 7
github.com/Ashes47/braids/internal/core/store/claudecode/claudecode.go:257.2,258.16 2 14
github.com/Ashes47/braids/internal/core/store/claudecode/claudecode.go:259.14,260.24 1 10
github.com/Ashes47/braids/internal/core/store/claudecode/claudecode.go:261.19,262.29 1 4
github.com/Ashes47/braids/internal/core/store/claudecode/claudecode.go:263.10,264.32 1 0
github.com/Ashes47/braids/internal/core/store/claudecode/claudecode.go:266.2,267.21 2 14
github.com/Ashes47/braids/internal/core/store/claudecode/claudecode.go:267.21,269.3 1 0
github.com/Ashes47/braids/internal/core/store/claudecode/claudecode.go:270.2,277.9 2 14
github.com/Ashes47/braids/internal/core/store/claudecode/claudecode.go:284.35,285.25 1 51
github.com/Ashes47/braids/internal/core/store/claudecode/claudecode.go:285.25,287.3 1 31
github.com/Ashes47/braids/internal/core/store/claudecode/claudecode.go:288.2,288.32 1 20
github.com/Ashes47/braids/internal/core/store/claudecode/claudecode.go:288.32,290.3 1 2
github.com/Ashes47/braids/internal/core/store/claudecode/claudecode.go:291.2,291.11 1 18
github.com/Ashes47/braids/internal/core/store/claudecode/claudecode.go:296.51,297.19 1 14
github.com/Ashes47/braids/internal/core/store/claudecode/claudecode.go:297.19,299.3 1 0
github.com/Ashes47/braids/internal/core/store/claudecode/claudecode.go:300.2,301.51 2 14
github.com/Ashes47/braids/internal/core/store/claudecode/claudecode.go:301.51,302.36 1 8
github.com/Ashes47/braids/internal/core/store/claudecode/claudecode.go:302.36,304.4 1 0
github.com/Ashes47/braids/internal/core/store/claudecode/claudecode.go:305.3,305.58 1 8
github.com/Ashes47/braids/internal/core/store/claudecode/claudecode.go:307.2,308.53 2 6
github.com/Ashes47/braids/internal/core/store/claudecode/claudecode.go:308.53,310.3 1 0
github.com/Ashes47/braids/internal/core/store/claudecode/claudecode.go:311.2,312.27 2 6
github.com/Ashes47/braids/internal/core/store/claudecode/claudecode.go:312.27,313.30 1 8
github.com/Ashes47/braids/internal/core/store/claudecode/claudecode.go:313.30,315.4 1 8
github.com/Ashes47/braids/internal/core/store/claudecode/claudecode.go:317.2,317.14 1 6
github.com/Ashes47/braids/internal/core/store/claudecode/claudecode.go:320.44,321.16 1 8
github.com/Ashes47/braids/internal/core/store/claudecode/claudecode.go:322.14,323.38 1 4
github.com/Ashes47/braids/internal/core/store/claudecode/claudecode.go:323.38,325.4 1 0
github.com/Ashes47/braids/internal/core/store/claudecode/claudecode.go:326.3,326.62 1 4
github.com/Ashes47/braids/internal/core/store/claudecode/claudecode.go:327.18,328.42 1 1
github.com/Ashes47/braids/internal/core/store/claudecode/claudecode.go:328.42,330.4 1 0
github.com/Ashes47/braids/internal/core/store/claudecode/claudecode.go:331.3,331.70 1 1
github.com/Ashes47/braids/internal/core/store/claudecode/claudecode.go:332.18,333.88 1 1
github.com/Ashes47/braids/internal/core/store/claudecode/claudecode.go:334.21,336.17 2 2
github.com/Ashes47/braids/internal/core/store/claudecode/claudecode.go:336.17,338.4 1 0
github.com/Ashes47/braids/internal/core/store/claudecode/claudecode.go:339.3,339.66 1 2
github.com/Ashes47/braids/internal/core/store/claudecode/claudecode.go:340.10,341.29 1 0
github.com/Ashes47/braids/internal/core/store/claudecode/claudecode.go:346.42,347.19 1 2
github.com/Ashes47/braids/internal/core/store/claudecode/claudecode.go:347.19,349.3 1 0
github.com/Ashes47/braids/internal/core/store/claudecode/claudecode.go:350.2,351.51 2 2
github.com/Ashes47/braids/internal/core/store/claudecode/claudecode.go:351.51,353.3 1 1
github.com/Ashes47/braids/internal/core/store/claudecode/claudecode.go:354.2,355.53 2 1
github.com/Ashes47/braids/internal/core/store/claudecode/claudecode.go:355.53,357.3 1 0
github.com/Ashes47/braids/internal/core/store/claudecode/claudecode.go:358.2,359.29 2 1
github.com/Ashes47/braids/internal/core/store/claudecode/claudecode.go:359.29,360.21 1 1
github.com/Ashes47/braids/internal/core/store/claudecode/claudecode.go:360.21,361.12 1 0
github.com/Ashes47/braids/internal/core/store/claudecode/claudecode.go:363.3,363.18 1 1
github.com/Ashes47/braids/internal/core/store/claudecode/claudecode.go:363.18,365.4 1 0
github.com/Ashes47/braids/internal/core/store/claudecode/claudecode.go:366.3,366.26 1 1
github.com/Ashes47/braids/internal/core/store/claudecode/claudecode.go:368.2,368.19 1 1
github.com/Ashes47/braids/internal/core/index/index.go:118.40,120.16 2 5
github.com/Ashes47/braids/internal/core/index/index.go:120.16,122.3 1 0
github.com/Ashes47/braids/internal/core/index/index.go:123.2,126.4 1 5
github.com/Ashes47/braids/internal/core/index/index.go:126.4,127.44 1 10
github.com/Ashes47/braids/internal/core/index/index.go:127.44,129.4 1 0
github.com/Ashes47/braids/internal/core/index/index.go:131.2,131.36 1 5
github.com/Ashes47/braids/internal/core/index/index.go:131.36,133.3 1 0
github.com/Ashes47/braids/internal/core/index/index.go:134.2,134.28 1 5
github.com/Ashes47/braids/internal/core/index/index.go:140.32,142.74 2 5
github.com/Ashes47/braids/internal/core/index/index.go:142.74,144.3 1 0
github.com/Ashes47/braids/internal/core/index/index.go:145.2,145.30 1 5
github.com/Ashes47/braids/internal/core/index/index.go:145.30,146.45 1 5
github.com/Ashes47/braids/internal/core/index/index.go:146.45,148.4 1 0
github.com/Ashes47/braids/internal/core/index/index.go:150.2,150.43 1 5
github.com/Ashes47/braids/internal/core/index/index.go:150.43,152.3 1 0
github.com/Ashes47/braids/internal/core/index/index.go:153.2,153.89 1 5
github.com/Ashes47/braids/internal/core/index/index.go:153.89,155.3 1 0
github.com/Ashes47/braids/internal/core/index/index.go:156.2,156.12 1 5
github.com/Ashes47/braids/internal/core/index/index.go:160.32,160.56 1 5
github.com/Ashes47/braids/internal/core/index/index.go:165.80,168.16 3 6
github.com/Ashes47/braids/internal/core/index/index.go:168.16,170.3 1 0
github.com/Ashes47/braids/internal/core/index/index.go:172.2,173.16 2 6
github.com/Ashes47/braids/internal/core/index/index.go:173.16,175.3 1 0
github.com/Ashes47/braids/internal/core/index/index.go:176.2,178.98 2 6
github.com/Ashes47/braids/internal/core/index/index.go:178.98,179.54 1 18
github.com/Ashes47/braids/internal/core/index/index.go:179.54,181.4 1 0
github.com/Ashes47/braids/internal/core/index/index.go:183.2,186.16 2 6
github.com/Ashes47/braids/internal/core/index/index.go:186.16,188.3 1 0
github.com/Ashes47/braids/internal/core/index/index.go:189.2,192.16 3 6
github.com/Ashes47/braids/internal/core/index/index.go:192.16,194.3 1 0
github.com/Ashes47/braids/internal/core/index/index.go:195.2,199.16 3 6
github.com/Ashes47/braids/internal/core/index/index.go:199.16,201.3 1 0
github.com/Ashes47/braids/internal/core/index/index.go:202.2,205.29 3 6
github.com/Ashes47/braids/internal/core/index/index.go:205.29,207.62 2 13
github.com/Ashes47/braids/internal/core/index/index.go:207.62,211.84 3 20
github.com/Ashes47/braids/internal/core/index/index.go:211.84,213.5 1 0
github.com/Ashes47/braids/internal/core/index/index.go:214.4,214.30 1 20
github.com/Ashes47/braids/internal/core/index/index.go:214.30,215.40 1 30
github.com/Ashes47/braids/internal/core/index/index.go:215.40,216.14 1 5
github.com/Ashes47/braids/internal/core/index/index.go:218.5,219.71 1 25
github.com/Ashes47/braids/internal/core/index/index.go:219.71,221.6 1 0
github.com/Ashes47/braids/internal/core/index/index.go:222.5,223.16 2 25
github.com/Ashes47/braids/internal/core/index/index.go:225.4,225.14 1 20
github.com/Ashes47/braids/internal/core/index/index.go:227.3,227.17 1 13
github.com/Ashes47/braids/internal/core/index/index.go:227.17,229.4 1 0
github.com/Ashes47/braids/internal/core/index/index.go:230.3,232.48 1 13
github.com/Ashes47/braids/internal/core/index/index.go:232.48,234.4 1 0
github.com/Ashes47/braids/internal/core/index/index.go:236.2,236.36 1 6
github.com/Ashes47/braids/internal/core/index/index.go:236.36,238.3 1 0
github.com/Ashes47/braids/internal/core/index/index.go:239.2,240.19 2 6
github.com/Ashes47/braids/internal/core/index/index.go:244.70,245.37 1 5
github.com/Ashes47/braids/internal/core/index/index.go:245.37,247.3 1 1
github.com/Ashes47/braids/internal/core/index/index.go:248.2,249.16 2 4
github.com/Ashes47/braids/internal/core/index/index.go:249.16,251.3 1 4
github.com/Ashes47/braids/internal/core/index/index.go:253.2,257.18 2 4
github.com/Ashes47/braids/internal/core/index/index.go:257.18,260.3 2 1
github.com/Ashes47/braids/internal/core/index/index.go:261.2,261.22 1 4
github.com/Ashes47/braids/internal/core/index/index.go:261.22,263.29 2 1
github.com/Ashes47/braids/internal/core/index/index.go:263.29,266.4 2 1
github.com/Ashes47/braids/internal/core/index/index.go:267.3,267.72 1 1
github.com/Ashes47/braids/internal/core/index/index.go:269.2,280.16 4 4
github.com/Ashes47/braids/internal/core/index/index.go:280.16,282.3 1 0
github.com/Ashes47/braids/internal/core/index/index.go:283.2,286.18 3 4
github.com/Ashes47/braids/internal/core/index/index.go:286.18,291.56 4 6
github.com/Ashes47/braids/internal/core/index/index.go:291.56,293.4 1 0
github.com/Ashes47/braids/internal/core/index/index.go:294.3,297.25 4 6
github.com/Ashes47/braids/internal/core/index/index.go:299.2,299.35 1 4
github.com/Ashes47/braids/internal/core/index/index.go:299.35,301.3 1 0
github.com/Ashes47/braids/internal/core/index/index.go:302.2,302.18 1 4
github.com/Ashes47/braids/internal/core/index/index.go:318.89,322.16 2 0
github.com/Ashes47/braids/internal/core/index/index.go:322.16,324.3 1 0
github.com/Ashes47/braids/internal/core/index/index.go:325.2,328.18 3 0
github.com/Ashes47/braids/internal/core/index/index.go:328.18,332.97 4 0
github.com/Ashes47/braids/internal/core/index/index.go:332.97,334.4 1 0
github.com/Ashes47/braids/internal/core/index/index.go:335.3,337.23 3 0
github.com/Ashes47/braids/internal/core/index/index.go:339.2,339.35 1 0
github.com/Ashes47/braids/internal/core/index/index.go:339.35,341.3 1 0
github.com/Ashes47/braids/internal/core/index/index.go:342.2,342.17 1 0
github.com/Ashes47/braids/internal/core/index/index.go:351.40,353.35 2 20
github.com/Ashes47/braids/internal/core/index/index.go:353.35,355.3 1 0
github.com/Ashes47/braids/internal/core/index/index.go:356.2,357.28 2 20
github.com/Ashes47/braids/internal/core/index/index.go:357.28,359.3 1 0
github.com/Ashes47/braids/internal/core/index/index.go:360.2,360.13 1 20
github.com/Ashes47/braids/internal/core/index/index.go:364.38,367.28 3 20
github.com/Ashes47/braids/internal/core/index/index.go:367.28,368.66 1 30
github.com/Ashes47/braids/internal/core/index/index.go:368.66,369.12 1 25
github.com/Ashes47/braids/internal/core/index/index.go:371.3,372.32 2 5
github.com/Ashes47/braids/internal/core/index/index.go:374.2,374.33 1 20
github.com/Ashes47/braids/internal/core/index/index.go:379.67,386.16 2 1
github.com/Ashes47/braids/internal/core/index/index.go:386.16,388.3 1 0
github.com/Ashes47/braids/internal/core/index/index.go:389.2,392.18 3 1
github.com/Ashes47/braids/internal/core/index/index.go:392.18,394.68 2 2
github.com/Ashes47/braids/internal/core/index/index.go:394.68,396.4 1 0
github.com/Ashes47/braids/internal/core/index/index.go:397.3,397.23 1 2
github.com/Ashes47/braids/internal/core/index/index.go:399.2,399.35 1 1
github.com/Ashes47/braids/internal/core/index/index.go:399.35,401.3 1 0
github.com/Ashes47/braids/internal/core/index/index.go:402.2,402.17 1 1
github.com/Ashes47/braids/internal/core/index/index.go:408.81,411.16 2 0
github.com/Ashes47/braids/internal/core/index/index.go:411.16,413.3 1 0
github.com/Ashes47/braids/internal/core/index/index.go:414.2,417.18 3 0
github.com/Ashes47/braids/internal/core/index/index.go:417.18,420.47 3 0
github.com/Ashes47/braids/internal/core/index/index.go:420.47,422.4 1 0
github.com/Ashes47/braids/internal/core/index/index.go:423.3,423.50 1 0
github.com/Ashes47/braids/internal/core/index/index.go:425.2,425.35 1 0
github.com/Ashes47/braids/internal/core/index/index.go:425.35,427.3 1 0
github.com/Ashes47/braids/internal/core/index/index.go:428.2,428.17 1 0
github.com/Ashes47/braids/internal/core/index/index.go:432.65,435.16 2 2
github.com/Ashes47/braids/internal/core/index/index.go:435.16,437.3 1 0
github.com/Ashes47/braids/internal/core/index/index.go:438.2,441.18 3 2
github.com/Ashes47/braids/internal/core/index/index.go:441.18,445.68 3 4
github.com/Ashes47/braids/internal/core/index/index.go:445.68,447.4 1 0
github.com/Ashes47/braids/internal/core/index/index.go:448.3,448.18 1 4
github.com/Ashes47/braids/internal/core/index/index.go:448.18,450.4 1 0
github.com/Ashes47/braids/internal/core/index/index.go:451.3,452.27 2 4
github.com/Ashes47/braids/internal/core/index/index.go:454.2,454.35 1 2
github.com/Ashes47/braids/internal/core/index/index.go:454.35,456.3 1 0
github.com/Ashes47/braids/internal/core/index/index.go:457.2,457.19 1 2
github.com/Ashes47/braids/internal/core/index/index.go:461.36,462.16 1 13
github.com/Ashes47/braids/internal/core/index/index.go:462.16,464.3 1 13
github.com/Ashes47/braids/internal/core/index/index.go:465.2,465.17 1 0
github.com/Ashes47/braids/internal/core/index/index.go:470.30,471.36 1 11
github.com/Ashes47/braids/internal/core/index/index.go:471.36,473.3 1 3
github.com/Ashes47/braids/internal/core/index/index.go:474.2,474.38 1 8
github.com/Ashes47/braids/internal/core/index/index.go:474.38,475.12 1 10
github.com/Ashes47/braids/internal/core/index/index.go:476.27,477.15 1 1
github.com/Ashes47/braids/internal/core/index/index.go:479.3,479.36 1 9
github.com/Ashes47/braids/internal/core/index/index.go:479.36,481.4 1 0
github.com/Ashes47/braids/internal/core/index/index.go:483.2,483.14 1 7
github.com/Ashes47/braids/internal/core/index/index.go:489.34,491.17 2 11
github.com/Ashes47/braids/internal/core/index/index.go:491.17,493.3 1 4
github.com/Ashes47/braids/internal/core/index/index.go:494.2,496.27 3 7
github.com/Ashes47/braids/internal/core/index/index.go:496.27,498.3 1 8
github.com/Ashes47/braids/internal/core/index/index.go:499.2,499.34 1 7
github.com/Ashes47/braids/internal/core/graph/graph.go:50.104,52.26 2 29
github.com/Ashes47/braids/internal/core/graph/graph.go:52.26,54.3 1 84
github.com/Ashes47/braids/internal/core/graph/graph.go:56.2,56.95 1 29
github.com/Ashes47/braids/internal/core/graph/graph.go:56.95,60.3 3 54
github.com/Ashes47/braids/internal/core/graph/graph.go:62.2,63.15 2 29
github.com/Ashes47/braids/internal/core/graph/graph.go:80.117,82.26 2 29
github.com/Ashes47/braids/internal/core/graph/graph.go:82.26,86.40 4 80
github.com/Ashes47/braids/internal/core/graph/graph.go:86.40,88.4 1 61
github.com/Ashes47/braids/internal/core/graph/graph.go:90.2,90.13 1 29
github.com/Ashes47/braids/internal/core/graph/graph.go:94.58,95.24 1 26
github.com/Ashes47/braids/internal/core/graph/graph.go:95.24,97.3 1 1
github.com/Ashes47/braids/internal/core/graph/graph.go:98.2,99.51 2 25
github.com/Ashes47/braids/internal/core/graph/graph.go:99.51,101.3 1 25
github.com/Ashes47/braids/internal/core/graph/graph.go:102.2,102.28 1 0
github.com/Ashes47/braids/internal/core/graph/graph.go:107.82,109.29 2 29
github.com/Ashes47/braids/internal/core/graph/graph.go:109.29,110.35 1 424
github.com/Ashes47/braids/internal/core/graph/graph.go:110.35,112.4 1 424
github.com/Ashes47/braids/internal/core/graph/graph.go:115.2,116.34 2 29
github.com/Ashes47/braids/internal/core/graph/graph.go:116.34,117.24 1 108
github.com/Ashes47/braids/internal/core/graph/graph.go:117.24,118.40 1 424
github.com/Ashes47/braids/internal/core/graph/graph.go:118.40,120.29 2 836
github.com/Ashes47/braids/internal/core/graph/graph.go:120.29,121.14 1 156
github.com/Ashes47/braids/internal/core/graph/graph.go:123.5,123.28 1 680
github.com/Ashes47/braids/internal/core/graph/graph.go:123.28,125.6 1 576
github.com/Ashes47/braids/internal/core/graph/graph.go:126.5,128.17 3 680
github.com/Ashes47/braids/internal/core/graph/graph.go:128.17,131.6 2 80
github.com/Ashes47/braids/internal/core/graph/graph.go:132.5,134.32 3 680
github.com/Ashes47/braids/internal/core/graph/graph.go:138.2,138.14 1 29
github.com/Ashes47/braids/internal/core/graph/graph.go:143.126,144.41 1 80
github.com/Ashes47/braids/internal/core/graph/graph.go:144.41,144.68 1 0
github.com/Ashes47/braids/internal/core/graph/graph.go:145.2,145.41 1 80
github.com/Ashes47/braids/internal/core/graph/graph.go:145.41,145.68 1 80
github.com/Ashes47/braids/internal/core/graph/graph.go:147.2,150.79 2 80
github.com/Ashes47/braids/internal/core/graph/graph.go:150.79,151.34 1 79
github.com/Ashes47/braids/internal/core/graph/graph.go:151.34,153.4 1 0
github.com/Ashes47/braids/internal/core/graph/graph.go:154.3,154.18 1 79
github.com/Ashes47/braids/internal/core/graph/graph.go:158.2,160.9 3 1
github.com/Ashes47/braids/internal/core/graph/graph.go:161.31,162.18 1 0
github.com/Ashes47/braids/internal/core/graph/graph.go:163.31,164.18 1 1
github.com/Ashes47/braids/internal/core/graph/graph.go:169.2,169.9 1 0
github.com/Ashes47/braids/internal/core/graph/graph.go:170.32,171.30 1 0
github.com/Ashes47/braids/internal/core/graph/graph.go:171.30,173.4 1 0
github.com/Ashes47/braids/internal/core/graph/graph.go:174.3,174.18 1 0
github.com/Ashes47/braids/internal/core/graph/graph.go:175.35,176.18 1 0
github.com/Ashes47/braids/internal/core/graph/graph.go:177.10,178.18 1 0
github.com/Ashes47/braids/internal/core/graph/graph.go:184.57,186.2 1 2
github.com/Ashes47/braids/internal/core/graph/graph.go:190.22,191.27 1 29
github.com/Ashes47/braids/internal/core/graph/graph.go:191.27,192.43 1 84
github.com/Ashes47/braids/internal/core/graph/graph.go:192.43,195.4 2 0
github.com/Ashes47/braids/internal/core/graph/graph.go:197.2,197.27 1 29
github.com/Ashes47/braids/internal/core/graph/graph.go:197.27,198.43 1 84
github.com/Ashes47/braids/internal/core/graph/graph.go:198.43,200.4 1 54
github.com/Ashes47/braids/internal/core/graph/graph.go:200.9,202.4 1 30
github.com/Ashes47/braids/internal/core/graph/graph.go:204.2,205.27 2 29
github.com/Ashes47/braids/internal/core/graph/graph.go:205.27,207.3 1 84
github.com/Ashes47/braids/internal/core/graph/graph.go:208.2,208.28 1 29
github.com/Ashes47/braids/internal/core/graph/graph.go:208.28,210.3 1 30
github.com/Ashes47/braids/internal/core/graph/graph.go:214.42,216.72 2 54
github.com/Ashes47/braids/internal/core/graph/graph.go:216.72,217.24 1 55
github.com/Ashes47/braids/internal/core/graph/graph.go:217.24,219.4 1 0
github.com/Ashes47/braids/internal/core/graph/graph.go:220.3,220.27 1 55
github.com/Ashes47/braids/internal/core/graph/graph.go:222.2,222.14 1 54
github.com/Ashes47/braids/internal/core/graph/graph.go:225.38,227.31 2 84
github.com/Ashes47/braids/internal/core/graph/graph.go:227.31,229.3 1 54
github.com/Ashes47/braids/internal/core/graph/graph.go:234.31,235.46 1 113
github.com/Ashes47/braids/internal/core/graph/graph.go:235.46,236.58 1 26
github.com/Ashes47/braids/internal/core/graph/graph.go:236.58,238.4 1 26
github.com/Ashes47/braids/internal/core/graph/graph.go:239.3,239.45 1 0
github.com/Ashes47/braids/internal/core/graph/graph.go:244.36,247.23 3 1
github.com/Ashes47/braids/internal/core/graph/graph.go:247.23,249.32 2 3
github.com/Ashes47/braids/internal/core/graph/graph.go:249.32,251.4 1 2
github.com/Ashes47/braids/internal/core/graph/graph.go:253.2,253.28 1 1
github.com/Ashes47/braids/internal/core/graph/graph.go:253.28,255.3 1 1
github.com/Ashes47/braids/internal/core/graph/graph.go:256.2,256.12 1 1
github.com/Ashes47/braids/internal/core/graph/spine.go:51.47,52.20 1 6
github.com/Ashes47/braids/internal/core/graph/spine.go:52.20,54.3 1 1
github.com/Ashes47/braids/internal/core/graph/spine.go:55.2,57.25 3 5
github.com/Ashes47/braids/internal/core/graph/spine.go:57.25,60.3 2 18
github.com/Ashes47/braids/internal/core/graph/spine.go:62.2,64.25 3 5
github.com/Ashes47/braids/internal/core/graph/spine.go:64.25,66.3 1 13
github.com/Ashes47/braids/internal/core/graph/spine.go:67.2,71.18 4 5
github.com/Ashes47/braids/internal/core/graph/spine.go:71.18,72.19 1 12
github.com/Ashes47/braids/internal/core/graph/spine.go:73.10,73.10 0 8
github.com/Ashes47/braids/internal/core/graph/spine.go:74.10,80.6 2 3
github.com/Ashes47/braids/internal/core/graph/spine.go:81.11,82.38 1 1
github.com/Ashes47/braids/internal/core/graph/spine.go:84.3,84.12 1 12
github.com/Ashes47/braids/internal/core/graph/spine.go:86.2,86.25 1 5
github.com/Ashes47/braids/internal/core/graph/spine.go:86.25,88.43 2 13
github.com/Ashes47/braids/internal/core/graph/spine.go:88.43,90.12 2 6
github.com/Ashes47/braids/internal/core/graph/spine.go:92.3,100.5 2 7
github.com/Ashes47/braids/internal/core/graph/spine.go:102.2,103.12 2 5
github.com/Ashes47/braids/internal/core/graph/spine.go:112.40,114.2 1 13
github.com/Ashes47/braids/internal/core/graph/spine.go:118.95,123.68 4 5
github.com/Ashes47/braids/internal/core/graph/spine.go:123.68,126.3 2 13
github.com/Ashes47/braids/internal/core/graph/spine.go:127.2,127.57 1 5
github.com/Ashes47/braids/internal/core/graph/spine.go:127.57,129.3 1 5
github.com/Ashes47/braids/internal/core/graph/spine.go:130.2,130.17 1 5
github.com/Ashes47/braids/internal/core/graph/spine.go:134.121,136.39 2 13
github.com/Ashes47/braids/internal/core/graph/spine.go:136.39,137.20 1 11
github.com/Ashes47/braids/internal/core/graph/spine.go:137.20,138.12 1 9
github.com/Ashes47/braids/internal/core/graph/spine.go:140.3,140.34 1 2
github.com/Ashes47/braids/internal/core/graph/spine.go:142.2,143.12 2 13
github.com/Ashes47/braids/internal/core/graph/spine.go:147.89,150.29 3 5
github.com/Ashes47/braids/internal/core/graph/spine.go:150.29,151.29 1 32
github.com/Ashes47/braids/internal/core/graph/spine.go:151.29,153.4 1 14
github.com/Ashes47/braids/internal/core/graph/spine.go:154.3,156.34 3 18
github.com/Ashes47/braids/internal/core/graph/spine.go:156.34,158.4 1 14
github.com/Ashes47/braids/internal/core/graph/spine.go:159.3,160.11 2 18
github.com/Ashes47/braids/internal/core/graph/spine.go:162.2,162.25 1 5
github.com/Ashes47/braids/internal/core/graph/spine.go:162.25,164.3 1 18
github.com/Ashes47/braids/internal/core/graph/spine.go:165.2,165.14 1 5
github.com/Ashes47/braids/internal/core/graph/spine.go:169.49,171.24 2 1
github.com/Ashes47/braids/internal/core/graph/spine.go:171.24,172.44 1 3
github.com/Ashes47/braids/internal/core/graph/spine.go:172.44,174.4 1 3
github.com/Ashes47/braids/internal/core/graph/spine.go:176.2,177.30 2 1
github.com/Ashes47/braids/internal/core/graph/spine.go:177.30,179.3 1 2
github.com/Ashes47/braids/internal/core/graph/spine.go:180.2,180.40 1 1
github.com/Ashes47/braids/internal/core/graph/spine.go:180.40,181.39 1 1
github.com/Ashes47/braids/internal/core/graph/spine.go:181.39,183.4 1 1
github.com/Ashes47/braids/internal/core/graph/spine.go:184.3,184.39 1 0
github.com/Ashes47/braids/internal/core/graph/spine.go:186.2,191.3 1 1
github.com/Ashes47/braids/internal/core/graph/spine.go:194.36,195.13 1 13
github.com/Ashes47/braids/internal/core/graph/spine.go:195.13,197.3 1 10
github.com/Ashes47/braids/internal/core/graph/spine.go:198.2,200.31 3 3
github.com/Ashes47/braids/internal/core/graph/spine.go:200.31,201.33 1 15
github.com/Ashes47/braids/internal/core/graph/spine.go:201.33,202.17 1 3
github.com/Ashes47/braids/internal/core/graph/spine.go:202.17,204.5 1 3
github.com/Ashes47/braids/internal/core/graph/spine.go:205.4,205.17 1 3
github.com/Ashes47/braids/internal/core/graph/spine.go:208.2,208.12 1 3
github.com/Ashes47/braids/internal/core/model/model.go:54.49,56.28 2 5
github.com/Ashes47/braids/internal/core/model/model.go:56.28,57.53 1 16
github.com/Ashes47/braids/internal/core/model/model.go:57.53,58.12 1 7
github.com/Ashes47/braids/internal/core/model/model.go:60.3,60.19 1 9
github.com/Ashes47/braids/internal/core/model/model.go:60.19,61.12 1 3
github.com/Ashes47/braids/internal/core/model/model.go:63.3,63.18 1 6
github.com/Ashes47/braids/internal/core/model/model.go:63.18,65.4 1 3
github.com/Ashes47/braids/internal/core/model/model.go:66.3,66.24 1 6
github.com/Ashes47/braids/internal/core/model/model.go:68.2,68.19 1 5
github.com/Ashes47/braids/internal/core/model/model.go:71.54,72.29 1 12
github.com/Ashes47/braids/internal/core/model/model.go:72.29,73.16 1 14
github.com/Ashes47/braids/internal/core/model/model.go:73.16,75.4 1 5
github.com/Ashes47/braids/internal/core/model/model.go:77.2,77.14 1 7
github.com/Ashes47/braids/cmd/braids/main.go:57.13,58.52 1 0
github.com/Ashes47/braids/cmd/braids/main.go:58.52,61.3 2 0
github.com/Ashes47/braids/cmd/braids/main.go:64.44,66.20 2 16
github.com/Ashes47/braids/cmd/braids/main.go:66.20,68.3 1 0
github.com/Ashes47/braids/cmd/braids/main.go:69.2,69.17 1 16
github.com/Ashes47/braids/cmd/braids/main.go:70.13,71.31 1 1
github.com/Ashes47/braids/cmd/braids/main.go:72.15,73.33 1 3
github.com/Ashes47/braids/cmd/braids/main.go:74.16,75.34 1 8
github.com/Ashes47/braids/cmd/braids/main.go:76.15,77.33 1 1
github.com/Ashes47/braids/cmd/braids/main.go:78.16,79.34 1 0
github.com/Ashes47/braids/cmd/braids/main.go:80.17,82.19 2 0
github.com/Ashes47/braids/cmd/braids/main.go:83.30,85.19 2 2
github.com/Ashes47/braids/cmd/braids/main.go:86.10,87.70 1 1
github.com/Ashes47/braids/cmd/braids/main.go:95.67,97.6 2 8
github.com/Ashes47/braids/cmd/braids/main.go:97.6,98.40 1 16
github.com/Ashes47/braids/cmd/braids/main.go:98.40,100.4 1 0
github.com/Ashes47/braids/cmd/braids/main.go:101.3,102.21 2 16
github.com/Ashes47/braids/cmd/braids/main.go:102.21,104.4 1 8
github.com/Ashes47/braids/cmd/braids/main.go:105.3,106.18 2 8
github.com/Ashes47/braids/cmd/braids/main.go:111.34,112.42 1 0
github.com/Ashes47/braids/cmd/braids/main.go:112.42,114.3 1 0
github.com/Ashes47/braids/cmd/braids/main.go:115.2,116.16 2 0
github.com/Ashes47/braids/cmd/braids/main.go:116.16,118.3 1 0
github.com/Ashes47/braids/cmd/braids/main.go:119.2,120.48 2 0
github.com/Ashes47/braids/cmd/braids/main.go:120.48,122.3 1 0
github.com/Ashes47/braids/cmd/braids/main.go:123.2,123.44 1 0
github.com/Ashes47/braids/cmd/braids/main.go:127.47,128.18 1 11
github.com/Ashes47/braids/cmd/braids/main.go:128.18,130.3 1 11
github.com/Ashes47/braids/cmd/braids/main.go:131.2,131.20 1 0
github.com/Ashes47/braids/cmd/braids/main.go:135.53,137.16 2 10
github.com/Ashes47/braids/cmd/braids/main.go:137.16,139.3 1 0
github.com/Ashes47/braids/cmd/braids/main.go:140.2,140.25 1 10
github.com/Ashes47/braids/cmd/braids/main.go:143.48,151.39 8 1
github.com/Ashes47/braids/cmd/braids/main.go:151.39,153.3 1 0
github.com/Ashes47/braids/cmd/braids/main.go:154.2,155.16 2 1
github.com/Ashes47/braids/cmd/braids/main.go:155.16,157.3 1 0
github.com/Ashes47/braids/cmd/braids/main.go:158.2,159.16 2 1
github.com/Ashes47/braids/cmd/braids/main.go:159.16,161.3 1 0
github.com/Ashes47/braids/cmd/braids/main.go:162.2,170.70 3 1
github.com/Ashes47/braids/cmd/braids/main.go:170.70,172.4 1 0
github.com/Ashes47/braids/cmd/braids/main.go:174.2,174.13 1 1
github.com/Ashes47/braids/cmd/braids/main.go:174.13,176.3 1 1
github.com/Ashes47/braids/cmd/braids/main.go:177.2,178.16 2 0
github.com/Ashes47/braids/cmd/braids/main.go:178.16,180.3 1 0
github.com/Ashes47/braids/cmd/braids/main.go:181.2,182.18 2 0
github.com/Ashes47/braids/cmd/braids/main.go:185.50,190.39 5 3
github.com/Ashes47/braids/cmd/braids/main.go:190.39,192.3 1 0
github.com/Ashes47/braids/cmd/braids/main.go:194.2,195.15 2 3
github.com/Ashes47/braids/cmd/braids/main.go:195.15,197.54 2 0
github.com/Ashes47/braids/cmd/braids/main.go:197.54,199.4 1 0
github.com/Ashes47/braids/cmd/braids/main.go:201.2,202.16 2 3
github.com/Ashes47/braids/cmd/braids/main.go:202.16,204.3 1 0
github.com/Ashes47/braids/cmd/braids/main.go:205.2,208.16 3 3
github.com/Ashes47/braids/cmd/braids/main.go:208.16,210.3 1 0
github.com/Ashes47/braids/cmd/braids/main.go:211.2,213.18 2 3
github.com/Ashes47/braids/cmd/braids/main.go:216.51,224.16 8 8
github.com/Ashes47/braids/cmd/braids/main.go:224.16,226.3 1 0
github.com/Ashes47/braids/cmd/braids/main.go:227.2,228.36 2 8
github.com/Ashes47/braids/cmd/braids/main.go:228.36,230.3 1 1
github.com/Ashes47/braids/cmd/braids/main.go:231.2,232.16 2 7
github.com/Ashes47/braids/cmd/braids/main.go:232.16,234.3 1 1
github.com/Ashes47/braids/cmd/braids/main.go:236.2,237.16 2 6
github.com/Ashes47/braids/cmd/braids/main.go:237.16,239.3 1 0
github.com/Ashes47/braids/cmd/braids/main.go:240.2,245.16 4 6
github.com/Ashes47/braids/cmd/braids/main.go:245.16,247.3 1 0
github.com/Ashes47/braids/cmd/braids/main.go:248.2,248.20 1 6
github.com/Ashes47/braids/cmd/braids/main.go:248.20,251.3 2 1
github.com/Ashes47/braids/cmd/braids/main.go:253.2,254.25 2 5
github.com/Ashes47/braids/cmd/braids/main.go:254.25,256.92 1 7
github.com/Ashes47/braids/cmd/braids/main.go:256.92,258.4 1 0
github.com/Ashes47/braids/cmd/braids/main.go:260.2,260.35 1 5
github.com/Ashes47/braids/cmd/braids/main.go:260.35,262.3 1 0
github.com/Ashes47/braids/cmd/braids/main.go:263.2,264.18 2 5
github.com/Ashes47/braids/cmd/braids/main.go:267.51,273.39 6 0
github.com/Ashes47/braids/cmd/braids/main.go:273.39,275.3 1 0
github.com/Ashes47/braids/cmd/braids/main.go:276.2,276.32 1 0
github.com/Ashes47/braids/cmd/braids/main.go:276.32,278.3 1 0
github.com/Ashes47/braids/cmd/braids/main.go:280.2,281.16 2 0
github.com/Ashes47/braids/cmd/braids/main.go:281.16,283.3 1 0
github.com/Ashes47/braids/cmd/braids/main.go:284.2,288.16 4 0
github.com/Ashes47/braids/cmd/braids/main.go:288.16,290.3 1 0
github.com/Ashes47/braids/cmd/braids/main.go:291.2,294.18 3 0
github.com/Ashes47/braids/cmd/braids/main.go:299.108,301.16 2 0
github.com/Ashes47/braids/cmd/braids/main.go:301.16,303.3 1 0
github.com/Ashes47/braids/cmd/braids/main.go:304.2,305.16 2 0
github.com/Ashes47/braids/cmd/braids/main.go:305.16,307.3 1 0
github.com/Ashes47/braids/cmd/braids/main.go:308.2,309.25 2 0
github.com/Ashes47/braids/cmd/braids/main.go:309.25,310.20 1 0
github.com/Ashes47/braids/cmd/braids/main.go:310.20,312.9 2 0
github.com/Ashes47/braids/cmd/braids/main.go:315.2,315.18 1 0
github.com/Ashes47/braids/cmd/braids/main.go:315.18,317.3 1 0
github.com/Ashes47/braids/cmd/braids/main.go:318.2,319.16 2 0
github.com/Ashes47/braids/cmd/braids/main.go:319.16,321.3 1 0
github.com/Ashes47/braids/cmd/braids/main.go:322.2,325.16 2 0
github.com/Ashes47/braids/cmd/braids/main.go:325.16,327.3 1 0
github.com/Ashes47/braids/cmd/braids/main.go:328.2,328.23 1 0
github.com/Ashes47/braids/cmd/braids/main.go:331.35,332.16 1 0
github.com/Ashes47/braids/cmd/braids/main.go:332.16,334.3 1 0
github.com/Ashes47/braids/cmd/braids/main.go:335.2,335.40 1 0
github.com/Ashes47/braids/cmd/braids/main.go:340.89,342.16 2 0
github.com/Ashes47/braids/cmd/braids/main.go:342.16,344.3 1 0
github.com/Ashes47/braids/cmd/braids/main.go:345.2,346.26 2 0
github.com/Ashes47/braids/cmd/braids/main.go:346.26,347.35 1 0
github.com/Ashes47/braids/cmd/braids/main.go:347.35,349.4 1 0
github.com/Ashes47/braids/cmd/braids/main.go:351.2,351.20 1 0
github.com/Ashes47/braids/cmd/braids/main.go:352.9,353.77 1 0
github.com/Ashes47/braids/cmd/braids/main.go:354.9,355.23 1 0
github.com/Ashes47/braids/cmd/braids/main.go:356.10,357.106 1 0
github.com/Ashes47/braids/cmd/braids/main.go:361.50,365.39 4 1
github.com/Ashes47/braids/cmd/braids/main.go:365.39,367.3 1 0
github.com/Ashes47/braids/cmd/braids/main.go:368.2,369.16 2 1
github.com/Ashes47/braids/cmd/braids/main.go:369.16,371.3 1 0
github.com/Ashes47/braids/cmd/braids/main.go:372.2,375.16 3 1
github.com/Ashes47/braids/cmd/braids/main.go:375.16,377.3 1 0
github.com/Ashes47/braids/cmd/braids/main.go:378.2,378.21 1 1
github.com/Ashes47/braids/cmd/braids/main.go:378.21,381.3 2 0
github.com/Ashes47/braids/cmd/braids/main.go:382.2,384.26 3 1
github.com/Ashes47/braids/cmd/braids/main.go:384.26,387.3 1 1
github.com/Ashes47/braids/cmd/braids/main.go:388.2,388.25 1 1
github.com/Ashes47/braids/cmd/braids/main.go:388.25,389.48 1 2
github.com/Ashes47/braids/cmd/braids/main.go:389.48,391.4 1 0
github.com/Ashes47/braids/cmd/braids/main.go:393.2,393.35 1 1
github.com/Ashes47/braids/cmd/braids/main.go:393.35,395.3 1 0
github.com/Ashes47/braids/cmd/braids/main.go:396.2,397.18 2 1
github.com/Ashes47/braids/cmd/braids/main.go:402.53,403.32 1 9
github.com/Ashes47/braids/cmd/braids/main.go:403.32,405.3 1 6
github.com/Ashes47/braids/cmd/braids/main.go:406.2,413.44 3 3
github.com/Ashes47/braids/cmd/braids/main.go:413.44,415.17 2 4
github.com/Ashes47/braids/cmd/braids/main.go:415.17,416.12 1 0
github.com/Ashes47/braids/cmd/braids/main.go:418.3,419.10 2 4
github.com/Ashes47/braids/cmd/braids/main.go:419.10,421.4 1 1
github.com/Ashes47/braids/cmd/braids/main.go:422.3,422.27 1 3
github.com/Ashes47/braids/cmd/braids/main.go:424.2,424.19 1 2
github.com/Ashes47/braids/cmd/braids/main.go:427.36,428.23 1 7
github.com/Ashes47/braids/cmd/braids/main.go:428.23,430.3 1 7
github.com/Ashes47/braids/cmd/braids/main.go:431.2,431.26 1 0
github.com/Ashes47/braids/cmd/braids/main.go:434.36,435.49 1 7
github.com/Ashes47/braids/cmd/braids/main.go:435.49,437.3 1 5
github.com/Ashes47/braids/cmd/braids/main.go:438.2,438.23 1 2
github.com/Ashes47/braids/cmd/braids/main.go:441.32,441.58 1 1
github.com/Ashes47/braids/cmd/braids/main.go:443.31,445.2 1 7
github.com/Ashes47/braids/cmd/braids/main.go:447.39,449.17 2 23
github.com/Ashes47/braids/cmd/braids/main.go:449.17,451.3 1 21
github.com/Ashes47/braids/cmd/braids/main.go:452.2,452.12 1 2
github.com/Ashes47/braids/cmd/braids/main.go:452.12,454.3 1 0
github.com/Ashes47/braids/cmd/braids/main.go:455.2,455.32 1 2
github.com/Ashes47/braids/cmd/braids/print.go:20.39,20.64 1 16
github.com/Ashes47/braids/cmd/braids/print.go:23.48,24.18 1 82
github.com/Ashes47/braids/cmd/braids/print.go:24.18,26.3 1 0
github.com/Ashes47/braids/cmd/braids/print.go:27.2,28.16 2 82
github.com/Ashes47/braids/cmd/braids/print.go:28.16,30.3 1 0
github.com/Ashes47/braids/cmd/braids/print.go:31.2,31.15 1 82
github.com/Ashes47/braids/cmd/braids/print.go:34.51,35.18 1 12
github.com/Ashes47/braids/cmd/braids/print.go:35.18,37.3 1 12
github.com/Ashes47/braids/cmd/braids/print.go:41.31,41.47 1 12
github.com/Ashes47/braids/internal/tui/chrome.go:28.31,35.2 1 8
github.com/Ashes47/braids/internal/tui/chrome.go:37.21,44.2 1 8
github.com/Ashes47/braids/internal/tui/chrome.go:47.30,47.73 1 8
github.com/Ashes47/braids/internal/tui/chrome.go:52.61,54.25 2 21
github.com/Ashes47/braids/internal/tui/chrome.go:54.25,56.3 1 84
github.com/Ashes47/braids/internal/tui/chrome.go:57.2,58.26 2 21
github.com/Ashes47/braids/internal/tui/chrome.go:58.26,60.3 1 84
github.com/Ashes47/braids/internal/tui/chrome.go:62.2,63.27 2 21
github.com/Ashes47/braids/internal/tui/chrome.go:63.27,65.21 2 84
github.com/Ashes47/braids/internal/tui/chrome.go:65.21,68.4 1 84
github.com/Ashes47/braids/internal/tui/chrome.go:69.3,70.20 2 84
github.com/Ashes47/braids/internal/tui/chrome.go:70.20,73.4 1 84
github.com/Ashes47/braids/internal/tui/chrome.go:74.3,74.60 1 84
github.com/Ashes47/braids/internal/tui/chrome.go:76.2,76.34 1 21
github.com/Ashes47/braids/internal/tui/chrome.go:80.36,82.19 2 8
github.com/Ashes47/braids/internal/tui/chrome.go:82.19,84.3 1 2
github.com/Ashes47/braids/internal/tui/chrome.go:85.2,85.68 1 8
github.com/Ashes47/braids/internal/tui/chrome.go:88.34,88.77 1 8
github.com/Ashes47/braids/internal/tui/chrome.go:90.51,93.14 3 21
github.com/Ashes47/braids/internal/tui/chrome.go:93.14,95.3 1 0
github.com/Ashes47/braids/internal/tui/chrome.go:96.2,97.59 1 21
github.com/Ashes47/braids/internal/tui/chrome.go:100.37,102.2 1 21
github.com/Ashes47/braids/internal/tui/chrome.go:106.46,109.2 2 252
github.com/Ashes47/braids/internal/tui/chrome.go:112.36,113.21 1 8
github.com/Ashes47/braids/internal/tui/chrome.go:113.21,115.3 1 1
github.com/Ashes47/braids/internal/tui/chrome.go:116.2,116.25 1 7
github.com/Ashes47/braids/internal/tui/chrome.go:116.25,118.3 1 1
github.com/Ashes47/braids/internal/tui/chrome.go:119.2,119.69 1 6
github.com/Ashes47/braids/internal/tui/chrome.go:123.49,126.2 1 2
github.com/Ashes47/braids/internal/tui/chrome.go:129.34,130.87 1 10
github.com/Ashes47/braids/internal/tui/chrome.go:130.87,132.3 1 1
github.com/Ashes47/braids/internal/tui/chrome.go:133.2,133.13 1 9
github.com/Ashes47/braids/internal/tui/filter.go:18.42,19.9 1 62
github.com/Ashes47/braids/internal/tui/filter.go:20.18,21.10 1 11
github.com/Ashes47/braids/internal/tui/filter.go:22.17,24.15 2 4
github.com/Ashes47/braids/internal/tui/filter.go:25.21,26.15 1 1
github.com/Ashes47/braids/internal/tui/filter.go:27.11,28.16 1 6
github.com/Ashes47/braids/internal/tui/filter.go:30.3,30.14 1 5
github.com/Ashes47/braids/internal/tui/filter.go:32.32,34.14 2 2
github.com/Ashes47/braids/internal/tui/filter.go:36.29,38.14 2 9
github.com/Ashes47/braids/internal/tui/filter.go:40.16,41.19 1 24
github.com/Ashes47/braids/internal/tui/filter.go:43.2,43.14 1 16
github.com/Ashes47/braids/internal/tui/filter.go:48.43,49.9 1 26
github.com/Ashes47/braids/internal/tui/filter.go:50.24,51.38 1 2
github.com/Ashes47/braids/internal/tui/filter.go:51.38,53.4 1 2
github.com/Ashes47/braids/internal/tui/filter.go:54.3,54.14 1 2
github.com/Ashes47/braids/internal/tui/filter.go:55.20,57.14 2 0
github.com/Ashes47/braids/internal/tui/filter.go:58.27,60.14 2 24
github.com/Ashes47/braids/internal/tui/filter.go:62.2,62.14 1 0
github.com/Ashes47/braids/internal/tui/filter.go:66.32,66.55 1 72
github.com/Ashes47/braids/internal/tui/filter.go:69.52,70.18 1 62
github.com/Ashes47/braids/internal/tui/filter.go:70.18,72.3 1 1
github.com/Ashes47/braids/internal/tui/filter.go:73.2,73.77 1 61
github.com/Ashes47/braids/internal/tui/filter.go:77.37,78.13 1 4
github.com/Ashes47/braids/internal/tui/filter.go:78.13,80.3 1 0
github.com/Ashes47/braids/internal/tui/filter.go:81.2,81.21 1 4
github.com/Ashes47/braids/internal/tui/map.go:90.52,106.2 5 25
github.com/Ashes47/braids/internal/tui/map.go:109.27,112.26 3 25
github.com/Ashes47/braids/internal/tui/map.go:112.26,113.28 1 35
github.com/Ashes47/braids/internal/tui/map.go:113.28,115.4 1 1
github.com/Ashes47/braids/internal/tui/map.go:116.3,117.45 2 35
github.com/Ashes47/braids/internal/tui/map.go:119.2,121.31 3 25
github.com/Ashes47/braids/internal/tui/map.go:121.31,122.27 1 30
github.com/Ashes47/braids/internal/tui/map.go:122.27,124.4 1 2
github.com/Ashes47/braids/internal/tui/map.go:129.31,129.68 1 0
github.com/Ashes47/braids/internal/tui/map.go:132.57,133.27 1 10
github.com/Ashes47/braids/internal/tui/map.go:134.30,135.44 1 0
github.com/Ashes47/braids/internal/tui/map.go:136.25,139.17 3 0
github.com/Ashes47/braids/internal/tui/map.go:140.23,141.20 1 10
github.com/Ashes47/braids/internal/tui/map.go:143.2,143.15 1 0
github.com/Ashes47/braids/internal/tui/map.go:147.32,148.43 1 2
github.com/Ashes47/braids/internal/tui/map.go:148.43,150.3 1 1
github.com/Ashes47/braids/internal/tui/map.go:151.2,151.55 1 1
github.com/Ashes47/braids/internal/tui/map.go:154.62,156.53 2 10
github.com/Ashes47/braids/internal/tui/map.go:156.53,158.3 1 2
github.com/Ashes47/braids/internal/tui/map.go:159.2,159.25 1 8
github.com/Ashes47/braids/internal/tui/map.go:159.25,161.3 1 2
github.com/Ashes47/braids/internal/tui/map.go:162.2,162.23 1 6
github.com/Ashes47/braids/internal/tui/map.go:162.23,166.3 3 5
github.com/Ashes47/braids/internal/tui/map.go:167.2,167.13 1 1
github.com/Ashes47/braids/internal/tui/map.go:168.29,169.28 1 1
github.com/Ashes47/braids/internal/tui/map.go:170.19,171.13 1 0
github.com/Ashes47/braids/internal/tui/map.go:172.17,173.13 1 0
github.com/Ashes47/braids/internal/tui/map.go:174.19,175.15 1 0
github.com/Ashes47/braids/internal/tui/map.go:176.18,177.32 1 0
github.com/Ashes47/braids/internal/tui/map.go:178.26,179.33 1 0
github.com/Ashes47/braids/internal/tui/map.go:180.24,181.33 1 0
github.com/Ashes47/braids/internal/tui/map.go:183.2,184.15 2 0
github.com/Ashes47/braids/internal/tui/map.go:189.31,190.43 1 3
github.com/Ashes47/braids/internal/tui/map.go:190.43,192.3 1 2
github.com/Ashes47/braids/internal/tui/map.go:193.2,193.24 1 1
github.com/Ashes47/braids/internal/tui/map.go:198.25,199.20 1 6
github.com/Ashes47/braids/internal/tui/map.go:199.20,202.3 2 2
github.com/Ashes47/braids/internal/tui/map.go:203.2,204.26 2 4
github.com/Ashes47/braids/internal/tui/map.go:204.26,206.63 2 7
github.com/Ashes47/braids/internal/tui/map.go:206.63,208.4 1 4
github.com/Ashes47/braids/internal/tui/map.go:212.25,213.32 1 45
github.com/Ashes47/braids/internal/tui/map.go:213.32,215.3 1 16
github.com/Ashes47/braids/internal/tui/map.go:216.2,216.18 1 45
github.com/Ashes47/braids/internal/tui/map.go:216.18,218.3 1 16
github.com/Ashes47/braids/internal/tui/map.go:219.2,220.25 2 45
github.com/Ashes47/braids/internal/tui/map.go:220.25,222.3 1 3
github.com/Ashes47/braids/internal/tui/map.go:223.2,223.28 1 45
github.com/Ashes47/braids/internal/tui/map.go:223.28,225.3 1 3
github.com/Ashes47/braids/internal/tui/map.go:226.2,226.18 1 45
github.com/Ashes47/braids/internal/tui/map.go:226.18,228.3 1 0
github.com/Ashes47/braids/internal/tui/map.go:232.33,234.11 2 106
github.com/Ashes47/braids/internal/tui/map.go:234.11,236.3 1 0
github.com/Ashes47/braids/internal/tui/map.go:237.2,237.10 1 106
github.com/Ashes47/braids/internal/tui/map.go:241.35,243.12 2 114
github.com/Ashes47/braids/internal/tui/map.go:243.12,245.3 1 0
github.com/Ashes47/braids/internal/tui/map.go:246.2,246.10 1 114
github.com/Ashes47/braids/internal/tui/map.go:249.32,259.25 9 8
github.com/Ashes47/braids/internal/tui/map.go:259.25,263.32 4 1
github.com/Ashes47/braids/internal/tui/map.go:263.32,265.4 1 10
github.com/Ashes47/braids/internal/tui/map.go:266.8,268.35 2 7
github.com/Ashes47/braids/internal/tui/map.go:268.35,271.4 2 12
github.com/Ashes47/braids/internal/tui/map.go:272.3,272.47 1 7
github.com/Ashes47/braids/internal/tui/map.go:272.47,274.4 1 65
github.com/Ashes47/braids/internal/tui/map.go:276.2,279.19 4 8
github.com/Ashes47/braids/internal/tui/map.go:282.38,283.19 1 2
github.com/Ashes47/braids/internal/tui/map.go:283.19,285.3 1 2
github.com/Ashes47/braids/internal/tui/map.go:286.2,286.61 1 0
github.com/Ashes47/braids/internal/tui/map.go:289.34,291.26 2 8
github.com/Ashes47/braids/internal/tui/map.go:291.26,292.25 1 14
github.com/Ashes47/braids/internal/tui/map.go:292.25,294.4 1 1
github.com/Ashes47/braids/internal/tui/map.go:296.2,296.10 1 8
github.com/Ashes47/braids/internal/tui/map.go:299.45,301.2 1 38
github.com/Ashes47/braids/internal/tui/map.go:306.55,308.14 2 12
github.com/Ashes47/braids/internal/tui/map.go:308.14,310.3 1 7
github.com/Ashes47/braids/internal/tui/map.go:311.2,311.15 1 5
github.com/Ashes47/braids/internal/tui/map.go:314.55,319.24 4 12
github.com/Ashes47/braids/internal/tui/map.go:319.24,321.3 1 1
github.com/Ashes47/braids/internal/tui/map.go:323.2,324.17 2 12
github.com/Ashes47/braids/internal/tui/map.go:324.17,326.3 1 0
github.com/Ashes47/braids/internal/tui/map.go:329.2,330.29 2 12
github.com/Ashes47/braids/internal/tui/map.go:330.29,332.3 1 2
github.com/Ashes47/braids/internal/tui/map.go:334.2,336.16 3 12
github.com/Ashes47/braids/internal/tui/map.go:336.16,338.28 2 2
github.com/Ashes47/braids/internal/tui/map.go:338.28,340.4 1 1
github.com/Ashes47/braids/internal/tui/map.go:341.3,344.30 4 2
github.com/Ashes47/braids/internal/tui/map.go:346.2,346.19 1 12
github.com/Ashes47/braids/internal/tui/map.go:346.19,351.3 4 2
github.com/Ashes47/braids/internal/tui/map.go:352.2,356.24 5 12
github.com/Ashes47/braids/internal/tui/map.go:356.24,358.3 1 1
github.com/Ashes47/braids/internal/tui/map.go:359.2,368.20 6 12
github.com/Ashes47/braids/internal/tui/map.go:368.20,370.3 1 0
github.com/Ashes47/braids/internal/tui/map.go:371.2,374.20 3 12
github.com/Ashes47/braids/internal/tui/map.go:374.20,376.3 1 1
github.com/Ashes47/braids/internal/tui/map.go:377.2,380.22 3 12
github.com/Ashes47/braids/internal/tui/map.go:384.33,386.16 2 8
github.com/Ashes47/braids/internal/tui/map.go:386.16,388.3 1 1
github.com/Ashes47/braids/internal/tui/map.go:389.2,389.19 1 8
github.com/Ashes47/braids/internal/tui/map.go:389.19,391.3 1 1
github.com/Ashes47/braids/internal/tui/map.go:392.2,396.19 3 8
github.com/Ashes47/braids/internal/tui/map.go:396.19,398.3 1 0
github.com/Ashes47/braids/internal/tui/map.go:399.2,399.88 1 8
github.com/Ashes47/braids/internal/tui/map.go:403.32,404.18 1 16
github.com/Ashes47/braids/internal/tui/map.go:404.18,406.3 1 0
github.com/Ashes47/braids/internal/tui/map.go:407.2,407.15 1 16
github.com/Ashes47/braids/internal/tui/map.go:412.46,415.69 3 26
github.com/Ashes47/braids/internal/tui/map.go:415.69,417.16 2 38
github.com/Ashes47/braids/internal/tui/map.go:417.16,419.12 2 3
github.com/Ashes47/braids/internal/tui/map.go:419.12,421.5 1 2
github.com/Ashes47/braids/internal/tui/map.go:423.3,426.16 3 38
github.com/Ashes47/braids/internal/tui/map.go:426.16,428.12 2 3
github.com/Ashes47/braids/internal/tui/map.go:428.12,430.5 1 2
github.com/Ashes47/braids/internal/tui/map.go:432.3,432.32 1 38
github.com/Ashes47/braids/internal/tui/map.go:432.32,434.4 1 3
github.com/Ashes47/braids/internal/tui/map.go:436.2,436.28 1 26
github.com/Ashes47/braids/internal/tui/map.go:436.28,438.3 1 35
github.com/Ashes47/braids/internal/tui/map.go:439.2,439.12 1 26
github.com/Ashes47/braids/internal/tui/map.go:445.33,446.9 1 16
github.com/Ashes47/braids/internal/tui/map.go:447.18,448.52 1 1
github.com/Ashes47/braids/internal/tui/map.go:449.18,450.52 1 1
github.com/Ashes47/braids/internal/tui/map.go:451.18,452.52 1 1
github.com/Ashes47/braids/internal/tui/map.go:453.10,454.32 1 13
github.com/Ashes47/braids/internal/tui/map.go:462.39,463.9 1 16
github.com/Ashes47/braids/internal/tui/map.go:464.23,465.15 1 1
github.com/Ashes47/braids/internal/tui/map.go:466.21,467.46 1 2
github.com/Ashes47/braids/internal/tui/map.go:468.24,469.44 1 11
github.com/Ashes47/braids/internal/tui/map.go:470.10,471.47 1 2
github.com/Ashes47/braids/internal/tui/map.go:476.51,478.13 2 84
github.com/Ashes47/braids/internal/tui/map.go:478.13,480.3 1 0
github.com/Ashes47/braids/internal/tui/map.go:481.2,481.48 1 84
github.com/Ashes47/braids/internal/tui/map.go:486.43,487.32 1 70
github.com/Ashes47/braids/internal/tui/map.go:487.32,489.3 1 68
github.com/Ashes47/braids/internal/tui/map.go:490.2,490.16 1 2
github.com/Ashes47/braids/internal/tui/map.go:490.16,492.3 1 0
github.com/Ashes47/braids/internal/tui/map.go:493.2,495.22 3 2
github.com/Ashes47/braids/internal/tui/map.go:495.22,497.23 2 12
github.com/Ashes47/braids/internal/tui/map.go:497.23,498.9 1 2
github.com/Ashes47/braids/internal/tui/map.go:500.3,501.12 2 10
github.com/Ashes47/braids/internal/tui/map.go:503.2,503.27 1 2
github.com/Ashes47/braids/internal/tui/map.go:506.43,507.47 1 368
github.com/Ashes47/braids/internal/tui/map.go:507.47,509.3 1 334
github.com/Ashes47/braids/internal/tui/map.go:510.2,510.10 1 34
github.com/Ashes47/braids/internal/tui/map.go:513.42,514.47 1 172
github.com/Ashes47/braids/internal/tui/map.go:514.47,516.3 1 163
github.com/Ashes47/braids/internal/tui/map.go:517.2,517.10 1 9
github.com/Ashes47/braids/internal/tui/run.go:16.68,17.27 1 0
github.com/Ashes47/braids/internal/tui/run.go:17.27,19.3 1 0
github.com/Ashes47/braids/internal/tui/run.go:20.2,21.16 2 0
github.com/Ashes47/braids/internal/tui/run.go:21.16,23.3 1 0
github.com/Ashes47/braids/internal/tui/run.go:24.2,24.27 1 0
github.com/Ashes47/braids/internal/tui/run.go:24.27,26.3 1 0
github.com/Ashes47/braids/internal/tui/run.go:27.2,27.94 1 0
github.com/Ashes47/braids/internal/tui/run.go:27.94,29.3 1 0
github.com/Ashes47/braids/internal/tui/run.go:30.2,30.12 1 0
github.com/Ashes47/braids/internal/tui/run.go:36.90,40.18 4 0
github.com/Ashes47/braids/internal/tui/run.go:40.18,42.3 1 0
github.com/Ashes47/braids/internal/tui/run.go:43.2,43.30 1 0
github.com/Ashes47/braids/internal/tui/run.go:43.30,44.48 1 0
github.com/Ashes47/braids/internal/tui/run.go:44.48,46.9 2 0
github.com/Ashes47/braids/internal/tui/run.go:49.2,50.20 2 0
github.com/Ashes47/braids/internal/tui/run.go:50.20,52.3 1 0
github.com/Ashes47/braids/internal/tui/run.go:53.2,53.24 1 0
github.com/Ashes47/braids/internal/tui/run.go:57.94,58.54 1 0
github.com/Ashes47/braids/internal/tui/run.go:58.54,60.17 2 0
github.com/Ashes47/braids/internal/tui/run.go:60.17,62.4 1 0
github.com/Ashes47/braids/internal/tui/run.go:63.3,63.32 1 0
github.com/Ashes47/braids/internal/tui/run.go:69.74,71.16 2 0
github.com/Ashes47/braids/internal/tui/run.go:71.16,73.3 1 0
github.com/Ashes47/braids/internal/tui/run.go:74.2,75.16 2 0
github.com/Ashes47/braids/internal/tui/run.go:75.16,77.3 1 0
github.com/Ashes47/braids/internal/tui/run.go:78.2,79.16 2 0
github.com/Ashes47/braids/internal/tui/run.go:79.16,81.3 1 0
github.com/Ashes47/braids/internal/tui/run.go:82.2,82.53 1 0
github.com/Ashes47/braids/internal/tui/spineview.go:43.30,45.49 2 17
github.com/Ashes47/braids/internal/tui/spineview.go:45.49,45.101 1 0
github.com/Ashes47/braids/internal/tui/spineview.go:47.2,49.33 3 17
github.com/Ashes47/braids/internal/tui/spineview.go:49.33,50.61 1 60
github.com/Ashes47/braids/internal/tui/spineview.go:50.61,53.4 2 3
github.com/Ashes47/braids/internal/tui/spineview.go:55.2,55.29 1 17
github.com/Ashes47/braids/internal/tui/spineview.go:55.29,58.3 2 60
github.com/Ashes47/braids/internal/tui/spineview.go:59.2,59.37 1 17
github.com/Ashes47/braids/internal/tui/spineview.go:59.37,61.3 1 0
github.com/Ashes47/braids/internal/tui/spineview.go:62.2,62.11 1 17
github.com/Ashes47/braids/internal/tui/spineview.go:66.41,67.48 1 8
github.com/Ashes47/braids/internal/tui/spineview.go:67.48,69.3 1 0
github.com/Ashes47/braids/internal/tui/spineview.go:70.2,70.28 1 8
github.com/Ashes47/braids/internal/tui/spineview.go:73.46,74.14 1 30
github.com/Ashes47/braids/internal/tui/spineview.go:74.14,76.3 1 0
github.com/Ashes47/braids/internal/tui/spineview.go:77.2,77.19 1 30
github.com/Ashes47/braids/internal/tui/spineview.go:82.30,83.20 1 36
github.com/Ashes47/braids/internal/tui/spineview.go:83.20,86.3 2 23
github.com/Ashes47/braids/internal/tui/spineview.go:87.2,88.27 2 13
github.com/Ashes47/braids/internal/tui/spineview.go:88.27,89.37 1 52
github.com/Ashes47/braids/internal/tui/spineview.go:89.37,91.4 1 14
github.com/Ashes47/braids/internal/tui/spineview.go:95.37,96.19 1 52
github.com/Ashes47/braids/internal/tui/spineview.go:96.19,98.3 1 0
github.com/Ashes47/braids/internal/tui/spineview.go:99.2,100.90 1 52
github.com/Ashes47/braids/internal/tui/spineview.go:105.34,106.47 1 16
github.com/Ashes47/braids/internal/tui/spineview.go:106.47,108.3 1 0
github.com/Ashes47/braids/internal/tui/spineview.go:109.2,109.52 1 16
github.com/Ashes47/braids/internal/tui/spineview.go:114.57,115.24 1 17
github.com/Ashes47/braids/internal/tui/spineview.go:115.24,117.3 1 0
github.com/Ashes47/braids/internal/tui/spineview.go:118.2,121.28 4 17
github.com/Ashes47/braids/internal/tui/spineview.go:121.28,123.3 1 1
github.com/Ashes47/braids/internal/tui/spineview.go:124.2,126.10 3 17
github.com/Ashes47/braids/internal/tui/spineview.go:130.35,131.30 1 4
github.com/Ashes47/braids/internal/tui/spineview.go:131.30,135.3 3 1
github.com/Ashes47/braids/internal/tui/spineview.go:136.2,138.10 3 3
github.com/Ashes47/braids/internal/tui/spineview.go:141.43,143.21 2 36
github.com/Ashes47/braids/internal/tui/spineview.go:143.21,145.3 1 4
github.com/Ashes47/braids/internal/tui/spineview.go:146.2,146.23 1 32
github.com/Ashes47/braids/internal/tui/spineview.go:146.23,150.3 3 18
github.com/Ashes47/braids/internal/tui/spineview.go:151.2,151.13 1 14
github.com/Ashes47/braids/internal/tui/spineview.go:152.39,153.24 1 4
github.com/Ashes47/braids/internal/tui/spineview.go:154.29,155.42 1 1
github.com/Ashes47/braids/internal/tui/spineview.go:155.42,157.4 1 1
github.com/Ashes47/braids/internal/tui/spineview.go:158.19,159.13 1 3
github.com/Ashes47/braids/internal/tui/spineview.go:160.17,161.13 1 1
github.com/Ashes47/braids/internal/tui/spineview.go:162.19,163.15 1 0
github.com/Ashes47/braids/internal/tui/spineview.go:164.18,165.32 1 0
github.com/Ashes47/braids/internal/tui/spineview.go:166.26,167.33 1 0
github.com/Ashes47/braids/internal/tui/spineview.go:168.24,169.33 1 0
github.com/Ashes47/braids/internal/tui/spineview.go:170.11,171.25 1 5
github.com/Ashes47/braids/internal/tui/spineview.go:172.11,173.50 1 0
github.com/Ashes47/braids/internal/tui/spineview.go:174.11,175.51 1 0
github.com/Ashes47/braids/internal/tui/spineview.go:177.2,178.10 2 4
github.com/Ashes47/braids/internal/tui/spineview.go:181.30,183.14 2 22
github.com/Ashes47/braids/internal/tui/spineview.go:183.14,185.3 1 0
github.com/Ashes47/braids/internal/tui/spineview.go:186.2,186.32 1 22
github.com/Ashes47/braids/internal/tui/spineview.go:186.32,188.3 1 0
github.com/Ashes47/braids/internal/tui/spineview.go:189.2,189.18 1 22
github.com/Ashes47/braids/internal/tui/spineview.go:189.18,191.3 1 0
github.com/Ashes47/braids/internal/tui/spineview.go:192.2,193.25 2 22
github.com/Ashes47/braids/internal/tui/spineview.go:193.25,195.3 1 0
github.com/Ashes47/braids/internal/tui/spineview.go:196.2,196.28 1 22
github.com/Ashes47/braids/internal/tui/spineview.go:196.28,198.3 1 0
github.com/Ashes47/braids/internal/tui/spineview.go:199.2,199.18 1 22
github.com/Ashes47/braids/internal/tui/spineview.go:199.18,201.3 1 0
github.com/Ashes47/braids/internal/tui/spineview.go:204.37,215.9 10 13
github.com/Ashes47/braids/internal/tui/spineview.go:216.20,219.32 3 1
github.com/Ashes47/braids/internal/tui/spineview.go:219.32,221.4 1 10
github.com/Ashes47/braids/internal/tui/spineview.go:222.27,225.32 3 2
github.com/Ashes47/braids/internal/tui/spineview.go:225.32,227.4 1 20
github.com/Ashes47/braids/internal/tui/spineview.go:228.10,230.35 2 10
github.com/Ashes47/braids/internal/tui/spineview.go:230.35,233.4 2 39
github.com/Ashes47/braids/internal/tui/spineview.go:234.3,234.47 1 10
github.com/Ashes47/braids/internal/tui/spineview.go:234.47,236.4 1 71
github.com/Ashes47/braids/internal/tui/spineview.go:238.2,241.19 4 13
github.com/Ashes47/braids/internal/tui/spineview.go:246.37,248.9 2 13
github.com/Ashes47/braids/internal/tui/spineview.go:249.23,251.92 1 0
github.com/Ashes47/braids/internal/tui/spineview.go:252.23,253.32 1 1
github.com/Ashes47/braids/internal/tui/spineview.go:254.22,256.15 2 5
github.com/Ashes47/braids/internal/tui/spineview.go:256.15,258.4 1 4
github.com/Ashes47/braids/internal/tui/spineview.go:259.3,259.38 1 5
github.com/Ashes47/braids/internal/tui/spineview.go:260.10,261.47 1 7
github.com/Ashes47/braids/internal/tui/spineview.go:265.43,266.25 1 2
github.com/Ashes47/braids/internal/tui/spineview.go:266.25,268.3 1 1
github.com/Ashes47/braids/internal/tui/spineview.go:269.2,269.41 1 1
github.com/Ashes47/braids/internal/tui/spineview.go:272.36,274.16 2 13
github.com/Ashes47/braids/internal/tui/spineview.go:274.16,276.3 1 0
github.com/Ashes47/braids/internal/tui/spineview.go:277.2,278.25 2 13
github.com/Ashes47/braids/internal/tui/spineview.go:278.25,280.3 1 2
github.com/Ashes47/braids/internal/tui/spineview.go:281.2,281.88 1 13
github.com/Ashes47/braids/internal/tui/spineview.go:285.35,287.35 2 13
github.com/Ashes47/braids/internal/tui/spineview.go:287.35,288.30 1 44
github.com/Ashes47/braids/internal/tui/spineview.go:288.30,291.4 2 11
github.com/Ashes47/braids/internal/tui/spineview.go:293.2,306.34 4 13
github.com/Ashes47/braids/internal/tui/spineview.go:309.38,312.19 3 13
github.com/Ashes47/braids/internal/tui/spineview.go:312.19,314.3 1 0
github.com/Ashes47/braids/internal/tui/spineview.go:315.2,315.103 1 13
github.com/Ashes47/braids/internal/tui/spineview.go:324.66,326.21 2 39
github.com/Ashes47/braids/internal/tui/spineview.go:326.21,328.3 1 2
github.com/Ashes47/braids/internal/tui/spineview.go:328.8,330.3 1 37
github.com/Ashes47/braids/internal/tui/spineview.go:331.2,331.14 1 39
github.com/Ashes47/braids/internal/tui/spineview.go:331.14,333.3 1 10
github.com/Ashes47/braids/internal/tui/spineview.go:334.2,334.15 1 29
github.com/Ashes47/braids/internal/tui/spineview.go:339.64,342.16 3 2
github.com/Ashes47/braids/internal/tui/spineview.go:342.16,344.3 1 0
github.com/Ashes47/braids/internal/tui/spineview.go:345.2,349.19 4 2
github.com/Ashes47/braids/internal/tui/spineview.go:349.19,351.3 1 0
github.com/Ashes47/braids/internal/tui/spineview.go:352.2,357.22 4 2
github.com/Ashes47/braids/internal/tui/spineview.go:360.71,364.37 3 37
github.com/Ashes47/braids/internal/tui/spineview.go:364.37,366.3 1 10
github.com/Ashes47/braids/internal/tui/spineview.go:367.2,371.19 3 37
github.com/Ashes47/braids/internal/tui/spineview.go:371.19,373.3 1 0
github.com/Ashes47/braids/internal/tui/spineview.go:375.2,377.18 3 37
github.com/Ashes47/braids/internal/tui/spineview.go:378.20,380.59 2 9
github.com/Ashes47/braids/internal/tui/spineview.go:381.10,384.33 3 28
github.com/Ashes47/braids/internal/tui/spineview.go:384.33,386.4 1 19
github.com/Ashes47/braids/internal/tui/spineview.go:387.3,388.58 2 28
github.com/Ashes47/braids/internal/tui/spineview.go:388.58,391.4 2 0
github.com/Ashes47/braids/internal/tui/spineview.go:393.2,403.22 6 37
github.com/Ashes47/braids/internal/tui/spineview.go:407.36,409.44 2 5
github.com/Ashes47/braids/internal/tui/spineview.go:409.44,412.3 2 1
github.com/Ashes47/braids/internal/tui/spineview.go:413.2,414.21 2 4
github.com/Ashes47/braids/internal/tui/spineview.go:414.21,417.3 2 1
github.com/Ashes47/braids/internal/tui/spineview.go:418.2,419.30 2 3
github.com/Ashes47/braids/internal/tui/spineview.go:419.30,422.3 2 1
github.com/Ashes47/braids/internal/tui/spineview.go:423.2,425.10 3 2
github.com/Ashes47/braids/internal/tui/spineview.go:428.44,430.13 2 4
github.com/Ashes47/braids/internal/tui/spineview.go:431.13,432.27 1 0
github.com/Ashes47/braids/internal/tui/spineview.go:433.15,434.26 1 2
github.com/Ashes47/braids/internal/tui/spineview.go:435.10,436.21 1 2
github.com/Ashes47/braids/internal/tui/spineview.go:438.2,438.10 1 2
github.com/Ashes47/braids/internal/tui/spineview.go:444.37,451.16 6 2
github.com/Ashes47/braids/internal/tui/spineview.go:451.16,454.3 2 1
github.com/Ashes47/braids/internal/tui/spineview.go:455.2,457.10 2 1
github.com/Ashes47/braids/internal/tui/spineview.go:462.44,465.26 3 6
github.com/Ashes47/braids/internal/tui/spineview.go:465.26,467.33 2 23
github.com/Ashes47/braids/internal/tui/spineview.go:467.33,468.12 1 14
github.com/Ashes47/braids/internal/tui/spineview.go:470.3,471.20 2 9
github.com/Ashes47/braids/internal/tui/spineview.go:471.20,472.9 1 1
github.com/Ashes47/braids/internal/tui/spineview.go:475.2,475.19 1 6
github.com/Ashes47/braids/internal/tui/spineview.go:475.19,477.3 1 2
github.com/Ashes47/braids/internal/tui/spineview.go:478.2,478.31 1 4
github.com/Ashes47/braids/internal/tui/spineview.go:494.56,495.34 1 6
github.com/Ashes47/braids/internal/tui/spineview.go:495.34,497.63 2 8
github.com/Ashes47/braids/internal/tui/spineview.go:497.63,499.4 1 5
github.com/Ashes47/braids/internal/tui/spineview.go:501.2,501.13 1 1
github.com/Ashes47/braids/internal/tui/spineview.go:505.42,507.30 2 61
github.com/Ashes47/braids/internal/tui/spineview.go:507.30,508.22 1 44
github.com/Ashes47/braids/internal/tui/spineview.go:508.22,509.9 1 0
github.com/Ashes47/braids/internal/tui/spineview.go:511.3,511.63 1 44
github.com/Ashes47/braids/internal/tui/spineview.go:513.2,513.36 1 61
github.com/Ashes47/braids/internal/tui/spineview.go:516.31,516.78 1 37
github.com/Ashes47/braids/internal/tui/theme.go:37.35,38.11 1 26
github.com/Ashes47/braids/internal/tui/theme.go:38.11,40.3 1 26
github.com/Ashes47/braids/internal/tui/theme.go:41.2,41.133 1 0
github.com/Ashes47/braids/internal/tui/theme.go:69.41,71.45 2 25
github.com/Ashes47/braids/internal/tui/theme.go:71.45,71.63 1 175
github.com/Ashes47/braids/internal/tui/theme.go:73.2,102.3 8 25
