mode: atomic
github.com/Ashes47/braids/internal/core/sidecar/sidecar.go:27.50,30.54 3 5
github.com/Ashes47/braids/internal/core/sidecar/sidecar.go:30.54,32.3 1 2
github.com/Ashes47/braids/internal/core/sidecar/sidecar.go:33.2,33.16 1 3
github.com/Ashes47/braids/internal/core/sidecar/sidecar.go:33.16,35.3 1 0
github.com/Ashes47/braids/internal/core/sidecar/sidecar.go:36.2,36.57 1 3
github.com/Ashes47/braids/internal/core/sidecar/sidecar.go:36.57,40.3 1 1
github.com/Ashes47/braids/internal/core/sidecar/sidecar.go:41.2,41.15 1 3
github.com/Ashes47/braids/internal/core/sidecar/sidecar.go:45.39,45.59 1 2
github.com/Ashes47/braids/internal/core/sidecar/sidecar.go:48.46,51.2 2 1
github.com/Ashes47/braids/internal/core/sidecar/sidecar.go:54.41,57.2 2 2
github.com/Ashes47/braids/internal/core/sidecar/sidecar.go:61.51,64.2 2 2
github.com/Ashes47/braids/internal/core/sidecar/sidecar.go:67.45,70.2 2 1
github.com/Ashes47/braids/internal/core/sidecar/sidecar.go:72.34,74.16 2 3
github.com/Ashes47/braids/internal/core/sidecar/sidecar.go:74.16,76.3 1 0
github.com/Ashes47/braids/internal/core/sidecar/sidecar.go:77.2,77.65 1 3
github.com/Ashes47/braids/internal/core/sidecar/sidecar.go:77.65,79.3 1 0
github.com/Ashes47/braids/internal/core/sidecar/sidecar.go:80.2,81.16 2 3
github.com/Ashes47/braids/internal/core/sidecar/sidecar.go:81.16,83.3 1 0
github.com/Ashes47/braids/internal/core/sidecar/sidecar.go:84.2,86.43 2 3
github.com/Ashes47/braids/internal/core/sidecar/sidecar.go:86.43,88.3 1 0
github.com/Ashes47/braids/internal/core/sidecar/sidecar.go:89.2,89.36 1 3
github.com/Ashes47/braids/internal/core/sidecar/sidecar.go:89.36,91.3 1 0
github.com/Ashes47/braids/internal/core/sidecar/sidecar.go:92.2,92.54 1 3
github.com/Ashes47/braids/internal/core/sidecar/sidecar.go:92.54,94.3 1 0
github.com/Ashes47/braids/internal/core/sidecar/sidecar.go:95.2,95.12 1 3
github.com/Ashes47/braids/internal/launch/launch.go:29.57,30.72 1 7
github.com/Ashes47/braids/internal/launch/launch.go:30.72,32.3 1 3
github.com/Ashes47/braids/internal/launch/launch.go:33.2,33.23 1 4
github.com/Ashes47/braids/internal/launch/launch.go:33.23,35.3 1 1
github.com/Ashes47/braids/internal/launch/launch.go:36.2,36.40 1 3
github.com/Ashes47/braids/internal/launch/launch.go:36.40,38.3 1 1
github.com/Ashes47/braids/internal/launch/launch.go:39.2,39.16 1 2
github.com/Ashes47/braids/internal/launch/launch.go:44.65,46.15 2 0
github.com/Ashes47/braids/internal/launch/launch.go:46.15,48.3 1 0
github.com/Ashes47/braids/internal/launch/launch.go:49.2,49.16 1 0
github.com/Ashes47/braids/internal/launch/launch.go:49.16,51.3 1 0
github.com/Ashes47/braids/internal/launch/launch.go:52.2,52.51 1 0
github.com/Ashes47/braids/internal/launch/launch.go:58.63,60.2 1 0
github.com/Ashes47/braids/internal/launch/launch.go:63.46,65.15 2 1
github.com/Ashes47/braids/internal/launch/launch.go:65.15,67.3 1 1
github.com/Ashes47/braids/internal/launch/launch.go:68.2,81.10 1 1
github.com/Ashes47/braids/internal/launch/launch.go:86.45,87.68 1 3
github.com/Ashes47/braids/internal/launch/launch.go:87.68,94.3 2 2
github.com/Ashes47/braids/internal/launch/launch.go:99.69,105.9 5 2
github.com/Ashes47/braids/internal/launch/launch.go:106.54,109.13 1 0
github.com/Ashes47/braids/internal/launch/launch.go:110.18,111.64 1 1
github.com/Ashes47/braids/internal/launch/launch.go:111.64,113.4 1 1
github.com/Ashes47/braids/internal/launch/launch.go:114.3,114.41 1 0
github.com/Ashes47/braids/internal/launch/launch.go:116.2,116.12 1 1
github.com/Ashes47/braids/internal/launch/launch.go:119.33,120.45 1 1
github.com/Ashes47/braids/internal/launch/launch.go:120.45,122.3 1 0
github.com/Ashes47/braids/internal/launch/launch.go:123.2,123.10 1 1
github.com/Ashes47/braids/internal/launch/launch.go:127.40,129.2 1 2
github.com/Ashes47/braids/internal/launch/launch.go:132.34,134.2 1 1
github.com/Ashes47/braids/internal/launch/launch.go:137.29,137.54 1 0
github.com/Ashes47/braids/internal/core/watch/watch.go:33.41,35.16 2 5
github.com/Ashes47/braids/internal/core/watch/watch.go:35.16,37.3 1 0
github.com/Ashes47/braids/internal/core/watch/watch.go:38.2,43.42 2 5
github.com/Ashes47/braids/internal/core/watch/watch.go:43.42,45.3 1 0
github.com/Ashes47/braids/internal/core/watch/watch.go:46.2,47.15 2 5
github.com/Ashes47/braids/internal/core/watch/watch.go:52.45,52.65 1 6
github.com/Ashes47/braids/internal/core/watch/watch.go:55.33,56.19 1 7
github.com/Ashes47/braids/internal/core/watch/watch.go:56.19,56.36 1 5
github.com/Ashes47/braids/internal/core/watch/watch.go:57.2,57.21 1 7
github.com/Ashes47/braids/internal/core/watch/watch.go:62.48,63.39 1 5
github.com/Ashes47/braids/internal/core/watch/watch.go:63.39,65.3 1 0
github.com/Ashes47/braids/internal/core/watch/watch.go:66.2,67.16 2 5
github.com/Ashes47/braids/internal/core/watch/watch.go:67.16,69.3 1 0
github.com/Ashes47/braids/internal/core/watch/watch.go:70.2,70.28 1 5
github.com/Ashes47/braids/internal/core/watch/watch.go:70.28,71.17 1 5
github.com/Ashes47/braids/internal/core/watch/watch.go:71.17,72.12 1 0
github.com/Ashes47/braids/internal/core/watch/watch.go:76.3,76.46 1 5
github.com/Ashes47/braids/internal/core/watch/watch.go:78.2,78.12 1 5
github.com/Ashes47/braids/internal/core/watch/watch.go:81.25,83.19 2 5
github.com/Ashes47/braids/internal/core/watch/watch.go:83.19,85.3 1 0
github.com/Ashes47/braids/internal/core/watch/watch.go:86.2,88.6 2 5
github.com/Ashes47/braids/internal/core/watch/watch.go:88.6,89.10 1 33
github.com/Ashes47/braids/internal/core/watch/watch.go:90.17,91.10 1 5
github.com/Ashes47/braids/internal/core/watch/watch.go:93.35,94.11 1 24
github.com/Ashes47/braids/internal/core/watch/watch.go:94.11,96.5 1 0
github.com/Ashes47/braids/internal/core/watch/watch.go:99.4,99.55 1 24
github.com/Ashes47/braids/internal/core/watch/watch.go:99.55,101.5 1 1
github.com/Ashes47/braids/internal/core/watch/watch.go:102.4,102.27 1 24
github.com/Ashes47/braids/internal/core/watch/watch.go:102.27,103.13 1 1
github.com/Ashes47/braids/internal/core/watch/watch.go:105.4,105.16 1 23
github.com/Ashes47/braids/internal/core/watch/watch.go:105.16,107.5 1 4
github.com/Ashes47/braids/internal/core/watch/watch.go:107.10,107.28 1 19
github.com/Ashes47/braids/internal/core/watch/watch.go:107.28,108.12 1 0
github.com/Ashes47/braids/internal/core/watch/watch.go:109.20,109.20 0 0
github.com/Ashes47/braids/internal/core/watch/watch.go:110.13,110.13 0 0
github.com/Ashes47/braids/internal/core/watch/watch.go:113.4,113.23 1 23
github.com/Ashes47/braids/internal/core/watch/watch.go:115.18,117.11 2 4
github.com/Ashes47/braids/internal/core/watch/watch.go:118.33,118.33 0 4
github.com/Ashes47/braids/internal/core/watch/watch.go:119.12,119.12 0 0
github.com/Ashes47/braids/internal/core/watch/watch.go:122.22,122.22 0 0
github.com/Ashes47/braids/internal/core/watch/watch.go:130.45,131.32 1 24
github.com/Ashes47/braids/internal/core/watch/watch.go:131.32,133.3 1 0
github.com/Ashes47/braids/internal/core/watch/watch.go:134.2,134.69 1 24
github.com/Ashes47/braids/internal/core/watch/watch.go:137.30,140.2 2 7
github.com/Ashes47/braids/internal/core/trash/trash.go:45.36,45.66 1 3
github.com/Ashes47/braids/internal/core/trash/trash.go:51.27,51.52 1 8
github.com/Ashes47/braids/internal/core/trash/trash.go:55.68,62.49 3 8
github.com/Ashes47/braids/internal/core/trash/trash.go:62.49,64.3 1 0
github.com/Ashes47/braids/internal/core/trash/trash.go:66.2,66.29 1 8
github.com/Ashes47/braids/internal/core/trash/trash.go:66.29,68.37 2 11
github.com/Ashes47/braids/internal/core/trash/trash.go:68.37,69.12 1 2
github.com/Ashes47/braids/internal/core/trash/trash.go:71.3,71.17 1 9
github.com/Ashes47/braids/internal/core/trash/trash.go:71.17,73.4 1 0
github.com/Ashes47/braids/internal/core/trash/trash.go:74.3,75.45 2 9
github.com/Ashes47/braids/internal/core/trash/trash.go:75.45,79.4 1 0
github.com/Ashes47/braids/internal/core/trash/trash.go:80.3,81.34 2 9
github.com/Ashes47/braids/internal/core/trash/trash.go:83.2,83.27 1 8
github.com/Ashes47/braids/internal/core/trash/trash.go:83.27,85.3 1 1
github.com/Ashes47/braids/internal/core/trash/trash.go:86.2,86.51 1 7
github.com/Ashes47/braids/internal/core/trash/trash.go:86.51,88.3 1 0
github.com/Ashes47/braids/internal/core/trash/trash.go:89.2,89.19 1 7
github.com/Ashes47/braids/internal/core/trash/trash.go:93.39,95.36 2 7
github.com/Ashes47/braids/internal/core/trash/trash.go:95.36,97.3 1 0
github.com/Ashes47/braids/internal/core/trash/trash.go:98.2,98.16 1 7
github.com/Ashes47/braids/internal/core/trash/trash.go:98.16,100.3 1 0
github.com/Ashes47/braids/internal/core/trash/trash.go:101.2,102.25 2 7
github.com/Ashes47/braids/internal/core/trash/trash.go:102.25,103.17 1 5
github.com/Ashes47/braids/internal/core/trash/trash.go:103.17,104.12 1 0
github.com/Ashes47/braids/internal/core/trash/trash.go:106.3,107.17 2 5
github.com/Ashes47/braids/internal/core/trash/trash.go:107.17,108.12 1 0
github.com/Ashes47/braids/internal/core/trash/trash.go:110.3,110.27 1 5
github.com/Ashes47/braids/internal/core/trash/trash.go:112.2,112.38 1 7
github.com/Ashes47/braids/internal/core/trash/trash.go:112.38,112.75 1 1
github.com/Ashes47/braids/internal/core/trash/trash.go:113.2,113.17 1 7
github.com/Ashes47/braids/internal/core/trash/trash.go:117.38,118.63 1 2
github.com/Ashes47/braids/internal/core/trash/trash.go:118.63,120.3 1 0
github.com/Ashes47/braids/internal/core/trash/trash.go:121.2,121.12 1 2
github.com/Ashes47/braids/internal/core/trash/trash.go:126.57,128.16 2 2
github.com/Ashes47/braids/internal/core/trash/trash.go:128.16,130.3 1 0
github.com/Ashes47/braids/internal/core/trash/trash.go:131.2,133.28 3 2
github.com/Ashes47/braids/internal/core/trash/trash.go:133.28,134.30 1 2
github.com/Ashes47/braids/internal/core/trash/trash.go:134.30,135.12 1 1
github.com/Ashes47/braids/internal/core/trash/trash.go:137.3,137.39 1 1
github.com/Ashes47/braids/internal/core/trash/trash.go:137.39,139.4 1 0
github.com/Ashes47/braids/internal/core/trash/trash.go:140.3,141.19 2 1
github.com/Ashes47/braids/internal/core/trash/trash.go:143.2,143.25 1 2
github.com/Ashes47/braids/internal/core/trash/trash.go:146.51,148.16 2 7
github.com/Ashes47/braids/internal/core/trash/trash.go:148.16,150.3 1 0
github.com/Ashes47/braids/internal/core/trash/trash.go:151.2,151.80 1 7
github.com/Ashes47/braids/internal/core/trash/trash.go:151.80,153.3 1 0
github.com/Ashes47/braids/internal/core/trash/trash.go:154.2,154.12 1 7
github.com/Ashes47/braids/internal/core/trash/trash.go:157.46,159.16 2 7
github.com/Ashes47/braids/internal/core/trash/trash.go:159.16,161.3 1 1
github.com/Ashes47/braids/internal/core/trash/trash.go:162.2,163.53 2 6
github.com/Ashes47/braids/internal/core/trash/trash.go:163.53,165.3 1 0
github.com/Ashes47/braids/internal/core/trash/trash.go:166.2,166.19 1 6
github.com/Ashes47/braids/internal/core/trash/trash.go:170.42,172.35 2 2
github.com/Ashes47/braids/internal/core/trash/trash.go:172.35,173.69 1 4
github.com/Ashes47/braids/internal/core/trash/trash.go:173.69,175.12 2 0
github.com/Ashes47/braids/internal/core/trash/trash.go:177.3,177.55 1 4
github.com/Ashes47/braids/internal/core/trash/trash.go:177.55,179.4 1 0
github.com/Ashes47/braids/internal/core/trash/trash.go:181.2,181.23 1 2
github.com/Ashes47/braids/internal/core/trash/trash.go:181.23,183.3 1 0
github.com/Ashes47/braids/internal/core/trash/trash.go:184.2,184.53 1 2
github.com/Ashes47/braids/internal/core/trash/trash.go:188.53,190.16 2 2
github.com/Ashes47/braids/internal/core/trash/trash.go:190.16,192.3 1 1
github.com/Ashes47/braids/internal/core/trash/trash.go:193.2,193.32 1 1
github.com/Ashes47/braids/internal/core/trash/trash.go:197.50,198.19 1 9
github.com/Ashes47/braids/internal/core/trash/trash.go:198.19,200.3 1 7
github.com/Ashes47/braids/internal/core/trash/trash.go:201.2,202.76 2 2
github.com/Ashes47/braids/internal/core/trash/trash.go:202.76,203.30 1 6
github.com/Ashes47/braids/internal/core/trash/trash.go:203.30,205.4 1 4
github.com/Ashes47/braids/internal/core/trash/trash.go:206.3,206.38 1 2
github.com/Ashes47/braids/internal/core/trash/trash.go:206.38,208.4 1 2
github.com/Ashes47/braids/internal/core/trash/trash.go:209.3,209.13 1 2
github.com/Ashes47/braids/internal/core/trash/trash.go:211.2,211.14 1 2
github.com/Ashes47/braids/cmd/braids/main.go:70.13,71.52 1 0
github.com/Ashes47/braids/cmd/braids/main.go:71.52,74.3 2 0
github.com/Ashes47/braids/cmd/braids/main.go:77.44,79.20 2 16
github.com/Ashes47/braids/cmd/braids/main.go:79.20,81.3 1 0
github.com/Ashes47/braids/cmd/braids/main.go:82.2,82.17 1 16
github.com/Ashes47/braids/cmd/braids/main.go:83.13,84.31 1 1
github.com/Ashes47/braids/cmd/braids/main.go:85.15,86.33 1 3
github.com/Ashes47/braids/cmd/braids/main.go:87.16,88.34 1 8
github.com/Ashes47/braids/cmd/braids/main.go:89.15,90.33 1 1
github.com/Ashes47/braids/cmd/braids/main.go:91.16,92.34 1 0
github.com/Ashes47/braids/cmd/braids/main.go:93.17,94.35 1 0
github.com/Ashes47/braids/cmd/braids/main.go:95.16,96.34 1 0
github.com/Ashes47/braids/cmd/braids/main.go:97.17,99.19 2 0
github.com/Ashes47/braids/cmd/braids/main.go:100.30,102.19 2 2
github.com/Ashes47/braids/cmd/braids/main.go:103.10,104.70 1 1
github.com/Ashes47/braids/cmd/braids/main.go:112.67,114.6 2 8
github.com/Ashes47/braids/cmd/braids/main.go:114.6,115.40 1 16
github.com/Ashes47/braids/cmd/braids/main.go:115.40,117.4 1 0
github.com/Ashes47/braids/cmd/braids/main.go:118.3,119.21 2 16
github.com/Ashes47/braids/cmd/braids/main.go:119.21,121.4 1 8
github.com/Ashes47/braids/cmd/braids/main.go:122.3,123.18 2 8
github.com/Ashes47/braids/cmd/braids/main.go:128.34,129.42 1 0
github.com/Ashes47/braids/cmd/braids/main.go:129.42,131.3 1 0
github.com/Ashes47/braids/cmd/braids/main.go:132.2,133.16 2 0
github.com/Ashes47/braids/cmd/braids/main.go:133.16,135.3 1 0
github.com/Ashes47/braids/cmd/braids/main.go:136.2,137.48 2 0
github.com/Ashes47/braids/cmd/braids/main.go:137.48,139.3 1 0
github.com/Ashes47/braids/cmd/braids/main.go:140.2,140.44 1 0
github.com/Ashes47/braids/cmd/braids/main.go:144.47,145.18 1 11
github.com/Ashes47/braids/cmd/braids/main.go:145.18,147.3 1 11
github.com/Ashes47/braids/cmd/braids/main.go:148.2,148.20 1 0
github.com/Ashes47/braids/cmd/braids/main.go:152.53,154.16 2 10
github.com/Ashes47/braids/cmd/braids/main.go:154.16,156.3 1 0
github.com/Ashes47/braids/cmd/braids/main.go:157.2,157.25 1 10
github.com/Ashes47/braids/cmd/braids/main.go:160.48,169.39 9 1
github.com/Ashes47/braids/cmd/braids/main.go:169.39,171.3 1 0
github.com/Ashes47/braids/cmd/braids/main.go:172.2,173.16 2 1
github.com/Ashes47/braids/cmd/braids/main.go:173.16,175.3 1 0
github.com/Ashes47/braids/cmd/braids/main.go:176.2,177.16 2 1
github.com/Ashes47/braids/cmd/braids/main.go:177.16,179.3 1 0
github.com/Ashes47/braids/cmd/braids/main.go:180.2,184.16 4 1
github.com/Ashes47/braids/cmd/braids/main.go:184.16,186.3 1 0
github.com/Ashes47/braids/cmd/braids/main.go:187.2,188.16 2 1
github.com/Ashes47/braids/cmd/braids/main.go:188.16,190.3 1 0
github.com/Ashes47/braids/cmd/braids/main.go:193.2,194.13 2 1
github.com/Ashes47/braids/cmd/braids/main.go:194.13,195.44 1 1
github.com/Ashes47/braids/cmd/braids/main.go:195.44,198.4 2 1
github.com/Ashes47/braids/cmd/braids/main.go:200.2,201.16 2 1
github.com/Ashes47/braids/cmd/braids/main.go:201.16,203.3 1 0
github.com/Ashes47/braids/cmd/braids/main.go:204.2,211.71 3 1
github.com/Ashes47/braids/cmd/braids/main.go:211.71,213.4 1 0
github.com/Ashes47/braids/cmd/braids/main.go:214.67,216.4 1 0
github.com/Ashes47/braids/cmd/braids/main.go:217.57,219.4 1 0
github.com/Ashes47/braids/cmd/braids/main.go:220.73,222.4 1 0
github.com/Ashes47/braids/cmd/braids/main.go:226.53,227.16 1 0
github.com/Ashes47/braids/cmd/braids/main.go:227.16,229.5 1 0
github.com/Ashes47/braids/cmd/braids/main.go:230.4,230.31 1 0
github.com/Ashes47/braids/cmd/braids/main.go:232.46,234.4 1 0
github.com/Ashes47/braids/cmd/braids/main.go:235.42,237.55 1 0
github.com/Ashes47/braids/cmd/braids/main.go:237.55,239.5 1 0
github.com/Ashes47/braids/cmd/braids/main.go:240.4,240.21 1 0
github.com/Ashes47/braids/cmd/braids/main.go:242.34,245.4 2 0
github.com/Ashes47/braids/cmd/braids/main.go:247.54,249.4 1 0
github.com/Ashes47/braids/cmd/braids/main.go:252.58,254.4 1 0
github.com/Ashes47/braids/cmd/braids/main.go:255.70,257.4 1 0
github.com/Ashes47/braids/cmd/braids/main.go:258.42,259.64 1 0
github.com/Ashes47/braids/cmd/braids/main.go:259.64,261.5 1 0
github.com/Ashes47/braids/cmd/braids/main.go:262.4,262.48 1 0
github.com/Ashes47/braids/cmd/braids/main.go:265.2,265.13 1 1
github.com/Ashes47/braids/cmd/braids/main.go:265.13,267.3 1 1
github.com/Ashes47/braids/cmd/braids/main.go:268.2,269.16 2 0
github.com/Ashes47/braids/cmd/braids/main.go:269.16,271.3 1 0
github.com/Ashes47/braids/cmd/braids/main.go:272.2,273.18 2 0
github.com/Ashes47/braids/cmd/braids/main.go:276.50,282.39 6 3
github.com/Ashes47/braids/cmd/braids/main.go:282.39,284.3 1 0
github.com/Ashes47/braids/cmd/braids/main.go:286.2,287.15 2 3
github.com/Ashes47/braids/cmd/braids/main.go:287.15,289.54 2 0
github.com/Ashes47/braids/cmd/braids/main.go:289.54,291.4 1 0
github.com/Ashes47/braids/cmd/braids/main.go:293.2,294.16 2 3
github.com/Ashes47/braids/cmd/braids/main.go:294.16,296.3 1 0
github.com/Ashes47/braids/cmd/braids/main.go:297.2,301.11 4 3
github.com/Ashes47/braids/cmd/braids/main.go:301.11,303.3 1 0
github.com/Ashes47/braids/cmd/braids/main.go:304.2,305.16 2 3
github.com/Ashes47/braids/cmd/braids/main.go:305.16,307.3 1 0
github.com/Ashes47/braids/cmd/braids/main.go:308.2,310.18 2 3
github.com/Ashes47/braids/cmd/braids/main.go:313.51,321.16 8 8
github.com/Ashes47/braids/cmd/braids/main.go:321.16,323.3 1 0
github.com/Ashes47/braids/cmd/braids/main.go:324.2,325.36 2 8
github.com/Ashes47/braids/cmd/braids/main.go:325.36,327.3 1 1
github.com/Ashes47/braids/cmd/braids/main.go:328.2,329.16 2 7
github.com/Ashes47/braids/cmd/braids/main.go:329.16,331.3 1 1
github.com/Ashes47/braids/cmd/braids/main.go:333.2,334.16 2 6
github.com/Ashes47/braids/cmd/braids/main.go:334.16,336.3 1 0
github.com/Ashes47/braids/cmd/braids/main.go:337.2,342.16 4 6
github.com/Ashes47/braids/cmd/braids/main.go:342.16,344.3 1 0
github.com/Ashes47/braids/cmd/braids/main.go:345.2,345.20 1 6
github.com/Ashes47/braids/cmd/braids/main.go:345.20,348.3 2 1
github.com/Ashes47/braids/cmd/braids/main.go:350.2,351.25 2 5
github.com/Ashes47/braids/cmd/braids/main.go:351.25,353.92 1 7
github.com/Ashes47/braids/cmd/braids/main.go:353.92,355.4 1 0
github.com/Ashes47/braids/cmd/braids/main.go:357.2,357.35 1 5
github.com/Ashes47/braids/cmd/braids/main.go:357.35,359.3 1 0
github.com/Ashes47/braids/cmd/braids/main.go:360.2,361.18 2 5
github.com/Ashes47/braids/cmd/braids/main.go:364.51,370.39 6 0
github.com/Ashes47/braids/cmd/braids/main.go:370.39,372.3 1 0
github.com/Ashes47/braids/cmd/braids/main.go:373.2,373.32 1 0
github.com/Ashes47/braids/cmd/braids/main.go:373.32,375.3 1 0
github.com/Ashes47/braids/cmd/braids/main.go:377.2,378.16 2 0
github.com/Ashes47/braids/cmd/braids/main.go:378.16,380.3 1 0
github.com/Ashes47/braids/cmd/braids/main.go:381.2,382.16 2 0
github.com/Ashes47/braids/cmd/braids/main.go:382.16,384.3 1 0
github.com/Ashes47/braids/cmd/braids/main.go:385.2,389.16 4 0
github.com/Ashes47/braids/cmd/braids/main.go:389.16,391.3 1 0
github.com/Ashes47/braids/cmd/braids/main.go:392.2,393.16 2 0
github.com/Ashes47/braids/cmd/braids/main.go:393.16,395.3 1 0
github.com/Ashes47/braids/cmd/braids/main.go:396.2,399.18 3 0
github.com/Ashes47/braids/cmd/braids/main.go:404.149,406.16 2 0
github.com/Ashes47/braids/cmd/braids/main.go:406.16,408.3 1 0
github.com/Ashes47/braids/cmd/braids/main.go:409.2,410.16 2 0
github.com/Ashes47/braids/cmd/braids/main.go:410.16,412.3 1 0
github.com/Ashes47/braids/cmd/braids/main.go:413.2,414.25 2 0
github.com/Ashes47/braids/cmd/braids/main.go:414.25,415.20 1 0
github.com/Ashes47/braids/cmd/braids/main.go:415.20,417.9 2 0
github.com/Ashes47/braids/cmd/braids/main.go:420.2,420.18 1 0
github.com/Ashes47/braids/cmd/braids/main.go:420.18,422.3 1 0
github.com/Ashes47/braids/cmd/braids/main.go:423.2,424.16 2 0
github.com/Ashes47/braids/cmd/braids/main.go:424.16,426.3 1 0
github.com/Ashes47/braids/cmd/braids/main.go:427.2,430.16 2 0
github.com/Ashes47/braids/cmd/braids/main.go:430.16,432.3 1 0
github.com/Ashes47/braids/cmd/braids/main.go:435.2,435.96 1 0
github.com/Ashes47/braids/cmd/braids/main.go:435.96,437.3 1 0
github.com/Ashes47/braids/cmd/braids/main.go:438.2,438.23 1 0
github.com/Ashes47/braids/cmd/braids/main.go:442.46,444.2 1 2
github.com/Ashes47/braids/cmd/braids/main.go:446.35,447.16 1 0
github.com/Ashes47/braids/cmd/braids/main.go:447.16,449.3 1 0
github.com/Ashes47/braids/cmd/braids/main.go:450.2,450.40 1 0
github.com/Ashes47/braids/cmd/braids/main.go:453.52,458.39 5 0
github.com/Ashes47/braids/cmd/braids/main.go:458.39,460.3 1 0
github.com/Ashes47/braids/cmd/braids/main.go:461.2,461.20 1 0
github.com/Ashes47/braids/cmd/braids/main.go:461.20,463.3 1 0
github.com/Ashes47/braids/cmd/braids/main.go:464.2,465.16 2 0
github.com/Ashes47/braids/cmd/braids/main.go:465.16,467.3 1 0
github.com/Ashes47/braids/cmd/braids/main.go:468.2,469.16 2 0
github.com/Ashes47/braids/cmd/braids/main.go:469.16,471.3 1 0
github.com/Ashes47/braids/cmd/braids/main.go:472.2,476.16 4 0
github.com/Ashes47/braids/cmd/braids/main.go:476.16,478.3 1 0
github.com/Ashes47/braids/cmd/braids/main.go:479.2,480.16 2 0
github.com/Ashes47/braids/cmd/braids/main.go:480.16,482.3 1 0
github.com/Ashes47/braids/cmd/braids/main.go:483.2,484.16 2 0
github.com/Ashes47/braids/cmd/braids/main.go:484.16,486.3 1 0
github.com/Ashes47/braids/cmd/braids/main.go:487.2,488.16 2 0
github.com/Ashes47/braids/cmd/braids/main.go:488.16,490.3 1 0
github.com/Ashes47/braids/cmd/braids/main.go:491.2,492.16 2 0
github.com/Ashes47/braids/cmd/braids/main.go:492.16,494.3 1 0
github.com/Ashes47/braids/cmd/braids/main.go:495.2,497.18 2 0
github.com/Ashes47/braids/cmd/braids/main.go:501.83,502.22 1 0
github.com/Ashes47/braids/cmd/braids/main.go:502.22,504.3 1 0
github.com/Ashes47/braids/cmd/braids/main.go:505.2,505.15 1 0
github.com/Ashes47/braids/cmd/braids/main.go:505.15,506.23 1 0
github.com/Ashes47/braids/cmd/braids/main.go:506.23,508.4 1 0
github.com/Ashes47/braids/cmd/braids/main.go:509.3,509.104 1 0
github.com/Ashes47/braids/cmd/braids/main.go:511.2,512.27 2 0
github.com/Ashes47/braids/cmd/braids/main.go:512.27,513.35 1 0
github.com/Ashes47/braids/cmd/braids/main.go:513.35,515.4 1 0
github.com/Ashes47/braids/cmd/braids/main.go:517.2,517.20 1 0
github.com/Ashes47/braids/cmd/braids/main.go:518.9,519.76 1 0
github.com/Ashes47/braids/cmd/braids/main.go:520.9,521.23 1 0
github.com/Ashes47/braids/cmd/braids/main.go:522.10,523.85 1 0
github.com/Ashes47/braids/cmd/braids/main.go:527.51,531.39 4 0
github.com/Ashes47/braids/cmd/braids/main.go:531.39,533.3 1 0
github.com/Ashes47/braids/cmd/braids/main.go:534.2,534.20 1 0
github.com/Ashes47/braids/cmd/braids/main.go:534.20,536.3 1 0
github.com/Ashes47/braids/cmd/braids/main.go:537.2,538.16 2 0
github.com/Ashes47/braids/cmd/braids/main.go:538.16,540.3 1 0
github.com/Ashes47/braids/cmd/braids/main.go:541.2,545.16 4 0
github.com/Ashes47/braids/cmd/braids/main.go:545.16,547.3 1 0
github.com/Ashes47/braids/cmd/braids/main.go:548.2,549.16 2 0
github.com/Ashes47/braids/cmd/braids/main.go:549.16,551.3 1 0
github.com/Ashes47/braids/cmd/braids/main.go:552.2,552.22 1 0
github.com/Ashes47/braids/cmd/braids/main.go:552.22,555.3 2 0
github.com/Ashes47/braids/cmd/braids/main.go:556.2,558.27 3 0
github.com/Ashes47/braids/cmd/braids/main.go:558.27,561.3 1 0
github.com/Ashes47/braids/cmd/braids/main.go:562.2,562.25 1 0
github.com/Ashes47/braids/cmd/braids/main.go:562.25,563.48 1 0
github.com/Ashes47/braids/cmd/braids/main.go:563.48,565.4 1 0
github.com/Ashes47/braids/cmd/braids/main.go:567.2,567.35 1 0
github.com/Ashes47/braids/cmd/braids/main.go:567.35,569.3 1 0
github.com/Ashes47/braids/cmd/braids/main.go:570.2,570.18 1 0
github.com/Ashes47/braids/cmd/braids/main.go:575.110,577.16 2 0
github.com/Ashes47/braids/cmd/braids/main.go:577.16,579.3 1 0
github.com/Ashes47/braids/cmd/braids/main.go:580.2,580.27 1 0
github.com/Ashes47/braids/cmd/braids/main.go:580.27,581.22 1 0
github.com/Ashes47/braids/cmd/braids/main.go:581.22,582.12 1 0
github.com/Ashes47/braids/cmd/braids/main.go:584.3,586.17 2 0
github.com/Ashes47/braids/cmd/braids/main.go:586.17,588.4 1 0
github.com/Ashes47/braids/cmd/braids/main.go:589.3,589.32 1 0
github.com/Ashes47/braids/cmd/braids/main.go:591.2,591.83 1 0
github.com/Ashes47/braids/cmd/braids/main.go:596.138,598.16 2 0
github.com/Ashes47/braids/cmd/braids/main.go:598.16,600.3 1 0
github.com/Ashes47/braids/cmd/braids/main.go:601.2,601.27 1 0
github.com/Ashes47/braids/cmd/braids/main.go:601.27,602.22 1 0
github.com/Ashes47/braids/cmd/braids/main.go:602.22,603.12 1 0
github.com/Ashes47/braids/cmd/braids/main.go:605.3,606.17 2 0
github.com/Ashes47/braids/cmd/braids/main.go:606.17,608.4 1 0
github.com/Ashes47/braids/cmd/braids/main.go:609.3,610.17 2 0
github.com/Ashes47/braids/cmd/braids/main.go:610.17,612.4 1 0
github.com/Ashes47/braids/cmd/braids/main.go:616.3,616.101 1 0
github.com/Ashes47/braids/cmd/braids/main.go:616.101,618.4 1 0
github.com/Ashes47/braids/cmd/braids/main.go:619.3,619.22 1 0
github.com/Ashes47/braids/cmd/braids/main.go:621.2,621.82 1 0
github.com/Ashes47/braids/cmd/braids/main.go:627.102,629.16 2 0
github.com/Ashes47/braids/cmd/braids/main.go:629.16,631.3 1 0
github.com/Ashes47/braids/cmd/braids/main.go:632.2,633.17 2 0
github.com/Ashes47/braids/cmd/braids/main.go:633.17,635.3 1 0
github.com/Ashes47/braids/cmd/braids/main.go:636.2,640.16 2 0
github.com/Ashes47/braids/cmd/braids/main.go:640.16,642.3 1 0
github.com/Ashes47/braids/cmd/braids/main.go:643.2,643.27 1 0
github.com/Ashes47/braids/cmd/braids/main.go:643.27,645.3 1 0
github.com/Ashes47/braids/cmd/braids/main.go:646.2,646.25 1 0
github.com/Ashes47/braids/cmd/braids/main.go:650.89,652.16 2 0
github.com/Ashes47/braids/cmd/braids/main.go:652.16,654.3 1 0
github.com/Ashes47/braids/cmd/braids/main.go:655.2,656.22 2 0
github.com/Ashes47/braids/cmd/braids/main.go:656.22,658.3 1 0
github.com/Ashes47/braids/cmd/braids/main.go:659.2,659.21 1 0
github.com/Ashes47/braids/cmd/braids/main.go:664.81,666.17 2 1
github.com/Ashes47/braids/cmd/braids/main.go:666.17,668.3 1 1
github.com/Ashes47/braids/cmd/braids/main.go:669.2,669.35 1 0
github.com/Ashes47/braids/cmd/braids/main.go:669.35,671.17 2 0
github.com/Ashes47/braids/cmd/braids/main.go:671.17,673.4 1 0
github.com/Ashes47/braids/cmd/braids/main.go:674.3,675.17 2 0
github.com/Ashes47/braids/cmd/braids/main.go:675.17,677.4 1 0
github.com/Ashes47/braids/cmd/braids/main.go:678.3,679.16 2 0
github.com/Ashes47/braids/cmd/braids/main.go:679.16,681.4 1 0
github.com/Ashes47/braids/cmd/braids/main.go:682.3,683.17 2 0
github.com/Ashes47/braids/cmd/braids/main.go:683.17,685.4 1 0
github.com/Ashes47/braids/cmd/braids/main.go:686.3,686.39 1 0
github.com/Ashes47/braids/cmd/braids/main.go:692.89,694.16 2 0
github.com/Ashes47/braids/cmd/braids/main.go:694.16,696.3 1 0
github.com/Ashes47/braids/cmd/braids/main.go:697.2,698.26 2 0
github.com/Ashes47/braids/cmd/braids/main.go:698.26,699.35 1 0
github.com/Ashes47/braids/cmd/braids/main.go:699.35,701.4 1 0
github.com/Ashes47/braids/cmd/braids/main.go:703.2,703.20 1 0
github.com/Ashes47/braids/cmd/braids/main.go:704.9,705.77 1 0
github.com/Ashes47/braids/cmd/braids/main.go:706.9,707.23 1 0
github.com/Ashes47/braids/cmd/braids/main.go:708.10,709.106 1 0
github.com/Ashes47/braids/cmd/braids/main.go:713.50,717.39 4 1
github.com/Ashes47/braids/cmd/braids/main.go:717.39,719.3 1 0
github.com/Ashes47/braids/cmd/braids/main.go:720.2,721.16 2 1
github.com/Ashes47/braids/cmd/braids/main.go:721.16,723.3 1 0
github.com/Ashes47/braids/cmd/braids/main.go:724.2,727.16 3 1
github.com/Ashes47/braids/cmd/braids/main.go:727.16,729.3 1 0
github.com/Ashes47/braids/cmd/braids/main.go:730.2,730.21 1 1
github.com/Ashes47/braids/cmd/braids/main.go:730.21,733.3 2 0
github.com/Ashes47/braids/cmd/braids/main.go:734.2,736.26 3 1
github.com/Ashes47/braids/cmd/braids/main.go:736.26,739.3 1 1
github.com/Ashes47/braids/cmd/braids/main.go:740.2,740.25 1 1
github.com/Ashes47/braids/cmd/braids/main.go:740.25,741.48 1 2
github.com/Ashes47/braids/cmd/braids/main.go:741.48,743.4 1 0
github.com/Ashes47/braids/cmd/braids/main.go:745.2,745.35 1 1
github.com/Ashes47/braids/cmd/braids/main.go:745.35,747.3 1 0
github.com/Ashes47/braids/cmd/braids/main.go:748.2,749.18 2 1
github.com/Ashes47/braids/cmd/braids/main.go:754.53,755.32 1 9
github.com/Ashes47/braids/cmd/braids/main.go:755.32,757.3 1 6
github.com/Ashes47/braids/cmd/braids/main.go:758.2,765.44 3 3
github.com/Ashes47/braids/cmd/braids/main.go:765.44,767.17 2 4
github.com/Ashes47/braids/cmd/braids/main.go:767.17,768.12 1 0
github.com/Ashes47/braids/cmd/braids/main.go:770.3,771.10 2 4
github.com/Ashes47/braids/cmd/braids/main.go:771.10,773.4 1 1
github.com/Ashes47/braids/cmd/braids/main.go:774.3,774.27 1 3
github.com/Ashes47/braids/cmd/braids/main.go:776.2,776.19 1 2
github.com/Ashes47/braids/cmd/braids/main.go:779.36,780.23 1 7
github.com/Ashes47/braids/cmd/braids/main.go:780.23,782.3 1 7
github.com/Ashes47/braids/cmd/braids/main.go:783.2,783.26 1 0
github.com/Ashes47/braids/cmd/braids/main.go:786.36,787.49 1 7
github.com/Ashes47/braids/cmd/braids/main.go:787.49,789.3 1 5
github.com/Ashes47/braids/cmd/braids/main.go:790.2,790.23 1 2
github.com/Ashes47/braids/cmd/braids/main.go:793.32,793.58 1 1
github.com/Ashes47/braids/cmd/braids/main.go:795.31,797.2 1 7
github.com/Ashes47/braids/cmd/braids/main.go:799.39,801.17 2 23
github.com/Ashes47/braids/cmd/braids/main.go:801.17,803.3 1 21
github.com/Ashes47/braids/cmd/braids/main.go:804.2,804.12 1 2
github.com/Ashes47/braids/cmd/braids/main.go:804.12,806.3 1 0
github.com/Ashes47/braids/cmd/braids/main.go:807.2,807.32 1 2
github.com/Ashes47/braids/cmd/braids/print.go:20.39,20.64 1 16
github.com/Ashes47/braids/cmd/braids/print.go:23.48,24.18 1 82
github.com/Ashes47/braids/cmd/braids/print.go:24.18,26.3 1 0
github.com/Ashes47/braids/cmd/braids/print.go:27.2,28.16 2 82
github.com/Ashes47/braids/cmd/braids/print.go:28.16,30.3 1 0
github.com/Ashes47/braids/cmd/braids/print.go:31.2,31.15 1 82
github.com/Ashes47/braids/cmd/braids/print.go:34.51,35.18 1 12
github.com/Ashes47/braids/cmd/braids/print.go:35.18,37.3 1 12
github.com/Ashes47/braids/cmd/braids/print.go:41.31,41.47 1 12
github.com/Ashes47/braids/internal/core/index/index.go:147.40,149.16 2 12
github.com/Ashes47/braids/internal/core/index/index.go:149.16,151.3 1 0
github.com/Ashes47/braids/internal/core/index/index.go:152.2,159.4 1 12
github.com/Ashes47/braids/internal/core/index/index.go:159.4,160.44 1 36
github.com/Ashes47/braids/internal/core/index/index.go:160.44,162.4 1 0
github.com/Ashes47/braids/internal/core/index/index.go:164.2,164.36 1 12
github.com/Ashes47/braids/internal/core/index/index.go:164.36,166.3 1 0
github.com/Ashes47/braids/internal/core/index/index.go:167.2,167.28 1 12
github.com/Ashes47/braids/internal/core/index/index.go:173.32,175.74 2 12
github.com/Ashes47/braids/internal/core/index/index.go:175.74,177.3 1 0
github.com/Ashes47/braids/internal/core/index/index.go:178.2,178.30 1 12
github.com/Ashes47/braids/internal/core/index/index.go:178.30,179.45 1 12
github.com/Ashes47/braids/internal/core/index/index.go:179.45,181.4 1 0
github.com/Ashes47/braids/internal/core/index/index.go:183.2,183.43 1 12
github.com/Ashes47/braids/internal/core/index/index.go:183.43,185.3 1 0
github.com/Ashes47/braids/internal/core/index/index.go:186.2,186.89 1 12
github.com/Ashes47/braids/internal/core/index/index.go:186.89,188.3 1 0
github.com/Ashes47/braids/internal/core/index/index.go:189.2,189.12 1 12
github.com/Ashes47/braids/internal/core/index/index.go:193.32,193.56 1 12
github.com/Ashes47/braids/internal/core/index/index.go:198.80,201.16 3 8
github.com/Ashes47/braids/internal/core/index/index.go:201.16,203.3 1 0
github.com/Ashes47/braids/internal/core/index/index.go:205.2,206.16 2 8
github.com/Ashes47/braids/internal/core/index/index.go:206.16,208.3 1 0
github.com/Ashes47/braids/internal/core/index/index.go:209.2,214.4 2 8
github.com/Ashes47/braids/internal/core/index/index.go:214.4,215.54 1 40
github.com/Ashes47/braids/internal/core/index/index.go:215.54,217.4 1 0
github.com/Ashes47/braids/internal/core/index/index.go:220.2,221.29 2 8
github.com/Ashes47/braids/internal/core/index/index.go:221.29,223.17 2 17
github.com/Ashes47/braids/internal/core/index/index.go:223.17,225.4 1 0
github.com/Ashes47/braids/internal/core/index/index.go:226.3,227.23 2 17
github.com/Ashes47/braids/internal/core/index/index.go:229.2,229.36 1 8
github.com/Ashes47/braids/internal/core/index/index.go:229.36,231.3 1 0
github.com/Ashes47/braids/internal/core/index/index.go:232.2,233.19 2 8
github.com/Ashes47/braids/internal/core/index/index.go:242.77,245.16 3 11
github.com/Ashes47/braids/internal/core/index/index.go:245.16,247.3 1 0
github.com/Ashes47/braids/internal/core/index/index.go:248.2,249.16 2 11
github.com/Ashes47/braids/internal/core/index/index.go:249.16,251.3 1 0
github.com/Ashes47/braids/internal/core/index/index.go:252.2,253.26 2 11
github.com/Ashes47/braids/internal/core/index/index.go:253.26,255.3 1 12
github.com/Ashes47/braids/internal/core/index/index.go:257.2,258.16 2 11
github.com/Ashes47/braids/internal/core/index/index.go:258.16,260.3 1 0
github.com/Ashes47/braids/internal/core/index/index.go:261.2,265.29 4 11
github.com/Ashes47/braids/internal/core/index/index.go:265.29,269.107 2 22
github.com/Ashes47/braids/internal/core/index/index.go:269.107,272.12 3 9
github.com/Ashes47/braids/internal/core/index/index.go:274.3,275.17 2 13
github.com/Ashes47/braids/internal/core/index/index.go:275.17,277.4 1 0
github.com/Ashes47/braids/internal/core/index/index.go:278.3,279.23 2 13
github.com/Ashes47/braids/internal/core/index/index.go:281.2,281.25 1 11
github.com/Ashes47/braids/internal/core/index/index.go:281.25,282.16 1 12
github.com/Ashes47/braids/internal/core/index/index.go:282.16,283.50 1 1
github.com/Ashes47/braids/internal/core/index/index.go:283.50,285.5 1 0
github.com/Ashes47/braids/internal/core/index/index.go:288.2,288.36 1 11
github.com/Ashes47/braids/internal/core/index/index.go:288.36,290.3 1 0
github.com/Ashes47/braids/internal/core/index/index.go:291.2,292.19 2 11
github.com/Ashes47/braids/internal/core/index/index.go:297.80,299.9 2 30
github.com/Ashes47/braids/internal/core/index/index.go:299.9,301.3 1 30
github.com/Ashes47/braids/internal/core/index/index.go:302.2,303.16 2 0
github.com/Ashes47/braids/internal/core/index/index.go:303.16,305.3 1 0
github.com/Ashes47/braids/internal/core/index/index.go:306.2,306.17 1 0
github.com/Ashes47/braids/internal/core/index/index.go:309.71,316.4 1 31
github.com/Ashes47/braids/internal/core/index/index.go:316.4,317.62 1 155
github.com/Ashes47/braids/internal/core/index/index.go:317.62,319.4 1 0
github.com/Ashes47/braids/internal/core/index/index.go:321.2,321.12 1 31
github.com/Ashes47/braids/internal/core/index/index.go:325.115,327.53 2 30
github.com/Ashes47/braids/internal/core/index/index.go:327.53,329.3 1 0
github.com/Ashes47/braids/internal/core/index/index.go:330.2,333.16 3 30
github.com/Ashes47/braids/internal/core/index/index.go:333.16,335.3 1 0
github.com/Ashes47/braids/internal/core/index/index.go:336.2,340.16 3 30
github.com/Ashes47/braids/internal/core/index/index.go:340.16,342.3 1 0
github.com/Ashes47/braids/internal/core/index/index.go:343.2,347.16 3 30
github.com/Ashes47/braids/internal/core/index/index.go:347.16,349.3 1 0
github.com/Ashes47/braids/internal/core/index/index.go:350.2,355.60 3 30
github.com/Ashes47/braids/internal/core/index/index.go:355.60,358.29 3 45
github.com/Ashes47/braids/internal/core/index/index.go:358.29,359.49 1 71
github.com/Ashes47/braids/internal/core/index/index.go:359.49,361.5 1 3
github.com/Ashes47/braids/internal/core/index/index.go:363.3,363.34 1 45
github.com/Ashes47/braids/internal/core/index/index.go:363.34,365.82 1 0
github.com/Ashes47/braids/internal/core/index/index.go:365.82,367.5 1 0
github.com/Ashes47/braids/internal/core/index/index.go:369.3,370.83 1 45
github.com/Ashes47/braids/internal/core/index/index.go:370.83,372.4 1 0
github.com/Ashes47/braids/internal/core/index/index.go:373.3,373.29 1 45
github.com/Ashes47/braids/internal/core/index/index.go:373.29,374.39 1 71
github.com/Ashes47/braids/internal/core/index/index.go:374.39,375.13 1 13
github.com/Ashes47/braids/internal/core/index/index.go:377.4,378.70 1 58
github.com/Ashes47/braids/internal/core/index/index.go:378.70,380.5 1 0
github.com/Ashes47/braids/internal/core/index/index.go:381.4,381.11 1 58
github.com/Ashes47/braids/internal/core/index/index.go:383.3,383.13 1 45
github.com/Ashes47/braids/internal/core/index/index.go:385.2,385.16 1 30
github.com/Ashes47/braids/internal/core/index/index.go:385.16,387.3 1 0
github.com/Ashes47/braids/internal/core/index/index.go:388.2,393.79 1 30
github.com/Ashes47/braids/internal/core/index/index.go:393.79,395.3 1 0
github.com/Ashes47/braids/internal/core/index/index.go:396.2,396.70 1 30
github.com/Ashes47/braids/internal/core/index/index.go:396.70,398.3 1 0
github.com/Ashes47/braids/internal/core/index/index.go:399.2,399.25 1 30
github.com/Ashes47/braids/internal/core/index/index.go:404.121,406.9 2 30
github.com/Ashes47/braids/internal/core/index/index.go:406.9,408.3 1 0
github.com/Ashes47/braids/internal/core/index/index.go:409.2,410.9 2 30
github.com/Ashes47/braids/internal/core/index/index.go:410.9,412.3 1 0
github.com/Ashes47/braids/internal/core/index/index.go:413.2,413.27 1 30
github.com/Ashes47/braids/internal/core/index/index.go:413.27,418.40 1 3
github.com/Ashes47/braids/internal/core/index/index.go:418.40,420.4 1 0
github.com/Ashes47/braids/internal/core/index/index.go:422.2,422.12 1 30
github.com/Ashes47/braids/internal/core/index/index.go:427.107,429.16 2 30
github.com/Ashes47/braids/internal/core/index/index.go:429.16,431.3 1 0
github.com/Ashes47/braids/internal/core/index/index.go:432.2,432.21 1 30
github.com/Ashes47/braids/internal/core/index/index.go:442.95,446.16 2 0
github.com/Ashes47/braids/internal/core/index/index.go:446.16,448.3 1 0
github.com/Ashes47/braids/internal/core/index/index.go:449.2,452.18 3 0
github.com/Ashes47/braids/internal/core/index/index.go:452.18,455.101 3 0
github.com/Ashes47/braids/internal/core/index/index.go:455.101,457.4 1 0
github.com/Ashes47/braids/internal/core/index/index.go:458.3,459.23 2 0
github.com/Ashes47/braids/internal/core/index/index.go:461.2,461.35 1 0
github.com/Ashes47/braids/internal/core/index/index.go:461.35,463.3 1 0
github.com/Ashes47/braids/internal/core/index/index.go:464.2,464.17 1 0
github.com/Ashes47/braids/internal/core/index/index.go:476.93,478.61 2 0
github.com/Ashes47/braids/internal/core/index/index.go:478.61,489.3 2 0
github.com/Ashes47/braids/internal/core/index/index.go:490.2,490.16 1 0
github.com/Ashes47/braids/internal/core/index/index.go:490.16,492.3 1 0
github.com/Ashes47/braids/internal/core/index/index.go:493.2,493.18 1 0
github.com/Ashes47/braids/internal/core/index/index.go:497.91,501.16 2 3
github.com/Ashes47/braids/internal/core/index/index.go:501.16,503.3 1 0
github.com/Ashes47/braids/internal/core/index/index.go:504.2,507.18 3 3
github.com/Ashes47/braids/internal/core/index/index.go:507.18,510.52 2 2
github.com/Ashes47/braids/internal/core/index/index.go:510.52,512.4 1 0
github.com/Ashes47/braids/internal/core/index/index.go:513.3,513.23 1 2
github.com/Ashes47/braids/internal/core/index/index.go:515.2,515.35 1 3
github.com/Ashes47/braids/internal/core/index/index.go:515.35,517.3 1 0
github.com/Ashes47/braids/internal/core/index/index.go:518.2,518.17 1 3
github.com/Ashes47/braids/internal/core/index/index.go:522.70,523.37 1 8
github.com/Ashes47/braids/internal/core/index/index.go:523.37,525.3 1 1
github.com/Ashes47/braids/internal/core/index/index.go:526.2,527.16 2 7
github.com/Ashes47/braids/internal/core/index/index.go:527.16,529.3 1 7
github.com/Ashes47/braids/internal/core/index/index.go:531.2,535.18 2 7
github.com/Ashes47/braids/internal/core/index/index.go:535.18,538.3 2 2
github.com/Ashes47/braids/internal/core/index/index.go:539.2,539.22 1 7
github.com/Ashes47/braids/internal/core/index/index.go:539.22,541.29 2 1
github.com/Ashes47/braids/internal/core/index/index.go:541.29,544.4 2 1
github.com/Ashes47/braids/internal/core/index/index.go:545.3,545.72 1 1
github.com/Ashes47/braids/internal/core/index/index.go:547.2,560.16 4 7
github.com/Ashes47/braids/internal/core/index/index.go:560.16,562.3 1 0
github.com/Ashes47/braids/internal/core/index/index.go:563.2,566.18 3 7
github.com/Ashes47/braids/internal/core/index/index.go:566.18,571.56 4 9
github.com/Ashes47/braids/internal/core/index/index.go:571.56,573.4 1 0
github.com/Ashes47/braids/internal/core/index/index.go:574.3,577.25 4 9
github.com/Ashes47/braids/internal/core/index/index.go:579.2,579.35 1 7
github.com/Ashes47/braids/internal/core/index/index.go:579.35,581.3 1 0
github.com/Ashes47/braids/internal/core/index/index.go:582.2,582.18 1 7
github.com/Ashes47/braids/internal/core/index/index.go:598.89,602.16 2 0
github.com/Ashes47/braids/internal/core/index/index.go:602.16,604.3 1 0
github.com/Ashes47/braids/internal/core/index/index.go:605.2,608.18 3 0
github.com/Ashes47/braids/internal/core/index/index.go:608.18,612.97 4 0
github.com/Ashes47/braids/internal/core/index/index.go:612.97,614.4 1 0
github.com/Ashes47/braids/internal/core/index/index.go:615.3,617.23 3 0
github.com/Ashes47/braids/internal/core/index/index.go:619.2,619.35 1 0
github.com/Ashes47/braids/internal/core/index/index.go:619.35,621.3 1 0
github.com/Ashes47/braids/internal/core/index/index.go:622.2,622.17 1 0
github.com/Ashes47/braids/internal/core/index/index.go:631.40,633.35 2 45
github.com/Ashes47/braids/internal/core/index/index.go:633.35,635.3 1 0
github.com/Ashes47/braids/internal/core/index/index.go:636.2,637.28 2 45
github.com/Ashes47/braids/internal/core/index/index.go:637.28,639.3 1 0
github.com/Ashes47/braids/internal/core/index/index.go:640.2,640.13 1 45
github.com/Ashes47/braids/internal/core/index/index.go:644.38,647.28 3 45
github.com/Ashes47/braids/internal/core/index/index.go:647.28,648.66 1 71
github.com/Ashes47/braids/internal/core/index/index.go:648.66,649.12 1 58
github.com/Ashes47/braids/internal/core/index/index.go:651.3,652.32 2 13
github.com/Ashes47/braids/internal/core/index/index.go:654.2,654.33 1 45
github.com/Ashes47/braids/internal/core/index/index.go:659.67,666.16 2 1
github.com/Ashes47/braids/internal/core/index/index.go:666.16,668.3 1 0
github.com/Ashes47/braids/internal/core/index/index.go:669.2,672.18 3 1
github.com/Ashes47/braids/internal/core/index/index.go:672.18,674.68 2 2
github.com/Ashes47/braids/internal/core/index/index.go:674.68,676.4 1 0
github.com/Ashes47/braids/internal/core/index/index.go:677.3,677.23 1 2
github.com/Ashes47/braids/internal/core/index/index.go:679.2,679.35 1 1
github.com/Ashes47/braids/internal/core/index/index.go:679.35,681.3 1 0
github.com/Ashes47/braids/internal/core/index/index.go:682.2,682.17 1 1
github.com/Ashes47/braids/internal/core/index/index.go:688.81,691.16 2 0
github.com/Ashes47/braids/internal/core/index/index.go:691.16,693.3 1 0
github.com/Ashes47/braids/internal/core/index/index.go:694.2,697.18 3 0
github.com/Ashes47/braids/internal/core/index/index.go:697.18,700.47 3 0
github.com/Ashes47/braids/internal/core/index/index.go:700.47,702.4 1 0
github.com/Ashes47/braids/internal/core/index/index.go:703.3,703.50 1 0
github.com/Ashes47/braids/internal/core/index/index.go:705.2,705.35 1 0
github.com/Ashes47/braids/internal/core/index/index.go:705.35,707.3 1 0
github.com/Ashes47/braids/internal/core/index/index.go:708.2,708.17 1 0
github.com/Ashes47/braids/internal/core/index/index.go:712.65,715.16 2 14
github.com/Ashes47/braids/internal/core/index/index.go:715.16,717.3 1 0
github.com/Ashes47/braids/internal/core/index/index.go:718.2,721.18 3 14
github.com/Ashes47/braids/internal/core/index/index.go:721.18,727.90 5 17
github.com/Ashes47/braids/internal/core/index/index.go:727.90,729.4 1 0
github.com/Ashes47/braids/internal/core/index/index.go:730.3,730.18 1 17
github.com/Ashes47/braids/internal/core/index/index.go:730.18,732.4 1 0
github.com/Ashes47/braids/internal/core/index/index.go:733.3,735.27 3 17
github.com/Ashes47/braids/internal/core/index/index.go:737.2,737.35 1 14
github.com/Ashes47/braids/internal/core/index/index.go:737.35,739.3 1 0
github.com/Ashes47/braids/internal/core/index/index.go:740.2,740.19 1 14
github.com/Ashes47/braids/internal/core/index/index.go:745.49,747.28 2 45
github.com/Ashes47/braids/internal/core/index/index.go:747.28,748.34 1 71
github.com/Ashes47/braids/internal/core/index/index.go:748.34,750.4 1 13
github.com/Ashes47/braids/internal/core/index/index.go:752.2,752.64 1 45
github.com/Ashes47/braids/internal/core/index/index.go:755.28,756.7 1 30
github.com/Ashes47/braids/internal/core/index/index.go:756.7,758.3 1 13
github.com/Ashes47/braids/internal/core/index/index.go:759.2,759.10 1 17
github.com/Ashes47/braids/internal/core/index/index.go:763.36,764.16 1 30
github.com/Ashes47/braids/internal/core/index/index.go:764.16,766.3 1 30
github.com/Ashes47/braids/internal/core/index/index.go:767.2,767.17 1 0
github.com/Ashes47/braids/internal/core/index/index.go:772.30,773.36 1 14
github.com/Ashes47/braids/internal/core/index/index.go:773.36,775.3 1 3
github.com/Ashes47/braids/internal/core/index/index.go:776.2,776.38 1 11
github.com/Ashes47/braids/internal/core/index/index.go:776.38,777.12 1 14
github.com/Ashes47/braids/internal/core/index/index.go:778.27,779.15 1 1
github.com/Ashes47/braids/internal/core/index/index.go:781.3,781.36 1 13
github.com/Ashes47/braids/internal/core/index/index.go:781.36,783.4 1 0
github.com/Ashes47/braids/internal/core/index/index.go:785.2,785.14 1 10
github.com/Ashes47/braids/internal/core/index/index.go:791.34,793.17 2 14
github.com/Ashes47/braids/internal/core/index/index.go:793.17,795.3 1 4
github.com/Ashes47/braids/internal/core/index/index.go:796.2,798.27 3 10
github.com/Ashes47/braids/internal/core/index/index.go:798.27,800.3 1 12
github.com/Ashes47/braids/internal/core/index/index.go:801.2,801.34 1 10
github.com/Ashes47/braids/internal/core/store/claudecode/birthtime_darwin.go:13.44,15.9 2 27
github.com/Ashes47/braids/internal/core/store/claudecode/birthtime_darwin.go:15.9,17.3 1 0
github.com/Ashes47/braids/internal/core/store/claudecode/birthtime_darwin.go:18.2,18.63 1 27
github.com/Ashes47/braids/internal/core/store/claudecode/branch.go:29.91,30.25 1 6
github.com/Ashes47/braids/internal/core/store/claudecode/branch.go:30.25,32.3 1 1
github.com/Ashes47/braids/internal/core/store/claudecode/branch.go:33.2,34.16 2 5
github.com/Ashes47/braids/internal/core/store/claudecode/branch.go:34.16,36.3 1 0
github.com/Ashes47/braids/internal/core/store/claudecode/branch.go:37.2,38.16 2 5
github.com/Ashes47/braids/internal/core/store/claudecode/branch.go:38.16,40.3 1 1
github.com/Ashes47/braids/internal/core/store/claudecode/branch.go:42.2,43.16 2 4
github.com/Ashes47/braids/internal/core/store/claudecode/branch.go:43.16,45.3 1 0
github.com/Ashes47/braids/internal/core/store/claudecode/branch.go:46.2,47.72 2 4
github.com/Ashes47/braids/internal/core/store/claudecode/branch.go:47.72,49.3 1 0
github.com/Ashes47/braids/internal/core/store/claudecode/branch.go:51.2,52.16 2 4
github.com/Ashes47/braids/internal/core/store/claudecode/branch.go:52.16,54.3 1 0
github.com/Ashes47/braids/internal/core/store/claudecode/branch.go:55.2,64.8 1 4
github.com/Ashes47/braids/internal/core/store/claudecode/branch.go:74.45,76.16 2 6
github.com/Ashes47/braids/internal/core/store/claudecode/branch.go:76.16,78.3 1 0
github.com/Ashes47/braids/internal/core/store/claudecode/branch.go:79.2,83.16 4 6
github.com/Ashes47/braids/internal/core/store/claudecode/branch.go:83.16,86.49 3 32
github.com/Ashes47/braids/internal/core/store/claudecode/branch.go:86.49,88.12 2 0
github.com/Ashes47/braids/internal/core/store/claudecode/branch.go:90.3,90.72 1 32
github.com/Ashes47/braids/internal/core/store/claudecode/branch.go:92.2,92.33 1 6
github.com/Ashes47/braids/internal/core/store/claudecode/branch.go:92.33,94.3 1 0
github.com/Ashes47/braids/internal/core/store/claudecode/branch.go:95.2,95.17 1 6
github.com/Ashes47/braids/internal/core/store/claudecode/branch.go:101.69,104.26 3 5
github.com/Ashes47/braids/internal/core/store/claudecode/branch.go:104.26,105.19 1 30
github.com/Ashes47/braids/internal/core/store/claudecode/branch.go:105.19,106.12 1 5
github.com/Ashes47/braids/internal/core/store/claudecode/branch.go:108.3,109.23 2 25
github.com/Ashes47/braids/internal/core/store/claudecode/branch.go:109.23,111.4 1 4
github.com/Ashes47/braids/internal/core/store/claudecode/branch.go:113.2,113.12 1 5
github.com/Ashes47/braids/internal/core/store/claudecode/branch.go:113.12,115.3 1 1
github.com/Ashes47/braids/internal/core/store/claudecode/branch.go:117.2,118.65 2 4
github.com/Ashes47/braids/internal/core/store/claudecode/branch.go:118.65,120.3 1 11
github.com/Ashes47/braids/internal/core/store/claudecode/branch.go:121.2,121.18 1 4
github.com/Ashes47/braids/internal/core/store/claudecode/branch.go:124.126,126.16 2 4
github.com/Ashes47/braids/internal/core/store/claudecode/branch.go:126.16,128.3 1 0
github.com/Ashes47/braids/internal/core/store/claudecode/branch.go:129.2,132.29 3 4
github.com/Ashes47/braids/internal/core/store/claudecode/branch.go:132.29,134.17 2 6
github.com/Ashes47/braids/internal/core/store/claudecode/branch.go:134.17,136.4 1 0
github.com/Ashes47/braids/internal/core/store/claudecode/branch.go:137.3,138.13 2 6
github.com/Ashes47/braids/internal/core/store/claudecode/branch.go:141.2,141.21 1 4
github.com/Ashes47/braids/internal/core/store/claudecode/branch.go:141.21,142.21 1 4
github.com/Ashes47/braids/internal/core/store/claudecode/branch.go:142.21,145.19 1 2
github.com/Ashes47/braids/internal/core/store/claudecode/branch.go:145.19,147.5 1 0
github.com/Ashes47/braids/internal/core/store/claudecode/branch.go:149.3,149.27 1 4
github.com/Ashes47/braids/internal/core/store/claudecode/branch.go:149.27,150.36 1 24
github.com/Ashes47/braids/internal/core/store/claudecode/branch.go:150.36,152.5 1 0
github.com/Ashes47/braids/internal/core/store/claudecode/branch.go:153.4,153.37 1 24
github.com/Ashes47/braids/internal/core/store/claudecode/branch.go:153.37,154.13 1 13
github.com/Ashes47/braids/internal/core/store/claudecode/branch.go:156.4,157.18 2 11
github.com/Ashes47/braids/internal/core/store/claudecode/branch.go:157.18,159.5 1 0
github.com/Ashes47/braids/internal/core/store/claudecode/branch.go:160.4,160.64 1 11
github.com/Ashes47/braids/internal/core/store/claudecode/branch.go:160.64,162.5 1 0
github.com/Ashes47/braids/internal/core/store/claudecode/branch.go:165.3,167.5 1 4
github.com/Ashes47/braids/internal/core/store/claudecode/branch.go:169.2,169.16 1 4
github.com/Ashes47/braids/internal/core/store/claudecode/branch.go:169.16,171.3 1 0
github.com/Ashes47/braids/internal/core/store/claudecode/branch.go:172.2,172.36 1 4
github.com/Ashes47/braids/internal/core/store/claudecode/branch.go:172.36,174.3 1 0
github.com/Ashes47/braids/internal/core/store/claudecode/branch.go:175.2,175.49 1 4
github.com/Ashes47/braids/internal/core/store/claudecode/branch.go:175.49,177.3 1 0
github.com/Ashes47/braids/internal/core/store/claudecode/branch.go:178.2,178.12 1 4
github.com/Ashes47/braids/internal/core/store/claudecode/branch.go:182.57,184.9 2 11
github.com/Ashes47/braids/internal/core/store/claudecode/branch.go:184.9,187.3 1 0
github.com/Ashes47/braids/internal/core/store/claudecode/branch.go:188.2,189.16 2 11
github.com/Ashes47/braids/internal/core/store/claudecode/branch.go:189.16,191.3 1 0
github.com/Ashes47/braids/internal/core/store/claudecode/branch.go:192.2,192.58 1 11
github.com/Ashes47/braids/internal/core/store/claudecode/branch.go:192.58,193.31 1 22
github.com/Ashes47/braids/internal/core/store/claudecode/branch.go:193.31,195.4 1 11
github.com/Ashes47/braids/internal/core/store/claudecode/branch.go:197.2,198.16 2 11
github.com/Ashes47/braids/internal/core/store/claudecode/branch.go:198.16,200.3 1 0
github.com/Ashes47/braids/internal/core/store/claudecode/branch.go:201.2,201.17 1 11
github.com/Ashes47/braids/internal/core/store/claudecode/branch.go:206.66,208.53 2 13
github.com/Ashes47/braids/internal/core/store/claudecode/branch.go:208.53,210.3 1 0
github.com/Ashes47/braids/internal/core/store/claudecode/branch.go:211.2,211.21 1 13
github.com/Ashes47/braids/internal/core/store/claudecode/branch.go:215.37,217.43 2 5
github.com/Ashes47/braids/internal/core/store/claudecode/branch.go:217.43,219.3 1 0
github.com/Ashes47/braids/internal/core/store/claudecode/branch.go:220.2,223.85 4 5
github.com/Ashes47/braids/internal/core/store/claudecode/branch.go:226.30,227.18 1 1
github.com/Ashes47/braids/internal/core/store/claudecode/branch.go:227.18,229.3 1 1
github.com/Ashes47/braids/internal/core/store/claudecode/branch.go:230.2,230.15 1 0
github.com/Ashes47/braids/internal/core/store/claudecode/branch.go:247.89,248.22 1 2
github.com/Ashes47/braids/internal/core/store/claudecode/branch.go:248.22,250.3 1 1
github.com/Ashes47/braids/internal/core/store/claudecode/branch.go:251.2,252.16 2 1
github.com/Ashes47/braids/internal/core/store/claudecode/branch.go:252.16,254.3 1 0
github.com/Ashes47/braids/internal/core/store/claudecode/branch.go:255.2,256.16 2 1
github.com/Ashes47/braids/internal/core/store/claudecode/branch.go:256.16,258.3 1 0
github.com/Ashes47/braids/internal/core/store/claudecode/branch.go:262.2,266.70 4 1
github.com/Ashes47/braids/internal/core/store/claudecode/branch.go:266.70,268.3 1 0
github.com/Ashes47/braids/internal/core/store/claudecode/branch.go:269.2,270.16 2 1
github.com/Ashes47/braids/internal/core/store/claudecode/branch.go:270.16,272.3 1 0
github.com/Ashes47/braids/internal/core/store/claudecode/branch.go:273.2,281.8 1 1
github.com/Ashes47/braids/internal/core/store/claudecode/branch.go:284.49,285.9 1 1
github.com/Ashes47/braids/internal/core/store/claudecode/branch.go:286.44,287.40 1 1
github.com/Ashes47/braids/internal/core/store/claudecode/branch.go:288.24,289.20 1 0
github.com/Ashes47/braids/internal/core/store/claudecode/branch.go:290.24,291.20 1 0
github.com/Ashes47/braids/internal/core/store/claudecode/branch.go:292.10,293.26 1 0
github.com/Ashes47/braids/internal/core/store/claudecode/branch.go:297.88,299.16 2 1
github.com/Ashes47/braids/internal/core/store/claudecode/branch.go:299.16,301.3 1 0
github.com/Ashes47/braids/internal/core/store/claudecode/branch.go:302.2,305.21 3 1
github.com/Ashes47/braids/internal/core/store/claudecode/branch.go:305.21,309.17 2 1
github.com/Ashes47/braids/internal/core/store/claudecode/branch.go:309.17,311.4 1 0
github.com/Ashes47/braids/internal/core/store/claudecode/branch.go:312.3,312.60 1 1
github.com/Ashes47/braids/internal/core/store/claudecode/branch.go:312.60,314.4 1 0
github.com/Ashes47/braids/internal/core/store/claudecode/branch.go:315.3,316.27 2 1
github.com/Ashes47/braids/internal/core/store/claudecode/branch.go:316.27,317.36 1 2
github.com/Ashes47/braids/internal/core/store/claudecode/branch.go:317.36,319.5 1 0
github.com/Ashes47/braids/internal/core/store/claudecode/branch.go:320.4,321.18 2 2
github.com/Ashes47/braids/internal/core/store/claudecode/branch.go:321.18,323.5 1 0
github.com/Ashes47/braids/internal/core/store/claudecode/branch.go:324.4,324.64 1 2
github.com/Ashes47/braids/internal/core/store/claudecode/branch.go:324.64,326.5 1 0
github.com/Ashes47/braids/internal/core/store/claudecode/branch.go:327.4,327.20 1 2
github.com/Ashes47/braids/internal/core/store/claudecode/branch.go:327.20,329.5 1 2
github.com/Ashes47/braids/internal/core/store/claudecode/branch.go:331.3,331.17 1 1
github.com/Ashes47/braids/internal/core/store/claudecode/branch.go:331.17,333.4 1 0
github.com/Ashes47/braids/internal/core/store/claudecode/branch.go:334.3,337.17 2 1
github.com/Ashes47/braids/internal/core/store/claudecode/branch.go:337.17,339.4 1 0
github.com/Ashes47/braids/internal/core/store/claudecode/branch.go:340.3,341.13 2 1
github.com/Ashes47/braids/internal/core/store/claudecode/branch.go:343.2,343.16 1 1
github.com/Ashes47/braids/internal/core/store/claudecode/branch.go:343.16,345.3 1 0
github.com/Ashes47/braids/internal/core/store/claudecode/branch.go:346.2,346.36 1 1
github.com/Ashes47/braids/internal/core/store/claudecode/branch.go:346.36,348.3 1 0
github.com/Ashes47/braids/internal/core/store/claudecode/branch.go:349.2,349.49 1 1
github.com/Ashes47/braids/internal/core/store/claudecode/branch.go:349.49,351.3 1 0
github.com/Ashes47/braids/internal/core/store/claudecode/branch.go:352.2,352.12 1 1
github.com/Ashes47/braids/internal/core/store/claudecode/branch.go:356.60,358.9 2 2
github.com/Ashes47/braids/internal/core/store/claudecode/branch.go:358.9,360.3 1 0
github.com/Ashes47/braids/internal/core/store/claudecode/branch.go:361.2,364.16 4 2
github.com/Ashes47/braids/internal/core/store/claudecode/branch.go:364.16,366.3 1 0
github.com/Ashes47/braids/internal/core/store/claudecode/branch.go:367.2,367.58 1 2
github.com/Ashes47/braids/internal/core/store/claudecode/branch.go:367.58,368.41 1 4
github.com/Ashes47/braids/internal/core/store/claudecode/branch.go:368.41,370.4 1 2
github.com/Ashes47/braids/internal/core/store/claudecode/branch.go:372.2,373.16 2 2
github.com/Ashes47/braids/internal/core/store/claudecode/branch.go:373.16,375.3 1 0
github.com/Ashes47/braids/internal/core/store/claudecode/branch.go:376.2,376.17 1 2
github.com/Ashes47/braids/internal/core/store/claudecode/claudecode.go:33.31,33.61 1 15
github.com/Ashes47/braids/internal/core/store/claudecode/claudecode.go:36.36,38.16 2 0
github.com/Ashes47/braids/internal/core/store/claudecode/claudecode.go:38.16,40.3 1 0
github.com/Ashes47/braids/internal/core/store/claudecode/claudecode.go:41.2,41.56 1 0
github.com/Ashes47/braids/internal/core/store/claudecode/claudecode.go:45.32,45.55 1 27
github.com/Ashes47/braids/internal/core/store/claudecode/claudecode.go:48.52,56.2 1 0
github.com/Ashes47/braids/internal/core/store/claudecode/claudecode.go:65.67,67.16 2 18
github.com/Ashes47/braids/internal/core/store/claudecode/claudecode.go:67.16,69.3 1 0
github.com/Ashes47/braids/internal/core/store/claudecode/claudecode.go:70.2,71.35 2 18
github.com/Ashes47/braids/internal/core/store/claudecode/claudecode.go:71.35,72.23 1 18
github.com/Ashes47/braids/internal/core/store/claudecode/claudecode.go:72.23,73.12 1 0
github.com/Ashes47/braids/internal/core/store/claudecode/claudecode.go:75.3,77.17 3 18
github.com/Ashes47/braids/internal/core/store/claudecode/claudecode.go:77.17,79.4 1 0
github.com/Ashes47/braids/internal/core/store/claudecode/claudecode.go:80.3,80.29 1 18
github.com/Ashes47/braids/internal/core/store/claudecode/claudecode.go:80.29,81.36 1 27
github.com/Ashes47/braids/internal/core/store/claudecode/claudecode.go:81.36,83.5 1 0
github.com/Ashes47/braids/internal/core/store/claudecode/claudecode.go:84.4,84.59 1 27
github.com/Ashes47/braids/internal/core/store/claudecode/claudecode.go:84.59,85.13 1 5
github.com/Ashes47/braids/internal/core/store/claudecode/claudecode.go:87.4,88.18 2 22
github.com/Ashes47/braids/internal/core/store/claudecode/claudecode.go:88.18,90.5 1 0
github.com/Ashes47/braids/internal/core/store/claudecode/claudecode.go:91.4,101.31 3 22
github.com/Ashes47/braids/internal/core/store/claudecode/claudecode.go:104.2,104.19 1 18
github.com/Ashes47/braids/internal/core/store/claudecode/claudecode.go:110.81,112.16 2 3
github.com/Ashes47/braids/internal/core/store/claudecode/claudecode.go:112.16,114.3 1 0
github.com/Ashes47/braids/internal/core/store/claudecode/claudecode.go:115.2,116.18 2 3
github.com/Ashes47/braids/internal/core/store/claudecode/claudecode.go:121.90,123.16 2 8
github.com/Ashes47/braids/internal/core/store/claudecode/claudecode.go:123.16,125.3 1 0
github.com/Ashes47/braids/internal/core/store/claudecode/claudecode.go:126.2,140.16 5 8
github.com/Ashes47/braids/internal/core/store/claudecode/claudecode.go:140.16,141.35 1 30
github.com/Ashes47/braids/internal/core/store/claudecode/claudecode.go:141.35,143.4 1 0
github.com/Ashes47/braids/internal/core/store/claudecode/claudecode.go:144.3,145.56 2 30
github.com/Ashes47/braids/internal/core/store/claudecode/claudecode.go:145.56,146.12 1 1
github.com/Ashes47/braids/internal/core/store/claudecode/claudecode.go:148.3,148.36 1 29
github.com/Ashes47/braids/internal/core/store/claudecode/claudecode.go:148.36,150.4 1 0
github.com/Ashes47/braids/internal/core/store/claudecode/claudecode.go:151.3,151.19 1 29
github.com/Ashes47/braids/internal/core/store/claudecode/claudecode.go:151.19,152.12 1 6
github.com/Ashes47/braids/internal/core/store/claudecode/claudecode.go:154.3,156.10 3 23
github.com/Ashes47/braids/internal/core/store/claudecode/claudecode.go:156.10,158.12 2 7
github.com/Ashes47/braids/internal/core/store/claudecode/claudecode.go:160.3,163.36 4 16
github.com/Ashes47/braids/internal/core/store/claudecode/claudecode.go:163.36,165.4 1 1
github.com/Ashes47/braids/internal/core/store/claudecode/claudecode.go:167.2,167.33 1 7
github.com/Ashes47/braids/internal/core/store/claudecode/claudecode.go:167.33,169.3 1 0
github.com/Ashes47/braids/internal/core/store/claudecode/claudecode.go:170.2,170.12 1 7
github.com/Ashes47/braids/internal/core/store/claudecode/claudecode.go:173.44,177.2 3 20
github.com/Ashes47/braids/internal/core/store/claudecode/claudecode.go:181.38,183.21 2 22
github.com/Ashes47/braids/internal/core/store/claudecode/claudecode.go:183.21,185.3 1 0
github.com/Ashes47/braids/internal/core/store/claudecode/claudecode.go:186.2,186.28 1 22
github.com/Ashes47/braids/internal/core/store/claudecode/claudecode.go:194.59,196.16 2 3
github.com/Ashes47/braids/internal/core/store/claudecode/claudecode.go:196.16,198.3 1 0
github.com/Ashes47/braids/internal/core/store/claudecode/claudecode.go:199.2,203.16 4 3
github.com/Ashes47/braids/internal/core/store/claudecode/claudecode.go:203.16,205.57 2 9
github.com/Ashes47/braids/internal/core/store/claudecode/claudecode.go:205.57,209.39 2 1
github.com/Ashes47/braids/internal/core/store/claudecode/claudecode.go:209.39,211.5 1 1
github.com/Ashes47/braids/internal/core/store/claudecode/claudecode.go:213.3,213.26 1 9
github.com/Ashes47/braids/internal/core/store/claudecode/claudecode.go:213.26,214.12 1 5
github.com/Ashes47/braids/internal/core/store/claudecode/claudecode.go:216.3,217.50 2 4
github.com/Ashes47/braids/internal/core/store/claudecode/claudecode.go:217.50,218.12 1 0
github.com/Ashes47/braids/internal/core/store/claudecode/claudecode.go:220.3,220.10 1 4
github.com/Ashes47/braids/internal/core/store/claudecode/claudecode.go:221.28,222.26 1 2
github.com/Ashes47/braids/internal/core/store/claudecode/claudecode.go:223.24,224.18 1 1
github.com/Ashes47/braids/internal/core/store/claudecode/claudecode.go:225.26,226.23 1 1
github.com/Ashes47/braids/internal/core/store/claudecode/claudecode.go:229.2,229.33 1 3
github.com/Ashes47/braids/internal/core/store/claudecode/claudecode.go:229.33,231.3 1 0
github.com/Ashes47/braids/internal/core/store/claudecode/claudecode.go:232.2,232.51 1 3
github.com/Ashes47/braids/internal/core/store/claudecode/claudecode.go:235.37,236.31 1 9
github.com/Ashes47/braids/internal/core/store/claudecode/claudecode.go:236.31,237.30 1 15
github.com/Ashes47/braids/internal/core/store/claudecode/claudecode.go:237.30,239.4 1 4
github.com/Ashes47/braids/internal/core/store/claudecode/claudecode.go:241.2,241.14 1 5
github.com/Ashes47/braids/internal/core/store/claudecode/claudecode.go:244.43,245.25 1 3
github.com/Ashes47/braids/internal/core/store/claudecode/claudecode.go:245.25,246.14 1 5
github.com/Ashes47/braids/internal/core/store/claudecode/claudecode.go:246.14,248.4 1 3
github.com/Ashes47/braids/internal/core/store/claudecode/claudecode.go:250.2,250.11 1 0
github.com/Ashes47/braids/internal/core/store/claudecode/claudecode.go:297.64,298.50 1 29
github.com/Ashes47/braids/internal/core/store/claudecode/claudecode.go:298.50,300.3 1 7
github.com/Ashes47/braids/internal/core/store/claudecode/claudecode.go:301.2,302.16 2 22
github.com/Ashes47/braids/internal/core/store/claudecode/claudecode.go:303.14,304.24 1 14
github.com/Ashes47/braids/internal/core/store/claudecode/claudecode.go:305.19,306.29 1 8
github.com/Ashes47/braids/internal/core/store/claudecode/claudecode.go:307.10,308.32 1 0
github.com/Ashes47/braids/internal/core/store/claudecode/claudecode.go:310.2,311.21 2 22
github.com/Ashes47/braids/internal/core/store/claudecode/claudecode.go:311.21,313.3 1 0
github.com/Ashes47/braids/internal/core/store/claudecode/claudecode.go:314.2,321.9 2 22
github.com/Ashes47/braids/internal/core/store/claudecode/claudecode.go:326.48,327.65 1 29
github.com/Ashes47/braids/internal/core/store/claudecode/claudecode.go:327.65,329.3 1 29
github.com/Ashes47/braids/internal/core/store/claudecode/claudecode.go:330.2,337.3 2 0
github.com/Ashes47/braids/internal/core/store/claudecode/claudecode.go:344.35,345.25 1 55
github.com/Ashes47/braids/internal/core/store/claudecode/claudecode.go:345.25,347.3 1 33
github.com/Ashes47/braids/internal/core/store/claudecode/claudecode.go:348.2,348.32 1 22
github.com/Ashes47/braids/internal/core/store/claudecode/claudecode.go:348.32,350.3 1 2
github.com/Ashes47/braids/internal/core/store/claudecode/claudecode.go:351.2,351.11 1 20
github.com/Ashes47/braids/internal/core/store/claudecode/claudecode.go:356.51,357.19 1 22
github.com/Ashes47/braids/internal/core/store/claudecode/claudecode.go:357.19,359.3 1 0
github.com/Ashes47/braids/internal/core/store/claudecode/claudecode.go:360.2,361.51 2 22
github.com/Ashes47/braids/internal/core/store/claudecode/claudecode.go:361.51,362.36 1 12
github.com/Ashes47/braids/internal/core/store/claudecode/claudecode.go:362.36,364.4 1 0
github.com/Ashes47/braids/internal/core/store/claudecode/claudecode.go:365.3,365.58 1 12
github.com/Ashes47/braids/internal/core/store/claudecode/claudecode.go:367.2,368.53 2 10
github.com/Ashes47/braids/internal/core/store/claudecode/claudecode.go:368.53,370.3 1 0
github.com/Ashes47/braids/internal/core/store/claudecode/claudecode.go:371.2,372.27 2 10
github.com/Ashes47/braids/internal/core/store/claudecode/claudecode.go:372.27,373.30 1 12
github.com/Ashes47/braids/internal/core/store/claudecode/claudecode.go:373.30,375.4 1 12
github.com/Ashes47/braids/internal/core/store/claudecode/claudecode.go:377.2,377.14 1 10
github.com/Ashes47/braids/internal/core/store/claudecode/claudecode.go:380.44,381.16 1 12
github.com/Ashes47/braids/internal/core/store/claudecode/claudecode.go:382.14,383.38 1 8
github.com/Ashes47/braids/internal/core/store/claudecode/claudecode.go:383.38,385.4 1 0
github.com/Ashes47/braids/internal/core/store/claudecode/claudecode.go:386.3,386.62 1 8
github.com/Ashes47/braids/internal/core/store/claudecode/claudecode.go:387.18,388.42 1 1
github.com/Ashes47/braids/internal/core/store/claudecode/claudecode.go:388.42,390.4 1 0
github.com/Ashes47/braids/internal/core/store/claudecode/claudecode.go:391.3,391.70 1 1
github.com/Ashes47/braids/internal/core/store/claudecode/claudecode.go:392.18,393.98 1 1
github.com/Ashes47/braids/internal/core/store/claudecode/claudecode.go:394.21,396.17 2 2
github.com/Ashes47/braids/internal/core/store/claudecode/claudecode.go:396.17,398.4 1 0
github.com/Ashes47/braids/internal/core/store/claudecode/claudecode.go:399.3,399.83 1 2
github.com/Ashes47/braids/internal/core/store/claudecode/claudecode.go:400.10,401.29 1 0
github.com/Ashes47/braids/internal/core/store/claudecode/claudecode.go:406.42,407.19 1 2
github.com/Ashes47/braids/internal/core/store/claudecode/claudecode.go:407.19,409.3 1 0
github.com/Ashes47/braids/internal/core/store/claudecode/claudecode.go:410.2,411.51 2 2
github.com/Ashes47/braids/internal/core/store/claudecode/claudecode.go:411.51,413.3 1 1
github.com/Ashes47/braids/internal/core/store/claudecode/claudecode.go:414.2,415.53 2 1
github.com/Ashes47/braids/internal/core/store/claudecode/claudecode.go:415.53,417.3 1 0
github.com/Ashes47/braids/internal/core/store/claudecode/claudecode.go:418.2,419.29 2 1
github.com/Ashes47/braids/internal/core/store/claudecode/claudecode.go:419.29,420.21 1 1
github.com/Ashes47/braids/internal/core/store/claudecode/claudecode.go:420.21,421.12 1 0
github.com/Ashes47/braids/internal/core/store/claudecode/claudecode.go:423.3,423.18 1 1
github.com/Ashes47/braids/internal/core/store/claudecode/claudecode.go:423.18,425.4 1 0
github.com/Ashes47/braids/internal/core/store/claudecode/claudecode.go:426.3,426.26 1 1
github.com/Ashes47/braids/internal/core/store/claudecode/claudecode.go:428.2,428.19 1 1
github.com/Ashes47/braids/internal/core/store/claudecode/subagents.go:29.92,32.36 3 4
github.com/Ashes47/braids/internal/core/store/claudecode/subagents.go:32.36,34.3 1 1
github.com/Ashes47/braids/internal/core/store/claudecode/subagents.go:35.2,35.16 1 3
github.com/Ashes47/braids/internal/core/store/claudecode/subagents.go:35.16,37.3 1 0
github.com/Ashes47/braids/internal/core/store/claudecode/subagents.go:39.2,40.28 2 3
github.com/Ashes47/braids/internal/core/store/claudecode/subagents.go:40.28,41.35 1 6
github.com/Ashes47/braids/internal/core/store/claudecode/subagents.go:41.35,43.4 1 0
github.com/Ashes47/braids/internal/core/store/claudecode/subagents.go:44.3,45.54 2 6
github.com/Ashes47/braids/internal/core/store/claudecode/subagents.go:45.54,46.12 1 3
github.com/Ashes47/braids/internal/core/store/claudecode/subagents.go:48.3,52.85 4 3
github.com/Ashes47/braids/internal/core/store/claudecode/subagents.go:52.85,55.4 2 3
github.com/Ashes47/braids/internal/core/store/claudecode/subagents.go:56.3,57.27 2 3
github.com/Ashes47/braids/internal/core/store/claudecode/subagents.go:59.2,59.17 1 3
github.com/Ashes47/braids/internal/core/store/claudecode/subagents.go:62.58,64.16 2 3
github.com/Ashes47/braids/internal/core/store/claudecode/subagents.go:64.16,66.3 1 0
github.com/Ashes47/braids/internal/core/store/claudecode/subagents.go:67.2,68.52 2 3
github.com/Ashes47/braids/internal/core/store/claudecode/subagents.go:68.52,70.3 1 0
github.com/Ashes47/braids/internal/core/store/claudecode/subagents.go:71.2,71.18 1 3
github.com/Ashes47/braids/internal/core/store/claudecode/subagents.go:76.37,78.16 2 3
github.com/Ashes47/braids/internal/core/store/claudecode/subagents.go:78.16,80.3 1 0
github.com/Ashes47/braids/internal/core/store/claudecode/subagents.go:81.2,85.16 4 3
github.com/Ashes47/braids/internal/core/store/claudecode/subagents.go:85.16,87.44 2 6
github.com/Ashes47/braids/internal/core/store/claudecode/subagents.go:87.44,88.12 1 0
github.com/Ashes47/braids/internal/core/store/claudecode/subagents.go:90.3,90.35 1 6
github.com/Ashes47/braids/internal/core/store/claudecode/subagents.go:90.35,92.4 1 6
github.com/Ashes47/braids/internal/core/store/claudecode/subagents.go:94.2,94.10 1 3
github.com/Ashes47/braids/internal/core/model/model.go:76.49,78.28 2 5
github.com/Ashes47/braids/internal/core/model/model.go:78.28,79.53 1 16
github.com/Ashes47/braids/internal/core/model/model.go:79.53,80.12 1 7
github.com/Ashes47/braids/internal/core/model/model.go:82.3,82.19 1 9
github.com/Ashes47/braids/internal/core/model/model.go:82.19,83.12 1 3
github.com/Ashes47/braids/internal/core/model/model.go:85.3,85.18 1 6
github.com/Ashes47/braids/internal/core/model/model.go:85.18,87.4 1 3
github.com/Ashes47/braids/internal/core/model/model.go:88.3,88.24 1 6
github.com/Ashes47/braids/internal/core/model/model.go:90.2,90.19 1 5
github.com/Ashes47/braids/internal/core/model/model.go:93.54,94.29 1 12
github.com/Ashes47/braids/internal/core/model/model.go:94.29,95.16 1 14
github.com/Ashes47/braids/internal/core/model/model.go:95.16,97.4 1 5
github.com/Ashes47/braids/internal/core/model/model.go:99.2,99.14 1 7
github.com/Ashes47/braids/internal/core/graph/graph.go:54.138,56.26 2 32
github.com/Ashes47/braids/internal/core/graph/graph.go:56.26,58.3 1 91
github.com/Ashes47/braids/internal/core/graph/graph.go:60.2,60.95 1 32
github.com/Ashes47/braids/internal/core/graph/graph.go:60.95,64.3 3 57
github.com/Ashes47/braids/internal/core/graph/graph.go:68.2,68.38 1 32
github.com/Ashes47/braids/internal/core/graph/graph.go:68.38,70.10 2 6
github.com/Ashes47/braids/internal/core/graph/graph.go:70.10,71.12 1 2
github.com/Ashes47/braids/internal/core/graph/graph.go:73.3,74.13 2 4
github.com/Ashes47/braids/internal/core/graph/graph.go:74.13,75.12 1 0
github.com/Ashes47/braids/internal/core/graph/graph.go:77.3,78.25 2 4
github.com/Ashes47/braids/internal/core/graph/graph.go:81.2,82.15 2 32
github.com/Ashes47/braids/internal/core/graph/graph.go:99.117,101.26 2 32
github.com/Ashes47/braids/internal/core/graph/graph.go:101.26,105.40 4 84
github.com/Ashes47/braids/internal/core/graph/graph.go:105.40,107.4 1 59
github.com/Ashes47/braids/internal/core/graph/graph.go:109.2,109.13 1 32
github.com/Ashes47/braids/internal/core/graph/graph.go:113.58,114.24 1 27
github.com/Ashes47/braids/internal/core/graph/graph.go:114.24,116.3 1 1
github.com/Ashes47/braids/internal/core/graph/graph.go:117.2,118.51 2 26
github.com/Ashes47/braids/internal/core/graph/graph.go:118.51,120.3 1 26
github.com/Ashes47/braids/internal/core/graph/graph.go:121.2,121.28 1 0
github.com/Ashes47/braids/internal/core/graph/graph.go:132.158,135.36 3 4
github.com/Ashes47/braids/internal/core/graph/graph.go:135.36,136.33 1 6
github.com/Ashes47/braids/internal/core/graph/graph.go:136.33,138.4 1 4
github.com/Ashes47/braids/internal/core/graph/graph.go:139.3,141.10 3 2
github.com/Ashes47/braids/internal/core/graph/graph.go:141.10,143.4 1 0
github.com/Ashes47/braids/internal/core/graph/graph.go:146.3,147.21 2 2
github.com/Ashes47/braids/internal/core/graph/graph.go:149.2,149.21 1 0
github.com/Ashes47/braids/internal/core/graph/graph.go:154.82,156.29 2 32
github.com/Ashes47/braids/internal/core/graph/graph.go:156.29,157.35 1 460
github.com/Ashes47/braids/internal/core/graph/graph.go:157.35,159.4 1 454
github.com/Ashes47/braids/internal/core/graph/graph.go:162.2,163.34 2 32
github.com/Ashes47/braids/internal/core/graph/graph.go:163.34,164.24 1 114
github.com/Ashes47/braids/internal/core/graph/graph.go:164.24,165.40 1 454
github.com/Ashes47/braids/internal/core/graph/graph.go:165.40,167.29 2 899
github.com/Ashes47/braids/internal/core/graph/graph.go:167.29,168.14 1 171
github.com/Ashes47/braids/internal/core/graph/graph.go:170.5,170.28 1 728
github.com/Ashes47/braids/internal/core/graph/graph.go:170.28,172.6 1 618
github.com/Ashes47/braids/internal/core/graph/graph.go:173.5,175.17 3 728
github.com/Ashes47/braids/internal/core/graph/graph.go:175.17,178.6 2 84
github.com/Ashes47/braids/internal/core/graph/graph.go:179.5,181.32 3 728
github.com/Ashes47/braids/internal/core/graph/graph.go:185.2,185.14 1 32
github.com/Ashes47/braids/internal/core/graph/graph.go:190.126,191.41 1 84
github.com/Ashes47/braids/internal/core/graph/graph.go:191.41,191.68 1 0
github.com/Ashes47/braids/internal/core/graph/graph.go:192.2,192.41 1 84
github.com/Ashes47/braids/internal/core/graph/graph.go:192.41,192.68 1 84
github.com/Ashes47/braids/internal/core/graph/graph.go:194.2,197.79 2 84
github.com/Ashes47/braids/internal/core/graph/graph.go:197.79,198.34 1 83
github.com/Ashes47/braids/internal/core/graph/graph.go:198.34,200.4 1 0
github.com/Ashes47/braids/internal/core/graph/graph.go:201.3,201.18 1 83
github.com/Ashes47/braids/internal/core/graph/graph.go:205.2,207.9 3 1
github.com/Ashes47/braids/internal/core/graph/graph.go:208.31,209.18 1 0
github.com/Ashes47/braids/internal/core/graph/graph.go:210.31,211.18 1 1
github.com/Ashes47/braids/internal/core/graph/graph.go:216.2,216.9 1 0
github.com/Ashes47/braids/internal/core/graph/graph.go:217.32,218.30 1 0
github.com/Ashes47/braids/internal/core/graph/graph.go:218.30,220.4 1 0
github.com/Ashes47/braids/internal/core/graph/graph.go:221.3,221.18 1 0
github.com/Ashes47/braids/internal/core/graph/graph.go:222.35,223.18 1 0
github.com/Ashes47/braids/internal/core/graph/graph.go:224.10,225.18 1 0
github.com/Ashes47/braids/internal/core/graph/graph.go:231.57,233.2 1 2
github.com/Ashes47/braids/internal/core/graph/graph.go:237.22,238.27 1 32
github.com/Ashes47/braids/internal/core/graph/graph.go:238.27,239.43 1 91
github.com/Ashes47/braids/internal/core/graph/graph.go:239.43,242.4 2 0
github.com/Ashes47/braids/internal/core/graph/graph.go:244.2,244.27 1 32
github.com/Ashes47/braids/internal/core/graph/graph.go:244.27,245.43 1 91
github.com/Ashes47/braids/internal/core/graph/graph.go:245.43,247.4 1 58
github.com/Ashes47/braids/internal/core/graph/graph.go:247.9,249.4 1 33
github.com/Ashes47/braids/internal/core/graph/graph.go:251.2,252.27 2 32
github.com/Ashes47/braids/internal/core/graph/graph.go:252.27,254.3 1 91
github.com/Ashes47/braids/internal/core/graph/graph.go:255.2,255.28 1 32
github.com/Ashes47/braids/internal/core/graph/graph.go:255.28,257.3 1 33
github.com/Ashes47/braids/internal/core/graph/graph.go:261.42,263.72 2 58
github.com/Ashes47/braids/internal/core/graph/graph.go:263.72,264.24 1 60
github.com/Ashes47/braids/internal/core/graph/graph.go:264.24,266.4 1 0
github.com/Ashes47/braids/internal/core/graph/graph.go:267.3,267.27 1 60
github.com/Ashes47/braids/internal/core/graph/graph.go:269.2,269.14 1 58
github.com/Ashes47/braids/internal/core/graph/graph.go:272.38,274.31 2 91
github.com/Ashes47/braids/internal/core/graph/graph.go:274.31,276.3 1 58
github.com/Ashes47/braids/internal/core/graph/graph.go:281.31,282.46 1 123
github.com/Ashes47/braids/internal/core/graph/graph.go:282.46,283.58 1 26
github.com/Ashes47/braids/internal/core/graph/graph.go:283.58,285.4 1 26
github.com/Ashes47/braids/internal/core/graph/graph.go:286.3,286.45 1 0
github.com/Ashes47/braids/internal/core/graph/graph.go:291.36,294.23 3 1
github.com/Ashes47/braids/internal/core/graph/graph.go:294.23,296.32 2 3
github.com/Ashes47/braids/internal/core/graph/graph.go:296.32,298.4 1 2
github.com/Ashes47/braids/internal/core/graph/graph.go:300.2,300.28 1 1
github.com/Ashes47/braids/internal/core/graph/graph.go:300.28,302.3 1 1
github.com/Ashes47/braids/internal/core/graph/graph.go:303.2,303.12 1 1
github.com/Ashes47/braids/internal/core/graph/spine.go:51.47,52.20 1 6
github.com/Ashes47/braids/internal/core/graph/spine.go:52.20,54.3 1 1
github.com/Ashes47/braids/internal/core/graph/spine.go:55.2,57.25 3 5
github.com/Ashes47/braids/internal/core/graph/spine.go:57.25,60.3 2 18
github.com/Ashes47/braids/internal/core/graph/spine.go:62.2,64.25 3 5
github.com/Ashes47/braids/internal/core/graph/spine.go:64.25,66.3 1 13
github.com/Ashes47/braids/internal/core/graph/spine.go:67.2,71.18 4 5
github.com/Ashes47/braids/internal/core/graph/spine.go:71.18,72.19 1 12
github.com/Ashes47/braids/internal/core/graph/spine.go:73.10,73.10 0 8
github.com/Ashes47/braids/internal/core/graph/spine.go:74.10,80.6 2 3
github.com/Ashes47/braids/internal/core/graph/spine.go:81.11,82.38 1 1
github.com/Ashes47/braids/internal/core/graph/spine.go:84.3,84.12 1 12
github.com/Ashes47/braids/internal/core/graph/spine.go:86.2,86.25 1 5
github.com/Ashes47/braids/internal/core/graph/spine.go:86.25,88.43 2 13
github.com/Ashes47/braids/internal/core/graph/spine.go:88.43,90.12 2 6
github.com/Ashes47/braids/internal/core/graph/spine.go:92.3,100.5 2 7
github.com/Ashes47/braids/internal/core/graph/spine.go:102.2,103.12 2 5
github.com/Ashes47/braids/internal/core/graph/spine.go:112.40,114.2 1 13
github.com/Ashes47/braids/internal/core/graph/spine.go:118.95,123.68 4 5
github.com/Ashes47/braids/internal/core/graph/spine.go:123.68,126.3 2 13
github.com/Ashes47/braids/internal/core/graph/spine.go:127.2,127.57 1 5
github.com/Ashes47/braids/internal/core/graph/spine.go:127.57,129.3 1 5
github.com/Ashes47/braids/internal/core/graph/spine.go:130.2,130.17 1 5
github.com/Ashes47/braids/internal/core/graph/spine.go:134.121,136.39 2 13
github.com/Ashes47/braids/internal/core/graph/spine.go:136.39,137.20 1 11
[...]
github.com/Ashes47/braids/internal/tui/spineview.go:56.2,57.47 2 34
github.com/Ashes47/braids/internal/tui/spineview.go:57.47,57.99 1 0
github.com/Ashes47/braids/internal/tui/spineview.go:59.2,60.46 2 34
github.com/Ashes47/braids/internal/tui/spineview.go:60.46,60.84 1 0
github.com/Ashes47/braids/internal/tui/spineview.go:62.2,67.35 3 34
github.com/Ashes47/braids/internal/tui/spineview.go:67.35,68.50 1 147
github.com/Ashes47/braids/internal/tui/spineview.go:68.50,72.4 3 2
github.com/Ashes47/braids/internal/tui/spineview.go:75.2,75.28 1 34
github.com/Ashes47/braids/internal/tui/spineview.go:75.28,76.61 1 147
github.com/Ashes47/braids/internal/tui/spineview.go:76.61,80.4 3 3
github.com/Ashes47/braids/internal/tui/spineview.go:81.3,81.61 1 147
github.com/Ashes47/braids/internal/tui/spineview.go:81.61,84.4 2 3
github.com/Ashes47/braids/internal/tui/spineview.go:86.2,86.29 1 34
github.com/Ashes47/braids/internal/tui/spineview.go:86.29,90.3 3 113
github.com/Ashes47/braids/internal/tui/spineview.go:91.2,94.11 4 34
github.com/Ashes47/braids/internal/tui/spineview.go:98.41,99.48 1 15
github.com/Ashes47/braids/internal/tui/spineview.go:99.48,101.3 1 0
github.com/Ashes47/braids/internal/tui/spineview.go:102.2,102.28 1 15
github.com/Ashes47/braids/internal/tui/spineview.go:105.46,106.14 1 213
github.com/Ashes47/braids/internal/tui/spineview.go:106.14,108.3 1 30
github.com/Ashes47/braids/internal/tui/spineview.go:109.2,109.19 1 183
github.com/Ashes47/braids/internal/tui/spineview.go:119.30,121.9 2 58
github.com/Ashes47/braids/internal/tui/spineview.go:122.22,123.21 1 41
github.com/Ashes47/braids/internal/tui/spineview.go:124.10,126.28 2 17
github.com/Ashes47/braids/internal/tui/spineview.go:126.28,127.38 1 68
github.com/Ashes47/braids/internal/tui/spineview.go:127.38,129.5 1 18
github.com/Ashes47/braids/internal/tui/spineview.go:132.2,132.17 1 58
github.com/Ashes47/braids/internal/tui/spineview.go:136.43,137.48 1 58
github.com/Ashes47/braids/internal/tui/spineview.go:137.48,139.3 1 34
github.com/Ashes47/braids/internal/tui/spineview.go:140.2,140.36 1 24
github.com/Ashes47/braids/internal/tui/spineview.go:144.42,146.15 2 58
github.com/Ashes47/braids/internal/tui/spineview.go:146.15,148.3 1 34
github.com/Ashes47/braids/internal/tui/spineview.go:149.2,149.30 1 24
github.com/Ashes47/braids/internal/tui/spineview.go:149.30,150.23 1 33
github.com/Ashes47/braids/internal/tui/spineview.go:150.23,153.4 2 19
github.com/Ashes47/braids/internal/tui/spineview.go:157.32,158.19 1 57
github.com/Ashes47/braids/internal/tui/spineview.go:158.19,160.3 1 0
github.com/Ashes47/braids/internal/tui/spineview.go:161.2,161.20 1 57
github.com/Ashes47/braids/internal/tui/spineview.go:161.20,163.3 1 0
github.com/Ashes47/braids/internal/tui/spineview.go:164.2,164.19 1 57
github.com/Ashes47/braids/internal/tui/spineview.go:164.19,166.3 1 0
github.com/Ashes47/braids/internal/tui/spineview.go:167.2,167.42 1 57
github.com/Ashes47/braids/internal/tui/spineview.go:170.37,171.19 1 68
github.com/Ashes47/braids/internal/tui/spineview.go:171.19,173.3 1 0
github.com/Ashes47/braids/internal/tui/spineview.go:174.2,174.20 1 68
github.com/Ashes47/braids/internal/tui/spineview.go:174.20,176.3 1 0
github.com/Ashes47/braids/internal/tui/spineview.go:177.2,177.19 1 68
github.com/Ashes47/braids/internal/tui/spineview.go:177.19,179.3 1 0
github.com/Ashes47/braids/internal/tui/spineview.go:180.2,181.90 1 68
github.com/Ashes47/braids/internal/tui/spineview.go:186.34,187.47 1 28
github.com/Ashes47/braids/internal/tui/spineview.go:187.47,189.3 1 0
github.com/Ashes47/braids/internal/tui/spineview.go:190.2,190.52 1 28
github.com/Ashes47/braids/internal/tui/spineview.go:195.57,196.24 1 31
github.com/Ashes47/braids/internal/tui/spineview.go:196.24,198.3 1 0
github.com/Ashes47/braids/internal/tui/spineview.go:199.2,201.25 3 31
github.com/Ashes47/braids/internal/tui/spineview.go:201.25,202.67 1 3
github.com/Ashes47/braids/internal/tui/spineview.go:202.67,204.4 1 3
github.com/Ashes47/braids/internal/tui/spineview.go:206.2,206.24 1 31
github.com/Ashes47/braids/internal/tui/spineview.go:206.24,207.63 1 2
github.com/Ashes47/braids/internal/tui/spineview.go:207.63,209.4 1 2
github.com/Ashes47/braids/internal/tui/spineview.go:211.2,212.28 2 31
github.com/Ashes47/braids/internal/tui/spineview.go:212.28,214.3 1 1
github.com/Ashes47/braids/internal/tui/spineview.go:215.2,217.10 3 31
github.com/Ashes47/braids/internal/tui/spineview.go:221.35,222.30 1 6
github.com/Ashes47/braids/internal/tui/spineview.go:222.30,226.3 3 2
github.com/Ashes47/braids/internal/tui/spineview.go:227.2,229.10 3 4
github.com/Ashes47/braids/internal/tui/spineview.go:232.54,234.21 2 60
github.com/Ashes47/braids/internal/tui/spineview.go:234.21,236.3 1 5
github.com/Ashes47/braids/internal/tui/spineview.go:237.2,237.23 1 55
github.com/Ashes47/braids/internal/tui/spineview.go:237.23,241.3 3 23
github.com/Ashes47/braids/internal/tui/spineview.go:242.2,242.13 1 32
github.com/Ashes47/braids/internal/tui/spineview.go:243.39,244.29 1 5
github.com/Ashes47/braids/internal/tui/spineview.go:245.11,246.31 1 1
github.com/Ashes47/braids/internal/tui/spineview.go:247.29,249.23 2 4
github.com/Ashes47/braids/internal/tui/spineview.go:249.23,251.4 1 3
github.com/Ashes47/braids/internal/tui/spineview.go:252.3,252.22 1 1
github.com/Ashes47/braids/internal/tui/spineview.go:252.22,255.4 2 0
github.com/Ashes47/braids/internal/tui/spineview.go:256.3,256.41 1 1
github.com/Ashes47/braids/internal/tui/spineview.go:257.19,258.47 1 7
github.com/Ashes47/braids/internal/tui/spineview.go:259.17,260.48 1 2
github.com/Ashes47/braids/internal/tui/spineview.go:261.19,262.15 1 0
github.com/Ashes47/braids/internal/tui/spineview.go:263.18,264.32 1 0
github.com/Ashes47/braids/internal/tui/spineview.go:265.26,266.33 1 0
github.com/Ashes47/braids/internal/tui/spineview.go:267.24,268.33 1 0
github.com/Ashes47/braids/internal/tui/spineview.go:269.11,270.25 1 1
github.com/Ashes47/braids/internal/tui/spineview.go:271.11,272.30 1 8
github.com/Ashes47/braids/internal/tui/spineview.go:273.11,274.32 1 0
github.com/Ashes47/braids/internal/tui/spineview.go:275.11,277.16 2 1
github.com/Ashes47/braids/internal/tui/spineview.go:278.11,280.30 2 2
github.com/Ashes47/braids/internal/tui/spineview.go:281.11,283.30 2 0
github.com/Ashes47/braids/internal/tui/spineview.go:284.11,285.48 1 1
github.com/Ashes47/braids/internal/tui/spineview.go:286.11,287.49 1 0
github.com/Ashes47/braids/internal/tui/spineview.go:289.2,290.15 2 11
github.com/Ashes47/braids/internal/tui/spineview.go:293.30,295.14 2 39
github.com/Ashes47/braids/internal/tui/spineview.go:295.14,297.3 1 0
github.com/Ashes47/braids/internal/tui/spineview.go:298.2,298.32 1 39
github.com/Ashes47/braids/internal/tui/spineview.go:298.32,300.3 1 0
github.com/Ashes47/braids/internal/tui/spineview.go:301.2,301.18 1 39
github.com/Ashes47/braids/internal/tui/spineview.go:301.18,303.3 1 0
github.com/Ashes47/braids/internal/tui/spineview.go:304.2,305.25 2 39
github.com/Ashes47/braids/internal/tui/spineview.go:305.25,307.3 1 0
github.com/Ashes47/braids/internal/tui/spineview.go:308.2,308.28 1 39
github.com/Ashes47/braids/internal/tui/spineview.go:308.28,310.3 1 0
github.com/Ashes47/braids/internal/tui/spineview.go:311.2,311.18 1 39
github.com/Ashes47/braids/internal/tui/spineview.go:311.18,313.3 1 0
github.com/Ashes47/braids/internal/tui/spineview.go:316.37,327.9 10 22
github.com/Ashes47/braids/internal/tui/spineview.go:328.20,331.32 3 1
github.com/Ashes47/braids/internal/tui/spineview.go:331.32,333.4 1 8
github.com/Ashes47/braids/internal/tui/spineview.go:334.27,337.32 3 4
github.com/Ashes47/braids/internal/tui/spineview.go:337.32,339.4 1 32
github.com/Ashes47/braids/internal/tui/spineview.go:340.10,343.61 3 17
github.com/Ashes47/braids/internal/tui/spineview.go:343.61,349.66 4 57
github.com/Ashes47/braids/internal/tui/spineview.go:349.66,353.5 3 0
github.com/Ashes47/braids/internal/tui/spineview.go:355.3,355.36 1 17
github.com/Ashes47/braids/internal/tui/spineview.go:355.36,357.4 1 96
github.com/Ashes47/braids/internal/tui/spineview.go:359.2,362.19 4 22
github.com/Ashes47/braids/internal/tui/spineview.go:366.36,374.15 6 0
github.com/Ashes47/braids/internal/tui/spineview.go:374.15,376.3 1 0
github.com/Ashes47/braids/internal/tui/spineview.go:377.2,380.29 1 0
github.com/Ashes47/braids/internal/tui/spineview.go:385.37,387.9 2 22
github.com/Ashes47/braids/internal/tui/spineview.go:388.23,389.32 1 1
github.com/Ashes47/braids/internal/tui/spineview.go:390.22,392.15 2 11
github.com/Ashes47/braids/internal/tui/spineview.go:392.15,394.4 1 7
github.com/Ashes47/braids/internal/tui/spineview.go:395.3,395.38 1 11
github.com/Ashes47/braids/internal/tui/spineview.go:396.10,397.47 1 10
github.com/Ashes47/braids/internal/tui/spineview.go:401.43,402.25 1 4
github.com/Ashes47/braids/internal/tui/spineview.go:402.25,404.3 1 1
github.com/Ashes47/braids/internal/tui/spineview.go:405.2,405.41 1 3
github.com/Ashes47/braids/internal/tui/spineview.go:408.36,410.16 2 22
github.com/Ashes47/braids/internal/tui/spineview.go:410.16,412.3 1 0
github.com/Ashes47/braids/internal/tui/spineview.go:413.2,414.25 2 22
github.com/Ashes47/braids/internal/tui/spineview.go:414.25,416.3 1 2
github.com/Ashes47/braids/internal/tui/spineview.go:417.2,417.88 1 22
github.com/Ashes47/braids/internal/tui/spineview.go:421.35,423.2 1 22
github.com/Ashes47/braids/internal/tui/spineview.go:425.36,427.35 2 179
github.com/Ashes47/braids/internal/tui/spineview.go:427.35,428.30 1 603
github.com/Ashes47/braids/internal/tui/spineview.go:428.30,431.4 2 117
github.com/Ashes47/braids/internal/tui/spineview.go:433.2,436.27 4 179
github.com/Ashes47/braids/internal/tui/spineview.go:436.27,438.3 1 24
github.com/Ashes47/braids/internal/tui/spineview.go:439.2,445.14 2 179
github.com/Ashes47/braids/internal/tui/spineview.go:449.26,458.2 1 179
github.com/Ashes47/braids/internal/tui/spineview.go:462.38,471.2 2 179
github.com/Ashes47/braids/internal/tui/spineview.go:479.48,480.9 1 183
github.com/Ashes47/braids/internal/tui/spineview.go:481.32,482.16 1 63
github.com/Ashes47/braids/internal/tui/spineview.go:483.19,484.43 1 98
github.com/Ashes47/braids/internal/tui/spineview.go:485.17,486.46 1 1
github.com/Ashes47/braids/internal/tui/spineview.go:487.10,488.68 1 21
github.com/Ashes47/braids/internal/tui/spineview.go:492.38,495.19 3 22
github.com/Ashes47/braids/internal/tui/spineview.go:495.19,497.3 1 0
github.com/Ashes47/braids/internal/tui/spineview.go:498.2,498.103 1 22
github.com/Ashes47/braids/internal/tui/spineview.go:507.66,509.9 2 57
github.com/Ashes47/braids/internal/tui/spineview.go:510.23,511.40 1 1
github.com/Ashes47/braids/internal/tui/spineview.go:512.24,513.42 1 0
github.com/Ashes47/braids/internal/tui/spineview.go:514.23,515.40 1 2
github.com/Ashes47/braids/internal/tui/spineview.go:516.10,517.42 1 54
github.com/Ashes47/braids/internal/tui/spineview.go:519.2,519.14 1 57
github.com/Ashes47/braids/internal/tui/spineview.go:519.14,521.3 1 17
github.com/Ashes47/braids/internal/tui/spineview.go:522.2,522.15 1 40
github.com/Ashes47/braids/internal/tui/spineview.go:529.73,535.14 4 1
github.com/Ashes47/braids/internal/tui/spineview.go:535.14,537.3 1 0
github.com/Ashes47/braids/internal/tui/spineview.go:538.2,542.22 3 1
github.com/Ashes47/braids/internal/tui/spineview.go:546.27,548.17 2 9
github.com/Ashes47/braids/internal/tui/spineview.go:548.17,550.3 1 3
github.com/Ashes47/braids/internal/tui/spineview.go:551.2,552.30 2 6
github.com/Ashes47/braids/internal/tui/spineview.go:552.30,553.33 1 36
github.com/Ashes47/braids/internal/tui/spineview.go:553.33,555.4 1 8
github.com/Ashes47/braids/internal/tui/spineview.go:556.3,556.23 1 36
github.com/Ashes47/braids/internal/tui/spineview.go:558.2,558.20 1 6
github.com/Ashes47/braids/internal/tui/spineview.go:563.72,569.18 5 0
github.com/Ashes47/braids/internal/tui/spineview.go:569.18,571.3 1 0
github.com/Ashes47/braids/internal/tui/spineview.go:572.2,573.19 2 0
github.com/Ashes47/braids/internal/tui/spineview.go:573.19,575.3 1 0
github.com/Ashes47/braids/internal/tui/spineview.go:576.2,581.22 4 0
github.com/Ashes47/braids/internal/tui/spineview.go:586.64,589.16 3 2
github.com/Ashes47/braids/internal/tui/spineview.go:589.16,591.3 1 0
github.com/Ashes47/braids/internal/tui/spineview.go:592.2,596.19 4 2
github.com/Ashes47/braids/internal/tui/spineview.go:596.19,598.3 1 0
github.com/Ashes47/braids/internal/tui/spineview.go:599.2,604.22 4 2
github.com/Ashes47/braids/internal/tui/spineview.go:607.71,611.37 3 54
github.com/Ashes47/braids/internal/tui/spineview.go:611.37,613.3 1 11
github.com/Ashes47/braids/internal/tui/spineview.go:614.2,618.19 3 54
github.com/Ashes47/braids/internal/tui/spineview.go:618.19,620.3 1 0
github.com/Ashes47/braids/internal/tui/spineview.go:622.2,624.18 3 54
github.com/Ashes47/braids/internal/tui/spineview.go:625.20,627.59 2 12
github.com/Ashes47/braids/internal/tui/spineview.go:628.10,631.33 3 42
github.com/Ashes47/braids/internal/tui/spineview.go:631.33,633.4 1 27
github.com/Ashes47/braids/internal/tui/spineview.go:634.3,635.58 2 42
github.com/Ashes47/braids/internal/tui/spineview.go:635.58,638.4 2 0
github.com/Ashes47/braids/internal/tui/spineview.go:640.2,650.22 6 54
github.com/Ashes47/braids/internal/tui/spineview.go:654.36,658.21 2 8
github.com/Ashes47/braids/internal/tui/spineview.go:658.21,661.3 2 1
github.com/Ashes47/braids/internal/tui/spineview.go:662.2,662.44 1 7
github.com/Ashes47/braids/internal/tui/spineview.go:662.44,665.3 2 1
github.com/Ashes47/braids/internal/tui/spineview.go:666.2,667.21 2 6
github.com/Ashes47/braids/internal/tui/spineview.go:667.21,670.51 1 1
github.com/Ashes47/braids/internal/tui/spineview.go:670.51,675.4 4 1
github.com/Ashes47/braids/internal/tui/spineview.go:676.3,677.11 2 0
github.com/Ashes47/braids/internal/tui/spineview.go:679.2,679.21 1 5
github.com/Ashes47/braids/internal/tui/spineview.go:679.21,682.3 2 1
github.com/Ashes47/braids/internal/tui/spineview.go:683.2,684.30 2 4
github.com/Ashes47/braids/internal/tui/spineview.go:684.30,687.3 2 1
github.com/Ashes47/braids/internal/tui/spineview.go:688.2,690.10 3 3
github.com/Ashes47/braids/internal/tui/spineview.go:693.44,695.13 2 5
github.com/Ashes47/braids/internal/tui/spineview.go:696.13,697.27 1 0
github.com/Ashes47/braids/internal/tui/spineview.go:698.15,699.26 1 3
github.com/Ashes47/braids/internal/tui/spineview.go:700.10,701.21 1 2
github.com/Ashes47/braids/internal/tui/spineview.go:703.2,703.10 1 2
github.com/Ashes47/braids/internal/tui/spineview.go:709.37,716.16 6 3
github.com/Ashes47/braids/internal/tui/spineview.go:716.16,719.3 2 1
github.com/Ashes47/braids/internal/tui/spineview.go:720.2,721.22 2 2
github.com/Ashes47/braids/internal/tui/spineview.go:721.22,723.17 2 0
github.com/Ashes47/braids/internal/tui/spineview.go:723.17,726.4 2 0
github.com/Ashes47/braids/internal/tui/spineview.go:727.3,727.22 1 0
github.com/Ashes47/braids/internal/tui/spineview.go:729.2,730.10 2 2
github.com/Ashes47/braids/internal/tui/spineview.go:735.44,738.26 3 7
github.com/Ashes47/braids/internal/tui/spineview.go:738.26,740.33 2 25
github.com/Ashes47/braids/internal/tui/spineview.go:740.33,741.12 1 14
github.com/Ashes47/braids/internal/tui/spineview.go:743.3,744.20 2 11
github.com/Ashes47/braids/internal/tui/spineview.go:744.20,745.9 1 1
github.com/Ashes47/braids/internal/tui/spineview.go:748.2,748.19 1 7
github.com/Ashes47/braids/internal/tui/spineview.go:748.19,750.3 1 2
github.com/Ashes47/braids/internal/tui/spineview.go:751.2,751.31 1 5
github.com/Ashes47/braids/internal/tui/spineview.go:766.54,767.29 1 3
github.com/Ashes47/braids/internal/tui/spineview.go:767.29,770.3 2 0
github.com/Ashes47/braids/internal/tui/spineview.go:771.2,782.10 11 3
github.com/Ashes47/braids/internal/tui/spineview.go:786.48,787.9 1 3
github.com/Ashes47/braids/internal/tui/spineview.go:788.36,789.32 1 3
github.com/Ashes47/braids/internal/tui/spineview.go:790.20,791.16 1 0
github.com/Ashes47/braids/internal/tui/spineview.go:792.10,793.16 1 0
github.com/Ashes47/braids/internal/tui/spineview.go:799.37,802.21 3 1
github.com/Ashes47/braids/internal/tui/spineview.go:802.21,804.3 1 1
github.com/Ashes47/braids/internal/tui/spineview.go:804.8,804.49 1 0
github.com/Ashes47/braids/internal/tui/spineview.go:804.49,806.3 1 0
github.com/Ashes47/braids/internal/tui/spineview.go:807.2,807.19 1 1
github.com/Ashes47/braids/internal/tui/spineview.go:807.19,810.3 2 0
github.com/Ashes47/braids/internal/tui/spineview.go:811.2,811.22 1 1
github.com/Ashes47/braids/internal/tui/spineview.go:811.22,814.3 2 0
github.com/Ashes47/braids/internal/tui/spineview.go:815.2,816.16 2 1
github.com/Ashes47/braids/internal/tui/spineview.go:816.16,819.3 2 0
github.com/Ashes47/braids/internal/tui/spineview.go:820.2,821.22 2 1
github.com/Ashes47/braids/internal/tui/spineview.go:821.22,823.24 2 0
github.com/Ashes47/braids/internal/tui/spineview.go:823.24,826.4 2 0
github.com/Ashes47/braids/internal/tui/spineview.go:827.3,827.22 1 0
github.com/Ashes47/braids/internal/tui/spineview.go:829.2,830.10 2 1
github.com/Ashes47/braids/internal/tui/spineview.go:835.64,838.27 3 1
github.com/Ashes47/braids/internal/tui/spineview.go:838.27,839.75 1 5
github.com/Ashes47/braids/internal/tui/spineview.go:839.75,840.12 1 2
github.com/Ashes47/braids/internal/tui/spineview.go:842.3,842.28 1 3
github.com/Ashes47/braids/internal/tui/spineview.go:844.2,844.20 1 1
github.com/Ashes47/braids/internal/tui/spineview.go:848.47,849.30 1 1
github.com/Ashes47/braids/internal/tui/spineview.go:849.30,850.75 1 3
github.com/Ashes47/braids/internal/tui/spineview.go:850.75,852.4 1 1
github.com/Ashes47/braids/internal/tui/spineview.go:854.2,854.17 1 0
github.com/Ashes47/braids/internal/tui/spineview.go:861.54,862.34 1 12
github.com/Ashes47/braids/internal/tui/spineview.go:862.34,864.23 2 18
github.com/Ashes47/braids/internal/tui/spineview.go:864.23,866.4 1 11
github.com/Ashes47/braids/internal/tui/spineview.go:868.2,868.13 1 1
github.com/Ashes47/braids/internal/tui/spineview.go:871.30,873.2 1 18
github.com/Ashes47/braids/internal/tui/spineview.go:876.42,878.30 2 80
github.com/Ashes47/braids/internal/tui/spineview.go:878.30,879.22 1 46
github.com/Ashes47/braids/internal/tui/spineview.go:879.22,880.9 1 0
github.com/Ashes47/braids/internal/tui/spineview.go:882.3,882.63 1 46
github.com/Ashes47/braids/internal/tui/spineview.go:884.2,884.36 1 80
github.com/Ashes47/braids/internal/tui/spineview.go:887.31,887.78 1 56
github.com/Ashes47/braids/internal/tui/state.go:47.60,48.9 1 537
github.com/Ashes47/braids/internal/tui/state.go:49.58,50.20 1 484
github.com/Ashes47/braids/internal/tui/state.go:51.89,52.23 1 2
github.com/Ashes47/braids/internal/tui/state.go:53.48,54.25 1 2
github.com/Ashes47/braids/internal/tui/state.go:55.78,56.22 1 16
github.com/Ashes47/braids/internal/tui/state.go:57.37,58.22 1 2
github.com/Ashes47/braids/internal/tui/state.go:59.10,60.23 1 31
github.com/Ashes47/braids/internal/tui/state.go:65.55,66.28 1 482
github.com/Ashes47/braids/internal/tui/state.go:67.21,68.45 1 23
github.com/Ashes47/braids/internal/tui/state.go:69.37,71.14 1 2
github.com/Ashes47/braids/internal/tui/state.go:72.10,73.15 1 457
github.com/Ashes47/braids/internal/tui/state.go:79.78,80.15 1 88
github.com/Ashes47/braids/internal/tui/state.go:81.35,82.23 1 5
github.com/Ashes47/braids/internal/tui/state.go:83.37,84.24 1 0
github.com/Ashes47/braids/internal/tui/state.go:85.21,86.46 1 8
github.com/Ashes47/braids/internal/tui/state.go:86.46,88.4 1 4
github.com/Ashes47/braids/internal/tui/state.go:89.3,89.23 1 4
github.com/Ashes47/braids/internal/tui/state.go:90.10,91.23 1 75
github.com/Ashes47/braids/internal/tui/theme.go:39.35,40.11 1 75
github.com/Ashes47/braids/internal/tui/theme.go:40.11,42.3 1 75
github.com/Ashes47/braids/internal/tui/theme.go:43.2,43.160 1 0
github.com/Ashes47/braids/internal/tui/theme.go:71.41,73.45 2 74
github.com/Ashes47/braids/internal/tui/theme.go:73.45,73.63 1 518
github.com/Ashes47/braids/internal/tui/theme.go:75.2,104.3 8 74
