mode: atomic
github.com/Ashes47/braids/internal/core/model/model.go:54.49,56.28 2 5
github.com/Ashes47/braids/internal/core/model/model.go:56.28,57.53 1 16
github.com/Ashes47/braids/internal/core/model/model.go:57.53,58.12 1 7
github.com/Ashes47/braids/internal/core/model/model.go:60.3,60.19 1 9
github.com/Ashes47/braids/internal/core/model/model.go:60.19,61.12 1 3
github.com/Ashes47/braids/internal/core/model/model.go:63.3,63.18 1 6
github.com/Ashes47/braids/internal/core/model/model.go:63.18,65.4 1 3
github.com/Ashes47/braids/internal/core/model/model.go:66.3,66.24 1 6
github.com/Ashes47/braids/internal/core/model/model.go:68.2,68.19 1 5
github.com/Ashes47/braids/internal/core/model/model.go:71.54,72.29 1 12
github.com/Ashes47/braids/internal/core/model/model.go:72.29,73.16 1 14
github.com/Ashes47/braids/internal/core/model/model.go:73.16,75.4 1 5
github.com/Ashes47/braids/internal/core/model/model.go:77.2,77.14 1 7
github.com/Ashes47/braids/internal/core/store/claudecode/claudecode.go:33.31,33.61 1 5
github.com/Ashes47/braids/internal/core/store/claudecode/claudecode.go:36.36,38.16 2 0
github.com/Ashes47/braids/internal/core/store/claudecode/claudecode.go:38.16,40.3 1 0
github.com/Ashes47/braids/internal/core/store/claudecode/claudecode.go:41.2,41.56 1 0
github.com/Ashes47/braids/internal/core/store/claudecode/claudecode.go:45.32,45.55 1 6
github.com/Ashes47/braids/internal/core/store/claudecode/claudecode.go:48.52,55.2 1 0
github.com/Ashes47/braids/internal/core/store/claudecode/claudecode.go:60.67,62.16 2 5
github.com/Ashes47/braids/internal/core/store/claudecode/claudecode.go:62.16,64.3 1 0
github.com/Ashes47/braids/internal/core/store/claudecode/claudecode.go:65.2,66.35 2 5
github.com/Ashes47/braids/internal/core/store/claudecode/claudecode.go:66.35,67.23 1 5
github.com/Ashes47/braids/internal/core/store/claudecode/claudecode.go:67.23,68.12 1 0
github.com/Ashes47/braids/internal/core/store/claudecode/claudecode.go:70.3,72.17 3 5
github.com/Ashes47/braids/internal/core/store/claudecode/claudecode.go:72.17,74.4 1 0
github.com/Ashes47/braids/internal/core/store/claudecode/claudecode.go:75.3,75.29 1 5
github.com/Ashes47/braids/internal/core/store/claudecode/claudecode.go:75.29,76.36 1 7
github.com/Ashes47/braids/internal/core/store/claudecode/claudecode.go:76.36,78.5 1 0
github.com/Ashes47/braids/internal/core/store/claudecode/claudecode.go:79.4,79.59 1 7
github.com/Ashes47/braids/internal/core/store/claudecode/claudecode.go:79.59,80.13 1 1
github.com/Ashes47/braids/internal/core/store/claudecode/claudecode.go:82.4,83.18 2 6
github.com/Ashes47/braids/internal/core/store/claudecode/claudecode.go:83.18,85.5 1 0
github.com/Ashes47/braids/internal/core/store/claudecode/claudecode.go:86.4,95.49 3 6
github.com/Ashes47/braids/internal/core/store/claudecode/claudecode.go:95.49,97.5 1 6
github.com/Ashes47/braids/internal/core/store/claudecode/claudecode.go:98.4,98.31 1 6
github.com/Ashes47/braids/internal/core/store/claudecode/claudecode.go:101.2,101.19 1 5
github.com/Ashes47/braids/internal/core/store/claudecode/claudecode.go:106.90,108.16 2 4
github.com/Ashes47/braids/internal/core/store/claudecode/claudecode.go:108.16,110.3 1 0
github.com/Ashes47/braids/internal/core/store/claudecode/claudecode.go:111.2,114.16 3 4
github.com/Ashes47/braids/internal/core/store/claudecode/claudecode.go:114.16,115.35 1 13
github.com/Ashes47/braids/internal/core/store/claudecode/claudecode.go:115.35,117.4 1 0
github.com/Ashes47/braids/internal/core/store/claudecode/claudecode.go:118.3,119.56 2 13
github.com/Ashes47/braids/internal/core/store/claudecode/claudecode.go:119.56,120.12 1 1
github.com/Ashes47/braids/internal/core/store/claudecode/claudecode.go:122.3,123.10 2 12
github.com/Ashes47/braids/internal/core/store/claudecode/claudecode.go:123.10,124.12 1 4
github.com/Ashes47/braids/internal/core/store/claudecode/claudecode.go:126.3,126.36 1 8
github.com/Ashes47/braids/internal/core/store/claudecode/claudecode.go:126.36,128.4 1 1
github.com/Ashes47/braids/internal/core/store/claudecode/claudecode.go:130.2,130.33 1 3
github.com/Ashes47/braids/internal/core/store/claudecode/claudecode.go:130.33,132.3 1 0
github.com/Ashes47/braids/internal/core/store/claudecode/claudecode.go:133.2,133.12 1 3
github.com/Ashes47/braids/internal/core/store/claudecode/claudecode.go:136.44,140.2 3 10
github.com/Ashes47/braids/internal/core/store/claudecode/claudecode.go:144.38,146.21 2 6
github.com/Ashes47/braids/internal/core/store/claudecode/claudecode.go:146.21,148.3 1 0
github.com/Ashes47/braids/internal/core/store/claudecode/claudecode.go:149.2,149.28 1 6
github.com/Ashes47/braids/internal/core/store/claudecode/claudecode.go:154.45,156.16 2 6
github.com/Ashes47/braids/internal/core/store/claudecode/claudecode.go:156.16,158.3 1 0
github.com/Ashes47/braids/internal/core/store/claudecode/claudecode.go:159.2,163.16 4 6
github.com/Ashes47/braids/internal/core/store/claudecode/claudecode.go:163.16,165.26 2 18
github.com/Ashes47/braids/internal/core/store/claudecode/claudecode.go:165.26,166.12 1 14
github.com/Ashes47/braids/internal/core/store/claudecode/claudecode.go:168.3,169.50 2 4
github.com/Ashes47/braids/internal/core/store/claudecode/claudecode.go:169.50,170.12 1 0
github.com/Ashes47/braids/internal/core/store/claudecode/claudecode.go:172.3,172.10 1 4
github.com/Ashes47/braids/internal/core/store/claudecode/claudecode.go:173.28,174.26 1 1
github.com/Ashes47/braids/internal/core/store/claudecode/claudecode.go:175.24,176.18 1 2
github.com/Ashes47/braids/internal/core/store/claudecode/claudecode.go:177.26,178.23 1 1
github.com/Ashes47/braids/internal/core/store/claudecode/claudecode.go:181.2,181.33 1 6
github.com/Ashes47/braids/internal/core/store/claudecode/claudecode.go:181.33,183.3 1 0
github.com/Ashes47/braids/internal/core/store/claudecode/claudecode.go:184.2,184.46 1 6
github.com/Ashes47/braids/internal/core/store/claudecode/claudecode.go:187.37,188.31 1 18
github.com/Ashes47/braids/internal/core/store/claudecode/claudecode.go:188.31,189.30 1 33
github.com/Ashes47/braids/internal/core/store/claudecode/claudecode.go:189.30,191.4 1 4
github.com/Ashes47/braids/internal/core/store/claudecode/claudecode.go:193.2,193.14 1 14
github.com/Ashes47/braids/internal/core/store/claudecode/claudecode.go:196.43,197.25 1 6
github.com/Ashes47/braids/internal/core/store/claudecode/claudecode.go:197.25,198.14 1 15
github.com/Ashes47/braids/internal/core/store/claudecode/claudecode.go:198.14,200.4 1 3
github.com/Ashes47/braids/internal/core/store/claudecode/claudecode.go:202.2,202.11 1 3
github.com/Ashes47/braids/internal/core/store/claudecode/claudecode.go:237.64,238.50 1 12
github.com/Ashes47/braids/internal/core/store/claudecode/claudecode.go:238.50,240.3 1 4
github.com/Ashes47/braids/internal/core/store/claudecode/claudecode.go:241.2,242.16 2 8
github.com/Ashes47/braids/internal/core/store/claudecode/claudecode.go:243.14,244.24 1 6
github.com/Ashes47/braids/internal/core/store/claudecode/claudecode.go:245.19,246.29 1 2
github.com/Ashes47/braids/internal/core/store/claudecode/claudecode.go:247.10,248.32 1 0
github.com/Ashes47/braids/internal/core/store/claudecode/claudecode.go:250.2,251.21 2 8
github.com/Ashes47/braids/internal/core/store/claudecode/claudecode.go:251.21,253.3 1 0
github.com/Ashes47/braids/internal/core/store/claudecode/claudecode.go:254.2,262.9 2 8
github.com/Ashes47/braids/internal/core/store/claudecode/claudecode.go:268.35,269.25 1 8
github.com/Ashes47/braids/internal/core/store/claudecode/claudecode.go:269.25,271.3 1 4
github.com/Ashes47/braids/internal/core/store/claudecode/claudecode.go:272.2,272.32 1 4
github.com/Ashes47/braids/internal/core/store/claudecode/claudecode.go:272.32,274.3 1 1
github.com/Ashes47/braids/internal/core/store/claudecode/claudecode.go:275.2,275.11 1 3
github.com/Ashes47/braids/internal/core/store/claudecode/claudecode.go:280.51,281.19 1 8
github.com/Ashes47/braids/internal/core/store/claudecode/claudecode.go:281.19,283.3 1 0
github.com/Ashes47/braids/internal/core/store/claudecode/claudecode.go:284.2,285.51 2 8
github.com/Ashes47/braids/internal/core/store/claudecode/claudecode.go:285.51,286.36 1 4
github.com/Ashes47/braids/internal/core/store/claudecode/claudecode.go:286.36,288.4 1 0
github.com/Ashes47/braids/internal/core/store/claudecode/claudecode.go:289.3,289.58 1 4
github.com/Ashes47/braids/internal/core/store/claudecode/claudecode.go:291.2,292.53 2 4
github.com/Ashes47/braids/internal/core/store/claudecode/claudecode.go:292.53,294.3 1 0
github.com/Ashes47/braids/internal/core/store/claudecode/claudecode.go:295.2,296.27 2 4
github.com/Ashes47/braids/internal/core/store/claudecode/claudecode.go:296.27,297.30 1 6
github.com/Ashes47/braids/internal/core/store/claudecode/claudecode.go:297.30,299.4 1 6
github.com/Ashes47/braids/internal/core/store/claudecode/claudecode.go:301.2,301.14 1 4
github.com/Ashes47/braids/internal/core/store/claudecode/claudecode.go:304.44,305.16 1 6
github.com/Ashes47/braids/internal/core/store/claudecode/claudecode.go:306.14,307.38 1 2
github.com/Ashes47/braids/internal/core/store/claudecode/claudecode.go:307.38,309.4 1 0
github.com/Ashes47/braids/internal/core/store/claudecode/claudecode.go:310.3,310.62 1 2
github.com/Ashes47/braids/internal/core/store/claudecode/claudecode.go:311.18,312.42 1 1
github.com/Ashes47/braids/internal/core/store/claudecode/claudecode.go:312.42,314.4 1 0
github.com/Ashes47/braids/internal/core/store/claudecode/claudecode.go:315.3,315.70 1 1
github.com/Ashes47/braids/internal/core/store/claudecode/claudecode.go:316.18,317.88 1 1
github.com/Ashes47/braids/internal/core/store/claudecode/claudecode.go:318.21,320.17 2 2
github.com/Ashes47/braids/internal/core/store/claudecode/claudecode.go:320.17,322.4 1 0
github.com/Ashes47/braids/internal/core/store/claudecode/claudecode.go:323.3,323.66 1 2
github.com/Ashes47/braids/internal/core/store/claudecode/claudecode.go:324.10,325.29 1 0
github.com/Ashes47/braids/internal/core/store/claudecode/claudecode.go:330.42,331.19 1 2
github.com/Ashes47/braids/internal/core/store/claudecode/claudecode.go:331.19,333.3 1 0
github.com/Ashes47/braids/internal/core/store/claudecode/claudecode.go:334.2,335.51 2 2
github.com/Ashes47/braids/internal/core/store/claudecode/claudecode.go:335.51,337.3 1 1
github.com/Ashes47/braids/internal/core/store/claudecode/claudecode.go:338.2,339.53 2 1
github.com/Ashes47/braids/internal/core/store/claudecode/claudecode.go:339.53,341.3 1 0
github.com/Ashes47/braids/internal/core/store/claudecode/claudecode.go:342.2,343.29 2 1
github.com/Ashes47/braids/internal/core/store/claudecode/claudecode.go:343.29,344.21 1 1
github.com/Ashes47/braids/internal/core/store/claudecode/claudecode.go:344.21,345.12 1 0
github.com/Ashes47/braids/internal/core/store/claudecode/claudecode.go:347.3,347.18 1 1
github.com/Ashes47/braids/internal/core/store/claudecode/claudecode.go:347.18,349.4 1 0
github.com/Ashes47/braids/internal/core/store/claudecode/claudecode.go:350.3,350.26 1 1
github.com/Ashes47/braids/internal/core/store/claudecode/claudecode.go:352.2,352.19 1 1
github.com/Ashes47/braids/internal/core/index/index.go:86.40,88.16 2 3
github.com/Ashes47/braids/internal/core/index/index.go:88.16,90.3 1 0
github.com/Ashes47/braids/internal/core/index/index.go:91.2,94.4 1 3
github.com/Ashes47/braids/internal/core/index/index.go:94.4,95.44 1 6
github.com/Ashes47/braids/internal/core/index/index.go:95.44,97.4 1 0
github.com/Ashes47/braids/internal/core/index/index.go:99.2,99.43 1 3
github.com/Ashes47/braids/internal/core/index/index.go:99.43,101.3 1 0
github.com/Ashes47/braids/internal/core/index/index.go:102.2,102.28 1 3
github.com/Ashes47/braids/internal/core/index/index.go:106.32,106.56 1 3
github.com/Ashes47/braids/internal/core/index/index.go:111.80,114.16 3 4
github.com/Ashes47/braids/internal/core/index/index.go:114.16,116.3 1 0
github.com/Ashes47/braids/internal/core/index/index.go:118.2,119.16 2 4
github.com/Ashes47/braids/internal/core/index/index.go:119.16,121.3 1 0
github.com/Ashes47/braids/internal/core/index/index.go:122.2,124.74 2 4
github.com/Ashes47/braids/internal/core/index/index.go:124.74,125.54 1 8
github.com/Ashes47/braids/internal/core/index/index.go:125.54,127.4 1 0
github.com/Ashes47/braids/internal/core/index/index.go:129.2,132.16 2 4
github.com/Ashes47/braids/internal/core/index/index.go:132.16,134.3 1 0
github.com/Ashes47/braids/internal/core/index/index.go:135.2,138.16 3 4
github.com/Ashes47/braids/internal/core/index/index.go:138.16,140.3 1 0
github.com/Ashes47/braids/internal/core/index/index.go:141.2,144.29 3 4
github.com/Ashes47/braids/internal/core/index/index.go:144.29,146.62 2 8
github.com/Ashes47/braids/internal/core/index/index.go:146.62,149.30 3 12
github.com/Ashes47/braids/internal/core/index/index.go:149.30,150.40 1 20
github.com/Ashes47/braids/internal/core/index/index.go:150.40,151.14 1 4
github.com/Ashes47/braids/internal/core/index/index.go:153.5,154.71 1 16
github.com/Ashes47/braids/internal/core/index/index.go:154.71,156.6 1 0
github.com/Ashes47/braids/internal/core/index/index.go:157.5,158.16 2 16
github.com/Ashes47/braids/internal/core/index/index.go:160.4,160.14 1 12
github.com/Ashes47/braids/internal/core/index/index.go:162.3,162.17 1 8
github.com/Ashes47/braids/internal/core/index/index.go:162.17,164.4 1 0
github.com/Ashes47/braids/internal/core/index/index.go:165.3,166.92 1 8
github.com/Ashes47/braids/internal/core/index/index.go:166.92,168.4 1 0
github.com/Ashes47/braids/internal/core/index/index.go:170.2,170.36 1 4
github.com/Ashes47/braids/internal/core/index/index.go:170.36,172.3 1 0
github.com/Ashes47/braids/internal/core/index/index.go:173.2,174.19 2 4
github.com/Ashes47/braids/internal/core/index/index.go:178.70,179.37 1 5
github.com/Ashes47/braids/internal/core/index/index.go:179.37,181.3 1 1
github.com/Ashes47/braids/internal/core/index/index.go:182.2,183.16 2 4
github.com/Ashes47/braids/internal/core/index/index.go:183.16,185.3 1 4
github.com/Ashes47/braids/internal/core/index/index.go:187.2,191.18 2 4
github.com/Ashes47/braids/internal/core/index/index.go:191.18,194.3 2 1
github.com/Ashes47/braids/internal/core/index/index.go:195.2,195.22 1 4
github.com/Ashes47/braids/internal/core/index/index.go:195.22,197.29 2 1
github.com/Ashes47/braids/internal/core/index/index.go:197.29,200.4 2 1
github.com/Ashes47/braids/internal/core/index/index.go:201.3,201.72 1 1
github.com/Ashes47/braids/internal/core/index/index.go:203.2,214.16 4 4
github.com/Ashes47/braids/internal/core/index/index.go:214.16,216.3 1 0
github.com/Ashes47/braids/internal/core/index/index.go:217.2,220.18 3 4
github.com/Ashes47/braids/internal/core/index/index.go:220.18,225.56 4 6
github.com/Ashes47/braids/internal/core/index/index.go:225.56,227.4 1 0
github.com/Ashes47/braids/internal/core/index/index.go:228.3,231.25 4 6
github.com/Ashes47/braids/internal/core/index/index.go:233.2,233.35 1 4
github.com/Ashes47/braids/internal/core/index/index.go:233.35,235.3 1 0
github.com/Ashes47/braids/internal/core/index/index.go:236.2,236.18 1 4
github.com/Ashes47/braids/internal/core/index/index.go:240.65,243.16 2 1
github.com/Ashes47/braids/internal/core/index/index.go:243.16,245.3 1 0
github.com/Ashes47/braids/internal/core/index/index.go:246.2,249.18 3 1
github.com/Ashes47/braids/internal/core/index/index.go:249.18,253.58 3 2
github.com/Ashes47/braids/internal/core/index/index.go:253.58,255.4 1 0
github.com/Ashes47/braids/internal/core/index/index.go:256.3,257.27 2 2
github.com/Ashes47/braids/internal/core/index/index.go:259.2,259.35 1 1
github.com/Ashes47/braids/internal/core/index/index.go:259.35,261.3 1 0
github.com/Ashes47/braids/internal/core/index/index.go:262.2,262.19 1 1
github.com/Ashes47/braids/internal/core/index/index.go:267.30,268.36 1 11
github.com/Ashes47/braids/internal/core/index/index.go:268.36,270.3 1 3
github.com/Ashes47/braids/internal/core/index/index.go:271.2,271.38 1 8
github.com/Ashes47/braids/internal/core/index/index.go:271.38,272.12 1 10
github.com/Ashes47/braids/internal/core/index/index.go:273.27,274.15 1 1
github.com/Ashes47/braids/internal/core/index/index.go:276.3,276.36 1 9
github.com/Ashes47/braids/internal/core/index/index.go:276.36,278.4 1 0
github.com/Ashes47/braids/internal/core/index/index.go:280.2,280.14 1 7
github.com/Ashes47/braids/internal/core/index/index.go:286.34,288.17 2 11
github.com/Ashes47/braids/internal/core/index/index.go:288.17,290.3 1 4
github.com/Ashes47/braids/internal/core/index/index.go:291.2,293.27 3 7
github.com/Ashes47/braids/internal/core/index/index.go:293.27,295.3 1 8
github.com/Ashes47/braids/internal/core/index/index.go:296.2,296.34 1 7
github.com/Ashes47/braids/cmd/braids/main.go:46.13,47.52 1 0
github.com/Ashes47/braids/cmd/braids/main.go:47.52,50.3 2 0
github.com/Ashes47/braids/cmd/braids/main.go:53.44,55.20 2 16
github.com/Ashes47/braids/cmd/braids/main.go:55.20,58.3 2 1
github.com/Ashes47/braids/cmd/braids/main.go:59.2,59.17 1 15
github.com/Ashes47/braids/cmd/braids/main.go:60.15,61.33 1 3
github.com/Ashes47/braids/cmd/braids/main.go:62.16,63.34 1 8
github.com/Ashes47/braids/cmd/braids/main.go:64.15,65.33 1 1
github.com/Ashes47/braids/cmd/braids/main.go:66.17,68.19 2 0
github.com/Ashes47/braids/cmd/braids/main.go:69.30,71.19 2 2
github.com/Ashes47/braids/cmd/braids/main.go:72.10,73.70 1 1
github.com/Ashes47/braids/cmd/braids/main.go:81.67,83.6 2 8
github.com/Ashes47/braids/cmd/braids/main.go:83.6,84.40 1 16
github.com/Ashes47/braids/cmd/braids/main.go:84.40,86.4 1 0
github.com/Ashes47/braids/cmd/braids/main.go:87.3,88.21 2 16
github.com/Ashes47/braids/cmd/braids/main.go:88.21,90.4 1 8
github.com/Ashes47/braids/cmd/braids/main.go:91.3,92.18 2 8
github.com/Ashes47/braids/cmd/braids/main.go:97.34,98.42 1 0
github.com/Ashes47/braids/cmd/braids/main.go:98.42,100.3 1 0
github.com/Ashes47/braids/cmd/braids/main.go:101.2,102.16 2 0
github.com/Ashes47/braids/cmd/braids/main.go:102.16,104.3 1 0
github.com/Ashes47/braids/cmd/braids/main.go:105.2,106.48 2 0
github.com/Ashes47/braids/cmd/braids/main.go:106.48,108.3 1 0
github.com/Ashes47/braids/cmd/braids/main.go:109.2,109.44 1 0
github.com/Ashes47/braids/cmd/braids/main.go:113.53,115.16 2 10
github.com/Ashes47/braids/cmd/braids/main.go:115.16,117.42 2 0
github.com/Ashes47/braids/cmd/braids/main.go:117.42,119.4 1 0
github.com/Ashes47/braids/cmd/braids/main.go:121.2,121.25 1 10
github.com/Ashes47/braids/cmd/braids/main.go:124.50,129.39 5 3
github.com/Ashes47/braids/cmd/braids/main.go:129.39,131.3 1 0
github.com/Ashes47/braids/cmd/braids/main.go:133.2,134.15 2 3
github.com/Ashes47/braids/cmd/braids/main.go:134.15,136.54 2 0
github.com/Ashes47/braids/cmd/braids/main.go:136.54,138.4 1 0
github.com/Ashes47/braids/cmd/braids/main.go:140.2,141.16 2 3
github.com/Ashes47/braids/cmd/braids/main.go:141.16,143.3 1 0
github.com/Ashes47/braids/cmd/braids/main.go:144.2,147.16 3 3
github.com/Ashes47/braids/cmd/braids/main.go:147.16,149.3 1 0
github.com/Ashes47/braids/cmd/braids/main.go:150.2,152.18 2 3
github.com/Ashes47/braids/cmd/braids/main.go:155.51,163.16 8 8
github.com/Ashes47/braids/cmd/braids/main.go:163.16,165.3 1 0
github.com/Ashes47/braids/cmd/braids/main.go:166.2,167.36 2 8
github.com/Ashes47/braids/cmd/braids/main.go:167.36,169.3 1 1
github.com/Ashes47/braids/cmd/braids/main.go:170.2,171.16 2 7
github.com/Ashes47/braids/cmd/braids/main.go:171.16,173.3 1 1
github.com/Ashes47/braids/cmd/braids/main.go:175.2,176.16 2 6
github.com/Ashes47/braids/cmd/braids/main.go:176.16,178.3 1 0
github.com/Ashes47/braids/cmd/braids/main.go:179.2,184.16 4 6
github.com/Ashes47/braids/cmd/braids/main.go:184.16,186.3 1 0
github.com/Ashes47/braids/cmd/braids/main.go:187.2,187.20 1 6
github.com/Ashes47/braids/cmd/braids/main.go:187.20,190.3 2 1
github.com/Ashes47/braids/cmd/braids/main.go:192.2,193.25 2 5
github.com/Ashes47/braids/cmd/braids/main.go:193.25,195.92 1 7
github.com/Ashes47/braids/cmd/braids/main.go:195.92,197.4 1 0
github.com/Ashes47/braids/cmd/braids/main.go:199.2,199.35 1 5
github.com/Ashes47/braids/cmd/braids/main.go:199.35,201.3 1 0
github.com/Ashes47/braids/cmd/braids/main.go:202.2,203.18 2 5
github.com/Ashes47/braids/cmd/braids/main.go:206.50,210.39 4 1
github.com/Ashes47/braids/cmd/braids/main.go:210.39,212.3 1 0
github.com/Ashes47/braids/cmd/braids/main.go:213.2,214.16 2 1
github.com/Ashes47/braids/cmd/braids/main.go:214.16,216.3 1 0
github.com/Ashes47/braids/cmd/braids/main.go:217.2,220.16 3 1
github.com/Ashes47/braids/cmd/braids/main.go:220.16,222.3 1 0
github.com/Ashes47/braids/cmd/braids/main.go:223.2,223.21 1 1
github.com/Ashes47/braids/cmd/braids/main.go:223.21,226.3 2 0
github.com/Ashes47/braids/cmd/braids/main.go:227.2,229.26 3 1
github.com/Ashes47/braids/cmd/braids/main.go:229.26,232.3 1 1
github.com/Ashes47/braids/cmd/braids/main.go:233.2,233.25 1 1
github.com/Ashes47/braids/cmd/braids/main.go:233.25,234.48 1 2
github.com/Ashes47/braids/cmd/braids/main.go:234.48,236.4 1 0
github.com/Ashes47/braids/cmd/braids/main.go:238.2,238.35 1 1
github.com/Ashes47/braids/cmd/braids/main.go:238.35,240.3 1 0
github.com/Ashes47/braids/cmd/braids/main.go:241.2,242.18 2 1
github.com/Ashes47/braids/cmd/braids/main.go:247.53,248.32 1 9
github.com/Ashes47/braids/cmd/braids/main.go:248.32,250.3 1 6
github.com/Ashes47/braids/cmd/braids/main.go:251.2,258.44 3 3
github.com/Ashes47/braids/cmd/braids/main.go:258.44,260.17 2 4
github.com/Ashes47/braids/cmd/braids/main.go:260.17,261.12 1 0
github.com/Ashes47/braids/cmd/braids/main.go:263.3,264.10 2 4
github.com/Ashes47/braids/cmd/braids/main.go:264.10,266.4 1 1
github.com/Ashes47/braids/cmd/braids/main.go:267.3,267.27 1 3
github.com/Ashes47/braids/cmd/braids/main.go:269.2,269.19 1 2
github.com/Ashes47/braids/cmd/braids/main.go:272.36,273.23 1 7
github.com/Ashes47/braids/cmd/braids/main.go:273.23,275.3 1 7
github.com/Ashes47/braids/cmd/braids/main.go:276.2,276.26 1 0
github.com/Ashes47/braids/cmd/braids/main.go:279.36,280.49 1 7
github.com/Ashes47/braids/cmd/braids/main.go:280.49,282.3 1 5
github.com/Ashes47/braids/cmd/braids/main.go:283.2,283.23 1 2
github.com/Ashes47/braids/cmd/braids/main.go:286.32,286.58 1 1
github.com/Ashes47/braids/cmd/braids/main.go:288.31,290.2 1 7
github.com/Ashes47/braids/cmd/braids/main.go:292.39,294.17 2 23
github.com/Ashes47/braids/cmd/braids/main.go:294.17,296.3 1 21
github.com/Ashes47/braids/cmd/braids/main.go:297.2,297.12 1 2
github.com/Ashes47/braids/cmd/braids/main.go:297.12,299.3 1 0
github.com/Ashes47/braids/cmd/braids/main.go:300.2,300.32 1 2
github.com/Ashes47/braids/cmd/braids/print.go:20.39,20.64 1 16
github.com/Ashes47/braids/cmd/braids/print.go:23.48,24.18 1 82
github.com/Ashes47/braids/cmd/braids/print.go:24.18,26.3 1 0
github.com/Ashes47/braids/cmd/braids/print.go:27.2,28.16 2 82
github.com/Ashes47/braids/cmd/braids/print.go:28.16,30.3 1 0
github.com/Ashes47/braids/cmd/braids/print.go:31.2,31.15 1 82
github.com/Ashes47/braids/cmd/braids/print.go:34.51,35.18 1 13
github.com/Ashes47/braids/cmd/braids/print.go:35.18,37.3 1 13
github.com/Ashes47/braids/cmd/braids/print.go:41.31,41.47 1 13
